[I 2025-08-06 01:22:49,934] Trial 18 finished with value: 0.9038984443169036 and parameters: {'n_d': 35, 'n_a': 41, 'n_steps': 5, 'gamma': 1.364318289109042, 'lambda_sparse': 0.0018532655468515636, 'lr': 0.008801175883185307, 'weight_decay': 4.206235565375375e-06}. Best is trial 15 with value: 0.9132077981611056.
/work/dlclarge2/latifajr-dl_lab_project/autoML/automl-exam-ss25-tabular-freiburg-template/automl-tabular-env/lib/python3.10/site-packages/pytorch_tabnet/callbacks.py:172: UserWarning: Best weights from best epoch are automatically used!
  warnings.warn(wrn_msg)
[I 2025-08-06 01:23:16,550] Trial 19 finished with value: 0.9110866224759109 and parameters: {'n_d': 22, 'n_a': 43, 'n_steps': 3, 'gamma': 1.1410466351876185, 'lambda_sparse': 1.2057900134459457e-05, 'lr': 0.07666663636911845, 'weight_decay': 1.380873151054435e-05}. Best is trial 15 with value: 0.9132077981611056.
/work/dlclarge2/latifajr-dl_lab_project/autoML/automl-exam-ss25-tabular-freiburg-template/automl-tabular-env/lib/python3.10/site-packages/pytorch_tabnet/callbacks.py:172: UserWarning: Best weights from best epoch are automatically used!
  warnings.warn(wrn_msg)
[I 2025-08-06 01:24:07,034] A new study created in memory with name: no-name-d569a746-f3be-4d71-936f-abcc658937f3
/work/dlclarge2/latifajr-dl_lab_project/autoML/automl-exam-ss25-tabular-freiburg-template/automl-tabular-env/lib/python3.10/site-packages/pytorch_tabnet/callbacks.py:172: UserWarning: Best weights from best epoch are automatically used!
  warnings.warn(wrn_msg)
[I 2025-08-06 01:24:46,569] Trial 0 finished with value: 0.9108108890664759 and parameters: {'n_d': 26, 'n_a': 41, 'n_steps': 7, 'gamma': 1.1028471941949192, 'lambda_sparse': 7.5782054141326e-05, 'lr': 0.0840453790385555, 'weight_decay': 6.567559508541765e-06}. Best is trial 0 with value: 0.9108108890664759.
/work/dlclarge2/latifajr-dl_lab_project/autoML/automl-exam-ss25-tabular-freiburg-template/automl-tabular-env/lib/python3.10/site-packages/pytorch_tabnet/callbacks.py:172: UserWarning: Best weights from best epoch are automatically used!
  warnings.warn(wrn_msg)
[I 2025-08-06 01:25:42,118] Trial 1 finished with value: 0.7928148953755279 and parameters: {'n_d': 26, 'n_a': 31, 'n_steps': 8, 'gamma': 1.563378758747536, 'lambda_sparse': 0.00131547731977834, 'lr': 0.008468771754178562, 'weight_decay': 0.00015474800723506125}. Best is trial 0 with value: 0.9108108890664759.
/work/dlclarge2/latifajr-dl_lab_project/autoML/automl-exam-ss25-tabular-freiburg-template/automl-tabular-env/lib/python3.10/site-packages/pytorch_tabnet/callbacks.py:172: UserWarning: Best weights from best epoch are automatically used!
  warnings.warn(wrn_msg)
[I 2025-08-06 01:26:40,210] Trial 2 finished with value: 0.8152665854288772 and parameters: {'n_d': 45, 'n_a': 16, 'n_steps': 8, 'gamma': 1.6591325255766032, 'lambda_sparse': 4.041847494496589e-05, 'lr': 0.02068699162519316, 'weight_decay': 3.430502606593111e-06}. Best is trial 0 with value: 0.9108108890664759.
/work/dlclarge2/latifajr-dl_lab_project/autoML/automl-exam-ss25-tabular-freiburg-template/automl-tabular-env/lib/python3.10/site-packages/pytorch_tabnet/callbacks.py:172: UserWarning: Best weights from best epoch are automatically used!
  warnings.warn(wrn_msg)
[I 2025-08-06 01:27:41,118] Trial 3 finished with value: 0.33574980446800506 and parameters: {'n_d': 61, 'n_a': 13, 'n_steps': 9, 'gamma': 1.2592188366694754, 'lambda_sparse': 2.9273506815719596e-05, 'lr': 0.0003155051785881957, 'weight_decay': 0.00018973849673732437}. Best is trial 0 with value: 0.9108108890664759.
/work/dlclarge2/latifajr-dl_lab_project/autoML/automl-exam-ss25-tabular-freiburg-template/automl-tabular-env/lib/python3.10/site-packages/pytorch_tabnet/callbacks.py:172: UserWarning: Best weights from best epoch are automatically used!
  warnings.warn(wrn_msg)
[I 2025-08-06 01:28:38,463] Trial 4 finished with value: 0.8557093943829048 and parameters: {'n_d': 31, 'n_a': 38, 'n_steps': 10, 'gamma': 1.125564801687078, 'lambda_sparse': 0.0015796485586028136, 'lr': 0.09086912059552657, 'weight_decay': 0.0003538653778407303}. Best is trial 0 with value: 0.9108108890664759.
/work/dlclarge2/latifajr-dl_lab_project/autoML/automl-exam-ss25-tabular-freiburg-template/automl-tabular-env/lib/python3.10/site-packages/pytorch_tabnet/callbacks.py:172: UserWarning: Best weights from best epoch are automatically used!
  warnings.warn(wrn_msg)
[I 2025-08-06 01:29:11,275] Trial 5 finished with value: 0.5514565405829597 and parameters: {'n_d': 56, 'n_a': 37, 'n_steps': 4, 'gamma': 1.7388554196123047, 'lambda_sparse': 0.00024932561603234173, 'lr': 0.00021719966256681628, 'weight_decay': 6.558306459174168e-06}. Best is trial 0 with value: 0.9108108890664759.
/work/dlclarge2/latifajr-dl_lab_project/autoML/automl-exam-ss25-tabular-freiburg-template/automl-tabular-env/lib/python3.10/site-packages/pytorch_tabnet/callbacks.py:172: UserWarning: Best weights from best epoch are automatically used!
  warnings.warn(wrn_msg)
[I 2025-08-06 01:30:13,507] Trial 6 finished with value: 0.32294202761457 and parameters: {'n_d': 29, 'n_a': 59, 'n_steps': 9, 'gamma': 1.5271939946759736, 'lambda_sparse': 0.003451847295295331, 'lr': 0.0002602623941307719, 'weight_decay': 3.5585132711674278e-06}. Best is trial 0 with value: 0.9108108890664759.
/work/dlclarge2/latifajr-dl_lab_project/autoML/automl-exam-ss25-tabular-freiburg-template/automl-tabular-env/lib/python3.10/site-packages/pytorch_tabnet/callbacks.py:172: UserWarning: Best weights from best epoch are automatically used!
  warnings.warn(wrn_msg)
[I 2025-08-06 01:30:59,026] Trial 7 finished with value: 0.17516485296801265 and parameters: {'n_d': 24, 'n_a': 19, 'n_steps': 6, 'gamma': 1.6147206132316407, 'lambda_sparse': 0.000250709461491053, 'lr': 0.00014275318824388472, 'weight_decay': 0.00011372058932522556}. Best is trial 0 with value: 0.9108108890664759.
/work/dlclarge2/latifajr-dl_lab_project/autoML/automl-exam-ss25-tabular-freiburg-template/automl-tabular-env/lib/python3.10/site-packages/pytorch_tabnet/callbacks.py:172: UserWarning: Best weights from best epoch are automatically used!
  warnings.warn(wrn_msg)
[I 2025-08-06 01:31:37,850] Trial 8 finished with value: 0.8585074097067857 and parameters: {'n_d': 11, 'n_a': 38, 'n_steps': 7, 'gamma': 1.3788670035730428, 'lambda_sparse': 0.0008521587492034265, 'lr': 0.016566675910491987, 'weight_decay': 2.0793443522996333e-06}. Best is trial 0 with value: 0.9108108890664759.
/work/dlclarge2/latifajr-dl_lab_project/autoML/automl-exam-ss25-tabular-freiburg-template/automl-tabular-env/lib/python3.10/site-packages/pytorch_tabnet/callbacks.py:172: UserWarning: Best weights from best epoch are automatically used!
  warnings.warn(wrn_msg)
[I 2025-08-06 01:32:12,409] Trial 9 finished with value: 0.8448453229050075 and parameters: {'n_d': 54, 'n_a': 17, 'n_steps': 8, 'gamma': 1.2384606015901527, 'lambda_sparse': 0.004880418177213147, 'lr': 0.03391765939526643, 'weight_decay': 0.0009522259853320542}. Best is trial 0 with value: 0.9108108890664759.
/work/dlclarge2/latifajr-dl_lab_project/autoML/automl-exam-ss25-tabular-freiburg-template/automl-tabular-env/lib/python3.10/site-packages/pytorch_tabnet/callbacks.py:172: UserWarning: Best weights from best epoch are automatically used!
  warnings.warn(wrn_msg)
[I 2025-08-06 01:32:40,369] Trial 10 finished with value: 0.8421902302109485 and parameters: {'n_d': 10, 'n_a': 58, 'n_steps': 3, 'gamma': 1.9921183848227946, 'lambda_sparse': 7.448909024590825e-05, 'lr': 0.0020929825734071067, 'weight_decay': 1.8875919627553712e-05}. Best is trial 0 with value: 0.9108108890664759.
/work/dlclarge2/latifajr-dl_lab_project/autoML/automl-exam-ss25-tabular-freiburg-template/automl-tabular-env/lib/python3.10/site-packages/pytorch_tabnet/callbacks.py:172: UserWarning: Best weights from best epoch are automatically used!
  warnings.warn(wrn_msg)
[I 2025-08-06 01:33:28,719] Trial 11 finished with value: 0.8929124684635662 and parameters: {'n_d': 8, 'n_a': 47, 'n_steps': 6, 'gamma': 1.3399471665834568, 'lambda_sparse': 1.1891045963450773e-05, 'lr': 0.06905810687334792, 'weight_decay': 1.3338035295076534e-06}. Best is trial 0 with value: 0.9108108890664759.
/work/dlclarge2/latifajr-dl_lab_project/autoML/automl-exam-ss25-tabular-freiburg-template/automl-tabular-env/lib/python3.10/site-packages/pytorch_tabnet/callbacks.py:172: UserWarning: Best weights from best epoch are automatically used!
  warnings.warn(wrn_msg)
[I 2025-08-06 01:34:06,695] Trial 12 finished with value: 0.9067312333360509 and parameters: {'n_d': 18, 'n_a': 50, 'n_steps': 5, 'gamma': 1.0227805160672796, 'lambda_sparse': 1.0305316939134641e-05, 'lr': 0.0970866280767165, 'weight_decay': 1.0486382810987245e-06}. Best is trial 0 with value: 0.9108108890664759.
/work/dlclarge2/latifajr-dl_lab_project/autoML/automl-exam-ss25-tabular-freiburg-template/automl-tabular-env/lib/python3.10/site-packages/pytorch_tabnet/callbacks.py:172: UserWarning: Best weights from best epoch are automatically used!
  warnings.warn(wrn_msg)
[I 2025-08-06 01:34:46,458] Trial 13 finished with value: 0.9108511665518123 and parameters: {'n_d': 19, 'n_a': 51, 'n_steps': 5, 'gamma': 1.019192078331455, 'lambda_sparse': 1.2328119305760117e-05, 'lr': 0.003149586124012648, 'weight_decay': 1.9524816730846573e-05}. Best is trial 13 with value: 0.9108511665518123.
/work/dlclarge2/latifajr-dl_lab_project/autoML/automl-exam-ss25-tabular-freiburg-template/automl-tabular-env/lib/python3.10/site-packages/pytorch_tabnet/callbacks.py:172: UserWarning: Best weights from best epoch are automatically used!
  warnings.warn(wrn_msg)
[I 2025-08-06 01:35:26,351] Trial 14 finished with value: 0.9024163421371516 and parameters: {'n_d': 35, 'n_a': 48, 'n_steps': 5, 'gamma': 1.0326292016210323, 'lambda_sparse': 9.402390153890671e-05, 'lr': 0.0023742681736301746, 'weight_decay': 2.2459719417281776e-05}. Best is trial 13 with value: 0.9108511665518123.
/work/dlclarge2/latifajr-dl_lab_project/autoML/automl-exam-ss25-tabular-freiburg-template/automl-tabular-env/lib/python3.10/site-packages/pytorch_tabnet/callbacks.py:172: UserWarning: Best weights from best epoch are automatically used!
  warnings.warn(wrn_msg)
[I 2025-08-06 01:36:09,533] Trial 15 finished with value: 0.8010712707785153 and parameters: {'n_d': 19, 'n_a': 27, 'n_steps': 5, 'gamma': 1.160716742372557, 'lambda_sparse': 2.6446442668361498e-05, 'lr': 0.0008950356590444926, 'weight_decay': 1.0899971251596695e-05}. Best is trial 13 with value: 0.9108511665518123.
/work/dlclarge2/latifajr-dl_lab_project/autoML/automl-exam-ss25-tabular-freiburg-template/automl-tabular-env/lib/python3.10/site-packages/pytorch_tabnet/callbacks.py:172: UserWarning: Best weights from best epoch are automatically used!
  warnings.warn(wrn_msg)
[I 2025-08-06 01:36:51,602] Trial 16 finished with value: 0.9151488163808957 and parameters: {'n_d': 41, 'n_a': 64, 'n_steps': 3, 'gamma': 1.0055237350911466, 'lambda_sparse': 8.58933188375313e-05, 'lr': 0.006379374163713983, 'weight_decay': 5.686305786346456e-05}. Best is trial 16 with value: 0.9151488163808957.
/work/dlclarge2/latifajr-dl_lab_project/autoML/automl-exam-ss25-tabular-freiburg-template/automl-tabular-env/lib/python3.10/site-packages/pytorch_tabnet/callbacks.py:172: UserWarning: Best weights from best epoch are automatically used!
  warnings.warn(wrn_msg)
[I 2025-08-06 01:37:25,927] Trial 17 finished with value: 0.9193001064499184 and parameters: {'n_d': 43, 'n_a': 64, 'n_steps': 3, 'gamma': 1.4278210639201494, 'lambda_sparse': 0.00015076900843215846, 'lr': 0.0060313849598134, 'weight_decay': 5.5192214729251323e-05}. Best is trial 17 with value: 0.9193001064499184.
/work/dlclarge2/latifajr-dl_lab_project/autoML/automl-exam-ss25-tabular-freiburg-template/automl-tabular-env/lib/python3.10/site-packages/pytorch_tabnet/callbacks.py:172: UserWarning: Best weights from best epoch are automatically used!
  warnings.warn(wrn_msg)
[I 2025-08-06 01:37:53,958] Trial 18 finished with value: 0.8995007786960364 and parameters: {'n_d': 43, 'n_a': 64, 'n_steps': 3, 'gamma': 1.8879901405485287, 'lambda_sparse': 0.0003913610470604516, 'lr': 0.007078450962407861, 'weight_decay': 6.690204707904565e-05}. Best is trial 17 with value: 0.9193001064499184.
/work/dlclarge2/latifajr-dl_lab_project/autoML/automl-exam-ss25-tabular-freiburg-template/automl-tabular-env/lib/python3.10/site-packages/pytorch_tabnet/callbacks.py:172: UserWarning: Best weights from best epoch are automatically used!
  warnings.warn(wrn_msg)
[I 2025-08-06 01:38:27,756] Trial 19 finished with value: 0.8714933290102849 and parameters: {'n_d': 43, 'n_a': 64, 'n_steps': 4, 'gamma': 1.4406410192698778, 'lambda_sparse': 0.00011775976305596151, 'lr': 0.0012133201549467613, 'weight_decay': 5.158432446177662e-05}. Best is trial 17 with value: 0.9193001064499184.
/work/dlclarge2/latifajr-dl_lab_project/autoML/automl-exam-ss25-tabular-freiburg-template/automl-tabular-env/lib/python3.10/site-packages/pytorch_tabnet/callbacks.py:172: UserWarning: Best weights from best epoch are automatically used!
  warnings.warn(wrn_msg)
2025-08-06 01:39:11 [INFO] TabNet →      /work/dlclarge2/latifajr-dl_lab_project/autoML/automl-exam-ss25-tabular-freiburg-template/modelsFinal-bike_sharing_demand_rona/tabnet (mean R²=0.9181)
2025-08-06 01:39:11 [INFO] Ensemble weights: TabPFN=0.337, Tree=0.335, TabNet=0.328
2025-08-06 01:39:11 [INFO] Loading individual models into memory...
/work/dlclarge2/latifajr-dl_lab_project/autoML/automl-exam-ss25-tabular-freiburg-template/automl-tabular-env/lib/python3.10/site-packages/pytorch_tabnet/abstract_model.py:82: UserWarning: Device used : cuda
  warnings.warn(f"Device used : {self.device}")
2025-08-06 01:39:15 [INFO] Saved weighted ensemble to /work/dlclarge2/latifajr-dl_lab_project/autoML/automl-exam-ss25-tabular-freiburg-template/modelsFinal-bike_sharing_demand_rona/final_model.pkl
