[I 2025-08-05 23:23:04,258] Trial 13 finished with value: 0.8378752249650072 and parameters: {'n_d': 11, 'n_a': 9, 'n_steps': 10, 'gamma': 1.0055019013132631, 'lambda_sparse': 0.0012489409152759599, 'lr': 0.0025178061483784446, 'weight_decay': 2.326101104950842e-05}. Best is trial 8 with value: 0.9196555249619764.
/work/dlclarge2/latifajr-dl_lab_project/autoML/automl-exam-ss25-tabular-freiburg-template/automl-tabular-env/lib/python3.10/site-packages/pytorch_tabnet/callbacks.py:172: UserWarning: Best weights from best epoch are automatically used!
  warnings.warn(wrn_msg)
[I 2025-08-05 23:24:12,819] Trial 14 finished with value: 0.6974761864834353 and parameters: {'n_d': 28, 'n_a': 48, 'n_steps': 8, 'gamma': 1.5685320605511477, 'lambda_sparse': 0.008615756035360066, 'lr': 0.005281483146764807, 'weight_decay': 1.0321208035385903e-05}. Best is trial 8 with value: 0.9196555249619764.
/work/dlclarge2/latifajr-dl_lab_project/autoML/automl-exam-ss25-tabular-freiburg-template/automl-tabular-env/lib/python3.10/site-packages/pytorch_tabnet/callbacks.py:172: UserWarning: Best weights from best epoch are automatically used!
  warnings.warn(wrn_msg)
[I 2025-08-05 23:24:54,974] Trial 15 finished with value: 0.9134643030464501 and parameters: {'n_d': 54, 'n_a': 59, 'n_steps': 3, 'gamma': 1.2066723206113217, 'lambda_sparse': 1.4606758210754066e-05, 'lr': 0.09693132060527541, 'weight_decay': 4.450214599177705e-05}. Best is trial 8 with value: 0.9196555249619764.
/work/dlclarge2/latifajr-dl_lab_project/autoML/automl-exam-ss25-tabular-freiburg-template/automl-tabular-env/lib/python3.10/site-packages/pytorch_tabnet/callbacks.py:172: UserWarning: Best weights from best epoch are automatically used!
  warnings.warn(wrn_msg)
[I 2025-08-05 23:25:21,833] Trial 16 finished with value: 0.8632019228937335 and parameters: {'n_d': 53, 'n_a': 64, 'n_steps': 3, 'gamma': 1.2982658450673785, 'lambda_sparse': 1.1821222235628635e-05, 'lr': 0.09024780025800257, 'weight_decay': 8.818270502873167e-05}. Best is trial 8 with value: 0.9196555249619764.
/work/dlclarge2/latifajr-dl_lab_project/autoML/automl-exam-ss25-tabular-freiburg-template/automl-tabular-env/lib/python3.10/site-packages/pytorch_tabnet/callbacks.py:172: UserWarning: Best weights from best epoch are automatically used!
  warnings.warn(wrn_msg)
[I 2025-08-05 23:26:10,454] Trial 17 finished with value: 0.9070948898265816 and parameters: {'n_d': 54, 'n_a': 58, 'n_steps': 4, 'gamma': 1.6965728906027655, 'lambda_sparse': 2.8903754758548938e-05, 'lr': 0.03616818593127528, 'weight_decay': 9.104830251842348e-05}. Best is trial 8 with value: 0.9196555249619764.
/work/dlclarge2/latifajr-dl_lab_project/autoML/automl-exam-ss25-tabular-freiburg-template/automl-tabular-env/lib/python3.10/site-packages/pytorch_tabnet/callbacks.py:172: UserWarning: Best weights from best epoch are automatically used!
  warnings.warn(wrn_msg)
[I 2025-08-05 23:26:58,358] Trial 18 finished with value: 0.9100366355079031 and parameters: {'n_d': 10, 'n_a': 42, 'n_steps': 5, 'gamma': 1.4952456449404359, 'lambda_sparse': 2.8340883580854787e-05, 'lr': 0.030607647323536245, 'weight_decay': 5.926711242927116e-05}. Best is trial 8 with value: 0.9196555249619764.
/work/dlclarge2/latifajr-dl_lab_project/autoML/automl-exam-ss25-tabular-freiburg-template/automl-tabular-env/lib/python3.10/site-packages/pytorch_tabnet/callbacks.py:172: UserWarning: Best weights from best epoch are automatically used!
  warnings.warn(wrn_msg)
[I 2025-08-05 23:27:30,222] Trial 19 finished with value: 0.8784859089526329 and parameters: {'n_d': 29, 'n_a': 44, 'n_steps': 3, 'gamma': 1.1248912836336606, 'lambda_sparse': 5.5013994196235195e-05, 'lr': 0.0011714068736767983, 'weight_decay': 5.73637346473077e-06}. Best is trial 8 with value: 0.9196555249619764.
/work/dlclarge2/latifajr-dl_lab_project/autoML/automl-exam-ss25-tabular-freiburg-template/automl-tabular-env/lib/python3.10/site-packages/pytorch_tabnet/callbacks.py:172: UserWarning: Best weights from best epoch are automatically used!
  warnings.warn(wrn_msg)
[I 2025-08-05 23:27:58,807] A new study created in memory with name: no-name-d6721d77-87cd-4d4d-a66f-a000e6b2d7d3
/work/dlclarge2/latifajr-dl_lab_project/autoML/automl-exam-ss25-tabular-freiburg-template/automl-tabular-env/lib/python3.10/site-packages/pytorch_tabnet/callbacks.py:172: UserWarning: Best weights from best epoch are automatically used!
  warnings.warn(wrn_msg)
[I 2025-08-05 23:28:56,271] Trial 0 finished with value: 0.48216949882723315 and parameters: {'n_d': 56, 'n_a': 17, 'n_steps': 8, 'gamma': 1.7982211957596084, 'lambda_sparse': 0.00014298983575049243, 'lr': 0.0007627385935400988, 'weight_decay': 0.00030325150887689336}. Best is trial 0 with value: 0.48216949882723315.
/work/dlclarge2/latifajr-dl_lab_project/autoML/automl-exam-ss25-tabular-freiburg-template/automl-tabular-env/lib/python3.10/site-packages/pytorch_tabnet/callbacks.py:172: UserWarning: Best weights from best epoch are automatically used!
  warnings.warn(wrn_msg)
[I 2025-08-05 23:29:47,412] Trial 1 finished with value: 0.9077156901568776 and parameters: {'n_d': 33, 'n_a': 16, 'n_steps': 7, 'gamma': 1.8608920303368306, 'lambda_sparse': 2.8956422369258087e-05, 'lr': 0.02965611674027827, 'weight_decay': 1.63906218243833e-05}. Best is trial 1 with value: 0.9077156901568776.
/work/dlclarge2/latifajr-dl_lab_project/autoML/automl-exam-ss25-tabular-freiburg-template/automl-tabular-env/lib/python3.10/site-packages/pytorch_tabnet/callbacks.py:172: UserWarning: Best weights from best epoch are automatically used!
  warnings.warn(wrn_msg)
[I 2025-08-05 23:30:21,192] Trial 2 finished with value: 0.8722540999804537 and parameters: {'n_d': 28, 'n_a': 21, 'n_steps': 5, 'gamma': 1.5480158348032846, 'lambda_sparse': 2.9476784326376355e-05, 'lr': 0.021441411728804417, 'weight_decay': 0.0002796426106957042}. Best is trial 1 with value: 0.9077156901568776.
/work/dlclarge2/latifajr-dl_lab_project/autoML/automl-exam-ss25-tabular-freiburg-template/automl-tabular-env/lib/python3.10/site-packages/pytorch_tabnet/callbacks.py:172: UserWarning: Best weights from best epoch are automatically used!
  warnings.warn(wrn_msg)
[I 2025-08-05 23:30:54,915] Trial 3 finished with value: 0.9033011082253726 and parameters: {'n_d': 23, 'n_a': 26, 'n_steps': 4, 'gamma': 1.3437451771621616, 'lambda_sparse': 0.0002428673851597796, 'lr': 0.016478012839801978, 'weight_decay': 2.631552081404096e-05}. Best is trial 1 with value: 0.9077156901568776.
/work/dlclarge2/latifajr-dl_lab_project/autoML/automl-exam-ss25-tabular-freiburg-template/automl-tabular-env/lib/python3.10/site-packages/pytorch_tabnet/callbacks.py:172: UserWarning: Best weights from best epoch are automatically used!
  warnings.warn(wrn_msg)
[I 2025-08-05 23:31:29,253] Trial 4 finished with value: 0.8649996749748347 and parameters: {'n_d': 55, 'n_a': 29, 'n_steps': 4, 'gamma': 1.5088519721527396, 'lambda_sparse': 0.004307471040534086, 'lr': 0.0013417964312874694, 'weight_decay': 2.10214538345072e-06}. Best is trial 1 with value: 0.9077156901568776.
/work/dlclarge2/latifajr-dl_lab_project/autoML/automl-exam-ss25-tabular-freiburg-template/automl-tabular-env/lib/python3.10/site-packages/pytorch_tabnet/callbacks.py:172: UserWarning: Best weights from best epoch are automatically used!
  warnings.warn(wrn_msg)
[I 2025-08-05 23:32:09,049] Trial 5 finished with value: 0.5754743504457833 and parameters: {'n_d': 8, 'n_a': 35, 'n_steps': 5, 'gamma': 1.912566498226565, 'lambda_sparse': 0.0008699108225465354, 'lr': 0.000665257055663987, 'weight_decay': 0.00011204054288230808}. Best is trial 1 with value: 0.9077156901568776.
/work/dlclarge2/latifajr-dl_lab_project/autoML/automl-exam-ss25-tabular-freiburg-template/automl-tabular-env/lib/python3.10/site-packages/pytorch_tabnet/callbacks.py:172: UserWarning: Best weights from best epoch are automatically used!
  warnings.warn(wrn_msg)
[I 2025-08-05 23:33:06,217] Trial 6 finished with value: 0.7849007470955522 and parameters: {'n_d': 37, 'n_a': 22, 'n_steps': 8, 'gamma': 1.6772294659909306, 'lambda_sparse': 1.3343765669315662e-05, 'lr': 0.008991165789961569, 'weight_decay': 9.725822321373437e-05}. Best is trial 1 with value: 0.9077156901568776.
/work/dlclarge2/latifajr-dl_lab_project/autoML/automl-exam-ss25-tabular-freiburg-template/automl-tabular-env/lib/python3.10/site-packages/pytorch_tabnet/callbacks.py:172: UserWarning: Best weights from best epoch are automatically used!
  warnings.warn(wrn_msg)
[I 2025-08-05 23:33:45,490] Trial 7 finished with value: 0.872857950203752 and parameters: {'n_d': 31, 'n_a': 43, 'n_steps': 5, 'gamma': 1.8071280822836333, 'lambda_sparse': 0.0006534395588658226, 'lr': 0.008738528135782674, 'weight_decay': 5.57877133549711e-05}. Best is trial 1 with value: 0.9077156901568776.
/work/dlclarge2/latifajr-dl_lab_project/autoML/automl-exam-ss25-tabular-freiburg-template/automl-tabular-env/lib/python3.10/site-packages/pytorch_tabnet/callbacks.py:172: UserWarning: Best weights from best epoch are automatically used!
  warnings.warn(wrn_msg)
[I 2025-08-05 23:34:31,027] Trial 8 finished with value: 0.8707576439528666 and parameters: {'n_d': 59, 'n_a': 49, 'n_steps': 6, 'gamma': 1.3028122613984991, 'lambda_sparse': 0.000524320176523257, 'lr': 0.015479142287447257, 'weight_decay': 7.036216770857055e-06}. Best is trial 1 with value: 0.9077156901568776.
/work/dlclarge2/latifajr-dl_lab_project/autoML/automl-exam-ss25-tabular-freiburg-template/automl-tabular-env/lib/python3.10/site-packages/pytorch_tabnet/callbacks.py:172: UserWarning: Best weights from best epoch are automatically used!
  warnings.warn(wrn_msg)
[I 2025-08-05 23:35:47,369] Trial 9 finished with value: -1.236166364332615 and parameters: {'n_d': 11, 'n_a': 37, 'n_steps': 10, 'gamma': 1.7841048963888588, 'lambda_sparse': 0.00993858592312918, 'lr': 0.0001356124162665449, 'weight_decay': 5.976260244800989e-06}. Best is trial 1 with value: 0.9077156901568776.
/work/dlclarge2/latifajr-dl_lab_project/autoML/automl-exam-ss25-tabular-freiburg-template/automl-tabular-env/lib/python3.10/site-packages/pytorch_tabnet/callbacks.py:172: UserWarning: Best weights from best epoch are automatically used!
  warnings.warn(wrn_msg)
[I 2025-08-05 23:36:31,116] Trial 10 finished with value: 0.8563095784440344 and parameters: {'n_d': 44, 'n_a': 8, 'n_steps': 8, 'gamma': 1.9995915147312744, 'lambda_sparse': 6.216078982597178e-05, 'lr': 0.09130355247217321, 'weight_decay': 0.0009860034344591744}. Best is trial 1 with value: 0.9077156901568776.
/work/dlclarge2/latifajr-dl_lab_project/autoML/automl-exam-ss25-tabular-freiburg-template/automl-tabular-env/lib/python3.10/site-packages/pytorch_tabnet/callbacks.py:172: UserWarning: Best weights from best epoch are automatically used!
  warnings.warn(wrn_msg)
[I 2025-08-05 23:37:05,989] Trial 11 finished with value: 0.9201958797329377 and parameters: {'n_d': 19, 'n_a': 61, 'n_steps': 3, 'gamma': 1.0067391166966217, 'lambda_sparse': 0.0001336428628593549, 'lr': 0.054185196218520755, 'weight_decay': 1.6974931195907073e-05}. Best is trial 11 with value: 0.9201958797329377.
/work/dlclarge2/latifajr-dl_lab_project/autoML/automl-exam-ss25-tabular-freiburg-template/automl-tabular-env/lib/python3.10/site-packages/pytorch_tabnet/callbacks.py:172: UserWarning: Best weights from best epoch are automatically used!
  warnings.warn(wrn_msg)
[I 2025-08-05 23:37:24,226] Trial 12 finished with value: 0.896948195470772 and parameters: {'n_d': 19, 'n_a': 63, 'n_steps': 3, 'gamma': 1.031312854673616, 'lambda_sparse': 7.735641851986802e-05, 'lr': 0.07268295964053388, 'weight_decay': 1.8230860267686222e-05}. Best is trial 11 with value: 0.9201958797329377.
/work/dlclarge2/latifajr-dl_lab_project/autoML/automl-exam-ss25-tabular-freiburg-template/automl-tabular-env/lib/python3.10/site-packages/pytorch_tabnet/callbacks.py:172: UserWarning: Best weights from best epoch are automatically used!
  warnings.warn(wrn_msg)
[I 2025-08-05 23:38:13,493] Trial 13 finished with value: 0.9223522229082657 and parameters: {'n_d': 41, 'n_a': 63, 'n_steps': 7, 'gamma': 1.00961343699665, 'lambda_sparse': 1.3187372279631267e-05, 'lr': 0.04277915428305283, 'weight_decay': 9.687787690054491e-06}. Best is trial 13 with value: 0.9223522229082657.
/work/dlclarge2/latifajr-dl_lab_project/autoML/automl-exam-ss25-tabular-freiburg-template/automl-tabular-env/lib/python3.10/site-packages/pytorch_tabnet/callbacks.py:172: UserWarning: Best weights from best epoch are automatically used!
  warnings.warn(wrn_msg)
[I 2025-08-05 23:39:19,936] Trial 14 finished with value: 0.8994084274459794 and parameters: {'n_d': 45, 'n_a': 63, 'n_steps': 10, 'gamma': 1.0163634735429568, 'lambda_sparse': 1.0572841192737897e-05, 'lr': 0.003261908969812419, 'weight_decay': 1.0841181404356092e-06}. Best is trial 13 with value: 0.9223522229082657.
/work/dlclarge2/latifajr-dl_lab_project/autoML/automl-exam-ss25-tabular-freiburg-template/automl-tabular-env/lib/python3.10/site-packages/pytorch_tabnet/callbacks.py:172: UserWarning: Best weights from best epoch are automatically used!
  warnings.warn(wrn_msg)
[I 2025-08-05 23:40:09,230] Trial 15 finished with value: 0.9102839245504122 and parameters: {'n_d': 43, 'n_a': 53, 'n_steps': 7, 'gamma': 1.196684159929509, 'lambda_sparse': 0.0027824366331045272, 'lr': 0.048534613161970844, 'weight_decay': 7.53842553688991e-06}. Best is trial 13 with value: 0.9223522229082657.
/work/dlclarge2/latifajr-dl_lab_project/autoML/automl-exam-ss25-tabular-freiburg-template/automl-tabular-env/lib/python3.10/site-packages/pytorch_tabnet/callbacks.py:172: UserWarning: Best weights from best epoch are automatically used!
  warnings.warn(wrn_msg)
[I 2025-08-05 23:40:35,893] Trial 16 finished with value: 0.9134906476585032 and parameters: {'n_d': 18, 'n_a': 55, 'n_steps': 3, 'gamma': 1.15380897992236, 'lambda_sparse': 3.281593126073704e-05, 'lr': 0.003661283801677541, 'weight_decay': 3.1926557809053775e-06}. Best is trial 13 with value: 0.9223522229082657.
/work/dlclarge2/latifajr-dl_lab_project/autoML/automl-exam-ss25-tabular-freiburg-template/automl-tabular-env/lib/python3.10/site-packages/pytorch_tabnet/callbacks.py:172: UserWarning: Best weights from best epoch are automatically used!
  warnings.warn(wrn_msg)
[I 2025-08-05 23:41:37,529] Trial 17 finished with value: 0.906614455547242 and parameters: {'n_d': 50, 'n_a': 55, 'n_steps': 9, 'gamma': 1.1130283828385052, 'lambda_sparse': 0.0001067256980881488, 'lr': 0.007779779541549732, 'weight_decay': 1.1208724018204165e-05}. Best is trial 13 with value: 0.9223522229082657.
/work/dlclarge2/latifajr-dl_lab_project/autoML/automl-exam-ss25-tabular-freiburg-template/automl-tabular-env/lib/python3.10/site-packages/pytorch_tabnet/callbacks.py:172: UserWarning: Best weights from best epoch are automatically used!
  warnings.warn(wrn_msg)
[I 2025-08-05 23:42:18,645] Trial 18 finished with value: 0.8884320162140221 and parameters: {'n_d': 26, 'n_a': 64, 'n_steps': 6, 'gamma': 1.3173088008631622, 'lambda_sparse': 0.0014273379363328646, 'lr': 0.04318148674358083, 'weight_decay': 3.519236400778542e-05}. Best is trial 13 with value: 0.9223522229082657.
/work/dlclarge2/latifajr-dl_lab_project/autoML/automl-exam-ss25-tabular-freiburg-template/automl-tabular-env/lib/python3.10/site-packages/pytorch_tabnet/callbacks.py:172: UserWarning: Best weights from best epoch are automatically used!
  warnings.warn(wrn_msg)
[I 2025-08-05 23:42:51,192] Trial 19 finished with value: 0.9193485376590652 and parameters: {'n_d': 38, 'n_a': 47, 'n_steps': 4, 'gamma': 1.4025083986958187, 'lambda_sparse': 0.0001591518326662303, 'lr': 0.09265399997486809, 'weight_decay': 3.6940404924966883e-06}. Best is trial 13 with value: 0.9223522229082657.
/work/dlclarge2/latifajr-dl_lab_project/autoML/automl-exam-ss25-tabular-freiburg-template/automl-tabular-env/lib/python3.10/site-packages/pytorch_tabnet/callbacks.py:172: UserWarning: Best weights from best epoch are automatically used!
  warnings.warn(wrn_msg)
[I 2025-08-05 23:43:44,311] A new study created in memory with name: no-name-f32f627d-b457-4663-a69c-13a6ab1c39e7
/work/dlclarge2/latifajr-dl_lab_project/autoML/automl-exam-ss25-tabular-freiburg-template/automl-tabular-env/lib/python3.10/site-packages/pytorch_tabnet/callbacks.py:172: UserWarning: Best weights from best epoch are automatically used!
  warnings.warn(wrn_msg)
[I 2025-08-05 23:44:11,382] Trial 0 finished with value: 0.693355413409492 and parameters: {'n_d': 15, 'n_a': 28, 'n_steps': 3, 'gamma': 1.8881131372584024, 'lambda_sparse': 0.0002009242464762025, 'lr': 0.0006006574941631068, 'weight_decay': 0.0005546040443940922}. Best is trial 0 with value: 0.693355413409492.
/work/dlclarge2/latifajr-dl_lab_project/autoML/automl-exam-ss25-tabular-freiburg-template/automl-tabular-env/lib/python3.10/site-packages/pytorch_tabnet/callbacks.py:172: UserWarning: Best weights from best epoch are automatically used!
  warnings.warn(wrn_msg)
[I 2025-08-05 23:44:54,887] Trial 1 finished with value: 0.9105136376956624 and parameters: {'n_d': 52, 'n_a': 18, 'n_steps': 6, 'gamma': 1.0681277683359571, 'lambda_sparse': 0.00010299057045229814, 'lr': 0.056561490854080666, 'weight_decay': 5.127174481529922e-05}. Best is trial 1 with value: 0.9105136376956624.
/work/dlclarge2/latifajr-dl_lab_project/autoML/automl-exam-ss25-tabular-freiburg-template/automl-tabular-env/lib/python3.10/site-packages/pytorch_tabnet/callbacks.py:172: UserWarning: Best weights from best epoch are automatically used!
  warnings.warn(wrn_msg)
[I 2025-08-05 23:46:02,159] Trial 2 finished with value: 0.2507700051441937 and parameters: {'n_d': 54, 'n_a': 13, 'n_steps': 10, 'gamma': 1.1669236057459869, 'lambda_sparse': 0.00031953819522959054, 'lr': 0.0003740623954071979, 'weight_decay': 0.00011408595874317631}. Best is trial 1 with value: 0.9105136376956624.
/work/dlclarge2/latifajr-dl_lab_project/autoML/automl-exam-ss25-tabular-freiburg-template/automl-tabular-env/lib/python3.10/site-packages/pytorch_tabnet/callbacks.py:172: UserWarning: Best weights from best epoch are automatically used!
  warnings.warn(wrn_msg)
[I 2025-08-05 23:46:34,783] Trial 3 finished with value: 0.9067694433135043 and parameters: {'n_d': 58, 'n_a': 64, 'n_steps': 4, 'gamma': 1.7018103408098637, 'lambda_sparse': 2.8487525855108484e-05, 'lr': 0.02156274014247349, 'weight_decay': 3.099155514720976e-06}. Best is trial 1 with value: 0.9105136376956624.
/work/dlclarge2/latifajr-dl_lab_project/autoML/automl-exam-ss25-tabular-freiburg-template/automl-tabular-env/lib/python3.10/site-packages/pytorch_tabnet/callbacks.py:172: UserWarning: Best weights from best epoch are automatically used!
  warnings.warn(wrn_msg)
[I 2025-08-05 23:47:25,856] Trial 4 finished with value: 0.884515797268524 and parameters: {'n_d': 8, 'n_a': 35, 'n_steps': 7, 'gamma': 1.8930847460691012, 'lambda_sparse': 7.638674751368527e-05, 'lr': 0.07008497937337455, 'weight_decay': 2.531608062266313e-06}. Best is trial 1 with value: 0.9105136376956624.
/work/dlclarge2/latifajr-dl_lab_project/autoML/automl-exam-ss25-tabular-freiburg-template/automl-tabular-env/lib/python3.10/site-packages/pytorch_tabnet/callbacks.py:172: UserWarning: Best weights from best epoch are automatically used!
  warnings.warn(wrn_msg)
[I 2025-08-05 23:48:31,353] Trial 5 finished with value: 0.833572298929983 and parameters: {'n_d': 17, 'n_a': 35, 'n_steps': 8, 'gamma': 1.6982880725183, 'lambda_sparse': 0.0008815094757498639, 'lr': 0.05792123323887133, 'weight_decay': 0.0005104442366025968}. Best is trial 1 with value: 0.9105136376956624.
/work/dlclarge2/latifajr-dl_lab_project/autoML/automl-exam-ss25-tabular-freiburg-template/automl-tabular-env/lib/python3.10/site-packages/pytorch_tabnet/callbacks.py:172: UserWarning: Best weights from best epoch are automatically used!
  warnings.warn(wrn_msg)
[I 2025-08-05 23:49:08,340] Trial 6 finished with value: 0.4357708498647984 and parameters: {'n_d': 57, 'n_a': 23, 'n_steps': 4, 'gamma': 1.8212538782220364, 'lambda_sparse': 2.1168942878068778e-05, 'lr': 0.0001493448547711873, 'weight_decay': 4.005865660634693e-05}. Best is trial 1 with value: 0.9105136376956624.
/work/dlclarge2/latifajr-dl_lab_project/autoML/automl-exam-ss25-tabular-freiburg-template/automl-tabular-env/lib/python3.10/site-packages/pytorch_tabnet/callbacks.py:172: UserWarning: Best weights from best epoch are automatically used!
  warnings.warn(wrn_msg)
[I 2025-08-05 23:50:00,499] Trial 7 finished with value: 0.8641475858357541 and parameters: {'n_d': 58, 'n_a': 15, 'n_steps': 7, 'gamma': 1.3789356583532875, 'lambda_sparse': 8.224831705016705e-05, 'lr': 0.020555783713445706, 'weight_decay': 8.690925016649822e-06}. Best is trial 1 with value: 0.9105136376956624.
/work/dlclarge2/latifajr-dl_lab_project/autoML/automl-exam-ss25-tabular-freiburg-template/automl-tabular-env/lib/python3.10/site-packages/pytorch_tabnet/callbacks.py:172: UserWarning: Best weights from best epoch are automatically used!
  warnings.warn(wrn_msg)
[I 2025-08-05 23:51:02,132] Trial 8 finished with value: 0.7620471290977882 and parameters: {'n_d': 44, 'n_a': 15, 'n_steps': 8, 'gamma': 1.7239528920999372, 'lambda_sparse': 0.008399918688328425, 'lr': 0.007129540085182324, 'weight_decay': 4.502111090495489e-05}. Best is trial 1 with value: 0.9105136376956624.
/work/dlclarge2/latifajr-dl_lab_project/autoML/automl-exam-ss25-tabular-freiburg-template/automl-tabular-env/lib/python3.10/site-packages/pytorch_tabnet/callbacks.py:172: UserWarning: Best weights from best epoch are automatically used!
  warnings.warn(wrn_msg)
