[I 2025-08-05 03:21:17,209] Trial 13 finished with value: 0.9285521497969988 and parameters: {'n_d': 9, 'n_a': 56, 'n_steps': 4, 'gamma': 1.1761992276447368, 'lambda_sparse': 6.809895648842604e-05, 'lr': 0.01467588148309975, 'weight_decay': 1.2523506506601618e-06}. Best is trial 13 with value: 0.9285521497969988.
/work/dlclarge2/latifajr-dl_lab_project/autoML/automl-exam-ss25-tabular-freiburg-template/automl-tabular-env/lib/python3.10/site-packages/pytorch_tabnet/callbacks.py:172: UserWarning: Best weights from best epoch are automatically used!
  warnings.warn(wrn_msg)
[I 2025-08-05 03:21:44,775] Trial 14 finished with value: 0.9026197551819621 and parameters: {'n_d': 13, 'n_a': 63, 'n_steps': 3, 'gamma': 1.0095863096235158, 'lambda_sparse': 0.0010524178710027722, 'lr': 0.00265696182384523, 'weight_decay': 8.39708489149005e-06}. Best is trial 13 with value: 0.9285521497969988.
/work/dlclarge2/latifajr-dl_lab_project/autoML/automl-exam-ss25-tabular-freiburg-template/automl-tabular-env/lib/python3.10/site-packages/pytorch_tabnet/callbacks.py:172: UserWarning: Best weights from best epoch are automatically used!
  warnings.warn(wrn_msg)
[I 2025-08-05 03:22:22,524] Trial 15 finished with value: 0.9181881371200182 and parameters: {'n_d': 40, 'n_a': 55, 'n_steps': 5, 'gamma': 1.210905066960611, 'lambda_sparse': 1.0095848828583183e-05, 'lr': 0.008036274420974078, 'weight_decay': 1.0093218582282287e-06}. Best is trial 13 with value: 0.9285521497969988.
/work/dlclarge2/latifajr-dl_lab_project/autoML/automl-exam-ss25-tabular-freiburg-template/automl-tabular-env/lib/python3.10/site-packages/pytorch_tabnet/callbacks.py:172: UserWarning: Best weights from best epoch are automatically used!
  warnings.warn(wrn_msg)
[I 2025-08-05 03:22:58,866] Trial 16 finished with value: 0.9098440322874931 and parameters: {'n_d': 28, 'n_a': 42, 'n_steps': 5, 'gamma': 1.4439001658735426, 'lambda_sparse': 0.009704255965975076, 'lr': 0.02318144247120609, 'weight_decay': 4.28335236464574e-06}. Best is trial 13 with value: 0.9285521497969988.
/work/dlclarge2/latifajr-dl_lab_project/autoML/automl-exam-ss25-tabular-freiburg-template/automl-tabular-env/lib/python3.10/site-packages/pytorch_tabnet/callbacks.py:172: UserWarning: Best weights from best epoch are automatically used!
  warnings.warn(wrn_msg)
[I 2025-08-05 03:23:32,777] Trial 17 finished with value: 0.9105593842565859 and parameters: {'n_d': 8, 'n_a': 53, 'n_steps': 4, 'gamma': 1.1198249800056823, 'lambda_sparse': 0.0006222605935576863, 'lr': 0.004945202388156079, 'weight_decay': 2.4559643684461824e-05}. Best is trial 13 with value: 0.9285521497969988.
/work/dlclarge2/latifajr-dl_lab_project/autoML/automl-exam-ss25-tabular-freiburg-template/automl-tabular-env/lib/python3.10/site-packages/pytorch_tabnet/callbacks.py:172: UserWarning: Best weights from best epoch are automatically used!
  warnings.warn(wrn_msg)
[I 2025-08-05 03:24:46,187] Trial 18 finished with value: 0.8185760413631554 and parameters: {'n_d': 15, 'n_a': 40, 'n_steps': 10, 'gamma': 1.276209671449226, 'lambda_sparse': 4.574309330453219e-05, 'lr': 0.013023205047285078, 'weight_decay': 1.6391838912132185e-06}. Best is trial 13 with value: 0.9285521497969988.
/work/dlclarge2/latifajr-dl_lab_project/autoML/automl-exam-ss25-tabular-freiburg-template/automl-tabular-env/lib/python3.10/site-packages/pytorch_tabnet/callbacks.py:172: UserWarning: Best weights from best epoch are automatically used!
  warnings.warn(wrn_msg)
[I 2025-08-05 03:25:16,989] Trial 19 finished with value: 0.8569561666086132 and parameters: {'n_d': 26, 'n_a': 62, 'n_steps': 3, 'gamma': 1.3368233858275689, 'lambda_sparse': 0.00019821252559092228, 'lr': 0.03461324153123817, 'weight_decay': 0.0008625710607623967}. Best is trial 13 with value: 0.9285521497969988.
/work/dlclarge2/latifajr-dl_lab_project/autoML/automl-exam-ss25-tabular-freiburg-template/automl-tabular-env/lib/python3.10/site-packages/pytorch_tabnet/callbacks.py:172: UserWarning: Best weights from best epoch are automatically used!
  warnings.warn(wrn_msg)
[I 2025-08-05 03:26:05,835] A new study created in memory with name: no-name-f5402ab0-aed7-444f-b298-f7a5b182df18
/work/dlclarge2/latifajr-dl_lab_project/autoML/automl-exam-ss25-tabular-freiburg-template/automl-tabular-env/lib/python3.10/site-packages/pytorch_tabnet/callbacks.py:172: UserWarning: Best weights from best epoch are automatically used!
  warnings.warn(wrn_msg)
[I 2025-08-05 03:27:15,662] Trial 0 finished with value: 0.7246427754713964 and parameters: {'n_d': 55, 'n_a': 37, 'n_steps': 10, 'gamma': 1.7397255256654258, 'lambda_sparse': 8.469604246993305e-05, 'lr': 0.008700609507235717, 'weight_decay': 0.0001376287147960577}. Best is trial 0 with value: 0.7246427754713964.
/work/dlclarge2/latifajr-dl_lab_project/autoML/automl-exam-ss25-tabular-freiburg-template/automl-tabular-env/lib/python3.10/site-packages/pytorch_tabnet/callbacks.py:172: UserWarning: Best weights from best epoch are automatically used!
  warnings.warn(wrn_msg)
[I 2025-08-05 03:27:50,206] Trial 1 finished with value: 0.8699940270930144 and parameters: {'n_d': 37, 'n_a': 54, 'n_steps': 5, 'gamma': 1.6743558158786218, 'lambda_sparse': 5.927387539745812e-05, 'lr': 0.06316150309366776, 'weight_decay': 2.36356234331663e-05}. Best is trial 1 with value: 0.8699940270930144.
/work/dlclarge2/latifajr-dl_lab_project/autoML/automl-exam-ss25-tabular-freiburg-template/automl-tabular-env/lib/python3.10/site-packages/pytorch_tabnet/callbacks.py:172: UserWarning: Best weights from best epoch are automatically used!
  warnings.warn(wrn_msg)
[I 2025-08-05 03:28:53,700] Trial 2 finished with value: 0.5979410752031917 and parameters: {'n_d': 14, 'n_a': 24, 'n_steps': 8, 'gamma': 1.7998932562592938, 'lambda_sparse': 1.549954721250252e-05, 'lr': 0.0011846559210163406, 'weight_decay': 1.781686096603058e-05}. Best is trial 1 with value: 0.8699940270930144.
/work/dlclarge2/latifajr-dl_lab_project/autoML/automl-exam-ss25-tabular-freiburg-template/automl-tabular-env/lib/python3.10/site-packages/pytorch_tabnet/callbacks.py:172: UserWarning: Best weights from best epoch are automatically used!
  warnings.warn(wrn_msg)
[I 2025-08-05 03:29:28,947] Trial 3 finished with value: 0.8178472354720666 and parameters: {'n_d': 64, 'n_a': 14, 'n_steps': 7, 'gamma': 1.35738527542932, 'lambda_sparse': 0.0008586465713634844, 'lr': 0.04070644815594993, 'weight_decay': 2.6280884953978603e-05}. Best is trial 1 with value: 0.8699940270930144.
/work/dlclarge2/latifajr-dl_lab_project/autoML/automl-exam-ss25-tabular-freiburg-template/automl-tabular-env/lib/python3.10/site-packages/pytorch_tabnet/callbacks.py:172: UserWarning: Best weights from best epoch are automatically used!
  warnings.warn(wrn_msg)
[I 2025-08-05 03:30:08,297] Trial 4 finished with value: 0.6717153220187235 and parameters: {'n_d': 18, 'n_a': 61, 'n_steps': 5, 'gamma': 1.7809276595818682, 'lambda_sparse': 0.0022642640009789042, 'lr': 0.0005945989287502356, 'weight_decay': 6.132802078366675e-06}. Best is trial 1 with value: 0.8699940270930144.
/work/dlclarge2/latifajr-dl_lab_project/autoML/automl-exam-ss25-tabular-freiburg-template/automl-tabular-env/lib/python3.10/site-packages/pytorch_tabnet/callbacks.py:172: UserWarning: Best weights from best epoch are automatically used!
  warnings.warn(wrn_msg)
[I 2025-08-05 03:30:35,111] Trial 5 finished with value: 0.9204565926322374 and parameters: {'n_d': 32, 'n_a': 24, 'n_steps': 3, 'gamma': 1.1378332070638664, 'lambda_sparse': 0.00021469723106028605, 'lr': 0.007340316236047606, 'weight_decay': 2.67842936539493e-06}. Best is trial 5 with value: 0.9204565926322374.
/work/dlclarge2/latifajr-dl_lab_project/autoML/automl-exam-ss25-tabular-freiburg-template/automl-tabular-env/lib/python3.10/site-packages/pytorch_tabnet/callbacks.py:172: UserWarning: Best weights from best epoch are automatically used!
  warnings.warn(wrn_msg)
[I 2025-08-05 03:31:13,660] Trial 6 finished with value: 0.500145008104648 and parameters: {'n_d': 44, 'n_a': 33, 'n_steps': 9, 'gamma': 1.63274906347494, 'lambda_sparse': 0.00019989337950799359, 'lr': 0.001162307408903487, 'weight_decay': 2.4786931993230586e-05}. Best is trial 5 with value: 0.9204565926322374.
/work/dlclarge2/latifajr-dl_lab_project/autoML/automl-exam-ss25-tabular-freiburg-template/automl-tabular-env/lib/python3.10/site-packages/pytorch_tabnet/callbacks.py:172: UserWarning: Best weights from best epoch are automatically used!
  warnings.warn(wrn_msg)
[I 2025-08-05 03:32:01,799] Trial 7 finished with value: 0.654408336773451 and parameters: {'n_d': 28, 'n_a': 58, 'n_steps': 6, 'gamma': 1.4404520550081599, 'lambda_sparse': 0.008798934458104753, 'lr': 0.0004169783492670881, 'weight_decay': 0.00014824737044907358}. Best is trial 5 with value: 0.9204565926322374.
/work/dlclarge2/latifajr-dl_lab_project/autoML/automl-exam-ss25-tabular-freiburg-template/automl-tabular-env/lib/python3.10/site-packages/pytorch_tabnet/callbacks.py:172: UserWarning: Best weights from best epoch are automatically used!
  warnings.warn(wrn_msg)
[I 2025-08-05 03:33:09,150] Trial 8 finished with value: 0.6962433119744652 and parameters: {'n_d': 37, 'n_a': 41, 'n_steps': 10, 'gamma': 1.7090342414613486, 'lambda_sparse': 0.000565507689830807, 'lr': 0.005472525814262306, 'weight_decay': 1.1411506690610614e-06}. Best is trial 5 with value: 0.9204565926322374.
/work/dlclarge2/latifajr-dl_lab_project/autoML/automl-exam-ss25-tabular-freiburg-template/automl-tabular-env/lib/python3.10/site-packages/pytorch_tabnet/callbacks.py:172: UserWarning: Best weights from best epoch are automatically used!
  warnings.warn(wrn_msg)
[I 2025-08-05 03:33:54,796] Trial 9 finished with value: 0.865361590713132 and parameters: {'n_d': 8, 'n_a': 57, 'n_steps': 6, 'gamma': 1.9083237373878186, 'lambda_sparse': 2.3355975037682703e-05, 'lr': 0.00808060439762483, 'weight_decay': 2.3789055962314185e-05}. Best is trial 5 with value: 0.9204565926322374.
/work/dlclarge2/latifajr-dl_lab_project/autoML/automl-exam-ss25-tabular-freiburg-template/automl-tabular-env/lib/python3.10/site-packages/pytorch_tabnet/callbacks.py:172: UserWarning: Best weights from best epoch are automatically used!
  warnings.warn(wrn_msg)
[I 2025-08-05 03:34:22,411] Trial 10 finished with value: 0.4771367733768027 and parameters: {'n_d': 29, 'n_a': 11, 'n_steps': 3, 'gamma': 1.024145018282658, 'lambda_sparse': 0.0023499683683879152, 'lr': 0.00011177383644229065, 'weight_decay': 1.1996885737321356e-06}. Best is trial 5 with value: 0.9204565926322374.
/work/dlclarge2/latifajr-dl_lab_project/autoML/automl-exam-ss25-tabular-freiburg-template/automl-tabular-env/lib/python3.10/site-packages/pytorch_tabnet/callbacks.py:172: UserWarning: Best weights from best epoch are automatically used!
  warnings.warn(wrn_msg)
[I 2025-08-05 03:34:47,400] Trial 11 finished with value: 0.9153028107343192 and parameters: {'n_d': 45, 'n_a': 48, 'n_steps': 3, 'gamma': 1.2037970778018743, 'lambda_sparse': 5.691921205660045e-05, 'lr': 0.08140555984238183, 'weight_decay': 4.753201850435208e-06}. Best is trial 5 with value: 0.9204565926322374.
/work/dlclarge2/latifajr-dl_lab_project/autoML/automl-exam-ss25-tabular-freiburg-template/automl-tabular-env/lib/python3.10/site-packages/pytorch_tabnet/callbacks.py:172: UserWarning: Best weights from best epoch are automatically used!
  warnings.warn(wrn_msg)
[I 2025-08-05 03:35:14,911] Trial 12 finished with value: 0.921310935521246 and parameters: {'n_d': 50, 'n_a': 45, 'n_steps': 3, 'gamma': 1.151273611976912, 'lambda_sparse': 0.00014865865329182008, 'lr': 0.02325361212752567, 'weight_decay': 4.368920888206401e-06}. Best is trial 12 with value: 0.921310935521246.
/work/dlclarge2/latifajr-dl_lab_project/autoML/automl-exam-ss25-tabular-freiburg-template/automl-tabular-env/lib/python3.10/site-packages/pytorch_tabnet/callbacks.py:172: UserWarning: Best weights from best epoch are automatically used!
  warnings.warn(wrn_msg)
[I 2025-08-05 03:35:48,270] Trial 13 finished with value: 0.926140683063175 and parameters: {'n_d': 51, 'n_a': 25, 'n_steps': 4, 'gamma': 1.0177212734082928, 'lambda_sparse': 0.00025370827789536796, 'lr': 0.01956544506887989, 'weight_decay': 3.623646196960983e-06}. Best is trial 13 with value: 0.926140683063175.
/work/dlclarge2/latifajr-dl_lab_project/autoML/automl-exam-ss25-tabular-freiburg-template/automl-tabular-env/lib/python3.10/site-packages/pytorch_tabnet/callbacks.py:172: UserWarning: Best weights from best epoch are automatically used!
  warnings.warn(wrn_msg)
[I 2025-08-05 03:36:18,371] Trial 14 finished with value: 0.8968289055937413 and parameters: {'n_d': 55, 'n_a': 27, 'n_steps': 4, 'gamma': 1.01845307407903, 'lambda_sparse': 0.0005102455692596309, 'lr': 0.02048808849423669, 'weight_decay': 0.0006417664592217428}. Best is trial 13 with value: 0.926140683063175.
/work/dlclarge2/latifajr-dl_lab_project/autoML/automl-exam-ss25-tabular-freiburg-template/automl-tabular-env/lib/python3.10/site-packages/pytorch_tabnet/callbacks.py:172: UserWarning: Best weights from best epoch are automatically used!
  warnings.warn(wrn_msg)
[I 2025-08-05 03:36:51,625] Trial 15 finished with value: 0.9097470742113638 and parameters: {'n_d': 49, 'n_a': 44, 'n_steps': 4, 'gamma': 1.2685713844088333, 'lambda_sparse': 0.0001320149532921373, 'lr': 0.021383005864702136, 'weight_decay': 7.407099863389385e-06}. Best is trial 13 with value: 0.926140683063175.
/work/dlclarge2/latifajr-dl_lab_project/autoML/automl-exam-ss25-tabular-freiburg-template/automl-tabular-env/lib/python3.10/site-packages/pytorch_tabnet/callbacks.py:172: UserWarning: Best weights from best epoch are automatically used!
  warnings.warn(wrn_msg)
[I 2025-08-05 03:37:24,808] Trial 16 finished with value: 0.9220851696542026 and parameters: {'n_d': 63, 'n_a': 17, 'n_steps': 4, 'gamma': 1.1208460763792456, 'lambda_sparse': 0.0017261364035332399, 'lr': 0.02195955101173201, 'weight_decay': 2.3874183703760476e-06}. Best is trial 13 with value: 0.926140683063175.
/work/dlclarge2/latifajr-dl_lab_project/autoML/automl-exam-ss25-tabular-freiburg-template/automl-tabular-env/lib/python3.10/site-packages/pytorch_tabnet/callbacks.py:172: UserWarning: Best weights from best epoch are automatically used!
  warnings.warn(wrn_msg)
[I 2025-08-05 03:38:03,228] Trial 17 finished with value: 0.794541235534027 and parameters: {'n_d': 62, 'n_a': 16, 'n_steps': 5, 'gamma': 1.4952866931220627, 'lambda_sparse': 0.001929103530443286, 'lr': 0.002535152931661268, 'weight_decay': 2.1128644188618687e-06}. Best is trial 13 with value: 0.926140683063175.
/work/dlclarge2/latifajr-dl_lab_project/autoML/automl-exam-ss25-tabular-freiburg-template/automl-tabular-env/lib/python3.10/site-packages/pytorch_tabnet/callbacks.py:172: UserWarning: Best weights from best epoch are automatically used!
  warnings.warn(wrn_msg)
[I 2025-08-05 03:38:40,212] Trial 18 finished with value: 0.9216316796942983 and parameters: {'n_d': 57, 'n_a': 19, 'n_steps': 4, 'gamma': 1.3514581122831835, 'lambda_sparse': 0.008029913704965592, 'lr': 0.014770838301895078, 'weight_decay': 9.75881995738724e-06}. Best is trial 13 with value: 0.926140683063175.
/work/dlclarge2/latifajr-dl_lab_project/autoML/automl-exam-ss25-tabular-freiburg-template/automl-tabular-env/lib/python3.10/site-packages/pytorch_tabnet/callbacks.py:172: UserWarning: Best weights from best epoch are automatically used!
  warnings.warn(wrn_msg)
[I 2025-08-05 03:39:30,594] Trial 19 finished with value: 0.894279029609777 and parameters: {'n_d': 58, 'n_a': 9, 'n_steps': 7, 'gamma': 1.075182584083662, 'lambda_sparse': 0.0015057792824310005, 'lr': 0.003326106192746153, 'weight_decay': 5.91797103567473e-05}. Best is trial 13 with value: 0.926140683063175.
/work/dlclarge2/latifajr-dl_lab_project/autoML/automl-exam-ss25-tabular-freiburg-template/automl-tabular-env/lib/python3.10/site-packages/pytorch_tabnet/callbacks.py:172: UserWarning: Best weights from best epoch are automatically used!
  warnings.warn(wrn_msg)
[I 2025-08-05 03:40:22,220] A new study created in memory with name: no-name-05da527e-0c53-4931-874d-f9430d330c46
/work/dlclarge2/latifajr-dl_lab_project/autoML/automl-exam-ss25-tabular-freiburg-template/automl-tabular-env/lib/python3.10/site-packages/pytorch_tabnet/callbacks.py:172: UserWarning: Best weights from best epoch are automatically used!
  warnings.warn(wrn_msg)
[I 2025-08-05 03:41:31,796] Trial 0 finished with value: 0.2783016359345426 and parameters: {'n_d': 31, 'n_a': 12, 'n_steps': 9, 'gamma': 1.176681015496504, 'lambda_sparse': 2.5388662387666928e-05, 'lr': 0.00021801816480137537, 'weight_decay': 4.961975823220104e-06}. Best is trial 0 with value: 0.2783016359345426.
/work/dlclarge2/latifajr-dl_lab_project/autoML/automl-exam-ss25-tabular-freiburg-template/automl-tabular-env/lib/python3.10/site-packages/pytorch_tabnet/callbacks.py:172: UserWarning: Best weights from best epoch are automatically used!
  warnings.warn(wrn_msg)
[I 2025-08-05 03:42:31,475] Trial 1 finished with value: 0.45097106752950844 and parameters: {'n_d': 19, 'n_a': 22, 'n_steps': 8, 'gamma': 1.435318915587968, 'lambda_sparse': 3.533784023680643e-05, 'lr': 0.0005739558424634537, 'weight_decay': 6.586356888896694e-05}. Best is trial 1 with value: 0.45097106752950844.
/work/dlclarge2/latifajr-dl_lab_project/autoML/automl-exam-ss25-tabular-freiburg-template/automl-tabular-env/lib/python3.10/site-packages/pytorch_tabnet/callbacks.py:172: UserWarning: Best weights from best epoch are automatically used!
  warnings.warn(wrn_msg)
[I 2025-08-05 03:43:22,828] Trial 2 finished with value: 0.6776833056796641 and parameters: {'n_d': 12, 'n_a': 32, 'n_steps': 7, 'gamma': 1.012410082519291, 'lambda_sparse': 0.0001463559711242318, 'lr': 0.0005198083204720404, 'weight_decay': 2.4199666721690237e-06}. Best is trial 2 with value: 0.6776833056796641.
/work/dlclarge2/latifajr-dl_lab_project/autoML/automl-exam-ss25-tabular-freiburg-template/automl-tabular-env/lib/python3.10/site-packages/pytorch_tabnet/callbacks.py:172: UserWarning: Best weights from best epoch are automatically used!
  warnings.warn(wrn_msg)
[I 2025-08-05 03:43:58,056] Trial 3 finished with value: 0.6947625129363857 and parameters: {'n_d': 15, 'n_a': 10, 'n_steps': 4, 'gamma': 1.8616361533942514, 'lambda_sparse': 0.003055826128717139, 'lr': 0.0013305522071397767, 'weight_decay': 0.000550055735133048}. Best is trial 3 with value: 0.6947625129363857.
/work/dlclarge2/latifajr-dl_lab_project/autoML/automl-exam-ss25-tabular-freiburg-template/automl-tabular-env/lib/python3.10/site-packages/pytorch_tabnet/callbacks.py:172: UserWarning: Best weights from best epoch are automatically used!
  warnings.warn(wrn_msg)
[I 2025-08-05 03:44:25,019] Trial 4 finished with value: 0.6469780025893748 and parameters: {'n_d': 50, 'n_a': 44, 'n_steps': 3, 'gamma': 1.2654255662969245, 'lambda_sparse': 0.003064679952486164, 'lr': 0.00033914951129384045, 'weight_decay': 0.00013768817609807442}. Best is trial 3 with value: 0.6947625129363857.
/work/dlclarge2/latifajr-dl_lab_project/autoML/automl-exam-ss25-tabular-freiburg-template/automl-tabular-env/lib/python3.10/site-packages/pytorch_tabnet/callbacks.py:172: UserWarning: Best weights from best epoch are automatically used!
  warnings.warn(wrn_msg)
[I 2025-08-05 03:45:30,855] Trial 5 finished with value: -0.4794239585735318 and parameters: {'n_d': 41, 'n_a': 63, 'n_steps': 9, 'gamma': 1.9373814286945379, 'lambda_sparse': 1.373749805344077e-05, 'lr': 0.00018861656545870792, 'weight_decay': 0.00022515495536097862}. Best is trial 3 with value: 0.6947625129363857.
/work/dlclarge2/latifajr-dl_lab_project/autoML/automl-exam-ss25-tabular-freiburg-template/automl-tabular-env/lib/python3.10/site-packages/pytorch_tabnet/callbacks.py:172: UserWarning: Best weights from best epoch are automatically used!
  warnings.warn(wrn_msg)
[I 2025-08-05 03:46:28,287] Trial 6 finished with value: 0.6686125225264874 and parameters: {'n_d': 55, 'n_a': 45, 'n_steps': 10, 'gamma': 1.492649236915165, 'lambda_sparse': 1.7744167991266312e-05, 'lr': 0.01189708127581887, 'weight_decay': 3.0427433003902247e-05}. Best is trial 3 with value: 0.6947625129363857.
/work/dlclarge2/latifajr-dl_lab_project/autoML/automl-exam-ss25-tabular-freiburg-template/automl-tabular-env/lib/python3.10/site-packages/pytorch_tabnet/callbacks.py:172: UserWarning: Best weights from best epoch are automatically used!
  warnings.warn(wrn_msg)
[I 2025-08-05 03:47:35,851] Trial 7 finished with value: -0.01145003463436245 and parameters: {'n_d': 10, 'n_a': 32, 'n_steps': 10, 'gamma': 1.4554721881642796, 'lambda_sparse': 0.001734076038526241, 'lr': 0.00014045635078457365, 'weight_decay': 1.930550412475764e-05}. Best is trial 3 with value: 0.6947625129363857.
/work/dlclarge2/latifajr-dl_lab_project/autoML/automl-exam-ss25-tabular-freiburg-template/automl-tabular-env/lib/python3.10/site-packages/pytorch_tabnet/callbacks.py:172: UserWarning: Best weights from best epoch are automatically used!
  warnings.warn(wrn_msg)
[I 2025-08-05 03:48:39,051] Trial 8 finished with value: 0.6995425987083113 and parameters: {'n_d': 64, 'n_a': 63, 'n_steps': 8, 'gamma': 1.107446018570475, 'lambda_sparse': 9.029802704998822e-05, 'lr': 0.0006046161515787051, 'weight_decay': 5.7401987654527105e-06}. Best is trial 8 with value: 0.6995425987083113.
/work/dlclarge2/latifajr-dl_lab_project/autoML/automl-exam-ss25-tabular-freiburg-template/automl-tabular-env/lib/python3.10/site-packages/pytorch_tabnet/callbacks.py:172: UserWarning: Best weights from best epoch are automatically used!
  warnings.warn(wrn_msg)
