[I 2025-08-05 22:48:23,705] Trial 93 finished with value: -0.9397391513701171 and parameters: {'learning_rate': 0.03286818779531348, 'num_leaves': 23, 'max_depth': 13, 'min_child_samples': 14, 'feature_fraction': 0.9795234884625362, 'bagging_fraction': 0.6106637417524885, 'reg_alpha': 0.013515752566790919, 'reg_lambda': 1.2690152102347626e-05}. Best is trial 81 with value: -0.9418288677397963.
[I 2025-08-05 22:48:29,430] Trial 94 finished with value: -0.9409824905861346 and parameters: {'learning_rate': 0.05172631407658755, 'num_leaves': 47, 'max_depth': 15, 'min_child_samples': 17, 'feature_fraction': 0.9327231098388252, 'bagging_fraction': 0.5896578274163666, 'reg_alpha': 0.0015769694138772267, 'reg_lambda': 0.00033279080793392014}. Best is trial 81 with value: -0.9418288677397963.
[I 2025-08-05 22:48:37,319] Trial 95 finished with value: -0.9415416386513902 and parameters: {'learning_rate': 0.03718478831103735, 'num_leaves': 59, 'max_depth': 14, 'min_child_samples': 12, 'feature_fraction': 0.9444535949798054, 'bagging_fraction': 0.6326828400462451, 'reg_alpha': 0.04668563284560682, 'reg_lambda': 0.0005723319172989484}. Best is trial 81 with value: -0.9418288677397963.
[I 2025-08-05 22:48:42,045] Trial 96 finished with value: -0.9340696988406583 and parameters: {'learning_rate': 0.0371714228551595, 'num_leaves': 13, 'max_depth': 15, 'min_child_samples': 100, 'feature_fraction': 0.9475961154398244, 'bagging_fraction': 0.5720047102061454, 'reg_alpha': 0.09483191530599723, 'reg_lambda': 0.0004800790192202235}. Best is trial 81 with value: -0.9418288677397963.
[I 2025-08-05 22:48:52,037] Trial 97 finished with value: -0.9408497245713402 and parameters: {'learning_rate': 0.0262437303664068, 'num_leaves': 57, 'max_depth': 14, 'min_child_samples': 22, 'feature_fraction': 0.9653077959643738, 'bagging_fraction': 0.6511582857789295, 'reg_alpha': 0.003962703643542552, 'reg_lambda': 0.001675594093571268}. Best is trial 81 with value: -0.9418288677397963.
[I 2025-08-05 22:49:03,047] Trial 98 finished with value: -0.9383587836440175 and parameters: {'learning_rate': 0.0332633624479184, 'num_leaves': 131, 'max_depth': 13, 'min_child_samples': 12, 'feature_fraction': 0.989412351148449, 'bagging_fraction': 0.6323715253851381, 'reg_alpha': 0.018030568562337992, 'reg_lambda': 0.0006975825354721934}. Best is trial 81 with value: -0.9418288677397963.
[I 2025-08-05 22:49:12,278] Trial 99 finished with value: -0.9411705580860739 and parameters: {'learning_rate': 0.022680094789917234, 'num_leaves': 38, 'max_depth': 15, 'min_child_samples': 20, 'feature_fraction': 0.9265237266493138, 'bagging_fraction': 0.5553032631512244, 'reg_alpha': 0.05821274415421943, 'reg_lambda': 0.005077864388067773}. Best is trial 81 with value: -0.9418288677397963.
[I 2025-08-05 22:49:20,163] Trial 100 finished with value: -0.9401829095848147 and parameters: {'learning_rate': 0.04150061331642383, 'num_leaves': 64, 'max_depth': 14, 'min_child_samples': 33, 'feature_fraction': 0.9408358432352684, 'bagging_fraction': 0.965477610711941, 'reg_alpha': 0.4602214679327334, 'reg_lambda': 0.0002767179831287173}. Best is trial 81 with value: -0.9418288677397963.
[I 2025-08-05 22:49:25,844] Trial 101 finished with value: -0.9410521396698972 and parameters: {'learning_rate': 0.04548470560670436, 'num_leaves': 31, 'max_depth': 14, 'min_child_samples': 15, 'feature_fraction': 0.9150890520695728, 'bagging_fraction': 0.6210795006363646, 'reg_alpha': 0.03212639737329704, 'reg_lambda': 4.682997408566125e-05}. Best is trial 81 with value: -0.9418288677397963.
[I 2025-08-05 22:49:34,663] Trial 102 finished with value: -0.941580660385284 and parameters: {'learning_rate': 0.028007183827138002, 'num_leaves': 51, 'max_depth': 14, 'min_child_samples': 12, 'feature_fraction': 0.9696721708379259, 'bagging_fraction': 0.6085868175272102, 'reg_alpha': 0.013496190189730587, 'reg_lambda': 0.00012883426256462107}. Best is trial 81 with value: -0.9418288677397963.
[I 2025-08-05 22:49:42,192] Trial 103 finished with value: -0.9417033305689244 and parameters: {'learning_rate': 0.029722357464833236, 'num_leaves': 42, 'max_depth': 13, 'min_child_samples': 16, 'feature_fraction': 0.9779433642003886, 'bagging_fraction': 0.6454218581761882, 'reg_alpha': 0.011782236321882867, 'reg_lambda': 0.0008540316457848248}. Best is trial 81 with value: -0.9418288677397963.
[I 2025-08-05 22:49:51,551] Trial 104 finished with value: -0.9409681530166436 and parameters: {'learning_rate': 0.027676206321740424, 'num_leaves': 59, 'max_depth': 12, 'min_child_samples': 16, 'feature_fraction': 0.9668409692347048, 'bagging_fraction': 0.6501515275898682, 'reg_alpha': 0.012043012271468041, 'reg_lambda': 0.0009990401845226182}. Best is trial 81 with value: -0.9418288677397963.
[I 2025-08-05 22:50:01,274] Trial 105 finished with value: -0.9404763718712145 and parameters: {'learning_rate': 0.031681971619297096, 'num_leaves': 76, 'max_depth': 13, 'min_child_samples': 11, 'feature_fraction': 0.9548276124561582, 'bagging_fraction': 0.6410225261412424, 'reg_alpha': 2.978251555215324e-07, 'reg_lambda': 0.00046881215230706457}. Best is trial 81 with value: -0.9418288677397963.
[I 2025-08-05 22:50:09,784] Trial 106 finished with value: -0.9416391293851442 and parameters: {'learning_rate': 0.029124691109022244, 'num_leaves': 42, 'max_depth': 13, 'min_child_samples': 12, 'feature_fraction': 0.9770015007825816, 'bagging_fraction': 0.6806648316134859, 'reg_alpha': 1.032636184109934e-06, 'reg_lambda': 0.0014831720335725504}. Best is trial 81 with value: -0.9418288677397963.
[I 2025-08-05 22:50:18,506] Trial 107 finished with value: -0.9410545467730806 and parameters: {'learning_rate': 0.030517048310321968, 'num_leaves': 52, 'max_depth': 13, 'min_child_samples': 12, 'feature_fraction': 0.97356842847626, 'bagging_fraction': 0.6774725983957607, 'reg_alpha': 0.005985852859831901, 'reg_lambda': 0.0017419447653584203}. Best is trial 81 with value: -0.9418288677397963.
[I 2025-08-05 22:50:25,204] Trial 108 finished with value: -0.939779191354661 and parameters: {'learning_rate': 0.02444395407605811, 'num_leaves': 26, 'max_depth': 11, 'min_child_samples': 14, 'feature_fraction': 0.9953915540024075, 'bagging_fraction': 0.6061885657922471, 'reg_alpha': 1.0051448300402312e-06, 'reg_lambda': 0.0011951129358538715}. Best is trial 81 with value: -0.9418288677397963.
[I 2025-08-05 22:50:32,816] Trial 109 finished with value: -0.9407485755094921 and parameters: {'learning_rate': 0.029001532446848305, 'num_leaves': 33, 'max_depth': 12, 'min_child_samples': 10, 'feature_fraction': 0.947966795944733, 'bagging_fraction': 0.6904571457761418, 'reg_alpha': 0.10334781538672401, 'reg_lambda': 0.0032586581576772933}. Best is trial 81 with value: -0.9418288677397963.
[I 2025-08-05 22:50:40,952] Trial 110 finished with value: -0.9376953943429474 and parameters: {'learning_rate': 0.03723418265462467, 'num_leaves': 39, 'max_depth': 7, 'min_child_samples': 18, 'feature_fraction': 0.6357810297899738, 'bagging_fraction': 0.657633061123459, 'reg_alpha': 0.2284321957946056, 'reg_lambda': 0.000216072364598582}. Best is trial 81 with value: -0.9418288677397963.
[I 2025-08-05 22:50:47,898] Trial 111 finished with value: -0.9416210208264155 and parameters: {'learning_rate': 0.03457022570422576, 'num_leaves': 44, 'max_depth': 13, 'min_child_samples': 16, 'feature_fraction': 0.957614275037941, 'bagging_fraction': 0.630020568461294, 'reg_alpha': 5.337028192628446e-07, 'reg_lambda': 0.0007092416014047398}. Best is trial 81 with value: -0.9418288677397963.
[I 2025-08-05 22:50:56,316] Trial 112 finished with value: -0.9405515773749501 and parameters: {'learning_rate': 0.035434780645906834, 'num_leaves': 68, 'max_depth': 13, 'min_child_samples': 16, 'feature_fraction': 0.9625441309633914, 'bagging_fraction': 0.6304081880463005, 'reg_alpha': 0.06005684079582378, 'reg_lambda': 0.0006057484725072105}. Best is trial 81 with value: -0.9418288677397963.
[I 2025-08-05 22:51:04,560] Trial 113 finished with value: -0.9418609628706509 and parameters: {'learning_rate': 0.030389720447187185, 'num_leaves': 43, 'max_depth': 12, 'min_child_samples': 12, 'feature_fraction': 0.9770251728706926, 'bagging_fraction': 0.6462416258255956, 'reg_alpha': 1.6557878613974955e-07, 'reg_lambda': 0.00033929563481297084}. Best is trial 113 with value: -0.9418609628706509.
[I 2025-08-05 22:51:12,967] Trial 114 finished with value: -0.9413680203657748 and parameters: {'learning_rate': 0.025857823028328755, 'num_leaves': 45, 'max_depth': 12, 'min_child_samples': 12, 'feature_fraction': 0.979320997731518, 'bagging_fraction': 0.643072347651638, 'reg_alpha': 5.26339804826714e-07, 'reg_lambda': 0.0008490005128119421}. Best is trial 113 with value: -0.9418609628706509.
[I 2025-08-05 22:51:20,964] Trial 115 finished with value: -0.9412920388614905 and parameters: {'learning_rate': 0.0343769077609445, 'num_leaves': 52, 'max_depth': 13, 'min_child_samples': 10, 'feature_fraction': 0.9688579293958346, 'bagging_fraction': 0.6647669383284569, 'reg_alpha': 1.795353092537743e-07, 'reg_lambda': 0.00034532123979391036}. Best is trial 113 with value: -0.9418609628706509.
[I 2025-08-05 22:51:26,568] Trial 116 finished with value: -0.9391439082204867 and parameters: {'learning_rate': 0.03228323138335701, 'num_leaves': 19, 'max_depth': 14, 'min_child_samples': 14, 'feature_fraction': 0.9531283792884417, 'bagging_fraction': 0.6246617498018386, 'reg_alpha': 2.397467889508964e-08, 'reg_lambda': 0.0019523033725672902}. Best is trial 113 with value: -0.9418609628706509.
[I 2025-08-05 22:51:33,801] Trial 117 finished with value: -0.9400646391646603 and parameters: {'learning_rate': 0.03996362062611078, 'num_leaves': 36, 'max_depth': 12, 'min_child_samples': 24, 'feature_fraction': 0.6833577066194692, 'bagging_fraction': 0.6022923240285515, 'reg_alpha': 4.2974108140456055e-08, 'reg_lambda': 0.0012410410412828443}. Best is trial 113 with value: -0.9418609628706509.
[I 2025-08-05 22:51:44,125] Trial 118 finished with value: -0.9416945055285035 and parameters: {'learning_rate': 0.02692368790080795, 'num_leaves': 62, 'max_depth': 13, 'min_child_samples': 12, 'feature_fraction': 0.9409165783026651, 'bagging_fraction': 0.6380056241982917, 'reg_alpha': 4.7079778534244607e-07, 'reg_lambda': 0.004440606439939018}. Best is trial 113 with value: -0.9418609628706509.
[I 2025-08-05 22:52:03,617] Trial 119 finished with value: -0.9343276172455705 and parameters: {'learning_rate': 0.02650050302539038, 'num_leaves': 112, 'max_depth': 13, 'min_child_samples': 15, 'feature_fraction': 0.592208809351627, 'bagging_fraction': 0.591476409259345, 'reg_alpha': 6.711268213705858e-07, 'reg_lambda': 0.013103747025439557}. Best is trial 113 with value: -0.9418609628706509.
[I 2025-08-05 22:52:07,934] Trial 120 finished with value: -0.9210573851199966 and parameters: {'learning_rate': 0.023427601557237738, 'num_leaves': 28, 'max_depth': 4, 'min_child_samples': 19, 'feature_fraction': 0.9897599749457483, 'bagging_fraction': 0.5786290897205896, 'reg_alpha': 1.282524695335608e-06, 'reg_lambda': 0.006746900995491931}. Best is trial 113 with value: -0.9418609628706509.
[I 2025-08-05 22:52:16,967] Trial 121 finished with value: -0.94127541843452 and parameters: {'learning_rate': 0.030667805098881357, 'num_leaves': 61, 'max_depth': 13, 'min_child_samples': 13, 'feature_fraction': 0.942129526721237, 'bagging_fraction': 0.6325305939558561, 'reg_alpha': 2.198754661361339e-06, 'reg_lambda': 0.003874530200580619}. Best is trial 113 with value: -0.9418609628706509.
[I 2025-08-05 22:52:26,483] Trial 122 finished with value: -0.9413896260756489 and parameters: {'learning_rate': 0.028241300105073863, 'num_leaves': 56, 'max_depth': 14, 'min_child_samples': 12, 'feature_fraction': 0.9307033640581501, 'bagging_fraction': 0.6472543150995906, 'reg_alpha': 4.242755882196157e-07, 'reg_lambda': 0.0001461223172526605}. Best is trial 113 with value: -0.9418609628706509.
[I 2025-08-05 22:52:32,901] Trial 123 finished with value: -0.941247807481067 and parameters: {'learning_rate': 0.03833347063033471, 'num_leaves': 42, 'max_depth': 13, 'min_child_samples': 16, 'feature_fraction': 0.9705321612697254, 'bagging_fraction': 0.6209803469720319, 'reg_alpha': 3.085183633554746e-06, 'reg_lambda': 0.0005143547070621311}. Best is trial 113 with value: -0.9418609628706509.
[I 2025-08-05 22:52:40,142] Trial 124 finished with value: -0.9412342451120536 and parameters: {'learning_rate': 0.036577066163174354, 'num_leaves': 50, 'max_depth': 14, 'min_child_samples': 18, 'feature_fraction': 0.9596151408090733, 'bagging_fraction': 0.6581006580016445, 'reg_alpha': 2.067831920041956e-07, 'reg_lambda': 1.6825993301779986e-07}. Best is trial 113 with value: -0.9418609628706509.
[I 2025-08-05 22:52:51,835] Trial 125 finished with value: -0.9397025836413431 and parameters: {'learning_rate': 0.02526830066598765, 'num_leaves': 56, 'max_depth': 12, 'min_child_samples': 10, 'feature_fraction': 0.7466158401204286, 'bagging_fraction': 0.6722792060475365, 'reg_alpha': 6.60777103821436e-08, 'reg_lambda': 0.000791291981403811}. Best is trial 113 with value: -0.9418609628706509.
[I 2025-08-05 22:53:02,248] Trial 126 finished with value: -0.9411621864720908 and parameters: {'learning_rate': 0.02121422747032016, 'num_leaves': 44, 'max_depth': 14, 'min_child_samples': 21, 'feature_fraction': 0.9447210412452486, 'bagging_fraction': 0.6366715978832949, 'reg_alpha': 9.051406788473839e-07, 'reg_lambda': 0.002713511306481763}. Best is trial 113 with value: -0.9418609628706509.
[I 2025-08-05 22:53:11,385] Trial 127 finished with value: -0.9361719293741062 and parameters: {'learning_rate': 0.033175091960517496, 'num_leaves': 86, 'max_depth': 13, 'min_child_samples': 79, 'feature_fraction': 0.9790842642658001, 'bagging_fraction': 0.7630914453565837, 'reg_alpha': 2.465366696320277e-07, 'reg_lambda': 0.00043332873549089033}. Best is trial 113 with value: -0.9418609628706509.
[I 2025-08-05 22:53:21,386] Trial 128 finished with value: -0.9408686498135443 and parameters: {'learning_rate': 0.029308590272084163, 'num_leaves': 64, 'max_depth': 15, 'min_child_samples': 14, 'feature_fraction': 0.9251222988544505, 'bagging_fraction': 0.6990021638695283, 'reg_alpha': 3.9783041987243557e-07, 'reg_lambda': 0.005179009969465581}. Best is trial 113 with value: -0.9418609628706509.
[I 2025-08-05 22:53:26,587] Trial 129 finished with value: -0.9411111452103237 and parameters: {'learning_rate': 0.04200610663746894, 'num_leaves': 33, 'max_depth': 13, 'min_child_samples': 12, 'feature_fraction': 0.9546872691387122, 'bagging_fraction': 0.6010662240717591, 'reg_alpha': 1.2367850399403483e-07, 'reg_lambda': 0.00019671283454689745}. Best is trial 113 with value: -0.9418609628706509.
[I 2025-08-05 22:53:36,701] Trial 130 finished with value: -0.9385842573803401 and parameters: {'learning_rate': 0.027100829371521713, 'num_leaves': 50, 'max_depth': 14, 'min_child_samples': 44, 'feature_fraction': 0.9859214025493073, 'bagging_fraction': 0.6073308635855272, 'reg_alpha': 0.008951194496075954, 'reg_lambda': 0.0018507308016440904}. Best is trial 113 with value: -0.9418609628706509.
[I 2025-08-05 22:53:44,367] Trial 131 finished with value: -0.9412409836478656 and parameters: {'learning_rate': 0.02990708093409143, 'num_leaves': 42, 'max_depth': 13, 'min_child_samples': 16, 'feature_fraction': 0.9909384601875043, 'bagging_fraction': 0.6225195736397969, 'reg_alpha': 0.02918961246178873, 'reg_lambda': 0.0002806476371681514}. Best is trial 113 with value: -0.9418609628706509.
[I 2025-08-05 22:53:51,321] Trial 132 finished with value: -0.9415079543144405 and parameters: {'learning_rate': 0.031661021397864544, 'num_leaves': 39, 'max_depth': 13, 'min_child_samples': 17, 'feature_fraction': 0.9986304378469958, 'bagging_fraction': 0.6417727475789076, 'reg_alpha': 0.014129570354046437, 'reg_lambda': 0.0011272964632993308}. Best is trial 113 with value: -0.9418609628706509.
[I 2025-08-05 22:53:58,655] Trial 133 finished with value: -0.9411804247630821 and parameters: {'learning_rate': 0.03504560259712822, 'num_leaves': 44, 'max_depth': 12, 'min_child_samples': 19, 'feature_fraction': 0.9733415307373128, 'bagging_fraction': 0.6328961754219576, 'reg_alpha': 0.056452685223699166, 'reg_lambda': 0.00010987308141226382}. Best is trial 113 with value: -0.9418609628706509.
[I 2025-08-05 22:54:06,594] Trial 134 finished with value: -0.9409029490951151 and parameters: {'learning_rate': 0.02844571450063856, 'num_leaves': 35, 'max_depth': 14, 'min_child_samples': 23, 'feature_fraction': 0.9998945077642134, 'bagging_fraction': 0.6833744723044677, 'reg_alpha': 0.02482421569675005, 'reg_lambda': 0.00021298974403867178}. Best is trial 113 with value: -0.9418609628706509.
[I 2025-08-05 22:54:14,162] Trial 135 finished with value: -0.94120930963908 and parameters: {'learning_rate': 0.03330040935938463, 'num_leaves': 53, 'max_depth': 13, 'min_child_samples': 14, 'feature_fraction': 0.9608698104934336, 'bagging_fraction': 0.6556973227824444, 'reg_alpha': 0.13797788572181546, 'reg_lambda': 0.0006382144273361707}. Best is trial 113 with value: -0.9418609628706509.
[I 2025-08-05 22:54:25,618] Trial 136 finished with value: -0.9403533083814827 and parameters: {'learning_rate': 0.023870972595473418, 'num_leaves': 69, 'max_depth': 14, 'min_child_samples': 17, 'feature_fraction': 0.9401039674202992, 'bagging_fraction': 0.8210752755618793, 'reg_alpha': 0.043472623565982325, 'reg_lambda': 3.5325580721419037e-05}. Best is trial 113 with value: -0.9418609628706509.
[I 2025-08-05 22:54:33,296] Trial 137 finished with value: -0.9410761542794365 and parameters: {'learning_rate': 0.030501328134081455, 'num_leaves': 39, 'max_depth': 15, 'min_child_samples': 21, 'feature_fraction': 0.9796665055916361, 'bagging_fraction': 0.5871684302714105, 'reg_alpha': 0.0023666405791397697, 'reg_lambda': 0.0003106523884792572}. Best is trial 113 with value: -0.9418609628706509.
[I 2025-08-05 22:54:43,641] Trial 138 finished with value: -0.9414493018591384 and parameters: {'learning_rate': 0.025889026009336805, 'num_leaves': 59, 'max_depth': 14, 'min_child_samples': 12, 'feature_fraction': 0.9690350467328342, 'bagging_fraction': 0.6172477346776644, 'reg_alpha': 0.07713234276207356, 'reg_lambda': 0.00922748052818966}. Best is trial 113 with value: -0.9418609628706509.
[I 2025-08-05 22:54:48,834] Trial 139 finished with value: -0.9400266394302376 and parameters: {'learning_rate': 0.03956783657135613, 'num_leaves': 24, 'max_depth': 13, 'min_child_samples': 14, 'feature_fraction': 0.9504327419193417, 'bagging_fraction': 0.6638644105395825, 'reg_alpha': 0.014712362486547888, 'reg_lambda': 0.10999329448669808}. Best is trial 113 with value: -0.9418609628706509.
[I 2025-08-05 22:54:55,915] Trial 140 finished with value: -0.9363846343644002 and parameters: {'learning_rate': 0.05036998138889732, 'num_leaves': 48, 'max_depth': 12, 'min_child_samples': 67, 'feature_fraction': 0.9055340116028376, 'bagging_fraction': 0.5724766119586, 'reg_alpha': 0.004591934265030492, 'reg_lambda': 8.750334821955049e-05}. Best is trial 113 with value: -0.9418609628706509.
[I 2025-08-05 22:55:02,620] Trial 141 finished with value: -0.940733516002133 and parameters: {'learning_rate': 0.03239390716412573, 'num_leaves': 30, 'max_depth': 13, 'min_child_samples': 18, 'feature_fraction': 0.9915405888075072, 'bagging_fraction': 0.6481180208819163, 'reg_alpha': 0.012658397118357572, 'reg_lambda': 0.001292021556851783}. Best is trial 113 with value: -0.9418609628706509.
[I 2025-08-05 22:55:13,790] Trial 142 finished with value: -0.9380232988165828 and parameters: {'learning_rate': 0.030533592538732477, 'num_leaves': 138, 'max_depth': 13, 'min_child_samples': 16, 'feature_fraction': 0.9994938749965926, 'bagging_fraction': 0.639347241377714, 'reg_alpha': 0.006469708298942156, 'reg_lambda': 0.0009390740654258066}. Best is trial 113 with value: -0.9418609628706509.
[I 2025-08-05 22:55:21,025] Trial 143 finished with value: -0.9410670777633984 and parameters: {'learning_rate': 0.027972984708103076, 'num_leaves': 37, 'max_depth': 13, 'min_child_samples': 17, 'feature_fraction': 0.9806345713329271, 'bagging_fraction': 0.7365911777421843, 'reg_alpha': 0.024727106068662574, 'reg_lambda': 0.00015623205508511406}. Best is trial 113 with value: -0.9418609628706509.
[I 2025-08-05 22:55:27,906] Trial 144 finished with value: -0.9415307585091431 and parameters: {'learning_rate': 0.03656184571563131, 'num_leaves': 43, 'max_depth': 14, 'min_child_samples': 10, 'feature_fraction': 0.9666078635252431, 'bagging_fraction': 0.6271938198312466, 'reg_alpha': 0.00898506824122446, 'reg_lambda': 0.0024570529627921576}. Best is trial 113 with value: -0.9418609628706509.
[I 2025-08-05 22:55:35,029] Trial 145 finished with value: -0.941582768978902 and parameters: {'learning_rate': 0.03541240759375283, 'num_leaves': 44, 'max_depth': 9, 'min_child_samples': 10, 'feature_fraction': 0.9619285570616701, 'bagging_fraction': 0.6274223230483524, 'reg_alpha': 0.04287394188041347, 'reg_lambda': 0.0024230665731424816}. Best is trial 113 with value: -0.9418609628706509.
[I 2025-08-05 22:55:42,130] Trial 146 finished with value: -0.9416116347204422 and parameters: {'learning_rate': 0.0362643898700982, 'num_leaves': 53, 'max_depth': 10, 'min_child_samples': 11, 'feature_fraction': 0.9363441417551431, 'bagging_fraction': 0.6287022303972769, 'reg_alpha': 0.0007139930954215022, 'reg_lambda': 0.0026980289248545587}. Best is trial 113 with value: -0.9418609628706509.
[I 2025-08-05 22:55:48,203] Trial 147 finished with value: -0.9414930271596763 and parameters: {'learning_rate': 0.04254012696751035, 'num_leaves': 51, 'max_depth': 10, 'min_child_samples': 12, 'feature_fraction': 0.9318850942507745, 'bagging_fraction': 0.6161127476279856, 'reg_alpha': 0.0007935852921869855, 'reg_lambda': 0.0053810662406549295}. Best is trial 113 with value: -0.9418609628706509.
