cpu-bind=MASK - dlcgpu13, task  0  0 [663643]: mask 0xf0000000f00 set
[I 2025-07-22 17:20:20,881] A new study created in memory with name: no-name-9998d97d-29fc-4bcf-98d5-47d39b0c9ee4
[I 2025-07-22 17:34:21,827] Trial 0 finished with value: -0.9798760808324138 and parameters: {'learning_rate': 0.03574712922600244, 'depth': 12, 'l2_leaf_reg': 7.587945476302646, 'border_count': 166}. Best is trial 0 with value: -0.9798760808324138.
[I 2025-07-22 17:34:52,199] Trial 1 finished with value: -0.909171700207992 and parameters: {'learning_rate': 0.01700037298921102, 'depth': 5, 'l2_leaf_reg': 1.5227525095137953, 'border_count': 226}. Best is trial 0 with value: -0.9798760808324138.
[I 2025-07-22 17:40:20,487] Trial 2 finished with value: -0.9845907631653738 and parameters: {'learning_rate': 0.07725378389307355, 'depth': 10, 'l2_leaf_reg': 1.185260448662222, 'border_count': 249}. Best is trial 2 with value: -0.9845907631653738.
[I 2025-07-22 17:40:45,217] Trial 3 finished with value: -0.9724118172045504 and parameters: {'learning_rate': 0.16967533607196555, 'depth': 5, 'l2_leaf_reg': 2.636424704863906, 'border_count': 73}. Best is trial 2 with value: -0.9845907631653738.
[I 2025-07-22 17:41:43,410] Trial 4 finished with value: -0.9600687639870887 and parameters: {'learning_rate': 0.028145092716060652, 'depth': 8, 'l2_leaf_reg': 4.887505167779041, 'border_count': 97}. Best is trial 2 with value: -0.9845907631653738.
[I 2025-07-22 17:42:09,506] Trial 5 finished with value: -0.957649552357785 and parameters: {'learning_rate': 0.08012737503998542, 'depth': 5, 'l2_leaf_reg': 3.629301836816963, 'border_count': 114}. Best is trial 2 with value: -0.9845907631653738.
[I 2025-07-22 17:48:46,449] Trial 6 finished with value: -0.9823807308121782 and parameters: {'learning_rate': 0.04717052037625178, 'depth': 11, 'l2_leaf_reg': 2.7970640394252375, 'border_count': 147}. Best is trial 2 with value: -0.9845907631653738.
[I 2025-07-22 17:49:07,311] Trial 7 finished with value: -0.9393936305829559 and parameters: {'learning_rate': 0.07500118950416987, 'depth': 4, 'l2_leaf_reg': 6.467903667112945, 'border_count': 70}. Best is trial 2 with value: -0.9845907631653738.
