[I 2025-08-05 04:46:44,642] Trial 1 finished with value: 0.8872757077085673 and parameters: {'n_d': 31, 'n_a': 64, 'n_steps': 3, 'gamma': 1.0105134129758793, 'lambda_sparse': 0.0037185824983372246, 'lr': 0.0303514143278687, 'weight_decay': 0.0006553849805172885}. Best is trial 1 with value: 0.8872757077085673.
/work/dlclarge2/latifajr-dl_lab_project/autoML/automl-exam-ss25-tabular-freiburg-template/automl-tabular-env/lib/python3.10/site-packages/pytorch_tabnet/callbacks.py:172: UserWarning: Best weights from best epoch are automatically used!
  warnings.warn(wrn_msg)
[I 2025-08-05 04:47:49,595] Trial 2 finished with value: 0.7731066384574385 and parameters: {'n_d': 36, 'n_a': 14, 'n_steps': 8, 'gamma': 1.0382605214675613, 'lambda_sparse': 0.00015609542084032006, 'lr': 0.001808411011309866, 'weight_decay': 6.267920342111109e-06}. Best is trial 1 with value: 0.8872757077085673.
/work/dlclarge2/latifajr-dl_lab_project/autoML/automl-exam-ss25-tabular-freiburg-template/automl-tabular-env/lib/python3.10/site-packages/pytorch_tabnet/callbacks.py:172: UserWarning: Best weights from best epoch are automatically used!
  warnings.warn(wrn_msg)
[I 2025-08-05 04:48:27,985] Trial 3 finished with value: 0.8851552142038054 and parameters: {'n_d': 22, 'n_a': 46, 'n_steps': 7, 'gamma': 1.0036761881097638, 'lambda_sparse': 0.004723573102161624, 'lr': 0.04930010508879311, 'weight_decay': 5.608704877850584e-05}. Best is trial 1 with value: 0.8872757077085673.
/work/dlclarge2/latifajr-dl_lab_project/autoML/automl-exam-ss25-tabular-freiburg-template/automl-tabular-env/lib/python3.10/site-packages/pytorch_tabnet/callbacks.py:172: UserWarning: Best weights from best epoch are automatically used!
  warnings.warn(wrn_msg)
[I 2025-08-05 04:49:14,706] Trial 4 finished with value: 0.9189487798668614 and parameters: {'n_d': 55, 'n_a': 61, 'n_steps': 5, 'gamma': 1.3103536190228904, 'lambda_sparse': 1.2139589331013826e-05, 'lr': 0.032256753023265125, 'weight_decay': 6.203290870474739e-06}. Best is trial 4 with value: 0.9189487798668614.
/work/dlclarge2/latifajr-dl_lab_project/autoML/automl-exam-ss25-tabular-freiburg-template/automl-tabular-env/lib/python3.10/site-packages/pytorch_tabnet/callbacks.py:172: UserWarning: Best weights from best epoch are automatically used!
  warnings.warn(wrn_msg)
[I 2025-08-05 04:49:58,601] Trial 5 finished with value: 0.8303738634131841 and parameters: {'n_d': 36, 'n_a': 47, 'n_steps': 5, 'gamma': 1.8525699182936766, 'lambda_sparse': 0.0028449090249164336, 'lr': 0.001914302935319678, 'weight_decay': 0.0007306999162923352}. Best is trial 4 with value: 0.9189487798668614.
/work/dlclarge2/latifajr-dl_lab_project/autoML/automl-exam-ss25-tabular-freiburg-template/automl-tabular-env/lib/python3.10/site-packages/pytorch_tabnet/callbacks.py:172: UserWarning: Best weights from best epoch are automatically used!
  warnings.warn(wrn_msg)
[I 2025-08-05 04:51:06,777] Trial 6 finished with value: -0.19764811268022808 and parameters: {'n_d': 13, 'n_a': 23, 'n_steps': 9, 'gamma': 1.7216330911331328, 'lambda_sparse': 1.8219625026444402e-05, 'lr': 0.0001334842705525143, 'weight_decay': 1.7534716101984352e-06}. Best is trial 4 with value: 0.9189487798668614.
/work/dlclarge2/latifajr-dl_lab_project/autoML/automl-exam-ss25-tabular-freiburg-template/automl-tabular-env/lib/python3.10/site-packages/pytorch_tabnet/callbacks.py:172: UserWarning: Best weights from best epoch are automatically used!
  warnings.warn(wrn_msg)
[I 2025-08-05 04:51:53,346] Trial 7 finished with value: 0.510022395607783 and parameters: {'n_d': 50, 'n_a': 32, 'n_steps': 5, 'gamma': 1.8236087991996026, 'lambda_sparse': 1.9569345983520034e-05, 'lr': 0.00030220337829713295, 'weight_decay': 9.025349863415383e-05}. Best is trial 4 with value: 0.9189487798668614.
/work/dlclarge2/latifajr-dl_lab_project/autoML/automl-exam-ss25-tabular-freiburg-template/automl-tabular-env/lib/python3.10/site-packages/pytorch_tabnet/callbacks.py:172: UserWarning: Best weights from best epoch are automatically used!
  warnings.warn(wrn_msg)
[I 2025-08-05 04:52:41,196] Trial 8 finished with value: -0.4495320402872305 and parameters: {'n_d': 16, 'n_a': 8, 'n_steps': 6, 'gamma': 1.0474363208650277, 'lambda_sparse': 0.00015783991079112698, 'lr': 0.00010674888181638147, 'weight_decay': 1.7757304511622253e-05}. Best is trial 4 with value: 0.9189487798668614.
/work/dlclarge2/latifajr-dl_lab_project/autoML/automl-exam-ss25-tabular-freiburg-template/automl-tabular-env/lib/python3.10/site-packages/pytorch_tabnet/callbacks.py:172: UserWarning: Best weights from best epoch are automatically used!
  warnings.warn(wrn_msg)
[I 2025-08-05 04:53:57,046] Trial 9 finished with value: 0.8757859900758066 and parameters: {'n_d': 45, 'n_a': 44, 'n_steps': 9, 'gamma': 1.9637011714983932, 'lambda_sparse': 0.0030740132220966427, 'lr': 0.039232018745185546, 'weight_decay': 4.924502251869563e-05}. Best is trial 4 with value: 0.9189487798668614.
/work/dlclarge2/latifajr-dl_lab_project/autoML/automl-exam-ss25-tabular-freiburg-template/automl-tabular-env/lib/python3.10/site-packages/pytorch_tabnet/callbacks.py:172: UserWarning: Best weights from best epoch are automatically used!
  warnings.warn(wrn_msg)
[I 2025-08-05 04:54:34,428] Trial 10 finished with value: 0.9219404338670028 and parameters: {'n_d': 63, 'n_a': 59, 'n_steps': 3, 'gamma': 1.3443875740321078, 'lambda_sparse': 1.106769239386203e-05, 'lr': 0.01032834437866554, 'weight_decay': 1.0454717378371187e-06}. Best is trial 10 with value: 0.9219404338670028.
/work/dlclarge2/latifajr-dl_lab_project/autoML/automl-exam-ss25-tabular-freiburg-template/automl-tabular-env/lib/python3.10/site-packages/pytorch_tabnet/callbacks.py:172: UserWarning: Best weights from best epoch are automatically used!
  warnings.warn(wrn_msg)
[I 2025-08-05 04:55:15,421] Trial 11 finished with value: 0.9092817051552013 and parameters: {'n_d': 64, 'n_a': 59, 'n_steps': 3, 'gamma': 1.3455650724113042, 'lambda_sparse': 1.0680292701424265e-05, 'lr': 0.011998207537650699, 'weight_decay': 1.0395968281015905e-06}. Best is trial 10 with value: 0.9219404338670028.
/work/dlclarge2/latifajr-dl_lab_project/autoML/automl-exam-ss25-tabular-freiburg-template/automl-tabular-env/lib/python3.10/site-packages/pytorch_tabnet/callbacks.py:172: UserWarning: Best weights from best epoch are automatically used!
  warnings.warn(wrn_msg)
[I 2025-08-05 04:55:54,065] Trial 12 finished with value: 0.9060434890943088 and parameters: {'n_d': 63, 'n_a': 57, 'n_steps': 4, 'gamma': 1.355674092543601, 'lambda_sparse': 4.642735964160343e-05, 'lr': 0.010010876093112164, 'weight_decay': 4.401315823892977e-06}. Best is trial 10 with value: 0.9219404338670028.
/work/dlclarge2/latifajr-dl_lab_project/autoML/automl-exam-ss25-tabular-freiburg-template/automl-tabular-env/lib/python3.10/site-packages/pytorch_tabnet/callbacks.py:172: UserWarning: Best weights from best epoch are automatically used!
  warnings.warn(wrn_msg)
[I 2025-08-05 04:56:32,622] Trial 13 finished with value: 0.9223876495406056 and parameters: {'n_d': 56, 'n_a': 53, 'n_steps': 4, 'gamma': 1.2833100592964577, 'lambda_sparse': 5.1017080966096325e-05, 'lr': 0.008309268332342403, 'weight_decay': 3.5972214720641907e-06}. Best is trial 13 with value: 0.9223876495406056.
/work/dlclarge2/latifajr-dl_lab_project/autoML/automl-exam-ss25-tabular-freiburg-template/automl-tabular-env/lib/python3.10/site-packages/pytorch_tabnet/callbacks.py:172: UserWarning: Best weights from best epoch are automatically used!
  warnings.warn(wrn_msg)
[I 2025-08-05 04:57:07,039] Trial 14 finished with value: 0.91102238156982 and parameters: {'n_d': 58, 'n_a': 54, 'n_steps': 3, 'gamma': 1.5062429034027762, 'lambda_sparse': 5.1002918100301435e-05, 'lr': 0.00931085898427248, 'weight_decay': 2.5093656705868022e-06}. Best is trial 13 with value: 0.9223876495406056.
/work/dlclarge2/latifajr-dl_lab_project/autoML/automl-exam-ss25-tabular-freiburg-template/automl-tabular-env/lib/python3.10/site-packages/pytorch_tabnet/callbacks.py:172: UserWarning: Best weights from best epoch are automatically used!
  warnings.warn(wrn_msg)
[I 2025-08-05 04:57:48,017] Trial 15 finished with value: 0.838318645902114 and parameters: {'n_d': 50, 'n_a': 52, 'n_steps': 4, 'gamma': 1.2032862679775764, 'lambda_sparse': 5.376631648666519e-05, 'lr': 0.0007165677612457816, 'weight_decay': 1.5515347038753508e-05}. Best is trial 13 with value: 0.9223876495406056.
/work/dlclarge2/latifajr-dl_lab_project/autoML/automl-exam-ss25-tabular-freiburg-template/automl-tabular-env/lib/python3.10/site-packages/pytorch_tabnet/callbacks.py:172: UserWarning: Best weights from best epoch are automatically used!
  warnings.warn(wrn_msg)
[I 2025-08-05 04:58:26,310] Trial 16 finished with value: 0.8771181401034768 and parameters: {'n_d': 43, 'n_a': 33, 'n_steps': 4, 'gamma': 1.5714016772538923, 'lambda_sparse': 0.0006278526914501946, 'lr': 0.005739950614094907, 'weight_decay': 1.2583103020672296e-06}. Best is trial 13 with value: 0.9223876495406056.
/work/dlclarge2/latifajr-dl_lab_project/autoML/automl-exam-ss25-tabular-freiburg-template/automl-tabular-env/lib/python3.10/site-packages/pytorch_tabnet/callbacks.py:172: UserWarning: Best weights from best epoch are automatically used!
  warnings.warn(wrn_msg)
[I 2025-08-05 04:59:11,557] Trial 17 finished with value: 0.8772996782675492 and parameters: {'n_d': 59, 'n_a': 51, 'n_steps': 6, 'gamma': 1.1889372721564127, 'lambda_sparse': 3.2826340456167965e-05, 'lr': 0.08527103008049537, 'weight_decay': 3.223726211859496e-06}. Best is trial 13 with value: 0.9223876495406056.
/work/dlclarge2/latifajr-dl_lab_project/autoML/automl-exam-ss25-tabular-freiburg-template/automl-tabular-env/lib/python3.10/site-packages/pytorch_tabnet/callbacks.py:172: UserWarning: Best weights from best epoch are automatically used!
  warnings.warn(wrn_msg)
[I 2025-08-05 04:59:57,460] Trial 18 finished with value: 0.8806138350325506 and parameters: {'n_d': 44, 'n_a': 38, 'n_steps': 4, 'gamma': 1.4252240362917756, 'lambda_sparse': 0.0001639851395444527, 'lr': 0.005174765195230338, 'weight_decay': 1.2422693326283969e-05}. Best is trial 13 with value: 0.9223876495406056.
/work/dlclarge2/latifajr-dl_lab_project/autoML/automl-exam-ss25-tabular-freiburg-template/automl-tabular-env/lib/python3.10/site-packages/pytorch_tabnet/callbacks.py:172: UserWarning: Best weights from best epoch are automatically used!
  warnings.warn(wrn_msg)
[I 2025-08-05 05:00:59,445] Trial 19 finished with value: 0.8251122798897004 and parameters: {'n_d': 26, 'n_a': 27, 'n_steps': 7, 'gamma': 1.6029112686998053, 'lambda_sparse': 9.13259065649346e-05, 'lr': 0.018472811478966723, 'weight_decay': 2.1865243693804215e-06}. Best is trial 13 with value: 0.9223876495406056.
/work/dlclarge2/latifajr-dl_lab_project/autoML/automl-exam-ss25-tabular-freiburg-template/automl-tabular-env/lib/python3.10/site-packages/pytorch_tabnet/callbacks.py:172: UserWarning: Best weights from best epoch are automatically used!
  warnings.warn(wrn_msg)
[I 2025-08-05 05:01:57,632] A new study created in memory with name: no-name-0ca3a378-ca7d-401c-8ee2-adba51099317
/work/dlclarge2/latifajr-dl_lab_project/autoML/automl-exam-ss25-tabular-freiburg-template/automl-tabular-env/lib/python3.10/site-packages/pytorch_tabnet/callbacks.py:172: UserWarning: Best weights from best epoch are automatically used!
  warnings.warn(wrn_msg)
[I 2025-08-05 05:02:44,092] Trial 0 finished with value: 0.8810321720502265 and parameters: {'n_d': 12, 'n_a': 52, 'n_steps': 5, 'gamma': 1.419243721617655, 'lambda_sparse': 0.0003457906726204985, 'lr': 0.0035186863858576015, 'weight_decay': 0.00020302008445302887}. Best is trial 0 with value: 0.8810321720502265.
/work/dlclarge2/latifajr-dl_lab_project/autoML/automl-exam-ss25-tabular-freiburg-template/automl-tabular-env/lib/python3.10/site-packages/pytorch_tabnet/callbacks.py:172: UserWarning: Best weights from best epoch are automatically used!
  warnings.warn(wrn_msg)
[I 2025-08-05 05:03:42,385] Trial 1 finished with value: -0.00558855271741221 and parameters: {'n_d': 9, 'n_a': 16, 'n_steps': 7, 'gamma': 1.5583303267117077, 'lambda_sparse': 0.00012513191573457867, 'lr': 0.00012603071556781286, 'weight_decay': 1.6063788635120968e-05}. Best is trial 0 with value: 0.8810321720502265.
/work/dlclarge2/latifajr-dl_lab_project/autoML/automl-exam-ss25-tabular-freiburg-template/automl-tabular-env/lib/python3.10/site-packages/pytorch_tabnet/callbacks.py:172: UserWarning: Best weights from best epoch are automatically used!
  warnings.warn(wrn_msg)
[I 2025-08-05 05:04:24,576] Trial 2 finished with value: 0.9130940582654843 and parameters: {'n_d': 27, 'n_a': 49, 'n_steps': 3, 'gamma': 1.8291445468948337, 'lambda_sparse': 0.0017940836873187455, 'lr': 0.0094539227889201, 'weight_decay': 1.4709805630338033e-05}. Best is trial 2 with value: 0.9130940582654843.
/work/dlclarge2/latifajr-dl_lab_project/autoML/automl-exam-ss25-tabular-freiburg-template/automl-tabular-env/lib/python3.10/site-packages/pytorch_tabnet/callbacks.py:172: UserWarning: Best weights from best epoch are automatically used!
  warnings.warn(wrn_msg)
[I 2025-08-05 05:05:27,523] Trial 3 finished with value: 0.7270555131777632 and parameters: {'n_d': 44, 'n_a': 36, 'n_steps': 8, 'gamma': 1.9620994402055039, 'lambda_sparse': 0.0053637926397661125, 'lr': 0.009017533360628098, 'weight_decay': 2.914984256942075e-06}. Best is trial 2 with value: 0.9130940582654843.
/work/dlclarge2/latifajr-dl_lab_project/autoML/automl-exam-ss25-tabular-freiburg-template/automl-tabular-env/lib/python3.10/site-packages/pytorch_tabnet/callbacks.py:172: UserWarning: Best weights from best epoch are automatically used!
  warnings.warn(wrn_msg)
[I 2025-08-05 05:06:09,271] Trial 4 finished with value: 0.6822697836198615 and parameters: {'n_d': 56, 'n_a': 15, 'n_steps': 5, 'gamma': 1.784226839071185, 'lambda_sparse': 0.0035952943218263323, 'lr': 0.001170836836889436, 'weight_decay': 5.616969360691492e-06}. Best is trial 2 with value: 0.9130940582654843.
/work/dlclarge2/latifajr-dl_lab_project/autoML/automl-exam-ss25-tabular-freiburg-template/automl-tabular-env/lib/python3.10/site-packages/pytorch_tabnet/callbacks.py:172: UserWarning: Best weights from best epoch are automatically used!
  warnings.warn(wrn_msg)
[I 2025-08-05 05:06:50,848] Trial 5 finished with value: 0.8310222068988247 and parameters: {'n_d': 44, 'n_a': 19, 'n_steps': 6, 'gamma': 1.7629133245022146, 'lambda_sparse': 0.00012924407140155235, 'lr': 0.02157255825191095, 'weight_decay': 0.0007029880423478291}. Best is trial 2 with value: 0.9130940582654843.
/work/dlclarge2/latifajr-dl_lab_project/autoML/automl-exam-ss25-tabular-freiburg-template/automl-tabular-env/lib/python3.10/site-packages/pytorch_tabnet/callbacks.py:172: UserWarning: Best weights from best epoch are automatically used!
  warnings.warn(wrn_msg)
[I 2025-08-05 05:07:31,187] Trial 6 finished with value: 0.5751734966543844 and parameters: {'n_d': 63, 'n_a': 53, 'n_steps': 4, 'gamma': 1.1437199148760624, 'lambda_sparse': 0.0002616735825687469, 'lr': 0.00017667347313989702, 'weight_decay': 5.852488650614252e-06}. Best is trial 2 with value: 0.9130940582654843.
/work/dlclarge2/latifajr-dl_lab_project/autoML/automl-exam-ss25-tabular-freiburg-template/automl-tabular-env/lib/python3.10/site-packages/pytorch_tabnet/callbacks.py:172: UserWarning: Best weights from best epoch are automatically used!
  warnings.warn(wrn_msg)
[I 2025-08-05 05:08:14,227] Trial 7 finished with value: 0.8833636588148958 and parameters: {'n_d': 45, 'n_a': 45, 'n_steps': 4, 'gamma': 1.7713271100141523, 'lambda_sparse': 0.0004892056249408765, 'lr': 0.03768827085667892, 'weight_decay': 0.00020792569812855204}. Best is trial 2 with value: 0.9130940582654843.
/work/dlclarge2/latifajr-dl_lab_project/autoML/automl-exam-ss25-tabular-freiburg-template/automl-tabular-env/lib/python3.10/site-packages/pytorch_tabnet/callbacks.py:172: UserWarning: Best weights from best epoch are automatically used!
  warnings.warn(wrn_msg)
[I 2025-08-05 05:09:22,901] Trial 8 finished with value: 0.640677186757139 and parameters: {'n_d': 21, 'n_a': 62, 'n_steps': 8, 'gamma': 1.1293638993613722, 'lambda_sparse': 3.5811528255116096e-05, 'lr': 0.0005401153251854852, 'weight_decay': 0.0003107922442237147}. Best is trial 2 with value: 0.9130940582654843.
/work/dlclarge2/latifajr-dl_lab_project/autoML/automl-exam-ss25-tabular-freiburg-template/automl-tabular-env/lib/python3.10/site-packages/pytorch_tabnet/callbacks.py:172: UserWarning: Best weights from best epoch are automatically used!
  warnings.warn(wrn_msg)
[I 2025-08-05 05:10:14,965] Trial 9 finished with value: 0.7675311089971792 and parameters: {'n_d': 41, 'n_a': 10, 'n_steps': 6, 'gamma': 1.111244905543101, 'lambda_sparse': 0.005332211403047733, 'lr': 0.0009359119078948018, 'weight_decay': 1.8296502913102827e-05}. Best is trial 2 with value: 0.9130940582654843.
/work/dlclarge2/latifajr-dl_lab_project/autoML/automl-exam-ss25-tabular-freiburg-template/automl-tabular-env/lib/python3.10/site-packages/pytorch_tabnet/callbacks.py:172: UserWarning: Best weights from best epoch are automatically used!
  warnings.warn(wrn_msg)
[I 2025-08-05 05:11:33,572] Trial 10 finished with value: 0.8854463865481427 and parameters: {'n_d': 27, 'n_a': 32, 'n_steps': 10, 'gamma': 1.985632571628727, 'lambda_sparse': 0.0013520651744146942, 'lr': 0.09300805312638936, 'weight_decay': 1.0360272251020623e-06}. Best is trial 2 with value: 0.9130940582654843.
/work/dlclarge2/latifajr-dl_lab_project/autoML/automl-exam-ss25-tabular-freiburg-template/automl-tabular-env/lib/python3.10/site-packages/pytorch_tabnet/callbacks.py:172: UserWarning: Best weights from best epoch are automatically used!
  warnings.warn(wrn_msg)
[I 2025-08-05 05:12:27,818] Trial 11 finished with value: 0.6855010354211415 and parameters: {'n_d': 28, 'n_a': 31, 'n_steps': 10, 'gamma': 1.9925284606271247, 'lambda_sparse': 0.0012800015842686194, 'lr': 0.08803482314325899, 'weight_decay': 1.2511480739950712e-06}. Best is trial 2 with value: 0.9130940582654843.
/work/dlclarge2/latifajr-dl_lab_project/autoML/automl-exam-ss25-tabular-freiburg-template/automl-tabular-env/lib/python3.10/site-packages/pytorch_tabnet/callbacks.py:172: UserWarning: Best weights from best epoch are automatically used!
  warnings.warn(wrn_msg)
[I 2025-08-05 05:13:42,677] Trial 12 finished with value: 0.7259958885133271 and parameters: {'n_d': 28, 'n_a': 29, 'n_steps': 10, 'gamma': 1.6232372206754313, 'lambda_sparse': 0.0017086959285756021, 'lr': 0.009013770902340611, 'weight_decay': 5.281860264595069e-05}. Best is trial 2 with value: 0.9130940582654843.
/work/dlclarge2/latifajr-dl_lab_project/autoML/automl-exam-ss25-tabular-freiburg-template/automl-tabular-env/lib/python3.10/site-packages/pytorch_tabnet/callbacks.py:172: UserWarning: Best weights from best epoch are automatically used!
  warnings.warn(wrn_msg)
[I 2025-08-05 05:14:11,277] Trial 13 finished with value: 0.8778934291207126 and parameters: {'n_d': 28, 'n_a': 43, 'n_steps': 3, 'gamma': 1.893602924251778, 'lambda_sparse': 0.0011765887222762127, 'lr': 0.09646947438905908, 'weight_decay': 6.224650083963799e-05}. Best is trial 2 with value: 0.9130940582654843.
/work/dlclarge2/latifajr-dl_lab_project/autoML/automl-exam-ss25-tabular-freiburg-template/automl-tabular-env/lib/python3.10/site-packages/pytorch_tabnet/callbacks.py:172: UserWarning: Best weights from best epoch are automatically used!
  warnings.warn(wrn_msg)
[I 2025-08-05 05:15:12,540] Trial 14 finished with value: 0.7465296046543636 and parameters: {'n_d': 20, 'n_a': 29, 'n_steps': 9, 'gamma': 1.3770864537049166, 'lambda_sparse': 0.008584883252816707, 'lr': 0.016499200961219446, 'weight_decay': 1.0896366284451497e-06}. Best is trial 2 with value: 0.9130940582654843.
/work/dlclarge2/latifajr-dl_lab_project/autoML/automl-exam-ss25-tabular-freiburg-template/automl-tabular-env/lib/python3.10/site-packages/pytorch_tabnet/callbacks.py:172: UserWarning: Best weights from best epoch are automatically used!
  warnings.warn(wrn_msg)
[I 2025-08-05 05:15:49,010] Trial 15 finished with value: 0.9032573489796282 and parameters: {'n_d': 34, 'n_a': 42, 'n_steps': 3, 'gamma': 1.6630772990945006, 'lambda_sparse': 0.0021800663057247992, 'lr': 0.003433113534220981, 'weight_decay': 3.4115469136006794e-06}. Best is trial 2 with value: 0.9130940582654843.
/work/dlclarge2/latifajr-dl_lab_project/autoML/automl-exam-ss25-tabular-freiburg-template/automl-tabular-env/lib/python3.10/site-packages/pytorch_tabnet/callbacks.py:172: UserWarning: Best weights from best epoch are automatically used!
  warnings.warn(wrn_msg)
[I 2025-08-05 05:16:32,295] Trial 16 finished with value: 0.8858446304936342 and parameters: {'n_d': 35, 'n_a': 63, 'n_steps': 3, 'gamma': 1.6616149394083024, 'lambda_sparse': 1.45802566972033e-05, 'lr': 0.0034766138414777446, 'weight_decay': 7.5527751183175845e-06}. Best is trial 2 with value: 0.9130940582654843.
/work/dlclarge2/latifajr-dl_lab_project/autoML/automl-exam-ss25-tabular-freiburg-template/automl-tabular-env/lib/python3.10/site-packages/pytorch_tabnet/callbacks.py:172: UserWarning: Best weights from best epoch are automatically used!
  warnings.warn(wrn_msg)
[I 2025-08-05 05:17:10,203] Trial 17 finished with value: 0.8955746624913667 and parameters: {'n_d': 36, 'n_a': 44, 'n_steps': 4, 'gamma': 1.4578093932434601, 'lambda_sparse': 0.002398180259392924, 'lr': 0.002240660792079286, 'weight_decay': 2.7471206696012446e-06}. Best is trial 2 with value: 0.9130940582654843.
/work/dlclarge2/latifajr-dl_lab_project/autoML/automl-exam-ss25-tabular-freiburg-template/automl-tabular-env/lib/python3.10/site-packages/pytorch_tabnet/callbacks.py:172: UserWarning: Best weights from best epoch are automatically used!
  warnings.warn(wrn_msg)
