[I 2025-08-05 21:57:15,842] Trial 36 finished with value: -0.9413664596632815 and parameters: {'learning_rate': 0.18049477993564428, 'depth': 9, 'l2_leaf_reg': 5.0374262233132026, 'border_count': 241}. Best is trial 28 with value: -0.9431280356061487.
[I 2025-08-05 21:57:29,084] Trial 37 finished with value: -0.9393299871588138 and parameters: {'learning_rate': 0.06652519784921596, 'depth': 6, 'l2_leaf_reg': 3.7723653658651672, 'border_count': 253}. Best is trial 28 with value: -0.9431280356061487.
[I 2025-08-05 21:57:42,321] Trial 38 finished with value: -0.9417667638232385 and parameters: {'learning_rate': 0.08493730318034638, 'depth': 8, 'l2_leaf_reg': 4.51277132131785, 'border_count': 162}. Best is trial 28 with value: -0.9431280356061487.
[I 2025-08-05 21:58:26,627] Trial 39 finished with value: -0.9428975062331315 and parameters: {'learning_rate': 0.02991120025264205, 'depth': 11, 'l2_leaf_reg': 2.040263775996904, 'border_count': 183}. Best is trial 28 with value: -0.9431280356061487.
[I 2025-08-05 21:58:33,005] Trial 40 finished with value: -0.9388661250899547 and parameters: {'learning_rate': 0.2992799583173479, 'depth': 10, 'l2_leaf_reg': 3.2896559874214337, 'border_count': 224}. Best is trial 28 with value: -0.9431280356061487.
[I 2025-08-05 21:58:53,524] Trial 41 finished with value: -0.9429248582116591 and parameters: {'learning_rate': 0.05298840165656651, 'depth': 10, 'l2_leaf_reg': 2.4143528093565445, 'border_count': 244}. Best is trial 28 with value: -0.9431280356061487.
[I 2025-08-05 21:59:15,845] Trial 42 finished with value: -0.9425791180823625 and parameters: {'learning_rate': 0.040080255021436376, 'depth': 9, 'l2_leaf_reg': 1.6547870712533388, 'border_count': 203}. Best is trial 28 with value: -0.9431280356061487.
[I 2025-08-05 21:59:35,751] Trial 43 finished with value: -0.9428335877331607 and parameters: {'learning_rate': 0.05812689266493824, 'depth': 10, 'l2_leaf_reg': 2.923695794306846, 'border_count': 85}. Best is trial 28 with value: -0.9431280356061487.
[I 2025-08-05 22:00:20,118] Trial 44 finished with value: -0.9427175980561865 and parameters: {'learning_rate': 0.02298384347018129, 'depth': 11, 'l2_leaf_reg': 2.4869577114624533, 'border_count': 235}. Best is trial 28 with value: -0.9431280356061487.
[I 2025-08-05 22:00:36,278] Trial 45 finished with value: -0.9424393675889066 and parameters: {'learning_rate': 0.07713745958428486, 'depth': 9, 'l2_leaf_reg': 3.815460530201026, 'border_count': 221}. Best is trial 28 with value: -0.9431280356061487.
[I 2025-08-05 22:00:46,441] Trial 46 finished with value: -0.9423185835289042 and parameters: {'learning_rate': 0.10658292435344957, 'depth': 10, 'l2_leaf_reg': 1.262527844934136, 'border_count': 133}. Best is trial 28 with value: -0.9431280356061487.
[I 2025-08-05 22:01:15,417] Trial 47 finished with value: -0.9396628638481023 and parameters: {'learning_rate': 0.14016359035453274, 'depth': 12, 'l2_leaf_reg': 4.557085536671287, 'border_count': 170}. Best is trial 28 with value: -0.9431280356061487.
[I 2025-08-05 22:01:40,288] Trial 48 finished with value: -0.94270401803817 and parameters: {'learning_rate': 0.04287474209323773, 'depth': 10, 'l2_leaf_reg': 3.020282830969709, 'border_count': 210}. Best is trial 28 with value: -0.9431280356061487.
[I 2025-08-05 22:02:23,918] Trial 49 finished with value: -0.9422522558450602 and parameters: {'learning_rate': 0.024797944516010192, 'depth': 11, 'l2_leaf_reg': 5.299579368404125, 'border_count': 254}. Best is trial 28 with value: -0.9431280356061487.
[I 2025-08-05 22:02:41,682] Trial 50 finished with value: -0.9429848410224052 and parameters: {'learning_rate': 0.05129150172298022, 'depth': 9, 'l2_leaf_reg': 3.6319313660583874, 'border_count': 49}. Best is trial 28 with value: -0.9431280356061487.
[I 2025-08-05 22:03:00,233] Trial 51 finished with value: -0.9428219506750534 and parameters: {'learning_rate': 0.05086898450516008, 'depth': 9, 'l2_leaf_reg': 3.512263065898063, 'border_count': 48}. Best is trial 28 with value: -0.9431280356061487.
[I 2025-08-05 22:03:17,613] Trial 52 finished with value: -0.9421024435034532 and parameters: {'learning_rate': 0.04814333495165513, 'depth': 8, 'l2_leaf_reg': 4.1820418188040165, 'border_count': 61}. Best is trial 28 with value: -0.9431280356061487.
[I 2025-08-05 22:03:41,259] Trial 53 finished with value: -0.9425775534109407 and parameters: {'learning_rate': 0.034003659085575434, 'depth': 9, 'l2_leaf_reg': 2.632879035482573, 'border_count': 79}. Best is trial 28 with value: -0.9431280356061487.
[I 2025-08-05 22:03:54,688] Trial 54 finished with value: -0.9423347046435115 and parameters: {'learning_rate': 0.06368786948011068, 'depth': 8, 'l2_leaf_reg': 3.7454747123193677, 'border_count': 33}. Best is trial 28 with value: -0.9431280356061487.
[I 2025-08-05 22:04:14,534] Trial 55 finished with value: -0.9430651386800506 and parameters: {'learning_rate': 0.0766076480071888, 'depth': 10, 'l2_leaf_reg': 6.0101255975370655, 'border_count': 107}. Best is trial 28 with value: -0.9431280356061487.
[I 2025-08-05 22:04:33,917] Trial 56 finished with value: -0.9428053460574889 and parameters: {'learning_rate': 0.07534041984072042, 'depth': 9, 'l2_leaf_reg': 6.163486909887137, 'border_count': 113}. Best is trial 28 with value: -0.9431280356061487.
[I 2025-08-05 22:04:48,469] Trial 57 finished with value: -0.9428221777631428 and parameters: {'learning_rate': 0.11948456608880467, 'depth': 10, 'l2_leaf_reg': 7.538042161867778, 'border_count': 126}. Best is trial 28 with value: -0.9431280356061487.
[I 2025-08-05 22:05:13,459] Trial 58 finished with value: -0.9425502945739195 and parameters: {'learning_rate': 0.09188882632116548, 'depth': 11, 'l2_leaf_reg': 6.810498748080285, 'border_count': 156}. Best is trial 28 with value: -0.9431280356061487.
[I 2025-08-05 22:05:33,299] Trial 59 finished with value: -0.9429541199139049 and parameters: {'learning_rate': 0.06868771069172894, 'depth': 10, 'l2_leaf_reg': 5.326968766919445, 'border_count': 100}. Best is trial 28 with value: -0.9431280356061487.
[I 2025-08-05 22:05:48,072] Trial 60 finished with value: -0.9404441678766056 and parameters: {'learning_rate': 0.05495985978423373, 'depth': 7, 'l2_leaf_reg': 5.903486082961492, 'border_count': 153}. Best is trial 28 with value: -0.9431280356061487.
[I 2025-08-05 22:06:08,429] Trial 61 finished with value: -0.9430133127224529 and parameters: {'learning_rate': 0.07024631490336256, 'depth': 10, 'l2_leaf_reg': 5.21069730890777, 'border_count': 104}. Best is trial 28 with value: -0.9431280356061487.
[I 2025-08-05 22:06:27,892] Trial 62 finished with value: -0.9427624233465259 and parameters: {'learning_rate': 0.0819995376563252, 'depth': 10, 'l2_leaf_reg': 4.785462189649322, 'border_count': 109}. Best is trial 28 with value: -0.9431280356061487.
[I 2025-08-05 22:06:53,601] Trial 63 finished with value: -0.9419796594453228 and parameters: {'learning_rate': 0.07167441096408604, 'depth': 11, 'l2_leaf_reg': 4.3287968090079225, 'border_count': 135}. Best is trial 28 with value: -0.9431280356061487.
[I 2025-08-05 22:07:07,232] Trial 64 finished with value: -0.9424069591181727 and parameters: {'learning_rate': 0.1002457334812009, 'depth': 9, 'l2_leaf_reg': 5.838125453387559, 'border_count': 87}. Best is trial 28 with value: -0.9431280356061487.
[I 2025-08-05 22:07:30,033] Trial 65 finished with value: -0.9428035341327339 and parameters: {'learning_rate': 0.0418838713109863, 'depth': 9, 'l2_leaf_reg': 5.119059320259712, 'border_count': 122}. Best is trial 28 with value: -0.9431280356061487.
[I 2025-08-05 22:07:51,546] Trial 66 finished with value: -0.9429760520583745 and parameters: {'learning_rate': 0.05721538475099747, 'depth': 10, 'l2_leaf_reg': 6.237011840690992, 'border_count': 72}. Best is trial 28 with value: -0.9431280356061487.
[I 2025-08-05 22:08:03,043] Trial 67 finished with value: -0.9431342588656383 and parameters: {'learning_rate': 0.12977656999309892, 'depth': 10, 'l2_leaf_reg': 6.815051080052627, 'border_count': 71}. Best is trial 67 with value: -0.9431342588656383.
[I 2025-08-05 22:08:20,606] Trial 68 finished with value: -0.9407991478465565 and parameters: {'learning_rate': 0.14764692288492812, 'depth': 11, 'l2_leaf_reg': 8.064572669937355, 'border_count': 62}. Best is trial 67 with value: -0.9431342588656383.
[I 2025-08-05 22:08:30,896] Trial 69 finished with value: -0.9416214428791576 and parameters: {'learning_rate': 0.12812942948326303, 'depth': 10, 'l2_leaf_reg': 7.1332676144181155, 'border_count': 44}. Best is trial 67 with value: -0.9431342588656383.
[I 2025-08-05 22:09:01,361] Trial 70 finished with value: -0.9405767156919153 and parameters: {'learning_rate': 0.18819216148186574, 'depth': 12, 'l2_leaf_reg': 9.987768393033573, 'border_count': 81}. Best is trial 67 with value: -0.9431342588656383.
[I 2025-08-05 22:09:14,831] Trial 71 finished with value: -0.9423918493261363 and parameters: {'learning_rate': 0.10730454674229138, 'depth': 10, 'l2_leaf_reg': 6.379414148456539, 'border_count': 75}. Best is trial 67 with value: -0.9431342588656383.
[I 2025-08-05 22:09:29,502] Trial 72 finished with value: -0.9431724553869149 and parameters: {'learning_rate': 0.09061655070754851, 'depth': 10, 'l2_leaf_reg': 6.637166053315614, 'border_count': 57}. Best is trial 72 with value: -0.9431724553869149.
[I 2025-08-05 22:09:50,292] Trial 73 finished with value: -0.9416226796582267 and parameters: {'learning_rate': 0.08931225875537213, 'depth': 11, 'l2_leaf_reg': 6.781555217188022, 'border_count': 55}. Best is trial 72 with value: -0.9431724553869149.
[I 2025-08-05 22:10:03,279] Trial 74 finished with value: -0.9424568054956659 and parameters: {'learning_rate': 0.1524681257389112, 'depth': 10, 'l2_leaf_reg': 7.855577959535804, 'border_count': 98}. Best is trial 72 with value: -0.9431724553869149.
[I 2025-08-05 22:10:35,277] Trial 75 finished with value: -0.9422461419013828 and parameters: {'learning_rate': 0.08135883873177156, 'depth': 11, 'l2_leaf_reg': 7.051280565422536, 'border_count': 91}. Best is trial 72 with value: -0.9431724553869149.
[I 2025-08-05 22:10:48,363] Trial 76 finished with value: -0.9428545577733068 and parameters: {'learning_rate': 0.11321027429519863, 'depth': 10, 'l2_leaf_reg': 6.618497780058233, 'border_count': 52}. Best is trial 72 with value: -0.9431724553869149.
[I 2025-08-05 22:10:58,624] Trial 77 finished with value: -0.9426015665104407 and parameters: {'learning_rate': 0.13343502574213445, 'depth': 9, 'l2_leaf_reg': 5.654331188521088, 'border_count': 68}. Best is trial 72 with value: -0.9431724553869149.
[I 2025-08-05 22:11:15,159] Trial 78 finished with value: -0.9419372506063353 and parameters: {'learning_rate': 0.06452175076932594, 'depth': 11, 'l2_leaf_reg': 3.0463616934958737, 'border_count': 42}. Best is trial 72 with value: -0.9431724553869149.
[I 2025-08-05 22:11:29,433] Trial 79 finished with value: -0.9428383820113909 and parameters: {'learning_rate': 0.09525717944134543, 'depth': 10, 'l2_leaf_reg': 7.4620707801943285, 'border_count': 62}. Best is trial 72 with value: -0.9431724553869149.
[I 2025-08-05 22:11:39,309] Trial 80 finished with value: -0.889224050085159 and parameters: {'learning_rate': 0.013943116780134197, 'depth': 4, 'l2_leaf_reg': 4.0048314240293745, 'border_count': 106}. Best is trial 72 with value: -0.9431724553869149.
[I 2025-08-05 22:12:02,266] Trial 81 finished with value: -0.9428126977897081 and parameters: {'learning_rate': 0.04640554617523816, 'depth': 10, 'l2_leaf_reg': 6.089649819028433, 'border_count': 73}. Best is trial 72 with value: -0.9431724553869149.
[I 2025-08-05 22:12:23,114] Trial 82 finished with value: -0.9425547718971069 and parameters: {'learning_rate': 0.07283106960318442, 'depth': 10, 'l2_leaf_reg': 6.269874730206288, 'border_count': 93}. Best is trial 72 with value: -0.9431724553869149.
[I 2025-08-05 22:12:43,565] Trial 83 finished with value: -0.9428537346577295 and parameters: {'learning_rate': 0.060556143473870686, 'depth': 9, 'l2_leaf_reg': 6.574484364737053, 'border_count': 118}. Best is trial 72 with value: -0.9431724553869149.
[I 2025-08-05 22:13:01,380] Trial 84 finished with value: -0.943229884598642 and parameters: {'learning_rate': 0.05449934549264481, 'depth': 10, 'l2_leaf_reg': 3.543291636846423, 'border_count': 58}. Best is trial 84 with value: -0.943229884598642.
[I 2025-08-05 22:13:12,321] Trial 85 finished with value: -0.9426832072431612 and parameters: {'learning_rate': 0.10678906550059873, 'depth': 10, 'l2_leaf_reg': 3.5864566774984783, 'border_count': 50}. Best is trial 84 with value: -0.943229884598642.
[I 2025-08-05 22:13:36,486] Trial 86 finished with value: -0.9423335418750725 and parameters: {'learning_rate': 0.08255613548956028, 'depth': 11, 'l2_leaf_reg': 3.2209920365384903, 'border_count': 141}. Best is trial 84 with value: -0.943229884598642.
[I 2025-08-05 22:13:57,667] Trial 87 finished with value: -0.9426158956820011 and parameters: {'learning_rate': 0.038656758609665, 'depth': 9, 'l2_leaf_reg': 3.9599373465884122, 'border_count': 60}. Best is trial 84 with value: -0.943229884598642.
[I 2025-08-05 22:14:16,886] Trial 88 finished with value: -0.942846759454714 and parameters: {'learning_rate': 0.05318549632296007, 'depth': 10, 'l2_leaf_reg': 2.7764896343126493, 'border_count': 247}. Best is trial 84 with value: -0.943229884598642.
[I 2025-08-05 22:14:33,200] Trial 89 finished with value: -0.9405470727933704 and parameters: {'learning_rate': 0.031106757226604862, 'depth': 8, 'l2_leaf_reg': 8.840158603959413, 'border_count': 38}. Best is trial 84 with value: -0.943229884598642.
[I 2025-08-05 22:14:48,902] Trial 90 finished with value: -0.9424300788862601 and parameters: {'learning_rate': 0.06666992463008417, 'depth': 9, 'l2_leaf_reg': 2.151746346146333, 'border_count': 180}. Best is trial 84 with value: -0.943229884598642.
[I 2025-08-05 22:15:09,142] Trial 91 finished with value: -0.9429522796551687 and parameters: {'learning_rate': 0.05651233368664576, 'depth': 10, 'l2_leaf_reg': 6.853356290767176, 'border_count': 67}. Best is trial 84 with value: -0.943229884598642.
[I 2025-08-05 22:15:29,392] Trial 92 finished with value: -0.9429690034783336 and parameters: {'learning_rate': 0.0472823396712481, 'depth': 10, 'l2_leaf_reg': 6.075829480462228, 'border_count': 56}. Best is trial 84 with value: -0.943229884598642.
[I 2025-08-05 22:16:04,600] Trial 93 finished with value: -0.9412227647501858 and parameters: {'learning_rate': 0.07843879804411949, 'depth': 12, 'l2_leaf_reg': 3.4767743521360535, 'border_count': 72}. Best is trial 84 with value: -0.943229884598642.
[I 2025-08-05 22:16:18,970] Trial 94 finished with value: -0.9421490171985646 and parameters: {'learning_rate': 0.11442366792795264, 'depth': 10, 'l2_leaf_reg': 7.289608220287802, 'border_count': 80}. Best is trial 84 with value: -0.943229884598642.
[I 2025-08-05 22:16:35,633] Trial 95 finished with value: -0.9420007137564822 and parameters: {'learning_rate': 0.08784067553619183, 'depth': 11, 'l2_leaf_reg': 5.74245736817175, 'border_count': 47}. Best is trial 84 with value: -0.943229884598642.
[I 2025-08-05 22:16:48,310] Trial 96 finished with value: -0.9423191542335732 and parameters: {'learning_rate': 0.09883090965406585, 'depth': 8, 'l2_leaf_reg': 5.442065163185126, 'border_count': 86}. Best is trial 84 with value: -0.943229884598642.
[I 2025-08-05 22:17:05,874] Trial 97 finished with value: -0.9427212523565147 and parameters: {'learning_rate': 0.04413581712336465, 'depth': 9, 'l2_leaf_reg': 4.620611894714477, 'border_count': 32}. Best is trial 84 with value: -0.943229884598642.
[I 2025-08-05 22:17:30,279] Trial 98 finished with value: -0.9432778819343897 and parameters: {'learning_rate': 0.035517987785120005, 'depth': 10, 'l2_leaf_reg': 4.33299092921435, 'border_count': 66}. Best is trial 98 with value: -0.9432778819343897.
[I 2025-08-05 22:17:54,153] Trial 99 finished with value: -0.9429484621274125 and parameters: {'learning_rate': 0.035125663557533736, 'depth': 10, 'l2_leaf_reg': 4.423656928370156, 'border_count': 64}. Best is trial 98 with value: -0.9432778819343897.
[I 2025-08-05 22:18:35,289] Trial 100 finished with value: -0.9428114598843784 and parameters: {'learning_rate': 0.025409591576293796, 'depth': 11, 'l2_leaf_reg': 3.8426427952551063, 'border_count': 149}. Best is trial 98 with value: -0.9432778819343897.
[I 2025-08-05 22:18:58,147] Trial 101 finished with value: -0.9429104634174699 and parameters: {'learning_rate': 0.04019229055268166, 'depth': 10, 'l2_leaf_reg': 4.176910313977138, 'border_count': 57}. Best is trial 98 with value: -0.9432778819343897.
[I 2025-08-05 22:19:18,477] Trial 102 finished with value: -0.942961237939658 and parameters: {'learning_rate': 0.049423408095883865, 'depth': 10, 'l2_leaf_reg': 3.149775383908324, 'border_count': 75}. Best is trial 98 with value: -0.9432778819343897.
[I 2025-08-05 22:19:31,281] Trial 103 finished with value: -0.939134035841008 and parameters: {'learning_rate': 0.0585825127844495, 'depth': 6, 'l2_leaf_reg': 3.3766436949465577, 'border_count': 67}. Best is trial 98 with value: -0.9432778819343897.
[I 2025-08-05 22:19:53,826] Trial 104 finished with value: -0.9429165303118641 and parameters: {'learning_rate': 0.032175557928832484, 'depth': 10, 'l2_leaf_reg': 4.689664771442583, 'border_count': 46}. Best is trial 98 with value: -0.9432778819343897.
[I 2025-08-05 22:20:12,375] Trial 105 finished with value: -0.9427519644007406 and parameters: {'learning_rate': 0.0690200314389651, 'depth': 9, 'l2_leaf_reg': 5.205363090856304, 'border_count': 234}. Best is trial 98 with value: -0.9432778819343897.
[I 2025-08-05 22:20:27,278] Trial 106 finished with value: -0.943014166616595 and parameters: {'learning_rate': 0.07593739056281919, 'depth': 10, 'l2_leaf_reg': 3.649946989589488, 'border_count': 52}. Best is trial 98 with value: -0.9432778819343897.
[I 2025-08-05 22:20:43,018] Trial 107 finished with value: -0.9417937321418751 and parameters: {'learning_rate': 0.07563427000783991, 'depth': 11, 'l2_leaf_reg': 2.7601791575064043, 'border_count': 41}. Best is trial 98 with value: -0.9432778819343897.
[I 2025-08-05 22:20:55,560] Trial 108 finished with value: -0.9425610218235851 and parameters: {'learning_rate': 0.09447654932980647, 'depth': 10, 'l2_leaf_reg': 4.293811052104646, 'border_count': 54}. Best is trial 98 with value: -0.9432778819343897.
[I 2025-08-05 22:21:14,813] Trial 109 finished with value: -0.9422682990220691 and parameters: {'learning_rate': 0.061637346338844656, 'depth': 9, 'l2_leaf_reg': 3.7006642267437058, 'border_count': 190}. Best is trial 98 with value: -0.9432778819343897.
[I 2025-08-05 22:21:37,587] Trial 110 finished with value: -0.9422161568153312 and parameters: {'learning_rate': 0.08603774076882283, 'depth': 11, 'l2_leaf_reg': 3.4487176428763218, 'border_count': 167}. Best is trial 98 with value: -0.9432778819343897.
[I 2025-08-05 22:21:59,381] Trial 111 finished with value: -0.9425965256036231 and parameters: {'learning_rate': 0.0367959953998531, 'depth': 10, 'l2_leaf_reg': 3.6517961190539077, 'border_count': 51}. Best is trial 98 with value: -0.9432778819343897.
[I 2025-08-05 22:22:21,521] Trial 112 finished with value: -0.9431369631075869 and parameters: {'learning_rate': 0.053833905920568755, 'depth': 10, 'l2_leaf_reg': 6.32293449511947, 'border_count': 79}. Best is trial 98 with value: -0.9432778819343897.
[I 2025-08-05 22:22:40,867] Trial 113 finished with value: -0.942942784409257 and parameters: {'learning_rate': 0.07321194969174849, 'depth': 10, 'l2_leaf_reg': 3.9247323735019646, 'border_count': 102}. Best is trial 98 with value: -0.9432778819343897.
[I 2025-08-05 22:23:02,814] Trial 114 finished with value: -0.9428633390853897 and parameters: {'learning_rate': 0.053249734896678544, 'depth': 10, 'l2_leaf_reg': 6.4901572802605925, 'border_count': 58}. Best is trial 98 with value: -0.9432778819343897.
[I 2025-08-05 22:23:19,980] Trial 115 finished with value: -0.9423574192136629 and parameters: {'learning_rate': 0.06510363826951646, 'depth': 10, 'l2_leaf_reg': 3.001841811974714, 'border_count': 112}. Best is trial 98 with value: -0.9432778819343897.
[I 2025-08-05 22:23:41,970] Trial 116 finished with value: -0.9423380345084726 and parameters: {'learning_rate': 0.02919397346072728, 'depth': 9, 'l2_leaf_reg': 4.869293463263759, 'border_count': 65}. Best is trial 98 with value: -0.9432778819343897.
[I 2025-08-05 22:24:05,669] Trial 117 finished with value: -0.9428062735065369 and parameters: {'learning_rate': 0.04535174683928676, 'depth': 10, 'l2_leaf_reg': 4.121685852851939, 'border_count': 77}. Best is trial 98 with value: -0.9432778819343897.
[I 2025-08-05 22:24:27,057] Trial 118 finished with value: -0.9429736729040112 and parameters: {'learning_rate': 0.12272841530239693, 'depth': 11, 'l2_leaf_reg': 5.9242103126212005, 'border_count': 94}. Best is trial 98 with value: -0.9432778819343897.
[I 2025-08-05 22:24:48,914] Trial 119 finished with value: -0.9431927166231345 and parameters: {'learning_rate': 0.04973416505091599, 'depth': 9, 'l2_leaf_reg': 6.7149024098668235, 'border_count': 85}. Best is trial 98 with value: -0.9432778819343897.
[I 2025-08-05 22:25:15,331] Trial 120 finished with value: -0.9428783975502899 and parameters: {'learning_rate': 0.04159770073796744, 'depth': 10, 'l2_leaf_reg': 6.968457977748343, 'border_count': 89}. Best is trial 98 with value: -0.9432778819343897.
[I 2025-08-05 22:25:33,166] Trial 121 finished with value: -0.9431471992421183 and parameters: {'learning_rate': 0.07823014481681492, 'depth': 9, 'l2_leaf_reg': 6.6647862066540915, 'border_count': 71}. Best is trial 98 with value: -0.9432778819343897.
[I 2025-08-05 22:25:46,161] Trial 122 finished with value: -0.9423164002937664 and parameters: {'learning_rate': 0.10124743297701463, 'depth': 8, 'l2_leaf_reg': 6.657588205168641, 'border_count': 81}. Best is trial 98 with value: -0.9432778819343897.
