[I 2025-08-06 12:34:43,923] Trial 148 finished with value: -0.9859307502306853 and parameters: {'learning_rate': 0.18852095305794078, 'num_leaves': 207, 'max_depth': 4, 'min_child_samples': 14, 'feature_fraction': 0.7880032420618206, 'bagging_fraction': 0.8677161659688943, 'reg_alpha': 2.905350539660205e-05, 'reg_lambda': 0.4575342777990121}. Best is trial 131 with value: -0.9887257100865543.
[I 2025-08-06 12:34:45,731] Trial 149 finished with value: -0.9863422291127042 and parameters: {'learning_rate': 0.19842011651053057, 'num_leaves': 233, 'max_depth': 5, 'min_child_samples': 17, 'feature_fraction': 0.843413973279858, 'bagging_fraction': 0.8408176539547692, 'reg_alpha': 3.715086010488598e-05, 'reg_lambda': 2.5823796717805303}. Best is trial 131 with value: -0.9887257100865543.
2025-08-06 12:34:46 [INFO] Model selection complete. Validation metrics: {'val_catboost': 0.9947816916685762, 'val_lightgbm': 0.993543410756154, 'val_ensemble': 0.9952995853659523}
2025-08-06 12:34:46 [INFO] Selected best model 'ensemble' with validation R²=0.9953
2025-08-06 12:34:46 [INFO] Retraining best model 'ensemble' on full dataset
2025-08-06 12:34:48 [INFO] Retraining completed in 1.57s
2025-08-06 12:34:48 [INFO] Saved final model to '/work/dlclarge2/latifajr-dl_lab_project/autoML/automl-exam-ss25-tabular-freiburg-template/modelsFinal-brazilian_houses_rona/final_ensemble.pkl'
2025-08-06 12:34:48 [INFO] Tree-based → /work/dlclarge2/latifajr-dl_lab_project/autoML/automl-exam-ss25-tabular-freiburg-template/modelsFinal-brazilian_houses_rona/final_ensemble.pkl (R²=0.9953)
2025-08-06 12:34:48 [INFO] Training TabNet model...
[I 2025-08-06 12:34:48,065] A new study created in memory with name: no-name-5fca7e5f-a226-47f2-860c-4143c05a865d
/work/dlclarge2/latifajr-dl_lab_project/autoML/automl-exam-ss25-tabular-freiburg-template/automl-tabular-env/lib/python3.10/site-packages/pytorch_tabnet/callbacks.py:172: UserWarning: Best weights from best epoch are automatically used!
  warnings.warn(wrn_msg)
[I 2025-08-06 12:35:11,600] Trial 0 finished with value: 0.8950868834618051 and parameters: {'n_d': 55, 'n_a': 42, 'n_steps': 6, 'gamma': 1.2113087408012837, 'lambda_sparse': 0.0036269816933339745, 'lr': 0.061537639953476365, 'weight_decay': 7.31747915101107e-05}. Best is trial 0 with value: 0.8950868834618051.
/work/dlclarge2/latifajr-dl_lab_project/autoML/automl-exam-ss25-tabular-freiburg-template/automl-tabular-env/lib/python3.10/site-packages/pytorch_tabnet/callbacks.py:172: UserWarning: Best weights from best epoch are automatically used!
  warnings.warn(wrn_msg)
[I 2025-08-06 12:35:45,617] Trial 1 finished with value: 0.9126374389560322 and parameters: {'n_d': 8, 'n_a': 15, 'n_steps': 10, 'gamma': 1.5247806889072109, 'lambda_sparse': 0.008043543080413884, 'lr': 0.06811637235325715, 'weight_decay': 1.0492964916760294e-05}. Best is trial 1 with value: 0.9126374389560322.
/work/dlclarge2/latifajr-dl_lab_project/autoML/automl-exam-ss25-tabular-freiburg-template/automl-tabular-env/lib/python3.10/site-packages/pytorch_tabnet/callbacks.py:172: UserWarning: Best weights from best epoch are automatically used!
  warnings.warn(wrn_msg)
[I 2025-08-06 12:36:05,398] Trial 2 finished with value: 0.8917353127380089 and parameters: {'n_d': 60, 'n_a': 26, 'n_steps': 3, 'gamma': 1.6703209769013614, 'lambda_sparse': 1.195262827454471e-05, 'lr': 0.0007071992103617809, 'weight_decay': 0.0003755736350476417}. Best is trial 1 with value: 0.9126374389560322.
/work/dlclarge2/latifajr-dl_lab_project/autoML/automl-exam-ss25-tabular-freiburg-template/automl-tabular-env/lib/python3.10/site-packages/pytorch_tabnet/callbacks.py:172: UserWarning: Best weights from best epoch are automatically used!
  warnings.warn(wrn_msg)
[I 2025-08-06 12:36:50,431] Trial 3 finished with value: 0.9093978030472027 and parameters: {'n_d': 8, 'n_a': 39, 'n_steps': 10, 'gamma': 1.111116294898661, 'lambda_sparse': 0.00011014947656684952, 'lr': 0.03158197782084971, 'weight_decay': 8.832427039017618e-05}. Best is trial 1 with value: 0.9126374389560322.
/work/dlclarge2/latifajr-dl_lab_project/autoML/automl-exam-ss25-tabular-freiburg-template/automl-tabular-env/lib/python3.10/site-packages/pytorch_tabnet/callbacks.py:172: UserWarning: Best weights from best epoch are automatically used!
  warnings.warn(wrn_msg)
[I 2025-08-06 12:37:28,767] Trial 4 finished with value: 0.7677443661201915 and parameters: {'n_d': 30, 'n_a': 26, 'n_steps': 8, 'gamma': 1.5927286469518718, 'lambda_sparse': 3.524525745958899e-05, 'lr': 0.0006375474577027486, 'weight_decay': 2.1027850066848154e-05}. Best is trial 1 with value: 0.9126374389560322.
/work/dlclarge2/latifajr-dl_lab_project/autoML/automl-exam-ss25-tabular-freiburg-template/automl-tabular-env/lib/python3.10/site-packages/pytorch_tabnet/callbacks.py:172: UserWarning: Best weights from best epoch are automatically used!
  warnings.warn(wrn_msg)
[I 2025-08-06 12:37:56,998] Trial 5 finished with value: 0.9103266920083829 and parameters: {'n_d': 40, 'n_a': 54, 'n_steps': 8, 'gamma': 1.942739785621861, 'lambda_sparse': 0.00032534672134420546, 'lr': 0.04547872483967805, 'weight_decay': 0.000807230169519034}. Best is trial 1 with value: 0.9126374389560322.
/work/dlclarge2/latifajr-dl_lab_project/autoML/automl-exam-ss25-tabular-freiburg-template/automl-tabular-env/lib/python3.10/site-packages/pytorch_tabnet/callbacks.py:172: UserWarning: Best weights from best epoch are automatically used!
  warnings.warn(wrn_msg)
[I 2025-08-06 12:38:29,725] Trial 6 finished with value: 0.8924850776637046 and parameters: {'n_d': 22, 'n_a': 57, 'n_steps': 10, 'gamma': 1.6883086583948654, 'lambda_sparse': 0.00026195520316811636, 'lr': 0.06276815531433592, 'weight_decay': 0.0003788155924654705}. Best is trial 1 with value: 0.9126374389560322.
/work/dlclarge2/latifajr-dl_lab_project/autoML/automl-exam-ss25-tabular-freiburg-template/automl-tabular-env/lib/python3.10/site-packages/pytorch_tabnet/callbacks.py:172: UserWarning: Best weights from best epoch are automatically used!
  warnings.warn(wrn_msg)
[I 2025-08-06 12:38:53,417] Trial 7 finished with value: 0.940849855433217 and parameters: {'n_d': 58, 'n_a': 20, 'n_steps': 5, 'gamma': 1.1723235188243963, 'lambda_sparse': 0.0005096367695229615, 'lr': 0.04054257099756988, 'weight_decay': 0.00030555053607334145}. Best is trial 7 with value: 0.940849855433217.
/work/dlclarge2/latifajr-dl_lab_project/autoML/automl-exam-ss25-tabular-freiburg-template/automl-tabular-env/lib/python3.10/site-packages/pytorch_tabnet/callbacks.py:172: UserWarning: Best weights from best epoch are automatically used!
  warnings.warn(wrn_msg)
[I 2025-08-06 12:39:11,441] Trial 8 finished with value: 0.8426448990972556 and parameters: {'n_d': 58, 'n_a': 28, 'n_steps': 4, 'gamma': 1.442707718486511, 'lambda_sparse': 0.0016195330500492608, 'lr': 0.015903912225419873, 'weight_decay': 0.0008763711219671065}. Best is trial 7 with value: 0.940849855433217.
/work/dlclarge2/latifajr-dl_lab_project/autoML/automl-exam-ss25-tabular-freiburg-template/automl-tabular-env/lib/python3.10/site-packages/pytorch_tabnet/callbacks.py:172: UserWarning: Best weights from best epoch are automatically used!
  warnings.warn(wrn_msg)
[I 2025-08-06 12:39:37,213] Trial 9 finished with value: 0.9221221854429712 and parameters: {'n_d': 22, 'n_a': 56, 'n_steps': 5, 'gamma': 1.8501925515955968, 'lambda_sparse': 0.0062645090226120005, 'lr': 0.02457505185804087, 'weight_decay': 0.0005492335529572385}. Best is trial 7 with value: 0.940849855433217.
/work/dlclarge2/latifajr-dl_lab_project/autoML/automl-exam-ss25-tabular-freiburg-template/automl-tabular-env/lib/python3.10/site-packages/pytorch_tabnet/callbacks.py:172: UserWarning: Best weights from best epoch are automatically used!
  warnings.warn(wrn_msg)
[I 2025-08-06 12:40:12,071] Trial 10 finished with value: 0.8897703472811249 and parameters: {'n_d': 40, 'n_a': 10, 'n_steps': 7, 'gamma': 1.2964163785660137, 'lambda_sparse': 0.000897153490229781, 'lr': 0.00492455268038576, 'weight_decay': 1.2621614213332745e-06}. Best is trial 7 with value: 0.940849855433217.
/work/dlclarge2/latifajr-dl_lab_project/autoML/automl-exam-ss25-tabular-freiburg-template/automl-tabular-env/lib/python3.10/site-packages/pytorch_tabnet/callbacks.py:172: UserWarning: Best weights from best epoch are automatically used!
  warnings.warn(wrn_msg)
[I 2025-08-06 12:40:37,469] Trial 11 finished with value: 0.9072796197209432 and parameters: {'n_d': 26, 'n_a': 63, 'n_steps': 5, 'gamma': 1.9598118966220786, 'lambda_sparse': 0.0009752655054718465, 'lr': 0.0071658727221869025, 'weight_decay': 0.00014213729311508266}. Best is trial 7 with value: 0.940849855433217.
/work/dlclarge2/latifajr-dl_lab_project/autoML/automl-exam-ss25-tabular-freiburg-template/automl-tabular-env/lib/python3.10/site-packages/pytorch_tabnet/callbacks.py:172: UserWarning: Best weights from best epoch are automatically used!
  warnings.warn(wrn_msg)
[I 2025-08-06 12:41:03,775] Trial 12 finished with value: 0.7012197541718475 and parameters: {'n_d': 48, 'n_a': 48, 'n_steps': 5, 'gamma': 1.0143688621041573, 'lambda_sparse': 0.0062606064069311695, 'lr': 0.00015753068052967652, 'weight_decay': 0.00017024493931971208}. Best is trial 7 with value: 0.940849855433217.
/work/dlclarge2/latifajr-dl_lab_project/autoML/automl-exam-ss25-tabular-freiburg-template/automl-tabular-env/lib/python3.10/site-packages/pytorch_tabnet/callbacks.py:172: UserWarning: Best weights from best epoch are automatically used!
  warnings.warn(wrn_msg)
[I 2025-08-06 12:41:20,028] Trial 13 finished with value: 0.7955904210000587 and parameters: {'n_d': 19, 'n_a': 19, 'n_steps': 3, 'gamma': 1.7938829827760645, 'lambda_sparse': 0.0002500656275611584, 'lr': 0.012405652098444644, 'weight_decay': 6.324367092855166e-06}. Best is trial 7 with value: 0.940849855433217.
/work/dlclarge2/latifajr-dl_lab_project/autoML/automl-exam-ss25-tabular-freiburg-template/automl-tabular-env/lib/python3.10/site-packages/pytorch_tabnet/callbacks.py:172: UserWarning: Best weights from best epoch are automatically used!
  warnings.warn(wrn_msg)
[I 2025-08-06 12:41:45,975] Trial 14 finished with value: 0.8963826549011273 and parameters: {'n_d': 49, 'n_a': 35, 'n_steps': 5, 'gamma': 1.3423335149913933, 'lambda_sparse': 0.002267588945396778, 'lr': 0.0017805177653304688, 'weight_decay': 0.0002774680502056607}. Best is trial 7 with value: 0.940849855433217.
/work/dlclarge2/latifajr-dl_lab_project/autoML/automl-exam-ss25-tabular-freiburg-template/automl-tabular-env/lib/python3.10/site-packages/pytorch_tabnet/callbacks.py:172: UserWarning: Best weights from best epoch are automatically used!
  warnings.warn(wrn_msg)
[I 2025-08-06 12:42:16,500] Trial 15 finished with value: 0.9068715602426816 and parameters: {'n_d': 32, 'n_a': 47, 'n_steps': 6, 'gamma': 1.806165140973018, 'lambda_sparse': 7.242825525967848e-05, 'lr': 0.015748875253636566, 'weight_decay': 4.469303509482431e-05}. Best is trial 7 with value: 0.940849855433217.
/work/dlclarge2/latifajr-dl_lab_project/autoML/automl-exam-ss25-tabular-freiburg-template/automl-tabular-env/lib/python3.10/site-packages/pytorch_tabnet/callbacks.py:172: UserWarning: Best weights from best epoch are automatically used!
  warnings.warn(wrn_msg)
[I 2025-08-06 12:42:37,210] Trial 16 finished with value: 0.9152340755405162 and parameters: {'n_d': 18, 'n_a': 33, 'n_steps': 4, 'gamma': 1.44070652371054, 'lambda_sparse': 0.0005957585933969558, 'lr': 0.027593361206685187, 'weight_decay': 0.0009576614018689377}. Best is trial 7 with value: 0.940849855433217.
/work/dlclarge2/latifajr-dl_lab_project/autoML/automl-exam-ss25-tabular-freiburg-template/automl-tabular-env/lib/python3.10/site-packages/pytorch_tabnet/callbacks.py:172: UserWarning: Best weights from best epoch are automatically used!
  warnings.warn(wrn_msg)
[I 2025-08-06 12:43:00,945] Trial 17 finished with value: 0.8819658310970775 and parameters: {'n_d': 63, 'n_a': 19, 'n_steps': 4, 'gamma': 1.1538864624580134, 'lambda_sparse': 0.009689436393067673, 'lr': 0.0023304943617575027, 'weight_decay': 0.00036502726451211444}. Best is trial 7 with value: 0.940849855433217.
/work/dlclarge2/latifajr-dl_lab_project/autoML/automl-exam-ss25-tabular-freiburg-template/automl-tabular-env/lib/python3.10/site-packages/pytorch_tabnet/callbacks.py:172: UserWarning: Best weights from best epoch are automatically used!
  warnings.warn(wrn_msg)
[I 2025-08-06 12:43:30,429] Trial 18 finished with value: 0.9311713351757797 and parameters: {'n_d': 37, 'n_a': 64, 'n_steps': 7, 'gamma': 1.8236612323229413, 'lambda_sparse': 0.0029773614661391273, 'lr': 0.09988056292796328, 'weight_decay': 2.4696737299767987e-05}. Best is trial 7 with value: 0.940849855433217.
/work/dlclarge2/latifajr-dl_lab_project/autoML/automl-exam-ss25-tabular-freiburg-template/automl-tabular-env/lib/python3.10/site-packages/pytorch_tabnet/callbacks.py:172: UserWarning: Best weights from best epoch are automatically used!
  warnings.warn(wrn_msg)
[I 2025-08-06 12:43:56,686] Trial 19 finished with value: 0.8776602180311844 and parameters: {'n_d': 47, 'n_a': 64, 'n_steps': 8, 'gamma': 1.021370633871069, 'lambda_sparse': 0.0026743814126242234, 'lr': 0.08830414898405935, 'weight_decay': 4.7231675416032525e-06}. Best is trial 7 with value: 0.940849855433217.
/work/dlclarge2/latifajr-dl_lab_project/autoML/automl-exam-ss25-tabular-freiburg-template/automl-tabular-env/lib/python3.10/site-packages/pytorch_tabnet/callbacks.py:172: UserWarning: Best weights from best epoch are automatically used!
  warnings.warn(wrn_msg)
[I 2025-08-06 12:44:23,309] A new study created in memory with name: no-name-8e628b13-3085-435a-a3aa-d29b0b6b53da
/work/dlclarge2/latifajr-dl_lab_project/autoML/automl-exam-ss25-tabular-freiburg-template/automl-tabular-env/lib/python3.10/site-packages/pytorch_tabnet/callbacks.py:172: UserWarning: Best weights from best epoch are automatically used!
  warnings.warn(wrn_msg)
[I 2025-08-06 12:44:43,771] Trial 0 finished with value: 0.8695387483018511 and parameters: {'n_d': 24, 'n_a': 51, 'n_steps': 3, 'gamma': 1.4524448100272243, 'lambda_sparse': 0.00046856810345652025, 'lr': 0.000438287595718472, 'weight_decay': 1.664568292519887e-05}. Best is trial 0 with value: 0.8695387483018511.
/work/dlclarge2/latifajr-dl_lab_project/autoML/automl-exam-ss25-tabular-freiburg-template/automl-tabular-env/lib/python3.10/site-packages/pytorch_tabnet/callbacks.py:172: UserWarning: Best weights from best epoch are automatically used!
  warnings.warn(wrn_msg)
[I 2025-08-06 12:45:10,787] Trial 1 finished with value: 0.9227192572506094 and parameters: {'n_d': 26, 'n_a': 23, 'n_steps': 5, 'gamma': 1.2192840117616779, 'lambda_sparse': 0.000392608682794241, 'lr': 0.035140958498630755, 'weight_decay': 0.0009114765190984028}. Best is trial 1 with value: 0.9227192572506094.
/work/dlclarge2/latifajr-dl_lab_project/autoML/automl-exam-ss25-tabular-freiburg-template/automl-tabular-env/lib/python3.10/site-packages/pytorch_tabnet/callbacks.py:172: UserWarning: Best weights from best epoch are automatically used!
  warnings.warn(wrn_msg)
[I 2025-08-06 12:45:33,079] Trial 2 finished with value: 0.7392042909207677 and parameters: {'n_d': 19, 'n_a': 38, 'n_steps': 4, 'gamma': 1.964457126351205, 'lambda_sparse': 7.999867214939154e-05, 'lr': 0.0001510092547542811, 'weight_decay': 7.883198760745493e-05}. Best is trial 1 with value: 0.9227192572506094.
/work/dlclarge2/latifajr-dl_lab_project/autoML/automl-exam-ss25-tabular-freiburg-template/automl-tabular-env/lib/python3.10/site-packages/pytorch_tabnet/callbacks.py:172: UserWarning: Best weights from best epoch are automatically used!
  warnings.warn(wrn_msg)
[I 2025-08-06 12:45:52,904] Trial 3 finished with value: 0.8800677383307736 and parameters: {'n_d': 9, 'n_a': 32, 'n_steps': 3, 'gamma': 1.556091681448786, 'lambda_sparse': 1.5241982080033832e-05, 'lr': 0.0005735235465622911, 'weight_decay': 1.8088212688726818e-06}. Best is trial 1 with value: 0.9227192572506094.
/work/dlclarge2/latifajr-dl_lab_project/autoML/automl-exam-ss25-tabular-freiburg-template/automl-tabular-env/lib/python3.10/site-packages/pytorch_tabnet/callbacks.py:172: UserWarning: Best weights from best epoch are automatically used!
  warnings.warn(wrn_msg)
[I 2025-08-06 12:46:13,452] Trial 4 finished with value: 0.905808834537601 and parameters: {'n_d': 35, 'n_a': 21, 'n_steps': 3, 'gamma': 1.052381165629496, 'lambda_sparse': 4.040069628786192e-05, 'lr': 0.0014761139552634313, 'weight_decay': 8.983198232943847e-05}. Best is trial 1 with value: 0.9227192572506094.
/work/dlclarge2/latifajr-dl_lab_project/autoML/automl-exam-ss25-tabular-freiburg-template/automl-tabular-env/lib/python3.10/site-packages/pytorch_tabnet/callbacks.py:172: UserWarning: Best weights from best epoch are automatically used!
  warnings.warn(wrn_msg)
[I 2025-08-06 12:46:59,449] Trial 5 finished with value: 0.8132293265324677 and parameters: {'n_d': 40, 'n_a': 31, 'n_steps': 10, 'gamma': 1.9265860370342582, 'lambda_sparse': 2.402877155520838e-05, 'lr': 0.0013478356303483344, 'weight_decay': 2.783868729798257e-05}. Best is trial 1 with value: 0.9227192572506094.
/work/dlclarge2/latifajr-dl_lab_project/autoML/automl-exam-ss25-tabular-freiburg-template/automl-tabular-env/lib/python3.10/site-packages/pytorch_tabnet/callbacks.py:172: UserWarning: Best weights from best epoch are automatically used!
  warnings.warn(wrn_msg)
[I 2025-08-06 12:47:35,922] Trial 6 finished with value: 0.9429331222980454 and parameters: {'n_d': 48, 'n_a': 17, 'n_steps': 9, 'gamma': 1.5761874048930857, 'lambda_sparse': 0.00010867140890585338, 'lr': 0.09816807196647356, 'weight_decay': 1.9412694105241535e-05}. Best is trial 6 with value: 0.9429331222980454.
/work/dlclarge2/latifajr-dl_lab_project/autoML/automl-exam-ss25-tabular-freiburg-template/automl-tabular-env/lib/python3.10/site-packages/pytorch_tabnet/callbacks.py:172: UserWarning: Best weights from best epoch are automatically used!
  warnings.warn(wrn_msg)
[I 2025-08-06 12:47:53,908] Trial 7 finished with value: 0.9459839950569287 and parameters: {'n_d': 44, 'n_a': 34, 'n_steps': 3, 'gamma': 1.6994620919295076, 'lambda_sparse': 0.006482161512259427, 'lr': 0.05976223738255671, 'weight_decay': 5.9083710141577165e-05}. Best is trial 7 with value: 0.9459839950569287.
/work/dlclarge2/latifajr-dl_lab_project/autoML/automl-exam-ss25-tabular-freiburg-template/automl-tabular-env/lib/python3.10/site-packages/pytorch_tabnet/callbacks.py:172: UserWarning: Best weights from best epoch are automatically used!
  warnings.warn(wrn_msg)
[I 2025-08-06 12:48:37,284] Trial 8 finished with value: 0.9155856397120786 and parameters: {'n_d': 25, 'n_a': 47, 'n_steps': 10, 'gamma': 1.9779850892549873, 'lambda_sparse': 2.726927431062367e-05, 'lr': 0.027855281567951997, 'weight_decay': 2.426485522530624e-06}. Best is trial 7 with value: 0.9459839950569287.
/work/dlclarge2/latifajr-dl_lab_project/autoML/automl-exam-ss25-tabular-freiburg-template/automl-tabular-env/lib/python3.10/site-packages/pytorch_tabnet/callbacks.py:172: UserWarning: Best weights from best epoch are automatically used!
  warnings.warn(wrn_msg)
[I 2025-08-06 12:49:09,020] Trial 9 finished with value: 0.8200493622950933 and parameters: {'n_d': 49, 'n_a': 51, 'n_steps': 7, 'gamma': 1.7633983296607494, 'lambda_sparse': 0.00011671942527671192, 'lr': 0.0016265290437753126, 'weight_decay': 0.0001773161862972689}. Best is trial 7 with value: 0.9459839950569287.
/work/dlclarge2/latifajr-dl_lab_project/autoML/automl-exam-ss25-tabular-freiburg-template/automl-tabular-env/lib/python3.10/site-packages/pytorch_tabnet/callbacks.py:172: UserWarning: Best weights from best epoch are automatically used!
  warnings.warn(wrn_msg)
[I 2025-08-06 12:49:38,886] Trial 10 finished with value: 0.918781492688867 and parameters: {'n_d': 62, 'n_a': 62, 'n_steps': 6, 'gamma': 1.7153542176238754, 'lambda_sparse': 0.00875759782502726, 'lr': 0.009777212691147832, 'weight_decay': 0.0006027963381793141}. Best is trial 7 with value: 0.9459839950569287.
/work/dlclarge2/latifajr-dl_lab_project/autoML/automl-exam-ss25-tabular-freiburg-template/automl-tabular-env/lib/python3.10/site-packages/pytorch_tabnet/callbacks.py:172: UserWarning: Best weights from best epoch are automatically used!
  warnings.warn(wrn_msg)
[I 2025-08-06 12:50:16,120] Trial 11 finished with value: 0.9457624568789064 and parameters: {'n_d': 52, 'n_a': 9, 'n_steps': 8, 'gamma': 1.4651488751669157, 'lambda_sparse': 0.004401260313540681, 'lr': 0.0964296716071743, 'weight_decay': 7.774458541015959e-06}. Best is trial 7 with value: 0.9459839950569287.
/work/dlclarge2/latifajr-dl_lab_project/autoML/automl-exam-ss25-tabular-freiburg-template/automl-tabular-env/lib/python3.10/site-packages/pytorch_tabnet/callbacks.py:172: UserWarning: Best weights from best epoch are automatically used!
  warnings.warn(wrn_msg)
[I 2025-08-06 12:50:45,864] Trial 12 finished with value: 0.9416146017976856 and parameters: {'n_d': 61, 'n_a': 8, 'n_steps': 8, 'gamma': 1.3607326167350224, 'lambda_sparse': 0.008307376781006232, 'lr': 0.067852898115997, 'weight_decay': 6.489136652887544e-06}. Best is trial 7 with value: 0.9459839950569287.
/work/dlclarge2/latifajr-dl_lab_project/autoML/automl-exam-ss25-tabular-freiburg-template/automl-tabular-env/lib/python3.10/site-packages/pytorch_tabnet/callbacks.py:172: UserWarning: Best weights from best epoch are automatically used!
  warnings.warn(wrn_msg)
[I 2025-08-06 12:51:20,932] Trial 13 finished with value: 0.9103821215214993 and parameters: {'n_d': 53, 'n_a': 43, 'n_steps': 7, 'gamma': 1.70577141647407, 'lambda_sparse': 0.0016984989814865527, 'lr': 0.00778742676203329, 'weight_decay': 7.700465425058561e-06}. Best is trial 7 with value: 0.9459839950569287.
/work/dlclarge2/latifajr-dl_lab_project/autoML/automl-exam-ss25-tabular-freiburg-template/automl-tabular-env/lib/python3.10/site-packages/pytorch_tabnet/callbacks.py:172: UserWarning: Best weights from best epoch are automatically used!
  warnings.warn(wrn_msg)
