[I 2025-08-05 05:17:50,137] Trial 18 finished with value: 0.913383367569548 and parameters: {'n_d': 19, 'n_a': 53, 'n_steps': 3, 'gamma': 1.2704659949622008, 'lambda_sparse': 0.0006351917811097352, 'lr': 0.006554455595390167, 'weight_decay': 2.014061092271133e-05}. Best is trial 18 with value: 0.913383367569548.
/work/dlclarge2/latifajr-dl_lab_project/autoML/automl-exam-ss25-tabular-freiburg-template/automl-tabular-env/lib/python3.10/site-packages/pytorch_tabnet/callbacks.py:172: UserWarning: Best weights from best epoch are automatically used!
  warnings.warn(wrn_msg)
[I 2025-08-05 05:18:30,939] Trial 19 finished with value: 0.9107780568087849 and parameters: {'n_d': 16, 'n_a': 55, 'n_steps': 5, 'gamma': 1.2880777372592223, 'lambda_sparse': 0.0006470939848829604, 'lr': 0.010343375914410369, 'weight_decay': 2.6483813976536863e-05}. Best is trial 18 with value: 0.913383367569548.
/work/dlclarge2/latifajr-dl_lab_project/autoML/automl-exam-ss25-tabular-freiburg-template/automl-tabular-env/lib/python3.10/site-packages/pytorch_tabnet/callbacks.py:172: UserWarning: Best weights from best epoch are automatically used!
  warnings.warn(wrn_msg)
[I 2025-08-05 05:19:19,841] A new study created in memory with name: no-name-a9636bb7-8794-4628-b6e1-17702c8b6533
/work/dlclarge2/latifajr-dl_lab_project/autoML/automl-exam-ss25-tabular-freiburg-template/automl-tabular-env/lib/python3.10/site-packages/pytorch_tabnet/callbacks.py:172: UserWarning: Best weights from best epoch are automatically used!
  warnings.warn(wrn_msg)
[I 2025-08-05 05:19:50,113] Trial 0 finished with value: 0.9187405892382786 and parameters: {'n_d': 47, 'n_a': 8, 'n_steps': 3, 'gamma': 1.4604962589772983, 'lambda_sparse': 4.907285695073573e-05, 'lr': 0.0064929073964719, 'weight_decay': 1.3608892960203928e-05}. Best is trial 0 with value: 0.9187405892382786.
/work/dlclarge2/latifajr-dl_lab_project/autoML/automl-exam-ss25-tabular-freiburg-template/automl-tabular-env/lib/python3.10/site-packages/pytorch_tabnet/callbacks.py:172: UserWarning: Best weights from best epoch are automatically used!
  warnings.warn(wrn_msg)
[I 2025-08-05 05:21:03,366] Trial 1 finished with value: 0.7314908034111123 and parameters: {'n_d': 12, 'n_a': 63, 'n_steps': 10, 'gamma': 1.4692241968990847, 'lambda_sparse': 1.5595166112915126e-05, 'lr': 0.013375201314801704, 'weight_decay': 2.906985865349215e-05}. Best is trial 0 with value: 0.9187405892382786.
/work/dlclarge2/latifajr-dl_lab_project/autoML/automl-exam-ss25-tabular-freiburg-template/automl-tabular-env/lib/python3.10/site-packages/pytorch_tabnet/callbacks.py:172: UserWarning: Best weights from best epoch are automatically used!
  warnings.warn(wrn_msg)
[I 2025-08-05 05:22:03,982] Trial 2 finished with value: 0.8644642368076099 and parameters: {'n_d': 19, 'n_a': 45, 'n_steps': 9, 'gamma': 1.5440728762468012, 'lambda_sparse': 4.6971681629052783e-05, 'lr': 0.04371714970040635, 'weight_decay': 0.0005307636000900198}. Best is trial 0 with value: 0.9187405892382786.
/work/dlclarge2/latifajr-dl_lab_project/autoML/automl-exam-ss25-tabular-freiburg-template/automl-tabular-env/lib/python3.10/site-packages/pytorch_tabnet/callbacks.py:172: UserWarning: Best weights from best epoch are automatically used!
  warnings.warn(wrn_msg)
[I 2025-08-05 05:22:53,016] Trial 3 finished with value: 0.9083222556383024 and parameters: {'n_d': 46, 'n_a': 24, 'n_steps': 5, 'gamma': 1.0865770160076216, 'lambda_sparse': 0.003751063348911546, 'lr': 0.005151399010706598, 'weight_decay': 1.4219972916835864e-06}. Best is trial 0 with value: 0.9187405892382786.
/work/dlclarge2/latifajr-dl_lab_project/autoML/automl-exam-ss25-tabular-freiburg-template/automl-tabular-env/lib/python3.10/site-packages/pytorch_tabnet/callbacks.py:172: UserWarning: Best weights from best epoch are automatically used!
  warnings.warn(wrn_msg)
[I 2025-08-05 05:23:38,153] Trial 4 finished with value: 0.8767665125224999 and parameters: {'n_d': 11, 'n_a': 45, 'n_steps': 5, 'gamma': 1.0506320948306644, 'lambda_sparse': 1.8091600905044694e-05, 'lr': 0.09189012944887127, 'weight_decay': 0.0001400075268276497}. Best is trial 0 with value: 0.9187405892382786.
/work/dlclarge2/latifajr-dl_lab_project/autoML/automl-exam-ss25-tabular-freiburg-template/automl-tabular-env/lib/python3.10/site-packages/pytorch_tabnet/callbacks.py:172: UserWarning: Best weights from best epoch are automatically used!
  warnings.warn(wrn_msg)
[I 2025-08-05 05:24:19,134] Trial 5 finished with value: 0.8052668520475577 and parameters: {'n_d': 26, 'n_a': 61, 'n_steps': 4, 'gamma': 1.201215461609268, 'lambda_sparse': 0.0005221587936962563, 'lr': 0.0009509853558392639, 'weight_decay': 2.5061280570345402e-05}. Best is trial 0 with value: 0.9187405892382786.
/work/dlclarge2/latifajr-dl_lab_project/autoML/automl-exam-ss25-tabular-freiburg-template/automl-tabular-env/lib/python3.10/site-packages/pytorch_tabnet/callbacks.py:172: UserWarning: Best weights from best epoch are automatically used!
  warnings.warn(wrn_msg)
[I 2025-08-05 05:25:24,862] Trial 6 finished with value: 0.42304182312296057 and parameters: {'n_d': 23, 'n_a': 12, 'n_steps': 8, 'gamma': 1.716432562292874, 'lambda_sparse': 0.0008049549842896797, 'lr': 0.000610627178684161, 'weight_decay': 9.820847209212508e-05}. Best is trial 0 with value: 0.9187405892382786.
/work/dlclarge2/latifajr-dl_lab_project/autoML/automl-exam-ss25-tabular-freiburg-template/automl-tabular-env/lib/python3.10/site-packages/pytorch_tabnet/callbacks.py:172: UserWarning: Best weights from best epoch are automatically used!
  warnings.warn(wrn_msg)
[I 2025-08-05 05:26:16,391] Trial 7 finished with value: 0.8499530993262142 and parameters: {'n_d': 61, 'n_a': 56, 'n_steps': 6, 'gamma': 1.662283317758059, 'lambda_sparse': 0.00037318298486440894, 'lr': 0.03636391288650426, 'weight_decay': 9.887135600723974e-05}. Best is trial 0 with value: 0.9187405892382786.
/work/dlclarge2/latifajr-dl_lab_project/autoML/automl-exam-ss25-tabular-freiburg-template/automl-tabular-env/lib/python3.10/site-packages/pytorch_tabnet/callbacks.py:172: UserWarning: Best weights from best epoch are automatically used!
  warnings.warn(wrn_msg)
[I 2025-08-05 05:27:07,854] Trial 8 finished with value: 0.7886665719854508 and parameters: {'n_d': 35, 'n_a': 23, 'n_steps': 6, 'gamma': 1.5991356646260544, 'lambda_sparse': 2.8432183160873517e-05, 'lr': 0.005441926451230098, 'weight_decay': 6.964301961000105e-06}. Best is trial 0 with value: 0.9187405892382786.
/work/dlclarge2/latifajr-dl_lab_project/autoML/automl-exam-ss25-tabular-freiburg-template/automl-tabular-env/lib/python3.10/site-packages/pytorch_tabnet/callbacks.py:172: UserWarning: Best weights from best epoch are automatically used!
  warnings.warn(wrn_msg)
[I 2025-08-05 05:28:12,810] Trial 9 finished with value: 0.8250059258757885 and parameters: {'n_d': 13, 'n_a': 32, 'n_steps': 7, 'gamma': 1.3253995955491265, 'lambda_sparse': 1.3530221151724276e-05, 'lr': 0.07349960265073241, 'weight_decay': 4.793212548400648e-06}. Best is trial 0 with value: 0.9187405892382786.
/work/dlclarge2/latifajr-dl_lab_project/autoML/automl-exam-ss25-tabular-freiburg-template/automl-tabular-env/lib/python3.10/site-packages/pytorch_tabnet/callbacks.py:172: UserWarning: Best weights from best epoch are automatically used!
  warnings.warn(wrn_msg)
[I 2025-08-05 05:28:54,704] Trial 10 finished with value: 0.45242528371587076 and parameters: {'n_d': 54, 'n_a': 10, 'n_steps': 3, 'gamma': 1.9418366462229613, 'lambda_sparse': 0.00011195657829306636, 'lr': 0.0001903710897405174, 'weight_decay': 1.0920071883053921e-06}. Best is trial 0 with value: 0.9187405892382786.
/work/dlclarge2/latifajr-dl_lab_project/autoML/automl-exam-ss25-tabular-freiburg-template/automl-tabular-env/lib/python3.10/site-packages/pytorch_tabnet/callbacks.py:172: UserWarning: Best weights from best epoch are automatically used!
  warnings.warn(wrn_msg)
[I 2025-08-05 05:29:36,762] Trial 11 finished with value: 0.9007681140111553 and parameters: {'n_d': 47, 'n_a': 23, 'n_steps': 3, 'gamma': 1.0137235273549086, 'lambda_sparse': 0.0068594380873280725, 'lr': 0.0027160013948567163, 'weight_decay': 1.2545310403069749e-06}. Best is trial 0 with value: 0.9187405892382786.
/work/dlclarge2/latifajr-dl_lab_project/autoML/automl-exam-ss25-tabular-freiburg-template/automl-tabular-env/lib/python3.10/site-packages/pytorch_tabnet/callbacks.py:172: UserWarning: Best weights from best epoch are automatically used!
  warnings.warn(wrn_msg)
[I 2025-08-05 05:30:20,247] Trial 12 finished with value: 0.9288260526820703 and parameters: {'n_d': 42, 'n_a': 20, 'n_steps': 4, 'gamma': 1.3496369173721534, 'lambda_sparse': 0.007062004608727682, 'lr': 0.007803103826721434, 'weight_decay': 5.655768197921605e-06}. Best is trial 12 with value: 0.9288260526820703.
/work/dlclarge2/latifajr-dl_lab_project/autoML/automl-exam-ss25-tabular-freiburg-template/automl-tabular-env/lib/python3.10/site-packages/pytorch_tabnet/callbacks.py:172: UserWarning: Best weights from best epoch are automatically used!
  warnings.warn(wrn_msg)
[I 2025-08-05 05:30:57,440] Trial 13 finished with value: 0.9218345306725998 and parameters: {'n_d': 37, 'n_a': 8, 'n_steps': 4, 'gamma': 1.3793776864344607, 'lambda_sparse': 0.00012563945297309716, 'lr': 0.01898121487481467, 'weight_decay': 7.206929245913337e-06}. Best is trial 12 with value: 0.9288260526820703.
/work/dlclarge2/latifajr-dl_lab_project/autoML/automl-exam-ss25-tabular-freiburg-template/automl-tabular-env/lib/python3.10/site-packages/pytorch_tabnet/callbacks.py:172: UserWarning: Best weights from best epoch are automatically used!
  warnings.warn(wrn_msg)
[I 2025-08-05 05:31:42,905] Trial 14 finished with value: 0.8995308967140061 and parameters: {'n_d': 33, 'n_a': 17, 'n_steps': 5, 'gamma': 1.2940492138905086, 'lambda_sparse': 0.0014312501621108887, 'lr': 0.01737903981295612, 'weight_decay': 3.910421612340669e-06}. Best is trial 12 with value: 0.9288260526820703.
/work/dlclarge2/latifajr-dl_lab_project/autoML/automl-exam-ss25-tabular-freiburg-template/automl-tabular-env/lib/python3.10/site-packages/pytorch_tabnet/callbacks.py:172: UserWarning: Best weights from best epoch are automatically used!
  warnings.warn(wrn_msg)
[I 2025-08-05 05:32:21,801] Trial 15 finished with value: 0.8732752147947886 and parameters: {'n_d': 40, 'n_a': 31, 'n_steps': 4, 'gamma': 1.3644378352243314, 'lambda_sparse': 0.00015700656341773156, 'lr': 0.0016463089113623183, 'weight_decay': 1.086590530544903e-05}. Best is trial 12 with value: 0.9288260526820703.
/work/dlclarge2/latifajr-dl_lab_project/autoML/automl-exam-ss25-tabular-freiburg-template/automl-tabular-env/lib/python3.10/site-packages/pytorch_tabnet/callbacks.py:172: UserWarning: Best weights from best epoch are automatically used!
  warnings.warn(wrn_msg)
[I 2025-08-05 05:33:03,917] Trial 16 finished with value: 0.9221237410781484 and parameters: {'n_d': 30, 'n_a': 16, 'n_steps': 4, 'gamma': 1.2020857939555762, 'lambda_sparse': 0.0017800661455757974, 'lr': 0.013310626129478908, 'weight_decay': 2.910029790458279e-06}. Best is trial 12 with value: 0.9288260526820703.
/work/dlclarge2/latifajr-dl_lab_project/autoML/automl-exam-ss25-tabular-freiburg-template/automl-tabular-env/lib/python3.10/site-packages/pytorch_tabnet/callbacks.py:172: UserWarning: Best weights from best epoch are automatically used!
  warnings.warn(wrn_msg)
[I 2025-08-05 05:34:05,103] Trial 17 finished with value: 0.9184589248394609 and parameters: {'n_d': 29, 'n_a': 17, 'n_steps': 7, 'gamma': 1.1832916843150658, 'lambda_sparse': 0.0022802304362699263, 'lr': 0.013210827237193558, 'weight_decay': 2.6522259392161e-06}. Best is trial 12 with value: 0.9288260526820703.
/work/dlclarge2/latifajr-dl_lab_project/autoML/automl-exam-ss25-tabular-freiburg-template/automl-tabular-env/lib/python3.10/site-packages/pytorch_tabnet/callbacks.py:172: UserWarning: Best weights from best epoch are automatically used!
  warnings.warn(wrn_msg)
[I 2025-08-05 05:34:45,044] Trial 18 finished with value: 0.6432117197150977 and parameters: {'n_d': 56, 'n_a': 41, 'n_steps': 4, 'gamma': 1.1765376313947298, 'lambda_sparse': 0.0071251651157050325, 'lr': 0.0002400562226447964, 'weight_decay': 2.5729171728397324e-06}. Best is trial 12 with value: 0.9288260526820703.
/work/dlclarge2/latifajr-dl_lab_project/autoML/automl-exam-ss25-tabular-freiburg-template/automl-tabular-env/lib/python3.10/site-packages/pytorch_tabnet/callbacks.py:172: UserWarning: Best weights from best epoch are automatically used!
  warnings.warn(wrn_msg)
[I 2025-08-05 05:35:26,867] Trial 19 finished with value: 0.7973437415899998 and parameters: {'n_d': 40, 'n_a': 17, 'n_steps': 5, 'gamma': 1.7886088791073362, 'lambda_sparse': 0.003028002239119587, 'lr': 0.002670911182857525, 'weight_decay': 1.6614250580726667e-05}. Best is trial 12 with value: 0.9288260526820703.
/work/dlclarge2/latifajr-dl_lab_project/autoML/automl-exam-ss25-tabular-freiburg-template/automl-tabular-env/lib/python3.10/site-packages/pytorch_tabnet/callbacks.py:172: UserWarning: Best weights from best epoch are automatically used!
  warnings.warn(wrn_msg)
2025-08-05 05:36:16 [INFO] TabNet →      /work/dlclarge2/latifajr-dl_lab_project/autoML/automl-exam-ss25-tabular-freiburg-template/modelsFinal-bike_sharing_demand/tabnet (mean R²=0.9274)
2025-08-05 05:36:16 [INFO] Ensemble weights: TabPFN=0.336, Tree=0.334, TabNet=0.330
2025-08-05 05:36:16 [INFO] Loading individual models into memory...
/work/dlclarge2/latifajr-dl_lab_project/autoML/automl-exam-ss25-tabular-freiburg-template/automl-tabular-env/lib/python3.10/site-packages/pytorch_tabnet/abstract_model.py:82: UserWarning: Device used : cuda
  warnings.warn(f"Device used : {self.device}")
2025-08-05 05:36:30 [INFO] Saved weighted ensemble to /work/dlclarge2/latifajr-dl_lab_project/autoML/automl-exam-ss25-tabular-freiburg-template/modelsFinal-bike_sharing_demand/final_model.pkl
