[I 2025-08-06 00:19:27,343] Trial 5 finished with value: 0.5527454387939768 and parameters: {'n_d': 41, 'n_a': 21, 'n_steps': 8, 'gamma': 1.596871311097368, 'lambda_sparse': 0.0015646962827645331, 'lr': 0.0018317937353056668, 'weight_decay': 2.510348862058543e-06}. Best is trial 0 with value: 0.9019646011507173.
/work/dlclarge2/latifajr-dl_lab_project/autoML/automl-exam-ss25-tabular-freiburg-template/automl-tabular-env/lib/python3.10/site-packages/pytorch_tabnet/callbacks.py:172: UserWarning: Best weights from best epoch are automatically used!
  warnings.warn(wrn_msg)
[I 2025-08-06 00:20:18,268] Trial 6 finished with value: 0.9053452861275111 and parameters: {'n_d': 59, 'n_a': 26, 'n_steps': 7, 'gamma': 1.1849010714872614, 'lambda_sparse': 0.00010542180728252466, 'lr': 0.03678453670109423, 'weight_decay': 4.727158359961015e-06}. Best is trial 6 with value: 0.9053452861275111.
/work/dlclarge2/latifajr-dl_lab_project/autoML/automl-exam-ss25-tabular-freiburg-template/automl-tabular-env/lib/python3.10/site-packages/pytorch_tabnet/callbacks.py:172: UserWarning: Best weights from best epoch are automatically used!
  warnings.warn(wrn_msg)
[I 2025-08-06 00:21:09,386] Trial 7 finished with value: 0.8600660433017682 and parameters: {'n_d': 52, 'n_a': 26, 'n_steps': 6, 'gamma': 1.5386336734228387, 'lambda_sparse': 1.4503063854030744e-05, 'lr': 0.01045165064844977, 'weight_decay': 6.297985956426587e-06}. Best is trial 6 with value: 0.9053452861275111.
/work/dlclarge2/latifajr-dl_lab_project/autoML/automl-exam-ss25-tabular-freiburg-template/automl-tabular-env/lib/python3.10/site-packages/pytorch_tabnet/callbacks.py:172: UserWarning: Best weights from best epoch are automatically used!
  warnings.warn(wrn_msg)
[I 2025-08-06 00:22:10,231] Trial 8 finished with value: 0.47571445101198995 and parameters: {'n_d': 46, 'n_a': 18, 'n_steps': 7, 'gamma': 1.956311279241105, 'lambda_sparse': 7.483038146437564e-05, 'lr': 0.0006906928530639366, 'weight_decay': 1.4247860334495883e-05}. Best is trial 6 with value: 0.9053452861275111.
/work/dlclarge2/latifajr-dl_lab_project/autoML/automl-exam-ss25-tabular-freiburg-template/automl-tabular-env/lib/python3.10/site-packages/pytorch_tabnet/callbacks.py:172: UserWarning: Best weights from best epoch are automatically used!
  warnings.warn(wrn_msg)
[I 2025-08-06 00:23:18,047] Trial 9 finished with value: 0.8195690326755846 and parameters: {'n_d': 64, 'n_a': 48, 'n_steps': 8, 'gamma': 1.706289774338701, 'lambda_sparse': 1.3989699283517636e-05, 'lr': 0.012249939589029634, 'weight_decay': 1.5151723558652085e-05}. Best is trial 6 with value: 0.9053452861275111.
/work/dlclarge2/latifajr-dl_lab_project/autoML/automl-exam-ss25-tabular-freiburg-template/automl-tabular-env/lib/python3.10/site-packages/pytorch_tabnet/callbacks.py:172: UserWarning: Best weights from best epoch are automatically used!
  warnings.warn(wrn_msg)
[I 2025-08-06 00:24:31,679] Trial 10 finished with value: -0.03627290809662864 and parameters: {'n_d': 62, 'n_a': 35, 'n_steps': 10, 'gamma': 1.008047974802324, 'lambda_sparse': 0.0006844634772909832, 'lr': 0.00016707298213505768, 'weight_decay': 7.877091684658949e-05}. Best is trial 6 with value: 0.9053452861275111.
/work/dlclarge2/latifajr-dl_lab_project/autoML/automl-exam-ss25-tabular-freiburg-template/automl-tabular-env/lib/python3.10/site-packages/pytorch_tabnet/callbacks.py:172: UserWarning: Best weights from best epoch are automatically used!
  warnings.warn(wrn_msg)
[I 2025-08-06 00:24:53,690] Trial 11 finished with value: 0.8878604296833402 and parameters: {'n_d': 30, 'n_a': 36, 'n_steps': 4, 'gamma': 1.2240520081946633, 'lambda_sparse': 0.00030636749974537376, 'lr': 0.09513058432194087, 'weight_decay': 5.183702319822191e-06}. Best is trial 6 with value: 0.9053452861275111.
/work/dlclarge2/latifajr-dl_lab_project/autoML/automl-exam-ss25-tabular-freiburg-template/automl-tabular-env/lib/python3.10/site-packages/pytorch_tabnet/callbacks.py:172: UserWarning: Best weights from best epoch are automatically used!
  warnings.warn(wrn_msg)
[I 2025-08-06 00:25:31,259] Trial 12 finished with value: 0.9262598642354722 and parameters: {'n_d': 33, 'n_a': 45, 'n_steps': 5, 'gamma': 1.2580418782350211, 'lambda_sparse': 0.0002983634096148944, 'lr': 0.06816795755251974, 'weight_decay': 1.223202929685386e-06}. Best is trial 12 with value: 0.9262598642354722.
/work/dlclarge2/latifajr-dl_lab_project/autoML/automl-exam-ss25-tabular-freiburg-template/automl-tabular-env/lib/python3.10/site-packages/pytorch_tabnet/callbacks.py:172: UserWarning: Best weights from best epoch are automatically used!
  warnings.warn(wrn_msg)
[I 2025-08-06 00:26:02,866] Trial 13 finished with value: 0.8937612053610422 and parameters: {'n_d': 30, 'n_a': 55, 'n_steps': 5, 'gamma': 1.26629764392068, 'lambda_sparse': 3.9223163265961196e-05, 'lr': 0.0341089435549163, 'weight_decay': 1.0258184128624638e-06}. Best is trial 12 with value: 0.9262598642354722.
/work/dlclarge2/latifajr-dl_lab_project/autoML/automl-exam-ss25-tabular-freiburg-template/automl-tabular-env/lib/python3.10/site-packages/pytorch_tabnet/callbacks.py:172: UserWarning: Best weights from best epoch are automatically used!
  warnings.warn(wrn_msg)
[I 2025-08-06 00:27:06,022] Trial 14 finished with value: 0.9284616966712138 and parameters: {'n_d': 25, 'n_a': 31, 'n_steps': 9, 'gamma': 1.0229923169125301, 'lambda_sparse': 0.0007497048629951661, 'lr': 0.04419621724516134, 'weight_decay': 1.0544156030953289e-06}. Best is trial 14 with value: 0.9284616966712138.
/work/dlclarge2/latifajr-dl_lab_project/autoML/automl-exam-ss25-tabular-freiburg-template/automl-tabular-env/lib/python3.10/site-packages/pytorch_tabnet/callbacks.py:172: UserWarning: Best weights from best epoch are automatically used!
  warnings.warn(wrn_msg)
[I 2025-08-06 00:28:21,566] Trial 15 finished with value: 0.9128061666674642 and parameters: {'n_d': 24, 'n_a': 44, 'n_steps': 10, 'gamma': 1.0407770104978, 'lambda_sparse': 0.0009939349691420046, 'lr': 0.09214020934057746, 'weight_decay': 1.0808194461208709e-06}. Best is trial 14 with value: 0.9284616966712138.
/work/dlclarge2/latifajr-dl_lab_project/autoML/automl-exam-ss25-tabular-freiburg-template/automl-tabular-env/lib/python3.10/site-packages/pytorch_tabnet/callbacks.py:172: UserWarning: Best weights from best epoch are automatically used!
  warnings.warn(wrn_msg)
[I 2025-08-06 00:29:18,036] Trial 16 finished with value: 0.9044259272614074 and parameters: {'n_d': 9, 'n_a': 53, 'n_steps': 9, 'gamma': 1.1065407963825793, 'lambda_sparse': 0.0017387716921624288, 'lr': 0.006993140053751851, 'weight_decay': 5.240456745551476e-05}. Best is trial 14 with value: 0.9284616966712138.
/work/dlclarge2/latifajr-dl_lab_project/autoML/automl-exam-ss25-tabular-freiburg-template/automl-tabular-env/lib/python3.10/site-packages/pytorch_tabnet/callbacks.py:172: UserWarning: Best weights from best epoch are automatically used!
  warnings.warn(wrn_msg)
[I 2025-08-06 00:29:45,712] Trial 17 finished with value: 0.8665063097327199 and parameters: {'n_d': 31, 'n_a': 33, 'n_steps': 5, 'gamma': 1.4037889389978317, 'lambda_sparse': 0.00043231380541469054, 'lr': 0.03630261816964029, 'weight_decay': 0.00021906815279842707}. Best is trial 14 with value: 0.9284616966712138.
/work/dlclarge2/latifajr-dl_lab_project/autoML/automl-exam-ss25-tabular-freiburg-template/automl-tabular-env/lib/python3.10/site-packages/pytorch_tabnet/callbacks.py:172: UserWarning: Best weights from best epoch are automatically used!
  warnings.warn(wrn_msg)
[I 2025-08-06 00:30:55,612] Trial 18 finished with value: 0.794229784555429 and parameters: {'n_d': 22, 'n_a': 63, 'n_steps': 9, 'gamma': 1.3274026072041811, 'lambda_sparse': 0.0002071870314325016, 'lr': 0.0057572977346357, 'weight_decay': 2.5590304284162238e-06}. Best is trial 14 with value: 0.9284616966712138.
/work/dlclarge2/latifajr-dl_lab_project/autoML/automl-exam-ss25-tabular-freiburg-template/automl-tabular-env/lib/python3.10/site-packages/pytorch_tabnet/callbacks.py:172: UserWarning: Best weights from best epoch are automatically used!
  warnings.warn(wrn_msg)
[I 2025-08-06 00:31:38,403] Trial 19 finished with value: 0.7917994919409563 and parameters: {'n_d': 36, 'n_a': 41, 'n_steps': 5, 'gamma': 1.1100917815418585, 'lambda_sparse': 0.0029113035382228826, 'lr': 0.0004768460482095079, 'weight_decay': 1.4355852565719243e-05}. Best is trial 14 with value: 0.9284616966712138.
/work/dlclarge2/latifajr-dl_lab_project/autoML/automl-exam-ss25-tabular-freiburg-template/automl-tabular-env/lib/python3.10/site-packages/pytorch_tabnet/callbacks.py:172: UserWarning: Best weights from best epoch are automatically used!
  warnings.warn(wrn_msg)
[I 2025-08-06 00:33:01,011] A new study created in memory with name: no-name-0cdb93ac-9e58-4356-94cb-de1488c4bfd4
/work/dlclarge2/latifajr-dl_lab_project/autoML/automl-exam-ss25-tabular-freiburg-template/automl-tabular-env/lib/python3.10/site-packages/pytorch_tabnet/callbacks.py:172: UserWarning: Best weights from best epoch are automatically used!
  warnings.warn(wrn_msg)
[I 2025-08-06 00:33:42,098] Trial 0 finished with value: 0.7193688701296408 and parameters: {'n_d': 42, 'n_a': 56, 'n_steps': 5, 'gamma': 1.5293657360360942, 'lambda_sparse': 0.0005426777112826647, 'lr': 0.0006366628855929075, 'weight_decay': 0.0006012474491945972}. Best is trial 0 with value: 0.7193688701296408.
/work/dlclarge2/latifajr-dl_lab_project/autoML/automl-exam-ss25-tabular-freiburg-template/automl-tabular-env/lib/python3.10/site-packages/pytorch_tabnet/callbacks.py:172: UserWarning: Best weights from best epoch are automatically used!
  warnings.warn(wrn_msg)
[I 2025-08-06 00:34:16,446] Trial 1 finished with value: 0.7224318236151104 and parameters: {'n_d': 47, 'n_a': 46, 'n_steps': 4, 'gamma': 1.0816533964867778, 'lambda_sparse': 0.0015709290900941604, 'lr': 0.0005385078828376695, 'weight_decay': 0.0005061628560445652}. Best is trial 1 with value: 0.7224318236151104.
/work/dlclarge2/latifajr-dl_lab_project/autoML/automl-exam-ss25-tabular-freiburg-template/automl-tabular-env/lib/python3.10/site-packages/pytorch_tabnet/callbacks.py:172: UserWarning: Best weights from best epoch are automatically used!
  warnings.warn(wrn_msg)
[I 2025-08-06 00:34:50,586] Trial 2 finished with value: 0.8627936814883553 and parameters: {'n_d': 48, 'n_a': 17, 'n_steps': 4, 'gamma': 1.7868328052677511, 'lambda_sparse': 0.007795464193714034, 'lr': 0.08523327338657319, 'weight_decay': 5.241200985387393e-05}. Best is trial 2 with value: 0.8627936814883553.
/work/dlclarge2/latifajr-dl_lab_project/autoML/automl-exam-ss25-tabular-freiburg-template/automl-tabular-env/lib/python3.10/site-packages/pytorch_tabnet/callbacks.py:172: UserWarning: Best weights from best epoch are automatically used!
  warnings.warn(wrn_msg)
[I 2025-08-06 00:35:14,246] Trial 3 finished with value: 0.8831425984521188 and parameters: {'n_d': 32, 'n_a': 46, 'n_steps': 3, 'gamma': 1.7442473986154945, 'lambda_sparse': 0.002495998096680654, 'lr': 0.02309052209892816, 'weight_decay': 7.656948965346273e-05}. Best is trial 3 with value: 0.8831425984521188.
/work/dlclarge2/latifajr-dl_lab_project/autoML/automl-exam-ss25-tabular-freiburg-template/automl-tabular-env/lib/python3.10/site-packages/pytorch_tabnet/callbacks.py:172: UserWarning: Best weights from best epoch are automatically used!
  warnings.warn(wrn_msg)
[I 2025-08-06 00:35:59,437] Trial 4 finished with value: 0.33063646395614554 and parameters: {'n_d': 35, 'n_a': 33, 'n_steps': 6, 'gamma': 1.6622750592358266, 'lambda_sparse': 0.00038830979781837586, 'lr': 0.00018284779390075542, 'weight_decay': 0.0003673201368099733}. Best is trial 3 with value: 0.8831425984521188.
/work/dlclarge2/latifajr-dl_lab_project/autoML/automl-exam-ss25-tabular-freiburg-template/automl-tabular-env/lib/python3.10/site-packages/pytorch_tabnet/callbacks.py:172: UserWarning: Best weights from best epoch are automatically used!
  warnings.warn(wrn_msg)
[I 2025-08-06 00:36:38,652] Trial 5 finished with value: 0.865184306981289 and parameters: {'n_d': 30, 'n_a': 18, 'n_steps': 5, 'gamma': 1.1040872930599956, 'lambda_sparse': 0.0016601079971743273, 'lr': 0.0020640520078172397, 'weight_decay': 0.0002030434792903136}. Best is trial 3 with value: 0.8831425984521188.
/work/dlclarge2/latifajr-dl_lab_project/autoML/automl-exam-ss25-tabular-freiburg-template/automl-tabular-env/lib/python3.10/site-packages/pytorch_tabnet/callbacks.py:172: UserWarning: Best weights from best epoch are automatically used!
  warnings.warn(wrn_msg)
[I 2025-08-06 00:37:05,424] Trial 6 finished with value: 0.6428866425754758 and parameters: {'n_d': 48, 'n_a': 12, 'n_steps': 3, 'gamma': 1.4209549481290575, 'lambda_sparse': 0.005924676920885366, 'lr': 0.0005191070736732754, 'weight_decay': 0.0001920882321154486}. Best is trial 3 with value: 0.8831425984521188.
/work/dlclarge2/latifajr-dl_lab_project/autoML/automl-exam-ss25-tabular-freiburg-template/automl-tabular-env/lib/python3.10/site-packages/pytorch_tabnet/callbacks.py:172: UserWarning: Best weights from best epoch are automatically used!
  warnings.warn(wrn_msg)
[I 2025-08-06 00:37:37,625] Trial 7 finished with value: 0.8619979934746941 and parameters: {'n_d': 59, 'n_a': 57, 'n_steps': 4, 'gamma': 1.668476155892876, 'lambda_sparse': 0.0006225323435945812, 'lr': 0.004384090314606887, 'weight_decay': 0.00022206205789507548}. Best is trial 3 with value: 0.8831425984521188.
/work/dlclarge2/latifajr-dl_lab_project/autoML/automl-exam-ss25-tabular-freiburg-template/automl-tabular-env/lib/python3.10/site-packages/pytorch_tabnet/callbacks.py:172: UserWarning: Best weights from best epoch are automatically used!
  warnings.warn(wrn_msg)
[I 2025-08-06 00:38:44,170] Trial 8 finished with value: -0.25517575355970634 and parameters: {'n_d': 23, 'n_a': 26, 'n_steps': 10, 'gamma': 1.6953959669742804, 'lambda_sparse': 0.00046740556745755913, 'lr': 0.00010652573103569763, 'weight_decay': 2.359951563233295e-06}. Best is trial 3 with value: 0.8831425984521188.
/work/dlclarge2/latifajr-dl_lab_project/autoML/automl-exam-ss25-tabular-freiburg-template/automl-tabular-env/lib/python3.10/site-packages/pytorch_tabnet/callbacks.py:172: UserWarning: Best weights from best epoch are automatically used!
  warnings.warn(wrn_msg)
[I 2025-08-06 00:39:39,598] Trial 9 finished with value: -0.817200068060536 and parameters: {'n_d': 37, 'n_a': 15, 'n_steps': 8, 'gamma': 1.6043288818614028, 'lambda_sparse': 2.6613904925406094e-05, 'lr': 0.00017198747838528076, 'weight_decay': 0.00022984589645956598}. Best is trial 3 with value: 0.8831425984521188.
/work/dlclarge2/latifajr-dl_lab_project/autoML/automl-exam-ss25-tabular-freiburg-template/automl-tabular-env/lib/python3.10/site-packages/pytorch_tabnet/callbacks.py:172: UserWarning: Best weights from best epoch are automatically used!
  warnings.warn(wrn_msg)
[I 2025-08-06 00:40:32,123] Trial 10 finished with value: 0.8730310050816055 and parameters: {'n_d': 14, 'n_a': 42, 'n_steps': 8, 'gamma': 1.9445832535894616, 'lambda_sparse': 7.703527497972051e-05, 'lr': 0.039262359818039605, 'weight_decay': 7.3465476872343e-06}. Best is trial 3 with value: 0.8831425984521188.
/work/dlclarge2/latifajr-dl_lab_project/autoML/automl-exam-ss25-tabular-freiburg-template/automl-tabular-env/lib/python3.10/site-packages/pytorch_tabnet/callbacks.py:172: UserWarning: Best weights from best epoch are automatically used!
  warnings.warn(wrn_msg)
[I 2025-08-06 00:41:27,010] Trial 11 finished with value: 0.8242705078615935 and parameters: {'n_d': 12, 'n_a': 44, 'n_steps': 8, 'gamma': 1.9197010795069855, 'lambda_sparse': 5.887386664194796e-05, 'lr': 0.040525786180352755, 'weight_decay': 5.101463607500767e-06}. Best is trial 3 with value: 0.8831425984521188.
/work/dlclarge2/latifajr-dl_lab_project/autoML/automl-exam-ss25-tabular-freiburg-template/automl-tabular-env/lib/python3.10/site-packages/pytorch_tabnet/callbacks.py:172: UserWarning: Best weights from best epoch are automatically used!
  warnings.warn(wrn_msg)
[I 2025-08-06 00:42:22,023] Trial 12 finished with value: 0.7887732919648787 and parameters: {'n_d': 11, 'n_a': 43, 'n_steps': 8, 'gamma': 1.9933641588293776, 'lambda_sparse': 9.67663539829625e-05, 'lr': 0.01517694467861291, 'weight_decay': 1.4099327781675066e-05}. Best is trial 3 with value: 0.8831425984521188.
/work/dlclarge2/latifajr-dl_lab_project/autoML/automl-exam-ss25-tabular-freiburg-template/automl-tabular-env/lib/python3.10/site-packages/pytorch_tabnet/callbacks.py:172: UserWarning: Best weights from best epoch are automatically used!
  warnings.warn(wrn_msg)
[I 2025-08-06 00:43:22,596] Trial 13 finished with value: 0.8215817938349386 and parameters: {'n_d': 22, 'n_a': 34, 'n_steps': 9, 'gamma': 1.8412480372820588, 'lambda_sparse': 0.00011967056169636964, 'lr': 0.01808680312159597, 'weight_decay': 3.912756043831021e-05}. Best is trial 3 with value: 0.8831425984521188.
/work/dlclarge2/latifajr-dl_lab_project/autoML/automl-exam-ss25-tabular-freiburg-template/automl-tabular-env/lib/python3.10/site-packages/pytorch_tabnet/callbacks.py:172: UserWarning: Best weights from best epoch are automatically used!
  warnings.warn(wrn_msg)
[I 2025-08-06 00:44:12,727] Trial 14 finished with value: 0.8698153141177426 and parameters: {'n_d': 21, 'n_a': 64, 'n_steps': 7, 'gamma': 1.3264333728568962, 'lambda_sparse': 1.2462859054650493e-05, 'lr': 0.009008813674413042, 'weight_decay': 1.259944158459093e-05}. Best is trial 3 with value: 0.8831425984521188.
/work/dlclarge2/latifajr-dl_lab_project/autoML/automl-exam-ss25-tabular-freiburg-template/automl-tabular-env/lib/python3.10/site-packages/pytorch_tabnet/callbacks.py:172: UserWarning: Best weights from best epoch are automatically used!
  warnings.warn(wrn_msg)
[I 2025-08-06 00:44:58,481] Trial 15 finished with value: 0.8628794764107728 and parameters: {'n_d': 15, 'n_a': 52, 'n_steps': 6, 'gamma': 1.8334369558739338, 'lambda_sparse': 0.0016126858632605145, 'lr': 0.07580631800965477, 'weight_decay': 7.424994746679567e-05}. Best is trial 3 with value: 0.8831425984521188.
/work/dlclarge2/latifajr-dl_lab_project/autoML/automl-exam-ss25-tabular-freiburg-template/automl-tabular-env/lib/python3.10/site-packages/pytorch_tabnet/callbacks.py:172: UserWarning: Best weights from best epoch are automatically used!
  warnings.warn(wrn_msg)
[I 2025-08-06 00:46:14,523] Trial 16 finished with value: 0.6927974420360282 and parameters: {'n_d': 63, 'n_a': 27, 'n_steps': 10, 'gamma': 1.9509970753154695, 'lambda_sparse': 0.00016608337923299923, 'lr': 0.0284872390963117, 'weight_decay': 1.4890214627536682e-05}. Best is trial 3 with value: 0.8831425984521188.
/work/dlclarge2/latifajr-dl_lab_project/autoML/automl-exam-ss25-tabular-freiburg-template/automl-tabular-env/lib/python3.10/site-packages/pytorch_tabnet/callbacks.py:172: UserWarning: Best weights from best epoch are automatically used!
  warnings.warn(wrn_msg)
[I 2025-08-06 00:46:59,507] Trial 17 finished with value: 0.7313197774602371 and parameters: {'n_d': 26, 'n_a': 40, 'n_steps': 7, 'gamma': 1.762555991871783, 'lambda_sparse': 4.1626275907262536e-05, 'lr': 0.006064334930493389, 'weight_decay': 1.1298790502371671e-06}. Best is trial 3 with value: 0.8831425984521188.
/work/dlclarge2/latifajr-dl_lab_project/autoML/automl-exam-ss25-tabular-freiburg-template/automl-tabular-env/lib/python3.10/site-packages/pytorch_tabnet/callbacks.py:172: UserWarning: Best weights from best epoch are automatically used!
  warnings.warn(wrn_msg)
[I 2025-08-06 00:47:29,186] Trial 18 finished with value: 0.8375845529895383 and parameters: {'n_d': 8, 'n_a': 49, 'n_steps': 3, 'gamma': 1.3096804875600943, 'lambda_sparse': 0.004413717953527887, 'lr': 0.0014742140088147716, 'weight_decay': 4.490959967982575e-06}. Best is trial 3 with value: 0.8831425984521188.
/work/dlclarge2/latifajr-dl_lab_project/autoML/automl-exam-ss25-tabular-freiburg-template/automl-tabular-env/lib/python3.10/site-packages/pytorch_tabnet/callbacks.py:172: UserWarning: Best weights from best epoch are automatically used!
  warnings.warn(wrn_msg)
[I 2025-08-06 00:48:26,431] Trial 19 finished with value: 0.8566526069929502 and parameters: {'n_d': 17, 'n_a': 37, 'n_steps': 9, 'gamma': 1.8889963451078629, 'lambda_sparse': 0.00018111077775890302, 'lr': 0.04442345406250478, 'weight_decay': 7.50857713757945e-05}. Best is trial 3 with value: 0.8831425984521188.
/work/dlclarge2/latifajr-dl_lab_project/autoML/automl-exam-ss25-tabular-freiburg-template/automl-tabular-env/lib/python3.10/site-packages/pytorch_tabnet/callbacks.py:172: UserWarning: Best weights from best epoch are automatically used!
  warnings.warn(wrn_msg)
[I 2025-08-06 00:48:52,878] A new study created in memory with name: no-name-1f3e9421-3c3b-4ff8-a8cb-e10e9be371b9
/work/dlclarge2/latifajr-dl_lab_project/autoML/automl-exam-ss25-tabular-freiburg-template/automl-tabular-env/lib/python3.10/site-packages/pytorch_tabnet/callbacks.py:172: UserWarning: Best weights from best epoch are automatically used!
  warnings.warn(wrn_msg)
[I 2025-08-06 00:50:08,811] Trial 0 finished with value: 0.909970749873348 and parameters: {'n_d': 16, 'n_a': 59, 'n_steps': 10, 'gamma': 1.0109203586184674, 'lambda_sparse': 0.0013694607704700795, 'lr': 0.0038038123905321636, 'weight_decay': 4.407844745160171e-05}. Best is trial 0 with value: 0.909970749873348.
/work/dlclarge2/latifajr-dl_lab_project/autoML/automl-exam-ss25-tabular-freiburg-template/automl-tabular-env/lib/python3.10/site-packages/pytorch_tabnet/callbacks.py:172: UserWarning: Best weights from best epoch are automatically used!
  warnings.warn(wrn_msg)
