[I 2025-08-06 00:50:46,078] Trial 1 finished with value: 0.8736204293021086 and parameters: {'n_d': 34, 'n_a': 55, 'n_steps': 5, 'gamma': 1.8874095998163378, 'lambda_sparse': 0.007346666510552416, 'lr': 0.040195032184137156, 'weight_decay': 0.0002655715221901186}. Best is trial 0 with value: 0.909970749873348.
/work/dlclarge2/latifajr-dl_lab_project/autoML/automl-exam-ss25-tabular-freiburg-template/automl-tabular-env/lib/python3.10/site-packages/pytorch_tabnet/callbacks.py:172: UserWarning: Best weights from best epoch are automatically used!
  warnings.warn(wrn_msg)
[I 2025-08-06 00:51:20,260] Trial 2 finished with value: 0.8546960677532547 and parameters: {'n_d': 40, 'n_a': 36, 'n_steps': 4, 'gamma': 1.277788802420487, 'lambda_sparse': 0.0005777155619966711, 'lr': 0.0010491846478389057, 'weight_decay': 6.345066815278256e-06}. Best is trial 0 with value: 0.909970749873348.
/work/dlclarge2/latifajr-dl_lab_project/autoML/automl-exam-ss25-tabular-freiburg-template/automl-tabular-env/lib/python3.10/site-packages/pytorch_tabnet/callbacks.py:172: UserWarning: Best weights from best epoch are automatically used!
  warnings.warn(wrn_msg)
[I 2025-08-06 00:52:17,523] Trial 3 finished with value: 0.7693565249176663 and parameters: {'n_d': 16, 'n_a': 22, 'n_steps': 10, 'gamma': 1.367915675019396, 'lambda_sparse': 1.9267516638200425e-05, 'lr': 0.07280279342103418, 'weight_decay': 0.0006538353656191869}. Best is trial 0 with value: 0.909970749873348.
/work/dlclarge2/latifajr-dl_lab_project/autoML/automl-exam-ss25-tabular-freiburg-template/automl-tabular-env/lib/python3.10/site-packages/pytorch_tabnet/callbacks.py:172: UserWarning: Best weights from best epoch are automatically used!
  warnings.warn(wrn_msg)
[I 2025-08-06 00:53:03,245] Trial 4 finished with value: 0.8412547842919544 and parameters: {'n_d': 50, 'n_a': 55, 'n_steps': 6, 'gamma': 1.5436855958661706, 'lambda_sparse': 0.007338666787593086, 'lr': 0.017119992015994526, 'weight_decay': 0.00011630081412510036}. Best is trial 0 with value: 0.909970749873348.
/work/dlclarge2/latifajr-dl_lab_project/autoML/automl-exam-ss25-tabular-freiburg-template/automl-tabular-env/lib/python3.10/site-packages/pytorch_tabnet/callbacks.py:172: UserWarning: Best weights from best epoch are automatically used!
  warnings.warn(wrn_msg)
[I 2025-08-06 00:54:11,623] Trial 5 finished with value: 0.7680807547450008 and parameters: {'n_d': 55, 'n_a': 45, 'n_steps': 10, 'gamma': 1.2241954222019862, 'lambda_sparse': 0.003665769555718284, 'lr': 0.006127974633807711, 'weight_decay': 1.2728179569748088e-05}. Best is trial 0 with value: 0.909970749873348.
/work/dlclarge2/latifajr-dl_lab_project/autoML/automl-exam-ss25-tabular-freiburg-template/automl-tabular-env/lib/python3.10/site-packages/pytorch_tabnet/callbacks.py:172: UserWarning: Best weights from best epoch are automatically used!
  warnings.warn(wrn_msg)
[I 2025-08-06 00:54:50,211] Trial 6 finished with value: 0.8923895008013735 and parameters: {'n_d': 32, 'n_a': 9, 'n_steps': 5, 'gamma': 1.5164051347000655, 'lambda_sparse': 0.0018846266759217868, 'lr': 0.07290757660057018, 'weight_decay': 2.710409030244675e-05}. Best is trial 0 with value: 0.909970749873348.
/work/dlclarge2/latifajr-dl_lab_project/autoML/automl-exam-ss25-tabular-freiburg-template/automl-tabular-env/lib/python3.10/site-packages/pytorch_tabnet/callbacks.py:172: UserWarning: Best weights from best epoch are automatically used!
  warnings.warn(wrn_msg)
[I 2025-08-06 00:55:59,580] Trial 7 finished with value: -0.8182072847581754 and parameters: {'n_d': 56, 'n_a': 24, 'n_steps': 10, 'gamma': 1.4887558830243648, 'lambda_sparse': 0.0011945512147389955, 'lr': 0.00019502827552683226, 'weight_decay': 4.5965203976350877e-05}. Best is trial 0 with value: 0.909970749873348.
/work/dlclarge2/latifajr-dl_lab_project/autoML/automl-exam-ss25-tabular-freiburg-template/automl-tabular-env/lib/python3.10/site-packages/pytorch_tabnet/callbacks.py:172: UserWarning: Best weights from best epoch are automatically used!
  warnings.warn(wrn_msg)
[I 2025-08-06 00:57:08,840] Trial 8 finished with value: -1.1013403265420596 and parameters: {'n_d': 18, 'n_a': 8, 'n_steps': 10, 'gamma': 1.521476803076037, 'lambda_sparse': 0.0019467432063274073, 'lr': 0.00026995751139810337, 'weight_decay': 6.299029457689964e-05}. Best is trial 0 with value: 0.909970749873348.
/work/dlclarge2/latifajr-dl_lab_project/autoML/automl-exam-ss25-tabular-freiburg-template/automl-tabular-env/lib/python3.10/site-packages/pytorch_tabnet/callbacks.py:172: UserWarning: Best weights from best epoch are automatically used!
  warnings.warn(wrn_msg)
[I 2025-08-06 00:57:42,663] Trial 9 finished with value: 0.8809340691163637 and parameters: {'n_d': 18, 'n_a': 31, 'n_steps': 4, 'gamma': 1.2864217686553525, 'lambda_sparse': 0.00454801473542297, 'lr': 0.017051799449418238, 'weight_decay': 0.0007470712623655724}. Best is trial 0 with value: 0.909970749873348.
/work/dlclarge2/latifajr-dl_lab_project/autoML/automl-exam-ss25-tabular-freiburg-template/automl-tabular-env/lib/python3.10/site-packages/pytorch_tabnet/callbacks.py:172: UserWarning: Best weights from best epoch are automatically used!
  warnings.warn(wrn_msg)
[I 2025-08-06 00:58:39,981] Trial 10 finished with value: 0.8373654423865617 and parameters: {'n_d': 8, 'n_a': 64, 'n_steps': 8, 'gamma': 1.0205287387323418, 'lambda_sparse': 9.824329921221927e-05, 'lr': 0.0014405320369427958, 'weight_decay': 2.382565954256587e-06}. Best is trial 0 with value: 0.909970749873348.
/work/dlclarge2/latifajr-dl_lab_project/autoML/automl-exam-ss25-tabular-freiburg-template/automl-tabular-env/lib/python3.10/site-packages/pytorch_tabnet/callbacks.py:172: UserWarning: Best weights from best epoch are automatically used!
  warnings.warn(wrn_msg)
[I 2025-08-06 00:59:29,428] Trial 11 finished with value: 0.7350032799774215 and parameters: {'n_d': 30, 'n_a': 9, 'n_steps': 7, 'gamma': 1.7455405607983963, 'lambda_sparse': 0.0001797361270199896, 'lr': 0.0036494943135107942, 'weight_decay': 1.6384960080608704e-05}. Best is trial 0 with value: 0.909970749873348.
/work/dlclarge2/latifajr-dl_lab_project/autoML/automl-exam-ss25-tabular-freiburg-template/automl-tabular-env/lib/python3.10/site-packages/pytorch_tabnet/callbacks.py:172: UserWarning: Best weights from best epoch are automatically used!
  warnings.warn(wrn_msg)
[I 2025-08-06 01:00:26,151] Trial 12 finished with value: 0.9227390585871469 and parameters: {'n_d': 27, 'n_a': 46, 'n_steps': 8, 'gamma': 1.0058561213910768, 'lambda_sparse': 0.0005770681530890856, 'lr': 0.010176722693644513, 'weight_decay': 2.423449334945447e-05}. Best is trial 12 with value: 0.9227390585871469.
/work/dlclarge2/latifajr-dl_lab_project/autoML/automl-exam-ss25-tabular-freiburg-template/automl-tabular-env/lib/python3.10/site-packages/pytorch_tabnet/callbacks.py:172: UserWarning: Best weights from best epoch are automatically used!
  warnings.warn(wrn_msg)
[I 2025-08-06 01:01:23,372] Trial 13 finished with value: 0.9166546784923577 and parameters: {'n_d': 25, 'n_a': 48, 'n_steps': 8, 'gamma': 1.027822145438798, 'lambda_sparse': 0.00039598446924919863, 'lr': 0.008433850973274695, 'weight_decay': 1.1645884392614438e-06}. Best is trial 12 with value: 0.9227390585871469.
/work/dlclarge2/latifajr-dl_lab_project/autoML/automl-exam-ss25-tabular-freiburg-template/automl-tabular-env/lib/python3.10/site-packages/pytorch_tabnet/callbacks.py:172: UserWarning: Best weights from best epoch are automatically used!
  warnings.warn(wrn_msg)
[I 2025-08-06 01:02:20,013] Trial 14 finished with value: 0.8875465753509898 and parameters: {'n_d': 27, 'n_a': 45, 'n_steps': 8, 'gamma': 1.131604131714866, 'lambda_sparse': 0.00034313069282230027, 'lr': 0.011735278326583944, 'weight_decay': 1.105890160275247e-06}. Best is trial 12 with value: 0.9227390585871469.
/work/dlclarge2/latifajr-dl_lab_project/autoML/automl-exam-ss25-tabular-freiburg-template/automl-tabular-env/lib/python3.10/site-packages/pytorch_tabnet/callbacks.py:172: UserWarning: Best weights from best epoch are automatically used!
  warnings.warn(wrn_msg)
[I 2025-08-06 01:03:16,944] Trial 15 finished with value: 0.771263471579386 and parameters: {'n_d': 44, 'n_a': 45, 'n_steps': 8, 'gamma': 1.1059338665677605, 'lambda_sparse': 9.201206920682121e-05, 'lr': 0.001084059821597697, 'weight_decay': 4.311273573870142e-06}. Best is trial 12 with value: 0.9227390585871469.
/work/dlclarge2/latifajr-dl_lab_project/autoML/automl-exam-ss25-tabular-freiburg-template/automl-tabular-env/lib/python3.10/site-packages/pytorch_tabnet/callbacks.py:172: UserWarning: Best weights from best epoch are automatically used!
  warnings.warn(wrn_msg)
[I 2025-08-06 01:04:08,409] Trial 16 finished with value: 0.8911218229234186 and parameters: {'n_d': 25, 'n_a': 50, 'n_steps': 7, 'gamma': 1.1252530259448257, 'lambda_sparse': 2.715169711600479e-05, 'lr': 0.009046257780003808, 'weight_decay': 1.0089411451393692e-06}. Best is trial 12 with value: 0.9227390585871469.
/work/dlclarge2/latifajr-dl_lab_project/autoML/automl-exam-ss25-tabular-freiburg-template/automl-tabular-env/lib/python3.10/site-packages/pytorch_tabnet/callbacks.py:172: UserWarning: Best weights from best epoch are automatically used!
  warnings.warn(wrn_msg)
[I 2025-08-06 01:05:10,823] Trial 17 finished with value: 0.7585967841173836 and parameters: {'n_d': 23, 'n_a': 40, 'n_steps': 9, 'gamma': 1.7597682198055646, 'lambda_sparse': 0.0005640652055904107, 'lr': 0.027324774441129292, 'weight_decay': 7.01024477359687e-06}. Best is trial 12 with value: 0.9227390585871469.
/work/dlclarge2/latifajr-dl_lab_project/autoML/automl-exam-ss25-tabular-freiburg-template/automl-tabular-env/lib/python3.10/site-packages/pytorch_tabnet/callbacks.py:172: UserWarning: Best weights from best epoch are automatically used!
  warnings.warn(wrn_msg)
[I 2025-08-06 01:05:56,351] Trial 18 finished with value: 0.78892684273052 and parameters: {'n_d': 63, 'n_a': 35, 'n_steps': 6, 'gamma': 1.3678323370497, 'lambda_sparse': 0.00015195814852773004, 'lr': 0.0020769396456002884, 'weight_decay': 0.000148232869035558}. Best is trial 12 with value: 0.9227390585871469.
/work/dlclarge2/latifajr-dl_lab_project/autoML/automl-exam-ss25-tabular-freiburg-template/automl-tabular-env/lib/python3.10/site-packages/pytorch_tabnet/callbacks.py:172: UserWarning: Best weights from best epoch are automatically used!
  warnings.warn(wrn_msg)
[I 2025-08-06 01:06:56,999] Trial 19 finished with value: 0.5382765120996167 and parameters: {'n_d': 9, 'n_a': 50, 'n_steps': 9, 'gamma': 1.1959532369288541, 'lambda_sparse': 5.253330012818285e-05, 'lr': 0.0004309918560176009, 'weight_decay': 2.5517576550255055e-06}. Best is trial 12 with value: 0.9227390585871469.
/work/dlclarge2/latifajr-dl_lab_project/autoML/automl-exam-ss25-tabular-freiburg-template/automl-tabular-env/lib/python3.10/site-packages/pytorch_tabnet/callbacks.py:172: UserWarning: Best weights from best epoch are automatically used!
  warnings.warn(wrn_msg)
[I 2025-08-06 01:08:19,086] A new study created in memory with name: no-name-a0cd0ab3-7a7b-4ba5-a7f3-d8240fc33f6f
/work/dlclarge2/latifajr-dl_lab_project/autoML/automl-exam-ss25-tabular-freiburg-template/automl-tabular-env/lib/python3.10/site-packages/pytorch_tabnet/callbacks.py:172: UserWarning: Best weights from best epoch are automatically used!
  warnings.warn(wrn_msg)
[I 2025-08-06 01:08:53,313] Trial 0 finished with value: 0.6245816728010802 and parameters: {'n_d': 45, 'n_a': 33, 'n_steps': 4, 'gamma': 1.0273746835716948, 'lambda_sparse': 0.0002518078112161661, 'lr': 0.00028593840095792795, 'weight_decay': 2.2654816558605787e-05}. Best is trial 0 with value: 0.6245816728010802.
/work/dlclarge2/latifajr-dl_lab_project/autoML/automl-exam-ss25-tabular-freiburg-template/automl-tabular-env/lib/python3.10/site-packages/pytorch_tabnet/callbacks.py:172: UserWarning: Best weights from best epoch are automatically used!
  warnings.warn(wrn_msg)
[I 2025-08-06 01:09:31,482] Trial 1 finished with value: 0.8606843827554171 and parameters: {'n_d': 51, 'n_a': 61, 'n_steps': 4, 'gamma': 1.6312434338902173, 'lambda_sparse': 0.005155856575225032, 'lr': 0.0020949391150421777, 'weight_decay': 2.6871656709820957e-05}. Best is trial 1 with value: 0.8606843827554171.
/work/dlclarge2/latifajr-dl_lab_project/autoML/automl-exam-ss25-tabular-freiburg-template/automl-tabular-env/lib/python3.10/site-packages/pytorch_tabnet/callbacks.py:172: UserWarning: Best weights from best epoch are automatically used!
  warnings.warn(wrn_msg)
[I 2025-08-06 01:10:42,366] Trial 2 finished with value: -0.2879447241297586 and parameters: {'n_d': 8, 'n_a': 37, 'n_steps': 10, 'gamma': 1.853359381411532, 'lambda_sparse': 0.0058432124196512196, 'lr': 0.0004615947838737166, 'weight_decay': 6.184089785981774e-05}. Best is trial 1 with value: 0.8606843827554171.
/work/dlclarge2/latifajr-dl_lab_project/autoML/automl-exam-ss25-tabular-freiburg-template/automl-tabular-env/lib/python3.10/site-packages/pytorch_tabnet/callbacks.py:172: UserWarning: Best weights from best epoch are automatically used!
  warnings.warn(wrn_msg)
[I 2025-08-06 01:11:11,589] Trial 3 finished with value: 0.6636065658223416 and parameters: {'n_d': 11, 'n_a': 13, 'n_steps': 3, 'gamma': 1.6303947192781285, 'lambda_sparse': 0.006020546119046864, 'lr': 0.000875673759802723, 'weight_decay': 7.240976043098363e-05}. Best is trial 1 with value: 0.8606843827554171.
/work/dlclarge2/latifajr-dl_lab_project/autoML/automl-exam-ss25-tabular-freiburg-template/automl-tabular-env/lib/python3.10/site-packages/pytorch_tabnet/callbacks.py:172: UserWarning: Best weights from best epoch are automatically used!
  warnings.warn(wrn_msg)
[I 2025-08-06 01:12:03,904] Trial 4 finished with value: 0.6615299134641932 and parameters: {'n_d': 62, 'n_a': 58, 'n_steps': 8, 'gamma': 1.8799409488363181, 'lambda_sparse': 3.555109703381764e-05, 'lr': 0.002927219034450945, 'weight_decay': 0.0006894157935913414}. Best is trial 1 with value: 0.8606843827554171.
/work/dlclarge2/latifajr-dl_lab_project/autoML/automl-exam-ss25-tabular-freiburg-template/automl-tabular-env/lib/python3.10/site-packages/pytorch_tabnet/callbacks.py:172: UserWarning: Best weights from best epoch are automatically used!
  warnings.warn(wrn_msg)
[I 2025-08-06 01:13:00,666] Trial 5 finished with value: 0.5700908277252295 and parameters: {'n_d': 17, 'n_a': 25, 'n_steps': 8, 'gamma': 1.1749380046693467, 'lambda_sparse': 0.0029519913266373107, 'lr': 0.0006829230216241497, 'weight_decay': 1.8629701042317253e-06}. Best is trial 1 with value: 0.8606843827554171.
/work/dlclarge2/latifajr-dl_lab_project/autoML/automl-exam-ss25-tabular-freiburg-template/automl-tabular-env/lib/python3.10/site-packages/pytorch_tabnet/callbacks.py:172: UserWarning: Best weights from best epoch are automatically used!
  warnings.warn(wrn_msg)
[I 2025-08-06 01:14:03,949] Trial 6 finished with value: 0.22181957397687901 and parameters: {'n_d': 56, 'n_a': 21, 'n_steps': 9, 'gamma': 1.9873456993334486, 'lambda_sparse': 8.085379566433637e-05, 'lr': 0.0004891412168317731, 'weight_decay': 6.69174128663795e-05}. Best is trial 1 with value: 0.8606843827554171.
/work/dlclarge2/latifajr-dl_lab_project/autoML/automl-exam-ss25-tabular-freiburg-template/automl-tabular-env/lib/python3.10/site-packages/pytorch_tabnet/callbacks.py:172: UserWarning: Best weights from best epoch are automatically used!
  warnings.warn(wrn_msg)
[I 2025-08-06 01:15:12,766] Trial 7 finished with value: 0.7460030765565886 and parameters: {'n_d': 45, 'n_a': 27, 'n_steps': 10, 'gamma': 1.0014298554196248, 'lambda_sparse': 0.00322105585034544, 'lr': 0.0010783394009189773, 'weight_decay': 2.7227058205260434e-05}. Best is trial 1 with value: 0.8606843827554171.
/work/dlclarge2/latifajr-dl_lab_project/autoML/automl-exam-ss25-tabular-freiburg-template/automl-tabular-env/lib/python3.10/site-packages/pytorch_tabnet/callbacks.py:172: UserWarning: Best weights from best epoch are automatically used!
  warnings.warn(wrn_msg)
[I 2025-08-06 01:16:03,722] Trial 8 finished with value: 0.8931026849323209 and parameters: {'n_d': 45, 'n_a': 57, 'n_steps': 7, 'gamma': 1.826071192491014, 'lambda_sparse': 0.0002300701130183459, 'lr': 0.030280109288210223, 'weight_decay': 2.3886265703963745e-06}. Best is trial 8 with value: 0.8931026849323209.
/work/dlclarge2/latifajr-dl_lab_project/autoML/automl-exam-ss25-tabular-freiburg-template/automl-tabular-env/lib/python3.10/site-packages/pytorch_tabnet/callbacks.py:172: UserWarning: Best weights from best epoch are automatically used!
  warnings.warn(wrn_msg)
[I 2025-08-06 01:16:36,402] Trial 9 finished with value: 0.23011779714573644 and parameters: {'n_d': 15, 'n_a': 9, 'n_steps': 4, 'gamma': 1.8028133585515755, 'lambda_sparse': 0.005000172675235733, 'lr': 0.00012510803300918886, 'weight_decay': 8.404096517886788e-06}. Best is trial 8 with value: 0.8931026849323209.
/work/dlclarge2/latifajr-dl_lab_project/autoML/automl-exam-ss25-tabular-freiburg-template/automl-tabular-env/lib/python3.10/site-packages/pytorch_tabnet/callbacks.py:172: UserWarning: Best weights from best epoch are automatically used!
  warnings.warn(wrn_msg)
[I 2025-08-06 01:17:20,039] Trial 10 finished with value: 0.8334762071038848 and parameters: {'n_d': 29, 'n_a': 48, 'n_steps': 6, 'gamma': 1.4070948073221388, 'lambda_sparse': 0.0007067600738017317, 'lr': 0.040318294181989116, 'weight_decay': 1.4419821444814414e-06}. Best is trial 8 with value: 0.8931026849323209.
/work/dlclarge2/latifajr-dl_lab_project/autoML/automl-exam-ss25-tabular-freiburg-template/automl-tabular-env/lib/python3.10/site-packages/pytorch_tabnet/callbacks.py:172: UserWarning: Best weights from best epoch are automatically used!
  warnings.warn(wrn_msg)
[I 2025-08-06 01:18:04,342] Trial 11 finished with value: 0.8955071138989839 and parameters: {'n_d': 46, 'n_a': 61, 'n_steps': 6, 'gamma': 1.5741307408141023, 'lambda_sparse': 0.0006150730603533372, 'lr': 0.03156743831479051, 'weight_decay': 8.71384260274972e-06}. Best is trial 11 with value: 0.8955071138989839.
/work/dlclarge2/latifajr-dl_lab_project/autoML/automl-exam-ss25-tabular-freiburg-template/automl-tabular-env/lib/python3.10/site-packages/pytorch_tabnet/callbacks.py:172: UserWarning: Best weights from best epoch are automatically used!
  warnings.warn(wrn_msg)
[I 2025-08-06 01:18:35,919] Trial 12 finished with value: 0.8746501819964436 and parameters: {'n_d': 33, 'n_a': 50, 'n_steps': 6, 'gamma': 1.4656532044663106, 'lambda_sparse': 0.0006352068775842653, 'lr': 0.031718835267180535, 'weight_decay': 5.780353283522992e-06}. Best is trial 11 with value: 0.8955071138989839.
/work/dlclarge2/latifajr-dl_lab_project/autoML/automl-exam-ss25-tabular-freiburg-template/automl-tabular-env/lib/python3.10/site-packages/pytorch_tabnet/callbacks.py:172: UserWarning: Best weights from best epoch are automatically used!
  warnings.warn(wrn_msg)
[I 2025-08-06 01:19:25,168] Trial 13 finished with value: 0.804855050489657 and parameters: {'n_d': 41, 'n_a': 64, 'n_steps': 7, 'gamma': 1.6616960610349933, 'lambda_sparse': 0.00015351663501355107, 'lr': 0.012172411045279687, 'weight_decay': 5.62444797734234e-06}. Best is trial 11 with value: 0.8955071138989839.
/work/dlclarge2/latifajr-dl_lab_project/autoML/automl-exam-ss25-tabular-freiburg-template/automl-tabular-env/lib/python3.10/site-packages/pytorch_tabnet/callbacks.py:172: UserWarning: Best weights from best epoch are automatically used!
  warnings.warn(wrn_msg)
[I 2025-08-06 01:20:14,791] Trial 14 finished with value: 0.910203912905631 and parameters: {'n_d': 25, 'n_a': 51, 'n_steps': 7, 'gamma': 1.2436033072626609, 'lambda_sparse': 0.0009088011042045171, 'lr': 0.015023775288677012, 'weight_decay': 2.7778376839578625e-06}. Best is trial 14 with value: 0.910203912905631.
/work/dlclarge2/latifajr-dl_lab_project/autoML/automl-exam-ss25-tabular-freiburg-template/automl-tabular-env/lib/python3.10/site-packages/pytorch_tabnet/callbacks.py:172: UserWarning: Best weights from best epoch are automatically used!
  warnings.warn(wrn_msg)
[I 2025-08-06 01:20:52,887] Trial 15 finished with value: 0.9132077981611056 and parameters: {'n_d': 24, 'n_a': 46, 'n_steps': 5, 'gamma': 1.2841482825670518, 'lambda_sparse': 0.0010389053809469273, 'lr': 0.00951441956897721, 'weight_decay': 8.559020861405108e-06}. Best is trial 15 with value: 0.9132077981611056.
/work/dlclarge2/latifajr-dl_lab_project/autoML/automl-exam-ss25-tabular-freiburg-template/automl-tabular-env/lib/python3.10/site-packages/pytorch_tabnet/callbacks.py:172: UserWarning: Best weights from best epoch are automatically used!
  warnings.warn(wrn_msg)
[I 2025-08-06 01:21:30,319] Trial 16 finished with value: 0.9103211225997222 and parameters: {'n_d': 24, 'n_a': 44, 'n_steps': 5, 'gamma': 1.2978145757794544, 'lambda_sparse': 0.0013193807201656287, 'lr': 0.008240555863642378, 'weight_decay': 3.280820446595496e-06}. Best is trial 15 with value: 0.9132077981611056.
/work/dlclarge2/latifajr-dl_lab_project/autoML/automl-exam-ss25-tabular-freiburg-template/automl-tabular-env/lib/python3.10/site-packages/pytorch_tabnet/callbacks.py:172: UserWarning: Best weights from best epoch are automatically used!
  warnings.warn(wrn_msg)
[I 2025-08-06 01:22:10,214] Trial 17 finished with value: 0.8903511891824718 and parameters: {'n_d': 22, 'n_a': 42, 'n_steps': 5, 'gamma': 1.2976169834541136, 'lambda_sparse': 0.0020648541352587028, 'lr': 0.008936783199743049, 'weight_decay': 0.00019617588181627775}. Best is trial 15 with value: 0.9132077981611056.
/work/dlclarge2/latifajr-dl_lab_project/autoML/automl-exam-ss25-tabular-freiburg-template/automl-tabular-env/lib/python3.10/site-packages/pytorch_tabnet/callbacks.py:172: UserWarning: Best weights from best epoch are automatically used!
  warnings.warn(wrn_msg)
