[I 2025-08-06 13:25:34,537] Trial 6 finished with value: 0.474950694896213 and parameters: {'n_d': 27, 'n_a': 36, 'n_steps': 4, 'gamma': 1.7008347520023017, 'lambda_sparse': 1.8197491807158954e-05, 'lr': 0.00013639166979880404, 'weight_decay': 0.00017206436026180052}. Best is trial 2 with value: 0.948527237287679.
/work/dlclarge2/latifajr-dl_lab_project/autoML/automl-exam-ss25-tabular-freiburg-template/automl-tabular-env/lib/python3.10/site-packages/pytorch_tabnet/callbacks.py:172: UserWarning: Best weights from best epoch are automatically used!
  warnings.warn(wrn_msg)
[I 2025-08-06 13:25:55,358] Trial 7 finished with value: 0.9042663183440989 and parameters: {'n_d': 33, 'n_a': 64, 'n_steps': 5, 'gamma': 1.0979235328663512, 'lambda_sparse': 0.0004806542507157267, 'lr': 0.07036347266810568, 'weight_decay': 0.00023932217778019764}. Best is trial 2 with value: 0.948527237287679.
/work/dlclarge2/latifajr-dl_lab_project/autoML/automl-exam-ss25-tabular-freiburg-template/automl-tabular-env/lib/python3.10/site-packages/pytorch_tabnet/callbacks.py:172: UserWarning: Best weights from best epoch are automatically used!
  warnings.warn(wrn_msg)
[I 2025-08-06 13:26:36,030] Trial 8 finished with value: 0.22134080298189307 and parameters: {'n_d': 8, 'n_a': 29, 'n_steps': 8, 'gamma': 1.7050597158648548, 'lambda_sparse': 3.691996472946314e-05, 'lr': 0.0006911187703985762, 'weight_decay': 0.0004760584195077831}. Best is trial 2 with value: 0.948527237287679.
/work/dlclarge2/latifajr-dl_lab_project/autoML/automl-exam-ss25-tabular-freiburg-template/automl-tabular-env/lib/python3.10/site-packages/pytorch_tabnet/callbacks.py:172: UserWarning: Best weights from best epoch are automatically used!
  warnings.warn(wrn_msg)
[I 2025-08-06 13:27:20,022] Trial 9 finished with value: 0.8397558725883252 and parameters: {'n_d': 50, 'n_a': 19, 'n_steps': 9, 'gamma': 1.2642170107592023, 'lambda_sparse': 0.005294175897457878, 'lr': 0.0016914142283408198, 'weight_decay': 2.3840164139726086e-06}. Best is trial 2 with value: 0.948527237287679.
/work/dlclarge2/latifajr-dl_lab_project/autoML/automl-exam-ss25-tabular-freiburg-template/automl-tabular-env/lib/python3.10/site-packages/pytorch_tabnet/callbacks.py:172: UserWarning: Best weights from best epoch are automatically used!
  warnings.warn(wrn_msg)
[I 2025-08-06 13:28:07,686] Trial 10 finished with value: 0.9118268613192311 and parameters: {'n_d': 43, 'n_a': 44, 'n_steps': 10, 'gamma': 1.9538120181998893, 'lambda_sparse': 0.0009537128184328681, 'lr': 0.013306475532413679, 'weight_decay': 2.0394306148200617e-05}. Best is trial 2 with value: 0.948527237287679.
/work/dlclarge2/latifajr-dl_lab_project/autoML/automl-exam-ss25-tabular-freiburg-template/automl-tabular-env/lib/python3.10/site-packages/pytorch_tabnet/callbacks.py:172: UserWarning: Best weights from best epoch are automatically used!
  warnings.warn(wrn_msg)
[I 2025-08-06 13:28:53,276] Trial 11 finished with value: 0.9119836799047244 and parameters: {'n_d': 44, 'n_a': 46, 'n_steps': 10, 'gamma': 1.9678683764235212, 'lambda_sparse': 0.001111675172855841, 'lr': 0.016938386327702414, 'weight_decay': 2.328683243649141e-05}. Best is trial 2 with value: 0.948527237287679.
/work/dlclarge2/latifajr-dl_lab_project/autoML/automl-exam-ss25-tabular-freiburg-template/automl-tabular-env/lib/python3.10/site-packages/pytorch_tabnet/callbacks.py:172: UserWarning: Best weights from best epoch are automatically used!
  warnings.warn(wrn_msg)
[I 2025-08-06 13:29:17,976] Trial 12 finished with value: 0.931571726813946 and parameters: {'n_d': 40, 'n_a': 44, 'n_steps': 7, 'gamma': 1.9601415018839043, 'lambda_sparse': 0.0015212969628403488, 'lr': 0.0993025873475965, 'weight_decay': 2.4231744079617052e-05}. Best is trial 2 with value: 0.948527237287679.
/work/dlclarge2/latifajr-dl_lab_project/autoML/automl-exam-ss25-tabular-freiburg-template/automl-tabular-env/lib/python3.10/site-packages/pytorch_tabnet/callbacks.py:172: UserWarning: Best weights from best epoch are automatically used!
  warnings.warn(wrn_msg)
[I 2025-08-06 13:29:40,598] Trial 13 finished with value: 0.8998116914583933 and parameters: {'n_d': 25, 'n_a': 32, 'n_steps': 7, 'gamma': 1.6520679807947174, 'lambda_sparse': 0.0019696775442095984, 'lr': 0.07296299224713323, 'weight_decay': 4.558372711936204e-05}. Best is trial 2 with value: 0.948527237287679.
/work/dlclarge2/latifajr-dl_lab_project/autoML/automl-exam-ss25-tabular-freiburg-template/automl-tabular-env/lib/python3.10/site-packages/pytorch_tabnet/callbacks.py:172: UserWarning: Best weights from best epoch are automatically used!
  warnings.warn(wrn_msg)
[I 2025-08-06 13:30:06,648] Trial 14 finished with value: 0.9342518328145097 and parameters: {'n_d': 38, 'n_a': 42, 'n_steps': 7, 'gamma': 1.4994520601160604, 'lambda_sparse': 0.0002512016710366815, 'lr': 0.09755714845269062, 'weight_decay': 9.361267792315074e-06}. Best is trial 2 with value: 0.948527237287679.
/work/dlclarge2/latifajr-dl_lab_project/autoML/automl-exam-ss25-tabular-freiburg-template/automl-tabular-env/lib/python3.10/site-packages/pytorch_tabnet/callbacks.py:172: UserWarning: Best weights from best epoch are automatically used!
  warnings.warn(wrn_msg)
[I 2025-08-06 13:30:35,281] Trial 15 finished with value: 0.8949549934837872 and parameters: {'n_d': 57, 'n_a': 27, 'n_steps': 6, 'gamma': 1.5095594942858166, 'lambda_sparse': 0.00015592944614725216, 'lr': 0.024728118642382512, 'weight_decay': 7.626057199989652e-06}. Best is trial 2 with value: 0.948527237287679.
/work/dlclarge2/latifajr-dl_lab_project/autoML/automl-exam-ss25-tabular-freiburg-template/automl-tabular-env/lib/python3.10/site-packages/pytorch_tabnet/callbacks.py:172: UserWarning: Best weights from best epoch are automatically used!
  warnings.warn(wrn_msg)
[I 2025-08-06 13:31:13,524] Trial 16 finished with value: 0.9203382161642981 and parameters: {'n_d': 17, 'n_a': 9, 'n_steps': 8, 'gamma': 1.482183476900684, 'lambda_sparse': 0.0002616848661483444, 'lr': 0.038794520361890905, 'weight_decay': 1.1196802751794587e-06}. Best is trial 2 with value: 0.948527237287679.
/work/dlclarge2/latifajr-dl_lab_project/autoML/automl-exam-ss25-tabular-freiburg-template/automl-tabular-env/lib/python3.10/site-packages/pytorch_tabnet/callbacks.py:172: UserWarning: Best weights from best epoch are automatically used!
  warnings.warn(wrn_msg)
[I 2025-08-06 13:31:43,529] Trial 17 finished with value: 0.9249045937047838 and parameters: {'n_d': 37, 'n_a': 48, 'n_steps': 6, 'gamma': 1.1832710199901086, 'lambda_sparse': 5.981287140226315e-05, 'lr': 0.010068477498488522, 'weight_decay': 5.810622432747585e-05}. Best is trial 2 with value: 0.948527237287679.
/work/dlclarge2/latifajr-dl_lab_project/autoML/automl-exam-ss25-tabular-freiburg-template/automl-tabular-env/lib/python3.10/site-packages/pytorch_tabnet/callbacks.py:172: UserWarning: Best weights from best epoch are automatically used!
  warnings.warn(wrn_msg)
[I 2025-08-06 13:32:15,888] Trial 18 finished with value: 0.9153481915281204 and parameters: {'n_d': 28, 'n_a': 39, 'n_steps': 7, 'gamma': 1.3912650520145524, 'lambda_sparse': 0.00040494840379871324, 'lr': 0.0061770871974875805, 'weight_decay': 1.1274653157184098e-05}. Best is trial 2 with value: 0.948527237287679.
/work/dlclarge2/latifajr-dl_lab_project/autoML/automl-exam-ss25-tabular-freiburg-template/automl-tabular-env/lib/python3.10/site-packages/pytorch_tabnet/callbacks.py:172: UserWarning: Best weights from best epoch are automatically used!
  warnings.warn(wrn_msg)
[I 2025-08-06 13:32:38,608] Trial 19 finished with value: 0.8513977839067193 and parameters: {'n_d': 20, 'n_a': 39, 'n_steps': 9, 'gamma': 1.5833471166435238, 'lambda_sparse': 0.0027925443123652445, 'lr': 0.05236804686799012, 'weight_decay': 6.922625309129328e-05}. Best is trial 2 with value: 0.948527237287679.
/work/dlclarge2/latifajr-dl_lab_project/autoML/automl-exam-ss25-tabular-freiburg-template/automl-tabular-env/lib/python3.10/site-packages/pytorch_tabnet/callbacks.py:172: UserWarning: Best weights from best epoch are automatically used!
  warnings.warn(wrn_msg)
[I 2025-08-06 13:33:11,563] A new study created in memory with name: no-name-262e7fec-b618-4127-b28d-a6eed7c3ba7a
/work/dlclarge2/latifajr-dl_lab_project/autoML/automl-exam-ss25-tabular-freiburg-template/automl-tabular-env/lib/python3.10/site-packages/pytorch_tabnet/callbacks.py:172: UserWarning: Best weights from best epoch are automatically used!
  warnings.warn(wrn_msg)
[I 2025-08-06 13:33:29,360] Trial 0 finished with value: 0.8994655873074369 and parameters: {'n_d': 42, 'n_a': 15, 'n_steps': 4, 'gamma': 1.9671773764800675, 'lambda_sparse': 0.0013265515946087394, 'lr': 0.09955246682038653, 'weight_decay': 0.0006962883111693479}. Best is trial 0 with value: 0.8994655873074369.
/work/dlclarge2/latifajr-dl_lab_project/autoML/automl-exam-ss25-tabular-freiburg-template/automl-tabular-env/lib/python3.10/site-packages/pytorch_tabnet/callbacks.py:172: UserWarning: Best weights from best epoch are automatically used!
  warnings.warn(wrn_msg)
[I 2025-08-06 13:33:52,348] Trial 1 finished with value: 0.9038300078724054 and parameters: {'n_d': 56, 'n_a': 31, 'n_steps': 3, 'gamma': 1.515815807591838, 'lambda_sparse': 1.915783668556895e-05, 'lr': 0.001997947392574648, 'weight_decay': 6.9339738222986275e-06}. Best is trial 1 with value: 0.9038300078724054.
/work/dlclarge2/latifajr-dl_lab_project/autoML/automl-exam-ss25-tabular-freiburg-template/automl-tabular-env/lib/python3.10/site-packages/pytorch_tabnet/callbacks.py:172: UserWarning: Best weights from best epoch are automatically used!
  warnings.warn(wrn_msg)
[I 2025-08-06 13:34:33,932] Trial 2 finished with value: 0.8709229203178083 and parameters: {'n_d': 33, 'n_a': 26, 'n_steps': 9, 'gamma': 1.6677708976437307, 'lambda_sparse': 1.4713924421520399e-05, 'lr': 0.0037545795126956417, 'weight_decay': 0.0003048071605057595}. Best is trial 1 with value: 0.9038300078724054.
/work/dlclarge2/latifajr-dl_lab_project/autoML/automl-exam-ss25-tabular-freiburg-template/automl-tabular-env/lib/python3.10/site-packages/pytorch_tabnet/callbacks.py:172: UserWarning: Best weights from best epoch are automatically used!
  warnings.warn(wrn_msg)
[I 2025-08-06 13:34:58,705] Trial 3 finished with value: 0.8701813606405908 and parameters: {'n_d': 9, 'n_a': 47, 'n_steps': 6, 'gamma': 1.24498139503556, 'lambda_sparse': 0.0006041699889081835, 'lr': 0.04578631105601844, 'weight_decay': 8.348350503604072e-06}. Best is trial 1 with value: 0.9038300078724054.
/work/dlclarge2/latifajr-dl_lab_project/autoML/automl-exam-ss25-tabular-freiburg-template/automl-tabular-env/lib/python3.10/site-packages/pytorch_tabnet/callbacks.py:172: UserWarning: Best weights from best epoch are automatically used!
  warnings.warn(wrn_msg)
[I 2025-08-06 13:35:46,759] Trial 4 finished with value: -6.973536352587349 and parameters: {'n_d': 25, 'n_a': 37, 'n_steps': 10, 'gamma': 1.8918012333224485, 'lambda_sparse': 0.005123134278401081, 'lr': 0.0001117858053062949, 'weight_decay': 0.00036871695222429393}. Best is trial 1 with value: 0.9038300078724054.
/work/dlclarge2/latifajr-dl_lab_project/autoML/automl-exam-ss25-tabular-freiburg-template/automl-tabular-env/lib/python3.10/site-packages/pytorch_tabnet/callbacks.py:172: UserWarning: Best weights from best epoch are automatically used!
  warnings.warn(wrn_msg)
[I 2025-08-06 13:36:13,357] Trial 5 finished with value: 0.852331786891113 and parameters: {'n_d': 37, 'n_a': 58, 'n_steps': 5, 'gamma': 1.6425476284773606, 'lambda_sparse': 0.0018932396861391255, 'lr': 0.0011100087290580565, 'weight_decay': 2.0192554090883356e-06}. Best is trial 1 with value: 0.9038300078724054.
/work/dlclarge2/latifajr-dl_lab_project/autoML/automl-exam-ss25-tabular-freiburg-template/automl-tabular-env/lib/python3.10/site-packages/pytorch_tabnet/callbacks.py:172: UserWarning: Best weights from best epoch are automatically used!
  warnings.warn(wrn_msg)
[I 2025-08-06 13:36:37,664] Trial 6 finished with value: 0.8620625946652936 and parameters: {'n_d': 29, 'n_a': 33, 'n_steps': 5, 'gamma': 1.3615095434397388, 'lambda_sparse': 0.0004180407811849704, 'lr': 0.0005356447826723665, 'weight_decay': 1.1213366636776326e-06}. Best is trial 1 with value: 0.9038300078724054.
/work/dlclarge2/latifajr-dl_lab_project/autoML/automl-exam-ss25-tabular-freiburg-template/automl-tabular-env/lib/python3.10/site-packages/pytorch_tabnet/callbacks.py:172: UserWarning: Best weights from best epoch are automatically used!
  warnings.warn(wrn_msg)
[I 2025-08-06 13:37:07,527] Trial 7 finished with value: 0.9218120823948979 and parameters: {'n_d': 25, 'n_a': 55, 'n_steps': 6, 'gamma': 1.2682270228986021, 'lambda_sparse': 0.001425765023247802, 'lr': 0.0022523357136629424, 'weight_decay': 5.674103636105601e-06}. Best is trial 7 with value: 0.9218120823948979.
/work/dlclarge2/latifajr-dl_lab_project/autoML/automl-exam-ss25-tabular-freiburg-template/automl-tabular-env/lib/python3.10/site-packages/pytorch_tabnet/callbacks.py:172: UserWarning: Best weights from best epoch are automatically used!
  warnings.warn(wrn_msg)
[I 2025-08-06 13:37:47,394] Trial 8 finished with value: 0.9091557166495567 and parameters: {'n_d': 55, 'n_a': 43, 'n_steps': 9, 'gamma': 1.4382643730192386, 'lambda_sparse': 1.5131175612586315e-05, 'lr': 0.0021483696656184503, 'weight_decay': 0.0001514632107373756}. Best is trial 7 with value: 0.9218120823948979.
/work/dlclarge2/latifajr-dl_lab_project/autoML/automl-exam-ss25-tabular-freiburg-template/automl-tabular-env/lib/python3.10/site-packages/pytorch_tabnet/callbacks.py:172: UserWarning: Best weights from best epoch are automatically used!
  warnings.warn(wrn_msg)
[I 2025-08-06 13:38:11,858] Trial 9 finished with value: 0.9309707134135701 and parameters: {'n_d': 54, 'n_a': 21, 'n_steps': 6, 'gamma': 1.8940725443368538, 'lambda_sparse': 0.004478357822318976, 'lr': 0.035270210235071826, 'weight_decay': 0.00010670776733733439}. Best is trial 9 with value: 0.9309707134135701.
/work/dlclarge2/latifajr-dl_lab_project/autoML/automl-exam-ss25-tabular-freiburg-template/automl-tabular-env/lib/python3.10/site-packages/pytorch_tabnet/callbacks.py:172: UserWarning: Best weights from best epoch are automatically used!
  warnings.warn(wrn_msg)
[I 2025-08-06 13:38:45,149] Trial 10 finished with value: 0.8469654567129528 and parameters: {'n_d': 63, 'n_a': 10, 'n_steps': 8, 'gamma': 1.074942361131908, 'lambda_sparse': 0.008982293981140966, 'lr': 0.02018878133037205, 'weight_decay': 5.446611578513644e-05}. Best is trial 9 with value: 0.9309707134135701.
/work/dlclarge2/latifajr-dl_lab_project/autoML/automl-exam-ss25-tabular-freiburg-template/automl-tabular-env/lib/python3.10/site-packages/pytorch_tabnet/callbacks.py:172: UserWarning: Best weights from best epoch are automatically used!
  warnings.warn(wrn_msg)
[I 2025-08-06 13:39:20,061] Trial 11 finished with value: 0.8365972287242767 and parameters: {'n_d': 17, 'n_a': 59, 'n_steps': 7, 'gamma': 1.0337240858450363, 'lambda_sparse': 8.229729191788142e-05, 'lr': 0.009437737031510832, 'weight_decay': 2.8129570688569936e-05}. Best is trial 9 with value: 0.9309707134135701.
/work/dlclarge2/latifajr-dl_lab_project/autoML/automl-exam-ss25-tabular-freiburg-template/automl-tabular-env/lib/python3.10/site-packages/pytorch_tabnet/callbacks.py:172: UserWarning: Best weights from best epoch are automatically used!
  warnings.warn(wrn_msg)
[I 2025-08-06 13:39:53,525] Trial 12 finished with value: 0.8935475502277571 and parameters: {'n_d': 46, 'n_a': 20, 'n_steps': 7, 'gamma': 1.789068161963558, 'lambda_sparse': 0.0024995739263923835, 'lr': 0.00715279648037999, 'weight_decay': 3.615283438502846e-05}. Best is trial 9 with value: 0.9309707134135701.
/work/dlclarge2/latifajr-dl_lab_project/autoML/automl-exam-ss25-tabular-freiburg-template/automl-tabular-env/lib/python3.10/site-packages/pytorch_tabnet/callbacks.py:172: UserWarning: Best weights from best epoch are automatically used!
  warnings.warn(wrn_msg)
[I 2025-08-06 13:40:24,449] Trial 13 finished with value: 0.7120483274978764 and parameters: {'n_d': 22, 'n_a': 51, 'n_steps': 6, 'gamma': 1.221437327379387, 'lambda_sparse': 8.910373940929351e-05, 'lr': 0.000422966629056057, 'weight_decay': 5.735948545453349e-06}. Best is trial 9 with value: 0.9309707134135701.
/work/dlclarge2/latifajr-dl_lab_project/autoML/automl-exam-ss25-tabular-freiburg-template/automl-tabular-env/lib/python3.10/site-packages/pytorch_tabnet/callbacks.py:172: UserWarning: Best weights from best epoch are automatically used!
  warnings.warn(wrn_msg)
[I 2025-08-06 13:40:49,639] Trial 14 finished with value: 0.8726263866020516 and parameters: {'n_d': 46, 'n_a': 25, 'n_steps': 5, 'gamma': 1.2489662055815294, 'lambda_sparse': 0.003959267664805657, 'lr': 0.020508293254038155, 'weight_decay': 1.702060733259466e-05}. Best is trial 9 with value: 0.9309707134135701.
/work/dlclarge2/latifajr-dl_lab_project/autoML/automl-exam-ss25-tabular-freiburg-template/automl-tabular-env/lib/python3.10/site-packages/pytorch_tabnet/callbacks.py:172: UserWarning: Best weights from best epoch are automatically used!
  warnings.warn(wrn_msg)
[I 2025-08-06 13:41:09,985] Trial 15 finished with value: 0.8724523211402989 and parameters: {'n_d': 15, 'n_a': 40, 'n_steps': 3, 'gamma': 1.6056618845952262, 'lambda_sparse': 0.0008409334657013717, 'lr': 0.006320094090737016, 'weight_decay': 7.3088251288485e-05}. Best is trial 9 with value: 0.9309707134135701.
/work/dlclarge2/latifajr-dl_lab_project/autoML/automl-exam-ss25-tabular-freiburg-template/automl-tabular-env/lib/python3.10/site-packages/pytorch_tabnet/callbacks.py:172: UserWarning: Best weights from best epoch are automatically used!
  warnings.warn(wrn_msg)
[I 2025-08-06 13:41:46,950] Trial 16 finished with value: 0.9224343908594748 and parameters: {'n_d': 53, 'n_a': 50, 'n_steps': 8, 'gamma': 1.8187745383400624, 'lambda_sparse': 0.0002236230855149479, 'lr': 0.019714328357865792, 'weight_decay': 0.00010843536068042093}. Best is trial 9 with value: 0.9309707134135701.
/work/dlclarge2/latifajr-dl_lab_project/autoML/automl-exam-ss25-tabular-freiburg-template/automl-tabular-env/lib/python3.10/site-packages/pytorch_tabnet/callbacks.py:172: UserWarning: Best weights from best epoch are automatically used!
  warnings.warn(wrn_msg)
[I 2025-08-06 13:42:22,815] Trial 17 finished with value: 0.9235258760751867 and parameters: {'n_d': 64, 'n_a': 64, 'n_steps': 8, 'gamma': 1.8063899803636363, 'lambda_sparse': 0.00018731297928201496, 'lr': 0.029908436182294815, 'weight_decay': 0.00012203460911341484}. Best is trial 9 with value: 0.9309707134135701.
/work/dlclarge2/latifajr-dl_lab_project/autoML/automl-exam-ss25-tabular-freiburg-template/automl-tabular-env/lib/python3.10/site-packages/pytorch_tabnet/callbacks.py:172: UserWarning: Best weights from best epoch are automatically used!
  warnings.warn(wrn_msg)
[I 2025-08-06 13:42:49,988] Trial 18 finished with value: 0.8488698518939997 and parameters: {'n_d': 64, 'n_a': 9, 'n_steps': 8, 'gamma': 1.9988774359152313, 'lambda_sparse': 0.00018219293340538602, 'lr': 0.09543685347178947, 'weight_decay': 0.00021653411207928362}. Best is trial 9 with value: 0.9309707134135701.
/work/dlclarge2/latifajr-dl_lab_project/autoML/automl-exam-ss25-tabular-freiburg-template/automl-tabular-env/lib/python3.10/site-packages/pytorch_tabnet/callbacks.py:172: UserWarning: Best weights from best epoch are automatically used!
  warnings.warn(wrn_msg)
[I 2025-08-06 13:43:35,661] Trial 19 finished with value: 0.9278274606365634 and parameters: {'n_d': 59, 'n_a': 23, 'n_steps': 10, 'gamma': 1.7358215396817862, 'lambda_sparse': 4.1649674504225775e-05, 'lr': 0.04300692918333272, 'weight_decay': 0.0009766208155888203}. Best is trial 9 with value: 0.9309707134135701.
/work/dlclarge2/latifajr-dl_lab_project/autoML/automl-exam-ss25-tabular-freiburg-template/automl-tabular-env/lib/python3.10/site-packages/pytorch_tabnet/callbacks.py:172: UserWarning: Best weights from best epoch are automatically used!
  warnings.warn(wrn_msg)
[I 2025-08-06 13:44:09,545] A new study created in memory with name: no-name-db55014e-6d0c-4890-a649-9d18797af3d5
/work/dlclarge2/latifajr-dl_lab_project/autoML/automl-exam-ss25-tabular-freiburg-template/automl-tabular-env/lib/python3.10/site-packages/pytorch_tabnet/callbacks.py:172: UserWarning: Best weights from best epoch are automatically used!
  warnings.warn(wrn_msg)
[I 2025-08-06 13:44:33,761] Trial 0 finished with value: 0.9301479181470897 and parameters: {'n_d': 33, 'n_a': 22, 'n_steps': 4, 'gamma': 1.4735929062320536, 'lambda_sparse': 5.0276726437827634e-05, 'lr': 0.0031243391214668278, 'weight_decay': 5.457247611015905e-06}. Best is trial 0 with value: 0.9301479181470897.
/work/dlclarge2/latifajr-dl_lab_project/autoML/automl-exam-ss25-tabular-freiburg-template/automl-tabular-env/lib/python3.10/site-packages/pytorch_tabnet/callbacks.py:172: UserWarning: Best weights from best epoch are automatically used!
  warnings.warn(wrn_msg)
[I 2025-08-06 13:44:56,846] Trial 1 finished with value: 0.9103929956247845 and parameters: {'n_d': 16, 'n_a': 12, 'n_steps': 4, 'gamma': 1.8007604800999215, 'lambda_sparse': 4.539760575255555e-05, 'lr': 0.002217847085082669, 'weight_decay': 5.612365218252063e-05}. Best is trial 0 with value: 0.9301479181470897.
/work/dlclarge2/latifajr-dl_lab_project/autoML/automl-exam-ss25-tabular-freiburg-template/automl-tabular-env/lib/python3.10/site-packages/pytorch_tabnet/callbacks.py:172: UserWarning: Best weights from best epoch are automatically used!
  warnings.warn(wrn_msg)
