[I 2025-08-06 13:45:26,497] Trial 2 finished with value: 0.9265959975480864 and parameters: {'n_d': 20, 'n_a': 45, 'n_steps': 7, 'gamma': 1.8000988998306209, 'lambda_sparse': 3.042269361989089e-05, 'lr': 0.0036696621299531257, 'weight_decay': 6.11753208252284e-06}. Best is trial 0 with value: 0.9301479181470897.
/work/dlclarge2/latifajr-dl_lab_project/autoML/automl-exam-ss25-tabular-freiburg-template/automl-tabular-env/lib/python3.10/site-packages/pytorch_tabnet/callbacks.py:172: UserWarning: Best weights from best epoch are automatically used!
  warnings.warn(wrn_msg)
[I 2025-08-06 13:45:51,661] Trial 3 finished with value: 0.8773748149013891 and parameters: {'n_d': 13, 'n_a': 16, 'n_steps': 3, 'gamma': 1.184494522018282, 'lambda_sparse': 7.278052120739614e-05, 'lr': 0.0015042968522291228, 'weight_decay': 3.670952595968633e-06}. Best is trial 0 with value: 0.9301479181470897.
/work/dlclarge2/latifajr-dl_lab_project/autoML/automl-exam-ss25-tabular-freiburg-template/automl-tabular-env/lib/python3.10/site-packages/pytorch_tabnet/callbacks.py:172: UserWarning: Best weights from best epoch are automatically used!
  warnings.warn(wrn_msg)
[I 2025-08-06 13:46:10,937] Trial 4 finished with value: 0.7316557905079684 and parameters: {'n_d': 58, 'n_a': 30, 'n_steps': 6, 'gamma': 1.1631472528640852, 'lambda_sparse': 0.00016741108375431123, 'lr': 0.00132683763208543, 'weight_decay': 0.0001055621246759072}. Best is trial 0 with value: 0.9301479181470897.
/work/dlclarge2/latifajr-dl_lab_project/autoML/automl-exam-ss25-tabular-freiburg-template/automl-tabular-env/lib/python3.10/site-packages/pytorch_tabnet/callbacks.py:172: UserWarning: Best weights from best epoch are automatically used!
  warnings.warn(wrn_msg)
[I 2025-08-06 13:46:29,135] Trial 5 finished with value: -2.6085275586458163 and parameters: {'n_d': 36, 'n_a': 39, 'n_steps': 8, 'gamma': 1.9514764303876548, 'lambda_sparse': 1.7951831885369155e-05, 'lr': 0.0005348805087601064, 'weight_decay': 2.39507605638888e-05}. Best is trial 0 with value: 0.9301479181470897.
/work/dlclarge2/latifajr-dl_lab_project/autoML/automl-exam-ss25-tabular-freiburg-template/automl-tabular-env/lib/python3.10/site-packages/pytorch_tabnet/callbacks.py:172: UserWarning: Best weights from best epoch are automatically used!
  warnings.warn(wrn_msg)
[I 2025-08-06 13:46:55,606] Trial 6 finished with value: 0.9120395131079854 and parameters: {'n_d': 54, 'n_a': 61, 'n_steps': 4, 'gamma': 1.4541426478340935, 'lambda_sparse': 0.00028869217690275694, 'lr': 0.03229092757546942, 'weight_decay': 0.0001353540396928402}. Best is trial 0 with value: 0.9301479181470897.
/work/dlclarge2/latifajr-dl_lab_project/autoML/automl-exam-ss25-tabular-freiburg-template/automl-tabular-env/lib/python3.10/site-packages/pytorch_tabnet/callbacks.py:172: UserWarning: Best weights from best epoch are automatically used!
  warnings.warn(wrn_msg)
[I 2025-08-06 13:47:31,999] Trial 7 finished with value: 0.31688535684938124 and parameters: {'n_d': 57, 'n_a': 34, 'n_steps': 8, 'gamma': 1.099379699384465, 'lambda_sparse': 0.00010612155895206958, 'lr': 0.0004064045327186482, 'weight_decay': 4.203111644174169e-05}. Best is trial 0 with value: 0.9301479181470897.
/work/dlclarge2/latifajr-dl_lab_project/autoML/automl-exam-ss25-tabular-freiburg-template/automl-tabular-env/lib/python3.10/site-packages/pytorch_tabnet/callbacks.py:172: UserWarning: Best weights from best epoch are automatically used!
  warnings.warn(wrn_msg)
[I 2025-08-06 13:47:55,716] Trial 8 finished with value: 0.9033330311782465 and parameters: {'n_d': 11, 'n_a': 31, 'n_steps': 5, 'gamma': 1.4782146365685525, 'lambda_sparse': 2.3809932039515488e-05, 'lr': 0.0019084567097620011, 'weight_decay': 7.532448425628997e-05}. Best is trial 0 with value: 0.9301479181470897.
/work/dlclarge2/latifajr-dl_lab_project/autoML/automl-exam-ss25-tabular-freiburg-template/automl-tabular-env/lib/python3.10/site-packages/pytorch_tabnet/callbacks.py:172: UserWarning: Best weights from best epoch are automatically used!
  warnings.warn(wrn_msg)
[I 2025-08-06 13:48:25,388] Trial 9 finished with value: 0.9223448506465448 and parameters: {'n_d': 39, 'n_a': 22, 'n_steps': 7, 'gamma': 1.2676012965575918, 'lambda_sparse': 0.003085510364685706, 'lr': 0.07206578379920976, 'weight_decay': 1.8413906578211554e-05}. Best is trial 0 with value: 0.9301479181470897.
/work/dlclarge2/latifajr-dl_lab_project/autoML/automl-exam-ss25-tabular-freiburg-template/automl-tabular-env/lib/python3.10/site-packages/pytorch_tabnet/callbacks.py:172: UserWarning: Best weights from best epoch are automatically used!
  warnings.warn(wrn_msg)
[I 2025-08-06 13:49:00,143] Trial 10 finished with value: 0.9142516587456886 and parameters: {'n_d': 30, 'n_a': 50, 'n_steps': 10, 'gamma': 1.629270056058973, 'lambda_sparse': 0.0012615864601703405, 'lr': 0.01084044243420582, 'weight_decay': 1.0690688782916358e-06}. Best is trial 0 with value: 0.9301479181470897.
/work/dlclarge2/latifajr-dl_lab_project/autoML/automl-exam-ss25-tabular-freiburg-template/automl-tabular-env/lib/python3.10/site-packages/pytorch_tabnet/callbacks.py:172: UserWarning: Best weights from best epoch are automatically used!
  warnings.warn(wrn_msg)
[I 2025-08-06 13:49:26,458] Trial 11 finished with value: 0.850705258017426 and parameters: {'n_d': 21, 'n_a': 48, 'n_steps': 6, 'gamma': 1.6819155221078597, 'lambda_sparse': 1.2236021835893614e-05, 'lr': 0.008092706954774447, 'weight_decay': 5.005723347580318e-06}. Best is trial 0 with value: 0.9301479181470897.
/work/dlclarge2/latifajr-dl_lab_project/autoML/automl-exam-ss25-tabular-freiburg-template/automl-tabular-env/lib/python3.10/site-packages/pytorch_tabnet/callbacks.py:172: UserWarning: Best weights from best epoch are automatically used!
  warnings.warn(wrn_msg)
[I 2025-08-06 13:50:05,252] Trial 12 finished with value: 0.9123791111388826 and parameters: {'n_d': 26, 'n_a': 44, 'n_steps': 10, 'gamma': 1.9788964301841405, 'lambda_sparse': 0.0006756353633120481, 'lr': 0.005345541127252063, 'weight_decay': 5.922383732886355e-06}. Best is trial 0 with value: 0.9301479181470897.
/work/dlclarge2/latifajr-dl_lab_project/autoML/automl-exam-ss25-tabular-freiburg-template/automl-tabular-env/lib/python3.10/site-packages/pytorch_tabnet/callbacks.py:172: UserWarning: Best weights from best epoch are automatically used!
  warnings.warn(wrn_msg)
[I 2025-08-06 13:50:38,696] Trial 13 finished with value: -0.011711037227324805 and parameters: {'n_d': 43, 'n_a': 22, 'n_steps': 8, 'gamma': 1.3466593649327987, 'lambda_sparse': 4.213830781250375e-05, 'lr': 0.00013918088234098015, 'weight_decay': 1.1664918061178906e-06}. Best is trial 0 with value: 0.9301479181470897.
/work/dlclarge2/latifajr-dl_lab_project/autoML/automl-exam-ss25-tabular-freiburg-template/automl-tabular-env/lib/python3.10/site-packages/pytorch_tabnet/callbacks.py:172: UserWarning: Best weights from best epoch are automatically used!
  warnings.warn(wrn_msg)
[I 2025-08-06 13:50:54,886] Trial 14 finished with value: 0.8870272243901401 and parameters: {'n_d': 46, 'n_a': 58, 'n_steps': 3, 'gamma': 1.651499958057598, 'lambda_sparse': 0.00021472312394314505, 'lr': 0.013423229906992143, 'weight_decay': 0.0005746869328691961}. Best is trial 0 with value: 0.9301479181470897.
/work/dlclarge2/latifajr-dl_lab_project/autoML/automl-exam-ss25-tabular-freiburg-template/automl-tabular-env/lib/python3.10/site-packages/pytorch_tabnet/callbacks.py:172: UserWarning: Best weights from best epoch are automatically used!
  warnings.warn(wrn_msg)
[I 2025-08-06 13:51:17,935] Trial 15 finished with value: 0.9047625136604472 and parameters: {'n_d': 30, 'n_a': 25, 'n_steps': 5, 'gamma': 1.8106510134488563, 'lambda_sparse': 3.331483879623966e-05, 'lr': 0.004323897816856968, 'weight_decay': 1.0381591715590426e-05}. Best is trial 0 with value: 0.9301479181470897.
/work/dlclarge2/latifajr-dl_lab_project/autoML/automl-exam-ss25-tabular-freiburg-template/automl-tabular-env/lib/python3.10/site-packages/pytorch_tabnet/callbacks.py:172: UserWarning: Best weights from best epoch are automatically used!
  warnings.warn(wrn_msg)
[I 2025-08-06 13:51:30,836] Trial 16 finished with value: -1.3321039727865287 and parameters: {'n_d': 25, 'n_a': 40, 'n_steps': 7, 'gamma': 1.5561052829810864, 'lambda_sparse': 0.007065773117473613, 'lr': 0.0006817258403580222, 'weight_decay': 2.448567901442103e-06}. Best is trial 0 with value: 0.9301479181470897.
/work/dlclarge2/latifajr-dl_lab_project/autoML/automl-exam-ss25-tabular-freiburg-template/automl-tabular-env/lib/python3.10/site-packages/pytorch_tabnet/callbacks.py:172: UserWarning: Best weights from best epoch are automatically used!
  warnings.warn(wrn_msg)
[I 2025-08-06 13:52:09,384] Trial 17 finished with value: 0.9158149694491433 and parameters: {'n_d': 8, 'n_a': 9, 'n_steps': 9, 'gamma': 1.384244951343198, 'lambda_sparse': 1.1554769442805743e-05, 'lr': 0.02795514261967764, 'weight_decay': 1.128065103544139e-05}. Best is trial 0 with value: 0.9301479181470897.
/work/dlclarge2/latifajr-dl_lab_project/autoML/automl-exam-ss25-tabular-freiburg-template/automl-tabular-env/lib/python3.10/site-packages/pytorch_tabnet/callbacks.py:172: UserWarning: Best weights from best epoch are automatically used!
  warnings.warn(wrn_msg)
[I 2025-08-06 13:52:25,192] Trial 18 finished with value: 0.8070572930183956 and parameters: {'n_d': 22, 'n_a': 54, 'n_steps': 5, 'gamma': 1.8180603682668792, 'lambda_sparse': 0.000636380103810252, 'lr': 0.02100061113350553, 'weight_decay': 2.247716796377757e-06}. Best is trial 0 with value: 0.9301479181470897.
/work/dlclarge2/latifajr-dl_lab_project/autoML/automl-exam-ss25-tabular-freiburg-template/automl-tabular-env/lib/python3.10/site-packages/pytorch_tabnet/callbacks.py:172: UserWarning: Best weights from best epoch are automatically used!
  warnings.warn(wrn_msg)
[I 2025-08-06 13:52:39,540] Trial 19 finished with value: -2.0373408242116833 and parameters: {'n_d': 33, 'n_a': 16, 'n_steps': 4, 'gamma': 1.0064161229483288, 'lambda_sparse': 9.141573849239043e-05, 'lr': 0.0001940102021916384, 'weight_decay': 0.0002706427484118722}. Best is trial 0 with value: 0.9301479181470897.
/work/dlclarge2/latifajr-dl_lab_project/autoML/automl-exam-ss25-tabular-freiburg-template/automl-tabular-env/lib/python3.10/site-packages/pytorch_tabnet/callbacks.py:172: UserWarning: Best weights from best epoch are automatically used!
  warnings.warn(wrn_msg)
[I 2025-08-06 13:53:07,022] A new study created in memory with name: no-name-cc4827bf-145b-4cb5-a057-40747bdaa5df
/work/dlclarge2/latifajr-dl_lab_project/autoML/automl-exam-ss25-tabular-freiburg-template/automl-tabular-env/lib/python3.10/site-packages/pytorch_tabnet/callbacks.py:172: UserWarning: Best weights from best epoch are automatically used!
  warnings.warn(wrn_msg)
[I 2025-08-06 13:53:39,184] Trial 0 finished with value: 0.9244776062922537 and parameters: {'n_d': 31, 'n_a': 39, 'n_steps': 6, 'gamma': 1.9117109778641415, 'lambda_sparse': 0.0002925808215795133, 'lr': 0.022972819316530932, 'weight_decay': 3.992737659260518e-06}. Best is trial 0 with value: 0.9244776062922537.
/work/dlclarge2/latifajr-dl_lab_project/autoML/automl-exam-ss25-tabular-freiburg-template/automl-tabular-env/lib/python3.10/site-packages/pytorch_tabnet/callbacks.py:172: UserWarning: Best weights from best epoch are automatically used!
  warnings.warn(wrn_msg)
[I 2025-08-06 13:54:08,113] Trial 1 finished with value: 0.8942173975161047 and parameters: {'n_d': 63, 'n_a': 12, 'n_steps': 10, 'gamma': 1.3861177365411192, 'lambda_sparse': 0.009703706334410447, 'lr': 0.0489487571528804, 'weight_decay': 4.092316489140241e-05}. Best is trial 0 with value: 0.9244776062922537.
/work/dlclarge2/latifajr-dl_lab_project/autoML/automl-exam-ss25-tabular-freiburg-template/automl-tabular-env/lib/python3.10/site-packages/pytorch_tabnet/callbacks.py:172: UserWarning: Best weights from best epoch are automatically used!
  warnings.warn(wrn_msg)
[I 2025-08-06 13:54:48,358] Trial 2 finished with value: -8.178409811956776 and parameters: {'n_d': 50, 'n_a': 28, 'n_steps': 8, 'gamma': 1.8170461302770768, 'lambda_sparse': 6.009447037564426e-05, 'lr': 0.00014774787172398338, 'weight_decay': 0.00016637586961461322}. Best is trial 0 with value: 0.9244776062922537.
/work/dlclarge2/latifajr-dl_lab_project/autoML/automl-exam-ss25-tabular-freiburg-template/automl-tabular-env/lib/python3.10/site-packages/pytorch_tabnet/callbacks.py:172: UserWarning: Best weights from best epoch are automatically used!
  warnings.warn(wrn_msg)
[I 2025-08-06 13:55:08,592] Trial 3 finished with value: 0.9497446950571514 and parameters: {'n_d': 32, 'n_a': 61, 'n_steps': 4, 'gamma': 1.9059062268673181, 'lambda_sparse': 1.8127812214086167e-05, 'lr': 0.06318127683521893, 'weight_decay': 0.00024304896824789334}. Best is trial 3 with value: 0.9497446950571514.
/work/dlclarge2/latifajr-dl_lab_project/autoML/automl-exam-ss25-tabular-freiburg-template/automl-tabular-env/lib/python3.10/site-packages/pytorch_tabnet/callbacks.py:172: UserWarning: Best weights from best epoch are automatically used!
  warnings.warn(wrn_msg)
[I 2025-08-06 13:55:24,263] Trial 4 finished with value: 0.8482426873335832 and parameters: {'n_d': 13, 'n_a': 17, 'n_steps': 7, 'gamma': 1.2975223922491441, 'lambda_sparse': 0.0007812980000121664, 'lr': 0.06673934705393449, 'weight_decay': 0.0006369020635947489}. Best is trial 3 with value: 0.9497446950571514.
/work/dlclarge2/latifajr-dl_lab_project/autoML/automl-exam-ss25-tabular-freiburg-template/automl-tabular-env/lib/python3.10/site-packages/pytorch_tabnet/callbacks.py:172: UserWarning: Best weights from best epoch are automatically used!
  warnings.warn(wrn_msg)
[I 2025-08-06 13:56:00,290] Trial 5 finished with value: 0.8192809282743536 and parameters: {'n_d': 60, 'n_a': 59, 'n_steps': 9, 'gamma': 1.7256144742381676, 'lambda_sparse': 0.00020958826378228738, 'lr': 0.0005900879324271091, 'weight_decay': 3.9264912074201574e-05}. Best is trial 3 with value: 0.9497446950571514.
/work/dlclarge2/latifajr-dl_lab_project/autoML/automl-exam-ss25-tabular-freiburg-template/automl-tabular-env/lib/python3.10/site-packages/pytorch_tabnet/callbacks.py:172: UserWarning: Best weights from best epoch are automatically used!
  warnings.warn(wrn_msg)
[I 2025-08-06 13:56:35,611] Trial 6 finished with value: -0.3162431494143949 and parameters: {'n_d': 32, 'n_a': 11, 'n_steps': 7, 'gamma': 1.7827348257921396, 'lambda_sparse': 0.0008022686126355735, 'lr': 0.00014098489193570816, 'weight_decay': 0.0005291127210472026}. Best is trial 3 with value: 0.9497446950571514.
/work/dlclarge2/latifajr-dl_lab_project/autoML/automl-exam-ss25-tabular-freiburg-template/automl-tabular-env/lib/python3.10/site-packages/pytorch_tabnet/callbacks.py:172: UserWarning: Best weights from best epoch are automatically used!
  warnings.warn(wrn_msg)
[I 2025-08-06 13:56:49,118] Trial 7 finished with value: 0.7750763904857305 and parameters: {'n_d': 61, 'n_a': 32, 'n_steps': 3, 'gamma': 1.9329808020646126, 'lambda_sparse': 0.008554802366867316, 'lr': 0.0013703291006906015, 'weight_decay': 6.19796448648865e-06}. Best is trial 3 with value: 0.9497446950571514.
/work/dlclarge2/latifajr-dl_lab_project/autoML/automl-exam-ss25-tabular-freiburg-template/automl-tabular-env/lib/python3.10/site-packages/pytorch_tabnet/callbacks.py:172: UserWarning: Best weights from best epoch are automatically used!
  warnings.warn(wrn_msg)
[I 2025-08-06 13:57:03,030] Trial 8 finished with value: 0.9298003337108007 and parameters: {'n_d': 36, 'n_a': 25, 'n_steps': 3, 'gamma': 1.0468827996766414, 'lambda_sparse': 0.003499741956335145, 'lr': 0.03595218383254165, 'weight_decay': 4.587625390990022e-06}. Best is trial 3 with value: 0.9497446950571514.
/work/dlclarge2/latifajr-dl_lab_project/autoML/automl-exam-ss25-tabular-freiburg-template/automl-tabular-env/lib/python3.10/site-packages/pytorch_tabnet/callbacks.py:172: UserWarning: Best weights from best epoch are automatically used!
  warnings.warn(wrn_msg)
[I 2025-08-06 13:57:31,268] Trial 9 finished with value: 0.9114274940662261 and parameters: {'n_d': 24, 'n_a': 46, 'n_steps': 4, 'gamma': 1.6465086508791944, 'lambda_sparse': 0.0006050617535251293, 'lr': 0.006849088632074244, 'weight_decay': 2.103896376879707e-06}. Best is trial 3 with value: 0.9497446950571514.
/work/dlclarge2/latifajr-dl_lab_project/autoML/automl-exam-ss25-tabular-freiburg-template/automl-tabular-env/lib/python3.10/site-packages/pytorch_tabnet/callbacks.py:172: UserWarning: Best weights from best epoch are automatically used!
  warnings.warn(wrn_msg)
[I 2025-08-06 13:57:59,119] Trial 10 finished with value: 0.8941192622922509 and parameters: {'n_d': 46, 'n_a': 64, 'n_steps': 5, 'gamma': 1.5390315045731129, 'lambda_sparse': 1.1516929187126457e-05, 'lr': 0.009096047342827573, 'weight_decay': 0.0001348105649821049}. Best is trial 3 with value: 0.9497446950571514.
/work/dlclarge2/latifajr-dl_lab_project/autoML/automl-exam-ss25-tabular-freiburg-template/automl-tabular-env/lib/python3.10/site-packages/pytorch_tabnet/callbacks.py:172: UserWarning: Best weights from best epoch are automatically used!
  warnings.warn(wrn_msg)
[I 2025-08-06 13:58:15,552] Trial 11 finished with value: 0.911762651685831 and parameters: {'n_d': 42, 'n_a': 51, 'n_steps': 3, 'gamma': 1.095493983630868, 'lambda_sparse': 1.4172496911192511e-05, 'lr': 0.08719020233366462, 'weight_decay': 1.0747507085068053e-05}. Best is trial 3 with value: 0.9497446950571514.
/work/dlclarge2/latifajr-dl_lab_project/autoML/automl-exam-ss25-tabular-freiburg-template/automl-tabular-env/lib/python3.10/site-packages/pytorch_tabnet/callbacks.py:172: UserWarning: Best weights from best epoch are automatically used!
  warnings.warn(wrn_msg)
[I 2025-08-06 13:58:40,557] Trial 12 finished with value: 0.9056732189275528 and parameters: {'n_d': 23, 'n_a': 24, 'n_steps': 5, 'gamma': 1.020001426415365, 'lambda_sparse': 0.0019594953879730234, 'lr': 0.01772760524070683, 'weight_decay': 1.1327409023877688e-06}. Best is trial 3 with value: 0.9497446950571514.
/work/dlclarge2/latifajr-dl_lab_project/autoML/automl-exam-ss25-tabular-freiburg-template/automl-tabular-env/lib/python3.10/site-packages/pytorch_tabnet/callbacks.py:172: UserWarning: Best weights from best epoch are automatically used!
  warnings.warn(wrn_msg)
[I 2025-08-06 13:59:06,040] Trial 13 finished with value: 0.9263000066089954 and parameters: {'n_d': 38, 'n_a': 40, 'n_steps': 4, 'gamma': 1.2283499838897356, 'lambda_sparse': 6.876569892091627e-05, 'lr': 0.003222246780820904, 'weight_decay': 1.9837859439307024e-05}. Best is trial 3 with value: 0.9497446950571514.
/work/dlclarge2/latifajr-dl_lab_project/autoML/automl-exam-ss25-tabular-freiburg-template/automl-tabular-env/lib/python3.10/site-packages/pytorch_tabnet/callbacks.py:172: UserWarning: Best weights from best epoch are automatically used!
  warnings.warn(wrn_msg)
[I 2025-08-06 13:59:18,444] Trial 14 finished with value: 0.8737152451595578 and parameters: {'n_d': 8, 'n_a': 22, 'n_steps': 3, 'gamma': 1.4610741199457005, 'lambda_sparse': 0.0027948931697872018, 'lr': 0.033055844945688896, 'weight_decay': 0.00014827045246783814}. Best is trial 3 with value: 0.9497446950571514.
/work/dlclarge2/latifajr-dl_lab_project/autoML/automl-exam-ss25-tabular-freiburg-template/automl-tabular-env/lib/python3.10/site-packages/pytorch_tabnet/callbacks.py:172: UserWarning: Best weights from best epoch are automatically used!
  warnings.warn(wrn_msg)
[I 2025-08-06 13:59:42,014] Trial 15 finished with value: 0.9591154794468598 and parameters: {'n_d': 20, 'n_a': 50, 'n_steps': 5, 'gamma': 1.586264027778189, 'lambda_sparse': 4.390591317581279e-05, 'lr': 0.09949701762408966, 'weight_decay': 6.412855463668178e-05}. Best is trial 15 with value: 0.9591154794468598.
/work/dlclarge2/latifajr-dl_lab_project/autoML/automl-exam-ss25-tabular-freiburg-template/automl-tabular-env/lib/python3.10/site-packages/pytorch_tabnet/callbacks.py:172: UserWarning: Best weights from best epoch are automatically used!
  warnings.warn(wrn_msg)
[I 2025-08-06 14:00:08,588] Trial 16 finished with value: 0.932698030351819 and parameters: {'n_d': 21, 'n_a': 54, 'n_steps': 5, 'gamma': 1.6345411248610089, 'lambda_sparse': 3.50646412403404e-05, 'lr': 0.010345953386689678, 'weight_decay': 7.178246024984518e-05}. Best is trial 15 with value: 0.9591154794468598.
/work/dlclarge2/latifajr-dl_lab_project/autoML/automl-exam-ss25-tabular-freiburg-template/automl-tabular-env/lib/python3.10/site-packages/pytorch_tabnet/callbacks.py:172: UserWarning: Best weights from best epoch are automatically used!
  warnings.warn(wrn_msg)
[I 2025-08-06 14:00:39,938] Trial 17 finished with value: 0.9531633563292369 and parameters: {'n_d': 17, 'n_a': 49, 'n_steps': 6, 'gamma': 1.9965073029254028, 'lambda_sparse': 3.0346477753115756e-05, 'lr': 0.0824340512095076, 'weight_decay': 0.00026287599277444054}. Best is trial 15 with value: 0.9591154794468598.
/work/dlclarge2/latifajr-dl_lab_project/autoML/automl-exam-ss25-tabular-freiburg-template/automl-tabular-env/lib/python3.10/site-packages/pytorch_tabnet/callbacks.py:172: UserWarning: Best weights from best epoch are automatically used!
  warnings.warn(wrn_msg)
[I 2025-08-06 14:01:03,653] Trial 18 finished with value: 0.9145092052997633 and parameters: {'n_d': 16, 'n_a': 46, 'n_steps': 6, 'gamma': 1.9885687366725922, 'lambda_sparse': 0.0001310880197883064, 'lr': 0.09638842270254305, 'weight_decay': 0.00034273865706783285}. Best is trial 15 with value: 0.9591154794468598.
/work/dlclarge2/latifajr-dl_lab_project/autoML/automl-exam-ss25-tabular-freiburg-template/automl-tabular-env/lib/python3.10/site-packages/pytorch_tabnet/callbacks.py:172: UserWarning: Best weights from best epoch are automatically used!
  warnings.warn(wrn_msg)
