cpu-bind=MASK - dlcgpu18, task  0  0 [29101]: mask 0x3c0000003c0000 set
/var/spool/slurm/job20929153/slurm_script: line 11: module: command not found
2025-08-06 11:36:03 [INFO] Using device: cuda
2025-08-06 11:36:03 [INFO] Training TabPFN model...
[I 2025-08-06 11:36:03,265] A new study created in memory with name: no-name-a513d25e-f750-400b-a323-050e2269edb7
2025-08-06 11:36:03 [INFO] 🔍 Trial 0: n_bootstrap=14, sample_frac=0.89
[I 2025-08-06 11:36:47,396] Trial 0 finished with value: 0.9947661253436134 and parameters: {'n_bootstrap': 14, 'sample_frac': 0.8852142919229748}. Best is trial 0 with value: 0.9947661253436134.
2025-08-06 11:36:47 [INFO] 🔍 Trial 1: n_bootstrap=18, sample_frac=0.78
[I 2025-08-06 11:37:49,818] Trial 1 finished with value: 0.9946630211389406 and parameters: {'n_bootstrap': 18, 'sample_frac': 0.779597545259111}. Best is trial 0 with value: 0.9947661253436134.
2025-08-06 11:37:49 [INFO] 🔍 Trial 2: n_bootstrap=11, sample_frac=0.65
[I 2025-08-06 11:38:24,800] Trial 2 finished with value: 0.9945498334389935 and parameters: {'n_bootstrap': 11, 'sample_frac': 0.6467983561008608}. Best is trial 0 with value: 0.9947661253436134.
2025-08-06 11:38:24 [INFO] 🔍 Trial 3: n_bootstrap=10, sample_frac=0.86
[I 2025-08-06 11:39:04,747] Trial 3 finished with value: 0.9946654872672674 and parameters: {'n_bootstrap': 10, 'sample_frac': 0.8598528437324806}. Best is trial 0 with value: 0.9947661253436134.
2025-08-06 11:39:04 [INFO] 🔍 Trial 4: n_bootstrap=16, sample_frac=0.81
[I 2025-08-06 11:40:07,444] Trial 4 finished with value: 0.9948113973201834 and parameters: {'n_bootstrap': 16, 'sample_frac': 0.8124217733388137}. Best is trial 4 with value: 0.9948113973201834.
2025-08-06 11:40:07 [INFO] 🔍 Trial 5: n_bootstrap=10, sample_frac=0.89
2025-08-06 11:40:11 [INFO] ⏸️ Pruned trial 5 at step 1 (R²=0.9994)
[I 2025-08-06 11:40:11,763] Trial 5 pruned. 
2025-08-06 11:40:11 [INFO] 🔍 Trial 6: n_bootstrap=19, sample_frac=0.66
[I 2025-08-06 11:41:13,834] Trial 6 finished with value: 0.9946090669017689 and parameters: {'n_bootstrap': 19, 'sample_frac': 0.6637017332034828}. Best is trial 4 with value: 0.9948113973201834.
2025-08-06 11:41:13 [INFO] 🔍 Trial 7: n_bootstrap=12, sample_frac=0.66
[I 2025-08-06 11:41:53,591] Trial 7 finished with value: 0.9946226267964412 and parameters: {'n_bootstrap': 12, 'sample_frac': 0.6550213529560301}. Best is trial 4 with value: 0.9948113973201834.
2025-08-06 11:41:53 [INFO] 🔍 Trial 8: n_bootstrap=13, sample_frac=0.76
[I 2025-08-06 11:42:41,667] Trial 8 finished with value: 0.9947054510229377 and parameters: {'n_bootstrap': 13, 'sample_frac': 0.7574269294896714}. Best is trial 4 with value: 0.9948113973201834.
2025-08-06 11:42:41 [INFO] 🔍 Trial 9: n_bootstrap=14, sample_frac=0.69
[I 2025-08-06 11:43:29,317] Trial 9 finished with value: 0.9947570850691764 and parameters: {'n_bootstrap': 14, 'sample_frac': 0.6873687420594126}. Best is trial 4 with value: 0.9948113973201834.
2025-08-06 11:43:29 [INFO] 🔍 Trial 10: n_bootstrap=17, sample_frac=0.82
2025-08-06 11:43:33 [INFO] ⏸️ Pruned trial 10 at step 1 (R²=0.9995)
[I 2025-08-06 11:43:33,303] Trial 10 pruned. 
2025-08-06 11:43:33 [INFO] 🔍 Trial 11: n_bootstrap=15, sample_frac=0.83
2025-08-06 11:43:37 [INFO] ⏸️ Pruned trial 11 at step 1 (R²=0.9995)
[I 2025-08-06 11:43:37,178] Trial 11 pruned. 
2025-08-06 11:43:37 [INFO] 🔍 Trial 12: n_bootstrap=16, sample_frac=0.87
2025-08-06 11:43:41 [INFO] ⏸️ Pruned trial 12 at step 1 (R²=0.9994)
[I 2025-08-06 11:43:41,465] Trial 12 pruned. 
2025-08-06 11:43:41 [INFO] 🔍 Trial 13: n_bootstrap=20, sample_frac=0.72
[I 2025-08-06 11:44:53,210] Trial 13 finished with value: 0.9946675070334579 and parameters: {'n_bootstrap': 20, 'sample_frac': 0.7177358676307897}. Best is trial 4 with value: 0.9948113973201834.
2025-08-06 11:44:53 [INFO] 🔍 Trial 14: n_bootstrap=15, sample_frac=0.60
[I 2025-08-06 11:45:39,145] Trial 14 finished with value: 0.9946951933808392 and parameters: {'n_bootstrap': 15, 'sample_frac': 0.6039530197390021}. Best is trial 4 with value: 0.9948113973201834.
2025-08-06 11:45:39 [INFO] 🔍 Trial 15: n_bootstrap=17, sample_frac=0.81
2025-08-06 11:45:42 [INFO] ⏸️ Pruned trial 15 at step 1 (R²=0.9995)
[I 2025-08-06 11:45:42,992] Trial 15 pruned. 
2025-08-06 11:45:43 [INFO] 🔍 Trial 16: n_bootstrap=13, sample_frac=0.85
2025-08-06 11:45:47 [INFO] ⏸️ Pruned trial 16 at step 1 (R²=0.9994)
[I 2025-08-06 11:45:47,002] Trial 16 pruned. 
2025-08-06 11:45:47 [INFO] 🔍 Trial 17: n_bootstrap=16, sample_frac=0.79
2025-08-06 11:45:50 [INFO] ⏸️ Pruned trial 17 at step 1 (R²=0.9995)
[I 2025-08-06 11:45:50,758] Trial 17 pruned. 
2025-08-06 11:45:50 [INFO] 🔍 Trial 18: n_bootstrap=14, sample_frac=0.90
2025-08-06 11:45:55 [INFO] ⏸️ Pruned trial 18 at step 1 (R²=0.9995)
[I 2025-08-06 11:45:55,147] Trial 18 pruned. 
2025-08-06 11:45:55 [INFO] 🔍 Trial 19: n_bootstrap=17, sample_frac=0.74
[I 2025-08-06 11:46:56,859] Trial 19 finished with value: 0.9946799546784977 and parameters: {'n_bootstrap': 17, 'sample_frac': 0.7365866415929077}. Best is trial 4 with value: 0.9948113973201834.
2025-08-06 11:46:56 [INFO] 🔍 Trial 20: n_bootstrap=14, sample_frac=0.84
2025-08-06 11:47:00 [INFO] ⏸️ Pruned trial 20 at step 1 (R²=0.9994)
[I 2025-08-06 11:47:00,801] Trial 20 pruned. 
2025-08-06 11:47:00 [INFO] 🔍 Trial 21: n_bootstrap=14, sample_frac=0.71
2025-08-06 11:47:04 [INFO] ⏸️ Pruned trial 21 at step 1 (R²=0.9995)
[I 2025-08-06 11:47:04,355] Trial 21 pruned. 
2025-08-06 11:47:04 [INFO] 🔍 Trial 22: n_bootstrap=13, sample_frac=0.78
2025-08-06 11:47:08 [INFO] ⏸️ Pruned trial 22 at step 1 (R²=0.9995)
[I 2025-08-06 11:47:08,340] Trial 22 pruned. 
2025-08-06 11:47:08 [INFO] 🔍 Trial 23: n_bootstrap=15, sample_frac=0.69
[I 2025-08-06 11:47:58,756] Trial 23 finished with value: 0.9947556410146937 and parameters: {'n_bootstrap': 15, 'sample_frac': 0.6883526733161716}. Best is trial 4 with value: 0.9948113973201834.
2025-08-06 11:47:58 [INFO] 🔍 Trial 24: n_bootstrap=12, sample_frac=0.75
2025-08-06 11:48:02 [INFO] ⏸️ Pruned trial 24 at step 1 (R²=0.9995)
[I 2025-08-06 11:48:02,499] Trial 24 pruned. 
2025-08-06 11:48:02 [INFO] 🔍 Trial 25: n_bootstrap=16, sample_frac=0.62
[I 2025-08-06 11:48:53,478] Trial 25 finished with value: 0.9947190355102992 and parameters: {'n_bootstrap': 16, 'sample_frac': 0.6188127426802384}. Best is trial 4 with value: 0.9948113973201834.
2025-08-06 11:48:53 [INFO] 🔍 Trial 26: n_bootstrap=15, sample_frac=0.87
2025-08-06 11:48:57 [INFO] ⏸️ Pruned trial 26 at step 1 (R²=0.9994)
[I 2025-08-06 11:48:57,536] Trial 26 pruned. 
2025-08-06 11:48:57 [INFO] 🔍 Trial 27: n_bootstrap=12, sample_frac=0.80
2025-08-06 11:49:01 [INFO] ⏸️ Pruned trial 27 at step 1 (R²=0.9995)
[I 2025-08-06 11:49:01,288] Trial 27 pruned. 
2025-08-06 11:49:01 [INFO] 🔍 Trial 28: n_bootstrap=18, sample_frac=0.69
[I 2025-08-06 11:50:02,552] Trial 28 finished with value: 0.9945716551586714 and parameters: {'n_bootstrap': 18, 'sample_frac': 0.6910338902665674}. Best is trial 4 with value: 0.9948113973201834.
2025-08-06 11:50:02 [INFO] 🔍 Trial 29: n_bootstrap=18, sample_frac=0.73
2025-08-06 11:50:06 [INFO] ⏸️ Pruned trial 29 at step 1 (R²=0.9995)
[I 2025-08-06 11:50:06,071] Trial 29 pruned. 
2025-08-06 11:50:06 [INFO] 🏆 Best Params: {'n_bootstrap': 16, 'sample_frac': 0.8124217733388137}, R²=0.99481
2025-08-06 11:50:06 [INFO] Bootstrap training → dataset=brazilian_houses, device=cuda
2025-08-06 11:50:06 [INFO] [1/16] bootstrap sample size=3421
2025-08-06 11:50:10 [INFO] Saved model → /work/dlclarge2/latifajr-dl_lab_project/autoML/automl-exam-ss25-tabular-freiburg-template/modelsFinal-brazilian_houses_rona/brazilian_houses/bootstrap_1.pkl
2025-08-06 11:50:10 [INFO] [2/16] bootstrap sample size=3421
2025-08-06 11:50:14 [INFO] Saved model → /work/dlclarge2/latifajr-dl_lab_project/autoML/automl-exam-ss25-tabular-freiburg-template/modelsFinal-brazilian_houses_rona/brazilian_houses/bootstrap_2.pkl
2025-08-06 11:50:14 [INFO] [3/16] bootstrap sample size=3421
2025-08-06 11:50:18 [INFO] Saved model → /work/dlclarge2/latifajr-dl_lab_project/autoML/automl-exam-ss25-tabular-freiburg-template/modelsFinal-brazilian_houses_rona/brazilian_houses/bootstrap_3.pkl
2025-08-06 11:50:18 [INFO] [4/16] bootstrap sample size=3421
2025-08-06 11:50:22 [INFO] Saved model → /work/dlclarge2/latifajr-dl_lab_project/autoML/automl-exam-ss25-tabular-freiburg-template/modelsFinal-brazilian_houses_rona/brazilian_houses/bootstrap_4.pkl
2025-08-06 11:50:22 [INFO] [5/16] bootstrap sample size=3421
2025-08-06 11:50:26 [INFO] Saved model → /work/dlclarge2/latifajr-dl_lab_project/autoML/automl-exam-ss25-tabular-freiburg-template/modelsFinal-brazilian_houses_rona/brazilian_houses/bootstrap_5.pkl
2025-08-06 11:50:26 [INFO] [6/16] bootstrap sample size=3421
2025-08-06 11:50:30 [INFO] Saved model → /work/dlclarge2/latifajr-dl_lab_project/autoML/automl-exam-ss25-tabular-freiburg-template/modelsFinal-brazilian_houses_rona/brazilian_houses/bootstrap_6.pkl
2025-08-06 11:50:30 [INFO] [7/16] bootstrap sample size=3421
2025-08-06 11:50:34 [INFO] Saved model → /work/dlclarge2/latifajr-dl_lab_project/autoML/automl-exam-ss25-tabular-freiburg-template/modelsFinal-brazilian_houses_rona/brazilian_houses/bootstrap_7.pkl
2025-08-06 11:50:35 [INFO] [8/16] bootstrap sample size=3421
2025-08-06 11:50:39 [INFO] Saved model → /work/dlclarge2/latifajr-dl_lab_project/autoML/automl-exam-ss25-tabular-freiburg-template/modelsFinal-brazilian_houses_rona/brazilian_houses/bootstrap_8.pkl
2025-08-06 11:50:39 [INFO] [9/16] bootstrap sample size=3421
2025-08-06 11:50:43 [INFO] Saved model → /work/dlclarge2/latifajr-dl_lab_project/autoML/automl-exam-ss25-tabular-freiburg-template/modelsFinal-brazilian_houses_rona/brazilian_houses/bootstrap_9.pkl
2025-08-06 11:50:43 [INFO] [10/16] bootstrap sample size=3421
2025-08-06 11:50:47 [INFO] Saved model → /work/dlclarge2/latifajr-dl_lab_project/autoML/automl-exam-ss25-tabular-freiburg-template/modelsFinal-brazilian_houses_rona/brazilian_houses/bootstrap_10.pkl
2025-08-06 11:50:47 [INFO] [11/16] bootstrap sample size=3421
2025-08-06 11:50:51 [INFO] Saved model → /work/dlclarge2/latifajr-dl_lab_project/autoML/automl-exam-ss25-tabular-freiburg-template/modelsFinal-brazilian_houses_rona/brazilian_houses/bootstrap_11.pkl
2025-08-06 11:50:51 [INFO] [12/16] bootstrap sample size=3421
2025-08-06 11:50:55 [INFO] Saved model → /work/dlclarge2/latifajr-dl_lab_project/autoML/automl-exam-ss25-tabular-freiburg-template/modelsFinal-brazilian_houses_rona/brazilian_houses/bootstrap_12.pkl
2025-08-06 11:50:55 [INFO] [13/16] bootstrap sample size=3421
2025-08-06 11:50:59 [INFO] Saved model → /work/dlclarge2/latifajr-dl_lab_project/autoML/automl-exam-ss25-tabular-freiburg-template/modelsFinal-brazilian_houses_rona/brazilian_houses/bootstrap_13.pkl
2025-08-06 11:50:59 [INFO] [14/16] bootstrap sample size=3421
2025-08-06 11:51:03 [INFO] Saved model → /work/dlclarge2/latifajr-dl_lab_project/autoML/automl-exam-ss25-tabular-freiburg-template/modelsFinal-brazilian_houses_rona/brazilian_houses/bootstrap_14.pkl
2025-08-06 11:51:03 [INFO] [15/16] bootstrap sample size=3421
2025-08-06 11:51:07 [INFO] Saved model → /work/dlclarge2/latifajr-dl_lab_project/autoML/automl-exam-ss25-tabular-freiburg-template/modelsFinal-brazilian_houses_rona/brazilian_houses/bootstrap_15.pkl
2025-08-06 11:51:07 [INFO] [16/16] bootstrap sample size=3421
2025-08-06 11:51:12 [INFO] Saved model → /work/dlclarge2/latifajr-dl_lab_project/autoML/automl-exam-ss25-tabular-freiburg-template/modelsFinal-brazilian_houses_rona/brazilian_houses/bootstrap_16.pkl
2025-08-06 11:51:12 [INFO] 📊 Final OOB R² = 0.99481
2025-08-06 11:51:15 [INFO] Saved ensemble → /work/dlclarge2/latifajr-dl_lab_project/autoML/automl-exam-ss25-tabular-freiburg-template/modelsFinal-brazilian_houses_rona/brazilian_houses/ensemble.pkl
2025-08-06 11:51:15 [WARNING] get_test_data failed or unavailable; skipping test R² logging
2025-08-06 11:51:15 [INFO] Total time: 69.7s
2025-08-06 11:51:15 [INFO] TabPFN →      /work/dlclarge2/latifajr-dl_lab_project/autoML/automl-exam-ss25-tabular-freiburg-template/modelsFinal-brazilian_houses_rona/brazilian_houses/ensemble.pkl (R²=0.9948)
2025-08-06 11:51:15 [INFO] Training tree-based model...
2025-08-06 11:51:15 [INFO] AutoML pipeline started
2025-08-06 11:51:15 [INFO] Output directory '/work/dlclarge2/latifajr-dl_lab_project/autoML/automl-exam-ss25-tabular-freiburg-template/modelsFinal-brazilian_houses_rona' is ready and logging is configured.
2025-08-06 11:51:15 [INFO] Merged training data: 4212 rows
2025-08-06 11:51:15 [INFO] Split data into pool (3790 rows) and validation (422 rows)
2025-08-06 11:51:15 [INFO] Feature engineering completed: 11 features
[I 2025-08-06 11:51:15,877] A new study created in memory with name: no-name-55643dfa-475a-4709-a765-374f31369f28
TBB Warning: The number of workers is currently limited to 7. The request for 63 workers is ignored. Further requests for more workers will be silently ignored until the limit changes.

[I 2025-08-06 11:54:15,691] Trial 0 finished with value: -0.9830612446660296 and parameters: {'learning_rate': 0.03574712922600244, 'depth': 12, 'l2_leaf_reg': 7.587945476302646, 'border_count': 166}. Best is trial 0 with value: -0.9830612446660296.
[I 2025-08-06 11:54:24,381] Trial 1 finished with value: -0.9888740677795781 and parameters: {'learning_rate': 0.01700037298921102, 'depth': 5, 'l2_leaf_reg': 1.5227525095137953, 'border_count': 226}. Best is trial 1 with value: -0.9888740677795781.
[I 2025-08-06 11:55:35,819] Trial 2 finished with value: -0.9844131707527499 and parameters: {'learning_rate': 0.07725378389307355, 'depth': 10, 'l2_leaf_reg': 1.185260448662222, 'border_count': 249}. Best is trial 1 with value: -0.9888740677795781.
[I 2025-08-06 11:55:42,256] Trial 3 finished with value: -0.9875646494125891 and parameters: {'learning_rate': 0.16967533607196555, 'depth': 5, 'l2_leaf_reg': 2.636424704863906, 'border_count': 73}. Best is trial 1 with value: -0.9888740677795781.
[I 2025-08-06 11:55:56,973] Trial 4 finished with value: -0.9857845286914062 and parameters: {'learning_rate': 0.028145092716060652, 'depth': 8, 'l2_leaf_reg': 4.887505167779041, 'border_count': 97}. Best is trial 1 with value: -0.9888740677795781.
[I 2025-08-06 11:56:05,132] Trial 5 finished with value: -0.9882095727768767 and parameters: {'learning_rate': 0.08012737503998542, 'depth': 5, 'l2_leaf_reg': 3.629301836816963, 'border_count': 114}. Best is trial 1 with value: -0.9888740677795781.
[I 2025-08-06 11:57:29,778] Trial 6 finished with value: -0.983355054504821 and parameters: {'learning_rate': 0.04717052037625178, 'depth': 11, 'l2_leaf_reg': 2.7970640394252375, 'border_count': 147}. Best is trial 1 with value: -0.9888740677795781.
[I 2025-08-06 11:57:36,061] Trial 7 finished with value: -0.9891723970988948 and parameters: {'learning_rate': 0.07500118950416987, 'depth': 4, 'l2_leaf_reg': 6.467903667112945, 'border_count': 70}. Best is trial 7 with value: -0.9891723970988948.
[I 2025-08-06 12:00:05,405] Trial 8 finished with value: -0.9787649489967307 and parameters: {'learning_rate': 0.012476394272569451, 'depth': 12, 'l2_leaf_reg': 9.690688297671034, 'border_count': 213}. Best is trial 7 with value: -0.9891723970988948.
[I 2025-08-06 12:00:11,624] Trial 9 finished with value: -0.9890264646974869 and parameters: {'learning_rate': 0.028180680291847244, 'depth': 4, 'l2_leaf_reg': 7.158097238609412, 'border_count': 130}. Best is trial 7 with value: -0.9891723970988948.
[I 2025-08-06 12:00:16,738] Trial 10 finished with value: -0.9846699366865703 and parameters: {'learning_rate': 0.2552948136610821, 'depth': 7, 'l2_leaf_reg': 6.215107140682327, 'border_count': 36}. Best is trial 7 with value: -0.9891723970988948.
[I 2025-08-06 12:00:21,777] Trial 11 finished with value: -0.9856480668107046 and parameters: {'learning_rate': 0.11386552028513468, 'depth': 4, 'l2_leaf_reg': 7.6878249427006295, 'border_count': 34}. Best is trial 7 with value: -0.9891723970988948.
[I 2025-08-06 12:00:33,842] Trial 12 finished with value: -0.987193965492055 and parameters: {'learning_rate': 0.02131175919937471, 'depth': 7, 'l2_leaf_reg': 6.714957031037731, 'border_count': 170}. Best is trial 7 with value: -0.9891723970988948.
[I 2025-08-06 12:00:40,405] Trial 13 finished with value: -0.9892486566616215 and parameters: {'learning_rate': 0.05491899012584811, 'depth': 4, 'l2_leaf_reg': 9.338493890692899, 'border_count': 78}. Best is trial 13 with value: -0.9892486566616215.
[I 2025-08-06 12:00:49,383] Trial 14 finished with value: -0.9881261698662263 and parameters: {'learning_rate': 0.06271124466425858, 'depth': 6, 'l2_leaf_reg': 9.554836484635672, 'border_count': 79}. Best is trial 13 with value: -0.9892486566616215.
[I 2025-08-06 12:01:04,983] Trial 15 finished with value: -0.9845506545608348 and parameters: {'learning_rate': 0.11519240087159174, 'depth': 9, 'l2_leaf_reg': 8.787983927901438, 'border_count': 62}. Best is trial 13 with value: -0.9892486566616215.
[I 2025-08-06 12:01:11,714] Trial 16 finished with value: -0.9899199320720229 and parameters: {'learning_rate': 0.04704643856781044, 'depth': 4, 'l2_leaf_reg': 5.043875815493685, 'border_count': 108}. Best is trial 16 with value: -0.9899199320720229.
[I 2025-08-06 12:01:21,108] Trial 17 finished with value: -0.9886157762422559 and parameters: {'learning_rate': 0.04299159344815616, 'depth': 6, 'l2_leaf_reg': 4.9431715074202085, 'border_count': 110}. Best is trial 16 with value: -0.9899199320720229.
[I 2025-08-06 12:01:31,025] Trial 18 finished with value: -0.9895998320933137 and parameters: {'learning_rate': 0.11561513904055767, 'depth': 6, 'l2_leaf_reg': 3.9276183289831463, 'border_count': 135}. Best is trial 16 with value: -0.9899199320720229.
[I 2025-08-06 12:01:40,807] Trial 19 finished with value: -0.9872271720693492 and parameters: {'learning_rate': 0.26369018334394767, 'depth': 6, 'l2_leaf_reg': 3.913972053768391, 'border_count': 178}. Best is trial 16 with value: -0.9899199320720229.
[I 2025-08-06 12:01:58,081] Trial 20 finished with value: -0.9868889974875408 and parameters: {'learning_rate': 0.13118618358879097, 'depth': 8, 'l2_leaf_reg': 5.4245808762372265, 'border_count': 141}. Best is trial 16 with value: -0.9899199320720229.
[I 2025-08-06 12:02:04,900] Trial 21 finished with value: -0.9888440983540973 and parameters: {'learning_rate': 0.056667833645229634, 'depth': 4, 'l2_leaf_reg': 4.136091875403359, 'border_count': 95}. Best is trial 16 with value: -0.9899199320720229.
[I 2025-08-06 12:02:12,979] Trial 22 finished with value: -0.9888092922887941 and parameters: {'learning_rate': 0.03495597071590568, 'depth': 5, 'l2_leaf_reg': 2.988016042438531, 'border_count': 123}. Best is trial 16 with value: -0.9899199320720229.
[I 2025-08-06 12:02:24,303] Trial 23 finished with value: -0.9875103168648508 and parameters: {'learning_rate': 0.16624339820308198, 'depth': 7, 'l2_leaf_reg': 8.403430812183041, 'border_count': 93}. Best is trial 16 with value: -0.9899199320720229.
[I 2025-08-06 12:02:31,946] Trial 24 finished with value: -0.988966025956415 and parameters: {'learning_rate': 0.08902635280281779, 'depth': 5, 'l2_leaf_reg': 5.334907331464369, 'border_count': 147}. Best is trial 16 with value: -0.9899199320720229.
[I 2025-08-06 12:02:40,156] Trial 25 finished with value: -0.9869027635764869 and parameters: {'learning_rate': 0.04920332711565596, 'depth': 6, 'l2_leaf_reg': 5.922666336816717, 'border_count': 53}. Best is trial 16 with value: -0.9899199320720229.
[I 2025-08-06 12:02:46,707] Trial 26 finished with value: -0.989551346486736 and parameters: {'learning_rate': 0.17665845012530415, 'depth': 4, 'l2_leaf_reg': 4.527544405036116, 'border_count': 107}. Best is trial 16 with value: -0.9899199320720229.
[I 2025-08-06 12:02:55,103] Trial 27 finished with value: -0.9886665477586934 and parameters: {'learning_rate': 0.17874908286272934, 'depth': 5, 'l2_leaf_reg': 4.291562172687347, 'border_count': 182}. Best is trial 16 with value: -0.9899199320720229.
[I 2025-08-06 12:03:05,076] Trial 28 finished with value: -0.9890307332974073 and parameters: {'learning_rate': 0.22042554420520363, 'depth': 6, 'l2_leaf_reg': 2.2196208754278413, 'border_count': 197}. Best is trial 16 with value: -0.9899199320720229.
[I 2025-08-06 12:03:12,116] Trial 29 finished with value: -0.9893403714778121 and parameters: {'learning_rate': 0.12644890036298762, 'depth': 4, 'l2_leaf_reg': 3.3677981070036513, 'border_count': 151}. Best is trial 16 with value: -0.9899199320720229.
[I 2025-08-06 12:03:24,291] Trial 30 finished with value: -0.9886994175452533 and parameters: {'learning_rate': 0.1998424663219883, 'depth': 7, 'l2_leaf_reg': 4.606184156177052, 'border_count': 129}. Best is trial 16 with value: -0.9899199320720229.
[I 2025-08-06 12:03:31,387] Trial 31 finished with value: -0.9898760818361817 and parameters: {'learning_rate': 0.13360557464541079, 'depth': 4, 'l2_leaf_reg': 3.5269241579943778, 'border_count': 159}. Best is trial 16 with value: -0.9899199320720229.
[I 2025-08-06 12:03:39,373] Trial 32 finished with value: -0.9884711925014498 and parameters: {'learning_rate': 0.09525674311720078, 'depth': 5, 'l2_leaf_reg': 1.7684683207332768, 'border_count': 107}. Best is trial 16 with value: -0.9899199320720229.
[I 2025-08-06 12:03:45,881] Trial 33 finished with value: -0.9898492228691321 and parameters: {'learning_rate': 0.29617315369159336, 'depth': 4, 'l2_leaf_reg': 3.151894961641595, 'border_count': 160}. Best is trial 16 with value: -0.9899199320720229.
[I 2025-08-06 12:03:54,307] Trial 34 finished with value: -0.9894046871757738 and parameters: {'learning_rate': 0.14910999270278194, 'depth': 5, 'l2_leaf_reg': 3.363970091218451, 'border_count': 158}. Best is trial 16 with value: -0.9899199320720229.
[I 2025-08-06 12:04:01,678] Trial 35 finished with value: -0.9912749589890518 and parameters: {'learning_rate': 0.10262523980364108, 'depth': 4, 'l2_leaf_reg': 2.618080916894446, 'border_count': 196}. Best is trial 35 with value: -0.9912749589890518.
