[I 2025-08-06 13:11:37,845] Trial 10 finished with value: 0.8660693293958494 and parameters: {'n_d': 64, 'n_a': 58, 'n_steps': 5, 'gamma': 1.6287811176346307, 'lambda_sparse': 0.0029467627555786755, 'lr': 0.046438272193878735, 'weight_decay': 1.5148636701186996e-06}. Best is trial 4 with value: 0.9178991906424188.
/work/dlclarge2/latifajr-dl_lab_project/autoML/automl-exam-ss25-tabular-freiburg-template/automl-tabular-env/lib/python3.10/site-packages/pytorch_tabnet/callbacks.py:172: UserWarning: Best weights from best epoch are automatically used!
  warnings.warn(wrn_msg)
[I 2025-08-06 13:11:59,346] Trial 11 finished with value: 0.9018620097584982 and parameters: {'n_d': 35, 'n_a': 33, 'n_steps': 4, 'gamma': 1.9248618342685875, 'lambda_sparse': 0.0005252466004948791, 'lr': 0.009291579917058765, 'weight_decay': 6.050396415055277e-06}. Best is trial 4 with value: 0.9178991906424188.
/work/dlclarge2/latifajr-dl_lab_project/autoML/automl-exam-ss25-tabular-freiburg-template/automl-tabular-env/lib/python3.10/site-packages/pytorch_tabnet/callbacks.py:172: UserWarning: Best weights from best epoch are automatically used!
  warnings.warn(wrn_msg)
[I 2025-08-06 13:12:17,610] Trial 12 finished with value: 0.9057994351627267 and parameters: {'n_d': 39, 'n_a': 26, 'n_steps': 3, 'gamma': 1.9577477781365937, 'lambda_sparse': 0.001777836555651934, 'lr': 0.0011462720317413511, 'weight_decay': 6.175217033257557e-06}. Best is trial 4 with value: 0.9178991906424188.
/work/dlclarge2/latifajr-dl_lab_project/autoML/automl-exam-ss25-tabular-freiburg-template/automl-tabular-env/lib/python3.10/site-packages/pytorch_tabnet/callbacks.py:172: UserWarning: Best weights from best epoch are automatically used!
  warnings.warn(wrn_msg)
[I 2025-08-06 13:12:41,302] Trial 13 finished with value: 0.9138778540532689 and parameters: {'n_d': 30, 'n_a': 42, 'n_steps': 4, 'gamma': 1.7190319034177177, 'lambda_sparse': 0.00027662738773418584, 'lr': 0.005137877496478699, 'weight_decay': 1.0507603809090447e-06}. Best is trial 4 with value: 0.9178991906424188.
/work/dlclarge2/latifajr-dl_lab_project/autoML/automl-exam-ss25-tabular-freiburg-template/automl-tabular-env/lib/python3.10/site-packages/pytorch_tabnet/callbacks.py:172: UserWarning: Best weights from best epoch are automatically used!
  warnings.warn(wrn_msg)
[I 2025-08-06 13:13:09,052] Trial 14 finished with value: 0.9381900626731825 and parameters: {'n_d': 47, 'n_a': 63, 'n_steps': 5, 'gamma': 1.8056094129402924, 'lambda_sparse': 0.0009970859450106418, 'lr': 0.02347575300959595, 'weight_decay': 1.529920705762502e-05}. Best is trial 14 with value: 0.9381900626731825.
/work/dlclarge2/latifajr-dl_lab_project/autoML/automl-exam-ss25-tabular-freiburg-template/automl-tabular-env/lib/python3.10/site-packages/pytorch_tabnet/callbacks.py:172: UserWarning: Best weights from best epoch are automatically used!
  warnings.warn(wrn_msg)
[I 2025-08-06 13:13:33,900] Trial 15 finished with value: 0.9294161061038576 and parameters: {'n_d': 46, 'n_a': 64, 'n_steps': 5, 'gamma': 1.7564405459013532, 'lambda_sparse': 0.006030703232700356, 'lr': 0.02341902873246902, 'weight_decay': 1.5958305698513207e-05}. Best is trial 14 with value: 0.9381900626731825.
/work/dlclarge2/latifajr-dl_lab_project/autoML/automl-exam-ss25-tabular-freiburg-template/automl-tabular-env/lib/python3.10/site-packages/pytorch_tabnet/callbacks.py:172: UserWarning: Best weights from best epoch are automatically used!
  warnings.warn(wrn_msg)
[I 2025-08-06 13:13:51,677] Trial 16 finished with value: 0.8837943275035722 and parameters: {'n_d': 47, 'n_a': 63, 'n_steps': 6, 'gamma': 1.4729937936247772, 'lambda_sparse': 0.00737058666506991, 'lr': 0.09386399345713674, 'weight_decay': 1.3441244011571047e-05}. Best is trial 14 with value: 0.9381900626731825.
/work/dlclarge2/latifajr-dl_lab_project/autoML/automl-exam-ss25-tabular-freiburg-template/automl-tabular-env/lib/python3.10/site-packages/pytorch_tabnet/callbacks.py:172: UserWarning: Best weights from best epoch are automatically used!
  warnings.warn(wrn_msg)
[I 2025-08-06 13:14:29,636] Trial 17 finished with value: 0.934761270588513 and parameters: {'n_d': 46, 'n_a': 62, 'n_steps': 9, 'gamma': 1.831510657747223, 'lambda_sparse': 0.005169329907658098, 'lr': 0.02279850439382553, 'weight_decay': 2.9609022304564247e-06}. Best is trial 14 with value: 0.9381900626731825.
/work/dlclarge2/latifajr-dl_lab_project/autoML/automl-exam-ss25-tabular-freiburg-template/automl-tabular-env/lib/python3.10/site-packages/pytorch_tabnet/callbacks.py:172: UserWarning: Best weights from best epoch are automatically used!
  warnings.warn(wrn_msg)
[I 2025-08-06 13:15:11,773] Trial 18 finished with value: 0.9158037339986311 and parameters: {'n_d': 47, 'n_a': 55, 'n_steps': 9, 'gamma': 1.5971896483227241, 'lambda_sparse': 0.00359209006599655, 'lr': 0.020592789349864124, 'weight_decay': 2.5313317944182883e-06}. Best is trial 14 with value: 0.9381900626731825.
/work/dlclarge2/latifajr-dl_lab_project/autoML/automl-exam-ss25-tabular-freiburg-template/automl-tabular-env/lib/python3.10/site-packages/pytorch_tabnet/callbacks.py:172: UserWarning: Best weights from best epoch are automatically used!
  warnings.warn(wrn_msg)
[I 2025-08-06 13:15:43,986] Trial 19 finished with value: 0.9493843475519544 and parameters: {'n_d': 43, 'n_a': 46, 'n_steps': 10, 'gamma': 1.8185815095341509, 'lambda_sparse': 0.00025162378053401944, 'lr': 0.09141931642978272, 'weight_decay': 2.8738720631961954e-06}. Best is trial 19 with value: 0.9493843475519544.
/work/dlclarge2/latifajr-dl_lab_project/autoML/automl-exam-ss25-tabular-freiburg-template/automl-tabular-env/lib/python3.10/site-packages/pytorch_tabnet/callbacks.py:172: UserWarning: Best weights from best epoch are automatically used!
  warnings.warn(wrn_msg)
[I 2025-08-06 13:16:23,445] A new study created in memory with name: no-name-116bfc24-9a01-4984-aaa4-a9557857bef2
/work/dlclarge2/latifajr-dl_lab_project/autoML/automl-exam-ss25-tabular-freiburg-template/automl-tabular-env/lib/python3.10/site-packages/pytorch_tabnet/callbacks.py:172: UserWarning: Best weights from best epoch are automatically used!
  warnings.warn(wrn_msg)
[I 2025-08-06 13:16:50,014] Trial 0 finished with value: 0.860601800417832 and parameters: {'n_d': 30, 'n_a': 9, 'n_steps': 9, 'gamma': 1.0212941770666664, 'lambda_sparse': 0.003496990017471731, 'lr': 0.03394370405631278, 'weight_decay': 8.965390850361834e-05}. Best is trial 0 with value: 0.860601800417832.
/work/dlclarge2/latifajr-dl_lab_project/autoML/automl-exam-ss25-tabular-freiburg-template/automl-tabular-env/lib/python3.10/site-packages/pytorch_tabnet/callbacks.py:172: UserWarning: Best weights from best epoch are automatically used!
  warnings.warn(wrn_msg)
[I 2025-08-06 13:17:04,766] Trial 1 finished with value: 0.6650787232696141 and parameters: {'n_d': 36, 'n_a': 57, 'n_steps': 6, 'gamma': 1.6098617095939025, 'lambda_sparse': 3.1096630545721554e-05, 'lr': 0.028522157507812132, 'weight_decay': 1.57301740392087e-06}. Best is trial 0 with value: 0.860601800417832.
/work/dlclarge2/latifajr-dl_lab_project/autoML/automl-exam-ss25-tabular-freiburg-template/automl-tabular-env/lib/python3.10/site-packages/pytorch_tabnet/callbacks.py:172: UserWarning: Best weights from best epoch are automatically used!
  warnings.warn(wrn_msg)
[I 2025-08-06 13:17:27,693] Trial 2 finished with value: -0.11955219333865119 and parameters: {'n_d': 50, 'n_a': 18, 'n_steps': 7, 'gamma': 1.1500029939577558, 'lambda_sparse': 0.00038022775025373665, 'lr': 0.000546212191732365, 'weight_decay': 2.4836515398633583e-06}. Best is trial 0 with value: 0.860601800417832.
/work/dlclarge2/latifajr-dl_lab_project/autoML/automl-exam-ss25-tabular-freiburg-template/automl-tabular-env/lib/python3.10/site-packages/pytorch_tabnet/callbacks.py:172: UserWarning: Best weights from best epoch are automatically used!
  warnings.warn(wrn_msg)
[I 2025-08-06 13:17:42,976] Trial 3 finished with value: -2.138297534760696 and parameters: {'n_d': 15, 'n_a': 24, 'n_steps': 7, 'gamma': 1.1172334538246305, 'lambda_sparse': 0.003307275469574596, 'lr': 0.0010489423725683292, 'weight_decay': 1.0509496620151434e-06}. Best is trial 0 with value: 0.860601800417832.
/work/dlclarge2/latifajr-dl_lab_project/autoML/automl-exam-ss25-tabular-freiburg-template/automl-tabular-env/lib/python3.10/site-packages/pytorch_tabnet/callbacks.py:172: UserWarning: Best weights from best epoch are automatically used!
  warnings.warn(wrn_msg)
[I 2025-08-06 13:17:59,880] Trial 4 finished with value: -6.008330016407394 and parameters: {'n_d': 30, 'n_a': 45, 'n_steps': 9, 'gamma': 1.986045952649212, 'lambda_sparse': 1.2496740505322136e-05, 'lr': 0.0002802506849294044, 'weight_decay': 2.793967986790924e-06}. Best is trial 0 with value: 0.860601800417832.
/work/dlclarge2/latifajr-dl_lab_project/autoML/automl-exam-ss25-tabular-freiburg-template/automl-tabular-env/lib/python3.10/site-packages/pytorch_tabnet/callbacks.py:172: UserWarning: Best weights from best epoch are automatically used!
  warnings.warn(wrn_msg)
[I 2025-08-06 13:18:26,810] Trial 5 finished with value: 0.589918865816045 and parameters: {'n_d': 44, 'n_a': 30, 'n_steps': 9, 'gamma': 1.2235080048535405, 'lambda_sparse': 8.687616502840214e-05, 'lr': 0.0008073111429802722, 'weight_decay': 2.3218622810293904e-06}. Best is trial 0 with value: 0.860601800417832.
/work/dlclarge2/latifajr-dl_lab_project/autoML/automl-exam-ss25-tabular-freiburg-template/automl-tabular-env/lib/python3.10/site-packages/pytorch_tabnet/callbacks.py:172: UserWarning: Best weights from best epoch are automatically used!
  warnings.warn(wrn_msg)
[I 2025-08-06 13:18:38,023] Trial 6 finished with value: -0.3967226602885179 and parameters: {'n_d': 54, 'n_a': 55, 'n_steps': 3, 'gamma': 1.2298576078927805, 'lambda_sparse': 0.00010491061591092184, 'lr': 0.0005380866764060771, 'weight_decay': 1.3854446227562904e-05}. Best is trial 0 with value: 0.860601800417832.
/work/dlclarge2/latifajr-dl_lab_project/autoML/automl-exam-ss25-tabular-freiburg-template/automl-tabular-env/lib/python3.10/site-packages/pytorch_tabnet/callbacks.py:172: UserWarning: Best weights from best epoch are automatically used!
  warnings.warn(wrn_msg)
[I 2025-08-06 13:18:49,525] Trial 7 finished with value: 0.7235907906079321 and parameters: {'n_d': 44, 'n_a': 60, 'n_steps': 3, 'gamma': 1.8346681201567967, 'lambda_sparse': 0.0027803131828777992, 'lr': 0.0012601531635215, 'weight_decay': 0.00016063483250878803}. Best is trial 0 with value: 0.860601800417832.
/work/dlclarge2/latifajr-dl_lab_project/autoML/automl-exam-ss25-tabular-freiburg-template/automl-tabular-env/lib/python3.10/site-packages/pytorch_tabnet/callbacks.py:172: UserWarning: Best weights from best epoch are automatically used!
  warnings.warn(wrn_msg)
[I 2025-08-06 13:18:59,286] Trial 8 finished with value: -844.5453660524479 and parameters: {'n_d': 13, 'n_a': 36, 'n_steps': 10, 'gamma': 1.0916753735182572, 'lambda_sparse': 0.009006101899048415, 'lr': 0.00024766604102180207, 'weight_decay': 0.00039355614685108623}. Best is trial 0 with value: 0.860601800417832.
/work/dlclarge2/latifajr-dl_lab_project/autoML/automl-exam-ss25-tabular-freiburg-template/automl-tabular-env/lib/python3.10/site-packages/pytorch_tabnet/callbacks.py:172: UserWarning: Best weights from best epoch are automatically used!
  warnings.warn(wrn_msg)
[I 2025-08-06 13:19:30,893] Trial 9 finished with value: 0.8298980045901078 and parameters: {'n_d': 58, 'n_a': 34, 'n_steps': 7, 'gamma': 1.940496264109579, 'lambda_sparse': 1.859093333861761e-05, 'lr': 0.001709626205992665, 'weight_decay': 0.00013730298970033057}. Best is trial 0 with value: 0.860601800417832.
/work/dlclarge2/latifajr-dl_lab_project/autoML/automl-exam-ss25-tabular-freiburg-template/automl-tabular-env/lib/python3.10/site-packages/pytorch_tabnet/callbacks.py:172: UserWarning: Best weights from best epoch are automatically used!
  warnings.warn(wrn_msg)
[I 2025-08-06 13:19:38,198] Trial 10 finished with value: -16.912411566633246 and parameters: {'n_d': 27, 'n_a': 8, 'n_steps': 5, 'gamma': 1.4070020162332022, 'lambda_sparse': 0.0006789039024365111, 'lr': 0.062476611084142965, 'weight_decay': 2.6573565156021443e-05}. Best is trial 0 with value: 0.860601800417832.
/work/dlclarge2/latifajr-dl_lab_project/autoML/automl-exam-ss25-tabular-freiburg-template/automl-tabular-env/lib/python3.10/site-packages/pytorch_tabnet/callbacks.py:172: UserWarning: Best weights from best epoch are automatically used!
  warnings.warn(wrn_msg)
[I 2025-08-06 13:20:02,351] Trial 11 finished with value: 0.7808282736921037 and parameters: {'n_d': 58, 'n_a': 8, 'n_steps': 8, 'gamma': 1.6795437683223273, 'lambda_sparse': 0.001274423580780121, 'lr': 0.007810789484188413, 'weight_decay': 0.00010618294207943872}. Best is trial 0 with value: 0.860601800417832.
/work/dlclarge2/latifajr-dl_lab_project/autoML/automl-exam-ss25-tabular-freiburg-template/automl-tabular-env/lib/python3.10/site-packages/pytorch_tabnet/callbacks.py:172: UserWarning: Best weights from best epoch are automatically used!
  warnings.warn(wrn_msg)
[I 2025-08-06 13:20:11,325] Trial 12 finished with value: -2.6281016190499447 and parameters: {'n_d': 62, 'n_a': 45, 'n_steps': 5, 'gamma': 1.3917662736379146, 'lambda_sparse': 0.00012683133064708756, 'lr': 0.006194373752823433, 'weight_decay': 8.952563037432077e-05}. Best is trial 0 with value: 0.860601800417832.
/work/dlclarge2/latifajr-dl_lab_project/autoML/automl-exam-ss25-tabular-freiburg-template/automl-tabular-env/lib/python3.10/site-packages/pytorch_tabnet/callbacks.py:172: UserWarning: Best weights from best epoch are automatically used!
  warnings.warn(wrn_msg)
[I 2025-08-06 13:20:22,072] Trial 13 finished with value: -0.8155309201253411 and parameters: {'n_d': 22, 'n_a': 18, 'n_steps': 8, 'gamma': 1.9985763801135288, 'lambda_sparse': 1.050355013450526e-05, 'lr': 0.016085082071321276, 'weight_decay': 0.0009374574583465792}. Best is trial 0 with value: 0.860601800417832.
/work/dlclarge2/latifajr-dl_lab_project/autoML/automl-exam-ss25-tabular-freiburg-template/automl-tabular-env/lib/python3.10/site-packages/pytorch_tabnet/callbacks.py:172: UserWarning: Best weights from best epoch are automatically used!
  warnings.warn(wrn_msg)
[I 2025-08-06 13:20:57,544] Trial 14 finished with value: 0.7852146723423911 and parameters: {'n_d': 40, 'n_a': 17, 'n_steps': 10, 'gamma': 1.7753274113061985, 'lambda_sparse': 0.00753966778821036, 'lr': 0.0027886184500362197, 'weight_decay': 4.490392231126583e-05}. Best is trial 0 with value: 0.860601800417832.
/work/dlclarge2/latifajr-dl_lab_project/autoML/automl-exam-ss25-tabular-freiburg-template/automl-tabular-env/lib/python3.10/site-packages/pytorch_tabnet/callbacks.py:172: UserWarning: Best weights from best epoch are automatically used!
  warnings.warn(wrn_msg)
[I 2025-08-06 13:21:11,579] Trial 15 finished with value: -37.99009805335636 and parameters: {'n_d': 64, 'n_a': 45, 'n_steps': 8, 'gamma': 1.5164012300358887, 'lambda_sparse': 3.821711414083855e-05, 'lr': 0.0001047172989718749, 'weight_decay': 0.0002628655200650604}. Best is trial 0 with value: 0.860601800417832.
/work/dlclarge2/latifajr-dl_lab_project/autoML/automl-exam-ss25-tabular-freiburg-template/automl-tabular-env/lib/python3.10/site-packages/pytorch_tabnet/callbacks.py:172: UserWarning: Best weights from best epoch are automatically used!
  warnings.warn(wrn_msg)
[I 2025-08-06 13:21:21,615] Trial 16 finished with value: -0.2510581803576113 and parameters: {'n_d': 33, 'n_a': 34, 'n_steps': 6, 'gamma': 1.3805183931476581, 'lambda_sparse': 0.0002572947815975176, 'lr': 0.07866589434486519, 'weight_decay': 2.328250156800065e-05}. Best is trial 0 with value: 0.860601800417832.
/work/dlclarge2/latifajr-dl_lab_project/autoML/automl-exam-ss25-tabular-freiburg-template/automl-tabular-env/lib/python3.10/site-packages/pytorch_tabnet/callbacks.py:172: UserWarning: Best weights from best epoch are automatically used!
  warnings.warn(wrn_msg)
[I 2025-08-06 13:21:42,791] Trial 17 finished with value: 0.3490816053454726 and parameters: {'n_d': 26, 'n_a': 26, 'n_steps': 9, 'gamma': 1.8647217365673432, 'lambda_sparse': 0.0012678253657298555, 'lr': 0.0027081351753998097, 'weight_decay': 8.349539332207796e-06}. Best is trial 0 with value: 0.860601800417832.
/work/dlclarge2/latifajr-dl_lab_project/autoML/automl-exam-ss25-tabular-freiburg-template/automl-tabular-env/lib/python3.10/site-packages/pytorch_tabnet/callbacks.py:172: UserWarning: Best weights from best epoch are automatically used!
  warnings.warn(wrn_msg)
[I 2025-08-06 13:21:50,042] Trial 18 finished with value: -1.3363848167675747 and parameters: {'n_d': 21, 'n_a': 38, 'n_steps': 5, 'gamma': 1.0009708777718702, 'lambda_sparse': 4.462464053340344e-05, 'lr': 0.01977858702922946, 'weight_decay': 6.870128902740955e-05}. Best is trial 0 with value: 0.860601800417832.
/work/dlclarge2/latifajr-dl_lab_project/autoML/automl-exam-ss25-tabular-freiburg-template/automl-tabular-env/lib/python3.10/site-packages/pytorch_tabnet/callbacks.py:172: UserWarning: Best weights from best epoch are automatically used!
  warnings.warn(wrn_msg)
[I 2025-08-06 13:22:06,672] Trial 19 finished with value: 0.6814977481807858 and parameters: {'n_d': 8, 'n_a': 50, 'n_steps': 7, 'gamma': 1.5735733109767671, 'lambda_sparse': 0.00024849954030349303, 'lr': 0.006446357062401891, 'weight_decay': 0.0007197023391299325}. Best is trial 0 with value: 0.860601800417832.
/work/dlclarge2/latifajr-dl_lab_project/autoML/automl-exam-ss25-tabular-freiburg-template/automl-tabular-env/lib/python3.10/site-packages/pytorch_tabnet/callbacks.py:172: UserWarning: Best weights from best epoch are automatically used!
  warnings.warn(wrn_msg)
[I 2025-08-06 13:22:37,049] A new study created in memory with name: no-name-c13d2e30-7ad1-4b25-8479-63cc98d90131
/work/dlclarge2/latifajr-dl_lab_project/autoML/automl-exam-ss25-tabular-freiburg-template/automl-tabular-env/lib/python3.10/site-packages/pytorch_tabnet/callbacks.py:172: UserWarning: Best weights from best epoch are automatically used!
  warnings.warn(wrn_msg)
[I 2025-08-06 13:22:56,844] Trial 0 finished with value: 0.8517738433369203 and parameters: {'n_d': 19, 'n_a': 18, 'n_steps': 5, 'gamma': 1.0671489165014214, 'lambda_sparse': 1.017208132083867e-05, 'lr': 0.031993867728243516, 'weight_decay': 0.0001595004662475633}. Best is trial 0 with value: 0.8517738433369203.
/work/dlclarge2/latifajr-dl_lab_project/autoML/automl-exam-ss25-tabular-freiburg-template/automl-tabular-env/lib/python3.10/site-packages/pytorch_tabnet/callbacks.py:172: UserWarning: Best weights from best epoch are automatically used!
  warnings.warn(wrn_msg)
[I 2025-08-06 13:23:35,476] Trial 1 finished with value: 0.8810741026064469 and parameters: {'n_d': 52, 'n_a': 54, 'n_steps': 8, 'gamma': 1.3166397374156313, 'lambda_sparse': 1.1651469651388044e-05, 'lr': 0.0017233175657771261, 'weight_decay': 4.488156251026233e-06}. Best is trial 1 with value: 0.8810741026064469.
/work/dlclarge2/latifajr-dl_lab_project/autoML/automl-exam-ss25-tabular-freiburg-template/automl-tabular-env/lib/python3.10/site-packages/pytorch_tabnet/callbacks.py:172: UserWarning: Best weights from best epoch are automatically used!
  warnings.warn(wrn_msg)
[I 2025-08-06 13:24:04,332] Trial 2 finished with value: 0.948527237287679 and parameters: {'n_d': 35, 'n_a': 41, 'n_steps': 7, 'gamma': 1.2413587834221018, 'lambda_sparse': 0.0025692739668110275, 'lr': 0.047357887277794844, 'weight_decay': 0.00016783449766973282}. Best is trial 2 with value: 0.948527237287679.
/work/dlclarge2/latifajr-dl_lab_project/autoML/automl-exam-ss25-tabular-freiburg-template/automl-tabular-env/lib/python3.10/site-packages/pytorch_tabnet/callbacks.py:172: UserWarning: Best weights from best epoch are automatically used!
  warnings.warn(wrn_msg)
[I 2025-08-06 13:24:29,550] Trial 3 finished with value: 0.8925404066685683 and parameters: {'n_d': 46, 'n_a': 18, 'n_steps': 5, 'gamma': 1.457012467178842, 'lambda_sparse': 9.806554109698305e-05, 'lr': 0.005883373800336248, 'weight_decay': 0.0009044589220081478}. Best is trial 2 with value: 0.948527237287679.
/work/dlclarge2/latifajr-dl_lab_project/autoML/automl-exam-ss25-tabular-freiburg-template/automl-tabular-env/lib/python3.10/site-packages/pytorch_tabnet/callbacks.py:172: UserWarning: Best weights from best epoch are automatically used!
  warnings.warn(wrn_msg)
[I 2025-08-06 13:24:47,713] Trial 4 finished with value: 0.8512618080414623 and parameters: {'n_d': 32, 'n_a': 59, 'n_steps': 3, 'gamma': 1.2988096072242845, 'lambda_sparse': 0.008420204954453838, 'lr': 0.000414283635626718, 'weight_decay': 0.00010575582891010644}. Best is trial 2 with value: 0.948527237287679.
/work/dlclarge2/latifajr-dl_lab_project/autoML/automl-exam-ss25-tabular-freiburg-template/automl-tabular-env/lib/python3.10/site-packages/pytorch_tabnet/callbacks.py:172: UserWarning: Best weights from best epoch are automatically used!
  warnings.warn(wrn_msg)
[I 2025-08-06 13:25:09,982] Trial 5 finished with value: 0.8901678147165687 and parameters: {'n_d': 64, 'n_a': 55, 'n_steps': 5, 'gamma': 1.2374289034214352, 'lambda_sparse': 0.0040604965712874195, 'lr': 0.0021443753146871813, 'weight_decay': 0.00015722798321396672}. Best is trial 2 with value: 0.948527237287679.
/work/dlclarge2/latifajr-dl_lab_project/autoML/automl-exam-ss25-tabular-freiburg-template/automl-tabular-env/lib/python3.10/site-packages/pytorch_tabnet/callbacks.py:172: UserWarning: Best weights from best epoch are automatically used!
  warnings.warn(wrn_msg)
