[I 2025-08-05 02:22:42,920] Trial 124 finished with value: -0.9428167719492236 and parameters: {'learning_rate': 0.08848842106156932, 'depth': 9, 'l2_leaf_reg': 7.314061893815277, 'border_count': 69}. Best is trial 98 with value: -0.9432778819343897.
[I 2025-08-05 02:23:03,158] Trial 125 finished with value: -0.9426080994679872 and parameters: {'learning_rate': 0.07122685311797354, 'depth': 10, 'l2_leaf_reg': 6.714688246803224, 'border_count': 95}. Best is trial 98 with value: -0.9432778819343897.
[I 2025-08-05 02:23:17,458] Trial 126 finished with value: -0.942259855635626 and parameters: {'learning_rate': 0.11205606297018973, 'depth': 9, 'l2_leaf_reg': 6.905125423264679, 'border_count': 86}. Best is trial 98 with value: -0.9432778819343897.
[I 2025-08-05 02:23:33,718] Trial 127 finished with value: -0.9421733238403436 and parameters: {'learning_rate': 0.09294567345250399, 'depth': 10, 'l2_leaf_reg': 6.021334482495175, 'border_count': 241}. Best is trial 98 with value: -0.9432778819343897.
[I 2025-08-05 02:24:09,707] Trial 128 finished with value: -0.9423923031497614 and parameters: {'learning_rate': 0.06259501399825497, 'depth': 11, 'l2_leaf_reg': 7.7789893362749645, 'border_count': 106}. Best is trial 98 with value: -0.9432778819343897.
[I 2025-08-05 02:24:34,785] Trial 129 finished with value: -0.9430059524188994 and parameters: {'learning_rate': 0.04943379021265671, 'depth': 10, 'l2_leaf_reg': 6.377333539324442, 'border_count': 127}. Best is trial 98 with value: -0.9432778819343897.
[I 2025-08-05 02:24:52,413] Trial 130 finished with value: -0.9432855629248562 and parameters: {'learning_rate': 0.07796570568432348, 'depth': 9, 'l2_leaf_reg': 6.509637576100484, 'border_count': 138}. Best is trial 130 with value: -0.9432855629248562.
[I 2025-08-05 02:25:10,174] Trial 131 finished with value: -0.9429528760926467 and parameters: {'learning_rate': 0.07779193279689399, 'depth': 9, 'l2_leaf_reg': 5.569498823220516, 'border_count': 119}. Best is trial 130 with value: -0.9432855629248562.
[I 2025-08-05 02:25:26,001] Trial 132 finished with value: -0.9428914357906695 and parameters: {'learning_rate': 0.10426475691304454, 'depth': 9, 'l2_leaf_reg': 6.567130347964062, 'border_count': 143}. Best is trial 130 with value: -0.9432855629248562.
[I 2025-08-05 02:25:47,403] Trial 133 finished with value: -0.9429498565221636 and parameters: {'learning_rate': 0.07019858740767233, 'depth': 10, 'l2_leaf_reg': 7.194948680112485, 'border_count': 131}. Best is trial 130 with value: -0.9432855629248562.
[I 2025-08-05 02:26:07,873] Trial 134 finished with value: -0.9427815615597552 and parameters: {'learning_rate': 0.05511002867282696, 'depth': 9, 'l2_leaf_reg': 6.22800975701849, 'border_count': 138}. Best is trial 130 with value: -0.9432855629248562.
[I 2025-08-05 02:26:27,055] Trial 135 finished with value: -0.942565454607665 and parameters: {'learning_rate': 0.08355105831893535, 'depth': 10, 'l2_leaf_reg': 6.737580892285387, 'border_count': 148}. Best is trial 130 with value: -0.9432855629248562.
[I 2025-08-05 02:26:43,705] Trial 136 finished with value: -0.9429126145183947 and parameters: {'learning_rate': 0.07594761542842202, 'depth': 9, 'l2_leaf_reg': 5.7458025554307, 'border_count': 71}. Best is trial 130 with value: -0.9432855629248562.
[I 2025-08-05 02:27:01,349] Trial 137 finished with value: -0.9426575092578686 and parameters: {'learning_rate': 0.09233243289913749, 'depth': 10, 'l2_leaf_reg': 6.496377376235971, 'border_count': 155}. Best is trial 130 with value: -0.9432855629248562.
[I 2025-08-05 02:27:13,632] Trial 138 finished with value: -0.9424835310686976 and parameters: {'learning_rate': 0.0838171356601687, 'depth': 8, 'l2_leaf_reg': 7.010344801621821, 'border_count': 64}. Best is trial 130 with value: -0.9432855629248562.
[I 2025-08-05 02:27:31,064] Trial 139 finished with value: -0.9425251219069601 and parameters: {'learning_rate': 0.06602752717727155, 'depth': 10, 'l2_leaf_reg': 3.220749409375599, 'border_count': 74}. Best is trial 130 with value: -0.9432855629248562.
[I 2025-08-05 02:27:41,099] Trial 140 finished with value: -0.9414494133535743 and parameters: {'learning_rate': 0.1662324813118718, 'depth': 9, 'l2_leaf_reg': 7.411313806945813, 'border_count': 59}. Best is trial 130 with value: -0.9432855629248562.
[I 2025-08-05 02:28:04,668] Trial 141 finished with value: -0.9429386555294903 and parameters: {'learning_rate': 0.05124377499623269, 'depth': 10, 'l2_leaf_reg': 6.3928997083840455, 'border_count': 126}. Best is trial 130 with value: -0.9432855629248562.
[I 2025-08-05 02:28:29,905] Trial 142 finished with value: -0.9429005447200032 and parameters: {'learning_rate': 0.04427469599043805, 'depth': 10, 'l2_leaf_reg': 6.120510083246771, 'border_count': 128}. Best is trial 130 with value: -0.9432855629248562.
[I 2025-08-05 02:28:54,214] Trial 143 finished with value: -0.9424091254435469 and parameters: {'learning_rate': 0.04799422745196114, 'depth': 10, 'l2_leaf_reg': 6.291123032548472, 'border_count': 123}. Best is trial 130 with value: -0.9432855629248562.
[I 2025-08-05 02:29:21,157] Trial 144 finished with value: -0.9427824151548034 and parameters: {'learning_rate': 0.038875205192210334, 'depth': 10, 'l2_leaf_reg': 6.01105435995857, 'border_count': 140}. Best is trial 130 with value: -0.9432855629248562.
[I 2025-08-05 02:29:48,355] Trial 145 finished with value: -0.9423732233560911 and parameters: {'learning_rate': 0.034044689306740296, 'depth': 10, 'l2_leaf_reg': 6.91196289423486, 'border_count': 133}. Best is trial 130 with value: -0.9432855629248562.
[I 2025-08-05 02:30:22,690] Trial 146 finished with value: -0.9427397784365825 and parameters: {'learning_rate': 0.0570202944380588, 'depth': 11, 'l2_leaf_reg': 7.108119889072677, 'border_count': 78}. Best is trial 130 with value: -0.9432855629248562.
[I 2025-08-05 02:30:43,743] Trial 147 finished with value: -0.9424991308848686 and parameters: {'learning_rate': 0.06143131818149311, 'depth': 10, 'l2_leaf_reg': 3.4797887731622725, 'border_count': 225}. Best is trial 130 with value: -0.9432855629248562.
[I 2025-08-05 02:31:06,713] Trial 148 finished with value: -0.9429119142209933 and parameters: {'learning_rate': 0.05190911947599111, 'depth': 9, 'l2_leaf_reg': 6.38075404442762, 'border_count': 116}. Best is trial 130 with value: -0.9432855629248562.
[I 2025-08-05 02:31:18,579] Trial 149 finished with value: -0.9418915688140016 and parameters: {'learning_rate': 0.1322969090415345, 'depth': 10, 'l2_leaf_reg': 3.745639383504758, 'border_count': 249}. Best is trial 130 with value: -0.9432855629248562.
[I 2025-08-05 02:31:21,117] A new study created in memory with name: no-name-d3dad872-33cc-4f9a-986a-098294539b00
[I 2025-08-05 02:31:37,530] Trial 0 finished with value: -0.9358323247514468 and parameters: {'learning_rate': 0.030710573677773714, 'num_leaves': 244, 'max_depth': 12, 'min_child_samples': 64, 'feature_fraction': 0.5780093202212182, 'bagging_fraction': 0.5779972601681014, 'reg_alpha': 3.3323645788192616e-08, 'reg_lambda': 0.6245760287469893}. Best is trial 0 with value: -0.9358323247514468.
[I 2025-08-05 02:31:40,637] Trial 1 finished with value: -0.9064751894816988 and parameters: {'learning_rate': 0.06054365855469246, 'num_leaves': 184, 'max_depth': 3, 'min_child_samples': 98, 'feature_fraction': 0.9162213204002109, 'bagging_fraction': 0.6061695553391381, 'reg_alpha': 4.329370014459266e-07, 'reg_lambda': 4.4734294104626844e-07}. Best is trial 0 with value: -0.9358323247514468.
[I 2025-08-05 02:31:51,071] Trial 2 finished with value: -0.9386360144747428 and parameters: {'learning_rate': 0.024878734419814436, 'num_leaves': 138, 'max_depth': 8, 'min_child_samples': 36, 'feature_fraction': 0.8059264473611898, 'bagging_fraction': 0.569746930326021, 'reg_alpha': 4.258943089524393e-06, 'reg_lambda': 1.9826980964985924e-05}. Best is trial 2 with value: -0.9386360144747428.
[I 2025-08-05 02:31:56,613] Trial 3 finished with value: -0.9303290569351471 and parameters: {'learning_rate': 0.03920673972242137, 'num_leaves': 203, 'max_depth': 5, 'min_child_samples': 56, 'feature_fraction': 0.7962072844310213, 'bagging_fraction': 0.5232252063599989, 'reg_alpha': 0.0029369981104377003, 'reg_lambda': 3.425445902633376e-07}. Best is trial 2 with value: -0.9386360144747428.
[I 2025-08-05 02:32:11,613] Trial 4 finished with value: -0.9303133884712121 and parameters: {'learning_rate': 0.012151617026673379, 'num_leaves': 244, 'max_depth': 15, 'min_child_samples': 83, 'feature_fraction': 0.6523068845866853, 'bagging_fraction': 0.5488360570031919, 'reg_alpha': 0.014391207615728067, 'reg_lambda': 9.148975058772307e-05}. Best is trial 2 with value: -0.9386360144747428.
[I 2025-08-05 02:32:14,783] Trial 5 finished with value: -0.8544275616296588 and parameters: {'learning_rate': 0.014413697528610409, 'num_leaves': 131, 'max_depth': 3, 'min_child_samples': 92, 'feature_fraction': 0.6293899908000085, 'bagging_fraction': 0.831261142176991, 'reg_alpha': 6.388511557344611e-06, 'reg_lambda': 0.0004793052550782129}. Best is trial 2 with value: -0.9386360144747428.
[I 2025-08-05 02:32:23,832] Trial 6 finished with value: -0.9352955368669097 and parameters: {'learning_rate': 0.05143828405076928, 'num_leaves': 54, 'max_depth': 15, 'min_child_samples': 80, 'feature_fraction': 0.9697494707820946, 'bagging_fraction': 0.9474136752138245, 'reg_alpha': 0.002404915432737351, 'reg_lambda': 1.9809253750493907}. Best is trial 2 with value: -0.9386360144747428.
[I 2025-08-05 02:32:27,034] Trial 7 finished with value: -0.840740931036518 and parameters: {'learning_rate': 0.01303561122512888, 'num_leaves': 56, 'max_depth': 3, 'min_child_samples': 39, 'feature_fraction': 0.6943386448447411, 'bagging_fraction': 0.6356745158869479, 'reg_alpha': 0.28749982347407854, 'reg_lambda': 1.6247252885719427e-05}. Best is trial 2 with value: -0.9386360144747428.
[I 2025-08-05 02:32:31,578] Trial 8 finished with value: -0.9071091862428273 and parameters: {'learning_rate': 0.023200867504756827, 'num_leaves': 143, 'max_depth': 4, 'min_child_samples': 82, 'feature_fraction': 0.5372753218398854, 'bagging_fraction': 0.9934434683002586, 'reg_alpha': 0.08916674715636537, 'reg_lambda': 6.143857495033091e-07}. Best is trial 2 with value: -0.9386360144747428.
[I 2025-08-05 02:32:46,725] Trial 9 finished with value: -0.933741776643824 and parameters: {'learning_rate': 0.010166803740022877, 'num_leaves': 211, 'max_depth': 12, 'min_child_samples': 76, 'feature_fraction': 0.8856351733429728, 'bagging_fraction': 0.5370223258670452, 'reg_alpha': 1.683416412018213e-05, 'reg_lambda': 1.1036250149900698e-07}. Best is trial 2 with value: -0.9386360144747428.
[I 2025-08-05 02:32:49,660] Trial 10 finished with value: -0.9363597177561258 and parameters: {'learning_rate': 0.13388899274129873, 'num_leaves': 9, 'max_depth': 7, 'min_child_samples': 11, 'feature_fraction': 0.7846562513261506, 'bagging_fraction': 0.721539898400351, 'reg_alpha': 4.344469108550396, 'reg_lambda': 0.010039786460205695}. Best is trial 2 with value: -0.9386360144747428.
[I 2025-08-05 02:32:52,076] Trial 11 finished with value: -0.9352133014197529 and parameters: {'learning_rate': 0.17061837680423544, 'num_leaves': 9, 'max_depth': 7, 'min_child_samples': 10, 'feature_fraction': 0.7930679183446125, 'bagging_fraction': 0.7171781358782056, 'reg_alpha': 4.188416507348498, 'reg_lambda': 0.008427137829973095}. Best is trial 2 with value: -0.9386360144747428.
[I 2025-08-05 02:32:56,391] Trial 12 finished with value: -0.9370543645493743 and parameters: {'learning_rate': 0.1252539331847696, 'num_leaves': 119, 'max_depth': 8, 'min_child_samples': 15, 'feature_fraction': 0.760313173810765, 'bagging_fraction': 0.70412092456293, 'reg_alpha': 5.610661224399163e-05, 'reg_lambda': 0.01686118861017418}. Best is trial 2 with value: -0.9386360144747428.
[I 2025-08-05 02:33:02,600] Trial 13 finished with value: -0.9382938176495343 and parameters: {'learning_rate': 0.09547520802157841, 'num_leaves': 122, 'max_depth': 9, 'min_child_samples': 30, 'feature_fraction': 0.7259348037363833, 'bagging_fraction': 0.8304278626461433, 'reg_alpha': 4.6852145960758174e-05, 'reg_lambda': 0.030276821312472436}. Best is trial 2 with value: -0.9386360144747428.
[I 2025-08-05 02:33:08,339] Trial 14 finished with value: -0.9391376167980623 and parameters: {'learning_rate': 0.07544873381168117, 'num_leaves': 95, 'max_depth': 10, 'min_child_samples': 32, 'feature_fraction': 0.8649174147658507, 'bagging_fraction': 0.8633753186051892, 'reg_alpha': 7.828404334305551e-07, 'reg_lambda': 1.6413474196163053e-05}. Best is trial 14 with value: -0.9391376167980623.
[I 2025-08-05 02:33:14,238] Trial 15 finished with value: -0.9386518630652123 and parameters: {'learning_rate': 0.08019736966659374, 'num_leaves': 80, 'max_depth': 11, 'min_child_samples': 38, 'feature_fraction': 0.8620313930247292, 'bagging_fraction': 0.8383609747044727, 'reg_alpha': 5.482417813288472e-07, 'reg_lambda': 1.2069191644341846e-08}. Best is trial 14 with value: -0.9391376167980623.
[I 2025-08-05 02:33:20,796] Trial 16 finished with value: -0.9377470366565971 and parameters: {'learning_rate': 0.07277037581026277, 'num_leaves': 82, 'max_depth': 11, 'min_child_samples': 46, 'feature_fraction': 0.8805304594988683, 'bagging_fraction': 0.8429080872801051, 'reg_alpha': 1.103217333805366e-08, 'reg_lambda': 1.4298887258730937e-08}. Best is trial 14 with value: -0.9391376167980623.
[I 2025-08-05 02:33:25,933] Trial 17 finished with value: -0.9392903590852875 and parameters: {'learning_rate': 0.08866125118089212, 'num_leaves': 89, 'max_depth': 11, 'min_child_samples': 24, 'feature_fraction': 0.992704701660188, 'bagging_fraction': 0.9041308029382291, 'reg_alpha': 3.784188519300372e-07, 'reg_lambda': 1.4441197528339097e-08}. Best is trial 17 with value: -0.9392903590852875.
[I 2025-08-05 02:33:30,672] Trial 18 finished with value: -0.9383805005420875 and parameters: {'learning_rate': 0.10643375865859607, 'num_leaves': 90, 'max_depth': 13, 'min_child_samples': 25, 'feature_fraction': 0.9995275195880237, 'bagging_fraction': 0.9070821469417789, 'reg_alpha': 5.814069983326867e-07, 'reg_lambda': 4.09223724608313e-06}. Best is trial 17 with value: -0.9392903590852875.
[I 2025-08-05 02:33:34,183] Trial 19 finished with value: -0.9372928990771137 and parameters: {'learning_rate': 0.19840774893517626, 'num_leaves': 166, 'max_depth': 10, 'min_child_samples': 22, 'feature_fraction': 0.9448890776027741, 'bagging_fraction': 0.9134336554829188, 'reg_alpha': 8.990994523866224e-08, 'reg_lambda': 0.00022163473160045644}. Best is trial 17 with value: -0.9392903590852875.
[I 2025-08-05 02:33:42,528] Trial 20 finished with value: -0.9381493291981198 and parameters: {'learning_rate': 0.041843890469109725, 'num_leaves': 37, 'max_depth': 13, 'min_child_samples': 50, 'feature_fraction': 0.8380549877235325, 'bagging_fraction': 0.7807851013064275, 'reg_alpha': 0.00042162894510326974, 'reg_lambda': 0.0011132716012388656}. Best is trial 17 with value: -0.9392903590852875.
[I 2025-08-05 02:33:48,752] Trial 21 finished with value: -0.9382176435795024 and parameters: {'learning_rate': 0.07368156611132125, 'num_leaves': 95, 'max_depth': 10, 'min_child_samples': 41, 'feature_fraction': 0.8589517181763427, 'bagging_fraction': 0.8720669794373067, 'reg_alpha': 9.126583215501419e-07, 'reg_lambda': 2.932791619952162e-08}. Best is trial 17 with value: -0.9392903590852875.
[I 2025-08-05 02:33:55,193] Trial 22 finished with value: -0.9393197152980373 and parameters: {'learning_rate': 0.08095518480259396, 'num_leaves': 73, 'max_depth': 11, 'min_child_samples': 31, 'feature_fraction': 0.9251147764908157, 'bagging_fraction': 0.7852009740611057, 'reg_alpha': 1.1879001646291583e-07, 'reg_lambda': 1.0050960158345228e-08}. Best is trial 22 with value: -0.9393197152980373.
[I 2025-08-05 02:34:02,470] Trial 23 finished with value: -0.9391112380967274 and parameters: {'learning_rate': 0.059240884942971896, 'num_leaves': 109, 'max_depth': 10, 'min_child_samples': 22, 'feature_fraction': 0.9312404495902853, 'bagging_fraction': 0.7629131725299532, 'reg_alpha': 9.395699080914442e-08, 'reg_lambda': 1.8962942178825404e-06}. Best is trial 22 with value: -0.9393197152980373.
[I 2025-08-05 02:34:06,498] Trial 24 finished with value: -0.9395822963651197 and parameters: {'learning_rate': 0.10778592671166555, 'num_leaves': 61, 'max_depth': 13, 'min_child_samples': 31, 'feature_fraction': 0.9851899024509025, 'bagging_fraction': 0.7887957332693476, 'reg_alpha': 1.0584596216672896e-07, 'reg_lambda': 1.0081402798277421e-07}. Best is trial 24 with value: -0.9395822963651197.
[I 2025-08-05 02:34:10,404] Trial 25 finished with value: -0.9372158266429611 and parameters: {'learning_rate': 0.14145556446180368, 'num_leaves': 48, 'max_depth': 14, 'min_child_samples': 59, 'feature_fraction': 0.9786689607083605, 'bagging_fraction': 0.6709821158612296, 'reg_alpha': 1.606457901282244e-08, 'reg_lambda': 7.636974371947272e-08}. Best is trial 24 with value: -0.9395822963651197.
[I 2025-08-05 02:34:14,910] Trial 26 finished with value: -0.9399258312624517 and parameters: {'learning_rate': 0.09957543478569024, 'num_leaves': 65, 'max_depth': 13, 'min_child_samples': 28, 'feature_fraction': 0.9223884211161939, 'bagging_fraction': 0.7936347090519561, 'reg_alpha': 8.277723185778568e-08, 'reg_lambda': 3.416245730281718e-08}. Best is trial 26 with value: -0.9399258312624517.
[I 2025-08-05 02:34:18,848] Trial 27 finished with value: -0.93822463948998 and parameters: {'learning_rate': 0.11189626912133305, 'num_leaves': 30, 'max_depth': 13, 'min_child_samples': 48, 'feature_fraction': 0.9145942595193253, 'bagging_fraction': 0.7934594537884057, 'reg_alpha': 5.570907652570733e-08, 'reg_lambda': 9.69364939394014e-08}. Best is trial 26 with value: -0.9399258312624517.
[I 2025-08-05 02:34:22,655] Trial 28 finished with value: -0.9386851235869397 and parameters: {'learning_rate': 0.15646306800202422, 'num_leaves': 70, 'max_depth': 14, 'min_child_samples': 18, 'feature_fraction': 0.9492122723181817, 'bagging_fraction': 0.791870495386907, 'reg_alpha': 3.572651935413191e-06, 'reg_lambda': 3.5107060432680136e-06}. Best is trial 26 with value: -0.9399258312624517.
[I 2025-08-05 02:34:32,294] Trial 29 finished with value: -0.940229361438551 and parameters: {'learning_rate': 0.03248873723539237, 'num_leaves': 27, 'max_depth': 12, 'min_child_samples': 31, 'feature_fraction': 0.9057757750324127, 'bagging_fraction': 0.667795884634778, 'reg_alpha': 1.105217367695826e-07, 'reg_lambda': 9.2063093507131e-08}. Best is trial 29 with value: -0.940229361438551.
[I 2025-08-05 02:34:40,316] Trial 30 finished with value: -0.9377234088725122 and parameters: {'learning_rate': 0.03580770217284296, 'num_leaves': 26, 'max_depth': 12, 'min_child_samples': 66, 'feature_fraction': 0.8280573305037836, 'bagging_fraction': 0.6800005880881586, 'reg_alpha': 3.2961158326960234e-08, 'reg_lambda': 7.606009819443854e-07}. Best is trial 29 with value: -0.940229361438551.
[I 2025-08-05 02:34:52,864] Trial 31 finished with value: -0.9406841204422504 and parameters: {'learning_rate': 0.025418382687662035, 'num_leaves': 57, 'max_depth': 12, 'min_child_samples': 29, 'feature_fraction': 0.9074927932645798, 'bagging_fraction': 0.640221170996667, 'reg_alpha': 9.30089964424005e-08, 'reg_lambda': 6.645254492681197e-08}. Best is trial 31 with value: -0.9406841204422504.
[I 2025-08-05 02:35:05,513] Trial 32 finished with value: -0.9407802360459827 and parameters: {'learning_rate': 0.020488981456792527, 'num_leaves': 47, 'max_depth': 14, 'min_child_samples': 31, 'feature_fraction': 0.9089379155645243, 'bagging_fraction': 0.6240633959161376, 'reg_alpha': 1.735933982308285e-07, 'reg_lambda': 1.365832943500582e-07}. Best is trial 32 with value: -0.9407802360459827.
[I 2025-08-05 02:35:17,006] Trial 33 finished with value: -0.9393493018207615 and parameters: {'learning_rate': 0.022192689867975957, 'num_leaves': 42, 'max_depth': 14, 'min_child_samples': 43, 'feature_fraction': 0.9046442881610571, 'bagging_fraction': 0.6096905896771859, 'reg_alpha': 2.476965113393979e-06, 'reg_lambda': 2.709572509762068e-07}. Best is trial 32 with value: -0.9407802360459827.
[I 2025-08-05 02:35:26,205] Trial 34 finished with value: -0.939252423002402 and parameters: {'learning_rate': 0.018609576794590695, 'num_leaves': 27, 'max_depth': 15, 'min_child_samples': 34, 'feature_fraction': 0.836726891130765, 'bagging_fraction': 0.6491225946823016, 'reg_alpha': 2.2404451529478362e-07, 'reg_lambda': 4.678834163459716e-08}. Best is trial 32 with value: -0.9407802360459827.
[I 2025-08-05 02:35:32,401] Trial 35 finished with value: -0.9389949962154247 and parameters: {'learning_rate': 0.03325255721697557, 'num_leaves': 19, 'max_depth': 12, 'min_child_samples': 27, 'feature_fraction': 0.8995582282887592, 'bagging_fraction': 0.5830617308602539, 'reg_alpha': 1.0240160435877175e-08, 'reg_lambda': 2.626566773361515e-07}. Best is trial 32 with value: -0.9407802360459827.
[I 2025-08-05 02:35:42,400] Trial 36 finished with value: -0.9414279581870597 and parameters: {'learning_rate': 0.027582314726127974, 'num_leaves': 42, 'max_depth': 14, 'min_child_samples': 17, 'feature_fraction': 0.9356175081930885, 'bagging_fraction': 0.6180192191856357, 'reg_alpha': 1.8194127844478728e-06, 'reg_lambda': 1.5030766348639562e-06}. Best is trial 36 with value: -0.9414279581870597.
[I 2025-08-05 02:35:51,520] Trial 37 finished with value: -0.9417902265749312 and parameters: {'learning_rate': 0.029551432366818276, 'num_leaves': 44, 'max_depth': 14, 'min_child_samples': 15, 'feature_fraction': 0.9527979513972848, 'bagging_fraction': 0.6082041083331982, 'reg_alpha': 1.839540243414165e-06, 'reg_lambda': 1.2412290940965426e-06}. Best is trial 37 with value: -0.9417902265749312.
