[I 2025-08-05 04:15:26,613] Trial 5 finished with value: 0.9219226373280877 and parameters: {'n_d': 19, 'n_a': 10, 'n_steps': 3, 'gamma': 1.7977525926179885, 'lambda_sparse': 0.00041313613357047124, 'lr': 0.011874235525431839, 'weight_decay': 8.09814386636194e-06}. Best is trial 5 with value: 0.9219226373280877.
/work/dlclarge2/latifajr-dl_lab_project/autoML/automl-exam-ss25-tabular-freiburg-template/automl-tabular-env/lib/python3.10/site-packages/pytorch_tabnet/callbacks.py:172: UserWarning: Best weights from best epoch are automatically used!
  warnings.warn(wrn_msg)
[I 2025-08-05 04:15:53,540] Trial 6 finished with value: 0.8766678798923411 and parameters: {'n_d': 64, 'n_a': 47, 'n_steps': 3, 'gamma': 1.8543557642947226, 'lambda_sparse': 0.0001779362603234712, 'lr': 0.0010608256179087787, 'weight_decay': 0.00010820477318169443}. Best is trial 5 with value: 0.9219226373280877.
/work/dlclarge2/latifajr-dl_lab_project/autoML/automl-exam-ss25-tabular-freiburg-template/automl-tabular-env/lib/python3.10/site-packages/pytorch_tabnet/callbacks.py:172: UserWarning: Best weights from best epoch are automatically used!
  warnings.warn(wrn_msg)
[I 2025-08-05 04:17:03,812] Trial 7 finished with value: 0.40897195325110813 and parameters: {'n_d': 54, 'n_a': 53, 'n_steps': 10, 'gamma': 1.0350222185649376, 'lambda_sparse': 0.0005144158802955516, 'lr': 0.00023943769448035084, 'weight_decay': 2.3657876533909638e-05}. Best is trial 5 with value: 0.9219226373280877.
/work/dlclarge2/latifajr-dl_lab_project/autoML/automl-exam-ss25-tabular-freiburg-template/automl-tabular-env/lib/python3.10/site-packages/pytorch_tabnet/callbacks.py:172: UserWarning: Best weights from best epoch are automatically used!
  warnings.warn(wrn_msg)
[I 2025-08-05 04:17:49,707] Trial 8 finished with value: 0.7121521001227246 and parameters: {'n_d': 17, 'n_a': 28, 'n_steps': 6, 'gamma': 1.653193473752701, 'lambda_sparse': 5.318446928809821e-05, 'lr': 0.0018291973773868107, 'weight_decay': 1.0627691760203244e-05}. Best is trial 5 with value: 0.9219226373280877.
/work/dlclarge2/latifajr-dl_lab_project/autoML/automl-exam-ss25-tabular-freiburg-template/automl-tabular-env/lib/python3.10/site-packages/pytorch_tabnet/callbacks.py:172: UserWarning: Best weights from best epoch are automatically used!
  warnings.warn(wrn_msg)
[I 2025-08-05 04:18:34,813] Trial 9 finished with value: 0.3649240274836316 and parameters: {'n_d': 18, 'n_a': 9, 'n_steps': 6, 'gamma': 1.0874443276359873, 'lambda_sparse': 0.0028388748291860075, 'lr': 0.00019657483115047294, 'weight_decay': 3.823141235497094e-06}. Best is trial 5 with value: 0.9219226373280877.
/work/dlclarge2/latifajr-dl_lab_project/autoML/automl-exam-ss25-tabular-freiburg-template/automl-tabular-env/lib/python3.10/site-packages/pytorch_tabnet/callbacks.py:172: UserWarning: Best weights from best epoch are automatically used!
  warnings.warn(wrn_msg)
[I 2025-08-05 04:19:36,708] Trial 10 finished with value: 0.8093886789673841 and parameters: {'n_d': 9, 'n_a': 22, 'n_steps': 9, 'gamma': 1.385478503579232, 'lambda_sparse': 0.008752741366376163, 'lr': 0.013442708029764933, 'weight_decay': 1.2322017353932436e-06}. Best is trial 5 with value: 0.9219226373280877.
/work/dlclarge2/latifajr-dl_lab_project/autoML/automl-exam-ss25-tabular-freiburg-template/automl-tabular-env/lib/python3.10/site-packages/pytorch_tabnet/callbacks.py:172: UserWarning: Best weights from best epoch are automatically used!
  warnings.warn(wrn_msg)
[I 2025-08-05 04:20:33,855] Trial 11 finished with value: 0.8182375129356654 and parameters: {'n_d': 43, 'n_a': 42, 'n_steps': 8, 'gamma': 1.3051138907129636, 'lambda_sparse': 1.4410887327192438e-05, 'lr': 0.08985224667425602, 'weight_decay': 3.5556437313600523e-06}. Best is trial 5 with value: 0.9219226373280877.
/work/dlclarge2/latifajr-dl_lab_project/autoML/automl-exam-ss25-tabular-freiburg-template/automl-tabular-env/lib/python3.10/site-packages/pytorch_tabnet/callbacks.py:172: UserWarning: Best weights from best epoch are automatically used!
  warnings.warn(wrn_msg)
[I 2025-08-05 04:21:13,938] Trial 12 finished with value: 0.8567615616665578 and parameters: {'n_d': 39, 'n_a': 64, 'n_steps': 7, 'gamma': 1.2045632959866337, 'lambda_sparse': 0.00027280375783540853, 'lr': 0.08876319356094271, 'weight_decay': 5.520043583280004e-06}. Best is trial 5 with value: 0.9219226373280877.
/work/dlclarge2/latifajr-dl_lab_project/autoML/automl-exam-ss25-tabular-freiburg-template/automl-tabular-env/lib/python3.10/site-packages/pytorch_tabnet/callbacks.py:172: UserWarning: Best weights from best epoch are automatically used!
  warnings.warn(wrn_msg)
[I 2025-08-05 04:21:46,325] Trial 13 finished with value: 0.8912428222203015 and parameters: {'n_d': 8, 'n_a': 38, 'n_steps': 5, 'gamma': 1.5614214303384994, 'lambda_sparse': 6.0669661537058665e-05, 'lr': 0.03379725451745661, 'weight_decay': 1.2146777217930358e-06}. Best is trial 5 with value: 0.9219226373280877.
/work/dlclarge2/latifajr-dl_lab_project/autoML/automl-exam-ss25-tabular-freiburg-template/automl-tabular-env/lib/python3.10/site-packages/pytorch_tabnet/callbacks.py:172: UserWarning: Best weights from best epoch are automatically used!
  warnings.warn(wrn_msg)
[I 2025-08-05 04:22:25,392] Trial 14 finished with value: 0.8892517559013916 and parameters: {'n_d': 48, 'n_a': 50, 'n_steps': 5, 'gamma': 1.2016880742028355, 'lambda_sparse': 0.0006556614034346847, 'lr': 0.012620326175451784, 'weight_decay': 0.000270585644395903}. Best is trial 5 with value: 0.9219226373280877.
/work/dlclarge2/latifajr-dl_lab_project/autoML/automl-exam-ss25-tabular-freiburg-template/automl-tabular-env/lib/python3.10/site-packages/pytorch_tabnet/callbacks.py:172: UserWarning: Best weights from best epoch are automatically used!
  warnings.warn(wrn_msg)
[I 2025-08-05 04:23:24,850] Trial 15 finished with value: 0.885898970865567 and parameters: {'n_d': 33, 'n_a': 22, 'n_steps': 7, 'gamma': 1.5701381961534402, 'lambda_sparse': 0.0001613250043927814, 'lr': 0.03617455093397331, 'weight_decay': 8.370186133554602e-06}. Best is trial 5 with value: 0.9219226373280877.
/work/dlclarge2/latifajr-dl_lab_project/autoML/automl-exam-ss25-tabular-freiburg-template/automl-tabular-env/lib/python3.10/site-packages/pytorch_tabnet/callbacks.py:172: UserWarning: Best weights from best epoch are automatically used!
  warnings.warn(wrn_msg)
[I 2025-08-05 04:24:13,295] Trial 16 finished with value: 0.9114141075365898 and parameters: {'n_d': 62, 'n_a': 55, 'n_steps': 5, 'gamma': 1.4030686765059452, 'lambda_sparse': 3.061491836828773e-05, 'lr': 0.0074474439774376774, 'weight_decay': 2.4868555338868586e-05}. Best is trial 5 with value: 0.9219226373280877.
/work/dlclarge2/latifajr-dl_lab_project/autoML/automl-exam-ss25-tabular-freiburg-template/automl-tabular-env/lib/python3.10/site-packages/pytorch_tabnet/callbacks.py:172: UserWarning: Best weights from best epoch are automatically used!
  warnings.warn(wrn_msg)
[I 2025-08-05 04:25:26,572] Trial 17 finished with value: 0.8244350893073262 and parameters: {'n_d': 27, 'n_a': 43, 'n_steps': 9, 'gamma': 1.985186295061058, 'lambda_sparse': 0.00010815849695250586, 'lr': 0.018515325829463657, 'weight_decay': 3.2477523325708108e-06}. Best is trial 5 with value: 0.9219226373280877.
/work/dlclarge2/latifajr-dl_lab_project/autoML/automl-exam-ss25-tabular-freiburg-template/automl-tabular-env/lib/python3.10/site-packages/pytorch_tabnet/callbacks.py:172: UserWarning: Best weights from best epoch are automatically used!
  warnings.warn(wrn_msg)
[I 2025-08-05 04:26:00,432] Trial 18 finished with value: 0.7397978525302569 and parameters: {'n_d': 46, 'n_a': 31, 'n_steps': 4, 'gamma': 1.6714151951619134, 'lambda_sparse': 0.00046228335280326866, 'lr': 0.0005439413062686342, 'weight_decay': 4.263930334882186e-05}. Best is trial 5 with value: 0.9219226373280877.
/work/dlclarge2/latifajr-dl_lab_project/autoML/automl-exam-ss25-tabular-freiburg-template/automl-tabular-env/lib/python3.10/site-packages/pytorch_tabnet/callbacks.py:172: UserWarning: Best weights from best epoch are automatically used!
  warnings.warn(wrn_msg)
[I 2025-08-05 04:26:56,992] Trial 19 finished with value: 0.8701337926569032 and parameters: {'n_d': 15, 'n_a': 21, 'n_steps': 8, 'gamma': 1.180417854517681, 'lambda_sparse': 2.990477982794764e-05, 'lr': 0.005301825586630993, 'weight_decay': 0.00011416162026831767}. Best is trial 5 with value: 0.9219226373280877.
/work/dlclarge2/latifajr-dl_lab_project/autoML/automl-exam-ss25-tabular-freiburg-template/automl-tabular-env/lib/python3.10/site-packages/pytorch_tabnet/callbacks.py:172: UserWarning: Best weights from best epoch are automatically used!
  warnings.warn(wrn_msg)
[I 2025-08-05 04:27:30,895] A new study created in memory with name: no-name-79da536f-861c-4fd6-85cd-117a4cce3998
/work/dlclarge2/latifajr-dl_lab_project/autoML/automl-exam-ss25-tabular-freiburg-template/automl-tabular-env/lib/python3.10/site-packages/pytorch_tabnet/callbacks.py:172: UserWarning: Best weights from best epoch are automatically used!
  warnings.warn(wrn_msg)
[I 2025-08-05 04:28:27,266] Trial 0 finished with value: 0.43447286692994913 and parameters: {'n_d': 60, 'n_a': 21, 'n_steps': 8, 'gamma': 1.6982321042753785, 'lambda_sparse': 0.0005321501193339755, 'lr': 0.00035828917161296795, 'weight_decay': 4.60993121591483e-06}. Best is trial 0 with value: 0.43447286692994913.
/work/dlclarge2/latifajr-dl_lab_project/autoML/automl-exam-ss25-tabular-freiburg-template/automl-tabular-env/lib/python3.10/site-packages/pytorch_tabnet/callbacks.py:172: UserWarning: Best weights from best epoch are automatically used!
  warnings.warn(wrn_msg)
[I 2025-08-05 04:29:16,762] Trial 1 finished with value: 0.7089313955284393 and parameters: {'n_d': 15, 'n_a': 32, 'n_steps': 7, 'gamma': 1.2576947242204863, 'lambda_sparse': 0.00036082730080117426, 'lr': 0.0012413159517178807, 'weight_decay': 1.2268724200043203e-06}. Best is trial 1 with value: 0.7089313955284393.
/work/dlclarge2/latifajr-dl_lab_project/autoML/automl-exam-ss25-tabular-freiburg-template/automl-tabular-env/lib/python3.10/site-packages/pytorch_tabnet/callbacks.py:172: UserWarning: Best weights from best epoch are automatically used!
  warnings.warn(wrn_msg)
[I 2025-08-05 04:30:23,936] Trial 2 finished with value: 0.703062316210957 and parameters: {'n_d': 10, 'n_a': 39, 'n_steps': 9, 'gamma': 1.6237074425365976, 'lambda_sparse': 0.0014048787297506044, 'lr': 0.00339017309003839, 'weight_decay': 0.0005183854642674448}. Best is trial 1 with value: 0.7089313955284393.
/work/dlclarge2/latifajr-dl_lab_project/autoML/automl-exam-ss25-tabular-freiburg-template/automl-tabular-env/lib/python3.10/site-packages/pytorch_tabnet/callbacks.py:172: UserWarning: Best weights from best epoch are automatically used!
  warnings.warn(wrn_msg)
[I 2025-08-05 04:31:07,480] Trial 3 finished with value: 0.8455961188635681 and parameters: {'n_d': 30, 'n_a': 26, 'n_steps': 5, 'gamma': 1.9736055096102447, 'lambda_sparse': 1.7433800717278815e-05, 'lr': 0.009176881281396583, 'weight_decay': 2.408200025104876e-05}. Best is trial 3 with value: 0.8455961188635681.
/work/dlclarge2/latifajr-dl_lab_project/autoML/automl-exam-ss25-tabular-freiburg-template/automl-tabular-env/lib/python3.10/site-packages/pytorch_tabnet/callbacks.py:172: UserWarning: Best weights from best epoch are automatically used!
  warnings.warn(wrn_msg)
[I 2025-08-05 04:32:21,463] Trial 4 finished with value: 0.7681355915576953 and parameters: {'n_d': 64, 'n_a': 17, 'n_steps': 10, 'gamma': 1.2760525768990096, 'lambda_sparse': 1.4252461083880918e-05, 'lr': 0.007001108231560668, 'weight_decay': 1.2776355505181253e-05}. Best is trial 3 with value: 0.8455961188635681.
/work/dlclarge2/latifajr-dl_lab_project/autoML/automl-exam-ss25-tabular-freiburg-template/automl-tabular-env/lib/python3.10/site-packages/pytorch_tabnet/callbacks.py:172: UserWarning: Best weights from best epoch are automatically used!
  warnings.warn(wrn_msg)
[I 2025-08-05 04:32:50,463] Trial 5 finished with value: 0.8962459014942585 and parameters: {'n_d': 40, 'n_a': 22, 'n_steps': 4, 'gamma': 1.428718308464584, 'lambda_sparse': 1.675262773281317e-05, 'lr': 0.04302319302395312, 'weight_decay': 2.302865671611056e-05}. Best is trial 5 with value: 0.8962459014942585.
/work/dlclarge2/latifajr-dl_lab_project/autoML/automl-exam-ss25-tabular-freiburg-template/automl-tabular-env/lib/python3.10/site-packages/pytorch_tabnet/callbacks.py:172: UserWarning: Best weights from best epoch are automatically used!
  warnings.warn(wrn_msg)
[I 2025-08-05 04:33:35,645] Trial 6 finished with value: 0.6245356158494846 and parameters: {'n_d': 20, 'n_a': 38, 'n_steps': 9, 'gamma': 1.9110521613646902, 'lambda_sparse': 0.0001067834860655795, 'lr': 0.005161403225844937, 'weight_decay': 7.952051134446416e-05}. Best is trial 5 with value: 0.8962459014942585.
/work/dlclarge2/latifajr-dl_lab_project/autoML/automl-exam-ss25-tabular-freiburg-template/automl-tabular-env/lib/python3.10/site-packages/pytorch_tabnet/callbacks.py:172: UserWarning: Best weights from best epoch are automatically used!
  warnings.warn(wrn_msg)
[I 2025-08-05 04:34:37,985] Trial 7 finished with value: 0.8663840596104881 and parameters: {'n_d': 13, 'n_a': 35, 'n_steps': 9, 'gamma': 1.7570204281944433, 'lambda_sparse': 4.615896605924975e-05, 'lr': 0.04236582019261611, 'weight_decay': 7.864149270508192e-06}. Best is trial 5 with value: 0.8962459014942585.
/work/dlclarge2/latifajr-dl_lab_project/autoML/automl-exam-ss25-tabular-freiburg-template/automl-tabular-env/lib/python3.10/site-packages/pytorch_tabnet/callbacks.py:172: UserWarning: Best weights from best epoch are automatically used!
  warnings.warn(wrn_msg)
[I 2025-08-05 04:35:32,297] Trial 8 finished with value: 0.8534160676166158 and parameters: {'n_d': 57, 'n_a': 56, 'n_steps': 8, 'gamma': 1.3800488451221145, 'lambda_sparse': 1.1075513563041936e-05, 'lr': 0.02263588415773207, 'weight_decay': 0.0004900312009006256}. Best is trial 5 with value: 0.8962459014942585.
/work/dlclarge2/latifajr-dl_lab_project/autoML/automl-exam-ss25-tabular-freiburg-template/automl-tabular-env/lib/python3.10/site-packages/pytorch_tabnet/callbacks.py:172: UserWarning: Best weights from best epoch are automatically used!
  warnings.warn(wrn_msg)
[I 2025-08-05 04:36:40,391] Trial 9 finished with value: 0.47780814188274023 and parameters: {'n_d': 29, 'n_a': 64, 'n_steps': 8, 'gamma': 1.5328223181443885, 'lambda_sparse': 0.0021800477926986702, 'lr': 0.0003896441747102886, 'weight_decay': 5.675112198694462e-06}. Best is trial 5 with value: 0.8962459014942585.
/work/dlclarge2/latifajr-dl_lab_project/autoML/automl-exam-ss25-tabular-freiburg-template/automl-tabular-env/lib/python3.10/site-packages/pytorch_tabnet/callbacks.py:172: UserWarning: Best weights from best epoch are automatically used!
  warnings.warn(wrn_msg)
[I 2025-08-05 04:37:10,675] Trial 10 finished with value: 0.8747023026906701 and parameters: {'n_d': 44, 'n_a': 8, 'n_steps': 3, 'gamma': 1.0050446609472532, 'lambda_sparse': 0.009134808257517906, 'lr': 0.07447630177695903, 'weight_decay': 8.424609981528517e-05}. Best is trial 5 with value: 0.8962459014942585.
/work/dlclarge2/latifajr-dl_lab_project/autoML/automl-exam-ss25-tabular-freiburg-template/automl-tabular-env/lib/python3.10/site-packages/pytorch_tabnet/callbacks.py:172: UserWarning: Best weights from best epoch are automatically used!
  warnings.warn(wrn_msg)
[I 2025-08-05 04:37:37,797] Trial 11 finished with value: 0.861736432471148 and parameters: {'n_d': 46, 'n_a': 8, 'n_steps': 3, 'gamma': 1.01703117970604, 'lambda_sparse': 0.009533179787820215, 'lr': 0.08664855674009049, 'weight_decay': 8.838010171127989e-05}. Best is trial 5 with value: 0.8962459014942585.
/work/dlclarge2/latifajr-dl_lab_project/autoML/automl-exam-ss25-tabular-freiburg-template/automl-tabular-env/lib/python3.10/site-packages/pytorch_tabnet/callbacks.py:172: UserWarning: Best weights from best epoch are automatically used!
  warnings.warn(wrn_msg)
[I 2025-08-05 04:38:14,440] Trial 12 finished with value: 0.8642904619508782 and parameters: {'n_d': 43, 'n_a': 8, 'n_steps': 3, 'gamma': 1.012418067617733, 'lambda_sparse': 0.009140002896815375, 'lr': 0.09840683535158644, 'weight_decay': 0.00012188614866331871}. Best is trial 5 with value: 0.8962459014942585.
/work/dlclarge2/latifajr-dl_lab_project/autoML/automl-exam-ss25-tabular-freiburg-template/automl-tabular-env/lib/python3.10/site-packages/pytorch_tabnet/callbacks.py:172: UserWarning: Best weights from best epoch are automatically used!
  warnings.warn(wrn_msg)
[I 2025-08-05 04:39:01,853] Trial 13 finished with value: 0.901369643422841 and parameters: {'n_d': 47, 'n_a': 17, 'n_steps': 5, 'gamma': 1.1841603853116913, 'lambda_sparse': 9.511637443375427e-05, 'lr': 0.021122102801200537, 'weight_decay': 3.1418931547735715e-05}. Best is trial 13 with value: 0.901369643422841.
/work/dlclarge2/latifajr-dl_lab_project/autoML/automl-exam-ss25-tabular-freiburg-template/automl-tabular-env/lib/python3.10/site-packages/pytorch_tabnet/callbacks.py:172: UserWarning: Best weights from best epoch are automatically used!
  warnings.warn(wrn_msg)
[I 2025-08-05 04:39:47,270] Trial 14 finished with value: 0.9041367161092481 and parameters: {'n_d': 51, 'n_a': 21, 'n_steps': 5, 'gamma': 1.19405263748257, 'lambda_sparse': 8.48904468639116e-05, 'lr': 0.021769470511636673, 'weight_decay': 3.685142673696263e-05}. Best is trial 14 with value: 0.9041367161092481.
/work/dlclarge2/latifajr-dl_lab_project/autoML/automl-exam-ss25-tabular-freiburg-template/automl-tabular-env/lib/python3.10/site-packages/pytorch_tabnet/callbacks.py:172: UserWarning: Best weights from best epoch are automatically used!
  warnings.warn(wrn_msg)
[I 2025-08-05 04:40:36,638] Trial 15 finished with value: 0.8969983077167999 and parameters: {'n_d': 52, 'n_a': 47, 'n_steps': 5, 'gamma': 1.165795230092126, 'lambda_sparse': 0.0001139545660701532, 'lr': 0.01887134423737928, 'weight_decay': 0.00021119670636877811}. Best is trial 14 with value: 0.9041367161092481.
/work/dlclarge2/latifajr-dl_lab_project/autoML/automl-exam-ss25-tabular-freiburg-template/automl-tabular-env/lib/python3.10/site-packages/pytorch_tabnet/callbacks.py:172: UserWarning: Best weights from best epoch are automatically used!
  warnings.warn(wrn_msg)
[I 2025-08-05 04:41:30,799] Trial 16 finished with value: 0.8284501284141194 and parameters: {'n_d': 51, 'n_a': 16, 'n_steps': 6, 'gamma': 1.1732061646067806, 'lambda_sparse': 7.961527361772695e-05, 'lr': 0.0012976131956222397, 'weight_decay': 3.872692937122775e-05}. Best is trial 14 with value: 0.9041367161092481.
/work/dlclarge2/latifajr-dl_lab_project/autoML/automl-exam-ss25-tabular-freiburg-template/automl-tabular-env/lib/python3.10/site-packages/pytorch_tabnet/callbacks.py:172: UserWarning: Best weights from best epoch are automatically used!
  warnings.warn(wrn_msg)
[I 2025-08-05 04:42:16,976] Trial 17 finished with value: 0.9144812005528604 and parameters: {'n_d': 34, 'n_a': 28, 'n_steps': 5, 'gamma': 1.1670897603184196, 'lambda_sparse': 4.1606660714381496e-05, 'lr': 0.021073884048983665, 'weight_decay': 2.001031306876326e-06}. Best is trial 17 with value: 0.9144812005528604.
/work/dlclarge2/latifajr-dl_lab_project/autoML/automl-exam-ss25-tabular-freiburg-template/automl-tabular-env/lib/python3.10/site-packages/pytorch_tabnet/callbacks.py:172: UserWarning: Best weights from best epoch are automatically used!
  warnings.warn(wrn_msg)
[I 2025-08-05 04:43:12,864] Trial 18 finished with value: 0.879895709994831 and parameters: {'n_d': 36, 'n_a': 29, 'n_steps': 6, 'gamma': 1.3077716269010944, 'lambda_sparse': 3.551293759691198e-05, 'lr': 0.011218228860889032, 'weight_decay': 1.029152291137409e-06}. Best is trial 17 with value: 0.9144812005528604.
/work/dlclarge2/latifajr-dl_lab_project/autoML/automl-exam-ss25-tabular-freiburg-template/automl-tabular-env/lib/python3.10/site-packages/pytorch_tabnet/callbacks.py:172: UserWarning: Best weights from best epoch are automatically used!
  warnings.warn(wrn_msg)
[I 2025-08-05 04:43:52,049] Trial 19 finished with value: 0.5218969937726172 and parameters: {'n_d': 28, 'n_a': 48, 'n_steps': 4, 'gamma': 1.1097477213375693, 'lambda_sparse': 0.00020569269988696885, 'lr': 0.0001294278352222602, 'weight_decay': 2.859251299828593e-06}. Best is trial 17 with value: 0.9144812005528604.
/work/dlclarge2/latifajr-dl_lab_project/autoML/automl-exam-ss25-tabular-freiburg-template/automl-tabular-env/lib/python3.10/site-packages/pytorch_tabnet/callbacks.py:172: UserWarning: Best weights from best epoch are automatically used!
  warnings.warn(wrn_msg)
[I 2025-08-05 04:44:45,742] A new study created in memory with name: no-name-36bf1258-63db-40cf-af29-225f0513dcf0
/work/dlclarge2/latifajr-dl_lab_project/autoML/automl-exam-ss25-tabular-freiburg-template/automl-tabular-env/lib/python3.10/site-packages/pytorch_tabnet/callbacks.py:172: UserWarning: Best weights from best epoch are automatically used!
  warnings.warn(wrn_msg)
[I 2025-08-05 04:46:03,406] Trial 0 finished with value: 0.864316264770661 and parameters: {'n_d': 52, 'n_a': 41, 'n_steps': 10, 'gamma': 1.0296453757944175, 'lambda_sparse': 0.0003536326978773153, 'lr': 0.0027031738292475098, 'weight_decay': 0.00011466940018281661}. Best is trial 0 with value: 0.864316264770661.
/work/dlclarge2/latifajr-dl_lab_project/autoML/automl-exam-ss25-tabular-freiburg-template/automl-tabular-env/lib/python3.10/site-packages/pytorch_tabnet/callbacks.py:172: UserWarning: Best weights from best epoch are automatically used!
  warnings.warn(wrn_msg)
