[I 2025-08-05 22:39:29,907] Trial 38 finished with value: -0.9411554880377537 and parameters: {'learning_rate': 0.017793714923269734, 'num_leaves': 42, 'max_depth': 14, 'min_child_samples': 17, 'feature_fraction': 0.9440541379222797, 'bagging_fraction': 0.5013339806386407, 'reg_alpha': 1.0491591910252639e-05, 'reg_lambda': 4.380753011507096e-05}. Best is trial 37 with value: -0.9417902265749312.
[I 2025-08-05 22:39:41,751] Trial 39 finished with value: -0.940888691395142 and parameters: {'learning_rate': 0.01593244524866308, 'num_leaves': 44, 'max_depth': 15, 'min_child_samples': 17, 'feature_fraction': 0.9582664347831222, 'bagging_fraction': 0.5200172892774267, 'reg_alpha': 1.2060167102548226e-05, 'reg_lambda': 5.572454712924675e-05}. Best is trial 37 with value: -0.9417902265749312.
[I 2025-08-05 22:39:52,800] Trial 40 finished with value: -0.9410448718538481 and parameters: {'learning_rate': 0.016577358530439255, 'num_leaves': 39, 'max_depth': 15, 'min_child_samples': 17, 'feature_fraction': 0.9549192626806521, 'bagging_fraction': 0.5022489289105885, 'reg_alpha': 0.0002615038412915418, 'reg_lambda': 5.6810579360492794e-05}. Best is trial 37 with value: -0.9417902265749312.
[I 2025-08-05 22:40:02,787] Trial 41 finished with value: -0.9406980544541378 and parameters: {'learning_rate': 0.017107517739663066, 'num_leaves': 36, 'max_depth': 15, 'min_child_samples': 17, 'feature_fraction': 0.9557207725989134, 'bagging_fraction': 0.5066085019066588, 'reg_alpha': 0.0002651361683944071, 'reg_lambda': 0.0001063483463457663}. Best is trial 37 with value: -0.9417902265749312.
[I 2025-08-05 22:40:08,695] Trial 42 finished with value: -0.9347579784956845 and parameters: {'learning_rate': 0.01482994561337221, 'num_leaves': 15, 'max_depth': 15, 'min_child_samples': 14, 'feature_fraction': 0.9699897623816666, 'bagging_fraction': 0.564286035042707, 'reg_alpha': 1.044965849488448e-05, 'reg_lambda': 4.095625882071673e-05}. Best is trial 37 with value: -0.9417902265749312.
[I 2025-08-05 22:40:19,039] Trial 43 finished with value: -0.9411529516479682 and parameters: {'learning_rate': 0.0272321530264781, 'num_leaves': 56, 'max_depth': 14, 'min_child_samples': 20, 'feature_fraction': 0.9621113717037826, 'bagging_fraction': 0.507182386329085, 'reg_alpha': 5.370645816430037e-05, 'reg_lambda': 0.0009173840234092669}. Best is trial 37 with value: -0.9417902265749312.
[I 2025-08-05 22:40:35,043] Trial 44 finished with value: -0.934671370765944 and parameters: {'learning_rate': 0.027348194987809802, 'num_leaves': 55, 'max_depth': 14, 'min_child_samples': 20, 'feature_fraction': 0.5007250058963767, 'bagging_fraction': 0.5463215536736619, 'reg_alpha': 0.0004536772969541355, 'reg_lambda': 0.0006667011413596759}. Best is trial 37 with value: -0.9417902265749312.
[I 2025-08-05 22:40:52,211] Trial 45 finished with value: -0.9305989355323178 and parameters: {'learning_rate': 0.04873691578976296, 'num_leaves': 150, 'max_depth': 14, 'min_child_samples': 10, 'feature_fraction': 0.6608583747057708, 'bagging_fraction': 0.580460474209689, 'reg_alpha': 4.7211493977100184e-05, 'reg_lambda': 0.003015537486351291}. Best is trial 37 with value: -0.9417902265749312.
[I 2025-08-05 22:41:25,910] Trial 46 finished with value: -0.9380381153095009 and parameters: {'learning_rate': 0.01196235369432732, 'num_leaves': 214, 'max_depth': 15, 'min_child_samples': 15, 'feature_fraction': 0.932828117314998, 'bagging_fraction': 0.5026642369227838, 'reg_alpha': 0.000132918012488016, 'reg_lambda': 7.52139355173863e-06}. Best is trial 37 with value: -0.9417902265749312.
[I 2025-08-05 22:41:29,790] Trial 47 finished with value: -0.9080781814279175 and parameters: {'learning_rate': 0.02713021919386878, 'num_leaves': 8, 'max_depth': 5, 'min_child_samples': 94, 'feature_fraction': 0.5764779065133137, 'bagging_fraction': 0.5306300475259297, 'reg_alpha': 0.0011136998875651031, 'reg_lambda': 0.05378130377146102}. Best is trial 37 with value: -0.9417902265749312.
[I 2025-08-05 22:41:46,028] Trial 48 finished with value: -0.9362269091040423 and parameters: {'learning_rate': 0.020656432392174854, 'num_leaves': 104, 'max_depth': 14, 'min_child_samples': 21, 'feature_fraction': 0.9714632145831618, 'bagging_fraction': 0.558282717877489, 'reg_alpha': 1.6278623696190164e-06, 'reg_lambda': 0.24873336187090317}. Best is trial 37 with value: -0.9417902265749312.
[I 2025-08-05 22:41:57,241] Trial 49 finished with value: -0.941248261775919 and parameters: {'learning_rate': 0.029267408073804388, 'num_leaves': 72, 'max_depth': 13, 'min_child_samples': 12, 'feature_fraction': 0.8888518717361471, 'bagging_fraction': 0.5985740086544475, 'reg_alpha': 0.009885089249127793, 'reg_lambda': 1.214528944303415e-06}. Best is trial 37 with value: -0.9417902265749312.
[I 2025-08-05 22:42:17,102] Trial 50 finished with value: -0.9367872517627915 and parameters: {'learning_rate': 0.02859764349536189, 'num_leaves': 253, 'max_depth': 13, 'min_child_samples': 12, 'feature_fraction': 0.885422621206246, 'bagging_fraction': 0.6005441065092483, 'reg_alpha': 0.010667593630787783, 'reg_lambda': 9.393624153570897e-07}. Best is trial 37 with value: -0.9417902265749312.
[I 2025-08-05 22:42:26,453] Trial 51 finished with value: -0.9407839940562269 and parameters: {'learning_rate': 0.0389892131665008, 'num_leaves': 72, 'max_depth': 15, 'min_child_samples': 14, 'feature_fraction': 0.9441041125913971, 'bagging_fraction': 0.5254312608215007, 'reg_alpha': 2.348818776153583e-05, 'reg_lambda': 8.85325127545241e-06}. Best is trial 37 with value: -0.9417902265749312.
[I 2025-08-05 22:42:39,754] Trial 52 finished with value: -0.9410508084819378 and parameters: {'learning_rate': 0.017923685594281806, 'num_leaves': 53, 'max_depth': 14, 'min_child_samples': 10, 'feature_fraction': 0.9976982229003776, 'bagging_fraction': 0.6006055940422969, 'reg_alpha': 0.007997338081599673, 'reg_lambda': 2.97631700042988e-05}. Best is trial 37 with value: -0.9417902265749312.
[I 2025-08-05 22:42:51,052] Trial 53 finished with value: -0.9410502291341812 and parameters: {'learning_rate': 0.024170495956602034, 'num_leaves': 54, 'max_depth': 14, 'min_child_samples': 11, 'feature_fraction': 0.9886129427109516, 'bagging_fraction': 0.5982458766516078, 'reg_alpha': 0.06069925456844537, 'reg_lambda': 0.0002122567066046376}. Best is trial 37 with value: -0.9417902265749312.
[I 2025-08-05 22:43:03,357] Trial 54 finished with value: -0.9395055932382379 and parameters: {'learning_rate': 0.030315094213408268, 'num_leaves': 83, 'max_depth': 13, 'min_child_samples': 25, 'feature_fraction': 0.9990519139240002, 'bagging_fraction': 0.618254320502799, 'reg_alpha': 0.0074826671146528655, 'reg_lambda': 1.695231698812241e-06}. Best is trial 37 with value: -0.9417902265749312.
[I 2025-08-05 22:43:20,676] Trial 55 finished with value: -0.9391781602326947 and parameters: {'learning_rate': 0.013339499329131636, 'num_leaves': 66, 'max_depth': 13, 'min_child_samples': 20, 'feature_fraction': 0.7717047516591609, 'bagging_fraction': 0.5807497702910516, 'reg_alpha': 0.08339888649480151, 'reg_lambda': 2.453993542900561e-05}. Best is trial 37 with value: -0.9417902265749312.
[I 2025-08-05 22:43:30,816] Trial 56 finished with value: -0.9405941226929395 and parameters: {'learning_rate': 0.019040308955270657, 'num_leaves': 34, 'max_depth': 14, 'min_child_samples': 10, 'feature_fraction': 0.8116881409924636, 'bagging_fraction': 0.5496263084746699, 'reg_alpha': 0.021736317067727044, 'reg_lambda': 0.001245869919736421}. Best is trial 37 with value: -0.9417902265749312.
[I 2025-08-05 22:43:39,967] Trial 57 finished with value: -0.9393500074331002 and parameters: {'learning_rate': 0.03879697273376695, 'num_leaves': 49, 'max_depth': 13, 'min_child_samples': 24, 'feature_fraction': 0.7254655500314888, 'bagging_fraction': 0.6529150678286154, 'reg_alpha': 0.9151336436729196, 'reg_lambda': 8.751787782783505e-06}. Best is trial 37 with value: -0.9417902265749312.
[I 2025-08-05 22:43:52,846] Trial 58 finished with value: -0.9402163476231655 and parameters: {'learning_rate': 0.02223200289486612, 'num_leaves': 75, 'max_depth': 12, 'min_child_samples': 13, 'feature_fraction': 0.9746206788599002, 'bagging_fraction': 0.7002328409375498, 'reg_alpha': 0.002496340297897863, 'reg_lambda': 0.00013425401921537887}. Best is trial 37 with value: -0.9417902265749312.
[I 2025-08-05 22:43:58,210] Trial 59 finished with value: -0.9330464639300784 and parameters: {'learning_rate': 0.04714380640073784, 'num_leaves': 18, 'max_depth': 6, 'min_child_samples': 71, 'feature_fraction': 0.8778123371452727, 'bagging_fraction': 0.7366140415208658, 'reg_alpha': 4.804303510982372e-06, 'reg_lambda': 6.298245854416226}. Best is trial 37 with value: -0.9417902265749312.
[I 2025-08-05 22:44:13,073] Trial 60 finished with value: -0.9398477714883813 and parameters: {'learning_rate': 0.010472739166202503, 'num_leaves': 63, 'max_depth': 9, 'min_child_samples': 19, 'feature_fraction': 0.9350699437350039, 'bagging_fraction': 0.5962713014637445, 'reg_alpha': 0.27252629699878106, 'reg_lambda': 2.4564061034354106e-06}. Best is trial 37 with value: -0.9417902265749312.
[I 2025-08-05 22:44:23,775] Trial 61 finished with value: -0.9410292655197324 and parameters: {'learning_rate': 0.024217081433350763, 'num_leaves': 53, 'max_depth': 14, 'min_child_samples': 10, 'feature_fraction': 0.985560484353206, 'bagging_fraction': 0.6244418758740675, 'reg_alpha': 0.03506997695868906, 'reg_lambda': 0.0004891693812902077}. Best is trial 37 with value: -0.9417902265749312.
[I 2025-08-05 22:44:33,880] Trial 62 finished with value: -0.9408481590094666 and parameters: {'learning_rate': 0.02535915537085988, 'num_leaves': 52, 'max_depth': 14, 'min_child_samples': 15, 'feature_fraction': 0.9658125527588133, 'bagging_fraction': 0.5949940018003871, 'reg_alpha': 0.005837417163241207, 'reg_lambda': 0.00021977622423524293}. Best is trial 37 with value: -0.9417902265749312.
[I 2025-08-05 22:44:40,808] Trial 63 finished with value: -0.9401084921326179 and parameters: {'learning_rate': 0.05548124008520944, 'num_leaves': 80, 'max_depth': 15, 'min_child_samples': 13, 'feature_fraction': 0.9383186819293876, 'bagging_fraction': 0.5639650426327242, 'reg_alpha': 0.0011181506163954985, 'reg_lambda': 0.004404786892593394}. Best is trial 37 with value: -0.9417902265749312.
[I 2025-08-05 22:44:49,815] Trial 64 finished with value: -0.9410305948360291 and parameters: {'learning_rate': 0.035250277573057806, 'num_leaves': 60, 'max_depth': 14, 'min_child_samples': 23, 'feature_fraction': 0.9884821415694035, 'bagging_fraction': 0.5230876333541195, 'reg_alpha': 0.00010522612634101224, 'reg_lambda': 1.716253252437858e-05}. Best is trial 37 with value: -0.9417902265749312.
[I 2025-08-05 22:44:58,489] Trial 65 finished with value: -0.9415221480410473 and parameters: {'learning_rate': 0.02973125240148336, 'num_leaves': 41, 'max_depth': 13, 'min_child_samples': 17, 'feature_fraction': 0.9989516455010894, 'bagging_fraction': 0.5428483969629028, 'reg_alpha': 0.057216745349472735, 'reg_lambda': 0.00025804929460616465}. Best is trial 37 with value: -0.9417902265749312.
[I 2025-08-05 22:45:04,662] Trial 66 finished with value: -0.9402248291910554 and parameters: {'learning_rate': 0.043101125456723406, 'num_leaves': 41, 'max_depth': 13, 'min_child_samples': 36, 'feature_fraction': 0.966205218702277, 'bagging_fraction': 0.5414862263582935, 'reg_alpha': 0.3778575408772894, 'reg_lambda': 0.001616010703981843}. Best is trial 37 with value: -0.9417902265749312.
[I 2025-08-05 22:45:11,916] Trial 67 finished with value: -0.938369957257251 and parameters: {'learning_rate': 0.01840435560614111, 'num_leaves': 22, 'max_depth': 11, 'min_child_samples': 26, 'feature_fraction': 0.9981867572004042, 'bagging_fraction': 0.5702679200028696, 'reg_alpha': 2.2762943469330862e-05, 'reg_lambda': 3.17443080124801e-05}. Best is trial 37 with value: -0.9417902265749312.
[I 2025-08-05 22:45:25,683] Trial 68 finished with value: -0.9383397221737788 and parameters: {'learning_rate': 0.03143760290498216, 'num_leaves': 194, 'max_depth': 13, 'min_child_samples': 18, 'feature_fraction': 0.9246974124145739, 'bagging_fraction': 0.5355426475907419, 'reg_alpha': 1.7764939352811158e-06, 'reg_lambda': 4.320122928600514e-07}. Best is trial 37 with value: -0.9417902265749312.
[I 2025-08-05 22:45:35,934] Trial 69 finished with value: -0.9365617225844387 and parameters: {'learning_rate': 0.028899476532791527, 'num_leaves': 32, 'max_depth': 12, 'min_child_samples': 87, 'feature_fraction': 0.8606154683379011, 'bagging_fraction': 0.5173098032175094, 'reg_alpha': 7.697737483297444e-06, 'reg_lambda': 1.1139174047495622e-06}. Best is trial 37 with value: -0.9417902265749312.
[I 2025-08-05 22:45:51,626] Trial 70 finished with value: -0.9358340384715879 and parameters: {'learning_rate': 0.020797579182067243, 'num_leaves': 100, 'max_depth': 13, 'min_child_samples': 22, 'feature_fraction': 0.9518304052683318, 'bagging_fraction': 0.9935245282369738, 'reg_alpha': 9.30699889481333, 'reg_lambda': 5.227655785267302e-06}. Best is trial 37 with value: -0.9417902265749312.
[I 2025-08-05 22:46:01,464] Trial 71 finished with value: -0.9417099257658424 and parameters: {'learning_rate': 0.02562425521094912, 'num_leaves': 44, 'max_depth': 14, 'min_child_samples': 16, 'feature_fraction': 0.9771612098370345, 'bagging_fraction': 0.6334339241047626, 'reg_alpha': 0.058856899198349334, 'reg_lambda': 0.00029636913220294244}. Best is trial 37 with value: -0.9417902265749312.
[I 2025-08-05 22:46:09,907] Trial 72 finished with value: -0.9415959949301824 and parameters: {'learning_rate': 0.035568302370797514, 'num_leaves': 44, 'max_depth': 14, 'min_child_samples': 16, 'feature_fraction': 0.9452703762489151, 'bagging_fraction': 0.6363865356566889, 'reg_alpha': 0.02256179178734538, 'reg_lambda': 0.0007258173371299605}. Best is trial 37 with value: -0.9417902265749312.
[I 2025-08-05 22:46:17,567] Trial 73 finished with value: -0.9412437186039837 and parameters: {'learning_rate': 0.03527300033504935, 'num_leaves': 41, 'max_depth': 15, 'min_child_samples': 16, 'feature_fraction': 0.8952596920404443, 'bagging_fraction': 0.6385363493018672, 'reg_alpha': 0.2212686569959798, 'reg_lambda': 0.002764312306117732}. Best is trial 37 with value: -0.9417902265749312.
[I 2025-08-05 22:46:25,277] Trial 74 finished with value: -0.9416134346459095 and parameters: {'learning_rate': 0.03506542529696509, 'num_leaves': 43, 'max_depth': 15, 'min_child_samples': 17, 'feature_fraction': 0.9189882487498834, 'bagging_fraction': 0.6350063341457729, 'reg_alpha': 0.19117251291037346, 'reg_lambda': 0.0003550676992463446}. Best is trial 37 with value: -0.9417902265749312.
[I 2025-08-05 22:46:30,339] Trial 75 finished with value: -0.9380835269816847 and parameters: {'learning_rate': 0.03564121206770721, 'num_leaves': 14, 'max_depth': 15, 'min_child_samples': 15, 'feature_fraction': 0.8919886230028756, 'bagging_fraction': 0.6379706258846081, 'reg_alpha': 0.1527664171814712, 'reg_lambda': 0.0022948049593900046}. Best is trial 37 with value: -0.9417902265749312.
[I 2025-08-05 22:46:36,047] Trial 76 finished with value: -0.9403881144044071 and parameters: {'learning_rate': 0.041175297834593574, 'num_leaves': 31, 'max_depth': 15, 'min_child_samples': 27, 'feature_fraction': 0.8708653791254122, 'bagging_fraction': 0.6571684316259844, 'reg_alpha': 1.034790711290251, 'reg_lambda': 0.000327363769194104}. Best is trial 37 with value: -0.9417902265749312.
[I 2025-08-05 22:46:42,442] Trial 77 finished with value: -0.9398240590129714 and parameters: {'learning_rate': 0.03361278574210592, 'num_leaves': 23, 'max_depth': 15, 'min_child_samples': 16, 'feature_fraction': 0.9180168740253157, 'bagging_fraction': 0.6923928569586306, 'reg_alpha': 0.03682129108256342, 'reg_lambda': 0.007187119041228315}. Best is trial 37 with value: -0.9417902265749312.
[I 2025-08-05 22:46:50,036] Trial 78 finished with value: -0.9384571671114363 and parameters: {'learning_rate': 0.03804424737328183, 'num_leaves': 44, 'max_depth': 15, 'min_child_samples': 52, 'feature_fraction': 0.8947998733429902, 'bagging_fraction': 0.626576762464837, 'reg_alpha': 0.1661027290931875, 'reg_lambda': 0.03533987286488324}. Best is trial 37 with value: -0.9417902265749312.
[I 2025-08-05 22:46:58,508] Trial 79 finished with value: -0.9390174271998347 and parameters: {'learning_rate': 0.03065541710029634, 'num_leaves': 67, 'max_depth': 8, 'min_child_samples': 22, 'feature_fraction': 0.8422884338658384, 'bagging_fraction': 0.685277514147042, 'reg_alpha': 1.0043379496101699, 'reg_lambda': 0.0164969221190406}. Best is trial 37 with value: -0.9417902265749312.
[I 2025-08-05 22:47:04,625] Trial 80 finished with value: -0.9381100310983008 and parameters: {'learning_rate': 0.05092378661690799, 'num_leaves': 36, 'max_depth': 12, 'min_child_samples': 59, 'feature_fraction': 0.9228655704965926, 'bagging_fraction': 0.666391630591921, 'reg_alpha': 0.5695719008946426, 'reg_lambda': 0.0005143141349202528}. Best is trial 37 with value: -0.9417902265749312.
[I 2025-08-05 22:47:11,202] Trial 81 finished with value: -0.9418288677397963 and parameters: {'learning_rate': 0.04546279311257447, 'num_leaves': 46, 'max_depth': 14, 'min_child_samples': 19, 'feature_fraction': 0.941666701161769, 'bagging_fraction': 0.6118642664387898, 'reg_alpha': 0.021749542597992465, 'reg_lambda': 8.096570967798265e-05}. Best is trial 81 with value: -0.9418288677397963.
[I 2025-08-05 22:47:18,127] Trial 82 finished with value: -0.9413747245258364 and parameters: {'learning_rate': 0.04591933827905851, 'num_leaves': 48, 'max_depth': 14, 'min_child_samples': 13, 'feature_fraction': 0.9134346797660532, 'bagging_fraction': 0.6118309448354052, 'reg_alpha': 0.041585276815809064, 'reg_lambda': 0.00012675530437792945}. Best is trial 81 with value: -0.9418288677397963.
[I 2025-08-05 22:47:25,016] Trial 83 finished with value: -0.9417416862626578 and parameters: {'learning_rate': 0.04543298712488206, 'num_leaves': 47, 'max_depth': 13, 'min_child_samples': 19, 'feature_fraction': 0.9800875882414494, 'bagging_fraction': 0.6141967221606958, 'reg_alpha': 0.017303993261789625, 'reg_lambda': 9.079186451802048e-05}. Best is trial 81 with value: -0.9418288677397963.
[I 2025-08-05 22:47:31,664] Trial 84 finished with value: -0.9413861649318612 and parameters: {'learning_rate': 0.0452009478515881, 'num_leaves': 47, 'max_depth': 14, 'min_child_samples': 20, 'feature_fraction': 0.9814486995824696, 'bagging_fraction': 0.6144915460696456, 'reg_alpha': 0.020233905159067776, 'reg_lambda': 7.794833484215587e-05}. Best is trial 81 with value: -0.9418288677397963.
[I 2025-08-05 22:47:37,077] Trial 85 finished with value: -0.9401439214863432 and parameters: {'learning_rate': 0.06710930227069696, 'num_leaves': 60, 'max_depth': 13, 'min_child_samples': 29, 'feature_fraction': 0.9844448297570059, 'bagging_fraction': 0.6303030921551039, 'reg_alpha': 0.004291123627855172, 'reg_lambda': 8.700614312458632e-05}. Best is trial 81 with value: -0.9418288677397963.
[I 2025-08-05 22:47:41,819] Trial 86 finished with value: -0.941273720971205 and parameters: {'learning_rate': 0.05858249125827002, 'num_leaves': 29, 'max_depth': 14, 'min_child_samples': 19, 'feature_fraction': 0.9732206071602314, 'bagging_fraction': 0.5863446705012324, 'reg_alpha': 0.020216994653673326, 'reg_lambda': 7.559864753576245e-05}. Best is trial 81 with value: -0.9418288677397963.
[I 2025-08-05 22:47:50,177] Trial 87 finished with value: -0.938601815053536 and parameters: {'learning_rate': 0.05428092102479892, 'num_leaves': 166, 'max_depth': 13, 'min_child_samples': 24, 'feature_fraction': 0.9484170913074125, 'bagging_fraction': 0.6452533746008096, 'reg_alpha': 0.12626662954182333, 'reg_lambda': 0.00018315435349542376}. Best is trial 81 with value: -0.9418288677397963.
[I 2025-08-05 22:47:56,329] Trial 88 finished with value: -0.9412697174612022 and parameters: {'learning_rate': 0.04441257777787204, 'num_leaves': 48, 'max_depth': 14, 'min_child_samples': 18, 'feature_fraction': 0.957500428464932, 'bagging_fraction': 0.613069254109234, 'reg_alpha': 0.02034622790231323, 'reg_lambda': 0.0003356422923075626}. Best is trial 81 with value: -0.9418288677397963.
[I 2025-08-05 22:48:03,188] Trial 89 finished with value: -0.9389076846062199 and parameters: {'learning_rate': 0.06317956456366983, 'num_leaves': 120, 'max_depth': 14, 'min_child_samples': 21, 'feature_fraction': 0.9788364609892463, 'bagging_fraction': 0.7140103891383276, 'reg_alpha': 0.08250530097292245, 'reg_lambda': 0.0008259446408430205}. Best is trial 81 with value: -0.9418288677397963.
[I 2025-08-05 22:48:06,095] Trial 90 finished with value: -0.9023511304597781 and parameters: {'learning_rate': 0.039954535581386515, 'num_leaves': 231, 'max_depth': 3, 'min_child_samples': 26, 'feature_fraction': 0.9374744479738298, 'bagging_fraction': 0.6738731867412078, 'reg_alpha': 2.488820172124153, 'reg_lambda': 6.625094996066022e-05}. Best is trial 81 with value: -0.9418288677397963.
[I 2025-08-05 22:48:11,566] Trial 91 finished with value: -0.9411156293804227 and parameters: {'learning_rate': 0.04696478986248002, 'num_leaves': 37, 'max_depth': 14, 'min_child_samples': 13, 'feature_fraction': 0.9105618789285764, 'bagging_fraction': 0.6146219746799967, 'reg_alpha': 0.03301420039080733, 'reg_lambda': 0.00011238770900379432}. Best is trial 81 with value: -0.9418288677397963.
[I 2025-08-05 22:48:17,954] Trial 92 finished with value: -0.941052870580822 and parameters: {'learning_rate': 0.04383527335446995, 'num_leaves': 47, 'max_depth': 14, 'min_child_samples': 19, 'feature_fraction': 0.9590731678623642, 'bagging_fraction': 0.6619533957876103, 'reg_alpha': 0.056336777764661755, 'reg_lambda': 0.00015173300017751307}. Best is trial 81 with value: -0.9418288677397963.
