[I 2025-08-05 22:55:55,799] Trial 148 finished with value: -0.9409230928233004 and parameters: {'learning_rate': 0.03455793222523523, 'num_leaves': 62, 'max_depth': 10, 'min_child_samples': 10, 'feature_fraction': 0.9188501834144309, 'bagging_fraction': 0.6063217533334329, 'reg_alpha': 6.905310387720419e-07, 'reg_lambda': 0.025364272800144045}. Best is trial 113 with value: -0.9418609628706509.
[I 2025-08-05 22:56:02,655] Trial 149 finished with value: -0.9414163894102263 and parameters: {'learning_rate': 0.03736612206934189, 'num_leaves': 54, 'max_depth': 11, 'min_child_samples': 14, 'feature_fraction': 0.9372837132416338, 'bagging_fraction': 0.6281087084943482, 'reg_alpha': 9.598713210631733e-05, 'reg_lambda': 0.003301085087415755}. Best is trial 113 with value: -0.9418609628706509.
2025-08-05 22:56:03 [INFO] Model selection complete. Validation metrics: {'val_catboost': 0.9375011304354043, 'val_lightgbm': 0.9281419377538525, 'val_ensemble': 0.9351304650969318}
2025-08-05 22:56:03 [INFO] Selected best model 'catboost' with validation R²=0.9375
2025-08-05 22:56:03 [INFO] Retraining best model 'catboost' on full dataset
2025-08-05 22:56:06 [INFO] Retraining completed in 2.49s
2025-08-05 22:56:06 [INFO] Saved final model to '/work/dlclarge2/latifajr-dl_lab_project/autoML/automl-exam-ss25-tabular-freiburg-template/modelsFinal-bike_sharing_demand_rona/final_catboost.pkl'
2025-08-05 22:56:06 [INFO] Tree-based → /work/dlclarge2/latifajr-dl_lab_project/autoML/automl-exam-ss25-tabular-freiburg-template/modelsFinal-bike_sharing_demand_rona/final_catboost.pkl (R²=0.9375)
2025-08-05 22:56:06 [INFO] Training TabNet model...
[I 2025-08-05 22:56:06,536] A new study created in memory with name: no-name-9ae485b2-7dde-4a92-89f8-e598d3cfef2c
/work/dlclarge2/latifajr-dl_lab_project/autoML/automl-exam-ss25-tabular-freiburg-template/automl-tabular-env/lib/python3.10/site-packages/pytorch_tabnet/callbacks.py:172: UserWarning: Best weights from best epoch are automatically used!
  warnings.warn(wrn_msg)
[I 2025-08-05 22:57:07,600] Trial 0 finished with value: 0.5914509551132727 and parameters: {'n_d': 29, 'n_a': 40, 'n_steps': 8, 'gamma': 1.7505582427000208, 'lambda_sparse': 7.841986548967896e-05, 'lr': 0.0025860062465667914, 'weight_decay': 1.204731467901492e-06}. Best is trial 0 with value: 0.5914509551132727.
/work/dlclarge2/latifajr-dl_lab_project/autoML/automl-exam-ss25-tabular-freiburg-template/automl-tabular-env/lib/python3.10/site-packages/pytorch_tabnet/callbacks.py:172: UserWarning: Best weights from best epoch are automatically used!
  warnings.warn(wrn_msg)
[I 2025-08-05 22:57:51,856] Trial 1 finished with value: 0.527439633365973 and parameters: {'n_d': 49, 'n_a': 11, 'n_steps': 7, 'gamma': 1.9016261264565562, 'lambda_sparse': 0.0014962223108876457, 'lr': 0.0013919337984563105, 'weight_decay': 6.5226802853553504e-06}. Best is trial 0 with value: 0.5914509551132727.
/work/dlclarge2/latifajr-dl_lab_project/autoML/automl-exam-ss25-tabular-freiburg-template/automl-tabular-env/lib/python3.10/site-packages/pytorch_tabnet/callbacks.py:172: UserWarning: Best weights from best epoch are automatically used!
  warnings.warn(wrn_msg)
[I 2025-08-05 22:58:27,748] Trial 2 finished with value: 0.7596150200346317 and parameters: {'n_d': 59, 'n_a': 47, 'n_steps': 3, 'gamma': 1.4863766438407184, 'lambda_sparse': 1.6273872911968624e-05, 'lr': 0.0004045419261824289, 'weight_decay': 5.108790216117533e-06}. Best is trial 2 with value: 0.7596150200346317.
/work/dlclarge2/latifajr-dl_lab_project/autoML/automl-exam-ss25-tabular-freiburg-template/automl-tabular-env/lib/python3.10/site-packages/pytorch_tabnet/callbacks.py:172: UserWarning: Best weights from best epoch are automatically used!
  warnings.warn(wrn_msg)
[I 2025-08-05 22:59:11,372] Trial 3 finished with value: 0.7817952906268311 and parameters: {'n_d': 59, 'n_a': 22, 'n_steps': 6, 'gamma': 1.9976444874688704, 'lambda_sparse': 2.283663884607983e-05, 'lr': 0.019188201227738136, 'weight_decay': 9.693779904032918e-05}. Best is trial 3 with value: 0.7817952906268311.
/work/dlclarge2/latifajr-dl_lab_project/autoML/automl-exam-ss25-tabular-freiburg-template/automl-tabular-env/lib/python3.10/site-packages/pytorch_tabnet/callbacks.py:172: UserWarning: Best weights from best epoch are automatically used!
  warnings.warn(wrn_msg)
[I 2025-08-05 23:00:18,658] Trial 4 finished with value: 0.4220543160667455 and parameters: {'n_d': 18, 'n_a': 39, 'n_steps': 9, 'gamma': 1.6394417803609327, 'lambda_sparse': 3.822990554917343e-05, 'lr': 0.0005917721824949253, 'weight_decay': 2.6113849112792474e-06}. Best is trial 3 with value: 0.7817952906268311.
/work/dlclarge2/latifajr-dl_lab_project/autoML/automl-exam-ss25-tabular-freiburg-template/automl-tabular-env/lib/python3.10/site-packages/pytorch_tabnet/callbacks.py:172: UserWarning: Best weights from best epoch are automatically used!
  warnings.warn(wrn_msg)
[I 2025-08-05 23:00:47,502] Trial 5 finished with value: 0.8136969179894218 and parameters: {'n_d': 17, 'n_a': 55, 'n_steps': 3, 'gamma': 1.6642668376606617, 'lambda_sparse': 1.8225548742658185e-05, 'lr': 0.0021211463439714277, 'weight_decay': 9.238224844563985e-06}. Best is trial 5 with value: 0.8136969179894218.
/work/dlclarge2/latifajr-dl_lab_project/autoML/automl-exam-ss25-tabular-freiburg-template/automl-tabular-env/lib/python3.10/site-packages/pytorch_tabnet/callbacks.py:172: UserWarning: Best weights from best epoch are automatically used!
  warnings.warn(wrn_msg)
[I 2025-08-05 23:01:24,982] Trial 6 finished with value: 0.8497371298471195 and parameters: {'n_d': 21, 'n_a': 58, 'n_steps': 4, 'gamma': 1.7709842461392333, 'lambda_sparse': 0.0016732290922412726, 'lr': 0.001568640771522644, 'weight_decay': 2.053090892336398e-06}. Best is trial 6 with value: 0.8497371298471195.
/work/dlclarge2/latifajr-dl_lab_project/autoML/automl-exam-ss25-tabular-freiburg-template/automl-tabular-env/lib/python3.10/site-packages/pytorch_tabnet/callbacks.py:172: UserWarning: Best weights from best epoch are automatically used!
  warnings.warn(wrn_msg)
[I 2025-08-05 23:02:00,814] Trial 7 finished with value: 0.8512867369833628 and parameters: {'n_d': 19, 'n_a': 24, 'n_steps': 5, 'gamma': 1.639103576702738, 'lambda_sparse': 0.0008067130277239072, 'lr': 0.05570555668260976, 'weight_decay': 0.0001208617058162107}. Best is trial 7 with value: 0.8512867369833628.
/work/dlclarge2/latifajr-dl_lab_project/autoML/automl-exam-ss25-tabular-freiburg-template/automl-tabular-env/lib/python3.10/site-packages/pytorch_tabnet/callbacks.py:172: UserWarning: Best weights from best epoch are automatically used!
  warnings.warn(wrn_msg)
[I 2025-08-05 23:02:57,114] Trial 8 finished with value: 0.5484798140147936 and parameters: {'n_d': 13, 'n_a': 19, 'n_steps': 8, 'gamma': 1.829351356204847, 'lambda_sparse': 1.8422654351355545e-05, 'lr': 0.0026894314569821266, 'weight_decay': 0.0007310563547884098}. Best is trial 7 with value: 0.8512867369833628.
/work/dlclarge2/latifajr-dl_lab_project/autoML/automl-exam-ss25-tabular-freiburg-template/automl-tabular-env/lib/python3.10/site-packages/pytorch_tabnet/callbacks.py:172: UserWarning: Best weights from best epoch are automatically used!
  warnings.warn(wrn_msg)
[I 2025-08-05 23:03:29,911] Trial 9 finished with value: 0.9058614343471811 and parameters: {'n_d': 17, 'n_a': 60, 'n_steps': 5, 'gamma': 1.2579660991306114, 'lambda_sparse': 0.003447784028027607, 'lr': 0.05311961571733579, 'weight_decay': 1.7793369438867987e-05}. Best is trial 9 with value: 0.9058614343471811.
/work/dlclarge2/latifajr-dl_lab_project/autoML/automl-exam-ss25-tabular-freiburg-template/automl-tabular-env/lib/python3.10/site-packages/pytorch_tabnet/callbacks.py:172: UserWarning: Best weights from best epoch are automatically used!
  warnings.warn(wrn_msg)
[I 2025-08-05 23:04:38,500] Trial 10 finished with value: 0.8695216320732904 and parameters: {'n_d': 40, 'n_a': 64, 'n_steps': 10, 'gamma': 1.1241699070593407, 'lambda_sparse': 0.009280643839774894, 'lr': 0.014272220947807215, 'weight_decay': 2.6358018209522585e-05}. Best is trial 9 with value: 0.9058614343471811.
/work/dlclarge2/latifajr-dl_lab_project/autoML/automl-exam-ss25-tabular-freiburg-template/automl-tabular-env/lib/python3.10/site-packages/pytorch_tabnet/callbacks.py:172: UserWarning: Best weights from best epoch are automatically used!
  warnings.warn(wrn_msg)
[I 2025-08-05 23:05:38,471] Trial 11 finished with value: 0.878368832308256 and parameters: {'n_d': 40, 'n_a': 63, 'n_steps': 10, 'gamma': 1.1775363750995709, 'lambda_sparse': 0.008455131486297304, 'lr': 0.017680743261234467, 'weight_decay': 2.5735724050110026e-05}. Best is trial 9 with value: 0.9058614343471811.
/work/dlclarge2/latifajr-dl_lab_project/autoML/automl-exam-ss25-tabular-freiburg-template/automl-tabular-env/lib/python3.10/site-packages/pytorch_tabnet/callbacks.py:172: UserWarning: Best weights from best epoch are automatically used!
  warnings.warn(wrn_msg)
[I 2025-08-05 23:06:23,401] Trial 12 finished with value: 0.8901579041458303 and parameters: {'n_d': 37, 'n_a': 51, 'n_steps': 6, 'gamma': 1.18528519739499, 'lambda_sparse': 0.009775054189290018, 'lr': 0.0774120912835683, 'weight_decay': 3.174202429851093e-05}. Best is trial 9 with value: 0.9058614343471811.
/work/dlclarge2/latifajr-dl_lab_project/autoML/automl-exam-ss25-tabular-freiburg-template/automl-tabular-env/lib/python3.10/site-packages/pytorch_tabnet/callbacks.py:172: UserWarning: Best weights from best epoch are automatically used!
  warnings.warn(wrn_msg)
[I 2025-08-05 23:06:58,950] Trial 13 finished with value: 0.851056181747352 and parameters: {'n_d': 31, 'n_a': 48, 'n_steps': 5, 'gamma': 1.3127912233783654, 'lambda_sparse': 0.0036911387038218784, 'lr': 0.09998035362979124, 'weight_decay': 6.980688328149267e-05}. Best is trial 9 with value: 0.9058614343471811.
/work/dlclarge2/latifajr-dl_lab_project/autoML/automl-exam-ss25-tabular-freiburg-template/automl-tabular-env/lib/python3.10/site-packages/pytorch_tabnet/callbacks.py:172: UserWarning: Best weights from best epoch are automatically used!
  warnings.warn(wrn_msg)
[I 2025-08-05 23:07:44,589] Trial 14 finished with value: 0.42939704893729325 and parameters: {'n_d': 8, 'n_a': 52, 'n_steps': 6, 'gamma': 1.3247225277015848, 'lambda_sparse': 0.00024709322902744847, 'lr': 0.00014247111941476174, 'weight_decay': 1.581634602221583e-05}. Best is trial 9 with value: 0.9058614343471811.
/work/dlclarge2/latifajr-dl_lab_project/autoML/automl-exam-ss25-tabular-freiburg-template/automl-tabular-env/lib/python3.10/site-packages/pytorch_tabnet/callbacks.py:172: UserWarning: Best weights from best epoch are automatically used!
  warnings.warn(wrn_msg)
[I 2025-08-05 23:08:12,126] Trial 15 finished with value: 0.8711107178298416 and parameters: {'n_d': 50, 'n_a': 45, 'n_steps': 5, 'gamma': 1.0008409515940073, 'lambda_sparse': 0.0036226849042828124, 'lr': 0.008462754503176573, 'weight_decay': 0.000356521533331208}. Best is trial 9 with value: 0.9058614343471811.
/work/dlclarge2/latifajr-dl_lab_project/autoML/automl-exam-ss25-tabular-freiburg-template/automl-tabular-env/lib/python3.10/site-packages/pytorch_tabnet/callbacks.py:172: UserWarning: Best weights from best epoch are automatically used!
  warnings.warn(wrn_msg)
[I 2025-08-05 23:08:56,038] Trial 16 finished with value: 0.8269360550830885 and parameters: {'n_d': 28, 'n_a': 32, 'n_steps': 7, 'gamma': 1.3740089757525769, 'lambda_sparse': 0.0003040163490335885, 'lr': 0.040979643650880165, 'weight_decay': 5.602213814005963e-05}. Best is trial 9 with value: 0.9058614343471811.
/work/dlclarge2/latifajr-dl_lab_project/autoML/automl-exam-ss25-tabular-freiburg-template/automl-tabular-env/lib/python3.10/site-packages/pytorch_tabnet/callbacks.py:172: UserWarning: Best weights from best epoch are automatically used!
  warnings.warn(wrn_msg)
[I 2025-08-05 23:09:29,893] Trial 17 finished with value: 0.8897096867923819 and parameters: {'n_d': 37, 'n_a': 58, 'n_steps': 4, 'gamma': 1.1847951133934336, 'lambda_sparse': 0.003878363378823689, 'lr': 0.007538935604930976, 'weight_decay': 0.00017303066388998334}. Best is trial 9 with value: 0.9058614343471811.
/work/dlclarge2/latifajr-dl_lab_project/autoML/automl-exam-ss25-tabular-freiburg-template/automl-tabular-env/lib/python3.10/site-packages/pytorch_tabnet/callbacks.py:172: UserWarning: Best weights from best epoch are automatically used!
  warnings.warn(wrn_msg)
[I 2025-08-05 23:10:12,660] Trial 18 finished with value: 0.892171322082878 and parameters: {'n_d': 46, 'n_a': 33, 'n_steps': 6, 'gamma': 1.0433002428069462, 'lambda_sparse': 0.0007063814256668568, 'lr': 0.08305183510908805, 'weight_decay': 1.3767499278827023e-05}. Best is trial 9 with value: 0.9058614343471811.
/work/dlclarge2/latifajr-dl_lab_project/autoML/automl-exam-ss25-tabular-freiburg-template/automl-tabular-env/lib/python3.10/site-packages/pytorch_tabnet/callbacks.py:172: UserWarning: Best weights from best epoch are automatically used!
  warnings.warn(wrn_msg)
[I 2025-08-05 23:10:42,481] Trial 19 finished with value: 0.8858780222506659 and parameters: {'n_d': 47, 'n_a': 32, 'n_steps': 4, 'gamma': 1.0035439484689932, 'lambda_sparse': 0.00060576222696805, 'lr': 0.03065454631623859, 'weight_decay': 1.2527840392159792e-05}. Best is trial 9 with value: 0.9058614343471811.
/work/dlclarge2/latifajr-dl_lab_project/autoML/automl-exam-ss25-tabular-freiburg-template/automl-tabular-env/lib/python3.10/site-packages/pytorch_tabnet/callbacks.py:172: UserWarning: Best weights from best epoch are automatically used!
  warnings.warn(wrn_msg)
[I 2025-08-05 23:11:27,174] A new study created in memory with name: no-name-03688944-7fb9-4c6a-9186-cf2c58b9da92
/work/dlclarge2/latifajr-dl_lab_project/autoML/automl-exam-ss25-tabular-freiburg-template/automl-tabular-env/lib/python3.10/site-packages/pytorch_tabnet/callbacks.py:172: UserWarning: Best weights from best epoch are automatically used!
  warnings.warn(wrn_msg)
[I 2025-08-05 23:12:23,022] Trial 0 finished with value: 0.8792262410856487 and parameters: {'n_d': 35, 'n_a': 63, 'n_steps': 7, 'gamma': 1.9758707965412983, 'lambda_sparse': 0.0018551409167943435, 'lr': 0.034429883048931034, 'weight_decay': 0.0001509169487014938}. Best is trial 0 with value: 0.8792262410856487.
/work/dlclarge2/latifajr-dl_lab_project/autoML/automl-exam-ss25-tabular-freiburg-template/automl-tabular-env/lib/python3.10/site-packages/pytorch_tabnet/callbacks.py:172: UserWarning: Best weights from best epoch are automatically used!
  warnings.warn(wrn_msg)
[I 2025-08-05 23:12:57,245] Trial 1 finished with value: 0.4899986335775819 and parameters: {'n_d': 20, 'n_a': 29, 'n_steps': 4, 'gamma': 1.3765957965382078, 'lambda_sparse': 0.00010889366158479372, 'lr': 0.000131486552598735, 'weight_decay': 0.00021580639795505118}. Best is trial 0 with value: 0.8792262410856487.
/work/dlclarge2/latifajr-dl_lab_project/autoML/automl-exam-ss25-tabular-freiburg-template/automl-tabular-env/lib/python3.10/site-packages/pytorch_tabnet/callbacks.py:172: UserWarning: Best weights from best epoch are automatically used!
  warnings.warn(wrn_msg)
[I 2025-08-05 23:13:25,606] Trial 2 finished with value: 0.8737661309126484 and parameters: {'n_d': 50, 'n_a': 30, 'n_steps': 3, 'gamma': 1.3277046062436444, 'lambda_sparse': 0.0004219576542275314, 'lr': 0.0012458135246913155, 'weight_decay': 2.9053267745138147e-06}. Best is trial 0 with value: 0.8792262410856487.
/work/dlclarge2/latifajr-dl_lab_project/autoML/automl-exam-ss25-tabular-freiburg-template/automl-tabular-env/lib/python3.10/site-packages/pytorch_tabnet/callbacks.py:172: UserWarning: Best weights from best epoch are automatically used!
  warnings.warn(wrn_msg)
[I 2025-08-05 23:14:11,135] Trial 3 finished with value: 0.4944606812205611 and parameters: {'n_d': 35, 'n_a': 39, 'n_steps': 6, 'gamma': 1.369491449080946, 'lambda_sparse': 0.003973418208432818, 'lr': 0.00026962159019873683, 'weight_decay': 6.370429704543944e-06}. Best is trial 0 with value: 0.8792262410856487.
/work/dlclarge2/latifajr-dl_lab_project/autoML/automl-exam-ss25-tabular-freiburg-template/automl-tabular-env/lib/python3.10/site-packages/pytorch_tabnet/callbacks.py:172: UserWarning: Best weights from best epoch are automatically used!
  warnings.warn(wrn_msg)
[I 2025-08-05 23:15:01,899] Trial 4 finished with value: 0.7989324783890597 and parameters: {'n_d': 17, 'n_a': 26, 'n_steps': 7, 'gamma': 1.5929524259564813, 'lambda_sparse': 2.7514812341761273e-05, 'lr': 0.006112579556156853, 'weight_decay': 0.00045623095596576056}. Best is trial 0 with value: 0.8792262410856487.
/work/dlclarge2/latifajr-dl_lab_project/autoML/automl-exam-ss25-tabular-freiburg-template/automl-tabular-env/lib/python3.10/site-packages/pytorch_tabnet/callbacks.py:172: UserWarning: Best weights from best epoch are automatically used!
  warnings.warn(wrn_msg)
[I 2025-08-05 23:16:01,332] Trial 5 finished with value: 0.8514357159499144 and parameters: {'n_d': 41, 'n_a': 37, 'n_steps': 10, 'gamma': 1.1269589696033993, 'lambda_sparse': 6.94738443483316e-05, 'lr': 0.06187795301039147, 'weight_decay': 0.000162402764093754}. Best is trial 0 with value: 0.8792262410856487.
/work/dlclarge2/latifajr-dl_lab_project/autoML/automl-exam-ss25-tabular-freiburg-template/automl-tabular-env/lib/python3.10/site-packages/pytorch_tabnet/callbacks.py:172: UserWarning: Best weights from best epoch are automatically used!
  warnings.warn(wrn_msg)
[I 2025-08-05 23:16:46,933] Trial 6 finished with value: 0.42210365328833166 and parameters: {'n_d': 24, 'n_a': 17, 'n_steps': 6, 'gamma': 1.7333800350382957, 'lambda_sparse': 1.0227907305307097e-05, 'lr': 0.00040863534126177824, 'weight_decay': 1.7388590594850174e-06}. Best is trial 0 with value: 0.8792262410856487.
/work/dlclarge2/latifajr-dl_lab_project/autoML/automl-exam-ss25-tabular-freiburg-template/automl-tabular-env/lib/python3.10/site-packages/pytorch_tabnet/callbacks.py:172: UserWarning: Best weights from best epoch are automatically used!
  warnings.warn(wrn_msg)
[I 2025-08-05 23:17:21,130] Trial 7 finished with value: 0.6116060588573347 and parameters: {'n_d': 19, 'n_a': 20, 'n_steps': 4, 'gamma': 1.0672514032369316, 'lambda_sparse': 0.00034522552233346484, 'lr': 0.00034360104068248176, 'weight_decay': 0.0002750829865602243}. Best is trial 0 with value: 0.8792262410856487.
/work/dlclarge2/latifajr-dl_lab_project/autoML/automl-exam-ss25-tabular-freiburg-template/automl-tabular-env/lib/python3.10/site-packages/pytorch_tabnet/callbacks.py:172: UserWarning: Best weights from best epoch are automatically used!
  warnings.warn(wrn_msg)
[I 2025-08-05 23:17:52,263] Trial 8 finished with value: 0.9196555249619764 and parameters: {'n_d': 18, 'n_a': 33, 'n_steps': 3, 'gamma': 1.2698534362520493, 'lambda_sparse': 1.1451046020347807e-05, 'lr': 0.011761097072606863, 'weight_decay': 1.893441510522123e-05}. Best is trial 8 with value: 0.9196555249619764.
/work/dlclarge2/latifajr-dl_lab_project/autoML/automl-exam-ss25-tabular-freiburg-template/automl-tabular-env/lib/python3.10/site-packages/pytorch_tabnet/callbacks.py:172: UserWarning: Best weights from best epoch are automatically used!
  warnings.warn(wrn_msg)
[I 2025-08-05 23:18:32,853] Trial 9 finished with value: 0.5617902410800977 and parameters: {'n_d': 44, 'n_a': 26, 'n_steps': 5, 'gamma': 1.4388090100765374, 'lambda_sparse': 0.0008181157397952949, 'lr': 0.00022497109760469117, 'weight_decay': 0.00028656937776788037}. Best is trial 8 with value: 0.9196555249619764.
/work/dlclarge2/latifajr-dl_lab_project/autoML/automl-exam-ss25-tabular-freiburg-template/automl-tabular-env/lib/python3.10/site-packages/pytorch_tabnet/callbacks.py:172: UserWarning: Best weights from best epoch are automatically used!
  warnings.warn(wrn_msg)
[I 2025-08-05 23:19:37,094] Trial 10 finished with value: 0.8870067959454958 and parameters: {'n_d': 63, 'n_a': 49, 'n_steps': 9, 'gamma': 1.1933507777059904, 'lambda_sparse': 0.009164562013450827, 'lr': 0.011230146834493368, 'weight_decay': 2.4333893375306375e-05}. Best is trial 8 with value: 0.9196555249619764.
/work/dlclarge2/latifajr-dl_lab_project/autoML/automl-exam-ss25-tabular-freiburg-template/automl-tabular-env/lib/python3.10/site-packages/pytorch_tabnet/callbacks.py:172: UserWarning: Best weights from best epoch are automatically used!
  warnings.warn(wrn_msg)
[I 2025-08-05 23:20:44,221] Trial 11 finished with value: 0.9045494130983482 and parameters: {'n_d': 64, 'n_a': 50, 'n_steps': 9, 'gamma': 1.2090145088596032, 'lambda_sparse': 0.005588908699565119, 'lr': 0.01020756467480403, 'weight_decay': 2.030938421675463e-05}. Best is trial 8 with value: 0.9196555249619764.
/work/dlclarge2/latifajr-dl_lab_project/autoML/automl-exam-ss25-tabular-freiburg-template/automl-tabular-env/lib/python3.10/site-packages/pytorch_tabnet/callbacks.py:172: UserWarning: Best weights from best epoch are automatically used!
  warnings.warn(wrn_msg)
[I 2025-08-05 23:21:47,361] Trial 12 finished with value: 0.8786386422200295 and parameters: {'n_d': 63, 'n_a': 49, 'n_steps': 8, 'gamma': 1.2285690697493863, 'lambda_sparse': 0.00011401816740387484, 'lr': 0.02029719753751891, 'weight_decay': 3.2136505973776025e-05}. Best is trial 8 with value: 0.9196555249619764.
/work/dlclarge2/latifajr-dl_lab_project/autoML/automl-exam-ss25-tabular-freiburg-template/automl-tabular-env/lib/python3.10/site-packages/pytorch_tabnet/callbacks.py:172: UserWarning: Best weights from best epoch are automatically used!
  warnings.warn(wrn_msg)
