[I 2025-08-06 12:22:34,601] Trial 123 finished with value: -0.990792131200837 and parameters: {'learning_rate': 0.09544561174493321, 'depth': 4, 'l2_leaf_reg': 3.078808596264404, 'border_count': 218}. Best is trial 96 with value: -0.9915853113835247.
[I 2025-08-06 12:22:42,023] Trial 124 finished with value: -0.9907239467275539 and parameters: {'learning_rate': 0.10422982352378066, 'depth': 4, 'l2_leaf_reg': 3.9569521653762436, 'border_count': 237}. Best is trial 96 with value: -0.9915853113835247.
[I 2025-08-06 12:22:49,477] Trial 125 finished with value: -0.9902183913601055 and parameters: {'learning_rate': 0.12115856877466238, 'depth': 4, 'l2_leaf_reg': 2.8888103078635154, 'border_count': 227}. Best is trial 96 with value: -0.9915853113835247.
[I 2025-08-06 12:22:56,857] Trial 126 finished with value: -0.9900469757053523 and parameters: {'learning_rate': 0.08974613495232578, 'depth': 4, 'l2_leaf_reg': 3.503392624426021, 'border_count': 217}. Best is trial 96 with value: -0.9915853113835247.
[I 2025-08-06 12:23:04,103] Trial 127 finished with value: -0.9907768119232893 and parameters: {'learning_rate': 0.1027987554624808, 'depth': 4, 'l2_leaf_reg': 3.729303112567547, 'border_count': 222}. Best is trial 96 with value: -0.9915853113835247.
[I 2025-08-06 12:23:11,461] Trial 128 finished with value: -0.9908192269303978 and parameters: {'learning_rate': 0.1787432435223434, 'depth': 4, 'l2_leaf_reg': 4.049626078297425, 'border_count': 231}. Best is trial 96 with value: -0.9915853113835247.
[I 2025-08-06 12:23:18,633] Trial 129 finished with value: -0.9874516828808592 and parameters: {'learning_rate': 0.11209306473388103, 'depth': 5, 'l2_leaf_reg': 4.588542601189678, 'border_count': 49}. Best is trial 96 with value: -0.9915853113835247.
[I 2025-08-06 12:23:25,475] Trial 130 finished with value: -0.9912420371809793 and parameters: {'learning_rate': 0.21350817389225069, 'depth': 4, 'l2_leaf_reg': 3.506915794126192, 'border_count': 223}. Best is trial 96 with value: -0.9915853113835247.
[I 2025-08-06 12:23:31,914] Trial 131 finished with value: -0.9896198262594218 and parameters: {'learning_rate': 0.22186406401851347, 'depth': 4, 'l2_leaf_reg': 9.968809662341299, 'border_count': 224}. Best is trial 96 with value: -0.9915853113835247.
[I 2025-08-06 12:23:38,970] Trial 132 finished with value: -0.9905594835617177 and parameters: {'learning_rate': 0.19828159796751144, 'depth': 4, 'l2_leaf_reg': 3.556746598027792, 'border_count': 247}. Best is trial 96 with value: -0.9915853113835247.
[I 2025-08-06 12:23:46,246] Trial 133 finished with value: -0.9907856835601041 and parameters: {'learning_rate': 0.12930009339711337, 'depth': 4, 'l2_leaf_reg': 3.0477990504064723, 'border_count': 207}. Best is trial 96 with value: -0.9915853113835247.
[I 2025-08-06 12:23:53,456] Trial 134 finished with value: -0.9914197605899879 and parameters: {'learning_rate': 0.1694978129159271, 'depth': 4, 'l2_leaf_reg': 4.318161114703478, 'border_count': 214}. Best is trial 96 with value: -0.9915853113835247.
[I 2025-08-06 12:24:00,772] Trial 135 finished with value: -0.9909326431247936 and parameters: {'learning_rate': 0.16580264733487687, 'depth': 4, 'l2_leaf_reg': 4.300267666748139, 'border_count': 213}. Best is trial 96 with value: -0.9915853113835247.
[I 2025-08-06 12:24:58,246] Trial 136 finished with value: -0.9852002145022318 and parameters: {'learning_rate': 0.18250227551450093, 'depth': 10, 'l2_leaf_reg': 4.014152673339721, 'border_count': 199}. Best is trial 96 with value: -0.9915853113835247.
[I 2025-08-06 12:25:05,096] Trial 137 finished with value: -0.9900550287208851 and parameters: {'learning_rate': 0.22005497594453366, 'depth': 4, 'l2_leaf_reg': 4.450973464363474, 'border_count': 241}. Best is trial 96 with value: -0.9915853113835247.
[I 2025-08-06 12:25:11,360] Trial 138 finished with value: -0.9897910026222696 and parameters: {'learning_rate': 0.2095763863048089, 'depth': 4, 'l2_leaf_reg': 4.823661268130083, 'border_count': 118}. Best is trial 96 with value: -0.9915853113835247.
[I 2025-08-06 12:25:31,977] Trial 139 finished with value: -0.9884109867228685 and parameters: {'learning_rate': 0.16531957529312666, 'depth': 8, 'l2_leaf_reg': 8.112575781570754, 'border_count': 208}. Best is trial 96 with value: -0.9915853113835247.
[I 2025-08-06 12:25:40,626] Trial 140 finished with value: -0.988945743749054 and parameters: {'learning_rate': 0.23432831327536596, 'depth': 5, 'l2_leaf_reg': 3.479775140432754, 'border_count': 203}. Best is trial 96 with value: -0.9915853113835247.
[I 2025-08-06 12:25:47,737] Trial 141 finished with value: -0.9900417593356299 and parameters: {'learning_rate': 0.02224958974429549, 'depth': 4, 'l2_leaf_reg': 3.8396985094320364, 'border_count': 220}. Best is trial 96 with value: -0.9915853113835247.
[I 2025-08-06 12:25:54,413] Trial 142 finished with value: -0.9898516110356039 and parameters: {'learning_rate': 0.1878635077025203, 'depth': 4, 'l2_leaf_reg': 3.3012027543483033, 'border_count': 227}. Best is trial 96 with value: -0.9915853113835247.
[I 2025-08-06 12:26:01,622] Trial 143 finished with value: -0.9909431033475882 and parameters: {'learning_rate': 0.13871790247166313, 'depth': 4, 'l2_leaf_reg': 3.6502745375799317, 'border_count': 216}. Best is trial 96 with value: -0.9915853113835247.
[I 2025-08-06 12:26:08,694] Trial 144 finished with value: -0.9912024236928744 and parameters: {'learning_rate': 0.11881195965301379, 'depth': 4, 'l2_leaf_reg': 3.140638007805917, 'border_count': 210}. Best is trial 96 with value: -0.9915853113835247.
[I 2025-08-06 12:26:15,615] Trial 145 finished with value: -0.9903424643574119 and parameters: {'learning_rate': 0.12037979694825224, 'depth': 4, 'l2_leaf_reg': 4.119703133019705, 'border_count': 190}. Best is trial 96 with value: -0.9915853113835247.
[I 2025-08-06 12:26:22,887] Trial 146 finished with value: -0.9906436559529892 and parameters: {'learning_rate': 0.17489616599290786, 'depth': 4, 'l2_leaf_reg': 2.8301700936614713, 'border_count': 210}. Best is trial 96 with value: -0.9915853113835247.
[I 2025-08-06 12:26:30,251] Trial 147 finished with value: -0.9902950100598717 and parameters: {'learning_rate': 0.16044701867724714, 'depth': 4, 'l2_leaf_reg': 3.8555038746206645, 'border_count': 233}. Best is trial 96 with value: -0.9915853113835247.
[I 2025-08-06 12:26:37,511] Trial 148 finished with value: -0.9911192538619119 and parameters: {'learning_rate': 0.13789206680925087, 'depth': 4, 'l2_leaf_reg': 3.387250076215124, 'border_count': 202}. Best is trial 96 with value: -0.9915853113835247.
[I 2025-08-06 12:26:44,712] Trial 149 finished with value: -0.991272629489116 and parameters: {'learning_rate': 0.12628352981764476, 'depth': 4, 'l2_leaf_reg': 2.5493662799731456, 'border_count': 202}. Best is trial 96 with value: -0.9915853113835247.
[I 2025-08-06 12:26:45,452] A new study created in memory with name: no-name-eacc6682-3d82-4da4-b2a2-fcb2dd213248
[I 2025-08-06 12:26:54,991] Trial 0 finished with value: -0.9850958115930564 and parameters: {'learning_rate': 0.030710573677773714, 'num_leaves': 244, 'max_depth': 12, 'min_child_samples': 64, 'feature_fraction': 0.5780093202212182, 'bagging_fraction': 0.5779972601681014, 'reg_alpha': 3.3323645788192616e-08, 'reg_lambda': 0.6245760287469893}. Best is trial 0 with value: -0.9850958115930564.
[I 2025-08-06 12:26:56,677] Trial 1 finished with value: -0.983554004732287 and parameters: {'learning_rate': 0.06054365855469246, 'num_leaves': 184, 'max_depth': 3, 'min_child_samples': 98, 'feature_fraction': 0.9162213204002109, 'bagging_fraction': 0.6061695553391381, 'reg_alpha': 4.329370014459266e-07, 'reg_lambda': 4.4734294104626844e-07}. Best is trial 0 with value: -0.9850958115930564.
[I 2025-08-06 12:27:02,880] Trial 2 finished with value: -0.9848042409738558 and parameters: {'learning_rate': 0.024878734419814436, 'num_leaves': 138, 'max_depth': 8, 'min_child_samples': 36, 'feature_fraction': 0.8059264473611898, 'bagging_fraction': 0.569746930326021, 'reg_alpha': 4.258943089524393e-06, 'reg_lambda': 1.9826980964985924e-05}. Best is trial 0 with value: -0.9850958115930564.
[I 2025-08-06 12:27:05,811] Trial 3 finished with value: -0.9843401704056666 and parameters: {'learning_rate': 0.03920673972242137, 'num_leaves': 203, 'max_depth': 5, 'min_child_samples': 56, 'feature_fraction': 0.7962072844310213, 'bagging_fraction': 0.5232252063599989, 'reg_alpha': 0.0029369981104377003, 'reg_lambda': 3.425445902633376e-07}. Best is trial 0 with value: -0.9850958115930564.
[I 2025-08-06 12:27:14,810] Trial 4 finished with value: -0.9840948084419894 and parameters: {'learning_rate': 0.012151617026673379, 'num_leaves': 244, 'max_depth': 15, 'min_child_samples': 83, 'feature_fraction': 0.6523068845866853, 'bagging_fraction': 0.5488360570031919, 'reg_alpha': 0.014391207615728067, 'reg_lambda': 9.148975058772307e-05}. Best is trial 0 with value: -0.9850958115930564.
[I 2025-08-06 12:27:17,518] Trial 5 finished with value: -0.9833209189317458 and parameters: {'learning_rate': 0.014413697528610409, 'num_leaves': 131, 'max_depth': 3, 'min_child_samples': 92, 'feature_fraction': 0.6293899908000085, 'bagging_fraction': 0.831261142176991, 'reg_alpha': 6.388511557344611e-06, 'reg_lambda': 0.0004793052550782129}. Best is trial 0 with value: -0.9850958115930564.
[I 2025-08-06 12:27:24,545] Trial 6 finished with value: -0.9841295500163006 and parameters: {'learning_rate': 0.05143828405076928, 'num_leaves': 54, 'max_depth': 15, 'min_child_samples': 80, 'feature_fraction': 0.9697494707820946, 'bagging_fraction': 0.9474136752138245, 'reg_alpha': 0.002404915432737351, 'reg_lambda': 1.9809253750493907}. Best is trial 0 with value: -0.9850958115930564.
[I 2025-08-06 12:27:27,181] Trial 7 finished with value: -0.9852105685685585 and parameters: {'learning_rate': 0.01303561122512888, 'num_leaves': 56, 'max_depth': 3, 'min_child_samples': 39, 'feature_fraction': 0.6943386448447411, 'bagging_fraction': 0.6356745158869479, 'reg_alpha': 0.28749982347407854, 'reg_lambda': 1.6247252885719427e-05}. Best is trial 7 with value: -0.9852105685685585.
[I 2025-08-06 12:27:30,644] Trial 8 finished with value: -0.9839736933490055 and parameters: {'learning_rate': 0.023200867504756827, 'num_leaves': 143, 'max_depth': 4, 'min_child_samples': 82, 'feature_fraction': 0.5372753218398854, 'bagging_fraction': 0.9934434683002586, 'reg_alpha': 0.08916674715636537, 'reg_lambda': 6.143857495033091e-07}. Best is trial 7 with value: -0.9852105685685585.
[I 2025-08-06 12:27:40,829] Trial 9 finished with value: -0.9835814150871492 and parameters: {'learning_rate': 0.010166803740022877, 'num_leaves': 211, 'max_depth': 12, 'min_child_samples': 76, 'feature_fraction': 0.8856351733429728, 'bagging_fraction': 0.5370223258670452, 'reg_alpha': 1.683416412018213e-05, 'reg_lambda': 1.1036250149900698e-07}. Best is trial 7 with value: -0.9852105685685585.
[I 2025-08-06 12:27:41,538] Trial 10 finished with value: -0.9821927149365139 and parameters: {'learning_rate': 0.1696879465047447, 'num_leaves': 9, 'max_depth': 7, 'min_child_samples': 11, 'feature_fraction': 0.7102020040921988, 'bagging_fraction': 0.6901464801259053, 'reg_alpha': 5.475583883351959, 'reg_lambda': 0.012278672550406735}. Best is trial 7 with value: -0.9852105685685585.
[I 2025-08-06 12:27:52,187] Trial 11 finished with value: -0.9854330315284197 and parameters: {'learning_rate': 0.023612213425042897, 'num_leaves': 84, 'max_depth': 11, 'min_child_samples': 50, 'feature_fraction': 0.5106977741957487, 'bagging_fraction': 0.6769474312859594, 'reg_alpha': 4.077391468444027e-08, 'reg_lambda': 2.8339857425759094}. Best is trial 11 with value: -0.9854330315284197.
[I 2025-08-06 12:27:55,449] Trial 12 finished with value: -0.9834680834592187 and parameters: {'learning_rate': 0.017375334315313847, 'num_leaves': 70, 'max_depth': 11, 'min_child_samples': 38, 'feature_fraction': 0.7066877922057526, 'bagging_fraction': 0.6929964536410342, 'reg_alpha': 5.011953391371097, 'reg_lambda': 0.015293497883219966}. Best is trial 11 with value: -0.9854330315284197.
[I 2025-08-06 12:28:01,429] Trial 13 finished with value: -0.9859322713126835 and parameters: {'learning_rate': 0.08170216566351561, 'num_leaves': 74, 'max_depth': 10, 'min_child_samples': 37, 'feature_fraction': 0.5313382495460985, 'bagging_fraction': 0.7574852070104715, 'reg_alpha': 1.0741482674311923e-08, 'reg_lambda': 0.012925569907645785}. Best is trial 13 with value: -0.9859322713126835.
[I 2025-08-06 12:28:06,100] Trial 14 finished with value: -0.9867867518897562 and parameters: {'learning_rate': 0.09706314692140564, 'num_leaves': 95, 'max_depth': 10, 'min_child_samples': 20, 'feature_fraction': 0.5065701578589041, 'bagging_fraction': 0.805551721718827, 'reg_alpha': 1.3277235692639058e-08, 'reg_lambda': 9.207736961357908}. Best is trial 14 with value: -0.9867867518897562.
[I 2025-08-06 12:28:09,192] Trial 15 finished with value: -0.9858215334541173 and parameters: {'learning_rate': 0.0952567704737395, 'num_leaves': 94, 'max_depth': 9, 'min_child_samples': 18, 'feature_fraction': 0.5951601664395402, 'bagging_fraction': 0.8295143024044869, 'reg_alpha': 1.2555970917650801e-08, 'reg_lambda': 0.09652712124824227}. Best is trial 14 with value: -0.9867867518897562.
[I 2025-08-06 12:28:11,652] Trial 16 finished with value: -0.9862188459377738 and parameters: {'learning_rate': 0.08721996044676585, 'num_leaves': 16, 'max_depth': 6, 'min_child_samples': 25, 'feature_fraction': 0.5026527562028454, 'bagging_fraction': 0.7912554411220166, 'reg_alpha': 3.2148894967806533e-07, 'reg_lambda': 0.002132721853912506}. Best is trial 14 with value: -0.9867867518897562.
[I 2025-08-06 12:28:13,872] Trial 17 finished with value: -0.9872797837594737 and parameters: {'learning_rate': 0.16640556451022465, 'num_leaves': 8, 'max_depth': 6, 'min_child_samples': 25, 'feature_fraction': 0.5002348369942121, 'bagging_fraction': 0.8465376210505953, 'reg_alpha': 5.565463586618742e-07, 'reg_lambda': 0.000662062419286776}. Best is trial 17 with value: -0.9872797837594737.
[I 2025-08-06 12:28:16,799] Trial 18 finished with value: -0.9867884210248381 and parameters: {'learning_rate': 0.18930075101573227, 'num_leaves': 109, 'max_depth': 7, 'min_child_samples': 26, 'feature_fraction': 0.5964137372667864, 'bagging_fraction': 0.9069968527889158, 'reg_alpha': 6.124765019459823e-05, 'reg_lambda': 9.502723948810397}. Best is trial 17 with value: -0.9872797837594737.
[I 2025-08-06 12:28:19,674] Trial 19 finished with value: -0.9856926554095423 and parameters: {'learning_rate': 0.1994505198099203, 'num_leaves': 34, 'max_depth': 6, 'min_child_samples': 25, 'feature_fraction': 0.5850170424663035, 'bagging_fraction': 0.9134336554829188, 'reg_alpha': 0.00010490127974903605, 'reg_lambda': 0.21956774205104937}. Best is trial 17 with value: -0.9872797837594737.
[I 2025-08-06 12:28:22,962] Trial 20 finished with value: -0.9863042574079518 and parameters: {'learning_rate': 0.1394393349665469, 'num_leaves': 108, 'max_depth': 7, 'min_child_samples': 48, 'feature_fraction': 0.6505152466626335, 'bagging_fraction': 0.8854014330392775, 'reg_alpha': 0.00012702142020136917, 'reg_lambda': 4.968024444828976e-06}. Best is trial 17 with value: -0.9872797837594737.
[I 2025-08-06 12:28:27,880] Trial 21 finished with value: -0.9873843170652185 and parameters: {'learning_rate': 0.11980668545099626, 'num_leaves': 169, 'max_depth': 9, 'min_child_samples': 10, 'feature_fraction': 0.5575244364272848, 'bagging_fraction': 0.8621383194962051, 'reg_alpha': 6.120507414183693e-07, 'reg_lambda': 3.910490313439891}. Best is trial 21 with value: -0.9873843170652185.
[I 2025-08-06 12:28:31,886] Trial 22 finished with value: -0.9873962169890118 and parameters: {'learning_rate': 0.13390499764355238, 'num_leaves': 167, 'max_depth': 8, 'min_child_samples': 10, 'feature_fraction': 0.5747304286519771, 'bagging_fraction': 0.8768909561654321, 'reg_alpha': 4.4337140247952704e-07, 'reg_lambda': 8.876628301054751}. Best is trial 22 with value: -0.9873962169890118.
[I 2025-08-06 12:28:38,824] Trial 23 finished with value: -0.986445106352277 and parameters: {'learning_rate': 0.12784342713816071, 'num_leaves': 165, 'max_depth': 9, 'min_child_samples': 10, 'feature_fraction': 0.5635435705366558, 'bagging_fraction': 0.863041576426429, 'reg_alpha': 8.770825153388619e-07, 'reg_lambda': 0.09015550012932438}. Best is trial 22 with value: -0.9873962169890118.
[I 2025-08-06 12:28:42,232] Trial 24 finished with value: -0.9859535223582798 and parameters: {'learning_rate': 0.11634939113748385, 'num_leaves': 169, 'max_depth': 9, 'min_child_samples': 16, 'feature_fraction': 0.6258720382546296, 'bagging_fraction': 0.9762067146120206, 'reg_alpha': 1.51029692338442e-07, 'reg_lambda': 0.5844619370737302}. Best is trial 22 with value: -0.9873962169890118.
[I 2025-08-06 12:28:45,322] Trial 25 finished with value: -0.9859002517285523 and parameters: {'learning_rate': 0.06625869567185537, 'num_leaves': 214, 'max_depth': 5, 'min_child_samples': 28, 'feature_fraction': 0.545367506305898, 'bagging_fraction': 0.7559790938635295, 'reg_alpha': 1.7154441705014054e-06, 'reg_lambda': 1.1574612736518413e-08}. Best is trial 22 with value: -0.9873962169890118.
[I 2025-08-06 12:28:48,243] Trial 26 finished with value: -0.9875292389089779 and parameters: {'learning_rate': 0.1396583434103578, 'num_leaves': 154, 'max_depth': 8, 'min_child_samples': 10, 'feature_fraction': 0.7798274948837373, 'bagging_fraction': 0.8543954637858238, 'reg_alpha': 1.646406340941009e-05, 'reg_lambda': 0.00027256522613180686}. Best is trial 26 with value: -0.9875292389089779.
[I 2025-08-06 12:28:50,562] Trial 27 finished with value: -0.9861419840446768 and parameters: {'learning_rate': 0.14237310201538045, 'num_leaves': 158, 'max_depth': 8, 'min_child_samples': 14, 'feature_fraction': 0.8235453728708663, 'bagging_fraction': 0.9329396417213827, 'reg_alpha': 1.9907775481841456e-05, 'reg_lambda': 0.004320430752821306}. Best is trial 26 with value: -0.9875292389089779.
[I 2025-08-06 12:28:55,472] Trial 28 finished with value: -0.985656058925683 and parameters: {'learning_rate': 0.11022955088098459, 'num_leaves': 187, 'max_depth': 13, 'min_child_samples': 31, 'feature_fraction': 0.7750701530559109, 'bagging_fraction': 0.8757914141339567, 'reg_alpha': 0.0005968994109134424, 'reg_lambda': 7.87701300552545e-05}. Best is trial 26 with value: -0.9875292389089779.
[I 2025-08-06 12:28:59,755] Trial 29 finished with value: -0.9846375588583071 and parameters: {'learning_rate': 0.07104275119013423, 'num_leaves': 250, 'max_depth': 8, 'min_child_samples': 65, 'feature_fraction': 0.741724658826805, 'bagging_fraction': 0.9532962576261433, 'reg_alpha': 1.486136376273211e-07, 'reg_lambda': 1.4135188249861919}. Best is trial 26 with value: -0.9875292389089779.
[I 2025-08-06 12:29:04,411] Trial 30 finished with value: -0.9858112098028785 and parameters: {'learning_rate': 0.03842745754146896, 'num_leaves': 125, 'max_depth': 10, 'min_child_samples': 19, 'feature_fraction': 0.849546226415591, 'bagging_fraction': 0.7964679771167982, 'reg_alpha': 2.635739731538385e-06, 'reg_lambda': 0.30910203656894697}. Best is trial 26 with value: -0.9875292389089779.
[I 2025-08-06 12:29:08,568] Trial 31 finished with value: -0.9879990328860193 and parameters: {'learning_rate': 0.15618089007816505, 'num_leaves': 153, 'max_depth': 6, 'min_child_samples': 10, 'feature_fraction': 0.5684344567882854, 'bagging_fraction': 0.8474479025082922, 'reg_alpha': 6.143281937219954e-08, 'reg_lambda': 0.0010686824862189725}. Best is trial 31 with value: -0.9879990328860193.
[I 2025-08-06 12:29:11,562] Trial 32 finished with value: -0.9874897487995069 and parameters: {'learning_rate': 0.15874745936136636, 'num_leaves': 187, 'max_depth': 8, 'min_child_samples': 10, 'feature_fraction': 0.7444967265387155, 'bagging_fraction': 0.8959659863362562, 'reg_alpha': 4.7922735794173125e-08, 'reg_lambda': 0.00014207003101464417}. Best is trial 31 with value: -0.9879990328860193.
[I 2025-08-06 12:29:13,985] Trial 33 finished with value: -0.9859417978951456 and parameters: {'learning_rate': 0.15351070471870026, 'num_leaves': 192, 'max_depth': 8, 'min_child_samples': 20, 'feature_fraction': 0.7568451644319717, 'bagging_fraction': 0.8991713143814992, 'reg_alpha': 8.413937049327848e-08, 'reg_lambda': 8.752610537412802e-05}. Best is trial 31 with value: -0.9879990328860193.
[I 2025-08-06 12:29:15,591] Trial 34 finished with value: -0.9869141341839761 and parameters: {'learning_rate': 0.10544549966140175, 'num_leaves': 152, 'max_depth': 5, 'min_child_samples': 15, 'feature_fraction': 0.6784614859528049, 'bagging_fraction': 0.7755273932830261, 'reg_alpha': 7.969180414392415e-08, 'reg_lambda': 3.7788032716352305e-06}. Best is trial 31 with value: -0.9879990328860193.
[I 2025-08-06 12:29:18,021] Trial 35 finished with value: -0.9872697682878464 and parameters: {'learning_rate': 0.16308733916834112, 'num_leaves': 223, 'max_depth': 7, 'min_child_samples': 10, 'feature_fraction': 0.8611472869134348, 'bagging_fraction': 0.8224499888525351, 'reg_alpha': 5.153304095570123e-06, 'reg_lambda': 0.00022102295400946057}. Best is trial 31 with value: -0.9879990328860193.
[I 2025-08-06 12:29:22,995] Trial 36 finished with value: -0.9855402238219059 and parameters: {'learning_rate': 0.07694241512968658, 'num_leaves': 181, 'max_depth': 8, 'min_child_samples': 31, 'feature_fraction': 0.9267635526278051, 'bagging_fraction': 0.7266367682142773, 'reg_alpha': 3.8885478350505913e-08, 'reg_lambda': 0.001494841711599115}. Best is trial 31 with value: -0.9879990328860193.
[I 2025-08-06 12:29:26,752] Trial 37 finished with value: -0.9850545985943013 and parameters: {'learning_rate': 0.05797253248356863, 'num_leaves': 231, 'max_depth': 6, 'min_child_samples': 43, 'feature_fraction': 0.7374821279913889, 'bagging_fraction': 0.927676545065034, 'reg_alpha': 1.985346685505641e-07, 'reg_lambda': 1.7005350852014366e-05}. Best is trial 31 with value: -0.9879990328860193.
