[I 2025-08-06 12:51:46,386] Trial 14 finished with value: 0.8847983120562068 and parameters: {'n_d': 39, 'n_a': 10, 'n_steps': 5, 'gamma': 1.3097746175958846, 'lambda_sparse': 0.001843309844298141, 'lr': 0.014425892243490373, 'weight_decay': 5.763764602666039e-06}. Best is trial 7 with value: 0.9459839950569287.
/work/dlclarge2/latifajr-dl_lab_project/autoML/automl-exam-ss25-tabular-freiburg-template/automl-tabular-env/lib/python3.10/site-packages/pytorch_tabnet/callbacks.py:172: UserWarning: Best weights from best epoch are automatically used!
  warnings.warn(wrn_msg)
[I 2025-08-06 12:52:22,960] Trial 15 finished with value: 0.9141309709978865 and parameters: {'n_d': 55, 'n_a': 62, 'n_steps': 8, 'gamma': 1.8199663553119159, 'lambda_sparse': 0.002783042527447968, 'lr': 0.04171270054233419, 'weight_decay': 9.7367572179407e-05}. Best is trial 7 with value: 0.9459839950569287.
/work/dlclarge2/latifajr-dl_lab_project/autoML/automl-exam-ss25-tabular-freiburg-template/automl-tabular-env/lib/python3.10/site-packages/pytorch_tabnet/callbacks.py:172: UserWarning: Best weights from best epoch are automatically used!
  warnings.warn(wrn_msg)
[I 2025-08-06 12:52:53,029] Trial 16 finished with value: 0.8453257958776356 and parameters: {'n_d': 45, 'n_a': 26, 'n_steps': 6, 'gamma': 1.6157295212317533, 'lambda_sparse': 0.003475832304444201, 'lr': 0.005154456793582423, 'weight_decay': 0.00027470543468957777}. Best is trial 7 with value: 0.9459839950569287.
/work/dlclarge2/latifajr-dl_lab_project/autoML/automl-exam-ss25-tabular-freiburg-template/automl-tabular-env/lib/python3.10/site-packages/pytorch_tabnet/callbacks.py:172: UserWarning: Best weights from best epoch are automatically used!
  warnings.warn(wrn_msg)
[I 2025-08-06 12:53:36,651] Trial 17 finished with value: 0.9042932076243688 and parameters: {'n_d': 33, 'n_a': 15, 'n_steps': 9, 'gamma': 1.4267634915403584, 'lambda_sparse': 0.0009279664017434357, 'lr': 0.019383527500283538, 'weight_decay': 1.1628527909292953e-06}. Best is trial 7 with value: 0.9459839950569287.
/work/dlclarge2/latifajr-dl_lab_project/autoML/automl-exam-ss25-tabular-freiburg-template/automl-tabular-env/lib/python3.10/site-packages/pytorch_tabnet/callbacks.py:172: UserWarning: Best weights from best epoch are automatically used!
  warnings.warn(wrn_msg)
[I 2025-08-06 12:54:00,408] Trial 18 finished with value: 0.9179525847151415 and parameters: {'n_d': 55, 'n_a': 39, 'n_steps': 5, 'gamma': 1.1800588081330217, 'lambda_sparse': 0.004276908807191975, 'lr': 0.08379250181394213, 'weight_decay': 4.805364946254653e-05}. Best is trial 7 with value: 0.9459839950569287.
/work/dlclarge2/latifajr-dl_lab_project/autoML/automl-exam-ss25-tabular-freiburg-template/automl-tabular-env/lib/python3.10/site-packages/pytorch_tabnet/callbacks.py:172: UserWarning: Best weights from best epoch are automatically used!
  warnings.warn(wrn_msg)
[I 2025-08-06 12:54:38,632] Trial 19 finished with value: 0.8883142020540208 and parameters: {'n_d': 44, 'n_a': 29, 'n_steps': 8, 'gamma': 1.8374130152717574, 'lambda_sparse': 0.0008718501264743029, 'lr': 0.0035762424554638744, 'weight_decay': 1.081558768914454e-05}. Best is trial 7 with value: 0.9459839950569287.
/work/dlclarge2/latifajr-dl_lab_project/autoML/automl-exam-ss25-tabular-freiburg-template/automl-tabular-env/lib/python3.10/site-packages/pytorch_tabnet/callbacks.py:172: UserWarning: Best weights from best epoch are automatically used!
  warnings.warn(wrn_msg)
[I 2025-08-06 12:55:01,584] A new study created in memory with name: no-name-0f0a79e6-bee6-4390-92c2-ffee10a138de
/work/dlclarge2/latifajr-dl_lab_project/autoML/automl-exam-ss25-tabular-freiburg-template/automl-tabular-env/lib/python3.10/site-packages/pytorch_tabnet/callbacks.py:172: UserWarning: Best weights from best epoch are automatically used!
  warnings.warn(wrn_msg)
[I 2025-08-06 12:55:28,203] Trial 0 finished with value: 0.7226695606724474 and parameters: {'n_d': 44, 'n_a': 55, 'n_steps': 5, 'gamma': 1.152671947717688, 'lambda_sparse': 0.0006263670871026226, 'lr': 0.00024596356653223386, 'weight_decay': 2.080293707783649e-05}. Best is trial 0 with value: 0.7226695606724474.
/work/dlclarge2/latifajr-dl_lab_project/autoML/automl-exam-ss25-tabular-freiburg-template/automl-tabular-env/lib/python3.10/site-packages/pytorch_tabnet/callbacks.py:172: UserWarning: Best weights from best epoch are automatically used!
  warnings.warn(wrn_msg)
[I 2025-08-06 12:56:08,404] Trial 1 finished with value: 0.9345564766046872 and parameters: {'n_d': 31, 'n_a': 36, 'n_steps': 9, 'gamma': 1.501436114766575, 'lambda_sparse': 0.0009566605315501612, 'lr': 0.06057419111190122, 'weight_decay': 3.6604291672997655e-05}. Best is trial 1 with value: 0.9345564766046872.
/work/dlclarge2/latifajr-dl_lab_project/autoML/automl-exam-ss25-tabular-freiburg-template/automl-tabular-env/lib/python3.10/site-packages/pytorch_tabnet/callbacks.py:172: UserWarning: Best weights from best epoch are automatically used!
  warnings.warn(wrn_msg)
[I 2025-08-06 12:56:39,239] Trial 2 finished with value: 0.9013529580990989 and parameters: {'n_d': 56, 'n_a': 42, 'n_steps': 10, 'gamma': 1.2171820051013293, 'lambda_sparse': 0.0003480613034606578, 'lr': 0.021416237643584232, 'weight_decay': 0.0005095250749762327}. Best is trial 1 with value: 0.9345564766046872.
/work/dlclarge2/latifajr-dl_lab_project/autoML/automl-exam-ss25-tabular-freiburg-template/automl-tabular-env/lib/python3.10/site-packages/pytorch_tabnet/callbacks.py:172: UserWarning: Best weights from best epoch are automatically used!
  warnings.warn(wrn_msg)
[I 2025-08-06 12:57:11,313] Trial 3 finished with value: -2.459170672237911 and parameters: {'n_d': 40, 'n_a': 14, 'n_steps': 6, 'gamma': 1.3530813643994097, 'lambda_sparse': 0.0002142529778531978, 'lr': 0.00011412300179494966, 'weight_decay': 0.0004438508787255763}. Best is trial 1 with value: 0.9345564766046872.
/work/dlclarge2/latifajr-dl_lab_project/autoML/automl-exam-ss25-tabular-freiburg-template/automl-tabular-env/lib/python3.10/site-packages/pytorch_tabnet/callbacks.py:172: UserWarning: Best weights from best epoch are automatically used!
  warnings.warn(wrn_msg)
[I 2025-08-06 12:57:40,690] Trial 4 finished with value: 0.09628440199117494 and parameters: {'n_d': 49, 'n_a': 56, 'n_steps': 6, 'gamma': 1.064273546536147, 'lambda_sparse': 0.00027071470726593345, 'lr': 0.0001298925152230566, 'weight_decay': 0.00046089288920515836}. Best is trial 1 with value: 0.9345564766046872.
/work/dlclarge2/latifajr-dl_lab_project/autoML/automl-exam-ss25-tabular-freiburg-template/automl-tabular-env/lib/python3.10/site-packages/pytorch_tabnet/callbacks.py:172: UserWarning: Best weights from best epoch are automatically used!
  warnings.warn(wrn_msg)
[I 2025-08-06 12:58:23,822] Trial 5 finished with value: -0.9849808003367377 and parameters: {'n_d': 60, 'n_a': 34, 'n_steps': 9, 'gamma': 1.9214437216411788, 'lambda_sparse': 1.8325232502076692e-05, 'lr': 0.0003800920677237966, 'weight_decay': 0.000474471406461434}. Best is trial 1 with value: 0.9345564766046872.
/work/dlclarge2/latifajr-dl_lab_project/autoML/automl-exam-ss25-tabular-freiburg-template/automl-tabular-env/lib/python3.10/site-packages/pytorch_tabnet/callbacks.py:172: UserWarning: Best weights from best epoch are automatically used!
  warnings.warn(wrn_msg)
[I 2025-08-06 12:58:48,808] Trial 6 finished with value: 0.9265332308342591 and parameters: {'n_d': 41, 'n_a': 40, 'n_steps': 7, 'gamma': 1.0832039181090094, 'lambda_sparse': 2.1445530622486727e-05, 'lr': 0.05325240887803552, 'weight_decay': 3.467432665381405e-05}. Best is trial 1 with value: 0.9345564766046872.
/work/dlclarge2/latifajr-dl_lab_project/autoML/automl-exam-ss25-tabular-freiburg-template/automl-tabular-env/lib/python3.10/site-packages/pytorch_tabnet/callbacks.py:172: UserWarning: Best weights from best epoch are automatically used!
  warnings.warn(wrn_msg)
[I 2025-08-06 12:59:13,870] Trial 7 finished with value: 0.9116954322435699 and parameters: {'n_d': 21, 'n_a': 55, 'n_steps': 5, 'gamma': 1.0359766382637203, 'lambda_sparse': 0.00033980686157549325, 'lr': 0.019818423213584423, 'weight_decay': 0.0007047467343948297}. Best is trial 1 with value: 0.9345564766046872.
/work/dlclarge2/latifajr-dl_lab_project/autoML/automl-exam-ss25-tabular-freiburg-template/automl-tabular-env/lib/python3.10/site-packages/pytorch_tabnet/callbacks.py:172: UserWarning: Best weights from best epoch are automatically used!
  warnings.warn(wrn_msg)
[I 2025-08-06 12:59:51,604] Trial 8 finished with value: 0.949091784052992 and parameters: {'n_d': 43, 'n_a': 61, 'n_steps': 8, 'gamma': 1.1065956263321242, 'lambda_sparse': 0.0033877273366425455, 'lr': 0.08275064094076622, 'weight_decay': 0.00011530447805282075}. Best is trial 8 with value: 0.949091784052992.
/work/dlclarge2/latifajr-dl_lab_project/autoML/automl-exam-ss25-tabular-freiburg-template/automl-tabular-env/lib/python3.10/site-packages/pytorch_tabnet/callbacks.py:172: UserWarning: Best weights from best epoch are automatically used!
  warnings.warn(wrn_msg)
[I 2025-08-06 13:00:16,624] Trial 9 finished with value: 0.926860672966734 and parameters: {'n_d': 47, 'n_a': 59, 'n_steps': 5, 'gamma': 1.0826771207596604, 'lambda_sparse': 0.004815255761822047, 'lr': 0.0643344567541717, 'weight_decay': 6.473130076660006e-06}. Best is trial 8 with value: 0.949091784052992.
/work/dlclarge2/latifajr-dl_lab_project/autoML/automl-exam-ss25-tabular-freiburg-template/automl-tabular-env/lib/python3.10/site-packages/pytorch_tabnet/callbacks.py:172: UserWarning: Best weights from best epoch are automatically used!
  warnings.warn(wrn_msg)
[I 2025-08-06 13:00:35,087] Trial 10 finished with value: 0.900983691491311 and parameters: {'n_d': 9, 'n_a': 19, 'n_steps': 3, 'gamma': 1.618783835455051, 'lambda_sparse': 0.00797231009472058, 'lr': 0.0019029971323306384, 'weight_decay': 1.2231298841733878e-06}. Best is trial 8 with value: 0.949091784052992.
/work/dlclarge2/latifajr-dl_lab_project/autoML/automl-exam-ss25-tabular-freiburg-template/automl-tabular-env/lib/python3.10/site-packages/pytorch_tabnet/callbacks.py:172: UserWarning: Best weights from best epoch are automatically used!
  warnings.warn(wrn_msg)
[I 2025-08-06 13:01:11,603] Trial 11 finished with value: 0.923238714522876 and parameters: {'n_d': 29, 'n_a': 29, 'n_steps': 8, 'gamma': 1.6309110023474624, 'lambda_sparse': 0.0018009440243233693, 'lr': 0.0070286505358240926, 'weight_decay': 8.579138353004966e-05}. Best is trial 8 with value: 0.949091784052992.
/work/dlclarge2/latifajr-dl_lab_project/autoML/automl-exam-ss25-tabular-freiburg-template/automl-tabular-env/lib/python3.10/site-packages/pytorch_tabnet/callbacks.py:172: UserWarning: Best weights from best epoch are automatically used!
  warnings.warn(wrn_msg)
[I 2025-08-06 13:01:42,025] Trial 12 finished with value: 0.9286278630678971 and parameters: {'n_d': 32, 'n_a': 44, 'n_steps': 10, 'gamma': 1.4316384435060463, 'lambda_sparse': 0.001690864434323691, 'lr': 0.07770806934111177, 'weight_decay': 0.00012339345785783565}. Best is trial 8 with value: 0.949091784052992.
/work/dlclarge2/latifajr-dl_lab_project/autoML/automl-exam-ss25-tabular-freiburg-template/automl-tabular-env/lib/python3.10/site-packages/pytorch_tabnet/callbacks.py:172: UserWarning: Best weights from best epoch are automatically used!
  warnings.warn(wrn_msg)
[I 2025-08-06 13:02:18,944] Trial 13 finished with value: 0.9062566524150584 and parameters: {'n_d': 23, 'n_a': 23, 'n_steps': 8, 'gamma': 1.6130039720665619, 'lambda_sparse': 0.0014299648239764087, 'lr': 0.0027179603479779734, 'weight_decay': 1.2532460311998828e-05}. Best is trial 8 with value: 0.949091784052992.
/work/dlclarge2/latifajr-dl_lab_project/autoML/automl-exam-ss25-tabular-freiburg-template/automl-tabular-env/lib/python3.10/site-packages/pytorch_tabnet/callbacks.py:172: UserWarning: Best weights from best epoch are automatically used!
  warnings.warn(wrn_msg)
[I 2025-08-06 13:02:52,807] Trial 14 finished with value: 0.9147038121594694 and parameters: {'n_d': 34, 'n_a': 47, 'n_steps': 8, 'gamma': 1.7956839062607375, 'lambda_sparse': 5.514499012073517e-05, 'lr': 0.018445091795611875, 'weight_decay': 0.00010197286269589017}. Best is trial 8 with value: 0.949091784052992.
/work/dlclarge2/latifajr-dl_lab_project/autoML/automl-exam-ss25-tabular-freiburg-template/automl-tabular-env/lib/python3.10/site-packages/pytorch_tabnet/callbacks.py:172: UserWarning: Best weights from best epoch are automatically used!
  warnings.warn(wrn_msg)
[I 2025-08-06 13:03:28,850] Trial 15 finished with value: 0.9121414545164102 and parameters: {'n_d': 18, 'n_a': 8, 'n_steps': 9, 'gamma': 1.3054788966648403, 'lambda_sparse': 0.0028152273326176374, 'lr': 0.008930034307242726, 'weight_decay': 5.0002353383764844e-05}. Best is trial 8 with value: 0.949091784052992.
/work/dlclarge2/latifajr-dl_lab_project/autoML/automl-exam-ss25-tabular-freiburg-template/automl-tabular-env/lib/python3.10/site-packages/pytorch_tabnet/callbacks.py:172: UserWarning: Best weights from best epoch are automatically used!
  warnings.warn(wrn_msg)
[I 2025-08-06 13:04:10,446] Trial 16 finished with value: 0.842748336630631 and parameters: {'n_d': 54, 'n_a': 63, 'n_steps': 9, 'gamma': 1.4905602392836272, 'lambda_sparse': 0.0008751716097200493, 'lr': 0.0009398487152321777, 'weight_decay': 4.2883882813767785e-06}. Best is trial 8 with value: 0.949091784052992.
/work/dlclarge2/latifajr-dl_lab_project/autoML/automl-exam-ss25-tabular-freiburg-template/automl-tabular-env/lib/python3.10/site-packages/pytorch_tabnet/callbacks.py:172: UserWarning: Best weights from best epoch are automatically used!
  warnings.warn(wrn_msg)
[I 2025-08-06 13:04:35,603] Trial 17 finished with value: 0.923850781211158 and parameters: {'n_d': 29, 'n_a': 32, 'n_steps': 7, 'gamma': 1.7400994533864445, 'lambda_sparse': 0.00010199609723368685, 'lr': 0.032250232772139606, 'weight_decay': 0.0001863718753384501}. Best is trial 8 with value: 0.949091784052992.
/work/dlclarge2/latifajr-dl_lab_project/autoML/automl-exam-ss25-tabular-freiburg-template/automl-tabular-env/lib/python3.10/site-packages/pytorch_tabnet/callbacks.py:172: UserWarning: Best weights from best epoch are automatically used!
  warnings.warn(wrn_msg)
[I 2025-08-06 13:05:17,907] Trial 18 finished with value: 0.9450028668947216 and parameters: {'n_d': 37, 'n_a': 48, 'n_steps': 10, 'gamma': 1.2832271065144074, 'lambda_sparse': 0.004295490138176104, 'lr': 0.09174544338622102, 'weight_decay': 0.0002038832343511799}. Best is trial 8 with value: 0.949091784052992.
/work/dlclarge2/latifajr-dl_lab_project/autoML/automl-exam-ss25-tabular-freiburg-template/automl-tabular-env/lib/python3.10/site-packages/pytorch_tabnet/callbacks.py:172: UserWarning: Best weights from best epoch are automatically used!
  warnings.warn(wrn_msg)
[I 2025-08-06 13:05:56,862] Trial 19 finished with value: 0.8858306014264905 and parameters: {'n_d': 38, 'n_a': 49, 'n_steps': 10, 'gamma': 1.2337961878236283, 'lambda_sparse': 0.00898121059038825, 'lr': 0.008336337500446543, 'weight_decay': 0.00021504622056617824}. Best is trial 8 with value: 0.949091784052992.
/work/dlclarge2/latifajr-dl_lab_project/autoML/automl-exam-ss25-tabular-freiburg-template/automl-tabular-env/lib/python3.10/site-packages/pytorch_tabnet/callbacks.py:172: UserWarning: Best weights from best epoch are automatically used!
  warnings.warn(wrn_msg)
[I 2025-08-06 13:06:54,814] A new study created in memory with name: no-name-74977bc8-99e2-4d05-8d9d-777fc82935f7
/work/dlclarge2/latifajr-dl_lab_project/autoML/automl-exam-ss25-tabular-freiburg-template/automl-tabular-env/lib/python3.10/site-packages/pytorch_tabnet/callbacks.py:172: UserWarning: Best weights from best epoch are automatically used!
  warnings.warn(wrn_msg)
[I 2025-08-06 13:07:24,744] Trial 0 finished with value: 0.7475542604291011 and parameters: {'n_d': 57, 'n_a': 55, 'n_steps': 6, 'gamma': 1.8507335817942616, 'lambda_sparse': 2.052733484299994e-05, 'lr': 0.00033875515237049105, 'weight_decay': 4.2572036194934885e-05}. Best is trial 0 with value: 0.7475542604291011.
/work/dlclarge2/latifajr-dl_lab_project/autoML/automl-exam-ss25-tabular-freiburg-template/automl-tabular-env/lib/python3.10/site-packages/pytorch_tabnet/callbacks.py:172: UserWarning: Best weights from best epoch are automatically used!
  warnings.warn(wrn_msg)
[I 2025-08-06 13:08:03,840] Trial 1 finished with value: 0.8902605421155418 and parameters: {'n_d': 53, 'n_a': 48, 'n_steps': 10, 'gamma': 1.1065149811384365, 'lambda_sparse': 0.0023932294775931393, 'lr': 0.008560444726886185, 'weight_decay': 0.0006846168238147989}. Best is trial 1 with value: 0.8902605421155418.
/work/dlclarge2/latifajr-dl_lab_project/autoML/automl-exam-ss25-tabular-freiburg-template/automl-tabular-env/lib/python3.10/site-packages/pytorch_tabnet/callbacks.py:172: UserWarning: Best weights from best epoch are automatically used!
  warnings.warn(wrn_msg)
[I 2025-08-06 13:08:37,596] Trial 2 finished with value: 0.8869948284485568 and parameters: {'n_d': 15, 'n_a': 39, 'n_steps': 7, 'gamma': 1.163465284281752, 'lambda_sparse': 0.009142587783692528, 'lr': 0.0007265338611506314, 'weight_decay': 4.1261481833024865e-05}. Best is trial 1 with value: 0.8902605421155418.
/work/dlclarge2/latifajr-dl_lab_project/autoML/automl-exam-ss25-tabular-freiburg-template/automl-tabular-env/lib/python3.10/site-packages/pytorch_tabnet/callbacks.py:172: UserWarning: Best weights from best epoch are automatically used!
  warnings.warn(wrn_msg)
[I 2025-08-06 13:08:55,008] Trial 3 finished with value: 0.9082509411006668 and parameters: {'n_d': 24, 'n_a': 50, 'n_steps': 3, 'gamma': 1.3103397922427686, 'lambda_sparse': 7.049658666402773e-05, 'lr': 0.0018635922132554537, 'weight_decay': 0.00017815850112891943}. Best is trial 3 with value: 0.9082509411006668.
/work/dlclarge2/latifajr-dl_lab_project/autoML/automl-exam-ss25-tabular-freiburg-template/automl-tabular-env/lib/python3.10/site-packages/pytorch_tabnet/callbacks.py:172: UserWarning: Best weights from best epoch are automatically used!
  warnings.warn(wrn_msg)
[I 2025-08-06 13:09:18,052] Trial 4 finished with value: 0.9178991906424188 and parameters: {'n_d': 60, 'n_a': 49, 'n_steps': 4, 'gamma': 1.7497986004550823, 'lambda_sparse': 0.0011238472431043093, 'lr': 0.0024261873935120847, 'weight_decay': 1.9521828417619488e-05}. Best is trial 4 with value: 0.9178991906424188.
/work/dlclarge2/latifajr-dl_lab_project/autoML/automl-exam-ss25-tabular-freiburg-template/automl-tabular-env/lib/python3.10/site-packages/pytorch_tabnet/callbacks.py:172: UserWarning: Best weights from best epoch are automatically used!
  warnings.warn(wrn_msg)
[I 2025-08-06 13:09:40,530] Trial 5 finished with value: 0.9111859595729019 and parameters: {'n_d': 15, 'n_a': 20, 'n_steps': 5, 'gamma': 1.3822740806769285, 'lambda_sparse': 9.308861978417724e-05, 'lr': 0.0030744783190888147, 'weight_decay': 0.0001098907690976171}. Best is trial 4 with value: 0.9178991906424188.
/work/dlclarge2/latifajr-dl_lab_project/autoML/automl-exam-ss25-tabular-freiburg-template/automl-tabular-env/lib/python3.10/site-packages/pytorch_tabnet/callbacks.py:172: UserWarning: Best weights from best epoch are automatically used!
  warnings.warn(wrn_msg)
[I 2025-08-06 13:10:04,591] Trial 6 finished with value: 0.8980325165296701 and parameters: {'n_d': 54, 'n_a': 34, 'n_steps': 8, 'gamma': 1.0041120741597998, 'lambda_sparse': 0.00010834066177250502, 'lr': 0.03628080398632256, 'weight_decay': 5.119440997225336e-05}. Best is trial 4 with value: 0.9178991906424188.
/work/dlclarge2/latifajr-dl_lab_project/autoML/automl-exam-ss25-tabular-freiburg-template/automl-tabular-env/lib/python3.10/site-packages/pytorch_tabnet/callbacks.py:172: UserWarning: Best weights from best epoch are automatically used!
  warnings.warn(wrn_msg)
[I 2025-08-06 13:10:23,181] Trial 7 finished with value: 0.7612074450033078 and parameters: {'n_d': 21, 'n_a': 15, 'n_steps': 3, 'gamma': 1.5491877408261168, 'lambda_sparse': 1.9654105334064362e-05, 'lr': 0.00011568831568754935, 'weight_decay': 9.534260113172826e-06}. Best is trial 4 with value: 0.9178991906424188.
/work/dlclarge2/latifajr-dl_lab_project/autoML/automl-exam-ss25-tabular-freiburg-template/automl-tabular-env/lib/python3.10/site-packages/pytorch_tabnet/callbacks.py:172: UserWarning: Best weights from best epoch are automatically used!
  warnings.warn(wrn_msg)
[I 2025-08-06 13:10:44,077] Trial 8 finished with value: 0.9169189556392033 and parameters: {'n_d': 29, 'n_a': 29, 'n_steps': 3, 'gamma': 1.9827015484067463, 'lambda_sparse': 0.0006352166447054264, 'lr': 0.003915096847826647, 'weight_decay': 4.832803708527278e-06}. Best is trial 4 with value: 0.9178991906424188.
/work/dlclarge2/latifajr-dl_lab_project/autoML/automl-exam-ss25-tabular-freiburg-template/automl-tabular-env/lib/python3.10/site-packages/pytorch_tabnet/callbacks.py:172: UserWarning: Best weights from best epoch are automatically used!
  warnings.warn(wrn_msg)
[I 2025-08-06 13:11:15,531] Trial 9 finished with value: 0.8953362304009593 and parameters: {'n_d': 40, 'n_a': 12, 'n_steps': 7, 'gamma': 1.7518283238310004, 'lambda_sparse': 0.0007425637131383641, 'lr': 0.009728140683042731, 'weight_decay': 0.00040355016448053116}. Best is trial 4 with value: 0.9178991906424188.
/work/dlclarge2/latifajr-dl_lab_project/autoML/automl-exam-ss25-tabular-freiburg-template/automl-tabular-env/lib/python3.10/site-packages/pytorch_tabnet/callbacks.py:172: UserWarning: Best weights from best epoch are automatically used!
  warnings.warn(wrn_msg)
