[I 2025-08-05 02:53:53,502] Trial 148 finished with value: -0.9409230928233004 and parameters: {'learning_rate': 0.03455793222523523, 'num_leaves': 62, 'max_depth': 10, 'min_child_samples': 10, 'feature_fraction': 0.9188501834144309, 'bagging_fraction': 0.6063217533334329, 'reg_alpha': 6.905310387720419e-07, 'reg_lambda': 0.025364272800144045}. Best is trial 113 with value: -0.9418609628706509.
[I 2025-08-05 02:54:01,659] Trial 149 finished with value: -0.9414163894102263 and parameters: {'learning_rate': 0.03736612206934189, 'num_leaves': 54, 'max_depth': 11, 'min_child_samples': 14, 'feature_fraction': 0.9372837132416338, 'bagging_fraction': 0.6281087084943482, 'reg_alpha': 9.598713210631733e-05, 'reg_lambda': 0.003301085087415755}. Best is trial 113 with value: -0.9418609628706509.
2025-08-05 02:54:03 [INFO] Model selection complete. Validation metrics: {'val_catboost': 0.9375011304354043, 'val_lightgbm': 0.9281419377538525, 'val_ensemble': 0.9351304650969318}
2025-08-05 02:54:03 [INFO] Selected best model 'catboost' with validation R²=0.9375
2025-08-05 02:54:03 [INFO] Retraining best model 'catboost' on full dataset
2025-08-05 02:54:05 [INFO] Retraining completed in 2.55s
2025-08-05 02:54:06 [INFO] Saved final model to '/work/dlclarge2/latifajr-dl_lab_project/autoML/automl-exam-ss25-tabular-freiburg-template/modelsFinal-bike_sharing_demand/final_catboost.pkl'
2025-08-05 02:54:06 [INFO] Tree-based → /work/dlclarge2/latifajr-dl_lab_project/autoML/automl-exam-ss25-tabular-freiburg-template/modelsFinal-bike_sharing_demand/final_catboost.pkl (R²=0.9375)
2025-08-05 02:54:06 [INFO] Training TabNet model...
[I 2025-08-05 02:54:06,245] A new study created in memory with name: no-name-4589d546-13e3-4d3e-bbde-1ceb1da3d179
/work/dlclarge2/latifajr-dl_lab_project/autoML/automl-exam-ss25-tabular-freiburg-template/automl-tabular-env/lib/python3.10/site-packages/pytorch_tabnet/callbacks.py:172: UserWarning: Best weights from best epoch are automatically used!
  warnings.warn(wrn_msg)
[I 2025-08-05 02:55:07,137] Trial 0 finished with value: 0.8926452142966156 and parameters: {'n_d': 64, 'n_a': 64, 'n_steps': 8, 'gamma': 1.1162758132435469, 'lambda_sparse': 0.004937309847346859, 'lr': 0.030095892519825106, 'weight_decay': 0.00010193805484753564}. Best is trial 0 with value: 0.8926452142966156.
/work/dlclarge2/latifajr-dl_lab_project/autoML/automl-exam-ss25-tabular-freiburg-template/automl-tabular-env/lib/python3.10/site-packages/pytorch_tabnet/callbacks.py:172: UserWarning: Best weights from best epoch are automatically used!
  warnings.warn(wrn_msg)
[I 2025-08-05 02:56:08,578] Trial 1 finished with value: 0.9079911263838905 and parameters: {'n_d': 34, 'n_a': 59, 'n_steps': 9, 'gamma': 1.0085362864400924, 'lambda_sparse': 4.800611125574672e-05, 'lr': 0.034931997055150474, 'weight_decay': 7.252741029934894e-06}. Best is trial 1 with value: 0.9079911263838905.
/work/dlclarge2/latifajr-dl_lab_project/autoML/automl-exam-ss25-tabular-freiburg-template/automl-tabular-env/lib/python3.10/site-packages/pytorch_tabnet/callbacks.py:172: UserWarning: Best weights from best epoch are automatically used!
  warnings.warn(wrn_msg)
[I 2025-08-05 02:56:48,766] Trial 2 finished with value: 0.5051946776144052 and parameters: {'n_d': 55, 'n_a': 32, 'n_steps': 5, 'gamma': 1.7815729654592625, 'lambda_sparse': 0.00014232860907374424, 'lr': 0.00024254870971357462, 'weight_decay': 5.291489830757928e-05}. Best is trial 1 with value: 0.9079911263838905.
/work/dlclarge2/latifajr-dl_lab_project/autoML/automl-exam-ss25-tabular-freiburg-template/automl-tabular-env/lib/python3.10/site-packages/pytorch_tabnet/callbacks.py:172: UserWarning: Best weights from best epoch are automatically used!
  warnings.warn(wrn_msg)
[I 2025-08-05 02:58:01,933] Trial 3 finished with value: -1.5576184550061205 and parameters: {'n_d': 31, 'n_a': 32, 'n_steps': 10, 'gamma': 1.7737619712275983, 'lambda_sparse': 0.0005855958348127595, 'lr': 0.00033678905666611125, 'weight_decay': 0.0003243964937639516}. Best is trial 1 with value: 0.9079911263838905.
/work/dlclarge2/latifajr-dl_lab_project/autoML/automl-exam-ss25-tabular-freiburg-template/automl-tabular-env/lib/python3.10/site-packages/pytorch_tabnet/callbacks.py:172: UserWarning: Best weights from best epoch are automatically used!
  warnings.warn(wrn_msg)
[I 2025-08-05 02:59:08,624] Trial 4 finished with value: 0.44147587207003947 and parameters: {'n_d': 60, 'n_a': 42, 'n_steps': 9, 'gamma': 1.3573055579529512, 'lambda_sparse': 0.0011830284227521755, 'lr': 0.0003357283191550254, 'weight_decay': 0.00014867350522890273}. Best is trial 1 with value: 0.9079911263838905.
/work/dlclarge2/latifajr-dl_lab_project/autoML/automl-exam-ss25-tabular-freiburg-template/automl-tabular-env/lib/python3.10/site-packages/pytorch_tabnet/callbacks.py:172: UserWarning: Best weights from best epoch are automatically used!
  warnings.warn(wrn_msg)
[I 2025-08-05 02:59:37,276] Trial 5 finished with value: 0.9016123778383933 and parameters: {'n_d': 56, 'n_a': 23, 'n_steps': 3, 'gamma': 1.318664987062949, 'lambda_sparse': 0.005138428078727899, 'lr': 0.024551086958563947, 'weight_decay': 5.6031599083879985e-06}. Best is trial 1 with value: 0.9079911263838905.
/work/dlclarge2/latifajr-dl_lab_project/autoML/automl-exam-ss25-tabular-freiburg-template/automl-tabular-env/lib/python3.10/site-packages/pytorch_tabnet/callbacks.py:172: UserWarning: Best weights from best epoch are automatically used!
  warnings.warn(wrn_msg)
[I 2025-08-05 03:00:33,198] Trial 6 finished with value: 0.6403547005692836 and parameters: {'n_d': 8, 'n_a': 13, 'n_steps': 7, 'gamma': 1.7528106213555807, 'lambda_sparse': 6.249082739845119e-05, 'lr': 0.0038973769675086705, 'weight_decay': 3.308404037868171e-06}. Best is trial 1 with value: 0.9079911263838905.
/work/dlclarge2/latifajr-dl_lab_project/autoML/automl-exam-ss25-tabular-freiburg-template/automl-tabular-env/lib/python3.10/site-packages/pytorch_tabnet/callbacks.py:172: UserWarning: Best weights from best epoch are automatically used!
  warnings.warn(wrn_msg)
[I 2025-08-05 03:01:06,879] Trial 7 finished with value: 0.8960705305458452 and parameters: {'n_d': 45, 'n_a': 36, 'n_steps': 4, 'gamma': 1.3365695706336542, 'lambda_sparse': 0.0001773895335176986, 'lr': 0.0027334101884612157, 'weight_decay': 0.0001227628494773275}. Best is trial 1 with value: 0.9079911263838905.
/work/dlclarge2/latifajr-dl_lab_project/autoML/automl-exam-ss25-tabular-freiburg-template/automl-tabular-env/lib/python3.10/site-packages/pytorch_tabnet/callbacks.py:172: UserWarning: Best weights from best epoch are automatically used!
  warnings.warn(wrn_msg)
[I 2025-08-05 03:01:45,991] Trial 8 finished with value: 0.7834607853575036 and parameters: {'n_d': 64, 'n_a': 45, 'n_steps': 5, 'gamma': 1.991996404166174, 'lambda_sparse': 0.003991432960058801, 'lr': 0.002982950499290818, 'weight_decay': 6.816276092968781e-06}. Best is trial 1 with value: 0.9079911263838905.
/work/dlclarge2/latifajr-dl_lab_project/autoML/automl-exam-ss25-tabular-freiburg-template/automl-tabular-env/lib/python3.10/site-packages/pytorch_tabnet/callbacks.py:172: UserWarning: Best weights from best epoch are automatically used!
  warnings.warn(wrn_msg)
[I 2025-08-05 03:02:13,567] Trial 9 finished with value: 0.8920414080749738 and parameters: {'n_d': 64, 'n_a': 33, 'n_steps': 3, 'gamma': 1.962045267424648, 'lambda_sparse': 0.0013794887761518018, 'lr': 0.016882081602392057, 'weight_decay': 6.124794771644986e-05}. Best is trial 1 with value: 0.9079911263838905.
/work/dlclarge2/latifajr-dl_lab_project/autoML/automl-exam-ss25-tabular-freiburg-template/automl-tabular-env/lib/python3.10/site-packages/pytorch_tabnet/callbacks.py:172: UserWarning: Best weights from best epoch are automatically used!
  warnings.warn(wrn_msg)
[I 2025-08-05 03:03:13,508] Trial 10 finished with value: 0.8924027746143284 and parameters: {'n_d': 26, 'n_a': 64, 'n_steps': 10, 'gamma': 1.036183248666688, 'lambda_sparse': 1.5481030030086663e-05, 'lr': 0.06535313798621155, 'weight_decay': 1.845014544466493e-05}. Best is trial 1 with value: 0.9079911263838905.
/work/dlclarge2/latifajr-dl_lab_project/autoML/automl-exam-ss25-tabular-freiburg-template/automl-tabular-env/lib/python3.10/site-packages/pytorch_tabnet/callbacks.py:172: UserWarning: Best weights from best epoch are automatically used!
  warnings.warn(wrn_msg)
[I 2025-08-05 03:04:05,011] Trial 11 finished with value: 0.8840734011126897 and parameters: {'n_d': 43, 'n_a': 16, 'n_steps': 7, 'gamma': 1.2229406693907816, 'lambda_sparse': 2.4773754012823504e-05, 'lr': 0.01268814192545805, 'weight_decay': 1.0973028637946521e-05}. Best is trial 1 with value: 0.9079911263838905.
/work/dlclarge2/latifajr-dl_lab_project/autoML/automl-exam-ss25-tabular-freiburg-template/automl-tabular-env/lib/python3.10/site-packages/pytorch_tabnet/callbacks.py:172: UserWarning: Best weights from best epoch are automatically used!
  warnings.warn(wrn_msg)
[I 2025-08-05 03:04:48,356] Trial 12 finished with value: 0.8758672743006888 and parameters: {'n_d': 17, 'n_a': 22, 'n_steps': 6, 'gamma': 1.5040085838036028, 'lambda_sparse': 0.008524159225099592, 'lr': 0.0985387695443617, 'weight_decay': 1.1084893559342082e-06}. Best is trial 1 with value: 0.9079911263838905.
/work/dlclarge2/latifajr-dl_lab_project/autoML/automl-exam-ss25-tabular-freiburg-template/automl-tabular-env/lib/python3.10/site-packages/pytorch_tabnet/callbacks.py:172: UserWarning: Best weights from best epoch are automatically used!
  warnings.warn(wrn_msg)
[I 2025-08-05 03:05:16,597] Trial 13 finished with value: 0.9213538027998243 and parameters: {'n_d': 42, 'n_a': 52, 'n_steps': 3, 'gamma': 1.4506127424693684, 'lambda_sparse': 4.523419901084868e-05, 'lr': 0.008991162197583056, 'weight_decay': 3.069825783821816e-06}. Best is trial 13 with value: 0.9213538027998243.
/work/dlclarge2/latifajr-dl_lab_project/autoML/automl-exam-ss25-tabular-freiburg-template/automl-tabular-env/lib/python3.10/site-packages/pytorch_tabnet/callbacks.py:172: UserWarning: Best weights from best epoch are automatically used!
  warnings.warn(wrn_msg)
[I 2025-08-05 03:06:19,525] Trial 14 finished with value: 0.6866003330455657 and parameters: {'n_d': 41, 'n_a': 53, 'n_steps': 8, 'gamma': 1.5673579837153764, 'lambda_sparse': 3.6610144494281174e-05, 'lr': 0.0066212364418513055, 'weight_decay': 1.7117799790048524e-06}. Best is trial 13 with value: 0.9213538027998243.
/work/dlclarge2/latifajr-dl_lab_project/autoML/automl-exam-ss25-tabular-freiburg-template/automl-tabular-env/lib/python3.10/site-packages/pytorch_tabnet/callbacks.py:172: UserWarning: Best weights from best epoch are automatically used!
  warnings.warn(wrn_msg)
[I 2025-08-05 03:07:22,699] Trial 15 finished with value: 0.5371787167772348 and parameters: {'n_d': 34, 'n_a': 51, 'n_steps': 9, 'gamma': 1.6326432879330173, 'lambda_sparse': 1.0150362140529262e-05, 'lr': 0.0011713395406040778, 'weight_decay': 2.2635665325816375e-05}. Best is trial 13 with value: 0.9213538027998243.
/work/dlclarge2/latifajr-dl_lab_project/autoML/automl-exam-ss25-tabular-freiburg-template/automl-tabular-env/lib/python3.10/site-packages/pytorch_tabnet/callbacks.py:172: UserWarning: Best weights from best epoch are automatically used!
  warnings.warn(wrn_msg)
[I 2025-08-05 03:08:05,254] Trial 16 finished with value: 0.8906816467145482 and parameters: {'n_d': 25, 'n_a': 55, 'n_steps': 6, 'gamma': 1.1596214605146933, 'lambda_sparse': 6.792996544045891e-05, 'lr': 0.04233818170629692, 'weight_decay': 3.138587882858816e-06}. Best is trial 13 with value: 0.9213538027998243.
/work/dlclarge2/latifajr-dl_lab_project/autoML/automl-exam-ss25-tabular-freiburg-template/automl-tabular-env/lib/python3.10/site-packages/pytorch_tabnet/callbacks.py:172: UserWarning: Best weights from best epoch are automatically used!
  warnings.warn(wrn_msg)
[I 2025-08-05 03:08:38,175] Trial 17 finished with value: 0.9024115036644145 and parameters: {'n_d': 49, 'n_a': 59, 'n_steps': 4, 'gamma': 1.0139563282643749, 'lambda_sparse': 0.0002325344678471968, 'lr': 0.006794759758209224, 'weight_decay': 1.0851823429580487e-05}. Best is trial 13 with value: 0.9213538027998243.
/work/dlclarge2/latifajr-dl_lab_project/autoML/automl-exam-ss25-tabular-freiburg-template/automl-tabular-env/lib/python3.10/site-packages/pytorch_tabnet/callbacks.py:172: UserWarning: Best weights from best epoch are automatically used!
  warnings.warn(wrn_msg)
[I 2025-08-05 03:09:36,246] Trial 18 finished with value: 0.6458390721339122 and parameters: {'n_d': 37, 'n_a': 46, 'n_steps': 8, 'gamma': 1.272896800850599, 'lambda_sparse': 7.48217694800248e-05, 'lr': 0.001206666025072131, 'weight_decay': 2.9647218956019606e-06}. Best is trial 13 with value: 0.9213538027998243.
/work/dlclarge2/latifajr-dl_lab_project/autoML/automl-exam-ss25-tabular-freiburg-template/automl-tabular-env/lib/python3.10/site-packages/pytorch_tabnet/callbacks.py:172: UserWarning: Best weights from best epoch are automatically used!
  warnings.warn(wrn_msg)
[I 2025-08-05 03:10:41,340] Trial 19 finished with value: 0.1524953151567625 and parameters: {'n_d': 49, 'n_a': 58, 'n_steps': 9, 'gamma': 1.4270209470367254, 'lambda_sparse': 0.000439231092687321, 'lr': 0.00010805262245926123, 'weight_decay': 1.172965000413402e-06}. Best is trial 13 with value: 0.9213538027998243.
/work/dlclarge2/latifajr-dl_lab_project/autoML/automl-exam-ss25-tabular-freiburg-template/automl-tabular-env/lib/python3.10/site-packages/pytorch_tabnet/callbacks.py:172: UserWarning: Best weights from best epoch are automatically used!
  warnings.warn(wrn_msg)
[I 2025-08-05 03:11:24,534] A new study created in memory with name: no-name-d7594d6a-cd9a-40b6-a8ee-a4e74c2f6070
/work/dlclarge2/latifajr-dl_lab_project/autoML/automl-exam-ss25-tabular-freiburg-template/automl-tabular-env/lib/python3.10/site-packages/pytorch_tabnet/callbacks.py:172: UserWarning: Best weights from best epoch are automatically used!
  warnings.warn(wrn_msg)
[I 2025-08-05 03:12:28,395] Trial 0 finished with value: 0.475365390367003 and parameters: {'n_d': 53, 'n_a': 59, 'n_steps': 9, 'gamma': 1.4058353966711938, 'lambda_sparse': 0.0016032465633129538, 'lr': 0.0005795104591664607, 'weight_decay': 2.098508487254361e-06}. Best is trial 0 with value: 0.475365390367003.
/work/dlclarge2/latifajr-dl_lab_project/autoML/automl-exam-ss25-tabular-freiburg-template/automl-tabular-env/lib/python3.10/site-packages/pytorch_tabnet/callbacks.py:172: UserWarning: Best weights from best epoch are automatically used!
  warnings.warn(wrn_msg)
[I 2025-08-05 03:12:58,522] Trial 1 finished with value: 0.9221544326435496 and parameters: {'n_d': 23, 'n_a': 45, 'n_steps': 3, 'gamma': 1.2118733524202152, 'lambda_sparse': 0.0019737382196317295, 'lr': 0.028536995218645268, 'weight_decay': 5.612057782585075e-06}. Best is trial 1 with value: 0.9221544326435496.
/work/dlclarge2/latifajr-dl_lab_project/autoML/automl-exam-ss25-tabular-freiburg-template/automl-tabular-env/lib/python3.10/site-packages/pytorch_tabnet/callbacks.py:172: UserWarning: Best weights from best epoch are automatically used!
  warnings.warn(wrn_msg)
[I 2025-08-05 03:13:59,161] Trial 2 finished with value: 0.7400748335732794 and parameters: {'n_d': 31, 'n_a': 21, 'n_steps': 8, 'gamma': 1.0035379645201368, 'lambda_sparse': 0.0020191139420225185, 'lr': 0.0007933104996997634, 'weight_decay': 0.00044695831805455753}. Best is trial 1 with value: 0.9221544326435496.
/work/dlclarge2/latifajr-dl_lab_project/autoML/automl-exam-ss25-tabular-freiburg-template/automl-tabular-env/lib/python3.10/site-packages/pytorch_tabnet/callbacks.py:172: UserWarning: Best weights from best epoch are automatically used!
  warnings.warn(wrn_msg)
[I 2025-08-05 03:14:54,770] Trial 3 finished with value: 0.846056723823048 and parameters: {'n_d': 22, 'n_a': 27, 'n_steps': 6, 'gamma': 1.2950279678352654, 'lambda_sparse': 0.00044527116552041987, 'lr': 0.0022341539089065668, 'weight_decay': 0.00010214746953099017}. Best is trial 1 with value: 0.9221544326435496.
/work/dlclarge2/latifajr-dl_lab_project/autoML/automl-exam-ss25-tabular-freiburg-template/automl-tabular-env/lib/python3.10/site-packages/pytorch_tabnet/callbacks.py:172: UserWarning: Best weights from best epoch are automatically used!
  warnings.warn(wrn_msg)
[I 2025-08-05 03:15:44,742] Trial 4 finished with value: 0.902042977652333 and parameters: {'n_d': 57, 'n_a': 35, 'n_steps': 6, 'gamma': 1.371542961034989, 'lambda_sparse': 0.00045494702145649547, 'lr': 0.029541402315549754, 'weight_decay': 0.0001804092440868332}. Best is trial 1 with value: 0.9221544326435496.
/work/dlclarge2/latifajr-dl_lab_project/autoML/automl-exam-ss25-tabular-freiburg-template/automl-tabular-env/lib/python3.10/site-packages/pytorch_tabnet/callbacks.py:172: UserWarning: Best weights from best epoch are automatically used!
  warnings.warn(wrn_msg)
[I 2025-08-05 03:16:12,994] Trial 5 finished with value: 0.6301591288963225 and parameters: {'n_d': 60, 'n_a': 43, 'n_steps': 3, 'gamma': 1.1313747927780646, 'lambda_sparse': 3.6166075132183195e-05, 'lr': 0.00015662738987613903, 'weight_decay': 4.2549380107250155e-06}. Best is trial 1 with value: 0.9221544326435496.
/work/dlclarge2/latifajr-dl_lab_project/autoML/automl-exam-ss25-tabular-freiburg-template/automl-tabular-env/lib/python3.10/site-packages/pytorch_tabnet/callbacks.py:172: UserWarning: Best weights from best epoch are automatically used!
  warnings.warn(wrn_msg)
[I 2025-08-05 03:17:09,591] Trial 6 finished with value: 0.8012023937538535 and parameters: {'n_d': 61, 'n_a': 22, 'n_steps': 8, 'gamma': 1.8004924243020344, 'lambda_sparse': 2.362756523150743e-05, 'lr': 0.011765405946071382, 'weight_decay': 9.782732465374524e-06}. Best is trial 1 with value: 0.9221544326435496.
/work/dlclarge2/latifajr-dl_lab_project/autoML/automl-exam-ss25-tabular-freiburg-template/automl-tabular-env/lib/python3.10/site-packages/pytorch_tabnet/callbacks.py:172: UserWarning: Best weights from best epoch are automatically used!
  warnings.warn(wrn_msg)
[I 2025-08-05 03:17:43,995] Trial 7 finished with value: 0.9116540628098817 and parameters: {'n_d': 21, 'n_a': 31, 'n_steps': 4, 'gamma': 1.5618387956203537, 'lambda_sparse': 0.00010583575643661405, 'lr': 0.05249804474280781, 'weight_decay': 4.045798298193348e-06}. Best is trial 1 with value: 0.9221544326435496.
/work/dlclarge2/latifajr-dl_lab_project/autoML/automl-exam-ss25-tabular-freiburg-template/automl-tabular-env/lib/python3.10/site-packages/pytorch_tabnet/callbacks.py:172: UserWarning: Best weights from best epoch are automatically used!
  warnings.warn(wrn_msg)
[I 2025-08-05 03:18:34,421] Trial 8 finished with value: 0.4359527171687949 and parameters: {'n_d': 20, 'n_a': 23, 'n_steps': 7, 'gamma': 1.766176037711439, 'lambda_sparse': 0.0035475384706281014, 'lr': 0.00037358379125310175, 'weight_decay': 2.462976663121421e-06}. Best is trial 1 with value: 0.9221544326435496.
/work/dlclarge2/latifajr-dl_lab_project/autoML/automl-exam-ss25-tabular-freiburg-template/automl-tabular-env/lib/python3.10/site-packages/pytorch_tabnet/callbacks.py:172: UserWarning: Best weights from best epoch are automatically used!
  warnings.warn(wrn_msg)
[I 2025-08-05 03:19:02,420] Trial 9 finished with value: 0.9050754551297941 and parameters: {'n_d': 43, 'n_a': 30, 'n_steps': 3, 'gamma': 1.890315209083877, 'lambda_sparse': 0.0027804113151806975, 'lr': 0.00627768114557377, 'weight_decay': 6.406341756279513e-05}. Best is trial 1 with value: 0.9221544326435496.
/work/dlclarge2/latifajr-dl_lab_project/autoML/automl-exam-ss25-tabular-freiburg-template/automl-tabular-env/lib/python3.10/site-packages/pytorch_tabnet/callbacks.py:172: UserWarning: Best weights from best epoch are automatically used!
  warnings.warn(wrn_msg)
[I 2025-08-05 03:19:36,015] Trial 10 finished with value: 0.8864573086060745 and parameters: {'n_d': 13, 'n_a': 10, 'n_steps': 5, 'gamma': 1.600230602517195, 'lambda_sparse': 0.008214864740004095, 'lr': 0.08821086803375304, 'weight_decay': 2.2109246751487818e-05}. Best is trial 1 with value: 0.9221544326435496.
/work/dlclarge2/latifajr-dl_lab_project/autoML/automl-exam-ss25-tabular-freiburg-template/automl-tabular-env/lib/python3.10/site-packages/pytorch_tabnet/callbacks.py:172: UserWarning: Best weights from best epoch are automatically used!
  warnings.warn(wrn_msg)
[I 2025-08-05 03:20:11,697] Trial 11 finished with value: 0.9063701055379404 and parameters: {'n_d': 31, 'n_a': 47, 'n_steps': 4, 'gamma': 1.590819554684347, 'lambda_sparse': 0.00016753083966260381, 'lr': 0.06899380639449952, 'weight_decay': 1.1172843308515193e-05}. Best is trial 1 with value: 0.9221544326435496.
/work/dlclarge2/latifajr-dl_lab_project/autoML/automl-exam-ss25-tabular-freiburg-template/automl-tabular-env/lib/python3.10/site-packages/pytorch_tabnet/callbacks.py:172: UserWarning: Best weights from best epoch are automatically used!
  warnings.warn(wrn_msg)
[I 2025-08-05 03:20:43,528] Trial 12 finished with value: 0.9216026031070053 and parameters: {'n_d': 8, 'n_a': 49, 'n_steps': 4, 'gamma': 1.177665023146679, 'lambda_sparse': 9.090950550183606e-05, 'lr': 0.020715175994048766, 'weight_decay': 1.059335207101219e-06}. Best is trial 1 with value: 0.9221544326435496.
/work/dlclarge2/latifajr-dl_lab_project/autoML/automl-exam-ss25-tabular-freiburg-template/automl-tabular-env/lib/python3.10/site-packages/pytorch_tabnet/callbacks.py:172: UserWarning: Best weights from best epoch are automatically used!
  warnings.warn(wrn_msg)
