[I 2025-08-05 03:49:34,795] Trial 9 finished with value: 0.44148549013130145 and parameters: {'n_d': 19, 'n_a': 28, 'n_steps': 6, 'gamma': 1.7266433337055846, 'lambda_sparse': 0.002100734632731144, 'lr': 0.0002453146056929941, 'weight_decay': 2.2608571563033367e-05}. Best is trial 8 with value: 0.6995425987083113.
/work/dlclarge2/latifajr-dl_lab_project/autoML/automl-exam-ss25-tabular-freiburg-template/automl-tabular-env/lib/python3.10/site-packages/pytorch_tabnet/callbacks.py:172: UserWarning: Best weights from best epoch are automatically used!
  warnings.warn(wrn_msg)
[I 2025-08-05 03:50:26,178] Trial 10 finished with value: 0.8972274689648159 and parameters: {'n_d': 64, 'n_a': 64, 'n_steps': 6, 'gamma': 1.0353684959825324, 'lambda_sparse': 0.00021809919907936064, 'lr': 0.08866091605445339, 'weight_decay': 1.0167121174189264e-06}. Best is trial 10 with value: 0.8972274689648159.
/work/dlclarge2/latifajr-dl_lab_project/autoML/automl-exam-ss25-tabular-freiburg-template/automl-tabular-env/lib/python3.10/site-packages/pytorch_tabnet/callbacks.py:172: UserWarning: Best weights from best epoch are automatically used!
  warnings.warn(wrn_msg)
[I 2025-08-05 03:51:16,920] Trial 11 finished with value: 0.9069992075240518 and parameters: {'n_d': 63, 'n_a': 61, 'n_steps': 6, 'gamma': 1.026692175253228, 'lambda_sparse': 0.0002931980710244197, 'lr': 0.09901079182271345, 'weight_decay': 1.212879485304673e-06}. Best is trial 11 with value: 0.9069992075240518.
/work/dlclarge2/latifajr-dl_lab_project/autoML/automl-exam-ss25-tabular-freiburg-template/automl-tabular-env/lib/python3.10/site-packages/pytorch_tabnet/callbacks.py:172: UserWarning: Best weights from best epoch are automatically used!
  warnings.warn(wrn_msg)
[I 2025-08-05 03:51:55,916] Trial 12 finished with value: 0.9156736965576424 and parameters: {'n_d': 62, 'n_a': 53, 'n_steps': 5, 'gamma': 1.2752588691911988, 'lambda_sparse': 0.0004202877724800388, 'lr': 0.09070315557346413, 'weight_decay': 1.0321005398510553e-06}. Best is trial 12 with value: 0.9156736965576424.
/work/dlclarge2/latifajr-dl_lab_project/autoML/automl-exam-ss25-tabular-freiburg-template/automl-tabular-env/lib/python3.10/site-packages/pytorch_tabnet/callbacks.py:172: UserWarning: Best weights from best epoch are automatically used!
  warnings.warn(wrn_msg)
[I 2025-08-05 03:52:35,550] Trial 13 finished with value: 0.9039125025986368 and parameters: {'n_d': 53, 'n_a': 51, 'n_steps': 5, 'gamma': 1.2723370211760507, 'lambda_sparse': 0.000648072556004214, 'lr': 0.09554039659088738, 'weight_decay': 1.0206814261520094e-06}. Best is trial 12 with value: 0.9156736965576424.
/work/dlclarge2/latifajr-dl_lab_project/autoML/automl-exam-ss25-tabular-freiburg-template/automl-tabular-env/lib/python3.10/site-packages/pytorch_tabnet/callbacks.py:172: UserWarning: Best weights from best epoch are automatically used!
  warnings.warn(wrn_msg)
[I 2025-08-05 03:53:14,013] Trial 14 finished with value: 0.8967115576004785 and parameters: {'n_d': 39, 'n_a': 53, 'n_steps': 5, 'gamma': 1.2942744631471423, 'lambda_sparse': 0.000642304812935696, 'lr': 0.021468946775610186, 'weight_decay': 6.641571953821953e-06}. Best is trial 12 with value: 0.9156736965576424.
/work/dlclarge2/latifajr-dl_lab_project/autoML/automl-exam-ss25-tabular-freiburg-template/automl-tabular-env/lib/python3.10/site-packages/pytorch_tabnet/callbacks.py:172: UserWarning: Best weights from best epoch are automatically used!
  warnings.warn(wrn_msg)
[I 2025-08-05 03:53:48,531] Trial 15 finished with value: 0.9157429906431827 and parameters: {'n_d': 58, 'n_a': 54, 'n_steps': 4, 'gamma': 1.700578042983305, 'lambda_sparse': 0.009136421201706988, 'lr': 0.027016157271737527, 'weight_decay': 2.4295972950082967e-06}. Best is trial 15 with value: 0.9157429906431827.
/work/dlclarge2/latifajr-dl_lab_project/autoML/automl-exam-ss25-tabular-freiburg-template/automl-tabular-env/lib/python3.10/site-packages/pytorch_tabnet/callbacks.py:172: UserWarning: Best weights from best epoch are automatically used!
  warnings.warn(wrn_msg)
[I 2025-08-05 03:54:15,975] Trial 16 finished with value: 0.929966592734781 and parameters: {'n_d': 45, 'n_a': 41, 'n_steps': 3, 'gamma': 1.63620648304147, 'lambda_sparse': 0.00664932840418863, 'lr': 0.017481319986644196, 'weight_decay': 3.0725102175684937e-06}. Best is trial 16 with value: 0.929966592734781.
/work/dlclarge2/latifajr-dl_lab_project/autoML/automl-exam-ss25-tabular-freiburg-template/automl-tabular-env/lib/python3.10/site-packages/pytorch_tabnet/callbacks.py:172: UserWarning: Best weights from best epoch are automatically used!
  warnings.warn(wrn_msg)
[I 2025-08-05 03:54:45,915] Trial 17 finished with value: 0.9260975432894799 and parameters: {'n_d': 47, 'n_a': 40, 'n_steps': 3, 'gamma': 1.6570130259969278, 'lambda_sparse': 0.006631522431750598, 'lr': 0.01016900840276147, 'weight_decay': 1.100632532997131e-05}. Best is trial 16 with value: 0.929966592734781.
/work/dlclarge2/latifajr-dl_lab_project/autoML/automl-exam-ss25-tabular-freiburg-template/automl-tabular-env/lib/python3.10/site-packages/pytorch_tabnet/callbacks.py:172: UserWarning: Best weights from best epoch are automatically used!
  warnings.warn(wrn_msg)
[I 2025-08-05 03:55:13,472] Trial 18 finished with value: 0.9204432259735355 and parameters: {'n_d': 46, 'n_a': 41, 'n_steps': 3, 'gamma': 1.6183942847660142, 'lambda_sparse': 0.009001059158299978, 'lr': 0.005032146825854119, 'weight_decay': 1.2101611627529066e-05}. Best is trial 16 with value: 0.929966592734781.
/work/dlclarge2/latifajr-dl_lab_project/autoML/automl-exam-ss25-tabular-freiburg-template/automl-tabular-env/lib/python3.10/site-packages/pytorch_tabnet/callbacks.py:172: UserWarning: Best weights from best epoch are automatically used!
  warnings.warn(wrn_msg)
[I 2025-08-05 03:55:41,394] Trial 19 finished with value: 0.9137738864644748 and parameters: {'n_d': 32, 'n_a': 39, 'n_steps': 3, 'gamma': 1.6214617999097598, 'lambda_sparse': 0.005053418065365349, 'lr': 0.004874006271264528, 'weight_decay': 1.2322776327618379e-05}. Best is trial 16 with value: 0.929966592734781.
/work/dlclarge2/latifajr-dl_lab_project/autoML/automl-exam-ss25-tabular-freiburg-template/automl-tabular-env/lib/python3.10/site-packages/pytorch_tabnet/callbacks.py:172: UserWarning: Best weights from best epoch are automatically used!
  warnings.warn(wrn_msg)
[I 2025-08-05 03:56:32,404] A new study created in memory with name: no-name-629b7e2f-5d26-4c00-b07a-a3190a3305b6
/work/dlclarge2/latifajr-dl_lab_project/autoML/automl-exam-ss25-tabular-freiburg-template/automl-tabular-env/lib/python3.10/site-packages/pytorch_tabnet/callbacks.py:172: UserWarning: Best weights from best epoch are automatically used!
  warnings.warn(wrn_msg)
[I 2025-08-05 03:57:14,217] Trial 0 finished with value: 0.866855943651565 and parameters: {'n_d': 61, 'n_a': 52, 'n_steps': 5, 'gamma': 1.407314403550323, 'lambda_sparse': 0.0002969786790511771, 'lr': 0.0013442369936756055, 'weight_decay': 0.000752119907608055}. Best is trial 0 with value: 0.866855943651565.
/work/dlclarge2/latifajr-dl_lab_project/autoML/automl-exam-ss25-tabular-freiburg-template/automl-tabular-env/lib/python3.10/site-packages/pytorch_tabnet/callbacks.py:172: UserWarning: Best weights from best epoch are automatically used!
  warnings.warn(wrn_msg)
[I 2025-08-05 03:57:48,400] Trial 1 finished with value: 0.775756352187957 and parameters: {'n_d': 38, 'n_a': 14, 'n_steps': 4, 'gamma': 1.0140214812984336, 'lambda_sparse': 1.623547836407724e-05, 'lr': 0.0010944293339699622, 'weight_decay': 0.00027012052573258545}. Best is trial 0 with value: 0.866855943651565.
/work/dlclarge2/latifajr-dl_lab_project/autoML/automl-exam-ss25-tabular-freiburg-template/automl-tabular-env/lib/python3.10/site-packages/pytorch_tabnet/callbacks.py:172: UserWarning: Best weights from best epoch are automatically used!
  warnings.warn(wrn_msg)
[I 2025-08-05 03:58:53,751] Trial 2 finished with value: 0.7342842679345806 and parameters: {'n_d': 20, 'n_a': 58, 'n_steps': 9, 'gamma': 1.4265140354529973, 'lambda_sparse': 0.0002638185234932472, 'lr': 0.004100907343705678, 'weight_decay': 0.00027322557606339207}. Best is trial 0 with value: 0.866855943651565.
/work/dlclarge2/latifajr-dl_lab_project/autoML/automl-exam-ss25-tabular-freiburg-template/automl-tabular-env/lib/python3.10/site-packages/pytorch_tabnet/callbacks.py:172: UserWarning: Best weights from best epoch are automatically used!
  warnings.warn(wrn_msg)
[I 2025-08-05 03:59:43,947] Trial 3 finished with value: 0.9090825190821642 and parameters: {'n_d': 8, 'n_a': 16, 'n_steps': 5, 'gamma': 1.2191412027415998, 'lambda_sparse': 0.004626837002785708, 'lr': 0.05917262545052043, 'weight_decay': 2.9167782580345343e-06}. Best is trial 3 with value: 0.9090825190821642.
/work/dlclarge2/latifajr-dl_lab_project/autoML/automl-exam-ss25-tabular-freiburg-template/automl-tabular-env/lib/python3.10/site-packages/pytorch_tabnet/callbacks.py:172: UserWarning: Best weights from best epoch are automatically used!
  warnings.warn(wrn_msg)
[I 2025-08-05 04:00:34,712] Trial 4 finished with value: 0.8400994444614767 and parameters: {'n_d': 41, 'n_a': 27, 'n_steps': 7, 'gamma': 1.5536854400338869, 'lambda_sparse': 0.0010580286170149167, 'lr': 0.007129064560438694, 'weight_decay': 2.4600292679459134e-05}. Best is trial 3 with value: 0.9090825190821642.
/work/dlclarge2/latifajr-dl_lab_project/autoML/automl-exam-ss25-tabular-freiburg-template/automl-tabular-env/lib/python3.10/site-packages/pytorch_tabnet/callbacks.py:172: UserWarning: Best weights from best epoch are automatically used!
  warnings.warn(wrn_msg)
[I 2025-08-05 04:01:10,501] Trial 5 finished with value: 0.5404210510369657 and parameters: {'n_d': 31, 'n_a': 23, 'n_steps': 4, 'gamma': 1.2786895275589463, 'lambda_sparse': 0.0008924569078378238, 'lr': 0.0002587869200931658, 'weight_decay': 6.699185123152297e-05}. Best is trial 3 with value: 0.9090825190821642.
/work/dlclarge2/latifajr-dl_lab_project/autoML/automl-exam-ss25-tabular-freiburg-template/automl-tabular-env/lib/python3.10/site-packages/pytorch_tabnet/callbacks.py:172: UserWarning: Best weights from best epoch are automatically used!
  warnings.warn(wrn_msg)
[I 2025-08-05 04:02:00,871] Trial 6 finished with value: 0.8880626055354537 and parameters: {'n_d': 10, 'n_a': 13, 'n_steps': 7, 'gamma': 1.2514770397285075, 'lambda_sparse': 1.4573411084974645e-05, 'lr': 0.03590333474161036, 'weight_decay': 4.307278099715129e-05}. Best is trial 3 with value: 0.9090825190821642.
/work/dlclarge2/latifajr-dl_lab_project/autoML/automl-exam-ss25-tabular-freiburg-template/automl-tabular-env/lib/python3.10/site-packages/pytorch_tabnet/callbacks.py:172: UserWarning: Best weights from best epoch are automatically used!
  warnings.warn(wrn_msg)
[I 2025-08-05 04:02:58,270] Trial 7 finished with value: 0.5947547022860524 and parameters: {'n_d': 45, 'n_a': 54, 'n_steps': 8, 'gamma': 1.3343430242750984, 'lambda_sparse': 0.005447862144478243, 'lr': 0.0005526346458286352, 'weight_decay': 0.0005652109721129164}. Best is trial 3 with value: 0.9090825190821642.
/work/dlclarge2/latifajr-dl_lab_project/autoML/automl-exam-ss25-tabular-freiburg-template/automl-tabular-env/lib/python3.10/site-packages/pytorch_tabnet/callbacks.py:172: UserWarning: Best weights from best epoch are automatically used!
  warnings.warn(wrn_msg)
[I 2025-08-05 04:03:49,063] Trial 8 finished with value: 0.9152633919317227 and parameters: {'n_d': 15, 'n_a': 35, 'n_steps': 7, 'gamma': 1.0957464222832085, 'lambda_sparse': 0.004032567950788057, 'lr': 0.01707741696342524, 'weight_decay': 3.459753377162638e-05}. Best is trial 8 with value: 0.9152633919317227.
/work/dlclarge2/latifajr-dl_lab_project/autoML/automl-exam-ss25-tabular-freiburg-template/automl-tabular-env/lib/python3.10/site-packages/pytorch_tabnet/callbacks.py:172: UserWarning: Best weights from best epoch are automatically used!
  warnings.warn(wrn_msg)
[I 2025-08-05 04:04:53,779] Trial 9 finished with value: 0.6108417320418542 and parameters: {'n_d': 31, 'n_a': 30, 'n_steps': 8, 'gamma': 1.6636845267577849, 'lambda_sparse': 0.00014222248066071702, 'lr': 0.0010106893094558736, 'weight_decay': 0.00032585920312946004}. Best is trial 8 with value: 0.9152633919317227.
/work/dlclarge2/latifajr-dl_lab_project/autoML/automl-exam-ss25-tabular-freiburg-template/automl-tabular-env/lib/python3.10/site-packages/pytorch_tabnet/callbacks.py:172: UserWarning: Best weights from best epoch are automatically used!
  warnings.warn(wrn_msg)
[I 2025-08-05 04:06:02,167] Trial 10 finished with value: 0.6818041273801787 and parameters: {'n_d': 20, 'n_a': 42, 'n_steps': 10, 'gamma': 1.9791677335526132, 'lambda_sparse': 0.009136728782079514, 'lr': 0.014744258196767028, 'weight_decay': 5.534259759103377e-06}. Best is trial 8 with value: 0.9152633919317227.
/work/dlclarge2/latifajr-dl_lab_project/autoML/automl-exam-ss25-tabular-freiburg-template/automl-tabular-env/lib/python3.10/site-packages/pytorch_tabnet/callbacks.py:172: UserWarning: Best weights from best epoch are automatically used!
  warnings.warn(wrn_msg)
[I 2025-08-05 04:06:46,368] Trial 11 finished with value: 0.9245712596009495 and parameters: {'n_d': 8, 'n_a': 41, 'n_steps': 6, 'gamma': 1.0058705744799374, 'lambda_sparse': 0.002227575457622054, 'lr': 0.07000342112484849, 'weight_decay': 1.5366265190286278e-06}. Best is trial 11 with value: 0.9245712596009495.
/work/dlclarge2/latifajr-dl_lab_project/autoML/automl-exam-ss25-tabular-freiburg-template/automl-tabular-env/lib/python3.10/site-packages/pytorch_tabnet/callbacks.py:172: UserWarning: Best weights from best epoch are automatically used!
  warnings.warn(wrn_msg)
[I 2025-08-05 04:07:30,516] Trial 12 finished with value: 0.9146671297742701 and parameters: {'n_d': 18, 'n_a': 41, 'n_steps': 6, 'gamma': 1.005749557888348, 'lambda_sparse': 0.0015419341607818982, 'lr': 0.07973081916985697, 'weight_decay': 1.1214141480579655e-06}. Best is trial 11 with value: 0.9245712596009495.
/work/dlclarge2/latifajr-dl_lab_project/autoML/automl-exam-ss25-tabular-freiburg-template/automl-tabular-env/lib/python3.10/site-packages/pytorch_tabnet/callbacks.py:172: UserWarning: Best weights from best epoch are automatically used!
  warnings.warn(wrn_msg)
[I 2025-08-05 04:08:15,673] Trial 13 finished with value: 0.9208874731516334 and parameters: {'n_d': 14, 'n_a': 45, 'n_steps': 6, 'gamma': 1.1202016384630706, 'lambda_sparse': 0.0026482470782844374, 'lr': 0.019836965410486844, 'weight_decay': 1.1486644192432413e-05}. Best is trial 11 with value: 0.9245712596009495.
/work/dlclarge2/latifajr-dl_lab_project/autoML/automl-exam-ss25-tabular-freiburg-template/automl-tabular-env/lib/python3.10/site-packages/pytorch_tabnet/callbacks.py:172: UserWarning: Best weights from best epoch are automatically used!
  warnings.warn(wrn_msg)
[I 2025-08-05 04:08:42,150] Trial 14 finished with value: 0.9250998299541845 and parameters: {'n_d': 26, 'n_a': 46, 'n_steps': 3, 'gamma': 1.1467216806114184, 'lambda_sparse': 0.0018938592935810836, 'lr': 0.025238279858835512, 'weight_decay': 9.50335436998672e-06}. Best is trial 14 with value: 0.9250998299541845.
/work/dlclarge2/latifajr-dl_lab_project/autoML/automl-exam-ss25-tabular-freiburg-template/automl-tabular-env/lib/python3.10/site-packages/pytorch_tabnet/callbacks.py:172: UserWarning: Best weights from best epoch are automatically used!
  warnings.warn(wrn_msg)
[I 2025-08-05 04:09:12,638] Trial 15 finished with value: 0.9251621536279161 and parameters: {'n_d': 53, 'n_a': 49, 'n_steps': 3, 'gamma': 1.694657845767675, 'lambda_sparse': 9.231248445304062e-05, 'lr': 0.03515072523983818, 'weight_decay': 1.1059028448120513e-06}. Best is trial 15 with value: 0.9251621536279161.
/work/dlclarge2/latifajr-dl_lab_project/autoML/automl-exam-ss25-tabular-freiburg-template/automl-tabular-env/lib/python3.10/site-packages/pytorch_tabnet/callbacks.py:172: UserWarning: Best weights from best epoch are automatically used!
  warnings.warn(wrn_msg)
[I 2025-08-05 04:09:39,984] Trial 16 finished with value: 0.9153703045049115 and parameters: {'n_d': 56, 'n_a': 62, 'n_steps': 3, 'gamma': 1.7788330666062027, 'lambda_sparse': 5.949566507234073e-05, 'lr': 0.006880782499512995, 'weight_decay': 7.853878432189308e-06}. Best is trial 15 with value: 0.9251621536279161.
/work/dlclarge2/latifajr-dl_lab_project/autoML/automl-exam-ss25-tabular-freiburg-template/automl-tabular-env/lib/python3.10/site-packages/pytorch_tabnet/callbacks.py:172: UserWarning: Best weights from best epoch are automatically used!
  warnings.warn(wrn_msg)
[I 2025-08-05 04:10:07,703] Trial 17 finished with value: 0.9324292741718418 and parameters: {'n_d': 50, 'n_a': 50, 'n_steps': 3, 'gamma': 1.8311042318096578, 'lambda_sparse': 4.826923810101399e-05, 'lr': 0.030819117755768566, 'weight_decay': 2.1467095952028046e-06}. Best is trial 17 with value: 0.9324292741718418.
/work/dlclarge2/latifajr-dl_lab_project/autoML/automl-exam-ss25-tabular-freiburg-template/automl-tabular-env/lib/python3.10/site-packages/pytorch_tabnet/callbacks.py:172: UserWarning: Best weights from best epoch are automatically used!
  warnings.warn(wrn_msg)
[I 2025-08-05 04:10:42,818] Trial 18 finished with value: 0.4830992074716385 and parameters: {'n_d': 50, 'n_a': 52, 'n_steps': 4, 'gamma': 1.8458219721073486, 'lambda_sparse': 4.593500487501553e-05, 'lr': 0.00011285355645021815, 'weight_decay': 2.684523737888988e-06}. Best is trial 17 with value: 0.9324292741718418.
/work/dlclarge2/latifajr-dl_lab_project/autoML/automl-exam-ss25-tabular-freiburg-template/automl-tabular-env/lib/python3.10/site-packages/pytorch_tabnet/callbacks.py:172: UserWarning: Best weights from best epoch are automatically used!
  warnings.warn(wrn_msg)
[I 2025-08-05 04:11:10,690] Trial 19 finished with value: 0.9296024234739168 and parameters: {'n_d': 52, 'n_a': 34, 'n_steps': 3, 'gamma': 1.6245130420861595, 'lambda_sparse': 5.9127817782357306e-05, 'lr': 0.008823305139427936, 'weight_decay': 2.5863202455420017e-06}. Best is trial 17 with value: 0.9324292741718418.
/work/dlclarge2/latifajr-dl_lab_project/autoML/automl-exam-ss25-tabular-freiburg-template/automl-tabular-env/lib/python3.10/site-packages/pytorch_tabnet/callbacks.py:172: UserWarning: Best weights from best epoch are automatically used!
  warnings.warn(wrn_msg)
[I 2025-08-05 04:12:00,989] A new study created in memory with name: no-name-db53c7c0-b78a-464e-be58-e2f89fceeec7
/work/dlclarge2/latifajr-dl_lab_project/autoML/automl-exam-ss25-tabular-freiburg-template/automl-tabular-env/lib/python3.10/site-packages/pytorch_tabnet/callbacks.py:172: UserWarning: Best weights from best epoch are automatically used!
  warnings.warn(wrn_msg)
[I 2025-08-05 04:12:45,624] Trial 0 finished with value: 0.37804865029327483 and parameters: {'n_d': 33, 'n_a': 12, 'n_steps': 4, 'gamma': 1.9377018969160518, 'lambda_sparse': 0.001246723966270311, 'lr': 0.00012301151975903038, 'weight_decay': 5.749282788349458e-05}. Best is trial 0 with value: 0.37804865029327483.
/work/dlclarge2/latifajr-dl_lab_project/autoML/automl-exam-ss25-tabular-freiburg-template/automl-tabular-env/lib/python3.10/site-packages/pytorch_tabnet/callbacks.py:172: UserWarning: Best weights from best epoch are automatically used!
  warnings.warn(wrn_msg)
[I 2025-08-05 04:13:32,198] Trial 1 finished with value: 0.9156144083201193 and parameters: {'n_d': 64, 'n_a': 56, 'n_steps': 6, 'gamma': 1.000821583204724, 'lambda_sparse': 4.611367788363257e-05, 'lr': 0.05931930566486555, 'weight_decay': 1.1907918806219684e-05}. Best is trial 1 with value: 0.9156144083201193.
/work/dlclarge2/latifajr-dl_lab_project/autoML/automl-exam-ss25-tabular-freiburg-template/automl-tabular-env/lib/python3.10/site-packages/pytorch_tabnet/callbacks.py:172: UserWarning: Best weights from best epoch are automatically used!
  warnings.warn(wrn_msg)
[I 2025-08-05 04:13:56,438] Trial 2 finished with value: 0.895113928250031 and parameters: {'n_d': 23, 'n_a': 61, 'n_steps': 3, 'gamma': 1.7527770107517042, 'lambda_sparse': 0.0026446064446968578, 'lr': 0.029262088609919305, 'weight_decay': 1.4333346438433676e-05}. Best is trial 1 with value: 0.9156144083201193.
/work/dlclarge2/latifajr-dl_lab_project/autoML/automl-exam-ss25-tabular-freiburg-template/automl-tabular-env/lib/python3.10/site-packages/pytorch_tabnet/callbacks.py:172: UserWarning: Best weights from best epoch are automatically used!
  warnings.warn(wrn_msg)
[I 2025-08-05 04:14:24,361] Trial 3 finished with value: 0.908269274837455 and parameters: {'n_d': 55, 'n_a': 30, 'n_steps': 3, 'gamma': 1.760577095512511, 'lambda_sparse': 1.398005510395475e-05, 'lr': 0.00283481184263908, 'weight_decay': 0.000548017271607106}. Best is trial 1 with value: 0.9156144083201193.
/work/dlclarge2/latifajr-dl_lab_project/autoML/automl-exam-ss25-tabular-freiburg-template/automl-tabular-env/lib/python3.10/site-packages/pytorch_tabnet/callbacks.py:172: UserWarning: Best weights from best epoch are automatically used!
  warnings.warn(wrn_msg)
[I 2025-08-05 04:14:57,369] Trial 4 finished with value: 0.8858753361010228 and parameters: {'n_d': 26, 'n_a': 13, 'n_steps': 4, 'gamma': 1.4780864757892913, 'lambda_sparse': 7.050830017961445e-05, 'lr': 0.006371190268021496, 'weight_decay': 6.184552480270298e-05}. Best is trial 1 with value: 0.9156144083201193.
/work/dlclarge2/latifajr-dl_lab_project/autoML/automl-exam-ss25-tabular-freiburg-template/automl-tabular-env/lib/python3.10/site-packages/pytorch_tabnet/callbacks.py:172: UserWarning: Best weights from best epoch are automatically used!
  warnings.warn(wrn_msg)
