[I 2025-08-05 23:51:44,311] Trial 9 finished with value: 0.8535834891141809 and parameters: {'n_d': 27, 'n_a': 9, 'n_steps': 3, 'gamma': 1.2490350971999753, 'lambda_sparse': 4.441323078745368e-05, 'lr': 0.001612862991691301, 'weight_decay': 1.9196886255015543e-05}. Best is trial 1 with value: 0.9105136376956624.
/work/dlclarge2/latifajr-dl_lab_project/autoML/automl-exam-ss25-tabular-freiburg-template/automl-tabular-env/lib/python3.10/site-packages/pytorch_tabnet/callbacks.py:172: UserWarning: Best weights from best epoch are automatically used!
  warnings.warn(wrn_msg)
[I 2025-08-05 23:52:29,889] Trial 10 finished with value: 0.9002073871315301 and parameters: {'n_d': 38, 'n_a': 51, 'n_steps': 5, 'gamma': 1.0265352676223218, 'lambda_sparse': 0.0016874310996569063, 'lr': 0.0037376335689639478, 'weight_decay': 0.0001483942796915674}. Best is trial 1 with value: 0.9105136376956624.
/work/dlclarge2/latifajr-dl_lab_project/autoML/automl-exam-ss25-tabular-freiburg-template/automl-tabular-env/lib/python3.10/site-packages/pytorch_tabnet/callbacks.py:172: UserWarning: Best weights from best epoch are automatically used!
  warnings.warn(wrn_msg)
[I 2025-08-05 23:53:09,622] Trial 11 finished with value: 0.8874142670513867 and parameters: {'n_d': 49, 'n_a': 61, 'n_steps': 5, 'gamma': 1.5357607091081444, 'lambda_sparse': 1.2826185878543638e-05, 'lr': 0.016461094552732963, 'weight_decay': 1.045252006802786e-06}. Best is trial 1 with value: 0.9105136376956624.
/work/dlclarge2/latifajr-dl_lab_project/autoML/automl-exam-ss25-tabular-freiburg-template/automl-tabular-env/lib/python3.10/site-packages/pytorch_tabnet/callbacks.py:172: UserWarning: Best weights from best epoch are automatically used!
  warnings.warn(wrn_msg)
[I 2025-08-05 23:53:48,711] Trial 12 finished with value: 0.9121730257133064 and parameters: {'n_d': 60, 'n_a': 47, 'n_steps': 5, 'gamma': 1.4878174572712262, 'lambda_sparse': 2.8936317241192495e-05, 'lr': 0.025236963466439027, 'weight_decay': 6.48425468983185e-06}. Best is trial 12 with value: 0.9121730257133064.
/work/dlclarge2/latifajr-dl_lab_project/autoML/automl-exam-ss25-tabular-freiburg-template/automl-tabular-env/lib/python3.10/site-packages/pytorch_tabnet/callbacks.py:172: UserWarning: Best weights from best epoch are automatically used!
  warnings.warn(wrn_msg)
[I 2025-08-05 23:54:34,261] Trial 13 finished with value: 0.8796350196534917 and parameters: {'n_d': 63, 'n_a': 48, 'n_steps': 6, 'gamma': 1.4761097627645658, 'lambda_sparse': 0.00018131116817123648, 'lr': 0.09546660139841871, 'weight_decay': 9.902557731019217e-06}. Best is trial 12 with value: 0.9121730257133064.
/work/dlclarge2/latifajr-dl_lab_project/autoML/automl-exam-ss25-tabular-freiburg-template/automl-tabular-env/lib/python3.10/site-packages/pytorch_tabnet/callbacks.py:172: UserWarning: Best weights from best epoch are automatically used!
  warnings.warn(wrn_msg)
[I 2025-08-05 23:55:10,137] Trial 14 finished with value: 0.8996443889993757 and parameters: {'n_d': 44, 'n_a': 46, 'n_steps': 6, 'gamma': 1.0524745739898531, 'lambda_sparse': 1.0336070470598609e-05, 'lr': 0.008703415434508243, 'weight_decay': 0.00012382254762019067}. Best is trial 12 with value: 0.9121730257133064.
/work/dlclarge2/latifajr-dl_lab_project/autoML/automl-exam-ss25-tabular-freiburg-template/automl-tabular-env/lib/python3.10/site-packages/pytorch_tabnet/callbacks.py:172: UserWarning: Best weights from best epoch are automatically used!
  warnings.warn(wrn_msg)
[I 2025-08-05 23:55:52,117] Trial 15 finished with value: 0.9165639870726857 and parameters: {'n_d': 31, 'n_a': 41, 'n_steps': 5, 'gamma': 1.3068332558167142, 'lambda_sparse': 7.034512568990962e-05, 'lr': 0.04155269554373681, 'weight_decay': 6.93023230827394e-06}. Best is trial 15 with value: 0.9165639870726857.
/work/dlclarge2/latifajr-dl_lab_project/autoML/automl-exam-ss25-tabular-freiburg-template/automl-tabular-env/lib/python3.10/site-packages/pytorch_tabnet/callbacks.py:172: UserWarning: Best weights from best epoch are automatically used!
  warnings.warn(wrn_msg)
[I 2025-08-05 23:56:23,512] Trial 16 finished with value: 0.8869317620305537 and parameters: {'n_d': 31, 'n_a': 41, 'n_steps': 5, 'gamma': 1.3413887214193638, 'lambda_sparse': 0.0007127925657221427, 'lr': 0.037857008632670275, 'weight_decay': 4.809748903438853e-06}. Best is trial 15 with value: 0.9165639870726857.
/work/dlclarge2/latifajr-dl_lab_project/autoML/automl-exam-ss25-tabular-freiburg-template/automl-tabular-env/lib/python3.10/site-packages/pytorch_tabnet/callbacks.py:172: UserWarning: Best weights from best epoch are automatically used!
  warnings.warn(wrn_msg)
[I 2025-08-05 23:57:03,116] Trial 17 finished with value: 0.8880152186592987 and parameters: {'n_d': 26, 'n_a': 55, 'n_steps': 4, 'gamma': 1.577143348921141, 'lambda_sparse': 4.048725803851081e-05, 'lr': 0.003367732641588715, 'weight_decay': 1.1832779301522903e-06}. Best is trial 15 with value: 0.9165639870726857.
/work/dlclarge2/latifajr-dl_lab_project/autoML/automl-exam-ss25-tabular-freiburg-template/automl-tabular-env/lib/python3.10/site-packages/pytorch_tabnet/callbacks.py:172: UserWarning: Best weights from best epoch are automatically used!
  warnings.warn(wrn_msg)
[I 2025-08-05 23:58:09,881] Trial 18 finished with value: 0.805839459629613 and parameters: {'n_d': 36, 'n_a': 42, 'n_steps': 9, 'gamma': 1.4047718379804561, 'lambda_sparse': 2.0166532741711612e-05, 'lr': 0.0098118906841502, 'weight_decay': 1.5035836072246907e-05}. Best is trial 15 with value: 0.9165639870726857.
/work/dlclarge2/latifajr-dl_lab_project/autoML/automl-exam-ss25-tabular-freiburg-template/automl-tabular-env/lib/python3.10/site-packages/pytorch_tabnet/callbacks.py:172: UserWarning: Best weights from best epoch are automatically used!
  warnings.warn(wrn_msg)
[I 2025-08-05 23:58:51,398] Trial 19 finished with value: 0.9128576538692502 and parameters: {'n_d': 22, 'n_a': 30, 'n_steps': 5, 'gamma': 1.266812483866969, 'lambda_sparse': 4.811327761248867e-05, 'lr': 0.03245544959265182, 'weight_decay': 5.450102278908659e-06}. Best is trial 15 with value: 0.9165639870726857.
/work/dlclarge2/latifajr-dl_lab_project/autoML/automl-exam-ss25-tabular-freiburg-template/automl-tabular-env/lib/python3.10/site-packages/pytorch_tabnet/callbacks.py:172: UserWarning: Best weights from best epoch are automatically used!
  warnings.warn(wrn_msg)
[I 2025-08-05 23:59:46,632] A new study created in memory with name: no-name-92989924-89a5-4593-8dd0-dbee64f930fa
/work/dlclarge2/latifajr-dl_lab_project/autoML/automl-exam-ss25-tabular-freiburg-template/automl-tabular-env/lib/python3.10/site-packages/pytorch_tabnet/callbacks.py:172: UserWarning: Best weights from best epoch are automatically used!
  warnings.warn(wrn_msg)
[I 2025-08-06 00:00:25,430] Trial 0 finished with value: 0.9180559252723102 and parameters: {'n_d': 58, 'n_a': 58, 'n_steps': 3, 'gamma': 1.8201025869679919, 'lambda_sparse': 0.0003533208067479377, 'lr': 0.021407078544200236, 'weight_decay': 1.7339054326591126e-05}. Best is trial 0 with value: 0.9180559252723102.
/work/dlclarge2/latifajr-dl_lab_project/autoML/automl-exam-ss25-tabular-freiburg-template/automl-tabular-env/lib/python3.10/site-packages/pytorch_tabnet/callbacks.py:172: UserWarning: Best weights from best epoch are automatically used!
  warnings.warn(wrn_msg)
[I 2025-08-06 00:01:12,120] Trial 1 finished with value: 0.8949277348098733 and parameters: {'n_d': 34, 'n_a': 44, 'n_steps': 5, 'gamma': 1.6817732424238772, 'lambda_sparse': 7.477321700306009e-05, 'lr': 0.04464995996349754, 'weight_decay': 0.00034249990118738195}. Best is trial 0 with value: 0.9180559252723102.
/work/dlclarge2/latifajr-dl_lab_project/autoML/automl-exam-ss25-tabular-freiburg-template/automl-tabular-env/lib/python3.10/site-packages/pytorch_tabnet/callbacks.py:172: UserWarning: Best weights from best epoch are automatically used!
  warnings.warn(wrn_msg)
[I 2025-08-06 00:01:52,549] Trial 2 finished with value: 0.759693903340979 and parameters: {'n_d': 57, 'n_a': 49, 'n_steps': 4, 'gamma': 1.1155764571679687, 'lambda_sparse': 0.0006375114058852255, 'lr': 0.00035478843521589515, 'weight_decay': 3.029520754087383e-06}. Best is trial 0 with value: 0.9180559252723102.
/work/dlclarge2/latifajr-dl_lab_project/autoML/automl-exam-ss25-tabular-freiburg-template/automl-tabular-env/lib/python3.10/site-packages/pytorch_tabnet/callbacks.py:172: UserWarning: Best weights from best epoch are automatically used!
  warnings.warn(wrn_msg)
[I 2025-08-06 00:03:06,388] Trial 3 finished with value: 0.4027285147651015 and parameters: {'n_d': 18, 'n_a': 22, 'n_steps': 9, 'gamma': 1.2032734815197732, 'lambda_sparse': 0.0005955709865692383, 'lr': 0.00044484504265000904, 'weight_decay': 0.00032469586000211516}. Best is trial 0 with value: 0.9180559252723102.
/work/dlclarge2/latifajr-dl_lab_project/autoML/automl-exam-ss25-tabular-freiburg-template/automl-tabular-env/lib/python3.10/site-packages/pytorch_tabnet/callbacks.py:172: UserWarning: Best weights from best epoch are automatically used!
  warnings.warn(wrn_msg)
[I 2025-08-06 00:03:38,752] Trial 4 finished with value: 0.8774507391086758 and parameters: {'n_d': 62, 'n_a': 11, 'n_steps': 3, 'gamma': 1.2426772193428086, 'lambda_sparse': 2.9476236022127593e-05, 'lr': 0.04782781486148152, 'weight_decay': 0.00036429506917285315}. Best is trial 0 with value: 0.9180559252723102.
/work/dlclarge2/latifajr-dl_lab_project/autoML/automl-exam-ss25-tabular-freiburg-template/automl-tabular-env/lib/python3.10/site-packages/pytorch_tabnet/callbacks.py:172: UserWarning: Best weights from best epoch are automatically used!
  warnings.warn(wrn_msg)
[I 2025-08-06 00:04:47,315] Trial 5 finished with value: 0.8640477545449202 and parameters: {'n_d': 31, 'n_a': 12, 'n_steps': 9, 'gamma': 1.9721245715583424, 'lambda_sparse': 0.0020561308347942695, 'lr': 0.06297115864244934, 'weight_decay': 1.901885453573145e-05}. Best is trial 0 with value: 0.9180559252723102.
/work/dlclarge2/latifajr-dl_lab_project/autoML/automl-exam-ss25-tabular-freiburg-template/automl-tabular-env/lib/python3.10/site-packages/pytorch_tabnet/callbacks.py:172: UserWarning: Best weights from best epoch are automatically used!
  warnings.warn(wrn_msg)
[I 2025-08-06 00:05:46,254] Trial 6 finished with value: 0.8755783795337205 and parameters: {'n_d': 45, 'n_a': 17, 'n_steps': 8, 'gamma': 1.4089415615718155, 'lambda_sparse': 6.27975432208598e-05, 'lr': 0.025444082002699507, 'weight_decay': 0.0006078396496458709}. Best is trial 0 with value: 0.9180559252723102.
/work/dlclarge2/latifajr-dl_lab_project/autoML/automl-exam-ss25-tabular-freiburg-template/automl-tabular-env/lib/python3.10/site-packages/pytorch_tabnet/callbacks.py:172: UserWarning: Best weights from best epoch are automatically used!
  warnings.warn(wrn_msg)
[I 2025-08-06 00:06:26,487] Trial 7 finished with value: 0.6979810279417198 and parameters: {'n_d': 52, 'n_a': 14, 'n_steps': 4, 'gamma': 1.8986057385943251, 'lambda_sparse': 0.0037521062044742442, 'lr': 0.0008213096636060999, 'weight_decay': 0.00024412969630207068}. Best is trial 0 with value: 0.9180559252723102.
/work/dlclarge2/latifajr-dl_lab_project/autoML/automl-exam-ss25-tabular-freiburg-template/automl-tabular-env/lib/python3.10/site-packages/pytorch_tabnet/callbacks.py:172: UserWarning: Best weights from best epoch are automatically used!
  warnings.warn(wrn_msg)
[I 2025-08-06 00:07:30,696] Trial 8 finished with value: 0.5333334734281516 and parameters: {'n_d': 52, 'n_a': 31, 'n_steps': 10, 'gamma': 1.9610866806118308, 'lambda_sparse': 0.00010824579328904004, 'lr': 0.0020539189646139326, 'weight_decay': 1.008252241986939e-05}. Best is trial 0 with value: 0.9180559252723102.
/work/dlclarge2/latifajr-dl_lab_project/autoML/automl-exam-ss25-tabular-freiburg-template/automl-tabular-env/lib/python3.10/site-packages/pytorch_tabnet/callbacks.py:172: UserWarning: Best weights from best epoch are automatically used!
  warnings.warn(wrn_msg)
[I 2025-08-06 00:07:57,406] Trial 9 finished with value: 0.9130025264526646 and parameters: {'n_d': 46, 'n_a': 42, 'n_steps': 3, 'gamma': 1.3331430240068782, 'lambda_sparse': 0.0013214998360321713, 'lr': 0.01048483652100379, 'weight_decay': 0.00012827079185179926}. Best is trial 0 with value: 0.9180559252723102.
/work/dlclarge2/latifajr-dl_lab_project/autoML/automl-exam-ss25-tabular-freiburg-template/automl-tabular-env/lib/python3.10/site-packages/pytorch_tabnet/callbacks.py:172: UserWarning: Best weights from best epoch are automatically used!
  warnings.warn(wrn_msg)
[I 2025-08-06 00:08:41,534] Trial 10 finished with value: 0.8672314665996073 and parameters: {'n_d': 15, 'n_a': 62, 'n_steps': 6, 'gamma': 1.6413926093469604, 'lambda_sparse': 1.2239770369470529e-05, 'lr': 0.006172380911703331, 'weight_decay': 5.68521416526702e-05}. Best is trial 0 with value: 0.9180559252723102.
/work/dlclarge2/latifajr-dl_lab_project/autoML/automl-exam-ss25-tabular-freiburg-template/automl-tabular-env/lib/python3.10/site-packages/pytorch_tabnet/callbacks.py:172: UserWarning: Best weights from best epoch are automatically used!
  warnings.warn(wrn_msg)
[I 2025-08-06 00:09:09,311] Trial 11 finished with value: 0.9244202737618721 and parameters: {'n_d': 42, 'n_a': 62, 'n_steps': 3, 'gamma': 1.4867878343631236, 'lambda_sparse': 0.00903838149970879, 'lr': 0.00954879076038467, 'weight_decay': 6.366591409627382e-05}. Best is trial 11 with value: 0.9244202737618721.
/work/dlclarge2/latifajr-dl_lab_project/autoML/automl-exam-ss25-tabular-freiburg-template/automl-tabular-env/lib/python3.10/site-packages/pytorch_tabnet/callbacks.py:172: UserWarning: Best weights from best epoch are automatically used!
  warnings.warn(wrn_msg)
[I 2025-08-06 00:09:53,066] Trial 12 finished with value: 0.8423810700520875 and parameters: {'n_d': 25, 'n_a': 62, 'n_steps': 6, 'gamma': 1.5811155561776267, 'lambda_sparse': 0.007787429796462475, 'lr': 0.009183761329184154, 'weight_decay': 6.272928015038822e-06}. Best is trial 11 with value: 0.9244202737618721.
/work/dlclarge2/latifajr-dl_lab_project/autoML/automl-exam-ss25-tabular-freiburg-template/automl-tabular-env/lib/python3.10/site-packages/pytorch_tabnet/callbacks.py:172: UserWarning: Best weights from best epoch are automatically used!
  warnings.warn(wrn_msg)
[I 2025-08-06 00:10:26,980] Trial 13 finished with value: 0.8563701836724124 and parameters: {'n_d': 41, 'n_a': 54, 'n_steps': 4, 'gamma': 1.7985906972006085, 'lambda_sparse': 0.00019913116981093453, 'lr': 0.0024733316772651884, 'weight_decay': 3.487724144515841e-05}. Best is trial 11 with value: 0.9244202737618721.
/work/dlclarge2/latifajr-dl_lab_project/autoML/automl-exam-ss25-tabular-freiburg-template/automl-tabular-env/lib/python3.10/site-packages/pytorch_tabnet/callbacks.py:172: UserWarning: Best weights from best epoch are automatically used!
  warnings.warn(wrn_msg)
[I 2025-08-06 00:10:55,227] Trial 14 finished with value: 0.9311610247226305 and parameters: {'n_d': 62, 'n_a': 56, 'n_steps': 3, 'gamma': 1.4896174393211423, 'lambda_sparse': 0.009975157737979861, 'lr': 0.01558218424477653, 'weight_decay': 1.1800729225014267e-06}. Best is trial 14 with value: 0.9311610247226305.
/work/dlclarge2/latifajr-dl_lab_project/autoML/automl-exam-ss25-tabular-freiburg-template/automl-tabular-env/lib/python3.10/site-packages/pytorch_tabnet/callbacks.py:172: UserWarning: Best weights from best epoch are automatically used!
  warnings.warn(wrn_msg)
[I 2025-08-06 00:11:46,347] Trial 15 finished with value: 0.7761397817267166 and parameters: {'n_d': 39, 'n_a': 34, 'n_steps': 7, 'gamma': 1.4802923067763791, 'lambda_sparse': 0.009462463507420577, 'lr': 0.00443959354641815, 'weight_decay': 1.5088373401413304e-06}. Best is trial 14 with value: 0.9311610247226305.
/work/dlclarge2/latifajr-dl_lab_project/autoML/automl-exam-ss25-tabular-freiburg-template/automl-tabular-env/lib/python3.10/site-packages/pytorch_tabnet/callbacks.py:172: UserWarning: Best weights from best epoch are automatically used!
  warnings.warn(wrn_msg)
[I 2025-08-06 00:12:13,118] Trial 16 finished with value: 0.8282468096358031 and parameters: {'n_d': 26, 'n_a': 54, 'n_steps': 5, 'gamma': 1.5180222770764271, 'lambda_sparse': 0.003628273360656855, 'lr': 0.09841401752710528, 'weight_decay': 7.844916977480072e-05}. Best is trial 14 with value: 0.9311610247226305.
/work/dlclarge2/latifajr-dl_lab_project/autoML/automl-exam-ss25-tabular-freiburg-template/automl-tabular-env/lib/python3.10/site-packages/pytorch_tabnet/callbacks.py:172: UserWarning: Best weights from best epoch are automatically used!
  warnings.warn(wrn_msg)
[I 2025-08-06 00:12:53,516] Trial 17 finished with value: 0.502101572788096 and parameters: {'n_d': 9, 'n_a': 48, 'n_steps': 5, 'gamma': 1.034631745812572, 'lambda_sparse': 0.0043720497696267185, 'lr': 0.00013300165675473103, 'weight_decay': 1.2373101154370588e-06}. Best is trial 14 with value: 0.9311610247226305.
/work/dlclarge2/latifajr-dl_lab_project/autoML/automl-exam-ss25-tabular-freiburg-template/automl-tabular-env/lib/python3.10/site-packages/pytorch_tabnet/callbacks.py:172: UserWarning: Best weights from best epoch are automatically used!
  warnings.warn(wrn_msg)
[I 2025-08-06 00:13:23,672] Trial 18 finished with value: 0.9282052051323527 and parameters: {'n_d': 64, 'n_a': 40, 'n_steps': 3, 'gamma': 1.3594188990942948, 'lambda_sparse': 0.0014508696004870037, 'lr': 0.021367067267983802, 'weight_decay': 3.334114050213319e-06}. Best is trial 14 with value: 0.9311610247226305.
/work/dlclarge2/latifajr-dl_lab_project/autoML/automl-exam-ss25-tabular-freiburg-template/automl-tabular-env/lib/python3.10/site-packages/pytorch_tabnet/callbacks.py:172: UserWarning: Best weights from best epoch are automatically used!
  warnings.warn(wrn_msg)
[I 2025-08-06 00:14:23,404] Trial 19 finished with value: 0.877662887845831 and parameters: {'n_d': 63, 'n_a': 25, 'n_steps': 7, 'gamma': 1.3398624893170883, 'lambda_sparse': 0.0011521725822114257, 'lr': 0.021656730111124668, 'weight_decay': 3.277553131870535e-06}. Best is trial 14 with value: 0.9311610247226305.
/work/dlclarge2/latifajr-dl_lab_project/autoML/automl-exam-ss25-tabular-freiburg-template/automl-tabular-env/lib/python3.10/site-packages/pytorch_tabnet/callbacks.py:172: UserWarning: Best weights from best epoch are automatically used!
  warnings.warn(wrn_msg)
[I 2025-08-06 00:15:21,495] A new study created in memory with name: no-name-de3570cf-8ec6-4379-a969-4cff7a74ed6a
/work/dlclarge2/latifajr-dl_lab_project/autoML/automl-exam-ss25-tabular-freiburg-template/automl-tabular-env/lib/python3.10/site-packages/pytorch_tabnet/callbacks.py:172: UserWarning: Best weights from best epoch are automatically used!
  warnings.warn(wrn_msg)
[I 2025-08-06 00:15:55,339] Trial 0 finished with value: 0.9019646011507173 and parameters: {'n_d': 40, 'n_a': 37, 'n_steps': 4, 'gamma': 1.2459211977109974, 'lambda_sparse': 0.00030033320627015586, 'lr': 0.0600571827729622, 'weight_decay': 7.216566633941023e-06}. Best is trial 0 with value: 0.9019646011507173.
/work/dlclarge2/latifajr-dl_lab_project/autoML/automl-exam-ss25-tabular-freiburg-template/automl-tabular-env/lib/python3.10/site-packages/pytorch_tabnet/callbacks.py:172: UserWarning: Best weights from best epoch are automatically used!
  warnings.warn(wrn_msg)
[I 2025-08-06 00:16:36,351] Trial 1 finished with value: 0.8683549323839423 and parameters: {'n_d': 48, 'n_a': 10, 'n_steps': 6, 'gamma': 1.872765157670199, 'lambda_sparse': 0.0063250789055466754, 'lr': 0.01973491670548062, 'weight_decay': 0.000941086744954072}. Best is trial 0 with value: 0.9019646011507173.
/work/dlclarge2/latifajr-dl_lab_project/autoML/automl-exam-ss25-tabular-freiburg-template/automl-tabular-env/lib/python3.10/site-packages/pytorch_tabnet/callbacks.py:172: UserWarning: Best weights from best epoch are automatically used!
  warnings.warn(wrn_msg)
[I 2025-08-06 00:17:10,415] Trial 2 finished with value: 0.8659482818223605 and parameters: {'n_d': 46, 'n_a': 46, 'n_steps': 4, 'gamma': 1.8551499392160966, 'lambda_sparse': 9.573510447862027e-05, 'lr': 0.0016581919533536404, 'weight_decay': 1.796305679994121e-06}. Best is trial 0 with value: 0.9019646011507173.
/work/dlclarge2/latifajr-dl_lab_project/autoML/automl-exam-ss25-tabular-freiburg-template/automl-tabular-env/lib/python3.10/site-packages/pytorch_tabnet/callbacks.py:172: UserWarning: Best weights from best epoch are automatically used!
  warnings.warn(wrn_msg)
[I 2025-08-06 00:17:38,540] Trial 3 finished with value: 0.9005839263701286 and parameters: {'n_d': 15, 'n_a': 64, 'n_steps': 3, 'gamma': 1.9300900564990253, 'lambda_sparse': 0.00010532093479533982, 'lr': 0.014018606540974426, 'weight_decay': 0.0009421894434852489}. Best is trial 0 with value: 0.9019646011507173.
/work/dlclarge2/latifajr-dl_lab_project/autoML/automl-exam-ss25-tabular-freiburg-template/automl-tabular-env/lib/python3.10/site-packages/pytorch_tabnet/callbacks.py:172: UserWarning: Best weights from best epoch are automatically used!
  warnings.warn(wrn_msg)
[I 2025-08-06 00:18:30,071] Trial 4 finished with value: 0.7984929972207317 and parameters: {'n_d': 17, 'n_a': 24, 'n_steps': 7, 'gamma': 1.4327925782914748, 'lambda_sparse': 0.0038635641323959357, 'lr': 0.0029803855415197495, 'weight_decay': 0.00010561059162871648}. Best is trial 0 with value: 0.9019646011507173.
/work/dlclarge2/latifajr-dl_lab_project/autoML/automl-exam-ss25-tabular-freiburg-template/automl-tabular-env/lib/python3.10/site-packages/pytorch_tabnet/callbacks.py:172: UserWarning: Best weights from best epoch are automatically used!
  warnings.warn(wrn_msg)
