[I 2025-08-06 14:01:41,172] Trial 19 finished with value: 0.9196088348471831 and parameters: {'n_d': 8, 'n_a': 53, 'n_steps': 8, 'gamma': 1.5559842598937552, 'lambda_sparse': 3.6561128154125154e-05, 'lr': 0.0035009259296184076, 'weight_decay': 7.717283890315715e-05}. Best is trial 15 with value: 0.9591154794468598.
/work/dlclarge2/latifajr-dl_lab_project/autoML/automl-exam-ss25-tabular-freiburg-template/automl-tabular-env/lib/python3.10/site-packages/pytorch_tabnet/callbacks.py:172: UserWarning: Best weights from best epoch are automatically used!
  warnings.warn(wrn_msg)
[I 2025-08-06 14:02:13,369] A new study created in memory with name: no-name-5c967402-83e1-486e-9a7f-1df832dfb8eb
/work/dlclarge2/latifajr-dl_lab_project/autoML/automl-exam-ss25-tabular-freiburg-template/automl-tabular-env/lib/python3.10/site-packages/pytorch_tabnet/callbacks.py:172: UserWarning: Best weights from best epoch are automatically used!
  warnings.warn(wrn_msg)
[I 2025-08-06 14:02:47,298] Trial 0 finished with value: 0.8059479525505868 and parameters: {'n_d': 25, 'n_a': 51, 'n_steps': 8, 'gamma': 1.6879149095864594, 'lambda_sparse': 1.6778235808619804e-05, 'lr': 0.0009146952867939663, 'weight_decay': 2.8311403496251646e-06}. Best is trial 0 with value: 0.8059479525505868.
/work/dlclarge2/latifajr-dl_lab_project/autoML/automl-exam-ss25-tabular-freiburg-template/automl-tabular-env/lib/python3.10/site-packages/pytorch_tabnet/callbacks.py:172: UserWarning: Best weights from best epoch are automatically used!
  warnings.warn(wrn_msg)
[I 2025-08-06 14:03:20,064] Trial 1 finished with value: 0.8836710282404634 and parameters: {'n_d': 10, 'n_a': 24, 'n_steps': 8, 'gamma': 1.014704770905031, 'lambda_sparse': 2.0808364953296328e-05, 'lr': 0.004619527937805055, 'weight_decay': 0.0001197389737788498}. Best is trial 1 with value: 0.8836710282404634.
/work/dlclarge2/latifajr-dl_lab_project/autoML/automl-exam-ss25-tabular-freiburg-template/automl-tabular-env/lib/python3.10/site-packages/pytorch_tabnet/callbacks.py:172: UserWarning: Best weights from best epoch are automatically used!
  warnings.warn(wrn_msg)
[I 2025-08-06 14:03:34,404] Trial 2 finished with value: 0.9069247828369679 and parameters: {'n_d': 14, 'n_a': 62, 'n_steps': 4, 'gamma': 1.7222502775721404, 'lambda_sparse': 1.539827274359527e-05, 'lr': 0.050242010754266216, 'weight_decay': 0.0008720142306141293}. Best is trial 2 with value: 0.9069247828369679.
/work/dlclarge2/latifajr-dl_lab_project/autoML/automl-exam-ss25-tabular-freiburg-template/automl-tabular-env/lib/python3.10/site-packages/pytorch_tabnet/callbacks.py:172: UserWarning: Best weights from best epoch are automatically used!
  warnings.warn(wrn_msg)
[I 2025-08-06 14:04:13,782] Trial 3 finished with value: 0.9334967251503767 and parameters: {'n_d': 48, 'n_a': 15, 'n_steps': 9, 'gamma': 1.0257541867129136, 'lambda_sparse': 0.0001553621865060092, 'lr': 0.052060273854641015, 'weight_decay': 0.00027722564179984073}. Best is trial 3 with value: 0.9334967251503767.
/work/dlclarge2/latifajr-dl_lab_project/autoML/automl-exam-ss25-tabular-freiburg-template/automl-tabular-env/lib/python3.10/site-packages/pytorch_tabnet/callbacks.py:172: UserWarning: Best weights from best epoch are automatically used!
  warnings.warn(wrn_msg)
[I 2025-08-06 14:04:52,079] Trial 4 finished with value: 0.9357462535409318 and parameters: {'n_d': 32, 'n_a': 15, 'n_steps': 8, 'gamma': 1.4020177140227672, 'lambda_sparse': 0.000938252732581042, 'lr': 0.09936942845623088, 'weight_decay': 4.798613147837953e-06}. Best is trial 4 with value: 0.9357462535409318.
/work/dlclarge2/latifajr-dl_lab_project/autoML/automl-exam-ss25-tabular-freiburg-template/automl-tabular-env/lib/python3.10/site-packages/pytorch_tabnet/callbacks.py:172: UserWarning: Best weights from best epoch are automatically used!
  warnings.warn(wrn_msg)
[I 2025-08-06 14:05:19,270] Trial 5 finished with value: 0.897383466957275 and parameters: {'n_d': 41, 'n_a': 64, 'n_steps': 5, 'gamma': 1.7636852951349233, 'lambda_sparse': 0.0009681840763757226, 'lr': 0.0010414217909874982, 'weight_decay': 6.943528424781007e-06}. Best is trial 4 with value: 0.9357462535409318.
/work/dlclarge2/latifajr-dl_lab_project/autoML/automl-exam-ss25-tabular-freiburg-template/automl-tabular-env/lib/python3.10/site-packages/pytorch_tabnet/callbacks.py:172: UserWarning: Best weights from best epoch are automatically used!
  warnings.warn(wrn_msg)
[I 2025-08-06 14:05:47,225] Trial 6 finished with value: 0.8129588249623878 and parameters: {'n_d': 17, 'n_a': 30, 'n_steps': 4, 'gamma': 1.248700270400631, 'lambda_sparse': 0.0013268029073752663, 'lr': 0.00038739890490610996, 'weight_decay': 1.4661353771522079e-05}. Best is trial 4 with value: 0.9357462535409318.
/work/dlclarge2/latifajr-dl_lab_project/autoML/automl-exam-ss25-tabular-freiburg-template/automl-tabular-env/lib/python3.10/site-packages/pytorch_tabnet/callbacks.py:172: UserWarning: Best weights from best epoch are automatically used!
  warnings.warn(wrn_msg)
[I 2025-08-06 14:06:30,166] Trial 7 finished with value: 0.9191566402120024 and parameters: {'n_d': 63, 'n_a': 53, 'n_steps': 10, 'gamma': 1.673761854893742, 'lambda_sparse': 0.00016258727177190157, 'lr': 0.020927525318998805, 'weight_decay': 3.3897143912329974e-05}. Best is trial 4 with value: 0.9357462535409318.
/work/dlclarge2/latifajr-dl_lab_project/autoML/automl-exam-ss25-tabular-freiburg-template/automl-tabular-env/lib/python3.10/site-packages/pytorch_tabnet/callbacks.py:172: UserWarning: Best weights from best epoch are automatically used!
  warnings.warn(wrn_msg)
[I 2025-08-06 14:06:57,146] Trial 8 finished with value: 0.8953681428604886 and parameters: {'n_d': 18, 'n_a': 29, 'n_steps': 5, 'gamma': 1.923556500216005, 'lambda_sparse': 0.0059979780853374335, 'lr': 0.01850438394133027, 'weight_decay': 1.2490071400200074e-05}. Best is trial 4 with value: 0.9357462535409318.
/work/dlclarge2/latifajr-dl_lab_project/autoML/automl-exam-ss25-tabular-freiburg-template/automl-tabular-env/lib/python3.10/site-packages/pytorch_tabnet/callbacks.py:172: UserWarning: Best weights from best epoch are automatically used!
  warnings.warn(wrn_msg)
[I 2025-08-06 14:07:20,688] Trial 9 finished with value: 0.9254198058684208 and parameters: {'n_d': 53, 'n_a': 41, 'n_steps': 5, 'gamma': 1.3353703469469131, 'lambda_sparse': 0.00015496487802151184, 'lr': 0.010361306544574693, 'weight_decay': 4.747172915693038e-06}. Best is trial 4 with value: 0.9357462535409318.
/work/dlclarge2/latifajr-dl_lab_project/autoML/automl-exam-ss25-tabular-freiburg-template/automl-tabular-env/lib/python3.10/site-packages/pytorch_tabnet/callbacks.py:172: UserWarning: Best weights from best epoch are automatically used!
  warnings.warn(wrn_msg)
[I 2025-08-06 14:07:50,220] Trial 10 finished with value: 0.9359354850499508 and parameters: {'n_d': 29, 'n_a': 8, 'n_steps': 7, 'gamma': 1.4572132542118705, 'lambda_sparse': 0.006276303389312379, 'lr': 0.08709241326115083, 'weight_decay': 1.985114258571638e-06}. Best is trial 10 with value: 0.9359354850499508.
/work/dlclarge2/latifajr-dl_lab_project/autoML/automl-exam-ss25-tabular-freiburg-template/automl-tabular-env/lib/python3.10/site-packages/pytorch_tabnet/callbacks.py:172: UserWarning: Best weights from best epoch are automatically used!
  warnings.warn(wrn_msg)
[I 2025-08-06 14:08:22,700] Trial 11 finished with value: 0.9053016007178537 and parameters: {'n_d': 29, 'n_a': 8, 'n_steps': 7, 'gamma': 1.4507487537860804, 'lambda_sparse': 0.009272464236027116, 'lr': 0.07686950509072603, 'weight_decay': 1.3608121361585401e-06}. Best is trial 10 with value: 0.9359354850499508.
/work/dlclarge2/latifajr-dl_lab_project/autoML/automl-exam-ss25-tabular-freiburg-template/automl-tabular-env/lib/python3.10/site-packages/pytorch_tabnet/callbacks.py:172: UserWarning: Best weights from best epoch are automatically used!
  warnings.warn(wrn_msg)
[I 2025-08-06 14:08:50,045] Trial 12 finished with value: 0.9255605711746707 and parameters: {'n_d': 35, 'n_a': 15, 'n_steps': 7, 'gamma': 1.499866136349206, 'lambda_sparse': 0.002174292908037218, 'lr': 0.09012832924035945, 'weight_decay': 1.245340536734053e-06}. Best is trial 10 with value: 0.9359354850499508.
/work/dlclarge2/latifajr-dl_lab_project/autoML/automl-exam-ss25-tabular-freiburg-template/automl-tabular-env/lib/python3.10/site-packages/pytorch_tabnet/callbacks.py:172: UserWarning: Best weights from best epoch are automatically used!
  warnings.warn(wrn_msg)
[I 2025-08-06 14:09:21,813] Trial 13 finished with value: 0.4293750345716584 and parameters: {'n_d': 29, 'n_a': 8, 'n_steps': 6, 'gamma': 1.280222854412022, 'lambda_sparse': 0.0006477935283115101, 'lr': 0.00011137396708694065, 'weight_decay': 2.6968383032346416e-06}. Best is trial 10 with value: 0.9359354850499508.
/work/dlclarge2/latifajr-dl_lab_project/autoML/automl-exam-ss25-tabular-freiburg-template/automl-tabular-env/lib/python3.10/site-packages/pytorch_tabnet/callbacks.py:172: UserWarning: Best weights from best epoch are automatically used!
  warnings.warn(wrn_msg)
[I 2025-08-06 14:10:05,753] Trial 14 finished with value: 0.9244295387325254 and parameters: {'n_d': 37, 'n_a': 20, 'n_steps': 9, 'gamma': 1.393375878088405, 'lambda_sparse': 0.002149230039203107, 'lr': 0.006101878266845872, 'weight_decay': 5.0522871332012376e-05}. Best is trial 10 with value: 0.9359354850499508.
/work/dlclarge2/latifajr-dl_lab_project/autoML/automl-exam-ss25-tabular-freiburg-template/automl-tabular-env/lib/python3.10/site-packages/pytorch_tabnet/callbacks.py:172: UserWarning: Best weights from best epoch are automatically used!
  warnings.warn(wrn_msg)
[I 2025-08-06 14:10:40,895] Trial 15 finished with value: 0.8815383392568372 and parameters: {'n_d': 22, 'n_a': 36, 'n_steps': 8, 'gamma': 1.1680261543112973, 'lambda_sparse': 0.004147857394739158, 'lr': 0.025201970764765807, 'weight_decay': 1.5356404243855238e-05}. Best is trial 10 with value: 0.9359354850499508.
/work/dlclarge2/latifajr-dl_lab_project/autoML/automl-exam-ss25-tabular-freiburg-template/automl-tabular-env/lib/python3.10/site-packages/pytorch_tabnet/callbacks.py:172: UserWarning: Best weights from best epoch are automatically used!
  warnings.warn(wrn_msg)
[I 2025-08-06 14:11:10,876] Trial 16 finished with value: 0.879496745449152 and parameters: {'n_d': 44, 'n_a': 15, 'n_steps': 6, 'gamma': 1.5334406176634459, 'lambda_sparse': 0.0004205497218265913, 'lr': 0.0018008320566241679, 'weight_decay': 2.881041382619072e-06}. Best is trial 10 with value: 0.9359354850499508.
/work/dlclarge2/latifajr-dl_lab_project/autoML/automl-exam-ss25-tabular-freiburg-template/automl-tabular-env/lib/python3.10/site-packages/pytorch_tabnet/callbacks.py:172: UserWarning: Best weights from best epoch are automatically used!
  warnings.warn(wrn_msg)
[I 2025-08-06 14:11:50,996] Trial 17 finished with value: 0.9349498745143187 and parameters: {'n_d': 33, 'n_a': 23, 'n_steps': 10, 'gamma': 1.5747234535704786, 'lambda_sparse': 5.694592469355194e-05, 'lr': 0.028543933539158423, 'weight_decay': 1.0974261367381685e-06}. Best is trial 10 with value: 0.9359354850499508.
/work/dlclarge2/latifajr-dl_lab_project/autoML/automl-exam-ss25-tabular-freiburg-template/automl-tabular-env/lib/python3.10/site-packages/pytorch_tabnet/callbacks.py:172: UserWarning: Best weights from best epoch are automatically used!
  warnings.warn(wrn_msg)
[I 2025-08-06 14:12:24,994] Trial 18 finished with value: 0.9076852154447216 and parameters: {'n_d': 54, 'n_a': 8, 'n_steps': 7, 'gamma': 1.137671002582115, 'lambda_sparse': 0.0036746232722113374, 'lr': 0.011351803338252617, 'weight_decay': 5.995987027847303e-06}. Best is trial 10 with value: 0.9359354850499508.
/work/dlclarge2/latifajr-dl_lab_project/autoML/automl-exam-ss25-tabular-freiburg-template/automl-tabular-env/lib/python3.10/site-packages/pytorch_tabnet/callbacks.py:172: UserWarning: Best weights from best epoch are automatically used!
  warnings.warn(wrn_msg)
[I 2025-08-06 14:12:45,297] Trial 19 finished with value: 0.9292486165975886 and parameters: {'n_d': 24, 'n_a': 17, 'n_steps': 3, 'gamma': 1.8626828710756898, 'lambda_sparse': 0.008985669865288473, 'lr': 0.09329072774068994, 'weight_decay': 9.37188954270735e-06}. Best is trial 10 with value: 0.9359354850499508.
/work/dlclarge2/latifajr-dl_lab_project/autoML/automl-exam-ss25-tabular-freiburg-template/automl-tabular-env/lib/python3.10/site-packages/pytorch_tabnet/callbacks.py:172: UserWarning: Best weights from best epoch are automatically used!
  warnings.warn(wrn_msg)
2025-08-06 14:13:34 [INFO] TabNet →      /work/dlclarge2/latifajr-dl_lab_project/autoML/automl-exam-ss25-tabular-freiburg-template/modelsFinal-brazilian_houses_rona/tabnet (mean R²=0.9379)
2025-08-06 14:13:34 [INFO] Ensemble weights: TabPFN=0.340, Tree=0.340, TabNet=0.320
2025-08-06 14:13:34 [INFO] Loading individual models into memory...
/work/dlclarge2/latifajr-dl_lab_project/autoML/automl-exam-ss25-tabular-freiburg-template/automl-tabular-env/lib/python3.10/site-packages/pytorch_tabnet/abstract_model.py:82: UserWarning: Device used : cuda
  warnings.warn(f"Device used : {self.device}")
2025-08-06 14:13:38 [INFO] Saved weighted ensemble to /work/dlclarge2/latifajr-dl_lab_project/autoML/automl-exam-ss25-tabular-freiburg-template/modelsFinal-brazilian_houses_rona/final_model.pkl
