cpu-bind=MASK - dlcgpu05, task  0  0 [1121549]: mask 0x180030001800300 set
/var/spool/slurm/job20925182/slurm_script: line 11: module: command not found
2025-08-05 21:19:18 [INFO] Using device: cuda
2025-08-05 21:19:18 [INFO] Training TabPFN model...
[I 2025-08-05 21:19:18,878] A new study created in memory with name: no-name-0be1d9b0-1d39-4888-95ed-376080ddd811
2025-08-05 21:19:18 [INFO] 🔍 Trial 0: n_bootstrap=14, sample_frac=0.89
[I 2025-08-05 21:21:14,194] Trial 0 finished with value: 0.9407270398052201 and parameters: {'n_bootstrap': 14, 'sample_frac': 0.8852142919229748}. Best is trial 0 with value: 0.9407270398052201.
2025-08-05 21:21:14 [INFO] 🔍 Trial 1: n_bootstrap=18, sample_frac=0.78
[I 2025-08-05 21:23:36,671] Trial 1 finished with value: 0.9415474303403686 and parameters: {'n_bootstrap': 18, 'sample_frac': 0.779597545259111}. Best is trial 1 with value: 0.9415474303403686.
2025-08-05 21:23:36 [INFO] 🔍 Trial 2: n_bootstrap=11, sample_frac=0.65
[I 2025-08-05 21:24:51,983] Trial 2 finished with value: 0.939915931530898 and parameters: {'n_bootstrap': 11, 'sample_frac': 0.6467983561008608}. Best is trial 1 with value: 0.9415474303403686.
2025-08-05 21:24:51 [INFO] 🔍 Trial 3: n_bootstrap=10, sample_frac=0.86
[I 2025-08-05 21:26:22,626] Trial 3 finished with value: 0.9403807173408154 and parameters: {'n_bootstrap': 10, 'sample_frac': 0.8598528437324806}. Best is trial 1 with value: 0.9415474303403686.
2025-08-05 21:26:22 [INFO] 🔍 Trial 4: n_bootstrap=16, sample_frac=0.81
[I 2025-08-05 21:28:39,089] Trial 4 finished with value: 0.941036618937641 and parameters: {'n_bootstrap': 16, 'sample_frac': 0.8124217733388137}. Best is trial 1 with value: 0.9415474303403686.
2025-08-05 21:28:39 [INFO] 🔍 Trial 5: n_bootstrap=10, sample_frac=0.89
[I 2025-08-05 21:30:10,037] Trial 5 finished with value: 0.9405680591660275 and parameters: {'n_bootstrap': 10, 'sample_frac': 0.8909729556485984}. Best is trial 1 with value: 0.9415474303403686.
2025-08-05 21:30:10 [INFO] 🔍 Trial 6: n_bootstrap=19, sample_frac=0.66
2025-08-05 21:30:17 [INFO] ⏸️ Pruned trial 6 at step 1 (R²=0.9303)
[I 2025-08-05 21:30:17,576] Trial 6 pruned. 
2025-08-05 21:30:17 [INFO] 🔍 Trial 7: n_bootstrap=12, sample_frac=0.66
2025-08-05 21:30:25 [INFO] ⏸️ Pruned trial 7 at step 1 (R²=0.9304)
[I 2025-08-05 21:30:25,079] Trial 7 pruned. 
2025-08-05 21:30:25 [INFO] 🔍 Trial 8: n_bootstrap=13, sample_frac=0.76
2025-08-05 21:30:33 [INFO] ⏸️ Pruned trial 8 at step 1 (R²=0.9319)
[I 2025-08-05 21:30:33,658] Trial 8 pruned. 
2025-08-05 21:30:33 [INFO] 🔍 Trial 9: n_bootstrap=14, sample_frac=0.69
2025-08-05 21:30:41 [INFO] ⏸️ Pruned trial 9 at step 1 (R²=0.9309)
[I 2025-08-05 21:30:41,694] Trial 9 pruned. 
2025-08-05 21:30:41 [INFO] 🔍 Trial 10: n_bootstrap=20, sample_frac=0.74
2025-08-05 21:30:50 [INFO] ⏸️ Pruned trial 10 at step 1 (R²=0.9311)
[I 2025-08-05 21:30:50,154] Trial 10 pruned. 
2025-08-05 21:30:50 [INFO] 🔍 Trial 11: n_bootstrap=17, sample_frac=0.81
2025-08-05 21:30:59 [INFO] ⏸️ Pruned trial 11 at step 1 (R²=0.9326)
[I 2025-08-05 21:30:59,306] Trial 11 pruned. 
2025-08-05 21:30:59 [INFO] 🔍 Trial 12: n_bootstrap=17, sample_frac=0.81
2025-08-05 21:31:08 [INFO] ⏸️ Pruned trial 12 at step 1 (R²=0.9327)
[I 2025-08-05 21:31:08,324] Trial 12 pruned. 
2025-08-05 21:31:08 [INFO] 🔍 Trial 13: n_bootstrap=17, sample_frac=0.79
2025-08-05 21:31:17 [INFO] ⏸️ Pruned trial 13 at step 1 (R²=0.9333)
[I 2025-08-05 21:31:17,530] Trial 13 pruned. 
2025-08-05 21:31:17 [INFO] 🔍 Trial 14: n_bootstrap=16, sample_frac=0.71
2025-08-05 21:31:25 [INFO] ⏸️ Pruned trial 14 at step 1 (R²=0.9308)
[I 2025-08-05 21:31:25,852] Trial 14 pruned. 
2025-08-05 21:31:25 [INFO] 🔍 Trial 15: n_bootstrap=19, sample_frac=0.83
2025-08-05 21:31:35 [INFO] ⏸️ Pruned trial 15 at step 1 (R²=0.9323)
[I 2025-08-05 21:31:35,263] Trial 15 pruned. 
2025-08-05 21:31:35 [INFO] 🔍 Trial 16: n_bootstrap=15, sample_frac=0.76
2025-08-05 21:31:43 [INFO] ⏸️ Pruned trial 16 at step 1 (R²=0.9322)
[I 2025-08-05 21:31:43,897] Trial 16 pruned. 
2025-08-05 21:31:43 [INFO] 🔍 Trial 17: n_bootstrap=18, sample_frac=0.84
2025-08-05 21:31:53 [INFO] ⏸️ Pruned trial 17 at step 1 (R²=0.9327)
[I 2025-08-05 21:31:53,528] Trial 17 pruned. 
2025-08-05 21:31:53 [INFO] 🔍 Trial 18: n_bootstrap=16, sample_frac=0.78
2025-08-05 21:32:02 [INFO] ⏸️ Pruned trial 18 at step 1 (R²=0.9338)
[I 2025-08-05 21:32:02,247] Trial 18 pruned. 
2025-08-05 21:32:02 [INFO] 🔍 Trial 19: n_bootstrap=19, sample_frac=0.72
2025-08-05 21:32:10 [INFO] ⏸️ Pruned trial 19 at step 1 (R²=0.9308)
[I 2025-08-05 21:32:10,319] Trial 19 pruned. 
2025-08-05 21:32:10 [INFO] 🔍 Trial 20: n_bootstrap=15, sample_frac=0.61
2025-08-05 21:32:17 [INFO] ⏸️ Pruned trial 20 at step 1 (R²=0.9313)
[I 2025-08-05 21:32:17,483] Trial 20 pruned. 
2025-08-05 21:32:17 [INFO] 🔍 Trial 21: n_bootstrap=14, sample_frac=0.88
[I 2025-08-05 21:34:28,514] Trial 21 finished with value: 0.9407565058034427 and parameters: {'n_bootstrap': 14, 'sample_frac': 0.8841404752206518}. Best is trial 1 with value: 0.9415474303403686.
2025-08-05 21:34:28 [INFO] 🔍 Trial 22: n_bootstrap=13, sample_frac=0.86
2025-08-05 21:34:38 [INFO] ⏸️ Pruned trial 22 at step 1 (R²=0.9339)
[I 2025-08-05 21:34:38,424] Trial 22 pruned. 
2025-08-05 21:34:38 [INFO] 🔍 Trial 23: n_bootstrap=16, sample_frac=0.84
2025-08-05 21:34:48 [INFO] ⏸️ Pruned trial 23 at step 1 (R²=0.9327)
[I 2025-08-05 21:34:48,017] Trial 23 pruned. 
2025-08-05 21:34:48 [INFO] 🔍 Trial 24: n_bootstrap=18, sample_frac=0.79
2025-08-05 21:34:57 [INFO] ⏸️ Pruned trial 24 at step 1 (R²=0.9336)
[I 2025-08-05 21:34:57,269] Trial 24 pruned. 
2025-08-05 21:34:57 [INFO] 🔍 Trial 25: n_bootstrap=14, sample_frac=0.82
2025-08-05 21:35:06 [INFO] ⏸️ Pruned trial 25 at step 1 (R²=0.9317)
[I 2025-08-05 21:35:06,723] Trial 25 pruned. 
2025-08-05 21:35:06 [INFO] 🔍 Trial 26: n_bootstrap=18, sample_frac=0.87
[I 2025-08-05 21:37:48,535] Trial 26 finished with value: 0.9415544920301624 and parameters: {'n_bootstrap': 18, 'sample_frac': 0.8713581762004475}. Best is trial 26 with value: 0.9415544920301624.
2025-08-05 21:37:48 [INFO] 🔍 Trial 27: n_bootstrap=20, sample_frac=0.86
2025-08-05 21:37:58 [INFO] ⏸️ Pruned trial 27 at step 1 (R²=0.9340)
[I 2025-08-05 21:37:58,174] Trial 27 pruned. 
2025-08-05 21:37:58 [INFO] 🔍 Trial 28: n_bootstrap=18, sample_frac=0.74
2025-08-05 21:38:06 [INFO] ⏸️ Pruned trial 28 at step 1 (R²=0.9311)
[I 2025-08-05 21:38:06,655] Trial 28 pruned. 
2025-08-05 21:38:06 [INFO] 🔍 Trial 29: n_bootstrap=17, sample_frac=0.90
[I 2025-08-05 21:40:43,068] Trial 29 finished with value: 0.9417814033337457 and parameters: {'n_bootstrap': 17, 'sample_frac': 0.8995784440661511}. Best is trial 29 with value: 0.9417814033337457.
2025-08-05 21:40:43 [INFO] 🏆 Best Params: {'n_bootstrap': 17, 'sample_frac': 0.8995784440661511}, R²=0.94178
2025-08-05 21:40:43 [INFO] Bootstrap training → dataset=bike_sharing_demand, device=cuda
2025-08-05 21:40:43 [INFO] [1/17] bootstrap sample size=6329
2025-08-05 21:40:53 [INFO] Saved model → /work/dlclarge2/latifajr-dl_lab_project/autoML/automl-exam-ss25-tabular-freiburg-template/modelsFinal-bike_sharing_demand_rona/bike_sharing_demand/bootstrap_1.pkl
2025-08-05 21:40:53 [INFO] [2/17] bootstrap sample size=6329
2025-08-05 21:41:01 [INFO] Saved model → /work/dlclarge2/latifajr-dl_lab_project/autoML/automl-exam-ss25-tabular-freiburg-template/modelsFinal-bike_sharing_demand_rona/bike_sharing_demand/bootstrap_2.pkl
2025-08-05 21:41:01 [INFO] [3/17] bootstrap sample size=6329
2025-08-05 21:41:10 [INFO] Saved model → /work/dlclarge2/latifajr-dl_lab_project/autoML/automl-exam-ss25-tabular-freiburg-template/modelsFinal-bike_sharing_demand_rona/bike_sharing_demand/bootstrap_3.pkl
2025-08-05 21:41:10 [INFO] [4/17] bootstrap sample size=6329
2025-08-05 21:41:20 [INFO] Saved model → /work/dlclarge2/latifajr-dl_lab_project/autoML/automl-exam-ss25-tabular-freiburg-template/modelsFinal-bike_sharing_demand_rona/bike_sharing_demand/bootstrap_4.pkl
2025-08-05 21:41:20 [INFO] [5/17] bootstrap sample size=6329
2025-08-05 21:41:30 [INFO] Saved model → /work/dlclarge2/latifajr-dl_lab_project/autoML/automl-exam-ss25-tabular-freiburg-template/modelsFinal-bike_sharing_demand_rona/bike_sharing_demand/bootstrap_5.pkl
2025-08-05 21:41:31 [INFO] [6/17] bootstrap sample size=6329
2025-08-05 21:41:40 [INFO] Saved model → /work/dlclarge2/latifajr-dl_lab_project/autoML/automl-exam-ss25-tabular-freiburg-template/modelsFinal-bike_sharing_demand_rona/bike_sharing_demand/bootstrap_6.pkl
2025-08-05 21:41:41 [INFO] [7/17] bootstrap sample size=6329
2025-08-05 21:41:49 [INFO] Saved model → /work/dlclarge2/latifajr-dl_lab_project/autoML/automl-exam-ss25-tabular-freiburg-template/modelsFinal-bike_sharing_demand_rona/bike_sharing_demand/bootstrap_7.pkl
2025-08-05 21:41:49 [INFO] [8/17] bootstrap sample size=6329
2025-08-05 21:41:57 [INFO] Saved model → /work/dlclarge2/latifajr-dl_lab_project/autoML/automl-exam-ss25-tabular-freiburg-template/modelsFinal-bike_sharing_demand_rona/bike_sharing_demand/bootstrap_8.pkl
2025-08-05 21:41:57 [INFO] [9/17] bootstrap sample size=6329
2025-08-05 21:42:07 [INFO] Saved model → /work/dlclarge2/latifajr-dl_lab_project/autoML/automl-exam-ss25-tabular-freiburg-template/modelsFinal-bike_sharing_demand_rona/bike_sharing_demand/bootstrap_9.pkl
2025-08-05 21:42:08 [INFO] [10/17] bootstrap sample size=6329
2025-08-05 21:42:16 [INFO] Saved model → /work/dlclarge2/latifajr-dl_lab_project/autoML/automl-exam-ss25-tabular-freiburg-template/modelsFinal-bike_sharing_demand_rona/bike_sharing_demand/bootstrap_10.pkl
2025-08-05 21:42:16 [INFO] [11/17] bootstrap sample size=6329
2025-08-05 21:42:26 [INFO] Saved model → /work/dlclarge2/latifajr-dl_lab_project/autoML/automl-exam-ss25-tabular-freiburg-template/modelsFinal-bike_sharing_demand_rona/bike_sharing_demand/bootstrap_11.pkl
2025-08-05 21:42:26 [INFO] [12/17] bootstrap sample size=6329
2025-08-05 21:42:37 [INFO] Saved model → /work/dlclarge2/latifajr-dl_lab_project/autoML/automl-exam-ss25-tabular-freiburg-template/modelsFinal-bike_sharing_demand_rona/bike_sharing_demand/bootstrap_12.pkl
2025-08-05 21:42:37 [INFO] [13/17] bootstrap sample size=6329
2025-08-05 21:42:45 [INFO] Saved model → /work/dlclarge2/latifajr-dl_lab_project/autoML/automl-exam-ss25-tabular-freiburg-template/modelsFinal-bike_sharing_demand_rona/bike_sharing_demand/bootstrap_13.pkl
2025-08-05 21:42:45 [INFO] [14/17] bootstrap sample size=6329
2025-08-05 21:42:55 [INFO] Saved model → /work/dlclarge2/latifajr-dl_lab_project/autoML/automl-exam-ss25-tabular-freiburg-template/modelsFinal-bike_sharing_demand_rona/bike_sharing_demand/bootstrap_14.pkl
2025-08-05 21:42:56 [INFO] [15/17] bootstrap sample size=6329
2025-08-05 21:43:03 [INFO] Saved model → /work/dlclarge2/latifajr-dl_lab_project/autoML/automl-exam-ss25-tabular-freiburg-template/modelsFinal-bike_sharing_demand_rona/bike_sharing_demand/bootstrap_15.pkl
2025-08-05 21:43:04 [INFO] [16/17] bootstrap sample size=6329
2025-08-05 21:43:14 [INFO] Saved model → /work/dlclarge2/latifajr-dl_lab_project/autoML/automl-exam-ss25-tabular-freiburg-template/modelsFinal-bike_sharing_demand_rona/bike_sharing_demand/bootstrap_16.pkl
2025-08-05 21:43:14 [INFO] [17/17] bootstrap sample size=6329
2025-08-05 21:43:23 [INFO] Saved model → /work/dlclarge2/latifajr-dl_lab_project/autoML/automl-exam-ss25-tabular-freiburg-template/modelsFinal-bike_sharing_demand_rona/bike_sharing_demand/bootstrap_17.pkl
2025-08-05 21:43:23 [INFO] 📊 Final OOB R² = 0.94178
2025-08-05 21:43:28 [INFO] Saved ensemble → /work/dlclarge2/latifajr-dl_lab_project/autoML/automl-exam-ss25-tabular-freiburg-template/modelsFinal-bike_sharing_demand_rona/bike_sharing_demand/ensemble.pkl
2025-08-05 21:43:28 [WARNING] get_test_data failed or unavailable; skipping test R² logging
2025-08-05 21:43:28 [INFO] Total time: 165.4s
2025-08-05 21:43:28 [INFO] TabPFN →      /work/dlclarge2/latifajr-dl_lab_project/autoML/automl-exam-ss25-tabular-freiburg-template/modelsFinal-bike_sharing_demand_rona/bike_sharing_demand/ensemble.pkl (R²=0.9418)
2025-08-05 21:43:28 [INFO] Training tree-based model...
2025-08-05 21:43:28 [INFO] AutoML pipeline started
2025-08-05 21:43:28 [INFO] Output directory '/work/dlclarge2/latifajr-dl_lab_project/autoML/automl-exam-ss25-tabular-freiburg-template/modelsFinal-bike_sharing_demand_rona' is ready and logging is configured.
2025-08-05 21:43:28 [INFO] Merged training data: 7036 rows
2025-08-05 21:43:28 [INFO] Split data into pool (6332 rows) and validation (704 rows)
2025-08-05 21:43:28 [INFO] Feature engineering completed: 11 features
[I 2025-08-05 21:43:28,692] A new study created in memory with name: no-name-e34de91c-186a-48d7-bab7-8d23f8c3296d
TBB Warning: The number of workers is currently limited to 7. The request for 63 workers is ignored. Further requests for more workers will be silently ignored until the limit changes.

[I 2025-08-05 21:44:57,842] Trial 0 finished with value: -0.9420850310429097 and parameters: {'learning_rate': 0.03574712922600244, 'depth': 12, 'l2_leaf_reg': 7.587945476302646, 'border_count': 166}. Best is trial 0 with value: -0.9420850310429097.
[I 2025-08-05 21:45:09,469] Trial 1 finished with value: -0.919482120906484 and parameters: {'learning_rate': 0.01700037298921102, 'depth': 5, 'l2_leaf_reg': 1.5227525095137953, 'border_count': 226}. Best is trial 0 with value: -0.9420850310429097.
[I 2025-08-05 21:45:23,926] Trial 2 finished with value: -0.942145085000307 and parameters: {'learning_rate': 0.07725378389307355, 'depth': 10, 'l2_leaf_reg': 1.185260448662222, 'border_count': 249}. Best is trial 2 with value: -0.942145085000307.
[I 2025-08-05 21:45:32,621] Trial 3 finished with value: -0.9360381967367711 and parameters: {'learning_rate': 0.16967533607196555, 'depth': 5, 'l2_leaf_reg': 2.636424704863906, 'border_count': 73}. Best is trial 2 with value: -0.942145085000307.
[I 2025-08-05 21:45:51,231] Trial 4 finished with value: -0.9406664018245173 and parameters: {'learning_rate': 0.028145092716060652, 'depth': 8, 'l2_leaf_reg': 4.887505167779041, 'border_count': 97}. Best is trial 2 with value: -0.942145085000307.
[I 2025-08-05 21:46:02,680] Trial 5 finished with value: -0.93596421448217 and parameters: {'learning_rate': 0.08012737503998542, 'depth': 5, 'l2_leaf_reg': 3.629301836816963, 'border_count': 114}. Best is trial 2 with value: -0.942145085000307.
[I 2025-08-05 21:46:39,205] Trial 6 finished with value: -0.9429075764821212 and parameters: {'learning_rate': 0.04717052037625178, 'depth': 11, 'l2_leaf_reg': 2.7970640394252375, 'border_count': 147}. Best is trial 6 with value: -0.9429075764821212.
[I 2025-08-05 21:46:48,961] Trial 7 finished with value: -0.9256462632126544 and parameters: {'learning_rate': 0.07500118950416987, 'depth': 4, 'l2_leaf_reg': 6.467903667112945, 'border_count': 70}. Best is trial 6 with value: -0.9429075764821212.
[I 2025-08-05 21:48:14,239] Trial 8 finished with value: -0.9374041351458068 and parameters: {'learning_rate': 0.012476394272569451, 'depth': 12, 'l2_leaf_reg': 9.690688297671034, 'border_count': 213}. Best is trial 6 with value: -0.9429075764821212.
[I 2025-08-05 21:48:24,350] Trial 9 finished with value: -0.9097722005501373 and parameters: {'learning_rate': 0.028180680291847244, 'depth': 4, 'l2_leaf_reg': 7.158097238609412, 'border_count': 130}. Best is trial 6 with value: -0.9429075764821212.
[I 2025-08-05 21:48:32,881] Trial 10 finished with value: -0.941098586670725 and parameters: {'learning_rate': 0.24893231508461813, 'depth': 9, 'l2_leaf_reg': 4.318558954489875, 'border_count': 175}. Best is trial 6 with value: -0.9429075764821212.
[I 2025-08-05 21:48:43,257] Trial 11 finished with value: -0.9418322571451027 and parameters: {'learning_rate': 0.11386552028513468, 'depth': 10, 'l2_leaf_reg': 1.0763393887328419, 'border_count': 250}. Best is trial 6 with value: -0.9429075764821212.
[I 2025-08-05 21:48:58,141] Trial 12 finished with value: -0.942942808864033 and parameters: {'learning_rate': 0.05033186585861864, 'depth': 10, 'l2_leaf_reg': 2.53256400708008, 'border_count': 41}. Best is trial 12 with value: -0.942942808864033.
[I 2025-08-05 21:49:20,449] Trial 13 finished with value: -0.9421694183584254 and parameters: {'learning_rate': 0.04666176218448525, 'depth': 11, 'l2_leaf_reg': 2.880463341431277, 'border_count': 36}. Best is trial 12 with value: -0.942942808864033.
[I 2025-08-05 21:49:37,675] Trial 14 finished with value: -0.9427043615322919 and parameters: {'learning_rate': 0.051527024214005596, 'depth': 8, 'l2_leaf_reg': 2.8449544909574693, 'border_count': 160}. Best is trial 12 with value: -0.942942808864033.
[I 2025-08-05 21:49:53,173] Trial 15 finished with value: -0.9350196331040646 and parameters: {'learning_rate': 0.020546790816083238, 'depth': 7, 'l2_leaf_reg': 5.531162329838407, 'border_count': 195}. Best is trial 12 with value: -0.942942808864033.
[I 2025-08-05 21:49:59,255] Trial 16 finished with value: -0.9407859730704597 and parameters: {'learning_rate': 0.13811007646509937, 'depth': 10, 'l2_leaf_reg': 2.340481892680636, 'border_count': 36}. Best is trial 12 with value: -0.942942808864033.
[I 2025-08-05 21:50:35,801] Trial 17 finished with value: -0.943125410298701 and parameters: {'learning_rate': 0.04071611822052514, 'depth': 11, 'l2_leaf_reg': 3.894752015334281, 'border_count': 141}. Best is trial 17 with value: -0.943125410298701.
[I 2025-08-05 21:50:58,692] Trial 18 finished with value: -0.9361762970415135 and parameters: {'learning_rate': 0.010907863682082639, 'depth': 9, 'l2_leaf_reg': 3.8101144232990465, 'border_count': 67}. Best is trial 17 with value: -0.943125410298701.
[I 2025-08-05 21:51:39,975] Trial 19 finished with value: -0.9426848044377918 and parameters: {'learning_rate': 0.03305323034166552, 'depth': 11, 'l2_leaf_reg': 5.608041644328219, 'border_count': 92}. Best is trial 17 with value: -0.943125410298701.
[I 2025-08-05 21:51:54,852] Trial 20 finished with value: -0.9336406907434831 and parameters: {'learning_rate': 0.020201780497292713, 'depth': 7, 'l2_leaf_reg': 8.675815964448498, 'border_count': 121}. Best is trial 17 with value: -0.943125410298701.
[I 2025-08-05 21:52:26,149] Trial 21 finished with value: -0.9424345943142839 and parameters: {'learning_rate': 0.0442622424134713, 'depth': 11, 'l2_leaf_reg': 2.0275635855984584, 'border_count': 145}. Best is trial 17 with value: -0.943125410298701.
[I 2025-08-05 21:53:14,207] Trial 22 finished with value: -0.9411996136795251 and parameters: {'learning_rate': 0.07002993047047383, 'depth': 12, 'l2_leaf_reg': 3.402133768679974, 'border_count': 142}. Best is trial 17 with value: -0.943125410298701.
[I 2025-08-05 21:53:34,136] Trial 23 finished with value: -0.9429587898588239 and parameters: {'learning_rate': 0.057871436385387075, 'depth': 9, 'l2_leaf_reg': 4.805133980122038, 'border_count': 201}. Best is trial 17 with value: -0.943125410298701.
[I 2025-08-05 21:53:48,491] Trial 24 finished with value: -0.9426676012168915 and parameters: {'learning_rate': 0.09788764905810535, 'depth': 9, 'l2_leaf_reg': 4.5230067577948505, 'border_count': 200}. Best is trial 17 with value: -0.943125410298701.
[I 2025-08-05 21:54:10,092] Trial 25 finished with value: -0.9428900225562865 and parameters: {'learning_rate': 0.06016763329060489, 'depth': 10, 'l2_leaf_reg': 4.849869867931115, 'border_count': 182}. Best is trial 17 with value: -0.943125410298701.
[I 2025-08-05 21:54:25,021] Trial 26 finished with value: -0.9397905891839471 and parameters: {'learning_rate': 0.03738730947894328, 'depth': 7, 'l2_leaf_reg': 5.889228002920342, 'border_count': 54}. Best is trial 17 with value: -0.943125410298701.
[I 2025-08-05 21:54:44,384] Trial 27 finished with value: -0.9429396323223255 and parameters: {'learning_rate': 0.061388079540134345, 'depth': 9, 'l2_leaf_reg': 4.044490864164882, 'border_count': 104}. Best is trial 17 with value: -0.943125410298701.
[I 2025-08-05 21:54:58,963] Trial 28 finished with value: -0.9431280356061487 and parameters: {'learning_rate': 0.10193738211993074, 'depth': 10, 'l2_leaf_reg': 3.352983792434749, 'border_count': 231}. Best is trial 28 with value: -0.9431280356061487.
[I 2025-08-05 21:55:26,463] Trial 29 finished with value: -0.9394648249420079 and parameters: {'learning_rate': 0.16212942052989116, 'depth': 12, 'l2_leaf_reg': 6.469803623854161, 'border_count': 231}. Best is trial 28 with value: -0.9431280356061487.
[I 2025-08-05 21:55:33,957] Trial 30 finished with value: -0.9405714805423837 and parameters: {'learning_rate': 0.22805828040319062, 'depth': 8, 'l2_leaf_reg': 4.969925751644316, 'border_count': 229}. Best is trial 28 with value: -0.9431280356061487.
[I 2025-08-05 21:55:49,434] Trial 31 finished with value: -0.9423795812722362 and parameters: {'learning_rate': 0.09970028855539532, 'depth': 10, 'l2_leaf_reg': 3.2647467098466447, 'border_count': 213}. Best is trial 28 with value: -0.9431280356061487.
[I 2025-08-05 21:56:27,060] Trial 32 finished with value: -0.9428806086539023 and parameters: {'learning_rate': 0.03768031893458419, 'depth': 11, 'l2_leaf_reg': 1.7885011487259037, 'border_count': 195}. Best is trial 28 with value: -0.9431280356061487.
[I 2025-08-05 21:56:42,353] Trial 33 finished with value: -0.943126135707853 and parameters: {'learning_rate': 0.0868937349679417, 'depth': 9, 'l2_leaf_reg': 3.304026138121671, 'border_count': 243}. Best is trial 28 with value: -0.9431280356061487.
[I 2025-08-05 21:56:53,069] Trial 34 finished with value: -0.9427427989240821 and parameters: {'learning_rate': 0.12326088306155994, 'depth': 9, 'l2_leaf_reg': 4.123214684240512, 'border_count': 240}. Best is trial 28 with value: -0.9431280356061487.
[I 2025-08-05 21:57:05,129] Trial 35 finished with value: -0.9424541556794017 and parameters: {'learning_rate': 0.0885295722362556, 'depth': 8, 'l2_leaf_reg': 3.26740254390009, 'border_count': 216}. Best is trial 28 with value: -0.9431280356061487.
