[I 2025-08-05 00:22:29,404] Trial 0 finished with value: 0.8381107293517036 and parameters: {'n_d': 28, 'n_a': 26, 'n_steps': 7, 'gamma': 1.1356396791269712, 'lambda_sparse': 0.0023524444000421673, 'lr': 0.0007230012877466125, 'weight_decay': 4.271473877940035e-05}. Best is trial 0 with value: 0.8381107293517036.
/work/dlclarge2/alidemaa-dl_lab/automl/automl-exam-ss25-tabular-freiburg-template/automl-tabular-env/lib/python3.10/site-packages/pytorch_tabnet/callbacks.py:172: UserWarning: Best weights from best epoch are automatically used!
  warnings.warn(wrn_msg)
[I 2025-08-05 00:23:52,731] Trial 1 finished with value: 0.8226517167462936 and parameters: {'n_d': 63, 'n_a': 64, 'n_steps': 4, 'gamma': 1.8862429285580764, 'lambda_sparse': 1.8123667647268386e-05, 'lr': 0.00018168763469203538, 'weight_decay': 2.2902010845731524e-05}. Best is trial 0 with value: 0.8381107293517036.
/work/dlclarge2/alidemaa-dl_lab/automl/automl-exam-ss25-tabular-freiburg-template/automl-tabular-env/lib/python3.10/site-packages/pytorch_tabnet/callbacks.py:172: UserWarning: Best weights from best epoch are automatically used!
  warnings.warn(wrn_msg)
[I 2025-08-05 00:25:37,569] Trial 2 finished with value: 0.0864949646339005 and parameters: {'n_d': 62, 'n_a': 13, 'n_steps': 8, 'gamma': 1.6153048992255368, 'lambda_sparse': 0.0014232883277938803, 'lr': 0.00010957930822892042, 'weight_decay': 3.896852585890841e-06}. Best is trial 0 with value: 0.8381107293517036.
/work/dlclarge2/alidemaa-dl_lab/automl/automl-exam-ss25-tabular-freiburg-template/automl-tabular-env/lib/python3.10/site-packages/pytorch_tabnet/callbacks.py:172: UserWarning: Best weights from best epoch are automatically used!
  warnings.warn(wrn_msg)
[I 2025-08-05 00:27:18,993] Trial 3 finished with value: 0.8836217122555269 and parameters: {'n_d': 62, 'n_a': 9, 'n_steps': 7, 'gamma': 1.4248050811329105, 'lambda_sparse': 8.034145600456272e-05, 'lr': 0.004240414295120681, 'weight_decay': 2.2412801229127114e-05}. Best is trial 3 with value: 0.8836217122555269.
/work/dlclarge2/alidemaa-dl_lab/automl/automl-exam-ss25-tabular-freiburg-template/automl-tabular-env/lib/python3.10/site-packages/pytorch_tabnet/callbacks.py:172: UserWarning: Best weights from best epoch are automatically used!
  warnings.warn(wrn_msg)
[I 2025-08-05 00:28:49,200] Trial 4 finished with value: 0.9148599844871284 and parameters: {'n_d': 32, 'n_a': 22, 'n_steps': 6, 'gamma': 1.3140101250310352, 'lambda_sparse': 0.004107174576869687, 'lr': 0.01617814487137666, 'weight_decay': 9.910179780618152e-06}. Best is trial 4 with value: 0.9148599844871284.
/work/dlclarge2/alidemaa-dl_lab/automl/automl-exam-ss25-tabular-freiburg-template/automl-tabular-env/lib/python3.10/site-packages/pytorch_tabnet/callbacks.py:172: UserWarning: Best weights from best epoch are automatically used!
  warnings.warn(wrn_msg)
[I 2025-08-05 00:30:08,787] Trial 5 finished with value: 0.9042646594399146 and parameters: {'n_d': 41, 'n_a': 47, 'n_steps': 5, 'gamma': 1.3667737263170299, 'lambda_sparse': 0.0007395455247531145, 'lr': 0.005107227737314833, 'weight_decay': 7.407905794449021e-05}. Best is trial 4 with value: 0.9148599844871284.
/work/dlclarge2/alidemaa-dl_lab/automl/automl-exam-ss25-tabular-freiburg-template/automl-tabular-env/lib/python3.10/site-packages/pytorch_tabnet/callbacks.py:172: UserWarning: Best weights from best epoch are automatically used!
  warnings.warn(wrn_msg)
[I 2025-08-05 00:31:31,112] Trial 6 finished with value: 0.9012623410897892 and parameters: {'n_d': 34, 'n_a': 38, 'n_steps': 5, 'gamma': 1.6991062908210015, 'lambda_sparse': 0.0002155610549964832, 'lr': 0.08862548860809383, 'weight_decay': 1.5355825890020027e-05}. Best is trial 4 with value: 0.9148599844871284.
/work/dlclarge2/alidemaa-dl_lab/automl/automl-exam-ss25-tabular-freiburg-template/automl-tabular-env/lib/python3.10/site-packages/pytorch_tabnet/callbacks.py:172: UserWarning: Best weights from best epoch are automatically used!
  warnings.warn(wrn_msg)
[I 2025-08-05 00:33:44,757] Trial 7 finished with value: -0.6167334145476668 and parameters: {'n_d': 39, 'n_a': 40, 'n_steps': 10, 'gamma': 1.692338176669018, 'lambda_sparse': 0.00035242353129706427, 'lr': 0.00016356224948136508, 'weight_decay': 8.195600410124017e-06}. Best is trial 4 with value: 0.9148599844871284.
/work/dlclarge2/alidemaa-dl_lab/automl/automl-exam-ss25-tabular-freiburg-template/automl-tabular-env/lib/python3.10/site-packages/pytorch_tabnet/callbacks.py:172: UserWarning: Best weights from best epoch are automatically used!
  warnings.warn(wrn_msg)
[I 2025-08-05 00:34:52,096] Trial 8 finished with value: 0.9165500045986309 and parameters: {'n_d': 22, 'n_a': 19, 'n_steps': 3, 'gamma': 1.0275333925307533, 'lambda_sparse': 0.003099897413196077, 'lr': 0.003455287516924111, 'weight_decay': 5.231234764858812e-06}. Best is trial 8 with value: 0.9165500045986309.
/work/dlclarge2/alidemaa-dl_lab/automl/automl-exam-ss25-tabular-freiburg-template/automl-tabular-env/lib/python3.10/site-packages/pytorch_tabnet/callbacks.py:172: UserWarning: Best weights from best epoch are automatically used!
  warnings.warn(wrn_msg)
[I 2025-08-05 00:36:14,818] Trial 9 finished with value: 0.9179213898457795 and parameters: {'n_d': 51, 'n_a': 23, 'n_steps': 5, 'gamma': 1.764579078899526, 'lambda_sparse': 0.00013334240280732916, 'lr': 0.02896061081449044, 'weight_decay': 1.6886223169847527e-06}. Best is trial 9 with value: 0.9179213898457795.
/work/dlclarge2/alidemaa-dl_lab/automl/automl-exam-ss25-tabular-freiburg-template/automl-tabular-env/lib/python3.10/site-packages/pytorch_tabnet/callbacks.py:172: UserWarning: Best weights from best epoch are automatically used!
  warnings.warn(wrn_msg)
[I 2025-08-05 00:38:15,676] Trial 10 finished with value: 0.8884820388078281 and parameters: {'n_d': 8, 'n_a': 30, 'n_steps': 9, 'gamma': 1.9609059192067606, 'lambda_sparse': 3.09937969869723e-05, 'lr': 0.0732525270682723, 'weight_decay': 0.0002558522127455914}. Best is trial 9 with value: 0.9179213898457795.
/work/dlclarge2/alidemaa-dl_lab/automl/automl-exam-ss25-tabular-freiburg-template/automl-tabular-env/lib/python3.10/site-packages/pytorch_tabnet/callbacks.py:172: UserWarning: Best weights from best epoch are automatically used!
  warnings.warn(wrn_msg)
[I 2025-08-05 00:39:23,690] Trial 11 finished with value: 0.9018844970496075 and parameters: {'n_d': 19, 'n_a': 18, 'n_steps': 3, 'gamma': 1.0145097078583154, 'lambda_sparse': 0.00815562184698792, 'lr': 0.01891539886712917, 'weight_decay': 1.0569708854718642e-06}. Best is trial 9 with value: 0.9179213898457795.
/work/dlclarge2/alidemaa-dl_lab/automl/automl-exam-ss25-tabular-freiburg-template/automl-tabular-env/lib/python3.10/site-packages/pytorch_tabnet/callbacks.py:172: UserWarning: Best weights from best epoch are automatically used!
  warnings.warn(wrn_msg)
[I 2025-08-05 00:40:31,615] Trial 12 finished with value: 0.888931542355101 and parameters: {'n_d': 49, 'n_a': 29, 'n_steps': 3, 'gamma': 1.7882008587159903, 'lambda_sparse': 0.00010244091072829146, 'lr': 0.0011624840882369647, 'weight_decay': 1.26278228511252e-06}. Best is trial 9 with value: 0.9179213898457795.
/work/dlclarge2/alidemaa-dl_lab/automl/automl-exam-ss25-tabular-freiburg-template/automl-tabular-env/lib/python3.10/site-packages/pytorch_tabnet/callbacks.py:172: UserWarning: Best weights from best epoch are automatically used!
  warnings.warn(wrn_msg)
[I 2025-08-05 00:41:01,267] Trial 13 finished with value: -0.047239221796400166 and parameters: {'n_d': 50, 'n_a': 14, 'n_steps': 4, 'gamma': 1.256841689599829, 'lambda_sparse': 0.0006630448807889381, 'lr': 0.01802030127557356, 'weight_decay': 2.9413185249960544e-06}. Best is trial 9 with value: 0.9179213898457795.
/work/dlclarge2/alidemaa-dl_lab/automl/automl-exam-ss25-tabular-freiburg-template/automl-tabular-env/lib/python3.10/site-packages/pytorch_tabnet/callbacks.py:172: UserWarning: Best weights from best epoch are automatically used!
  warnings.warn(wrn_msg)
[I 2025-08-05 00:42:22,588] Trial 14 finished with value: 0.8703681904164837 and parameters: {'n_d': 22, 'n_a': 21, 'n_steps': 5, 'gamma': 1.5006019514238866, 'lambda_sparse': 7.283513706955002e-05, 'lr': 0.0013234179422868108, 'weight_decay': 3.453622834425518e-06}. Best is trial 9 with value: 0.9179213898457795.
/work/dlclarge2/alidemaa-dl_lab/automl/automl-exam-ss25-tabular-freiburg-template/automl-tabular-env/lib/python3.10/site-packages/pytorch_tabnet/callbacks.py:172: UserWarning: Best weights from best epoch are automatically used!
  warnings.warn(wrn_msg)
[I 2025-08-05 00:43:30,601] Trial 15 finished with value: 0.9130732616100099 and parameters: {'n_d': 8, 'n_a': 51, 'n_steps': 3, 'gamma': 1.5440370158901973, 'lambda_sparse': 0.00030324411593507473, 'lr': 0.0076888178937313464, 'weight_decay': 0.0007232202850154674}. Best is trial 9 with value: 0.9179213898457795.
/work/dlclarge2/alidemaa-dl_lab/automl/automl-exam-ss25-tabular-freiburg-template/automl-tabular-env/lib/python3.10/site-packages/pytorch_tabnet/callbacks.py:172: UserWarning: Best weights from best epoch are automatically used!
  warnings.warn(wrn_msg)
[I 2025-08-05 00:44:45,483] Trial 16 finished with value: 0.9145218496744489 and parameters: {'n_d': 48, 'n_a': 33, 'n_steps': 4, 'gamma': 1.191680870373606, 'lambda_sparse': 0.009097902146922892, 'lr': 0.032864454824799424, 'weight_decay': 2.3029528582930807e-06}. Best is trial 9 with value: 0.9179213898457795.
/work/dlclarge2/alidemaa-dl_lab/automl/automl-exam-ss25-tabular-freiburg-template/automl-tabular-env/lib/python3.10/site-packages/pytorch_tabnet/callbacks.py:172: UserWarning: Best weights from best epoch are automatically used!
  warnings.warn(wrn_msg)
[I 2025-08-05 00:46:16,506] Trial 17 finished with value: 0.9090106087054197 and parameters: {'n_d': 17, 'n_a': 8, 'n_steps': 6, 'gamma': 1.0253756812041475, 'lambda_sparse': 0.0013492842757266848, 'lr': 0.0023144451743074826, 'weight_decay': 5.845148961313097e-06}. Best is trial 9 with value: 0.9179213898457795.
/work/dlclarge2/alidemaa-dl_lab/automl/automl-exam-ss25-tabular-freiburg-template/automl-tabular-env/lib/python3.10/site-packages/pytorch_tabnet/callbacks.py:172: UserWarning: Best weights from best epoch are automatically used!
  warnings.warn(wrn_msg)
[I 2025-08-05 00:47:38,853] Trial 18 finished with value: 0.8704713952102126 and parameters: {'n_d': 54, 'n_a': 24, 'n_steps': 4, 'gamma': 1.834255766754706, 'lambda_sparse': 0.00015223308308815083, 'lr': 0.0005508773212811211, 'weight_decay': 8.505647912323397e-05}. Best is trial 9 with value: 0.9179213898457795.
/work/dlclarge2/alidemaa-dl_lab/automl/automl-exam-ss25-tabular-freiburg-template/automl-tabular-env/lib/python3.10/site-packages/pytorch_tabnet/callbacks.py:172: UserWarning: Best weights from best epoch are automatically used!
  warnings.warn(wrn_msg)
[I 2025-08-05 00:49:00,933] Trial 19 finished with value: 0.8999825783029074 and parameters: {'n_d': 28, 'n_a': 17, 'n_steps': 5, 'gamma': 1.7070007299450283, 'lambda_sparse': 3.849822830165186e-05, 'lr': 0.0093455070345828, 'weight_decay': 1.7460113332392707e-06}. Best is trial 9 with value: 0.9179213898457795.
/work/dlclarge2/alidemaa-dl_lab/automl/automl-exam-ss25-tabular-freiburg-template/automl-tabular-env/lib/python3.10/site-packages/pytorch_tabnet/callbacks.py:172: UserWarning: Best weights from best epoch are automatically used!
  warnings.warn(wrn_msg)
[I 2025-08-05 00:51:06,621] A new study created in memory with name: no-name-e90f31d3-0420-4a8f-9380-b20a706b949a
/work/dlclarge2/alidemaa-dl_lab/automl/automl-exam-ss25-tabular-freiburg-template/automl-tabular-env/lib/python3.10/site-packages/pytorch_tabnet/callbacks.py:172: UserWarning: Best weights from best epoch are automatically used!
  warnings.warn(wrn_msg)
[I 2025-08-05 00:52:38,278] Trial 0 finished with value: 0.913367044209143 and parameters: {'n_d': 25, 'n_a': 64, 'n_steps': 6, 'gamma': 1.0098720274534476, 'lambda_sparse': 0.00027191556628206075, 'lr': 0.0011192145257727932, 'weight_decay': 6.439373738967939e-05}. Best is trial 0 with value: 0.913367044209143.
/work/dlclarge2/alidemaa-dl_lab/automl/automl-exam-ss25-tabular-freiburg-template/automl-tabular-env/lib/python3.10/site-packages/pytorch_tabnet/callbacks.py:172: UserWarning: Best weights from best epoch are automatically used!
  warnings.warn(wrn_msg)
[I 2025-08-05 00:54:42,777] Trial 1 finished with value: 0.9125855941361883 and parameters: {'n_d': 49, 'n_a': 48, 'n_steps': 9, 'gamma': 1.2358101657896097, 'lambda_sparse': 0.002501114966386143, 'lr': 0.013467605691336103, 'weight_decay': 6.542788835189359e-05}. Best is trial 0 with value: 0.913367044209143.
/work/dlclarge2/alidemaa-dl_lab/automl/automl-exam-ss25-tabular-freiburg-template/automl-tabular-env/lib/python3.10/site-packages/pytorch_tabnet/callbacks.py:172: UserWarning: Best weights from best epoch are automatically used!
  warnings.warn(wrn_msg)
[I 2025-08-05 00:55:51,361] Trial 2 finished with value: 0.9235871167252959 and parameters: {'n_d': 27, 'n_a': 63, 'n_steps': 3, 'gamma': 1.30887138111916, 'lambda_sparse': 0.00015251177136914356, 'lr': 0.021204966964219352, 'weight_decay': 2.767389693845941e-06}. Best is trial 2 with value: 0.9235871167252959.
/work/dlclarge2/alidemaa-dl_lab/automl/automl-exam-ss25-tabular-freiburg-template/automl-tabular-env/lib/python3.10/site-packages/pytorch_tabnet/callbacks.py:172: UserWarning: Best weights from best epoch are automatically used!
  warnings.warn(wrn_msg)
[I 2025-08-05 00:57:53,985] Trial 3 finished with value: 0.9215404195497792 and parameters: {'n_d': 26, 'n_a': 32, 'n_steps': 9, 'gamma': 1.0078301644975496, 'lambda_sparse': 2.1816000655489473e-05, 'lr': 0.06305307508912304, 'weight_decay': 6.554443207633976e-05}. Best is trial 2 with value: 0.9235871167252959.
/work/dlclarge2/alidemaa-dl_lab/automl/automl-exam-ss25-tabular-freiburg-template/automl-tabular-env/lib/python3.10/site-packages/pytorch_tabnet/callbacks.py:172: UserWarning: Best weights from best epoch are automatically used!
  warnings.warn(wrn_msg)
[I 2025-08-05 00:59:57,797] Trial 4 finished with value: 0.6705299056839771 and parameters: {'n_d': 43, 'n_a': 44, 'n_steps': 9, 'gamma': 1.6613017228592577, 'lambda_sparse': 1.217731959306437e-05, 'lr': 0.000402490393712576, 'weight_decay': 8.01973286126491e-06}. Best is trial 2 with value: 0.9235871167252959.
/work/dlclarge2/alidemaa-dl_lab/automl/automl-exam-ss25-tabular-freiburg-template/automl-tabular-env/lib/python3.10/site-packages/pytorch_tabnet/callbacks.py:172: UserWarning: Best weights from best epoch are automatically used!
  warnings.warn(wrn_msg)
[I 2025-08-05 01:00:41,036] Trial 5 finished with value: 0.3783747058570106 and parameters: {'n_d': 48, 'n_a': 13, 'n_steps': 4, 'gamma': 1.9376226578412172, 'lambda_sparse': 0.008401341019525678, 'lr': 0.06687770795489294, 'weight_decay': 8.817131110246051e-06}. Best is trial 2 with value: 0.9235871167252959.
/work/dlclarge2/alidemaa-dl_lab/automl/automl-exam-ss25-tabular-freiburg-template/automl-tabular-env/lib/python3.10/site-packages/pytorch_tabnet/callbacks.py:172: UserWarning: Best weights from best epoch are automatically used!
  warnings.warn(wrn_msg)
[I 2025-08-05 01:02:02,204] Trial 6 finished with value: 0.9085068184592473 and parameters: {'n_d': 44, 'n_a': 31, 'n_steps': 4, 'gamma': 1.756437387107478, 'lambda_sparse': 0.0006539638723964382, 'lr': 0.09622894132363752, 'weight_decay': 0.0006460370708412807}. Best is trial 2 with value: 0.9235871167252959.
/work/dlclarge2/alidemaa-dl_lab/automl/automl-exam-ss25-tabular-freiburg-template/automl-tabular-env/lib/python3.10/site-packages/pytorch_tabnet/callbacks.py:172: UserWarning: Best weights from best epoch are automatically used!
  warnings.warn(wrn_msg)
[I 2025-08-05 01:04:04,774] Trial 7 finished with value: 0.9136505718611285 and parameters: {'n_d': 11, 'n_a': 22, 'n_steps': 9, 'gamma': 1.8164977281991537, 'lambda_sparse': 8.869035074591082e-05, 'lr': 0.06915177891038028, 'weight_decay': 1.0037223308971131e-05}. Best is trial 2 with value: 0.9235871167252959.
/work/dlclarge2/alidemaa-dl_lab/automl/automl-exam-ss25-tabular-freiburg-template/automl-tabular-env/lib/python3.10/site-packages/pytorch_tabnet/callbacks.py:172: UserWarning: Best weights from best epoch are automatically used!
  warnings.warn(wrn_msg)
[I 2025-08-05 01:06:06,833] Trial 8 finished with value: -0.06755364190823321 and parameters: {'n_d': 35, 'n_a': 61, 'n_steps': 9, 'gamma': 1.406677510871424, 'lambda_sparse': 0.0039892169578113245, 'lr': 0.0001230831714102954, 'weight_decay': 2.7867337444481516e-05}. Best is trial 2 with value: 0.9235871167252959.
/work/dlclarge2/alidemaa-dl_lab/automl/automl-exam-ss25-tabular-freiburg-template/automl-tabular-env/lib/python3.10/site-packages/pytorch_tabnet/callbacks.py:172: UserWarning: Best weights from best epoch are automatically used!
  warnings.warn(wrn_msg)
[I 2025-08-05 01:07:28,473] Trial 9 finished with value: 0.7068824544939065 and parameters: {'n_d': 15, 'n_a': 31, 'n_steps': 5, 'gamma': 1.4509657165199434, 'lambda_sparse': 2.1495855396072815e-05, 'lr': 0.00013110178649377124, 'weight_decay': 7.699183248997945e-05}. Best is trial 2 with value: 0.9235871167252959.
/work/dlclarge2/alidemaa-dl_lab/automl/automl-exam-ss25-tabular-freiburg-template/automl-tabular-env/lib/python3.10/site-packages/pytorch_tabnet/callbacks.py:172: UserWarning: Best weights from best epoch are automatically used!
  warnings.warn(wrn_msg)
[I 2025-08-05 01:08:36,835] Trial 10 finished with value: 0.9205243132448464 and parameters: {'n_d': 61, 'n_a': 50, 'n_steps': 3, 'gamma': 1.2719279378668995, 'lambda_sparse': 0.00011181223062514819, 'lr': 0.007047472988512997, 'weight_decay': 1.1451296556560261e-06}. Best is trial 2 with value: 0.9235871167252959.
/work/dlclarge2/alidemaa-dl_lab/automl/automl-exam-ss25-tabular-freiburg-template/automl-tabular-env/lib/python3.10/site-packages/pytorch_tabnet/callbacks.py:172: UserWarning: Best weights from best epoch are automatically used!
  warnings.warn(wrn_msg)
[I 2025-08-05 01:10:17,260] Trial 11 finished with value: 0.9303102187289346 and parameters: {'n_d': 27, 'n_a': 39, 'n_steps': 7, 'gamma': 1.036189598280014, 'lambda_sparse': 3.601146675426796e-05, 'lr': 0.019307440157338793, 'weight_decay': 1.0972485319404283e-06}. Best is trial 11 with value: 0.9303102187289346.
/work/dlclarge2/alidemaa-dl_lab/automl/automl-exam-ss25-tabular-freiburg-template/automl-tabular-env/lib/python3.10/site-packages/pytorch_tabnet/callbacks.py:172: UserWarning: Best weights from best epoch are automatically used!
  warnings.warn(wrn_msg)
[I 2025-08-05 01:11:59,538] Trial 12 finished with value: 0.9204819322602635 and parameters: {'n_d': 26, 'n_a': 55, 'n_steps': 7, 'gamma': 1.2054977889061655, 'lambda_sparse': 6.09153594232006e-05, 'lr': 0.015109348004793128, 'weight_decay': 1.7037277080334106e-06}. Best is trial 11 with value: 0.9303102187289346.
/work/dlclarge2/alidemaa-dl_lab/automl/automl-exam-ss25-tabular-freiburg-template/automl-tabular-env/lib/python3.10/site-packages/pytorch_tabnet/callbacks.py:172: UserWarning: Best weights from best epoch are automatically used!
  warnings.warn(wrn_msg)
[I 2025-08-05 01:13:41,911] Trial 13 finished with value: 0.9134297817625581 and parameters: {'n_d': 33, 'n_a': 39, 'n_steps': 7, 'gamma': 1.1306598205538252, 'lambda_sparse': 0.0003897605032530321, 'lr': 0.003025827771194542, 'weight_decay': 3.0985162602780807e-06}. Best is trial 11 with value: 0.9303102187289346.
/work/dlclarge2/alidemaa-dl_lab/automl/automl-exam-ss25-tabular-freiburg-template/automl-tabular-env/lib/python3.10/site-packages/pytorch_tabnet/callbacks.py:172: UserWarning: Best weights from best epoch are automatically used!
  warnings.warn(wrn_msg)
[I 2025-08-05 01:15:12,073] Trial 14 finished with value: 0.9259755443814688 and parameters: {'n_d': 20, 'n_a': 16, 'n_steps': 6, 'gamma': 1.3661385971175264, 'lambda_sparse': 4.761067713919301e-05, 'lr': 0.022185690559405346, 'weight_decay': 3.2848730408469187e-06}. Best is trial 11 with value: 0.9303102187289346.
/work/dlclarge2/alidemaa-dl_lab/automl/automl-exam-ss25-tabular-freiburg-template/automl-tabular-env/lib/python3.10/site-packages/pytorch_tabnet/callbacks.py:172: UserWarning: Best weights from best epoch are automatically used!
  warnings.warn(wrn_msg)
[I 2025-08-05 01:16:42,855] Trial 15 finished with value: 0.8996860242619776 and parameters: {'n_d': 17, 'n_a': 8, 'n_steps': 6, 'gamma': 1.5697882933284588, 'lambda_sparse': 4.02387428055364e-05, 'lr': 0.004953171715871577, 'weight_decay': 4.406682331349498e-06}. Best is trial 11 with value: 0.9303102187289346.
/work/dlclarge2/alidemaa-dl_lab/automl/automl-exam-ss25-tabular-freiburg-template/automl-tabular-env/lib/python3.10/site-packages/pytorch_tabnet/callbacks.py:172: UserWarning: Best weights from best epoch are automatically used!
  warnings.warn(wrn_msg)
[I 2025-08-05 01:18:18,617] Trial 16 finished with value: 0.9015773712411161 and parameters: {'n_d': 8, 'n_a': 23, 'n_steps': 7, 'gamma': 1.3873172020435596, 'lambda_sparse': 3.2843548708892705e-05, 'lr': 0.028055362289528922, 'weight_decay': 1.2156695420493635e-06}. Best is trial 11 with value: 0.9303102187289346.
/work/dlclarge2/alidemaa-dl_lab/automl/automl-exam-ss25-tabular-freiburg-template/automl-tabular-env/lib/python3.10/site-packages/pytorch_tabnet/callbacks.py:172: UserWarning: Best weights from best epoch are automatically used!
  warnings.warn(wrn_msg)
[I 2025-08-05 01:19:36,264] Trial 17 finished with value: 0.9010423467007718 and parameters: {'n_d': 21, 'n_a': 21, 'n_steps': 5, 'gamma': 1.1172844565512694, 'lambda_sparse': 1.1435474500557847e-05, 'lr': 0.0025126803699804514, 'weight_decay': 2.1369330512866165e-05}. Best is trial 11 with value: 0.9303102187289346.
/work/dlclarge2/alidemaa-dl_lab/automl/automl-exam-ss25-tabular-freiburg-template/automl-tabular-env/lib/python3.10/site-packages/pytorch_tabnet/callbacks.py:172: UserWarning: Best weights from best epoch are automatically used!
  warnings.warn(wrn_msg)
