[I 2025-08-05 18:45:41,402] Trial 25 pruned. 
2025-08-05 18:45:41 [INFO] 🔍 Trial 26: n_bootstrap=15, sample_frac=0.90
/work/dlclarge2/alidemaa-dl_lab/automl/automl-exam-ss25-tabular-freiburg-template/automl-tabular-env/lib/python3.10/site-packages/sklearn/preprocessing/_data.py:3453: RuntimeWarning: overflow encountered in power
  x_inv[pos] = np.power(x[pos] * lmbda + 1, 1 / lmbda) - 1
/work/dlclarge2/alidemaa-dl_lab/automl/automl-exam-ss25-tabular-freiburg-template/automl-tabular-env/lib/python3.10/site-packages/sklearn/preprocessing/_data.py:3453: RuntimeWarning: overflow encountered in power
  x_inv[pos] = np.power(x[pos] * lmbda + 1, 1 / lmbda) - 1
/work/dlclarge2/alidemaa-dl_lab/automl/automl-exam-ss25-tabular-freiburg-template/automl-tabular-env/lib/python3.10/site-packages/sklearn/preprocessing/_data.py:3453: RuntimeWarning: overflow encountered in power
  x_inv[pos] = np.power(x[pos] * lmbda + 1, 1 / lmbda) - 1
/work/dlclarge2/alidemaa-dl_lab/automl/automl-exam-ss25-tabular-freiburg-template/automl-tabular-env/lib/python3.10/site-packages/sklearn/preprocessing/_data.py:3453: RuntimeWarning: overflow encountered in power
  x_inv[pos] = np.power(x[pos] * lmbda + 1, 1 / lmbda) - 1
2025-08-05 18:48:08 [INFO] ⏸️ Pruned trial 26 at step 4 (R²=0.9070)
[I 2025-08-05 18:48:08,916] Trial 26 pruned. 
2025-08-05 18:48:08 [INFO] 🔍 Trial 27: n_bootstrap=12, sample_frac=0.87
2025-08-05 18:48:44 [INFO] ⏸️ Pruned trial 27 at step 1 (R²=0.9044)
[I 2025-08-05 18:48:44,186] Trial 27 pruned. 
2025-08-05 18:48:44 [INFO] 🔍 Trial 28: n_bootstrap=17, sample_frac=0.84
2025-08-05 18:49:19 [INFO] ⏸️ Pruned trial 28 at step 1 (R²=0.9039)
[I 2025-08-05 18:49:19,046] Trial 28 pruned. 
2025-08-05 18:49:19 [INFO] 🔍 Trial 29: n_bootstrap=15, sample_frac=0.78
2025-08-05 18:49:50 [INFO] ⏸️ Pruned trial 29 at step 1 (R²=0.9025)
[I 2025-08-05 18:49:50,334] Trial 29 pruned. 
2025-08-05 18:49:50 [INFO] 🏆 Best Params: {'n_bootstrap': 14, 'sample_frac': 0.8852142919229748}, R²=0.91403
2025-08-05 18:49:50 [INFO] Bootstrap training → dataset=superconductivity, device=cuda
2025-08-05 18:49:50 [INFO] [1/14] bootstrap sample size=7613
2025-08-05 18:50:28 [INFO] Saved model → /work/dlclarge2/alidemaa-dl_lab/automl/automl-exam-ss25-tabular-freiburg-template/modelsFinal-superconductivity/superconductivity/bootstrap_1.pkl
2025-08-05 18:50:28 [INFO] [2/14] bootstrap sample size=7613
2025-08-05 18:51:04 [INFO] Saved model → /work/dlclarge2/alidemaa-dl_lab/automl/automl-exam-ss25-tabular-freiburg-template/modelsFinal-superconductivity/superconductivity/bootstrap_2.pkl
2025-08-05 18:51:04 [INFO] [3/14] bootstrap sample size=7613
2025-08-05 18:51:40 [INFO] Saved model → /work/dlclarge2/alidemaa-dl_lab/automl/automl-exam-ss25-tabular-freiburg-template/modelsFinal-superconductivity/superconductivity/bootstrap_3.pkl
2025-08-05 18:51:40 [INFO] [4/14] bootstrap sample size=7613
/work/dlclarge2/alidemaa-dl_lab/automl/automl-exam-ss25-tabular-freiburg-template/automl-tabular-env/lib/python3.10/site-packages/sklearn/preprocessing/_data.py:3453: RuntimeWarning: overflow encountered in power
  x_inv[pos] = np.power(x[pos] * lmbda + 1, 1 / lmbda) - 1
/work/dlclarge2/alidemaa-dl_lab/automl/automl-exam-ss25-tabular-freiburg-template/automl-tabular-env/lib/python3.10/site-packages/sklearn/preprocessing/_data.py:3453: RuntimeWarning: overflow encountered in power
  x_inv[pos] = np.power(x[pos] * lmbda + 1, 1 / lmbda) - 1
/work/dlclarge2/alidemaa-dl_lab/automl/automl-exam-ss25-tabular-freiburg-template/automl-tabular-env/lib/python3.10/site-packages/sklearn/preprocessing/_data.py:3453: RuntimeWarning: overflow encountered in power
  x_inv[pos] = np.power(x[pos] * lmbda + 1, 1 / lmbda) - 1
/work/dlclarge2/alidemaa-dl_lab/automl/automl-exam-ss25-tabular-freiburg-template/automl-tabular-env/lib/python3.10/site-packages/sklearn/preprocessing/_data.py:3453: RuntimeWarning: overflow encountered in power
  x_inv[pos] = np.power(x[pos] * lmbda + 1, 1 / lmbda) - 1
2025-08-05 18:52:16 [INFO] Saved model → /work/dlclarge2/alidemaa-dl_lab/automl/automl-exam-ss25-tabular-freiburg-template/modelsFinal-superconductivity/superconductivity/bootstrap_4.pkl
2025-08-05 18:52:16 [INFO] [5/14] bootstrap sample size=7613
2025-08-05 18:52:51 [INFO] Saved model → /work/dlclarge2/alidemaa-dl_lab/automl/automl-exam-ss25-tabular-freiburg-template/modelsFinal-superconductivity/superconductivity/bootstrap_5.pkl
2025-08-05 18:52:51 [INFO] [6/14] bootstrap sample size=7613
2025-08-05 18:53:27 [INFO] Saved model → /work/dlclarge2/alidemaa-dl_lab/automl/automl-exam-ss25-tabular-freiburg-template/modelsFinal-superconductivity/superconductivity/bootstrap_6.pkl
2025-08-05 18:53:27 [INFO] [7/14] bootstrap sample size=7613
2025-08-05 18:54:02 [INFO] Saved model → /work/dlclarge2/alidemaa-dl_lab/automl/automl-exam-ss25-tabular-freiburg-template/modelsFinal-superconductivity/superconductivity/bootstrap_7.pkl
2025-08-05 18:54:02 [INFO] [8/14] bootstrap sample size=7613
2025-08-05 18:54:37 [INFO] Saved model → /work/dlclarge2/alidemaa-dl_lab/automl/automl-exam-ss25-tabular-freiburg-template/modelsFinal-superconductivity/superconductivity/bootstrap_8.pkl
2025-08-05 18:54:38 [INFO] [9/14] bootstrap sample size=7613
2025-08-05 18:55:13 [INFO] Saved model → /work/dlclarge2/alidemaa-dl_lab/automl/automl-exam-ss25-tabular-freiburg-template/modelsFinal-superconductivity/superconductivity/bootstrap_9.pkl
2025-08-05 18:55:13 [INFO] [10/14] bootstrap sample size=7613
2025-08-05 18:55:48 [INFO] Saved model → /work/dlclarge2/alidemaa-dl_lab/automl/automl-exam-ss25-tabular-freiburg-template/modelsFinal-superconductivity/superconductivity/bootstrap_10.pkl
2025-08-05 18:55:48 [INFO] [11/14] bootstrap sample size=7613
/work/dlclarge2/alidemaa-dl_lab/automl/automl-exam-ss25-tabular-freiburg-template/automl-tabular-env/lib/python3.10/site-packages/sklearn/preprocessing/_data.py:3453: RuntimeWarning: overflow encountered in power
  x_inv[pos] = np.power(x[pos] * lmbda + 1, 1 / lmbda) - 1
/work/dlclarge2/alidemaa-dl_lab/automl/automl-exam-ss25-tabular-freiburg-template/automl-tabular-env/lib/python3.10/site-packages/sklearn/preprocessing/_data.py:3453: RuntimeWarning: overflow encountered in power
  x_inv[pos] = np.power(x[pos] * lmbda + 1, 1 / lmbda) - 1
/work/dlclarge2/alidemaa-dl_lab/automl/automl-exam-ss25-tabular-freiburg-template/automl-tabular-env/lib/python3.10/site-packages/sklearn/preprocessing/_data.py:3453: RuntimeWarning: overflow encountered in power
  x_inv[pos] = np.power(x[pos] * lmbda + 1, 1 / lmbda) - 1
/work/dlclarge2/alidemaa-dl_lab/automl/automl-exam-ss25-tabular-freiburg-template/automl-tabular-env/lib/python3.10/site-packages/sklearn/preprocessing/_data.py:3453: RuntimeWarning: overflow encountered in power
  x_inv[pos] = np.power(x[pos] * lmbda + 1, 1 / lmbda) - 1
2025-08-05 18:56:24 [INFO] Saved model → /work/dlclarge2/alidemaa-dl_lab/automl/automl-exam-ss25-tabular-freiburg-template/modelsFinal-superconductivity/superconductivity/bootstrap_11.pkl
2025-08-05 18:56:24 [INFO] [12/14] bootstrap sample size=7613
2025-08-05 18:56:59 [INFO] Saved model → /work/dlclarge2/alidemaa-dl_lab/automl/automl-exam-ss25-tabular-freiburg-template/modelsFinal-superconductivity/superconductivity/bootstrap_12.pkl
2025-08-05 18:56:59 [INFO] [13/14] bootstrap sample size=7613
2025-08-05 18:57:34 [INFO] Saved model → /work/dlclarge2/alidemaa-dl_lab/automl/automl-exam-ss25-tabular-freiburg-template/modelsFinal-superconductivity/superconductivity/bootstrap_13.pkl
2025-08-05 18:57:35 [INFO] [14/14] bootstrap sample size=7613
2025-08-05 18:58:10 [INFO] Saved model → /work/dlclarge2/alidemaa-dl_lab/automl/automl-exam-ss25-tabular-freiburg-template/modelsFinal-superconductivity/superconductivity/bootstrap_14.pkl
2025-08-05 18:58:10 [INFO] 📊 Final OOB R² = 0.91403
2025-08-05 18:58:16 [INFO] Saved ensemble → /work/dlclarge2/alidemaa-dl_lab/automl/automl-exam-ss25-tabular-freiburg-template/modelsFinal-superconductivity/superconductivity/ensemble.pkl
2025-08-05 18:58:16 [WARNING] get_test_data failed or unavailable; skipping test R² logging
2025-08-05 18:58:16 [INFO] Total time: 506.2s
2025-08-05 18:58:16 [INFO] TabPFN →      /work/dlclarge2/alidemaa-dl_lab/automl/automl-exam-ss25-tabular-freiburg-template/modelsFinal-superconductivity/superconductivity/ensemble.pkl (R²=0.9140)
2025-08-05 18:58:16 [INFO] Training tree-based model...
2025-08-05 18:58:16 [INFO] AutoML pipeline started
2025-08-05 18:58:16 [INFO] Output directory '/work/dlclarge2/alidemaa-dl_lab/automl/automl-exam-ss25-tabular-freiburg-template/modelsFinal-superconductivity' is ready and logging is configured.
2025-08-05 18:58:16 [INFO] Merged training data: 8601 rows
2025-08-05 18:58:16 [INFO] Split data into pool (7740 rows) and validation (861 rows)
2025-08-05 18:58:16 [INFO] Feature engineering completed: 81 features
[I 2025-08-05 18:58:16,760] A new study created in memory with name: no-name-fb2bb84f-f194-40a7-8311-c3cc4ab4e404
TBB Warning: The number of workers is currently limited to 7. The request for 63 workers is ignored. Further requests for more workers will be silently ignored until the limit changes.

[I 2025-08-05 19:21:23,737] Trial 0 finished with value: -0.9035348998658476 and parameters: {'learning_rate': 0.03574712922600244, 'depth': 12, 'l2_leaf_reg': 7.587945476302646, 'border_count': 166}. Best is trial 0 with value: -0.9035348998658476.
[I 2025-08-05 19:21:49,389] Trial 1 finished with value: -0.881112791492493 and parameters: {'learning_rate': 0.01700037298921102, 'depth': 5, 'l2_leaf_reg': 1.5227525095137953, 'border_count': 226}. Best is trial 0 with value: -0.9035348998658476.
[I 2025-08-05 19:26:09,159] Trial 2 finished with value: -0.9054630928760208 and parameters: {'learning_rate': 0.07725378389307355, 'depth': 10, 'l2_leaf_reg': 1.185260448662222, 'border_count': 249}. Best is trial 2 with value: -0.9054630928760208.
[I 2025-08-05 19:26:22,096] Trial 3 finished with value: -0.9033774392259813 and parameters: {'learning_rate': 0.16967533607196555, 'depth': 5, 'l2_leaf_reg': 2.636424704863906, 'border_count': 73}. Best is trial 2 with value: -0.9054630928760208.
[I 2025-08-05 19:27:21,392] Trial 4 finished with value: -0.9021292610359591 and parameters: {'learning_rate': 0.028145092716060652, 'depth': 8, 'l2_leaf_reg': 4.887505167779041, 'border_count': 97}. Best is trial 2 with value: -0.9054630928760208.
[I 2025-08-05 19:27:39,480] Trial 5 finished with value: -0.9018120958132398 and parameters: {'learning_rate': 0.08012737503998542, 'depth': 5, 'l2_leaf_reg': 3.629301836816963, 'border_count': 114}. Best is trial 2 with value: -0.9054630928760208.
[I 2025-08-05 19:36:04,715] Trial 6 finished with value: -0.904797138674262 and parameters: {'learning_rate': 0.04717052037625178, 'depth': 11, 'l2_leaf_reg': 2.7970640394252375, 'border_count': 147}. Best is trial 2 with value: -0.9054630928760208.
[I 2025-08-05 19:36:17,101] Trial 7 finished with value: -0.8945970786019426 and parameters: {'learning_rate': 0.07500118950416987, 'depth': 4, 'l2_leaf_reg': 6.467903667112945, 'border_count': 70}. Best is trial 2 with value: -0.9054630928760208.
[I 2025-08-05 20:06:20,059] Trial 8 finished with value: -0.8926738508716866 and parameters: {'learning_rate': 0.012476394272569451, 'depth': 12, 'l2_leaf_reg': 9.690688297671034, 'border_count': 213}. Best is trial 2 with value: -0.9054630928760208.
[I 2025-08-05 20:06:34,774] Trial 9 finished with value: -0.879681879635745 and parameters: {'learning_rate': 0.028180680291847244, 'depth': 4, 'l2_leaf_reg': 7.158097238609412, 'border_count': 130}. Best is trial 2 with value: -0.9054630928760208.
[I 2025-08-05 20:07:45,685] Trial 10 finished with value: -0.8977996399039594 and parameters: {'learning_rate': 0.2565418558482462, 'depth': 9, 'l2_leaf_reg': 1.0679258738466366, 'border_count': 245}. Best is trial 2 with value: -0.9054630928760208.
[I 2025-08-05 20:10:39,675] Trial 11 finished with value: -0.904514103625071 and parameters: {'learning_rate': 0.11386552028513468, 'depth': 10, 'l2_leaf_reg': 3.2989911288867892, 'border_count': 174}. Best is trial 2 with value: -0.9054630928760208.
[I 2025-08-05 20:11:50,530] Trial 12 finished with value: -0.9049626837448024 and parameters: {'learning_rate': 0.05033186585861864, 'depth': 10, 'l2_leaf_reg': 2.289400076603518, 'border_count': 41}. Best is trial 2 with value: -0.9054630928760208.
[I 2025-08-05 20:12:17,017] Trial 13 finished with value: -0.9057326041034607 and parameters: {'learning_rate': 0.07122029027347643, 'depth': 8, 'l2_leaf_reg': 4.828669263061995, 'border_count': 36}. Best is trial 13 with value: -0.9057326041034607.
[I 2025-08-05 20:13:56,926] Trial 14 finished with value: -0.9045533012648113 and parameters: {'learning_rate': 0.11282606173806252, 'depth': 8, 'l2_leaf_reg': 4.959648726075822, 'border_count': 200}. Best is trial 13 with value: -0.9057326041034607.
[I 2025-08-05 20:14:20,641] Trial 15 finished with value: -0.904560745982901 and parameters: {'learning_rate': 0.0798741166181051, 'depth': 7, 'l2_leaf_reg': 9.305634269324253, 'border_count': 51}. Best is trial 13 with value: -0.9057326041034607.
[I 2025-08-05 20:15:18,072] Trial 16 finished with value: -0.9043189544147315 and parameters: {'learning_rate': 0.13811007646509937, 'depth': 7, 'l2_leaf_reg': 4.206703796942942, 'border_count': 255}. Best is trial 13 with value: -0.9057326041034607.
[I 2025-08-05 20:16:11,873] Trial 17 finished with value: -0.9012641840747284 and parameters: {'learning_rate': 0.246063214941863, 'depth': 9, 'l2_leaf_reg': 6.079330114147569, 'border_count': 94}. Best is trial 13 with value: -0.9057326041034607.
[I 2025-08-05 20:17:10,126] Trial 18 finished with value: -0.9034551461743568 and parameters: {'learning_rate': 0.06296662033709352, 'depth': 7, 'l2_leaf_reg': 8.28621026517803, 'border_count': 187}. Best is trial 13 with value: -0.9057326041034607.
[I 2025-08-05 20:21:09,924] Trial 19 finished with value: -0.9058724660543348 and parameters: {'learning_rate': 0.038872073654814585, 'depth': 10, 'l2_leaf_reg': 2.0063211811004935, 'border_count': 150}. Best is trial 19 with value: -0.9058724660543348.
[I 2025-08-05 20:31:04,515] Trial 20 finished with value: -0.9026965879421583 and parameters: {'learning_rate': 0.01923706733849963, 'depth': 11, 'l2_leaf_reg': 4.251746574908432, 'border_count': 154}. Best is trial 19 with value: -0.9058724660543348.
[I 2025-08-05 20:33:30,715] Trial 21 finished with value: -0.9061684225335739 and parameters: {'learning_rate': 0.040460206635110234, 'depth': 9, 'l2_leaf_reg': 2.135345942225476, 'border_count': 133}. Best is trial 21 with value: -0.9061684225335739.
[I 2025-08-05 20:35:51,624] Trial 22 finished with value: -0.9057550170984848 and parameters: {'learning_rate': 0.03745612674981517, 'depth': 9, 'l2_leaf_reg': 1.9791679201792076, 'border_count': 125}. Best is trial 21 with value: -0.9061684225335739.
[I 2025-08-05 20:38:12,237] Trial 23 finished with value: -0.9056136130935878 and parameters: {'learning_rate': 0.032338403828834426, 'depth': 9, 'l2_leaf_reg': 1.9084588333020602, 'border_count': 126}. Best is trial 21 with value: -0.9061684225335739.
[I 2025-08-05 20:45:16,251] Trial 24 finished with value: -0.9053490388925713 and parameters: {'learning_rate': 0.03934033584426251, 'depth': 11, 'l2_leaf_reg': 3.187389802652512, 'border_count': 116}. Best is trial 21 with value: -0.9061684225335739.
[I 2025-08-05 20:47:51,527] Trial 25 finished with value: -0.9038054963669253 and parameters: {'learning_rate': 0.02193735028131287, 'depth': 9, 'l2_leaf_reg': 2.024504289043972, 'border_count': 140}. Best is trial 21 with value: -0.9061684225335739.
[I 2025-08-05 20:50:22,990] Trial 26 finished with value: -0.9048126091856303 and parameters: {'learning_rate': 0.04420741311989277, 'depth': 10, 'l2_leaf_reg': 3.7334960899626215, 'border_count': 97}. Best is trial 21 with value: -0.9061684225335739.
[I 2025-08-05 20:53:26,027] Trial 27 finished with value: -0.9043281364358959 and parameters: {'learning_rate': 0.02476814477318309, 'depth': 9, 'l2_leaf_reg': 1.8221889826067132, 'border_count': 164}. Best is trial 21 with value: -0.9061684225335739.
[I 2025-08-05 20:53:59,641] Trial 28 finished with value: -0.8837169719702589 and parameters: {'learning_rate': 0.014181787025195142, 'depth': 6, 'l2_leaf_reg': 2.630938518940405, 'border_count': 183}. Best is trial 21 with value: -0.9061684225335739.
[I 2025-08-05 21:12:16,005] Trial 29 finished with value: -0.9034729393069709 and parameters: {'learning_rate': 0.033038385497562876, 'depth': 12, 'l2_leaf_reg': 1.0598975780138133, 'border_count': 167}. Best is trial 21 with value: -0.9061684225335739.
[I 2025-08-05 21:13:21,850] Trial 30 finished with value: -0.9057222203534439 and parameters: {'learning_rate': 0.057740116037039636, 'depth': 8, 'l2_leaf_reg': 5.7327003561495795, 'border_count': 110}. Best is trial 21 with value: -0.9061684225335739.
[I 2025-08-05 21:14:10,856] Trial 31 finished with value: -0.904121265363244 and parameters: {'learning_rate': 0.04196728559376899, 'depth': 8, 'l2_leaf_reg': 4.322664702508494, 'border_count': 77}. Best is trial 21 with value: -0.9061684225335739.
[I 2025-08-05 21:14:38,137] Trial 32 finished with value: -0.906209439490536 and parameters: {'learning_rate': 0.057501390005252596, 'depth': 8, 'l2_leaf_reg': 2.9523505882982746, 'border_count': 32}. Best is trial 32 with value: -0.906209439490536.
[I 2025-08-05 21:18:25,241] Trial 33 finished with value: -0.9058402913777777 and parameters: {'learning_rate': 0.03628878126170727, 'depth': 10, 'l2_leaf_reg': 1.5391434875365013, 'border_count': 140}. Best is trial 32 with value: -0.906209439490536.
[I 2025-08-05 21:19:51,329] Trial 34 finished with value: -0.9062160891500698 and parameters: {'learning_rate': 0.05270722251252176, 'depth': 10, 'l2_leaf_reg': 1.6446852293868814, 'border_count': 57}. Best is trial 34 with value: -0.9062160891500698.
[I 2025-08-05 21:21:21,269] Trial 35 finished with value: -0.9033530459205685 and parameters: {'learning_rate': 0.10165711465203642, 'depth': 11, 'l2_leaf_reg': 2.6961942776200942, 'border_count': 57}. Best is trial 34 with value: -0.9062160891500698.
[I 2025-08-05 21:23:18,896] Trial 36 finished with value: -0.9056783196982578 and parameters: {'learning_rate': 0.05499722800708357, 'depth': 10, 'l2_leaf_reg': 3.1444149744248344, 'border_count': 83}. Best is trial 34 with value: -0.9062160891500698.
[I 2025-08-05 21:23:35,905] Trial 37 finished with value: -0.903848960659132 and parameters: {'learning_rate': 0.09399665050928128, 'depth': 6, 'l2_leaf_reg': 1.3756738510939974, 'border_count': 59}. Best is trial 34 with value: -0.9062160891500698.
[I 2025-08-05 21:25:02,711] Trial 38 finished with value: -0.9052585293790084 and parameters: {'learning_rate': 0.05963618878696584, 'depth': 11, 'l2_leaf_reg': 2.5390035915665847, 'border_count': 34}. Best is trial 34 with value: -0.9062160891500698.
[I 2025-08-05 21:26:19,287] Trial 39 finished with value: -0.9053215034178086 and parameters: {'learning_rate': 0.02991120025264205, 'depth': 9, 'l2_leaf_reg': 1.6027471616251896, 'border_count': 65}. Best is trial 34 with value: -0.9062160891500698.
[I 2025-08-05 21:32:05,948] Trial 40 finished with value: -0.9035191152416966 and parameters: {'learning_rate': 0.02352628804054321, 'depth': 12, 'l2_leaf_reg': 3.5879526659283183, 'border_count': 49}. Best is trial 34 with value: -0.9062160891500698.
[I 2025-08-05 21:35:26,902] Trial 41 finished with value: -0.9059046199508994 and parameters: {'learning_rate': 0.04799698839653821, 'depth': 10, 'l2_leaf_reg': 1.455149385171377, 'border_count': 143}. Best is trial 34 with value: -0.9062160891500698.
[I 2025-08-05 21:39:28,031] Trial 42 finished with value: -0.9055918311569368 and parameters: {'learning_rate': 0.044394940341378114, 'depth': 10, 'l2_leaf_reg': 2.309222238037279, 'border_count': 151}. Best is trial 34 with value: -0.9062160891500698.
[I 2025-08-05 21:43:59,362] Trial 43 finished with value: -0.9046372473820329 and parameters: {'learning_rate': 0.04974672402335829, 'depth': 11, 'l2_leaf_reg': 1.4296636780513556, 'border_count': 91}. Best is trial 34 with value: -0.9062160891500698.
[I 2025-08-05 21:47:25,235] Trial 44 finished with value: -0.9051976839830754 and parameters: {'learning_rate': 0.06865305426775603, 'depth': 10, 'l2_leaf_reg': 2.1491043924823825, 'border_count': 156}. Best is trial 34 with value: -0.9062160891500698.
[I 2025-08-05 21:54:10,901] Trial 45 finished with value: -0.905205174042368 and parameters: {'learning_rate': 0.02702738964384708, 'depth': 10, 'l2_leaf_reg': 1.1541797841104646, 'border_count': 221}. Best is trial 34 with value: -0.9062160891500698.
[I 2025-08-05 21:55:06,906] Trial 46 finished with value: -0.9061003129229951 and parameters: {'learning_rate': 0.08836372911481052, 'depth': 8, 'l2_leaf_reg': 3.0696319599631545, 'border_count': 107}. Best is trial 34 with value: -0.9062160891500698.
[I 2025-08-05 21:55:44,011] Trial 47 finished with value: -0.9056412834273463 and parameters: {'learning_rate': 0.08804063094866992, 'depth': 7, 'l2_leaf_reg': 2.9761018604334786, 'border_count': 115}. Best is trial 34 with value: -0.9062160891500698.
[I 2025-08-05 21:56:01,443] Trial 48 finished with value: -0.9030776841307603 and parameters: {'learning_rate': 0.18554319334337205, 'depth': 8, 'l2_leaf_reg': 3.58013415548446, 'border_count': 44}. Best is trial 34 with value: -0.9062160891500698.
[I 2025-08-05 21:56:22,708] Trial 49 finished with value: -0.9039045881752819 and parameters: {'learning_rate': 0.14149006779882917, 'depth': 6, 'l2_leaf_reg': 2.4834358303579025, 'border_count': 108}. Best is trial 34 with value: -0.9062160891500698.
[I 2025-08-05 21:57:53,835] Trial 50 finished with value: -0.905072061799746 and parameters: {'learning_rate': 0.051296254731770866, 'depth': 9, 'l2_leaf_reg': 3.7999698920245475, 'border_count': 85}. Best is trial 34 with value: -0.9062160891500698.
