[I 2025-08-05 22:58:30,076] Trial 24 finished with value: -0.9081796343548628 and parameters: {'learning_rate': 0.046190830647000004, 'num_leaves': 169, 'max_depth': 10, 'min_child_samples': 34, 'feature_fraction': 0.6008702039867763, 'bagging_fraction': 0.6836380459367555, 'reg_alpha': 6.737421498849302e-08, 'reg_lambda': 7.265376941838606}. Best is trial 24 with value: -0.9081796343548628.
[I 2025-08-05 22:58:40,839] Trial 25 finished with value: -0.9077483536453503 and parameters: {'learning_rate': 0.0463222122743926, 'num_leaves': 160, 'max_depth': 10, 'min_child_samples': 32, 'feature_fraction': 0.5474717297804558, 'bagging_fraction': 0.6872765865692698, 'reg_alpha': 2.467723761283506e-06, 'reg_lambda': 9.879192474391198}. Best is trial 24 with value: -0.9081796343548628.
[I 2025-08-05 22:58:50,078] Trial 26 finished with value: -0.9077019757157265 and parameters: {'learning_rate': 0.05319380261269459, 'num_leaves': 154, 'max_depth': 7, 'min_child_samples': 17, 'feature_fraction': 0.5439210829881591, 'bagging_fraction': 0.7449560141947525, 'reg_alpha': 1.9712784780108168e-06, 'reg_lambda': 9.599114234402482}. Best is trial 24 with value: -0.9081796343548628.
[I 2025-08-05 22:58:58,700] Trial 27 finished with value: -0.9061872144846083 and parameters: {'learning_rate': 0.052563657213184296, 'num_leaves': 158, 'max_depth': 7, 'min_child_samples': 12, 'feature_fraction': 0.5460101277993694, 'bagging_fraction': 0.7390310897251646, 'reg_alpha': 3.488383131670746e-06, 'reg_lambda': 2.764904901558571}. Best is trial 24 with value: -0.9081796343548628.
[I 2025-08-05 22:59:03,314] Trial 28 finished with value: -0.9063657954754609 and parameters: {'learning_rate': 0.12354486423701516, 'num_leaves': 109, 'max_depth': 9, 'min_child_samples': 19, 'feature_fraction': 0.5191347796341133, 'bagging_fraction': 0.7665776789456951, 'reg_alpha': 1.8813966925434903e-05, 'reg_lambda': 1.6902749588425065e-08}. Best is trial 24 with value: -0.9081796343548628.
[I 2025-08-05 22:59:12,166] Trial 29 finished with value: -0.9062940541791891 and parameters: {'learning_rate': 0.04336916626266124, 'num_leaves': 89, 'max_depth': 6, 'min_child_samples': 32, 'feature_fraction': 0.5610266110678486, 'bagging_fraction': 0.6008969541990026, 'reg_alpha': 4.807552790027495e-05, 'reg_lambda': 1.45776026056089}. Best is trial 24 with value: -0.9081796343548628.
[I 2025-08-05 22:59:21,871] Trial 30 finished with value: -0.9078169104646537 and parameters: {'learning_rate': 0.05716754928186009, 'num_leaves': 125, 'max_depth': 9, 'min_child_samples': 18, 'feature_fraction': 0.5008223297880297, 'bagging_fraction': 0.8600004349033858, 'reg_alpha': 0.0009024463365983395, 'reg_lambda': 8.998517706807965}. Best is trial 24 with value: -0.9081796343548628.
[I 2025-08-05 22:59:30,797] Trial 31 finished with value: -0.9077679392503691 and parameters: {'learning_rate': 0.059113829964257986, 'num_leaves': 158, 'max_depth': 9, 'min_child_samples': 17, 'feature_fraction': 0.5046991706866294, 'bagging_fraction': 0.8595628562897957, 'reg_alpha': 0.0005775859340676626, 'reg_lambda': 9.400750601997483}. Best is trial 24 with value: -0.9081796343548628.
[I 2025-08-05 22:59:38,349] Trial 32 finished with value: -0.9076245659611079 and parameters: {'learning_rate': 0.060367673643222715, 'num_leaves': 121, 'max_depth': 9, 'min_child_samples': 19, 'feature_fraction': 0.5009728307189619, 'bagging_fraction': 0.9058204306647039, 'reg_alpha': 0.0006617068912876942, 'reg_lambda': 1.4071703360612748}. Best is trial 24 with value: -0.9081796343548628.
[I 2025-08-05 22:59:46,405] Trial 33 finished with value: -0.9084743262398363 and parameters: {'learning_rate': 0.07096674907079562, 'num_leaves': 189, 'max_depth': 10, 'min_child_samples': 31, 'feature_fraction': 0.5722081763565906, 'bagging_fraction': 0.8647850923781163, 'reg_alpha': 0.000761677616809736, 'reg_lambda': 3.97531577198092}. Best is trial 33 with value: -0.9084743262398363.
[I 2025-08-05 22:59:53,150] Trial 34 finished with value: -0.9061440699877382 and parameters: {'learning_rate': 0.07491551859216794, 'num_leaves': 193, 'max_depth': 9, 'min_child_samples': 23, 'feature_fraction': 0.5786542319093593, 'bagging_fraction': 0.8664753413946731, 'reg_alpha': 0.0006819117063621031, 'reg_lambda': 0.05445572930948782}. Best is trial 33 with value: -0.9084743262398363.
[I 2025-08-05 23:00:01,734] Trial 35 finished with value: -0.9070539419580921 and parameters: {'learning_rate': 0.060782278329659704, 'num_leaves': 84, 'max_depth': 11, 'min_child_samples': 33, 'feature_fraction': 0.6224411700596307, 'bagging_fraction': 0.9424333141500364, 'reg_alpha': 0.002559091491404955, 'reg_lambda': 0.6902259728991694}. Best is trial 33 with value: -0.9084743262398363.
[I 2025-08-05 23:00:08,422] Trial 36 finished with value: -0.9056910953476722 and parameters: {'learning_rate': 0.10960055026647238, 'num_leaves': 189, 'max_depth': 9, 'min_child_samples': 14, 'feature_fraction': 0.660769563406926, 'bagging_fraction': 0.8354544782035798, 'reg_alpha': 0.018905216754490823, 'reg_lambda': 2.445562400421796}. Best is trial 33 with value: -0.9084743262398363.
[I 2025-08-05 23:00:14,675] Trial 37 finished with value: -0.9071515386889735 and parameters: {'learning_rate': 0.08421668508261378, 'num_leaves': 126, 'max_depth': 8, 'min_child_samples': 26, 'feature_fraction': 0.5719287818579143, 'bagging_fraction': 0.8629891793322497, 'reg_alpha': 0.010181259337356216, 'reg_lambda': 0.007454640146566137}. Best is trial 33 with value: -0.9084743262398363.
[I 2025-08-05 23:00:22,920] Trial 38 finished with value: -0.9071170758303977 and parameters: {'learning_rate': 0.06193358903571701, 'num_leaves': 146, 'max_depth': 10, 'min_child_samples': 41, 'feature_fraction': 0.5234990225573745, 'bagging_fraction': 0.5013339806386407, 'reg_alpha': 0.00033893979708191454, 'reg_lambda': 0.1805973417294544}. Best is trial 33 with value: -0.9084743262398363.
[I 2025-08-05 23:00:34,612] Trial 39 finished with value: -0.9059901660185634 and parameters: {'learning_rate': 0.04087616121302868, 'num_leaves': 203, 'max_depth': 7, 'min_child_samples': 10, 'feature_fraction': 0.6406089351880103, 'bagging_fraction': 0.9354492238547845, 'reg_alpha': 0.036980007509097856, 'reg_lambda': 2.718755069186668}. Best is trial 33 with value: -0.9084743262398363.
[I 2025-08-05 23:00:49,812] Trial 40 finished with value: -0.9079827542361645 and parameters: {'learning_rate': 0.029295285477265346, 'num_leaves': 151, 'max_depth': 11, 'min_child_samples': 17, 'feature_fraction': 0.5006113940042964, 'bagging_fraction': 0.9951875422103529, 'reg_alpha': 0.6017550679705532, 'reg_lambda': 6.11200763140353e-05}. Best is trial 33 with value: -0.9084743262398363.
[I 2025-08-05 23:01:04,726] Trial 41 finished with value: -0.9088780470526705 and parameters: {'learning_rate': 0.030324536592560476, 'num_leaves': 148, 'max_depth': 11, 'min_child_samples': 17, 'feature_fraction': 0.5250801133317168, 'bagging_fraction': 0.9878680337515664, 'reg_alpha': 1.0678526883794393, 'reg_lambda': 9.341747823105507e-05}. Best is trial 41 with value: -0.9088780470526705.
[I 2025-08-05 23:01:23,768] Trial 42 finished with value: -0.9082239254728914 and parameters: {'learning_rate': 0.018698754209087617, 'num_leaves': 131, 'max_depth': 11, 'min_child_samples': 23, 'feature_fraction': 0.5608602289465148, 'bagging_fraction': 0.9969137060167707, 'reg_alpha': 1.3570279696997636, 'reg_lambda': 6.71387153818284e-05}. Best is trial 41 with value: -0.9088780470526705.
[I 2025-08-05 23:01:43,008] Trial 43 finished with value: -0.9076055794322568 and parameters: {'learning_rate': 0.018583681203696394, 'num_leaves': 145, 'max_depth': 11, 'min_child_samples': 29, 'feature_fraction': 0.5946152321734297, 'bagging_fraction': 0.9998329620424861, 'reg_alpha': 1.3761262121751299, 'reg_lambda': 7.496555274502435e-05}. Best is trial 41 with value: -0.9088780470526705.
[I 2025-08-05 23:01:58,374] Trial 44 finished with value: -0.9090428744892509 and parameters: {'learning_rate': 0.02918125923333743, 'num_leaves': 180, 'max_depth': 11, 'min_child_samples': 23, 'feature_fraction': 0.560546946157968, 'bagging_fraction': 0.9755917970015285, 'reg_alpha': 0.9199685269576556, 'reg_lambda': 6.3003243794649695e-06}. Best is trial 44 with value: -0.9090428744892509.
[I 2025-08-05 23:02:18,433] Trial 45 finished with value: -0.9084905822321632 and parameters: {'learning_rate': 0.019795377732763703, 'num_leaves': 180, 'max_depth': 12, 'min_child_samples': 23, 'feature_fraction': 0.5632861419254647, 'bagging_fraction': 0.971689757492779, 'reg_alpha': 6.070543611683481, 'reg_lambda': 3.1164930022794467e-06}. Best is trial 44 with value: -0.9090428744892509.
[I 2025-08-05 23:02:38,307] Trial 46 finished with value: -0.9084993728224516 and parameters: {'learning_rate': 0.019913163505687878, 'num_leaves': 178, 'max_depth': 12, 'min_child_samples': 23, 'feature_fraction': 0.5648123285172312, 'bagging_fraction': 0.9653889720933378, 'reg_alpha': 5.552661288651738, 'reg_lambda': 2.5522139269778295e-06}. Best is trial 44 with value: -0.9090428744892509.
[I 2025-08-05 23:02:53,053] Trial 47 finished with value: -0.9016868754426438 and parameters: {'learning_rate': 0.014198861668638155, 'num_leaves': 204, 'max_depth': 12, 'min_child_samples': 94, 'feature_fraction': 0.6771291535654584, 'bagging_fraction': 0.9175068784617368, 'reg_alpha': 8.137544597501845, 'reg_lambda': 3.4703741092773985e-06}. Best is trial 44 with value: -0.9090428744892509.
[I 2025-08-05 23:03:21,134] Trial 48 finished with value: -0.9083691672490227 and parameters: {'learning_rate': 0.016150142627436182, 'num_leaves': 181, 'max_depth': 14, 'min_child_samples': 22, 'feature_fraction': 0.6234873022059475, 'bagging_fraction': 0.9666975623858717, 'reg_alpha': 3.308551311864477, 'reg_lambda': 1.8892353168056518e-06}. Best is trial 44 with value: -0.9090428744892509.
[I 2025-08-05 23:03:37,562] Trial 49 finished with value: -0.907900917205472 and parameters: {'learning_rate': 0.022149420059708665, 'num_leaves': 205, 'max_depth': 12, 'min_child_samples': 38, 'feature_fraction': 0.5288663521066846, 'bagging_fraction': 0.962995483645096, 'reg_alpha': 0.1741978172671034, 'reg_lambda': 0.000305587029185254}. Best is trial 44 with value: -0.9090428744892509.
[I 2025-08-05 23:03:57,335] Trial 50 finished with value: -0.908562617143623 and parameters: {'learning_rate': 0.021140206408612656, 'num_leaves': 181, 'max_depth': 14, 'min_child_samples': 30, 'feature_fraction': 0.5682778481952957, 'bagging_fraction': 0.9688038448374808, 'reg_alpha': 0.35544201160500194, 'reg_lambda': 4.2506968886679546e-07}. Best is trial 44 with value: -0.9090428744892509.
[I 2025-08-05 23:04:13,367] Trial 51 finished with value: -0.9086022152608638 and parameters: {'learning_rate': 0.027484185894987776, 'num_leaves': 180, 'max_depth': 14, 'min_child_samples': 30, 'feature_fraction': 0.569308468087885, 'bagging_fraction': 0.9676324239810402, 'reg_alpha': 0.40575545896436377, 'reg_lambda': 2.5704638651274256e-07}. Best is trial 44 with value: -0.9090428744892509.
[I 2025-08-05 23:04:30,517] Trial 52 finished with value: -0.9089689440450396 and parameters: {'learning_rate': 0.027192247112965754, 'num_leaves': 181, 'max_depth': 15, 'min_child_samples': 26, 'feature_fraction': 0.5571091947405361, 'bagging_fraction': 0.9682098387069266, 'reg_alpha': 0.3769896537989194, 'reg_lambda': 1.774774332644953e-07}. Best is trial 44 with value: -0.9090428744892509.
[I 2025-08-05 23:04:48,210] Trial 53 finished with value: -0.9091113424032666 and parameters: {'learning_rate': 0.027668783615986063, 'num_leaves': 173, 'max_depth': 15, 'min_child_samples': 27, 'feature_fraction': 0.5382479271908779, 'bagging_fraction': 0.9227138193483182, 'reg_alpha': 0.413963155698803, 'reg_lambda': 7.165499826438698e-08}. Best is trial 53 with value: -0.9091113424032666.
[I 2025-08-05 23:05:06,004] Trial 54 finished with value: -0.9094963844413979 and parameters: {'learning_rate': 0.027176475539049436, 'num_leaves': 217, 'max_depth': 15, 'min_child_samples': 27, 'feature_fraction': 0.5325570905314148, 'bagging_fraction': 0.9193296119833663, 'reg_alpha': 0.3546274298656642, 'reg_lambda': 1.252829945211456e-07}. Best is trial 54 with value: -0.9094963844413979.
[I 2025-08-05 23:05:25,325] Trial 55 finished with value: -0.9082671512402808 and parameters: {'learning_rate': 0.02734637379131242, 'num_leaves': 248, 'max_depth': 15, 'min_child_samples': 14, 'feature_fraction': 0.5234657104299887, 'bagging_fraction': 0.9254049872281699, 'reg_alpha': 0.09344952325197438, 'reg_lambda': 1.0569545249471009e-07}. Best is trial 54 with value: -0.9094963844413979.
[I 2025-08-05 23:05:41,102] Trial 56 finished with value: -0.9090398097189876 and parameters: {'learning_rate': 0.031195372052740953, 'num_leaves': 198, 'max_depth': 15, 'min_child_samples': 27, 'feature_fraction': 0.5371293519666569, 'bagging_fraction': 0.8844935516589814, 'reg_alpha': 0.9263281851297029, 'reg_lambda': 1.772016007891776e-07}. Best is trial 54 with value: -0.9094963844413979.
[I 2025-08-05 23:05:57,249] Trial 57 finished with value: -0.9077671488521192 and parameters: {'learning_rate': 0.03262357601387672, 'num_leaves': 215, 'max_depth': 15, 'min_child_samples': 41, 'feature_fraction': 0.5407702599117948, 'bagging_fraction': 0.8942658711248118, 'reg_alpha': 1.138139835396122, 'reg_lambda': 2.1569550234963865e-08}. Best is trial 54 with value: -0.9094963844413979.
[I 2025-08-05 23:06:16,690] Trial 58 finished with value: -0.9080574624236826 and parameters: {'learning_rate': 0.02416627390297279, 'num_leaves': 234, 'max_depth': 15, 'min_child_samples': 26, 'feature_fraction': 0.6117024614204931, 'bagging_fraction': 0.9487907816320554, 'reg_alpha': 0.15045867393959622, 'reg_lambda': 4.2549716539231116e-08}. Best is trial 54 with value: -0.9094963844413979.
[I 2025-08-05 23:06:30,056] Trial 59 finished with value: -0.9089539771832122 and parameters: {'learning_rate': 0.03644906317369762, 'num_leaves': 223, 'max_depth': 14, 'min_child_samples': 26, 'feature_fraction': 0.5292932373330597, 'bagging_fraction': 0.8865960507580686, 'reg_alpha': 0.04906377431393428, 'reg_lambda': 9.456588739364051e-07}. Best is trial 54 with value: -0.9094963844413979.
[I 2025-08-05 23:06:45,216] Trial 60 finished with value: -0.907487338707129 and parameters: {'learning_rate': 0.036586275059083365, 'num_leaves': 222, 'max_depth': 15, 'min_child_samples': 35, 'feature_fraction': 0.757950589129092, 'bagging_fraction': 0.8867376837462253, 'reg_alpha': 0.045136097940431046, 'reg_lambda': 1.0721706467923482e-06}. Best is trial 54 with value: -0.9094963844413979.
[I 2025-08-05 23:07:06,194] Trial 61 finished with value: -0.9064320204333178 and parameters: {'learning_rate': 0.03099616058642368, 'num_leaves': 240, 'max_depth': 14, 'min_child_samples': 26, 'feature_fraction': 0.9454755410985063, 'bagging_fraction': 0.91558277573634, 'reg_alpha': 2.594450635395255, 'reg_lambda': 1.5473720559488873e-07}. Best is trial 54 with value: -0.9094963844413979.
[I 2025-08-05 23:07:25,006] Trial 62 finished with value: -0.9092280609722492 and parameters: {'learning_rate': 0.025763288507284463, 'num_leaves': 198, 'max_depth': 14, 'min_child_samples': 20, 'feature_fraction': 0.5321815223966333, 'bagging_fraction': 0.9456756292067313, 'reg_alpha': 0.6091090121894429, 'reg_lambda': 5.3466226557505283e-08}. Best is trial 54 with value: -0.9094963844413979.
[I 2025-08-05 23:07:42,503] Trial 63 finished with value: -0.9081008903927212 and parameters: {'learning_rate': 0.025358668030426596, 'num_leaves': 210, 'max_depth': 15, 'min_child_samples': 37, 'feature_fraction': 0.5482281611798029, 'bagging_fraction': 0.9453248282569768, 'reg_alpha': 0.006690506056965627, 'reg_lambda': 7.898278999344336e-08}. Best is trial 54 with value: -0.9094963844413979.
[I 2025-08-05 23:07:57,939] Trial 64 finished with value: -0.9077680914066416 and parameters: {'learning_rate': 0.03506474009945941, 'num_leaves': 196, 'max_depth': 14, 'min_child_samples': 20, 'feature_fraction': 0.5926624347290742, 'bagging_fraction': 0.8224847510576758, 'reg_alpha': 0.5722477856648067, 'reg_lambda': 4.322106610278296e-08}. Best is trial 54 with value: -0.9094963844413979.
[I 2025-08-05 23:08:15,387] Trial 65 finished with value: -0.908981140045485 and parameters: {'learning_rate': 0.025092914734249072, 'num_leaves': 225, 'max_depth': 13, 'min_child_samples': 28, 'feature_fraction': 0.5410785974909001, 'bagging_fraction': 0.9022792069888415, 'reg_alpha': 0.21532922768984042, 'reg_lambda': 1.0167768248574928e-08}. Best is trial 54 with value: -0.9094963844413979.
[I 2025-08-05 23:08:36,195] Trial 66 finished with value: -0.905096142821934 and parameters: {'learning_rate': 0.017051309865126388, 'num_leaves': 198, 'max_depth': 13, 'min_child_samples': 54, 'feature_fraction': 0.8196683814223185, 'bagging_fraction': 0.904442427736108, 'reg_alpha': 0.19954044344775887, 'reg_lambda': 4.278541012902934e-08}. Best is trial 54 with value: -0.9094963844413979.
[I 2025-08-05 23:08:53,453] Trial 67 finished with value: -0.9086879080234356 and parameters: {'learning_rate': 0.025426978388566415, 'num_leaves': 218, 'max_depth': 15, 'min_child_samples': 28, 'feature_fraction': 0.5463334140293321, 'bagging_fraction': 0.9328451267280684, 'reg_alpha': 2.8915828340196588, 'reg_lambda': 1.0866644854165305e-08}. Best is trial 54 with value: -0.9094963844413979.
[I 2025-08-05 23:09:00,640] Trial 68 finished with value: -0.8978048787082482 and parameters: {'learning_rate': 0.02283673302183513, 'num_leaves': 14, 'max_depth': 13, 'min_child_samples': 35, 'feature_fraction': 0.583428233082565, 'bagging_fraction': 0.9524701132823536, 'reg_alpha': 0.07923237211853404, 'reg_lambda': 1.7179191251185595e-07}. Best is trial 54 with value: -0.9094963844413979.
[I 2025-08-05 23:09:14,999] Trial 69 finished with value: -0.9085442842636672 and parameters: {'learning_rate': 0.03982216667874715, 'num_leaves': 211, 'max_depth': 15, 'min_child_samples': 13, 'feature_fraction': 0.5149909677711991, 'bagging_fraction': 0.9086424286420604, 'reg_alpha': 0.537290082261744, 'reg_lambda': 2.270356640551911e-08}. Best is trial 54 with value: -0.9094963844413979.
[I 2025-08-05 23:09:30,368] Trial 70 finished with value: -0.9077055806675736 and parameters: {'learning_rate': 0.02825430615765895, 'num_leaves': 167, 'max_depth': 13, 'min_child_samples': 43, 'feature_fraction': 0.5483683993761258, 'bagging_fraction': 0.980925616088665, 'reg_alpha': 0.23499225088077053, 'reg_lambda': 8.545031261300645e-06}. Best is trial 54 with value: -0.9094963844413979.
[I 2025-08-05 23:09:44,766] Trial 71 finished with value: -0.9094771553102043 and parameters: {'learning_rate': 0.03294556653445975, 'num_leaves': 235, 'max_depth': 14, 'min_child_samples': 26, 'feature_fraction': 0.535710465884169, 'bagging_fraction': 0.8815572125316921, 'reg_alpha': 0.041103920769664175, 'reg_lambda': 6.267197777467509e-07}. Best is trial 54 with value: -0.9094963844413979.
[I 2025-08-05 23:09:59,336] Trial 72 finished with value: -0.9090163678348022 and parameters: {'learning_rate': 0.03269901583691347, 'num_leaves': 249, 'max_depth': 14, 'min_child_samples': 21, 'feature_fraction': 0.5370880831540619, 'bagging_fraction': 0.8443779716148015, 'reg_alpha': 0.10675147896394027, 'reg_lambda': 2.8146816537856074e-07}. Best is trial 54 with value: -0.9094963844413979.
[I 2025-08-05 23:10:14,885] Trial 73 finished with value: -0.9083945396673936 and parameters: {'learning_rate': 0.032427870677628014, 'num_leaves': 248, 'max_depth': 14, 'min_child_samples': 21, 'feature_fraction': 0.5291612430802707, 'bagging_fraction': 0.8764718308351443, 'reg_alpha': 0.02243310797818604, 'reg_lambda': 6.749562893607028e-08}. Best is trial 54 with value: -0.9094963844413979.
[I 2025-08-05 23:10:30,007] Trial 74 finished with value: -0.9083195594615183 and parameters: {'learning_rate': 0.0347261392710046, 'num_leaves': 254, 'max_depth': 14, 'min_child_samples': 15, 'feature_fraction': 0.5351766094904951, 'bagging_fraction': 0.838500904358593, 'reg_alpha': 0.12959128061700692, 'reg_lambda': 3.562412961874138e-07}. Best is trial 54 with value: -0.9094963844413979.
[I 2025-08-05 23:10:43,619] Trial 75 finished with value: -0.9067224146394525 and parameters: {'learning_rate': 0.042424535240745055, 'num_leaves': 238, 'max_depth': 13, 'min_child_samples': 60, 'feature_fraction': 0.6099804260943121, 'bagging_fraction': 0.8476664296298375, 'reg_alpha': 0.845911113163994, 'reg_lambda': 5.638132629731286e-07}. Best is trial 54 with value: -0.9094963844413979.
[I 2025-08-05 23:11:02,767] Trial 76 finished with value: -0.9092973923465572 and parameters: {'learning_rate': 0.02547766618789968, 'num_leaves': 229, 'max_depth': 15, 'min_child_samples': 20, 'feature_fraction': 0.5134577788698668, 'bagging_fraction': 0.8194536517024182, 'reg_alpha': 2.0508440928202814, 'reg_lambda': 9.38017641516819e-07}. Best is trial 54 with value: -0.9094963844413979.
[I 2025-08-05 23:11:18,962] Trial 77 finished with value: -0.9091246204132505 and parameters: {'learning_rate': 0.030186776630202534, 'num_leaves': 230, 'max_depth': 15, 'min_child_samples': 20, 'feature_fraction': 0.5181564889385176, 'bagging_fraction': 0.812542768652168, 'reg_alpha': 0.005268714387711914, 'reg_lambda': 5.955221371875728e-06}. Best is trial 54 with value: -0.9094963844413979.
[I 2025-08-05 23:11:42,597] Trial 78 finished with value: -0.9079882676770845 and parameters: {'learning_rate': 0.02139601094100711, 'num_leaves': 231, 'max_depth': 15, 'min_child_samples': 10, 'feature_fraction': 0.5171315912971913, 'bagging_fraction': 0.8082639249638649, 'reg_alpha': 0.004735104482013208, 'reg_lambda': 9.558129953599418e-07}. Best is trial 54 with value: -0.9094963844413979.
