[I 2025-08-02 10:18:42,947] Trial 4 finished with value: -5.509135914135812 and parameters: {'n_d': 55, 'n_a': 51, 'n_steps': 10, 'gamma': 1.5740540763659459, 'lambda_sparse': 0.0006289154933534196, 'lr': 0.00019385171658583444, 'weight_decay': 0.00045123278839784476}. Best is trial 0 with value: 0.9223263988670138.
/work/dlclarge2/alidemaa-dl_lab/automl/automl-exam-ss25-tabular-freiburg-template/automl-tabular-env/lib/python3.10/site-packages/pytorch_tabnet/callbacks.py:172: UserWarning: Best weights from best epoch are automatically used!
  warnings.warn(wrn_msg)
[I 2025-08-02 10:19:59,767] Trial 5 finished with value: 0.9170634250881019 and parameters: {'n_d': 19, 'n_a': 35, 'n_steps': 4, 'gamma': 1.568167641605196, 'lambda_sparse': 0.005225484852685419, 'lr': 0.015556467644724766, 'weight_decay': 3.8327886963481944e-05}. Best is trial 0 with value: 0.9223263988670138.
/work/dlclarge2/alidemaa-dl_lab/automl/automl-exam-ss25-tabular-freiburg-template/automl-tabular-env/lib/python3.10/site-packages/pytorch_tabnet/callbacks.py:172: UserWarning: Best weights from best epoch are automatically used!
  warnings.warn(wrn_msg)
[I 2025-08-02 10:22:06,452] Trial 6 finished with value: 0.8887130614419477 and parameters: {'n_d': 25, 'n_a': 59, 'n_steps': 9, 'gamma': 1.0098318125302368, 'lambda_sparse': 0.006249999840117619, 'lr': 0.0007260441852764065, 'weight_decay': 0.0002465383131526269}. Best is trial 0 with value: 0.9223263988670138.
/work/dlclarge2/alidemaa-dl_lab/automl/automl-exam-ss25-tabular-freiburg-template/automl-tabular-env/lib/python3.10/site-packages/pytorch_tabnet/callbacks.py:172: UserWarning: Best weights from best epoch are automatically used!
  warnings.warn(wrn_msg)
[I 2025-08-02 10:23:01,179] Trial 7 finished with value: 0.8242016763537908 and parameters: {'n_d': 31, 'n_a': 35, 'n_steps': 4, 'gamma': 1.6292387676871738, 'lambda_sparse': 0.00012712594183239787, 'lr': 0.00020178408477578998, 'weight_decay': 0.0005484114652803163}. Best is trial 0 with value: 0.9223263988670138.
/work/dlclarge2/alidemaa-dl_lab/automl/automl-exam-ss25-tabular-freiburg-template/automl-tabular-env/lib/python3.10/site-packages/pytorch_tabnet/callbacks.py:172: UserWarning: Best weights from best epoch are automatically used!
  warnings.warn(wrn_msg)
[I 2025-08-02 10:24:53,994] Trial 8 finished with value: 0.8909627073547933 and parameters: {'n_d': 24, 'n_a': 45, 'n_steps': 9, 'gamma': 1.3232907623134724, 'lambda_sparse': 5.467123351395792e-05, 'lr': 0.004897230251117678, 'weight_decay': 0.00022877717535275808}. Best is trial 0 with value: 0.9223263988670138.
/work/dlclarge2/alidemaa-dl_lab/automl/automl-exam-ss25-tabular-freiburg-template/automl-tabular-env/lib/python3.10/site-packages/pytorch_tabnet/callbacks.py:172: UserWarning: Best weights from best epoch are automatically used!
  warnings.warn(wrn_msg)
[I 2025-08-02 10:26:08,049] Trial 9 finished with value: 0.8860855387571687 and parameters: {'n_d': 16, 'n_a': 52, 'n_steps': 4, 'gamma': 1.2335860498525877, 'lambda_sparse': 0.0014473325471121624, 'lr': 0.0935979056602437, 'weight_decay': 0.00040739430817645093}. Best is trial 0 with value: 0.9223263988670138.
/work/dlclarge2/alidemaa-dl_lab/automl/automl-exam-ss25-tabular-freiburg-template/automl-tabular-env/lib/python3.10/site-packages/pytorch_tabnet/callbacks.py:172: UserWarning: Best weights from best epoch are automatically used!
  warnings.warn(wrn_msg)
[I 2025-08-02 10:27:33,356] Trial 10 finished with value: 0.8471496358662752 and parameters: {'n_d': 40, 'n_a': 8, 'n_steps': 6, 'gamma': 1.9562325815879242, 'lambda_sparse': 1.4296295820016945e-05, 'lr': 0.0017809776353200112, 'weight_decay': 1.732593392803176e-06}. Best is trial 0 with value: 0.9223263988670138.
/work/dlclarge2/alidemaa-dl_lab/automl/automl-exam-ss25-tabular-freiburg-template/automl-tabular-env/lib/python3.10/site-packages/pytorch_tabnet/callbacks.py:172: UserWarning: Best weights from best epoch are automatically used!
  warnings.warn(wrn_msg)
[I 2025-08-02 10:29:02,009] Trial 11 finished with value: 0.9105408785082398 and parameters: {'n_d': 43, 'n_a': 62, 'n_steps': 6, 'gamma': 1.8453863437548534, 'lambda_sparse': 1.0404695784733567e-05, 'lr': 0.007242508630272818, 'weight_decay': 9.356528856819674e-06}. Best is trial 0 with value: 0.9223263988670138.
/work/dlclarge2/alidemaa-dl_lab/automl/automl-exam-ss25-tabular-freiburg-template/automl-tabular-env/lib/python3.10/site-packages/pytorch_tabnet/callbacks.py:172: UserWarning: Best weights from best epoch are automatically used!
  warnings.warn(wrn_msg)
[I 2025-08-02 10:30:11,649] Trial 12 finished with value: 0.9071121777194062 and parameters: {'n_d': 48, 'n_a': 60, 'n_steps': 3, 'gamma': 1.3740430497137905, 'lambda_sparse': 2.3440674174386208e-05, 'lr': 0.012316257359365507, 'weight_decay': 3.276529771084195e-06}. Best is trial 0 with value: 0.9223263988670138.
/work/dlclarge2/alidemaa-dl_lab/automl/automl-exam-ss25-tabular-freiburg-template/automl-tabular-env/lib/python3.10/site-packages/pytorch_tabnet/callbacks.py:172: UserWarning: Best weights from best epoch are automatically used!
  warnings.warn(wrn_msg)
[I 2025-08-02 10:31:34,197] Trial 13 finished with value: 0.8967743514959736 and parameters: {'n_d': 34, 'n_a': 64, 'n_steps': 5, 'gamma': 1.420734289576128, 'lambda_sparse': 0.00014891625393471591, 'lr': 0.002590969309627411, 'weight_decay': 5.521245149430769e-05}. Best is trial 0 with value: 0.9223263988670138.
/work/dlclarge2/alidemaa-dl_lab/automl/automl-exam-ss25-tabular-freiburg-template/automl-tabular-env/lib/python3.10/site-packages/pytorch_tabnet/callbacks.py:172: UserWarning: Best weights from best epoch are automatically used!
  warnings.warn(wrn_msg)
[I 2025-08-02 10:32:25,392] Trial 14 finished with value: 0.6615598954870643 and parameters: {'n_d': 52, 'n_a': 52, 'n_steps': 7, 'gamma': 1.795867031688506, 'lambda_sparse': 0.00033347878585073595, 'lr': 0.025914722992854806, 'weight_decay': 9.328850247656095e-05}. Best is trial 0 with value: 0.9223263988670138.
/work/dlclarge2/alidemaa-dl_lab/automl/automl-exam-ss25-tabular-freiburg-template/automl-tabular-env/lib/python3.10/site-packages/pytorch_tabnet/callbacks.py:172: UserWarning: Best weights from best epoch are automatically used!
  warnings.warn(wrn_msg)
[I 2025-08-02 10:34:10,191] Trial 15 finished with value: 0.8557436410892248 and parameters: {'n_d': 64, 'n_a': 29, 'n_steps': 7, 'gamma': 1.2192172066744917, 'lambda_sparse': 1.1078247521824897e-05, 'lr': 0.0009338345804682357, 'weight_decay': 5.192701711312523e-06}. Best is trial 0 with value: 0.9223263988670138.
/work/dlclarge2/alidemaa-dl_lab/automl/automl-exam-ss25-tabular-freiburg-template/automl-tabular-env/lib/python3.10/site-packages/pytorch_tabnet/callbacks.py:172: UserWarning: Best weights from best epoch are automatically used!
  warnings.warn(wrn_msg)
[I 2025-08-02 10:34:34,807] Trial 16 finished with value: -2.3086565988386663 and parameters: {'n_d': 30, 'n_a': 45, 'n_steps': 3, 'gamma': 1.7534597097093305, 'lambda_sparse': 3.302517174334413e-05, 'lr': 0.007271779902038346, 'weight_decay': 1.6770814946279503e-05}. Best is trial 0 with value: 0.9223263988670138.
/work/dlclarge2/alidemaa-dl_lab/automl/automl-exam-ss25-tabular-freiburg-template/automl-tabular-env/lib/python3.10/site-packages/pytorch_tabnet/callbacks.py:172: UserWarning: Best weights from best epoch are automatically used!
  warnings.warn(wrn_msg)
[I 2025-08-02 10:35:57,013] Trial 17 finished with value: 0.9121895645816464 and parameters: {'n_d': 40, 'n_a': 54, 'n_steps': 5, 'gamma': 1.4764831664059554, 'lambda_sparse': 2.379161564686993e-05, 'lr': 0.03837599609992898, 'weight_decay': 1.2108857643394183e-06}. Best is trial 0 with value: 0.9223263988670138.
/work/dlclarge2/alidemaa-dl_lab/automl/automl-exam-ss25-tabular-freiburg-template/automl-tabular-env/lib/python3.10/site-packages/pytorch_tabnet/callbacks.py:172: UserWarning: Best weights from best epoch are automatically used!
  warnings.warn(wrn_msg)
[I 2025-08-02 10:37:19,149] Trial 18 finished with value: 0.9167010869912524 and parameters: {'n_d': 10, 'n_a': 25, 'n_steps': 5, 'gamma': 1.9445388833279291, 'lambda_sparse': 0.00146217712807717, 'lr': 0.013883209223120304, 'weight_decay': 1.2673619503856765e-05}. Best is trial 0 with value: 0.9223263988670138.
/work/dlclarge2/alidemaa-dl_lab/automl/automl-exam-ss25-tabular-freiburg-template/automl-tabular-env/lib/python3.10/site-packages/pytorch_tabnet/callbacks.py:172: UserWarning: Best weights from best epoch are automatically used!
  warnings.warn(wrn_msg)
[I 2025-08-02 10:38:28,750] Trial 19 finished with value: 0.911979999656143 and parameters: {'n_d': 46, 'n_a': 57, 'n_steps': 3, 'gamma': 1.085253869301829, 'lambda_sparse': 7.72719725665358e-05, 'lr': 0.0014005314295089423, 'weight_decay': 8.337961294893933e-05}. Best is trial 0 with value: 0.9223263988670138.
/work/dlclarge2/alidemaa-dl_lab/automl/automl-exam-ss25-tabular-freiburg-template/automl-tabular-env/lib/python3.10/site-packages/pytorch_tabnet/callbacks.py:172: UserWarning: Best weights from best epoch are automatically used!
  warnings.warn(wrn_msg)
[I 2025-08-02 10:39:54,237] A new study created in memory with name: no-name-2fed4c5a-2597-41b5-8b18-b2b6fce8725e
/work/dlclarge2/alidemaa-dl_lab/automl/automl-exam-ss25-tabular-freiburg-template/automl-tabular-env/lib/python3.10/site-packages/pytorch_tabnet/callbacks.py:172: UserWarning: Best weights from best epoch are automatically used!
  warnings.warn(wrn_msg)
[I 2025-08-02 10:40:08,167] Trial 0 finished with value: -161.17163922909594 and parameters: {'n_d': 23, 'n_a': 23, 'n_steps': 3, 'gamma': 1.9806827287289854, 'lambda_sparse': 0.002289351962597124, 'lr': 0.03804802314516856, 'weight_decay': 1.2280163647578682e-05}. Best is trial 0 with value: -161.17163922909594.
/work/dlclarge2/alidemaa-dl_lab/automl/automl-exam-ss25-tabular-freiburg-template/automl-tabular-env/lib/python3.10/site-packages/pytorch_tabnet/callbacks.py:172: UserWarning: Best weights from best epoch are automatically used!
  warnings.warn(wrn_msg)
[I 2025-08-02 10:41:19,541] Trial 1 finished with value: 0.8355482442807961 and parameters: {'n_d': 37, 'n_a': 46, 'n_steps': 3, 'gamma': 1.5561373348238563, 'lambda_sparse': 0.0021377667491707113, 'lr': 0.00023795450784999835, 'weight_decay': 0.00034415016880428017}. Best is trial 1 with value: 0.8355482442807961.
/work/dlclarge2/alidemaa-dl_lab/automl/automl-exam-ss25-tabular-freiburg-template/automl-tabular-env/lib/python3.10/site-packages/pytorch_tabnet/callbacks.py:172: UserWarning: Best weights from best epoch are automatically used!
  warnings.warn(wrn_msg)
[I 2025-08-02 10:43:35,145] Trial 2 finished with value: 0.7950673010379042 and parameters: {'n_d': 34, 'n_a': 55, 'n_steps': 10, 'gamma': 1.2997365257854965, 'lambda_sparse': 0.0022974499509437313, 'lr': 0.0005133432056260329, 'weight_decay': 2.4923594091536364e-05}. Best is trial 1 with value: 0.8355482442807961.
/work/dlclarge2/alidemaa-dl_lab/automl/automl-exam-ss25-tabular-freiburg-template/automl-tabular-env/lib/python3.10/site-packages/pytorch_tabnet/callbacks.py:172: UserWarning: Best weights from best epoch are automatically used!
  warnings.warn(wrn_msg)
[I 2025-08-02 10:44:45,376] Trial 3 finished with value: 0.802129219006973 and parameters: {'n_d': 52, 'n_a': 27, 'n_steps': 4, 'gamma': 1.9181511759090777, 'lambda_sparse': 0.00023483647997443648, 'lr': 0.0002598315277556697, 'weight_decay': 1.8268162136089902e-05}. Best is trial 1 with value: 0.8355482442807961.
/work/dlclarge2/alidemaa-dl_lab/automl/automl-exam-ss25-tabular-freiburg-template/automl-tabular-env/lib/python3.10/site-packages/pytorch_tabnet/callbacks.py:172: UserWarning: Best weights from best epoch are automatically used!
  warnings.warn(wrn_msg)
[I 2025-08-02 10:46:39,229] Trial 4 finished with value: 0.3960866371470454 and parameters: {'n_d': 17, 'n_a': 63, 'n_steps': 8, 'gamma': 1.6266740836488451, 'lambda_sparse': 0.0012454932023560849, 'lr': 0.00020067739769146718, 'weight_decay': 5.06469649500125e-05}. Best is trial 1 with value: 0.8355482442807961.
/work/dlclarge2/alidemaa-dl_lab/automl/automl-exam-ss25-tabular-freiburg-template/automl-tabular-env/lib/python3.10/site-packages/pytorch_tabnet/callbacks.py:172: UserWarning: Best weights from best epoch are automatically used!
  warnings.warn(wrn_msg)
[I 2025-08-02 10:47:20,259] Trial 5 finished with value: 0.4327138202701649 and parameters: {'n_d': 53, 'n_a': 12, 'n_steps': 8, 'gamma': 1.8807244313502764, 'lambda_sparse': 3.968682481878048e-05, 'lr': 0.03930981092825061, 'weight_decay': 1.0146395867616747e-05}. Best is trial 1 with value: 0.8355482442807961.
/work/dlclarge2/alidemaa-dl_lab/automl/automl-exam-ss25-tabular-freiburg-template/automl-tabular-env/lib/python3.10/site-packages/pytorch_tabnet/callbacks.py:172: UserWarning: Best weights from best epoch are automatically used!
  warnings.warn(wrn_msg)
[I 2025-08-02 10:49:33,374] Trial 6 finished with value: 0.5466770084959396 and parameters: {'n_d': 45, 'n_a': 58, 'n_steps': 10, 'gamma': 1.611787287977592, 'lambda_sparse': 0.0001309941929775339, 'lr': 0.0002788156895347271, 'weight_decay': 1.227544963440347e-05}. Best is trial 1 with value: 0.8355482442807961.
/work/dlclarge2/alidemaa-dl_lab/automl/automl-exam-ss25-tabular-freiburg-template/automl-tabular-env/lib/python3.10/site-packages/pytorch_tabnet/callbacks.py:172: UserWarning: Best weights from best epoch are automatically used!
  warnings.warn(wrn_msg)
[I 2025-08-02 10:51:39,157] Trial 7 finished with value: 0.741783935906483 and parameters: {'n_d': 21, 'n_a': 57, 'n_steps': 9, 'gamma': 1.8736922605293433, 'lambda_sparse': 0.00011233077646688869, 'lr': 0.0012286876623710335, 'weight_decay': 1.1401909517049492e-05}. Best is trial 1 with value: 0.8355482442807961.
/work/dlclarge2/alidemaa-dl_lab/automl/automl-exam-ss25-tabular-freiburg-template/automl-tabular-env/lib/python3.10/site-packages/pytorch_tabnet/callbacks.py:172: UserWarning: Best weights from best epoch are automatically used!
  warnings.warn(wrn_msg)
[I 2025-08-02 10:53:07,985] Trial 8 finished with value: 0.9028445946063897 and parameters: {'n_d': 59, 'n_a': 31, 'n_steps': 6, 'gamma': 1.9669179895776008, 'lambda_sparse': 0.005896493657723416, 'lr': 0.01908573978238541, 'weight_decay': 4.596353951831041e-06}. Best is trial 8 with value: 0.9028445946063897.
/work/dlclarge2/alidemaa-dl_lab/automl/automl-exam-ss25-tabular-freiburg-template/automl-tabular-env/lib/python3.10/site-packages/pytorch_tabnet/callbacks.py:172: UserWarning: Best weights from best epoch are automatically used!
  warnings.warn(wrn_msg)
[I 2025-08-02 10:54:17,808] Trial 9 finished with value: 0.9050150114612174 and parameters: {'n_d': 32, 'n_a': 31, 'n_steps': 3, 'gamma': 1.9961305012758008, 'lambda_sparse': 1.4606630981276338e-05, 'lr': 0.0036289885683066427, 'weight_decay': 1.4134571705641656e-06}. Best is trial 9 with value: 0.9050150114612174.
/work/dlclarge2/alidemaa-dl_lab/automl/automl-exam-ss25-tabular-freiburg-template/automl-tabular-env/lib/python3.10/site-packages/pytorch_tabnet/callbacks.py:172: UserWarning: Best weights from best epoch are automatically used!
  warnings.warn(wrn_msg)
[I 2025-08-02 10:55:30,674] Trial 10 finished with value: 0.9191779374200522 and parameters: {'n_d': 8, 'n_a': 41, 'n_steps': 5, 'gamma': 1.0696728302215266, 'lambda_sparse': 1.1895043206111954e-05, 'lr': 0.005368873737628293, 'weight_decay': 1.6795703920899807e-06}. Best is trial 10 with value: 0.9191779374200522.
/work/dlclarge2/alidemaa-dl_lab/automl/automl-exam-ss25-tabular-freiburg-template/automl-tabular-env/lib/python3.10/site-packages/pytorch_tabnet/callbacks.py:172: UserWarning: Best weights from best epoch are automatically used!
  warnings.warn(wrn_msg)
[I 2025-08-02 10:56:34,220] Trial 11 finished with value: 0.9202003067214005 and parameters: {'n_d': 8, 'n_a': 41, 'n_steps': 5, 'gamma': 1.0256599096023264, 'lambda_sparse': 1.1897794447353982e-05, 'lr': 0.005640169133657342, 'weight_decay': 1.306915079184448e-06}. Best is trial 11 with value: 0.9202003067214005.
/work/dlclarge2/alidemaa-dl_lab/automl/automl-exam-ss25-tabular-freiburg-template/automl-tabular-env/lib/python3.10/site-packages/pytorch_tabnet/callbacks.py:172: UserWarning: Best weights from best epoch are automatically used!
  warnings.warn(wrn_msg)
[I 2025-08-02 10:57:51,530] Trial 12 finished with value: 0.9117649480053959 and parameters: {'n_d': 8, 'n_a': 43, 'n_steps': 5, 'gamma': 1.0349954999264848, 'lambda_sparse': 1.0431484971565731e-05, 'lr': 0.004971923370334265, 'weight_decay': 1.0912736927349778e-06}. Best is trial 11 with value: 0.9202003067214005.
/work/dlclarge2/alidemaa-dl_lab/automl/automl-exam-ss25-tabular-freiburg-template/automl-tabular-env/lib/python3.10/site-packages/pytorch_tabnet/callbacks.py:172: UserWarning: Best weights from best epoch are automatically used!
  warnings.warn(wrn_msg)
[I 2025-08-02 10:59:22,604] Trial 13 finished with value: 0.9144539855014246 and parameters: {'n_d': 8, 'n_a': 42, 'n_steps': 6, 'gamma': 1.0221744759984928, 'lambda_sparse': 3.419383690549593e-05, 'lr': 0.010304369538941083, 'weight_decay': 2.382617438573182e-06}. Best is trial 11 with value: 0.9202003067214005.
/work/dlclarge2/alidemaa-dl_lab/automl/automl-exam-ss25-tabular-freiburg-template/automl-tabular-env/lib/python3.10/site-packages/pytorch_tabnet/callbacks.py:172: UserWarning: Best weights from best epoch are automatically used!
  warnings.warn(wrn_msg)
[I 2025-08-02 11:00:43,651] Trial 14 finished with value: 0.9029973079100015 and parameters: {'n_d': 15, 'n_a': 48, 'n_steps': 5, 'gamma': 1.2182570221989275, 'lambda_sparse': 3.182644226158927e-05, 'lr': 0.0015324923257367094, 'weight_decay': 9.393476079579625e-05}. Best is trial 11 with value: 0.9202003067214005.
/work/dlclarge2/alidemaa-dl_lab/automl/automl-exam-ss25-tabular-freiburg-template/automl-tabular-env/lib/python3.10/site-packages/pytorch_tabnet/callbacks.py:172: UserWarning: Best weights from best epoch are automatically used!
  warnings.warn(wrn_msg)
[I 2025-08-02 11:02:05,263] Trial 15 finished with value: 0.9124610508014195 and parameters: {'n_d': 27, 'n_a': 38, 'n_steps': 5, 'gamma': 1.2134153105837497, 'lambda_sparse': 6.22938518140974e-05, 'lr': 0.008155274566587068, 'weight_decay': 3.7038064113470426e-06}. Best is trial 11 with value: 0.9202003067214005.
/work/dlclarge2/alidemaa-dl_lab/automl/automl-exam-ss25-tabular-freiburg-template/automl-tabular-env/lib/python3.10/site-packages/pytorch_tabnet/callbacks.py:172: UserWarning: Best weights from best epoch are automatically used!
  warnings.warn(wrn_msg)
[I 2025-08-02 11:03:47,980] Trial 16 finished with value: 0.8314157512815583 and parameters: {'n_d': 15, 'n_a': 17, 'n_steps': 7, 'gamma': 1.4037700057564897, 'lambda_sparse': 0.0005496310434136864, 'lr': 0.001515094175249638, 'weight_decay': 4.545201571626929e-06}. Best is trial 11 with value: 0.9202003067214005.
/work/dlclarge2/alidemaa-dl_lab/automl/automl-exam-ss25-tabular-freiburg-template/automl-tabular-env/lib/python3.10/site-packages/pytorch_tabnet/callbacks.py:172: UserWarning: Best weights from best epoch are automatically used!
  warnings.warn(wrn_msg)
[I 2025-08-02 11:04:21,430] Trial 17 finished with value: 0.57181941182911 and parameters: {'n_d': 9, 'n_a': 50, 'n_steps': 4, 'gamma': 1.136324422421073, 'lambda_sparse': 1.756158978347753e-05, 'lr': 0.09453149138104174, 'weight_decay': 1.0273499257259547e-06}. Best is trial 11 with value: 0.9202003067214005.
/work/dlclarge2/alidemaa-dl_lab/automl/automl-exam-ss25-tabular-freiburg-template/automl-tabular-env/lib/python3.10/site-packages/pytorch_tabnet/callbacks.py:172: UserWarning: Best weights from best epoch are automatically used!
  warnings.warn(wrn_msg)
[I 2025-08-02 11:06:03,931] Trial 18 finished with value: 0.9045726010596414 and parameters: {'n_d': 27, 'n_a': 36, 'n_steps': 7, 'gamma': 1.4115538179430602, 'lambda_sparse': 1.030096916449666e-05, 'lr': 0.01456043729875625, 'weight_decay': 0.00022406621146135586}. Best is trial 11 with value: 0.9202003067214005.
/work/dlclarge2/alidemaa-dl_lab/automl/automl-exam-ss25-tabular-freiburg-template/automl-tabular-env/lib/python3.10/site-packages/pytorch_tabnet/callbacks.py:172: UserWarning: Best weights from best epoch are automatically used!
  warnings.warn(wrn_msg)
[I 2025-08-02 11:07:11,142] Trial 19 finished with value: 0.9103767847832211 and parameters: {'n_d': 40, 'n_a': 37, 'n_steps': 4, 'gamma': 1.1169734317873197, 'lambda_sparse': 7.276940156474473e-05, 'lr': 0.002275567599253901, 'weight_decay': 0.0008107246628415442}. Best is trial 11 with value: 0.9202003067214005.
/work/dlclarge2/alidemaa-dl_lab/automl/automl-exam-ss25-tabular-freiburg-template/automl-tabular-env/lib/python3.10/site-packages/pytorch_tabnet/callbacks.py:172: UserWarning: Best weights from best epoch are automatically used!
  warnings.warn(wrn_msg)
[I 2025-08-02 11:09:08,681] A new study created in memory with name: no-name-4c86f68d-0a71-4979-a3c2-4444238afe69
/work/dlclarge2/alidemaa-dl_lab/automl/automl-exam-ss25-tabular-freiburg-template/automl-tabular-env/lib/python3.10/site-packages/pytorch_tabnet/callbacks.py:172: UserWarning: Best weights from best epoch are automatically used!
  warnings.warn(wrn_msg)
[I 2025-08-02 11:10:12,447] Trial 0 finished with value: 0.8927163154416411 and parameters: {'n_d': 46, 'n_a': 45, 'n_steps': 4, 'gamma': 1.8017354232557516, 'lambda_sparse': 0.0004553224584817182, 'lr': 0.0018822267054406168, 'weight_decay': 0.0003695948795738744}. Best is trial 0 with value: 0.8927163154416411.
/work/dlclarge2/alidemaa-dl_lab/automl/automl-exam-ss25-tabular-freiburg-template/automl-tabular-env/lib/python3.10/site-packages/pytorch_tabnet/callbacks.py:172: UserWarning: Best weights from best epoch are automatically used!
  warnings.warn(wrn_msg)
