[I 2025-08-05 13:24:50,525] Trial 14 finished with value: 0.7379215324076052 and parameters: {'n_d': 53, 'n_a': 38, 'n_steps': 8, 'gamma': 1.4345086014703818, 'lambda_sparse': 0.0012542285311467087, 'lr': 0.0003532169286220908, 'weight_decay': 1.002351186428949e-05}. Best is trial 0 with value: 0.9464972167863552.
/work/dlclarge2/latifajr-dl_lab_project/autoML/automl-exam-ss25-tabular-freiburg-template/automl-tabular-env/lib/python3.10/site-packages/pytorch_tabnet/callbacks.py:172: UserWarning: Best weights from best epoch are automatically used!
  warnings.warn(wrn_msg)
[I 2025-08-05 13:25:35,502] Trial 15 finished with value: 0.9392809812481977 and parameters: {'n_d': 31, 'n_a': 8, 'n_steps': 9, 'gamma': 1.7532429667299154, 'lambda_sparse': 3.761497712052707e-05, 'lr': 0.03808711614579898, 'weight_decay': 2.7818820143870544e-06}. Best is trial 0 with value: 0.9464972167863552.
/work/dlclarge2/latifajr-dl_lab_project/autoML/automl-exam-ss25-tabular-freiburg-template/automl-tabular-env/lib/python3.10/site-packages/pytorch_tabnet/callbacks.py:172: UserWarning: Best weights from best epoch are automatically used!
  warnings.warn(wrn_msg)
[I 2025-08-05 13:26:07,283] Trial 16 finished with value: 0.88253476521954 and parameters: {'n_d': 46, 'n_a': 34, 'n_steps': 8, 'gamma': 1.5849037587358956, 'lambda_sparse': 7.290630555041217e-05, 'lr': 0.008460361601765458, 'weight_decay': 1.0093995419441488e-06}. Best is trial 0 with value: 0.9464972167863552.
/work/dlclarge2/latifajr-dl_lab_project/autoML/automl-exam-ss25-tabular-freiburg-template/automl-tabular-env/lib/python3.10/site-packages/pytorch_tabnet/callbacks.py:172: UserWarning: Best weights from best epoch are automatically used!
  warnings.warn(wrn_msg)
[I 2025-08-05 13:26:48,168] Trial 17 finished with value: 0.818828959434548 and parameters: {'n_d': 57, 'n_a': 54, 'n_steps': 9, 'gamma': 1.9857165464762696, 'lambda_sparse': 1.0786501074636352e-05, 'lr': 0.0012196475092997917, 'weight_decay': 1.4766446856253652e-05}. Best is trial 0 with value: 0.9464972167863552.
/work/dlclarge2/latifajr-dl_lab_project/autoML/automl-exam-ss25-tabular-freiburg-template/automl-tabular-env/lib/python3.10/site-packages/pytorch_tabnet/callbacks.py:172: UserWarning: Best weights from best epoch are automatically used!
  warnings.warn(wrn_msg)
[I 2025-08-05 13:27:02,765] Trial 18 finished with value: 0.8580384312529777 and parameters: {'n_d': 43, 'n_a': 14, 'n_steps': 4, 'gamma': 1.303365589311937, 'lambda_sparse': 0.009008641357355828, 'lr': 0.046147690739832416, 'weight_decay': 2.9976891379197613e-06}. Best is trial 0 with value: 0.9464972167863552.
/work/dlclarge2/latifajr-dl_lab_project/autoML/automl-exam-ss25-tabular-freiburg-template/automl-tabular-env/lib/python3.10/site-packages/pytorch_tabnet/callbacks.py:172: UserWarning: Best weights from best epoch are automatically used!
  warnings.warn(wrn_msg)
[I 2025-08-05 13:27:51,864] Trial 19 finished with value: 0.9350497932047072 and parameters: {'n_d': 30, 'n_a': 38, 'n_steps': 10, 'gamma': 1.5277116060896503, 'lambda_sparse': 0.0003225560793402662, 'lr': 0.012216477381200373, 'weight_decay': 5.519003668098489e-05}. Best is trial 0 with value: 0.9464972167863552.
/work/dlclarge2/latifajr-dl_lab_project/autoML/automl-exam-ss25-tabular-freiburg-template/automl-tabular-env/lib/python3.10/site-packages/pytorch_tabnet/callbacks.py:172: UserWarning: Best weights from best epoch are automatically used!
  warnings.warn(wrn_msg)
[I 2025-08-05 13:28:52,569] A new study created in memory with name: no-name-2f3f7080-ea0b-4b02-bbc2-28e3ec25b6f8
/work/dlclarge2/latifajr-dl_lab_project/autoML/automl-exam-ss25-tabular-freiburg-template/automl-tabular-env/lib/python3.10/site-packages/pytorch_tabnet/callbacks.py:172: UserWarning: Best weights from best epoch are automatically used!
  warnings.warn(wrn_msg)
[I 2025-08-05 13:29:10,768] Trial 0 finished with value: 0.8783818187116028 and parameters: {'n_d': 38, 'n_a': 45, 'n_steps': 3, 'gamma': 1.2046944449902703, 'lambda_sparse': 0.0009624986997578015, 'lr': 0.045734546552492886, 'weight_decay': 7.445890278625507e-05}. Best is trial 0 with value: 0.8783818187116028.
/work/dlclarge2/latifajr-dl_lab_project/autoML/automl-exam-ss25-tabular-freiburg-template/automl-tabular-env/lib/python3.10/site-packages/pytorch_tabnet/callbacks.py:172: UserWarning: Best weights from best epoch are automatically used!
  warnings.warn(wrn_msg)
[I 2025-08-05 13:29:59,722] Trial 1 finished with value: 0.3874249802258146 and parameters: {'n_d': 42, 'n_a': 41, 'n_steps': 10, 'gamma': 1.2793958281951046, 'lambda_sparse': 0.00034178547697914514, 'lr': 0.0005032119541048687, 'weight_decay': 0.00010573184390647249}. Best is trial 0 with value: 0.8783818187116028.
/work/dlclarge2/latifajr-dl_lab_project/autoML/automl-exam-ss25-tabular-freiburg-template/automl-tabular-env/lib/python3.10/site-packages/pytorch_tabnet/callbacks.py:172: UserWarning: Best weights from best epoch are automatically used!
  warnings.warn(wrn_msg)
[I 2025-08-05 13:30:40,281] Trial 2 finished with value: 0.9467572193616931 and parameters: {'n_d': 44, 'n_a': 51, 'n_steps': 8, 'gamma': 1.0525479904890707, 'lambda_sparse': 0.009113294800144047, 'lr': 0.06306860753678682, 'weight_decay': 1.9866269515061206e-06}. Best is trial 2 with value: 0.9467572193616931.
/work/dlclarge2/latifajr-dl_lab_project/autoML/automl-exam-ss25-tabular-freiburg-template/automl-tabular-env/lib/python3.10/site-packages/pytorch_tabnet/callbacks.py:172: UserWarning: Best weights from best epoch are automatically used!
  warnings.warn(wrn_msg)
[I 2025-08-05 13:31:07,672] Trial 3 finished with value: 0.9464027831873404 and parameters: {'n_d': 34, 'n_a': 39, 'n_steps': 5, 'gamma': 1.8919195198965608, 'lambda_sparse': 0.002697367086599964, 'lr': 0.051430254859816144, 'weight_decay': 4.3921245427521264e-06}. Best is trial 2 with value: 0.9467572193616931.
/work/dlclarge2/latifajr-dl_lab_project/autoML/automl-exam-ss25-tabular-freiburg-template/automl-tabular-env/lib/python3.10/site-packages/pytorch_tabnet/callbacks.py:172: UserWarning: Best weights from best epoch are automatically used!
  warnings.warn(wrn_msg)
[I 2025-08-05 13:31:51,922] Trial 4 finished with value: 0.9359607517446398 and parameters: {'n_d': 45, 'n_a': 64, 'n_steps': 9, 'gamma': 1.5473095668092958, 'lambda_sparse': 0.0004826551338244289, 'lr': 0.009816833212851992, 'weight_decay': 2.25232370824346e-06}. Best is trial 2 with value: 0.9467572193616931.
/work/dlclarge2/latifajr-dl_lab_project/autoML/automl-exam-ss25-tabular-freiburg-template/automl-tabular-env/lib/python3.10/site-packages/pytorch_tabnet/callbacks.py:172: UserWarning: Best weights from best epoch are automatically used!
  warnings.warn(wrn_msg)
[I 2025-08-05 13:32:41,258] Trial 5 finished with value: 0.730074638644263 and parameters: {'n_d': 11, 'n_a': 57, 'n_steps': 10, 'gamma': 1.123521847285568, 'lambda_sparse': 0.0013210453668442213, 'lr': 0.0006408799393426083, 'weight_decay': 0.00045664189017806264}. Best is trial 2 with value: 0.9467572193616931.
/work/dlclarge2/latifajr-dl_lab_project/autoML/automl-exam-ss25-tabular-freiburg-template/automl-tabular-env/lib/python3.10/site-packages/pytorch_tabnet/callbacks.py:172: UserWarning: Best weights from best epoch are automatically used!
  warnings.warn(wrn_msg)
[I 2025-08-05 13:33:17,979] Trial 6 finished with value: 0.8981766575299711 and parameters: {'n_d': 49, 'n_a': 25, 'n_steps': 7, 'gamma': 1.843232020593192, 'lambda_sparse': 5.0095211171562164e-05, 'lr': 0.0035471370531770536, 'weight_decay': 0.0004551287700643419}. Best is trial 2 with value: 0.9467572193616931.
/work/dlclarge2/latifajr-dl_lab_project/autoML/automl-exam-ss25-tabular-freiburg-template/automl-tabular-env/lib/python3.10/site-packages/pytorch_tabnet/callbacks.py:172: UserWarning: Best weights from best epoch are automatically used!
  warnings.warn(wrn_msg)
[I 2025-08-05 13:34:02,947] Trial 7 finished with value: 0.586674818756096 and parameters: {'n_d': 15, 'n_a': 9, 'n_steps': 9, 'gamma': 1.6906214856766, 'lambda_sparse': 0.00012373966665075588, 'lr': 0.0006090778646459249, 'weight_decay': 1.3457139568421071e-06}. Best is trial 2 with value: 0.9467572193616931.
/work/dlclarge2/latifajr-dl_lab_project/autoML/automl-exam-ss25-tabular-freiburg-template/automl-tabular-env/lib/python3.10/site-packages/pytorch_tabnet/callbacks.py:172: UserWarning: Best weights from best epoch are automatically used!
  warnings.warn(wrn_msg)
[I 2025-08-05 13:34:39,155] Trial 8 finished with value: 0.850981774755776 and parameters: {'n_d': 22, 'n_a': 54, 'n_steps': 7, 'gamma': 1.3307171009152907, 'lambda_sparse': 0.0004449926755115052, 'lr': 0.0007906653810488821, 'weight_decay': 2.632109272653147e-05}. Best is trial 2 with value: 0.9467572193616931.
/work/dlclarge2/latifajr-dl_lab_project/autoML/automl-exam-ss25-tabular-freiburg-template/automl-tabular-env/lib/python3.10/site-packages/pytorch_tabnet/callbacks.py:172: UserWarning: Best weights from best epoch are automatically used!
  warnings.warn(wrn_msg)
[I 2025-08-05 13:35:07,354] Trial 9 finished with value: 0.9182002876546025 and parameters: {'n_d': 31, 'n_a': 34, 'n_steps': 5, 'gamma': 1.2279000847714867, 'lambda_sparse': 0.004306591476615721, 'lr': 0.0017886189610514074, 'weight_decay': 3.727384675041336e-05}. Best is trial 2 with value: 0.9467572193616931.
/work/dlclarge2/latifajr-dl_lab_project/autoML/automl-exam-ss25-tabular-freiburg-template/automl-tabular-env/lib/python3.10/site-packages/pytorch_tabnet/callbacks.py:172: UserWarning: Best weights from best epoch are automatically used!
  warnings.warn(wrn_msg)
[I 2025-08-05 13:35:47,712] Trial 10 finished with value: 0.8897487624065614 and parameters: {'n_d': 63, 'n_a': 23, 'n_steps': 8, 'gamma': 1.0356868945816724, 'lambda_sparse': 0.009906908782193283, 'lr': 0.013821153111665947, 'weight_decay': 9.633892531003045e-06}. Best is trial 2 with value: 0.9467572193616931.
/work/dlclarge2/latifajr-dl_lab_project/autoML/automl-exam-ss25-tabular-freiburg-template/automl-tabular-env/lib/python3.10/site-packages/pytorch_tabnet/callbacks.py:172: UserWarning: Best weights from best epoch are automatically used!
  warnings.warn(wrn_msg)
[I 2025-08-05 13:36:04,410] Trial 11 finished with value: 0.9324659745503898 and parameters: {'n_d': 28, 'n_a': 51, 'n_steps': 5, 'gamma': 1.938793996569926, 'lambda_sparse': 1.0204781826151012e-05, 'lr': 0.0936628220513497, 'weight_decay': 4.340534030448745e-06}. Best is trial 2 with value: 0.9467572193616931.
/work/dlclarge2/latifajr-dl_lab_project/autoML/automl-exam-ss25-tabular-freiburg-template/automl-tabular-env/lib/python3.10/site-packages/pytorch_tabnet/callbacks.py:172: UserWarning: Best weights from best epoch are automatically used!
  warnings.warn(wrn_msg)
[I 2025-08-05 13:36:32,668] Trial 12 finished with value: 0.9476479073826932 and parameters: {'n_d': 55, 'n_a': 34, 'n_steps': 5, 'gamma': 1.487836388438471, 'lambda_sparse': 0.0033485692169443484, 'lr': 0.025213792384440933, 'weight_decay': 6.78594193018285e-06}. Best is trial 12 with value: 0.9476479073826932.
/work/dlclarge2/latifajr-dl_lab_project/autoML/automl-exam-ss25-tabular-freiburg-template/automl-tabular-env/lib/python3.10/site-packages/pytorch_tabnet/callbacks.py:172: UserWarning: Best weights from best epoch are automatically used!
  warnings.warn(wrn_msg)
[I 2025-08-05 13:36:56,379] Trial 13 finished with value: 0.5930230024981001 and parameters: {'n_d': 55, 'n_a': 31, 'n_steps': 3, 'gamma': 1.4635460581641082, 'lambda_sparse': 0.009809776856600396, 'lr': 0.00010403708896438852, 'weight_decay': 1.1285220799321973e-05}. Best is trial 12 with value: 0.9476479073826932.
/work/dlclarge2/latifajr-dl_lab_project/autoML/automl-exam-ss25-tabular-freiburg-template/automl-tabular-env/lib/python3.10/site-packages/pytorch_tabnet/callbacks.py:172: UserWarning: Best weights from best epoch are automatically used!
  warnings.warn(wrn_msg)
[I 2025-08-05 13:37:28,152] Trial 14 finished with value: 0.9132370260063338 and parameters: {'n_d': 55, 'n_a': 47, 'n_steps': 6, 'gamma': 1.4376319907737172, 'lambda_sparse': 0.003215834753565422, 'lr': 0.016207360234560885, 'weight_decay': 1.2850353847991438e-06}. Best is trial 12 with value: 0.9476479073826932.
/work/dlclarge2/latifajr-dl_lab_project/autoML/automl-exam-ss25-tabular-freiburg-template/automl-tabular-env/lib/python3.10/site-packages/pytorch_tabnet/callbacks.py:172: UserWarning: Best weights from best epoch are automatically used!
  warnings.warn(wrn_msg)
[I 2025-08-05 13:37:59,961] Trial 15 finished with value: 0.9011265548063392 and parameters: {'n_d': 62, 'n_a': 17, 'n_steps': 6, 'gamma': 1.674367223239245, 'lambda_sparse': 0.001804621881370757, 'lr': 0.02956054296100239, 'weight_decay': 5.915256362027237e-06}. Best is trial 12 with value: 0.9476479073826932.
/work/dlclarge2/latifajr-dl_lab_project/autoML/automl-exam-ss25-tabular-freiburg-template/automl-tabular-env/lib/python3.10/site-packages/pytorch_tabnet/callbacks.py:172: UserWarning: Best weights from best epoch are automatically used!
  warnings.warn(wrn_msg)
[I 2025-08-05 13:38:24,220] Trial 16 finished with value: 0.9279479083550853 and parameters: {'n_d': 50, 'n_a': 63, 'n_steps': 4, 'gamma': 1.0451180288915136, 'lambda_sparse': 0.004328552601782457, 'lr': 0.005263390552409931, 'weight_decay': 1.564142662024205e-05}. Best is trial 12 with value: 0.9476479073826932.
/work/dlclarge2/latifajr-dl_lab_project/autoML/automl-exam-ss25-tabular-freiburg-template/automl-tabular-env/lib/python3.10/site-packages/pytorch_tabnet/callbacks.py:172: UserWarning: Best weights from best epoch are automatically used!
  warnings.warn(wrn_msg)
[I 2025-08-05 13:38:58,890] Trial 17 finished with value: 0.937663751614062 and parameters: {'n_d': 55, 'n_a': 29, 'n_steps': 8, 'gamma': 1.58937182617365, 'lambda_sparse': 0.0001183729796750994, 'lr': 0.08602280360672797, 'weight_decay': 2.576787377811956e-06}. Best is trial 12 with value: 0.9476479073826932.
/work/dlclarge2/latifajr-dl_lab_project/autoML/automl-exam-ss25-tabular-freiburg-template/automl-tabular-env/lib/python3.10/site-packages/pytorch_tabnet/callbacks.py:172: UserWarning: Best weights from best epoch are automatically used!
  warnings.warn(wrn_msg)
[I 2025-08-05 13:39:30,904] Trial 18 finished with value: 0.8847486505938682 and parameters: {'n_d': 41, 'n_a': 44, 'n_steps': 8, 'gamma': 1.3717183847002024, 'lambda_sparse': 0.0008263022115722023, 'lr': 0.024934193053517625, 'weight_decay': 1.1151204401622572e-06}. Best is trial 12 with value: 0.9476479073826932.
/work/dlclarge2/latifajr-dl_lab_project/autoML/automl-exam-ss25-tabular-freiburg-template/automl-tabular-env/lib/python3.10/site-packages/pytorch_tabnet/callbacks.py:172: UserWarning: Best weights from best epoch are automatically used!
  warnings.warn(wrn_msg)
[I 2025-08-05 13:39:58,102] Trial 19 finished with value: 0.9267725568009363 and parameters: {'n_d': 49, 'n_a': 58, 'n_steps': 4, 'gamma': 1.8159903392878425, 'lambda_sparse': 0.006446716245069822, 'lr': 0.00605853748414745, 'weight_decay': 2.5625555756561483e-06}. Best is trial 12 with value: 0.9476479073826932.
/work/dlclarge2/latifajr-dl_lab_project/autoML/automl-exam-ss25-tabular-freiburg-template/automl-tabular-env/lib/python3.10/site-packages/pytorch_tabnet/callbacks.py:172: UserWarning: Best weights from best epoch are automatically used!
  warnings.warn(wrn_msg)
[I 2025-08-05 13:40:30,027] A new study created in memory with name: no-name-aa488380-a25d-4e23-b35c-1c623234fc3f
/work/dlclarge2/latifajr-dl_lab_project/autoML/automl-exam-ss25-tabular-freiburg-template/automl-tabular-env/lib/python3.10/site-packages/pytorch_tabnet/callbacks.py:172: UserWarning: Best weights from best epoch are automatically used!
  warnings.warn(wrn_msg)
[I 2025-08-05 13:41:09,025] Trial 0 finished with value: 0.9206014574441592 and parameters: {'n_d': 13, 'n_a': 36, 'n_steps': 9, 'gamma': 1.4888469461623373, 'lambda_sparse': 0.0021655437088757574, 'lr': 0.010792516457948998, 'weight_decay': 1.353513707404145e-05}. Best is trial 0 with value: 0.9206014574441592.
/work/dlclarge2/latifajr-dl_lab_project/autoML/automl-exam-ss25-tabular-freiburg-template/automl-tabular-env/lib/python3.10/site-packages/pytorch_tabnet/callbacks.py:172: UserWarning: Best weights from best epoch are automatically used!
  warnings.warn(wrn_msg)
[I 2025-08-05 13:41:32,703] Trial 1 finished with value: 0.8859074286834943 and parameters: {'n_d': 47, 'n_a': 23, 'n_steps': 3, 'gamma': 1.2683553456141676, 'lambda_sparse': 0.0006014285590682755, 'lr': 0.023966614413297067, 'weight_decay': 3.2614422671737446e-06}. Best is trial 0 with value: 0.9206014574441592.
/work/dlclarge2/latifajr-dl_lab_project/autoML/automl-exam-ss25-tabular-freiburg-template/automl-tabular-env/lib/python3.10/site-packages/pytorch_tabnet/callbacks.py:172: UserWarning: Best weights from best epoch are automatically used!
  warnings.warn(wrn_msg)
[I 2025-08-05 13:42:01,170] Trial 2 finished with value: 0.8915433501556977 and parameters: {'n_d': 33, 'n_a': 54, 'n_steps': 4, 'gamma': 1.7975464755978283, 'lambda_sparse': 0.003871091175871142, 'lr': 0.0006902840493332607, 'weight_decay': 2.6273034011320623e-05}. Best is trial 0 with value: 0.9206014574441592.
/work/dlclarge2/latifajr-dl_lab_project/autoML/automl-exam-ss25-tabular-freiburg-template/automl-tabular-env/lib/python3.10/site-packages/pytorch_tabnet/callbacks.py:172: UserWarning: Best weights from best epoch are automatically used!
  warnings.warn(wrn_msg)
[I 2025-08-05 13:42:29,296] Trial 3 finished with value: 0.8577843842506192 and parameters: {'n_d': 10, 'n_a': 33, 'n_steps': 5, 'gamma': 1.4068308640767815, 'lambda_sparse': 0.00933930314478063, 'lr': 0.004327841530123255, 'weight_decay': 0.00011313561990021714}. Best is trial 0 with value: 0.9206014574441592.
/work/dlclarge2/latifajr-dl_lab_project/autoML/automl-exam-ss25-tabular-freiburg-template/automl-tabular-env/lib/python3.10/site-packages/pytorch_tabnet/callbacks.py:172: UserWarning: Best weights from best epoch are automatically used!
  warnings.warn(wrn_msg)
[I 2025-08-05 13:42:53,085] Trial 4 finished with value: 0.9063299780397701 and parameters: {'n_d': 16, 'n_a': 17, 'n_steps': 3, 'gamma': 1.4461378667251865, 'lambda_sparse': 1.980839970696294e-05, 'lr': 0.002287281276378025, 'weight_decay': 4.185395243730842e-06}. Best is trial 0 with value: 0.9206014574441592.
/work/dlclarge2/latifajr-dl_lab_project/autoML/automl-exam-ss25-tabular-freiburg-template/automl-tabular-env/lib/python3.10/site-packages/pytorch_tabnet/callbacks.py:172: UserWarning: Best weights from best epoch are automatically used!
  warnings.warn(wrn_msg)
[I 2025-08-05 13:43:25,205] Trial 5 finished with value: -0.24128595626041727 and parameters: {'n_d': 49, 'n_a': 16, 'n_steps': 6, 'gamma': 1.7579673362784702, 'lambda_sparse': 0.0012052770804656752, 'lr': 0.00010534054722007155, 'weight_decay': 1.5804605977713699e-06}. Best is trial 0 with value: 0.9206014574441592.
/work/dlclarge2/latifajr-dl_lab_project/autoML/automl-exam-ss25-tabular-freiburg-template/automl-tabular-env/lib/python3.10/site-packages/pytorch_tabnet/callbacks.py:172: UserWarning: Best weights from best epoch are automatically used!
  warnings.warn(wrn_msg)
[I 2025-08-05 13:43:53,261] Trial 6 finished with value: 0.8856117561402519 and parameters: {'n_d': 38, 'n_a': 12, 'n_steps': 5, 'gamma': 1.9813576815288068, 'lambda_sparse': 0.00020342161269680013, 'lr': 0.0038944712536395144, 'weight_decay': 0.0007631760276341505}. Best is trial 0 with value: 0.9206014574441592.
/work/dlclarge2/latifajr-dl_lab_project/autoML/automl-exam-ss25-tabular-freiburg-template/automl-tabular-env/lib/python3.10/site-packages/pytorch_tabnet/callbacks.py:172: UserWarning: Best weights from best epoch are automatically used!
  warnings.warn(wrn_msg)
[I 2025-08-05 13:44:19,829] Trial 7 finished with value: 0.8826775555868349 and parameters: {'n_d': 31, 'n_a': 30, 'n_steps': 5, 'gamma': 1.4172811912755034, 'lambda_sparse': 0.0019536780080468036, 'lr': 0.0011959911776112373, 'weight_decay': 1.0787084559930966e-06}. Best is trial 0 with value: 0.9206014574441592.
/work/dlclarge2/latifajr-dl_lab_project/autoML/automl-exam-ss25-tabular-freiburg-template/automl-tabular-env/lib/python3.10/site-packages/pytorch_tabnet/callbacks.py:172: UserWarning: Best weights from best epoch are automatically used!
  warnings.warn(wrn_msg)
[I 2025-08-05 13:44:46,509] Trial 8 finished with value: 0.9500843116445726 and parameters: {'n_d': 37, 'n_a': 17, 'n_steps': 5, 'gamma': 1.6881856026276847, 'lambda_sparse': 0.003851260973331954, 'lr': 0.03060593947567735, 'weight_decay': 0.00013672996780664788}. Best is trial 8 with value: 0.9500843116445726.
/work/dlclarge2/latifajr-dl_lab_project/autoML/automl-exam-ss25-tabular-freiburg-template/automl-tabular-env/lib/python3.10/site-packages/pytorch_tabnet/callbacks.py:172: UserWarning: Best weights from best epoch are automatically used!
  warnings.warn(wrn_msg)
[I 2025-08-05 13:45:22,998] Trial 9 finished with value: 0.6312465148450804 and parameters: {'n_d': 34, 'n_a': 43, 'n_steps': 7, 'gamma': 1.6892326501969173, 'lambda_sparse': 0.00404441548441848, 'lr': 0.00042675875866087794, 'weight_decay': 0.00032929541776581165}. Best is trial 8 with value: 0.9500843116445726.
/work/dlclarge2/latifajr-dl_lab_project/autoML/automl-exam-ss25-tabular-freiburg-template/automl-tabular-env/lib/python3.10/site-packages/pytorch_tabnet/callbacks.py:172: UserWarning: Best weights from best epoch are automatically used!
  warnings.warn(wrn_msg)
