[I 2025-08-03 20:27:18,669] Trial 124 finished with value: -0.09968276796317749 and parameters: {'learning_rate': 0.018971072021321374, 'depth': 12, 'l2_leaf_reg': 1.771181956759528, 'border_count': 80}. Best is trial 116 with value: -0.10371396192203744.
[I 2025-08-03 20:28:43,533] Trial 125 finished with value: -0.09935457180805578 and parameters: {'learning_rate': 0.022656702186350606, 'depth': 12, 'l2_leaf_reg': 1.4184635729089174, 'border_count': 32}. Best is trial 116 with value: -0.10371396192203744.
[I 2025-08-03 20:29:54,764] Trial 126 finished with value: -0.09839140356882135 and parameters: {'learning_rate': 0.021498826447759366, 'depth': 11, 'l2_leaf_reg': 1.6857147715381011, 'border_count': 55}. Best is trial 116 with value: -0.10371396192203744.
[I 2025-08-03 20:32:56,324] Trial 127 finished with value: -0.09832111115480355 and parameters: {'learning_rate': 0.027219493753849102, 'depth': 12, 'l2_leaf_reg': 2.361281822906612, 'border_count': 147}. Best is trial 116 with value: -0.10371396192203744.
[I 2025-08-03 20:34:05,364] Trial 128 finished with value: -0.10074091368897009 and parameters: {'learning_rate': 0.016164442746570588, 'depth': 11, 'l2_leaf_reg': 2.0544958323671128, 'border_count': 44}. Best is trial 116 with value: -0.10371396192203744.
[I 2025-08-03 20:35:49,025] Trial 129 finished with value: -0.09966732199896233 and parameters: {'learning_rate': 0.029518155644771327, 'depth': 12, 'l2_leaf_reg': 1.1958397157555012, 'border_count': 64}. Best is trial 116 with value: -0.10371396192203744.
[I 2025-08-03 20:38:23,386] Trial 130 finished with value: -0.10124673319169336 and parameters: {'learning_rate': 0.02499688524367108, 'depth': 12, 'l2_leaf_reg': 1.4396112669170769, 'border_count': 101}. Best is trial 116 with value: -0.10371396192203744.
[I 2025-08-03 20:40:57,550] Trial 131 finished with value: -0.09967581007424041 and parameters: {'learning_rate': 0.024409011638703258, 'depth': 12, 'l2_leaf_reg': 1.420845595594299, 'border_count': 113}. Best is trial 116 with value: -0.10371396192203744.
[I 2025-08-03 20:42:37,647] Trial 132 finished with value: -0.10262150675726339 and parameters: {'learning_rate': 0.020011394349375926, 'depth': 12, 'l2_leaf_reg': 1.1803585304011703, 'border_count': 41}. Best is trial 116 with value: -0.10371396192203744.
[I 2025-08-03 20:44:21,863] Trial 133 finished with value: -0.10344600579690064 and parameters: {'learning_rate': 0.018495439520055865, 'depth': 12, 'l2_leaf_reg': 1.1597307158601502, 'border_count': 40}. Best is trial 116 with value: -0.10371396192203744.
[I 2025-08-03 20:46:01,565] Trial 134 finished with value: -0.10219821018604111 and parameters: {'learning_rate': 0.018225851578905914, 'depth': 12, 'l2_leaf_reg': 1.2140497174605602, 'border_count': 37}. Best is trial 116 with value: -0.10371396192203744.
[I 2025-08-03 20:47:52,868] Trial 135 finished with value: -0.09761378991264277 and parameters: {'learning_rate': 0.01816922659247428, 'depth': 12, 'l2_leaf_reg': 5.0865879567010115, 'border_count': 35}. Best is trial 116 with value: -0.10371396192203744.
[I 2025-08-03 20:49:41,960] Trial 136 finished with value: -0.10217696113317029 and parameters: {'learning_rate': 0.019896279955370806, 'depth': 12, 'l2_leaf_reg': 1.1608991338250212, 'border_count': 50}. Best is trial 116 with value: -0.10371396192203744.
[I 2025-08-03 20:51:30,773] Trial 137 finished with value: -0.09930092110635978 and parameters: {'learning_rate': 0.020705813859744543, 'depth': 12, 'l2_leaf_reg': 1.1895334439091592, 'border_count': 51}. Best is trial 116 with value: -0.10371396192203744.
[I 2025-08-03 20:53:43,113] Trial 138 finished with value: -0.10165574083450982 and parameters: {'learning_rate': 0.016752632139247516, 'depth': 12, 'l2_leaf_reg': 1.339656005079056, 'border_count': 56}. Best is trial 116 with value: -0.10371396192203744.
[I 2025-08-03 20:55:33,859] Trial 139 finished with value: -0.09930773992974057 and parameters: {'learning_rate': 0.020099072409745483, 'depth': 12, 'l2_leaf_reg': 1.1829246665026107, 'border_count': 46}. Best is trial 116 with value: -0.10371396192203744.
[I 2025-08-03 20:57:15,375] Trial 140 finished with value: -0.10071354604798838 and parameters: {'learning_rate': 0.017953182258645263, 'depth': 12, 'l2_leaf_reg': 1.5750377518301149, 'border_count': 38}. Best is trial 116 with value: -0.10371396192203744.
[I 2025-08-03 20:58:59,602] Trial 141 finished with value: -0.09831035783417962 and parameters: {'learning_rate': 0.019325741724936077, 'depth': 12, 'l2_leaf_reg': 1.0040526467875004, 'border_count': 42}. Best is trial 116 with value: -0.10371396192203744.
[I 2025-08-03 21:01:04,849] Trial 142 finished with value: -0.10143783879580409 and parameters: {'learning_rate': 0.015371555038495674, 'depth': 12, 'l2_leaf_reg': 1.0119125580391644, 'border_count': 49}. Best is trial 116 with value: -0.10371396192203744.
[I 2025-08-03 21:02:51,368] Trial 143 finished with value: -0.10169097767358222 and parameters: {'learning_rate': 0.018842949776976127, 'depth': 12, 'l2_leaf_reg': 1.3040024944101836, 'border_count': 39}. Best is trial 116 with value: -0.10371396192203744.
[I 2025-08-03 21:05:07,741] Trial 144 finished with value: -0.10160370118113458 and parameters: {'learning_rate': 0.013415467376774157, 'depth': 12, 'l2_leaf_reg': 1.0002241442980875, 'border_count': 53}. Best is trial 116 with value: -0.10371396192203744.
[I 2025-08-03 21:06:24,076] Trial 145 finished with value: -0.10033679588195712 and parameters: {'learning_rate': 0.022196575507151112, 'depth': 11, 'l2_leaf_reg': 1.525620445534256, 'border_count': 73}. Best is trial 116 with value: -0.10371396192203744.
[I 2025-08-03 21:08:00,086] Trial 146 finished with value: -0.10078546264009154 and parameters: {'learning_rate': 0.02043507611297417, 'depth': 12, 'l2_leaf_reg': 1.8878012597401366, 'border_count': 32}. Best is trial 116 with value: -0.10371396192203744.
[I 2025-08-03 21:09:39,179] Trial 147 finished with value: -0.10052232757417441 and parameters: {'learning_rate': 0.022981692862606873, 'depth': 12, 'l2_leaf_reg': 1.2297859744843462, 'border_count': 45}. Best is trial 116 with value: -0.10371396192203744.
[I 2025-08-03 21:11:50,197] Trial 148 finished with value: -0.10027359810390599 and parameters: {'learning_rate': 0.01789745463707992, 'depth': 12, 'l2_leaf_reg': 1.3725959874666165, 'border_count': 62}. Best is trial 116 with value: -0.10371396192203744.
[I 2025-08-03 21:12:58,371] Trial 149 finished with value: -0.10096021129693027 and parameters: {'learning_rate': 0.014708596246667868, 'depth': 11, 'l2_leaf_reg': 1.176284090137211, 'border_count': 40}. Best is trial 116 with value: -0.10371396192203744.
[I 2025-08-03 21:14:59,423] Trial 150 finished with value: -0.10318727157629189 and parameters: {'learning_rate': 0.016556168918572263, 'depth': 12, 'l2_leaf_reg': 1.644438194326105, 'border_count': 50}. Best is trial 116 with value: -0.10371396192203744.
[I 2025-08-03 21:17:11,464] Trial 151 finished with value: -0.10359350316851519 and parameters: {'learning_rate': 0.015763015929636148, 'depth': 12, 'l2_leaf_reg': 1.6139199119313887, 'border_count': 56}. Best is trial 116 with value: -0.10371396192203744.
[I 2025-08-03 21:19:33,961] Trial 152 finished with value: -0.10073433769804065 and parameters: {'learning_rate': 0.014036305389332464, 'depth': 12, 'l2_leaf_reg': 1.711997144670065, 'border_count': 57}. Best is trial 116 with value: -0.10371396192203744.
[I 2025-08-03 21:21:35,914] Trial 153 finished with value: -0.10103803386772624 and parameters: {'learning_rate': 0.01614470183936215, 'depth': 12, 'l2_leaf_reg': 1.8765713168558338, 'border_count': 50}. Best is trial 116 with value: -0.10371396192203744.
[I 2025-08-03 21:23:57,285] Trial 154 finished with value: -0.0998384441008999 and parameters: {'learning_rate': 0.01721640039142828, 'depth': 12, 'l2_leaf_reg': 1.5817016162096285, 'border_count': 67}. Best is trial 116 with value: -0.10371396192203744.
[I 2025-08-03 21:26:26,244] Trial 155 finished with value: -0.09772700631347185 and parameters: {'learning_rate': 0.011160805906689341, 'depth': 12, 'l2_leaf_reg': 1.3814071463046433, 'border_count': 55}. Best is trial 116 with value: -0.10371396192203744.
[I 2025-08-03 21:27:35,814] Trial 156 finished with value: -0.09759561290826317 and parameters: {'learning_rate': 0.02060501925456253, 'depth': 11, 'l2_leaf_reg': 3.931436684577842, 'border_count': 46}. Best is trial 116 with value: -0.10371396192203744.
[I 2025-08-03 21:29:45,032] Trial 157 finished with value: -0.10024976976076268 and parameters: {'learning_rate': 0.01651144480990908, 'depth': 12, 'l2_leaf_reg': 1.5696714784845898, 'border_count': 59}. Best is trial 116 with value: -0.10371396192203744.
[I 2025-08-03 21:31:11,232] Trial 158 finished with value: -0.09689253970036006 and parameters: {'learning_rate': 0.01206123390035761, 'depth': 11, 'l2_leaf_reg': 1.8354481204564055, 'border_count': 63}. Best is trial 116 with value: -0.10371396192203744.
[I 2025-08-03 21:33:07,079] Trial 159 finished with value: -0.10492384152542526 and parameters: {'learning_rate': 0.01871379209556496, 'depth': 12, 'l2_leaf_reg': 1.3144360489232627, 'border_count': 50}. Best is trial 159 with value: -0.10492384152542526.
[I 2025-08-03 21:34:53,282] Trial 160 finished with value: -0.10006850645093783 and parameters: {'learning_rate': 0.01861954260923159, 'depth': 12, 'l2_leaf_reg': 1.2750681395929164, 'border_count': 51}. Best is trial 159 with value: -0.10492384152542526.
[I 2025-08-03 21:37:03,357] Trial 161 finished with value: -0.10235471904938086 and parameters: {'learning_rate': 0.015258672532696273, 'depth': 12, 'l2_leaf_reg': 1.4466409357855277, 'border_count': 44}. Best is trial 159 with value: -0.10492384152542526.
[I 2025-08-03 21:39:08,268] Trial 162 finished with value: -0.10095113618163903 and parameters: {'learning_rate': 0.015322663389881568, 'depth': 12, 'l2_leaf_reg': 1.4712357117495007, 'border_count': 43}. Best is trial 159 with value: -0.10492384152542526.
[I 2025-08-03 21:40:59,110] Trial 163 finished with value: -0.10057418614212646 and parameters: {'learning_rate': 0.013213537668182573, 'depth': 12, 'l2_leaf_reg': 1.1768268124488124, 'border_count': 36}. Best is trial 159 with value: -0.10492384152542526.
[I 2025-08-03 21:43:00,211] Trial 164 finished with value: -0.10061508240218503 and parameters: {'learning_rate': 0.01712429838509724, 'depth': 12, 'l2_leaf_reg': 1.6775398537865651, 'border_count': 48}. Best is trial 159 with value: -0.10492384152542526.
[I 2025-08-03 21:44:50,757] Trial 165 finished with value: -0.09803481679370589 and parameters: {'learning_rate': 0.019702434108760953, 'depth': 12, 'l2_leaf_reg': 1.3579666126906398, 'border_count': 54}. Best is trial 159 with value: -0.10492384152542526.
[I 2025-08-03 21:46:53,409] Trial 166 finished with value: -0.1020715612079392 and parameters: {'learning_rate': 0.014537885797240907, 'depth': 12, 'l2_leaf_reg': 1.4395820380622362, 'border_count': 43}. Best is trial 159 with value: -0.10492384152542526.
[I 2025-08-03 21:49:01,213] Trial 167 finished with value: -0.10085892017718656 and parameters: {'learning_rate': 0.014369079338065196, 'depth': 12, 'l2_leaf_reg': 1.555343518205094, 'border_count': 46}. Best is trial 159 with value: -0.10492384152542526.
[I 2025-08-03 21:51:21,164] Trial 168 finished with value: -0.10076594531108247 and parameters: {'learning_rate': 0.015656702209518557, 'depth': 12, 'l2_leaf_reg': 1.160291091996458, 'border_count': 60}. Best is trial 159 with value: -0.10492384152542526.
[I 2025-08-03 21:53:46,251] Trial 169 finished with value: -0.10061761552159391 and parameters: {'learning_rate': 0.017566582522850142, 'depth': 12, 'l2_leaf_reg': 2.1344207505307455, 'border_count': 70}. Best is trial 159 with value: -0.10492384152542526.
[I 2025-08-03 21:56:08,112] Trial 170 finished with value: -0.09403976343104224 and parameters: {'learning_rate': 0.012648267333780118, 'depth': 12, 'l2_leaf_reg': 5.706309338236804, 'border_count': 51}. Best is trial 159 with value: -0.10492384152542526.
[I 2025-08-03 21:57:41,366] Trial 171 finished with value: -0.10075273260343082 and parameters: {'learning_rate': 0.020936063062166804, 'depth': 12, 'l2_leaf_reg': 1.3914201937924628, 'border_count': 37}. Best is trial 159 with value: -0.10492384152542526.
[I 2025-08-03 21:59:24,887] Trial 172 finished with value: -0.09957116951887211 and parameters: {'learning_rate': 0.01865441838350723, 'depth': 12, 'l2_leaf_reg': 1.7310193352066794, 'border_count': 42}. Best is trial 159 with value: -0.10492384152542526.
[I 2025-08-03 22:01:20,305] Trial 173 finished with value: -0.09861452526252258 and parameters: {'learning_rate': 0.015797375472831127, 'depth': 12, 'l2_leaf_reg': 1.1654367127399903, 'border_count': 43}. Best is trial 159 with value: -0.10492384152542526.
[I 2025-08-03 22:02:49,905] Trial 174 finished with value: -0.1024524387162972 and parameters: {'learning_rate': 0.021937313872699055, 'depth': 12, 'l2_leaf_reg': 1.4450926248800333, 'border_count': 34}. Best is trial 159 with value: -0.10492384152542526.
[I 2025-08-03 22:04:56,298] Trial 175 finished with value: -0.10074681454385456 and parameters: {'learning_rate': 0.014621089251997975, 'depth': 12, 'l2_leaf_reg': 1.4873995356934395, 'border_count': 48}. Best is trial 159 with value: -0.10492384152542526.
[I 2025-08-03 22:07:02,172] Trial 176 finished with value: -0.09809836439569501 and parameters: {'learning_rate': 0.022571029414232155, 'depth': 12, 'l2_leaf_reg': 4.773158638368681, 'border_count': 55}. Best is trial 159 with value: -0.10492384152542526.
[I 2025-08-03 22:08:50,263] Trial 177 finished with value: -0.10315173431815153 and parameters: {'learning_rate': 0.01683620558209801, 'depth': 12, 'l2_leaf_reg': 1.9238749473062922, 'border_count': 32}. Best is trial 159 with value: -0.10492384152542526.
[I 2025-08-03 22:10:38,335] Trial 178 finished with value: -0.09947594276026599 and parameters: {'learning_rate': 0.016688316695325337, 'depth': 12, 'l2_leaf_reg': 1.863137949932466, 'border_count': 33}. Best is trial 159 with value: -0.10492384152542526.
[I 2025-08-03 22:12:23,544] Trial 179 finished with value: -0.09359211482126326 and parameters: {'learning_rate': 0.01795834203002118, 'depth': 12, 'l2_leaf_reg': 7.8083614459353345, 'border_count': 35}. Best is trial 159 with value: -0.10492384152542526.
[I 2025-08-03 22:14:07,653] Trial 180 finished with value: -0.10214744414224743 and parameters: {'learning_rate': 0.019597980586625662, 'depth': 12, 'l2_leaf_reg': 1.5897905517471251, 'border_count': 40}. Best is trial 159 with value: -0.10492384152542526.
[I 2025-08-03 22:15:51,825] Trial 181 finished with value: -0.10098777128173225 and parameters: {'learning_rate': 0.019790978044705015, 'depth': 12, 'l2_leaf_reg': 1.6405972027596532, 'border_count': 41}. Best is trial 159 with value: -0.10492384152542526.
[I 2025-08-03 22:17:25,546] Trial 182 finished with value: -0.10268016214240044 and parameters: {'learning_rate': 0.019440965190685243, 'depth': 12, 'l2_leaf_reg': 1.3528876155619005, 'border_count': 32}. Best is trial 159 with value: -0.10492384152542526.
[I 2025-08-03 22:19:06,138] Trial 183 finished with value: -0.09980071250855069 and parameters: {'learning_rate': 0.01949949192406898, 'depth': 12, 'l2_leaf_reg': 1.2878412118817666, 'border_count': 36}. Best is trial 159 with value: -0.10492384152542526.
[I 2025-08-03 22:20:30,765] Trial 184 finished with value: -0.10174169828055021 and parameters: {'learning_rate': 0.0214361796865921, 'depth': 12, 'l2_leaf_reg': 1.0191214354713387, 'border_count': 32}. Best is trial 159 with value: -0.10492384152542526.
[I 2025-08-03 22:22:16,868] Trial 185 finished with value: -0.10089827442264404 and parameters: {'learning_rate': 0.018279961085848253, 'depth': 12, 'l2_leaf_reg': 1.6648125583169402, 'border_count': 39}. Best is trial 159 with value: -0.10492384152542526.
[I 2025-08-03 22:23:53,993] Trial 186 finished with value: -0.10160775176483215 and parameters: {'learning_rate': 0.023765464204451785, 'depth': 12, 'l2_leaf_reg': 1.9757087045815171, 'border_count': 38}. Best is trial 159 with value: -0.10492384152542526.
[I 2025-08-03 22:25:53,415] Trial 187 finished with value: -0.09980507571204301 and parameters: {'learning_rate': 0.01686409695492144, 'depth': 12, 'l2_leaf_reg': 1.1695605042841266, 'border_count': 47}. Best is trial 159 with value: -0.10492384152542526.
[I 2025-08-03 22:27:21,477] Trial 188 finished with value: -0.09825261745810716 and parameters: {'learning_rate': 0.02003743538461126, 'depth': 12, 'l2_leaf_reg': 1.4250877960318105, 'border_count': 32}. Best is trial 159 with value: -0.10492384152542526.
[I 2025-08-03 22:28:56,928] Trial 189 finished with value: -0.10059483432437638 and parameters: {'learning_rate': 0.01884903960400889, 'depth': 12, 'l2_leaf_reg': 1.2865175376366673, 'border_count': 42}. Best is trial 159 with value: -0.10492384152542526.
[I 2025-08-03 22:30:43,862] Trial 190 finished with value: -0.0989933059690142 and parameters: {'learning_rate': 0.021903811755145632, 'depth': 12, 'l2_leaf_reg': 1.5649861439959023, 'border_count': 47}. Best is trial 159 with value: -0.10492384152542526.
[I 2025-08-03 22:32:42,728] Trial 191 finished with value: -0.0995623772298228 and parameters: {'learning_rate': 0.01574920943829164, 'depth': 12, 'l2_leaf_reg': 1.4344807194961764, 'border_count': 43}. Best is trial 159 with value: -0.10492384152542526.
[I 2025-08-03 22:34:42,722] Trial 192 finished with value: -0.10005722831955484 and parameters: {'learning_rate': 0.013801272695094801, 'depth': 12, 'l2_leaf_reg': 1.1758986226715713, 'border_count': 38}. Best is trial 159 with value: -0.10492384152542526.
[I 2025-08-03 22:36:46,248] Trial 193 finished with value: -0.10253031960502455 and parameters: {'learning_rate': 0.017441050144637354, 'depth': 12, 'l2_leaf_reg': 1.722302686993596, 'border_count': 51}. Best is trial 159 with value: -0.10492384152542526.
[I 2025-08-03 22:38:58,364] Trial 194 finished with value: -0.10108246015907583 and parameters: {'learning_rate': 0.017259392030869142, 'depth': 12, 'l2_leaf_reg': 1.8153788903258197, 'border_count': 54}. Best is trial 159 with value: -0.10492384152542526.
[I 2025-08-03 22:40:45,771] Trial 195 finished with value: -0.10277735968871789 and parameters: {'learning_rate': 0.02074485907242049, 'depth': 12, 'l2_leaf_reg': 1.689246616198816, 'border_count': 50}. Best is trial 159 with value: -0.10492384152542526.
[I 2025-08-03 22:42:36,541] Trial 196 finished with value: -0.10145885286894857 and parameters: {'learning_rate': 0.021149314205453882, 'depth': 12, 'l2_leaf_reg': 1.7544332740467108, 'border_count': 51}. Best is trial 159 with value: -0.10492384152542526.
[I 2025-08-03 22:44:48,753] Trial 197 finished with value: -0.10191584969149327 and parameters: {'learning_rate': 0.018051043303487915, 'depth': 12, 'l2_leaf_reg': 1.0015362730510138, 'border_count': 62}. Best is trial 159 with value: -0.10492384152542526.
[I 2025-08-03 22:46:41,399] Trial 198 finished with value: -0.10406703000933414 and parameters: {'learning_rate': 0.023665807190387987, 'depth': 12, 'l2_leaf_reg': 1.3189065633112351, 'border_count': 58}. Best is trial 159 with value: -0.10492384152542526.
[I 2025-08-03 22:48:40,954] Trial 199 finished with value: -0.10211070555867646 and parameters: {'learning_rate': 0.02354415494543859, 'depth': 12, 'l2_leaf_reg': 2.0139405522004754, 'border_count': 58}. Best is trial 159 with value: -0.10492384152542526.
[I 2025-08-03 22:50:23,478] Trial 200 finished with value: -0.1005763507922009 and parameters: {'learning_rate': 0.025589246474080025, 'depth': 12, 'l2_leaf_reg': 1.3070861476517355, 'border_count': 59}. Best is trial 159 with value: -0.10492384152542526.
[I 2025-08-03 22:52:23,463] Trial 201 finished with value: -0.10026664151762218 and parameters: {'learning_rate': 0.02055643751802681, 'depth': 12, 'l2_leaf_reg': 1.4838416058721067, 'border_count': 65}. Best is trial 159 with value: -0.10492384152542526.
[I 2025-08-03 22:53:57,885] Trial 202 finished with value: -0.09862339215539796 and parameters: {'learning_rate': 0.022861826703384887, 'depth': 12, 'l2_leaf_reg': 1.263115237492878, 'border_count': 50}. Best is trial 159 with value: -0.10492384152542526.
[I 2025-08-03 22:55:58,795] Trial 203 finished with value: -0.10245447901186765 and parameters: {'learning_rate': 0.017207336690575007, 'depth': 12, 'l2_leaf_reg': 1.1460508170232455, 'border_count': 55}. Best is trial 159 with value: -0.10492384152542526.
[I 2025-08-03 22:58:09,960] Trial 204 finished with value: -0.10162351326209736 and parameters: {'learning_rate': 0.016241735259152564, 'depth': 12, 'l2_leaf_reg': 1.6388476656139253, 'border_count': 54}. Best is trial 159 with value: -0.10492384152542526.
[I 2025-08-03 23:00:34,132] Trial 205 finished with value: -0.10005685443417096 and parameters: {'learning_rate': 0.017276494161844493, 'depth': 12, 'l2_leaf_reg': 1.48121824263723, 'border_count': 68}. Best is trial 159 with value: -0.10492384152542526.
[I 2025-08-03 23:02:32,862] Trial 206 finished with value: -0.10157442412486596 and parameters: {'learning_rate': 0.016137328410101084, 'depth': 12, 'l2_leaf_reg': 1.3200540141152683, 'border_count': 46}. Best is trial 159 with value: -0.10492384152542526.
[I 2025-08-03 23:04:29,063] Trial 207 finished with value: -0.10128614054925358 and parameters: {'learning_rate': 0.018559847941333373, 'depth': 12, 'l2_leaf_reg': 1.1670877682648437, 'border_count': 55}. Best is trial 159 with value: -0.10492384152542526.
[I 2025-08-03 23:06:23,036] Trial 208 finished with value: -0.09796333481438972 and parameters: {'learning_rate': 0.022104092445847153, 'depth': 12, 'l2_leaf_reg': 1.0069363655876713, 'border_count': 61}. Best is trial 159 with value: -0.10492384152542526.
