[I 2025-08-05 13:03:40,590] Trial 148 finished with value: -0.9859307502306853 and parameters: {'learning_rate': 0.18852095305794078, 'num_leaves': 207, 'max_depth': 4, 'min_child_samples': 14, 'feature_fraction': 0.7880032420618206, 'bagging_fraction': 0.8677161659688943, 'reg_alpha': 2.905350539660205e-05, 'reg_lambda': 0.4575342777990121}. Best is trial 131 with value: -0.9887257100865543.
[I 2025-08-05 13:03:41,639] Trial 149 finished with value: -0.9863422291127042 and parameters: {'learning_rate': 0.19842011651053057, 'num_leaves': 233, 'max_depth': 5, 'min_child_samples': 17, 'feature_fraction': 0.843413973279858, 'bagging_fraction': 0.8408176539547692, 'reg_alpha': 3.715086010488598e-05, 'reg_lambda': 2.5823796717805303}. Best is trial 131 with value: -0.9887257100865543.
2025-08-05 13:03:42 [INFO] Model selection complete. Validation metrics: {'val_catboost': 0.9947816916685762, 'val_lightgbm': 0.993543410756154, 'val_ensemble': 0.9952995853659523}
2025-08-05 13:03:42 [INFO] Selected best model 'ensemble' with validation R²=0.9953
2025-08-05 13:03:42 [INFO] Retraining best model 'ensemble' on full dataset
2025-08-05 13:03:43 [INFO] Retraining completed in 0.98s
2025-08-05 13:03:43 [INFO] Saved final model to '/work/dlclarge2/latifajr-dl_lab_project/autoML/automl-exam-ss25-tabular-freiburg-template/modelsFinal-brazilian_houses/final_ensemble.pkl'
2025-08-05 13:03:43 [INFO] Tree-based → /work/dlclarge2/latifajr-dl_lab_project/autoML/automl-exam-ss25-tabular-freiburg-template/modelsFinal-brazilian_houses/final_ensemble.pkl (R²=0.9953)
2025-08-05 13:03:43 [INFO] Training TabNet model...
[I 2025-08-05 13:03:44,116] A new study created in memory with name: no-name-4fddd54b-4a1f-46ef-aebc-545f5cd9094c
/work/dlclarge2/latifajr-dl_lab_project/autoML/automl-exam-ss25-tabular-freiburg-template/automl-tabular-env/lib/python3.10/site-packages/pytorch_tabnet/callbacks.py:172: UserWarning: Best weights from best epoch are automatically used!
  warnings.warn(wrn_msg)
[I 2025-08-05 13:04:19,997] Trial 0 finished with value: 0.9059235497117588 and parameters: {'n_d': 22, 'n_a': 57, 'n_steps': 7, 'gamma': 1.975861563736558, 'lambda_sparse': 2.9971925985757793e-05, 'lr': 0.01600041789446452, 'weight_decay': 6.016855211994473e-06}. Best is trial 0 with value: 0.9059235497117588.
/work/dlclarge2/latifajr-dl_lab_project/autoML/automl-exam-ss25-tabular-freiburg-template/automl-tabular-env/lib/python3.10/site-packages/pytorch_tabnet/callbacks.py:172: UserWarning: Best weights from best epoch are automatically used!
  warnings.warn(wrn_msg)
[I 2025-08-05 13:04:39,747] Trial 1 finished with value: 0.889549202147329 and parameters: {'n_d': 15, 'n_a': 54, 'n_steps': 4, 'gamma': 1.9363906044833685, 'lambda_sparse': 0.0015204966233404273, 'lr': 0.0012162477869959425, 'weight_decay': 2.10315345427832e-05}. Best is trial 0 with value: 0.9059235497117588.
/work/dlclarge2/latifajr-dl_lab_project/autoML/automl-exam-ss25-tabular-freiburg-template/automl-tabular-env/lib/python3.10/site-packages/pytorch_tabnet/callbacks.py:172: UserWarning: Best weights from best epoch are automatically used!
  warnings.warn(wrn_msg)
[I 2025-08-05 13:05:09,210] Trial 2 finished with value: 0.8075785413017338 and parameters: {'n_d': 40, 'n_a': 36, 'n_steps': 7, 'gamma': 1.3743360612876132, 'lambda_sparse': 0.0008069569722492603, 'lr': 0.0007868571177417605, 'weight_decay': 0.0009494837416022258}. Best is trial 0 with value: 0.9059235497117588.
/work/dlclarge2/latifajr-dl_lab_project/autoML/automl-exam-ss25-tabular-freiburg-template/automl-tabular-env/lib/python3.10/site-packages/pytorch_tabnet/callbacks.py:172: UserWarning: Best weights from best epoch are automatically used!
  warnings.warn(wrn_msg)
[I 2025-08-05 13:05:32,415] Trial 3 finished with value: 0.5211524000389025 and parameters: {'n_d': 62, 'n_a': 46, 'n_steps': 5, 'gamma': 1.5249833265582384, 'lambda_sparse': 1.1914247259946011e-05, 'lr': 0.0001965984712280154, 'weight_decay': 0.0008194890009678333}. Best is trial 0 with value: 0.9059235497117588.
/work/dlclarge2/latifajr-dl_lab_project/autoML/automl-exam-ss25-tabular-freiburg-template/automl-tabular-env/lib/python3.10/site-packages/pytorch_tabnet/callbacks.py:172: UserWarning: Best weights from best epoch are automatically used!
  warnings.warn(wrn_msg)
[I 2025-08-05 13:06:08,717] Trial 4 finished with value: 0.22746935941122304 and parameters: {'n_d': 40, 'n_a': 23, 'n_steps': 8, 'gamma': 1.987693760150933, 'lambda_sparse': 1.1159331618886693e-05, 'lr': 0.0004454964255661838, 'weight_decay': 0.00042830129892032487}. Best is trial 0 with value: 0.9059235497117588.
/work/dlclarge2/latifajr-dl_lab_project/autoML/automl-exam-ss25-tabular-freiburg-template/automl-tabular-env/lib/python3.10/site-packages/pytorch_tabnet/callbacks.py:172: UserWarning: Best weights from best epoch are automatically used!
  warnings.warn(wrn_msg)
[I 2025-08-05 13:06:32,096] Trial 5 finished with value: 0.8993414915168543 and parameters: {'n_d': 41, 'n_a': 13, 'n_steps': 3, 'gamma': 1.7338779491120395, 'lambda_sparse': 3.0643785772785046e-05, 'lr': 0.0010950880635467598, 'weight_decay': 6.702705762783929e-05}. Best is trial 0 with value: 0.9059235497117588.
/work/dlclarge2/latifajr-dl_lab_project/autoML/automl-exam-ss25-tabular-freiburg-template/automl-tabular-env/lib/python3.10/site-packages/pytorch_tabnet/callbacks.py:172: UserWarning: Best weights from best epoch are automatically used!
  warnings.warn(wrn_msg)
[I 2025-08-05 13:07:02,433] Trial 6 finished with value: 0.7116742270562997 and parameters: {'n_d': 48, 'n_a': 17, 'n_steps': 6, 'gamma': 1.8968213943498875, 'lambda_sparse': 3.932203368815488e-05, 'lr': 0.0006490608345859321, 'weight_decay': 8.470494795887522e-05}. Best is trial 0 with value: 0.9059235497117588.
/work/dlclarge2/latifajr-dl_lab_project/autoML/automl-exam-ss25-tabular-freiburg-template/automl-tabular-env/lib/python3.10/site-packages/pytorch_tabnet/callbacks.py:172: UserWarning: Best weights from best epoch are automatically used!
  warnings.warn(wrn_msg)
[I 2025-08-05 13:07:30,482] Trial 7 finished with value: 0.9114674054695742 and parameters: {'n_d': 21, 'n_a': 32, 'n_steps': 5, 'gamma': 1.5163118239915203, 'lambda_sparse': 0.004147009681843804, 'lr': 0.028588805604370444, 'weight_decay': 4.778034606884726e-05}. Best is trial 7 with value: 0.9114674054695742.
/work/dlclarge2/latifajr-dl_lab_project/autoML/automl-exam-ss25-tabular-freiburg-template/automl-tabular-env/lib/python3.10/site-packages/pytorch_tabnet/callbacks.py:172: UserWarning: Best weights from best epoch are automatically used!
  warnings.warn(wrn_msg)
[I 2025-08-05 13:08:02,154] Trial 8 finished with value: 0.846512665020061 and parameters: {'n_d': 21, 'n_a': 17, 'n_steps': 6, 'gamma': 1.6552928402302323, 'lambda_sparse': 0.004910451327885939, 'lr': 0.0014030079463908537, 'weight_decay': 1.0459990797031809e-05}. Best is trial 7 with value: 0.9114674054695742.
/work/dlclarge2/latifajr-dl_lab_project/autoML/automl-exam-ss25-tabular-freiburg-template/automl-tabular-env/lib/python3.10/site-packages/pytorch_tabnet/callbacks.py:172: UserWarning: Best weights from best epoch are automatically used!
  warnings.warn(wrn_msg)
[I 2025-08-05 13:08:26,608] Trial 9 finished with value: 0.9051885621697434 and parameters: {'n_d': 23, 'n_a': 37, 'n_steps': 6, 'gamma': 1.0358359469472687, 'lambda_sparse': 0.0007441025335228455, 'lr': 0.055121982053367394, 'weight_decay': 8.301087821330218e-05}. Best is trial 7 with value: 0.9114674054695742.
/work/dlclarge2/latifajr-dl_lab_project/autoML/automl-exam-ss25-tabular-freiburg-template/automl-tabular-env/lib/python3.10/site-packages/pytorch_tabnet/callbacks.py:172: UserWarning: Best weights from best epoch are automatically used!
  warnings.warn(wrn_msg)
[I 2025-08-05 13:09:14,932] Trial 10 finished with value: 0.9228584291211682 and parameters: {'n_d': 10, 'n_a': 28, 'n_steps': 10, 'gamma': 1.2598542559983932, 'lambda_sparse': 0.008281178508714127, 'lr': 0.013403106545147201, 'weight_decay': 1.4508393551066074e-06}. Best is trial 10 with value: 0.9228584291211682.
/work/dlclarge2/latifajr-dl_lab_project/autoML/automl-exam-ss25-tabular-freiburg-template/automl-tabular-env/lib/python3.10/site-packages/pytorch_tabnet/callbacks.py:172: UserWarning: Best weights from best epoch are automatically used!
  warnings.warn(wrn_msg)
[I 2025-08-05 13:09:57,218] Trial 11 finished with value: 0.902813547991744 and parameters: {'n_d': 9, 'n_a': 32, 'n_steps': 10, 'gamma': 1.255284758746844, 'lambda_sparse': 0.008178420168985847, 'lr': 0.00878516244497839, 'weight_decay': 1.6813649681446566e-06}. Best is trial 10 with value: 0.9228584291211682.
/work/dlclarge2/latifajr-dl_lab_project/autoML/automl-exam-ss25-tabular-freiburg-template/automl-tabular-env/lib/python3.10/site-packages/pytorch_tabnet/callbacks.py:172: UserWarning: Best weights from best epoch are automatically used!
  warnings.warn(wrn_msg)
[I 2025-08-05 13:10:45,757] Trial 12 finished with value: 0.9246504418901265 and parameters: {'n_d': 8, 'n_a': 27, 'n_steps': 10, 'gamma': 1.2205136639282723, 'lambda_sparse': 0.003126217979325936, 'lr': 0.08260213844334276, 'weight_decay': 1.9468746702582482e-06}. Best is trial 12 with value: 0.9246504418901265.
/work/dlclarge2/latifajr-dl_lab_project/autoML/automl-exam-ss25-tabular-freiburg-template/automl-tabular-env/lib/python3.10/site-packages/pytorch_tabnet/callbacks.py:172: UserWarning: Best weights from best epoch are automatically used!
  warnings.warn(wrn_msg)
[I 2025-08-05 13:11:32,380] Trial 13 finished with value: 0.9076955819665188 and parameters: {'n_d': 10, 'n_a': 25, 'n_steps': 10, 'gamma': 1.143973318456235, 'lambda_sparse': 0.00021837801727637705, 'lr': 0.0750095123600846, 'weight_decay': 1.0137926144146347e-06}. Best is trial 12 with value: 0.9246504418901265.
/work/dlclarge2/latifajr-dl_lab_project/autoML/automl-exam-ss25-tabular-freiburg-template/automl-tabular-env/lib/python3.10/site-packages/pytorch_tabnet/callbacks.py:172: UserWarning: Best weights from best epoch are automatically used!
  warnings.warn(wrn_msg)
[I 2025-08-05 13:12:09,048] Trial 14 finished with value: 0.865265259173851 and parameters: {'n_d': 30, 'n_a': 8, 'n_steps': 9, 'gamma': 1.3029173336487818, 'lambda_sparse': 0.0021726023132760926, 'lr': 0.005376120473237004, 'weight_decay': 3.474352224318689e-06}. Best is trial 12 with value: 0.9246504418901265.
/work/dlclarge2/latifajr-dl_lab_project/autoML/automl-exam-ss25-tabular-freiburg-template/automl-tabular-env/lib/python3.10/site-packages/pytorch_tabnet/callbacks.py:172: UserWarning: Best weights from best epoch are automatically used!
  warnings.warn(wrn_msg)
[I 2025-08-05 13:12:53,307] Trial 15 finished with value: 0.9198644808914962 and parameters: {'n_d': 8, 'n_a': 44, 'n_steps': 9, 'gamma': 1.0029714679883348, 'lambda_sparse': 0.00981190670942404, 'lr': 0.027025875402323724, 'weight_decay': 3.118272408043834e-06}. Best is trial 12 with value: 0.9246504418901265.
/work/dlclarge2/latifajr-dl_lab_project/autoML/automl-exam-ss25-tabular-freiburg-template/automl-tabular-env/lib/python3.10/site-packages/pytorch_tabnet/callbacks.py:172: UserWarning: Best weights from best epoch are automatically used!
  warnings.warn(wrn_msg)
[I 2025-08-05 13:13:36,928] Trial 16 finished with value: 0.9138649979730867 and parameters: {'n_d': 30, 'n_a': 25, 'n_steps': 9, 'gamma': 1.2224058225662289, 'lambda_sparse': 0.00021626296640421734, 'lr': 0.08242034193160827, 'weight_decay': 1.3311727205153345e-05}. Best is trial 12 with value: 0.9246504418901265.
/work/dlclarge2/latifajr-dl_lab_project/autoML/automl-exam-ss25-tabular-freiburg-template/automl-tabular-env/lib/python3.10/site-packages/pytorch_tabnet/callbacks.py:172: UserWarning: Best weights from best epoch are automatically used!
  warnings.warn(wrn_msg)
[I 2025-08-05 13:14:24,008] Trial 17 finished with value: 0.8634150005949532 and parameters: {'n_d': 15, 'n_a': 47, 'n_steps': 10, 'gamma': 1.3783382456336217, 'lambda_sparse': 0.0026075014903125, 'lr': 0.0029876859997331213, 'weight_decay': 1.036451174479791e-06}. Best is trial 12 with value: 0.9246504418901265.
/work/dlclarge2/latifajr-dl_lab_project/autoML/automl-exam-ss25-tabular-freiburg-template/automl-tabular-env/lib/python3.10/site-packages/pytorch_tabnet/callbacks.py:172: UserWarning: Best weights from best epoch are automatically used!
  warnings.warn(wrn_msg)
[I 2025-08-05 13:15:02,915] Trial 18 finished with value: 0.9064117268737616 and parameters: {'n_d': 56, 'n_a': 29, 'n_steps': 8, 'gamma': 1.1299963416054726, 'lambda_sparse': 0.0006235148334595124, 'lr': 0.01269759064966043, 'weight_decay': 2.987869883707373e-06}. Best is trial 12 with value: 0.9246504418901265.
/work/dlclarge2/latifajr-dl_lab_project/autoML/automl-exam-ss25-tabular-freiburg-template/automl-tabular-env/lib/python3.10/site-packages/pytorch_tabnet/callbacks.py:172: UserWarning: Best weights from best epoch are automatically used!
  warnings.warn(wrn_msg)
[I 2025-08-05 13:15:39,849] Trial 19 finished with value: 0.8791272710975861 and parameters: {'n_d': 15, 'n_a': 41, 'n_steps': 8, 'gamma': 1.3826711712131246, 'lambda_sparse': 9.584449872724307e-05, 'lr': 0.03596831385816209, 'weight_decay': 6.580199805352394e-06}. Best is trial 12 with value: 0.9246504418901265.
/work/dlclarge2/latifajr-dl_lab_project/autoML/automl-exam-ss25-tabular-freiburg-template/automl-tabular-env/lib/python3.10/site-packages/pytorch_tabnet/callbacks.py:172: UserWarning: Best weights from best epoch are automatically used!
  warnings.warn(wrn_msg)
[I 2025-08-05 13:16:35,042] A new study created in memory with name: no-name-875fb960-2433-4716-bea8-0461e63f3898
/work/dlclarge2/latifajr-dl_lab_project/autoML/automl-exam-ss25-tabular-freiburg-template/automl-tabular-env/lib/python3.10/site-packages/pytorch_tabnet/callbacks.py:172: UserWarning: Best weights from best epoch are automatically used!
  warnings.warn(wrn_msg)
[I 2025-08-05 13:17:13,323] Trial 0 finished with value: 0.9464972167863552 and parameters: {'n_d': 35, 'n_a': 14, 'n_steps': 9, 'gamma': 1.5661905408191479, 'lambda_sparse': 0.003058916887241655, 'lr': 0.08192428416023802, 'weight_decay': 4.404185419262773e-06}. Best is trial 0 with value: 0.9464972167863552.
/work/dlclarge2/latifajr-dl_lab_project/autoML/automl-exam-ss25-tabular-freiburg-template/automl-tabular-env/lib/python3.10/site-packages/pytorch_tabnet/callbacks.py:172: UserWarning: Best weights from best epoch are automatically used!
  warnings.warn(wrn_msg)
[I 2025-08-05 13:17:40,937] Trial 1 finished with value: 0.9042590135128126 and parameters: {'n_d': 46, 'n_a': 21, 'n_steps': 6, 'gamma': 1.7598903014205647, 'lambda_sparse': 0.00015210279974074736, 'lr': 0.014725580487360258, 'weight_decay': 2.541999404054431e-05}. Best is trial 0 with value: 0.9464972167863552.
/work/dlclarge2/latifajr-dl_lab_project/autoML/automl-exam-ss25-tabular-freiburg-template/automl-tabular-env/lib/python3.10/site-packages/pytorch_tabnet/callbacks.py:172: UserWarning: Best weights from best epoch are automatically used!
  warnings.warn(wrn_msg)
[I 2025-08-05 13:18:13,544] Trial 2 finished with value: 0.0567355641558297 and parameters: {'n_d': 21, 'n_a': 60, 'n_steps': 6, 'gamma': 1.1390976036400529, 'lambda_sparse': 0.004597852553754865, 'lr': 0.00021326975943111652, 'weight_decay': 0.0005907122053527812}. Best is trial 0 with value: 0.9464972167863552.
/work/dlclarge2/latifajr-dl_lab_project/autoML/automl-exam-ss25-tabular-freiburg-template/automl-tabular-env/lib/python3.10/site-packages/pytorch_tabnet/callbacks.py:172: UserWarning: Best weights from best epoch are automatically used!
  warnings.warn(wrn_msg)
[I 2025-08-05 13:18:38,338] Trial 3 finished with value: 0.9381699181986592 and parameters: {'n_d': 14, 'n_a': 22, 'n_steps': 6, 'gamma': 1.610702395501664, 'lambda_sparse': 0.004172643347987913, 'lr': 0.08276124641721022, 'weight_decay': 2.491650747960309e-05}. Best is trial 0 with value: 0.9464972167863552.
/work/dlclarge2/latifajr-dl_lab_project/autoML/automl-exam-ss25-tabular-freiburg-template/automl-tabular-env/lib/python3.10/site-packages/pytorch_tabnet/callbacks.py:172: UserWarning: Best weights from best epoch are automatically used!
  warnings.warn(wrn_msg)
[I 2025-08-05 13:19:05,520] Trial 4 finished with value: 0.9232679203100328 and parameters: {'n_d': 38, 'n_a': 48, 'n_steps': 6, 'gamma': 1.9512832101610895, 'lambda_sparse': 4.143713589416372e-05, 'lr': 0.06831469557695227, 'weight_decay': 6.889479516026605e-05}. Best is trial 0 with value: 0.9464972167863552.
/work/dlclarge2/latifajr-dl_lab_project/autoML/automl-exam-ss25-tabular-freiburg-template/automl-tabular-env/lib/python3.10/site-packages/pytorch_tabnet/callbacks.py:172: UserWarning: Best weights from best epoch are automatically used!
  warnings.warn(wrn_msg)
[I 2025-08-05 13:19:40,217] Trial 5 finished with value: 0.9454015407658992 and parameters: {'n_d': 45, 'n_a': 50, 'n_steps': 9, 'gamma': 1.582438103301251, 'lambda_sparse': 5.15819083982534e-05, 'lr': 0.08997314382128316, 'weight_decay': 1.1566290925374805e-06}. Best is trial 0 with value: 0.9464972167863552.
/work/dlclarge2/latifajr-dl_lab_project/autoML/automl-exam-ss25-tabular-freiburg-template/automl-tabular-env/lib/python3.10/site-packages/pytorch_tabnet/callbacks.py:172: UserWarning: Best weights from best epoch are automatically used!
  warnings.warn(wrn_msg)
[I 2025-08-05 13:20:12,234] Trial 6 finished with value: 0.9177249362482669 and parameters: {'n_d': 12, 'n_a': 47, 'n_steps': 6, 'gamma': 1.3943267581481908, 'lambda_sparse': 0.00263446573338058, 'lr': 0.005194923757847484, 'weight_decay': 2.7748324054983743e-05}. Best is trial 0 with value: 0.9464972167863552.
/work/dlclarge2/latifajr-dl_lab_project/autoML/automl-exam-ss25-tabular-freiburg-template/automl-tabular-env/lib/python3.10/site-packages/pytorch_tabnet/callbacks.py:172: UserWarning: Best weights from best epoch are automatically used!
  warnings.warn(wrn_msg)
[I 2025-08-05 13:20:57,194] Trial 7 finished with value: 0.89295839300091 and parameters: {'n_d': 24, 'n_a': 28, 'n_steps': 9, 'gamma': 1.4803316412776737, 'lambda_sparse': 0.0048954847145230036, 'lr': 0.002106868838698337, 'weight_decay': 0.0001859416883322872}. Best is trial 0 with value: 0.9464972167863552.
/work/dlclarge2/latifajr-dl_lab_project/autoML/automl-exam-ss25-tabular-freiburg-template/automl-tabular-env/lib/python3.10/site-packages/pytorch_tabnet/callbacks.py:172: UserWarning: Best weights from best epoch are automatically used!
  warnings.warn(wrn_msg)
[I 2025-08-05 13:21:33,315] Trial 8 finished with value: 0.8844740425649196 and parameters: {'n_d': 46, 'n_a': 27, 'n_steps': 7, 'gamma': 1.0295406781967356, 'lambda_sparse': 0.0001478225902915273, 'lr': 0.0011159267869906987, 'weight_decay': 6.3851639733055256e-06}. Best is trial 0 with value: 0.9464972167863552.
/work/dlclarge2/latifajr-dl_lab_project/autoML/automl-exam-ss25-tabular-freiburg-template/automl-tabular-env/lib/python3.10/site-packages/pytorch_tabnet/callbacks.py:172: UserWarning: Best weights from best epoch are automatically used!
  warnings.warn(wrn_msg)
[I 2025-08-05 13:21:57,485] Trial 9 finished with value: 0.9140587263693148 and parameters: {'n_d': 29, 'n_a': 20, 'n_steps': 5, 'gamma': 1.2000587089359196, 'lambda_sparse': 0.00018077156254327152, 'lr': 0.0809751010937311, 'weight_decay': 5.927981276647116e-06}. Best is trial 0 with value: 0.9464972167863552.
/work/dlclarge2/latifajr-dl_lab_project/autoML/automl-exam-ss25-tabular-freiburg-template/automl-tabular-env/lib/python3.10/site-packages/pytorch_tabnet/callbacks.py:172: UserWarning: Best weights from best epoch are automatically used!
  warnings.warn(wrn_msg)
[I 2025-08-05 13:22:13,325] Trial 10 finished with value: 0.8866384072984961 and parameters: {'n_d': 64, 'n_a': 8, 'n_steps': 3, 'gamma': 1.8162258108209837, 'lambda_sparse': 0.0007836626946939743, 'lr': 0.014473175783072034, 'weight_decay': 2.359115615379609e-06}. Best is trial 0 with value: 0.9464972167863552.
/work/dlclarge2/latifajr-dl_lab_project/autoML/automl-exam-ss25-tabular-freiburg-template/automl-tabular-env/lib/python3.10/site-packages/pytorch_tabnet/callbacks.py:172: UserWarning: Best weights from best epoch are automatically used!
  warnings.warn(wrn_msg)
[I 2025-08-05 13:23:00,778] Trial 11 finished with value: 0.9041556170086305 and parameters: {'n_d': 54, 'n_a': 43, 'n_steps': 10, 'gamma': 1.6130377384410532, 'lambda_sparse': 1.0029611294981794e-05, 'lr': 0.02313097502750821, 'weight_decay': 1.397288100589852e-06}. Best is trial 0 with value: 0.9464972167863552.
/work/dlclarge2/latifajr-dl_lab_project/autoML/automl-exam-ss25-tabular-freiburg-template/automl-tabular-env/lib/python3.10/site-packages/pytorch_tabnet/callbacks.py:172: UserWarning: Best weights from best epoch are automatically used!
  warnings.warn(wrn_msg)
[I 2025-08-05 13:23:23,623] Trial 12 finished with value: 0.8317225688341152 and parameters: {'n_d': 36, 'n_a': 64, 'n_steps': 8, 'gamma': 1.2934448884314043, 'lambda_sparse': 0.0006287315352730181, 'lr': 0.027012946756372357, 'weight_decay': 4.379001832118309e-06}. Best is trial 0 with value: 0.9464972167863552.
/work/dlclarge2/latifajr-dl_lab_project/autoML/automl-exam-ss25-tabular-freiburg-template/automl-tabular-env/lib/python3.10/site-packages/pytorch_tabnet/callbacks.py:172: UserWarning: Best weights from best epoch are automatically used!
  warnings.warn(wrn_msg)
[I 2025-08-05 13:24:11,784] Trial 13 finished with value: 0.9323373845214475 and parameters: {'n_d': 39, 'n_a': 54, 'n_steps': 10, 'gamma': 1.6210975756964208, 'lambda_sparse': 3.4068336778556194e-05, 'lr': 0.00596990160197981, 'weight_decay': 1.2099110084182415e-06}. Best is trial 0 with value: 0.9464972167863552.
/work/dlclarge2/latifajr-dl_lab_project/autoML/automl-exam-ss25-tabular-freiburg-template/automl-tabular-env/lib/python3.10/site-packages/pytorch_tabnet/callbacks.py:172: UserWarning: Best weights from best epoch are automatically used!
  warnings.warn(wrn_msg)
