cpu-bind=MASK - dlcgpu03, task  0  0 [973690]: mask 0xf0000000f00 set
/var/spool/slurm/job20924749/slurm_script: line 11: module: command not found
2025-08-05 17:19:15 [INFO] Using device: cuda
2025-08-05 17:19:15 [INFO] Training TabPFN model...
[I 2025-08-05 17:19:15,995] A new study created in memory with name: no-name-9ae78177-92d0-4bd7-a869-a2f761a53c9c
2025-08-05 17:19:15 [INFO] 🔍 Trial 0: n_bootstrap=14, sample_frac=0.89
[I 2025-08-05 17:20:35,842] Trial 0 finished with value: 0.3734118786424957 and parameters: {'n_bootstrap': 14, 'sample_frac': 0.8852142919229748}. Best is trial 0 with value: 0.3734118786424957.
2025-08-05 17:20:35 [INFO] 🔍 Trial 1: n_bootstrap=18, sample_frac=0.78
[I 2025-08-05 17:21:48,192] Trial 1 finished with value: 0.37345775803104253 and parameters: {'n_bootstrap': 18, 'sample_frac': 0.779597545259111}. Best is trial 1 with value: 0.37345775803104253.
2025-08-05 17:21:48 [INFO] 🔍 Trial 2: n_bootstrap=11, sample_frac=0.65
[I 2025-08-05 17:22:26,291] Trial 2 finished with value: 0.3707651292238433 and parameters: {'n_bootstrap': 11, 'sample_frac': 0.6467983561008608}. Best is trial 1 with value: 0.37345775803104253.
2025-08-05 17:22:26 [INFO] 🔍 Trial 3: n_bootstrap=10, sample_frac=0.86
[I 2025-08-05 17:23:11,516] Trial 3 finished with value: 0.3587159833648419 and parameters: {'n_bootstrap': 10, 'sample_frac': 0.8598528437324806}. Best is trial 1 with value: 0.37345775803104253.
2025-08-05 17:23:11 [INFO] 🔍 Trial 4: n_bootstrap=16, sample_frac=0.81
[I 2025-08-05 17:24:19,376] Trial 4 finished with value: 0.37455920721073044 and parameters: {'n_bootstrap': 16, 'sample_frac': 0.8124217733388137}. Best is trial 4 with value: 0.37455920721073044.
2025-08-05 17:24:19 [INFO] 🔍 Trial 5: n_bootstrap=10, sample_frac=0.89
[I 2025-08-05 17:25:06,449] Trial 5 finished with value: 0.36273474221849333 and parameters: {'n_bootstrap': 10, 'sample_frac': 0.8909729556485984}. Best is trial 4 with value: 0.37455920721073044.
2025-08-05 17:25:06 [INFO] 🔍 Trial 6: n_bootstrap=19, sample_frac=0.66
2025-08-05 17:25:17 [INFO] ⏸️ Pruned trial 6 at step 3 (R²=0.3103)
[I 2025-08-05 17:25:17,285] Trial 6 pruned. 
2025-08-05 17:25:17 [INFO] 🔍 Trial 7: n_bootstrap=12, sample_frac=0.66
[I 2025-08-05 17:26:00,436] Trial 7 finished with value: 0.37179591610579477 and parameters: {'n_bootstrap': 12, 'sample_frac': 0.6550213529560301}. Best is trial 4 with value: 0.37455920721073044.
2025-08-05 17:26:00 [INFO] 🔍 Trial 8: n_bootstrap=13, sample_frac=0.76
2025-08-05 17:26:04 [INFO] ⏸️ Pruned trial 8 at step 1 (R²=0.3038)
[I 2025-08-05 17:26:04,490] Trial 8 pruned. 
2025-08-05 17:26:04 [INFO] 🔍 Trial 9: n_bootstrap=14, sample_frac=0.69
[I 2025-08-05 17:26:56,951] Trial 9 finished with value: 0.3738721346576086 and parameters: {'n_bootstrap': 14, 'sample_frac': 0.6873687420594126}. Best is trial 4 with value: 0.37455920721073044.
2025-08-05 17:26:56 [INFO] 🔍 Trial 10: n_bootstrap=17, sample_frac=0.82
2025-08-05 17:27:01 [INFO] ⏸️ Pruned trial 10 at step 1 (R²=0.2985)
[I 2025-08-05 17:27:01,138] Trial 10 pruned. 
2025-08-05 17:27:01 [INFO] 🔍 Trial 11: n_bootstrap=16, sample_frac=0.71
2025-08-05 17:27:12 [INFO] ⏸️ Pruned trial 11 at step 3 (R²=0.3172)
[I 2025-08-05 17:27:12,720] Trial 11 pruned. 
2025-08-05 17:27:12 [INFO] 🔍 Trial 12: n_bootstrap=15, sample_frac=0.71
2025-08-05 17:27:20 [INFO] ⏸️ Pruned trial 12 at step 2 (R²=0.2987)
[I 2025-08-05 17:27:20,285] Trial 12 pruned. 
2025-08-05 17:27:20 [INFO] 🔍 Trial 13: n_bootstrap=20, sample_frac=0.81
2025-08-05 17:27:24 [INFO] ⏸️ Pruned trial 13 at step 1 (R²=0.3011)
[I 2025-08-05 17:27:24,623] Trial 13 pruned. 
2025-08-05 17:27:24 [INFO] 🔍 Trial 14: n_bootstrap=15, sample_frac=0.60
2025-08-05 17:28:01 [INFO] ⏸️ Pruned trial 14 at step 11 (R²=0.3684)
[I 2025-08-05 17:28:01,397] Trial 14 pruned. 
2025-08-05 17:28:01 [INFO] 🔍 Trial 15: n_bootstrap=17, sample_frac=0.71
2025-08-05 17:28:08 [INFO] ⏸️ Pruned trial 15 at step 2 (R²=0.2964)
[I 2025-08-05 17:28:08,861] Trial 15 pruned. 
2025-08-05 17:28:08 [INFO] 🔍 Trial 16: n_bootstrap=13, sample_frac=0.83
2025-08-05 17:28:13 [INFO] ⏸️ Pruned trial 16 at step 1 (R²=0.2967)
[I 2025-08-05 17:28:13,125] Trial 16 pruned. 
2025-08-05 17:28:13 [INFO] 🔍 Trial 17: n_bootstrap=16, sample_frac=0.74
2025-08-05 17:28:17 [INFO] ⏸️ Pruned trial 17 at step 1 (R²=0.3061)
[I 2025-08-05 17:28:17,372] Trial 17 pruned. 
2025-08-05 17:28:17 [INFO] 🔍 Trial 18: n_bootstrap=14, sample_frac=0.78
2025-08-05 17:28:21 [INFO] ⏸️ Pruned trial 18 at step 1 (R²=0.3027)
[I 2025-08-05 17:28:21,436] Trial 18 pruned. 
2025-08-05 17:28:21 [INFO] 🔍 Trial 19: n_bootstrap=17, sample_frac=0.84
2025-08-05 17:28:25 [INFO] ⏸️ Pruned trial 19 at step 1 (R²=0.3035)
[I 2025-08-05 17:28:25,834] Trial 19 pruned. 
2025-08-05 17:28:25 [INFO] 🔍 Trial 20: n_bootstrap=14, sample_frac=0.61
2025-08-05 17:28:49 [INFO] ⏸️ Pruned trial 20 at step 7 (R²=0.3499)
[I 2025-08-05 17:28:49,660] Trial 20 pruned. 
2025-08-05 17:28:49 [INFO] 🔍 Trial 21: n_bootstrap=18, sample_frac=0.79
2025-08-05 17:28:53 [INFO] ⏸️ Pruned trial 21 at step 1 (R²=0.2973)
[I 2025-08-05 17:28:53,854] Trial 21 pruned. 
2025-08-05 17:28:53 [INFO] 🔍 Trial 22: n_bootstrap=19, sample_frac=0.74
2025-08-05 17:28:57 [INFO] ⏸️ Pruned trial 22 at step 1 (R²=0.3068)
[I 2025-08-05 17:28:57,739] Trial 22 pruned. 
2025-08-05 17:28:57 [INFO] 🔍 Trial 23: n_bootstrap=18, sample_frac=0.69
[I 2025-08-05 17:30:04,608] Trial 23 finished with value: 0.3798978315148649 and parameters: {'n_bootstrap': 18, 'sample_frac': 0.6883526733161716}. Best is trial 23 with value: 0.3798978315148649.
2025-08-05 17:30:04 [INFO] 🔍 Trial 24: n_bootstrap=16, sample_frac=0.69
[I 2025-08-05 17:31:04,039] Trial 24 finished with value: 0.3792555023223635 and parameters: {'n_bootstrap': 16, 'sample_frac': 0.6861537389550719}. Best is trial 23 with value: 0.3798978315148649.
2025-08-05 17:31:04 [INFO] 🔍 Trial 25: n_bootstrap=16, sample_frac=0.68
2025-08-05 17:31:44 [INFO] ⏸️ Pruned trial 25 at step 11 (R²=0.3699)
[I 2025-08-05 17:31:44,792] Trial 25 pruned. 
2025-08-05 17:31:44 [INFO] 🔍 Trial 26: n_bootstrap=18, sample_frac=0.68
2025-08-05 17:32:26 [INFO] ⏸️ Pruned trial 26 at step 11 (R²=0.3703)
[I 2025-08-05 17:32:26,208] Trial 26 pruned. 
2025-08-05 17:32:26 [INFO] 🔍 Trial 27: n_bootstrap=20, sample_frac=0.63
2025-08-05 17:33:07 [INFO] ⏸️ Pruned trial 27 at step 12 (R²=0.3703)
[I 2025-08-05 17:33:07,495] Trial 27 pruned. 
2025-08-05 17:33:07 [INFO] 🔍 Trial 28: n_bootstrap=15, sample_frac=0.73
2025-08-05 17:33:11 [INFO] ⏸️ Pruned trial 28 at step 1 (R²=0.3104)
[I 2025-08-05 17:33:11,374] Trial 28 pruned. 
2025-08-05 17:33:11 [INFO] 🔍 Trial 29: n_bootstrap=16, sample_frac=0.87
2025-08-05 17:33:15 [INFO] ⏸️ Pruned trial 29 at step 1 (R²=0.3051)
[I 2025-08-05 17:33:15,884] Trial 29 pruned. 
2025-08-05 17:33:15 [INFO] 🏆 Best Params: {'n_bootstrap': 18, 'sample_frac': 0.6883526733161716}, R²=0.37990
2025-08-05 17:33:15 [INFO] Bootstrap training → dataset=wine_quality, device=cuda
2025-08-05 17:33:15 [INFO] [1/18] bootstrap sample size=2372
2025-08-05 17:33:20 [INFO] Saved model → /work/dlclarge2/latifajr-dl_lab_project/autoML/automl-exam-ss25-tabular-freiburg-template/modelsFinal-wine_quality_rona/wine_quality/bootstrap_1.pkl
2025-08-05 17:33:20 [INFO] [2/18] bootstrap sample size=2372
2025-08-05 17:33:24 [INFO] Saved model → /work/dlclarge2/latifajr-dl_lab_project/autoML/automl-exam-ss25-tabular-freiburg-template/modelsFinal-wine_quality_rona/wine_quality/bootstrap_2.pkl
2025-08-05 17:33:24 [INFO] [3/18] bootstrap sample size=2372
2025-08-05 17:33:27 [INFO] Saved model → /work/dlclarge2/latifajr-dl_lab_project/autoML/automl-exam-ss25-tabular-freiburg-template/modelsFinal-wine_quality_rona/wine_quality/bootstrap_3.pkl
2025-08-05 17:33:28 [INFO] [4/18] bootstrap sample size=2372
2025-08-05 17:33:31 [INFO] Saved model → /work/dlclarge2/latifajr-dl_lab_project/autoML/automl-exam-ss25-tabular-freiburg-template/modelsFinal-wine_quality_rona/wine_quality/bootstrap_4.pkl
2025-08-05 17:33:31 [INFO] [5/18] bootstrap sample size=2372
2025-08-05 17:33:35 [INFO] Saved model → /work/dlclarge2/latifajr-dl_lab_project/autoML/automl-exam-ss25-tabular-freiburg-template/modelsFinal-wine_quality_rona/wine_quality/bootstrap_5.pkl
2025-08-05 17:33:35 [INFO] [6/18] bootstrap sample size=2372
2025-08-05 17:33:40 [INFO] Saved model → /work/dlclarge2/latifajr-dl_lab_project/autoML/automl-exam-ss25-tabular-freiburg-template/modelsFinal-wine_quality_rona/wine_quality/bootstrap_6.pkl
2025-08-05 17:33:40 [INFO] [7/18] bootstrap sample size=2372
2025-08-05 17:33:44 [INFO] Saved model → /work/dlclarge2/latifajr-dl_lab_project/autoML/automl-exam-ss25-tabular-freiburg-template/modelsFinal-wine_quality_rona/wine_quality/bootstrap_7.pkl
2025-08-05 17:33:44 [INFO] [8/18] bootstrap sample size=2372
2025-08-05 17:33:47 [INFO] Saved model → /work/dlclarge2/latifajr-dl_lab_project/autoML/automl-exam-ss25-tabular-freiburg-template/modelsFinal-wine_quality_rona/wine_quality/bootstrap_8.pkl
2025-08-05 17:33:47 [INFO] [9/18] bootstrap sample size=2372
2025-08-05 17:33:51 [INFO] Saved model → /work/dlclarge2/latifajr-dl_lab_project/autoML/automl-exam-ss25-tabular-freiburg-template/modelsFinal-wine_quality_rona/wine_quality/bootstrap_9.pkl
2025-08-05 17:33:51 [INFO] [10/18] bootstrap sample size=2372
2025-08-05 17:33:55 [INFO] Saved model → /work/dlclarge2/latifajr-dl_lab_project/autoML/automl-exam-ss25-tabular-freiburg-template/modelsFinal-wine_quality_rona/wine_quality/bootstrap_10.pkl
2025-08-05 17:33:55 [INFO] [11/18] bootstrap sample size=2372
2025-08-05 17:33:59 [INFO] Saved model → /work/dlclarge2/latifajr-dl_lab_project/autoML/automl-exam-ss25-tabular-freiburg-template/modelsFinal-wine_quality_rona/wine_quality/bootstrap_11.pkl
2025-08-05 17:33:59 [INFO] [12/18] bootstrap sample size=2372
2025-08-05 17:34:02 [INFO] Saved model → /work/dlclarge2/latifajr-dl_lab_project/autoML/automl-exam-ss25-tabular-freiburg-template/modelsFinal-wine_quality_rona/wine_quality/bootstrap_12.pkl
2025-08-05 17:34:03 [INFO] [13/18] bootstrap sample size=2372
2025-08-05 17:34:06 [INFO] Saved model → /work/dlclarge2/latifajr-dl_lab_project/autoML/automl-exam-ss25-tabular-freiburg-template/modelsFinal-wine_quality_rona/wine_quality/bootstrap_13.pkl
2025-08-05 17:34:07 [INFO] [14/18] bootstrap sample size=2372
2025-08-05 17:34:10 [INFO] Saved model → /work/dlclarge2/latifajr-dl_lab_project/autoML/automl-exam-ss25-tabular-freiburg-template/modelsFinal-wine_quality_rona/wine_quality/bootstrap_14.pkl
2025-08-05 17:34:10 [INFO] [15/18] bootstrap sample size=2372
2025-08-05 17:34:14 [INFO] Saved model → /work/dlclarge2/latifajr-dl_lab_project/autoML/automl-exam-ss25-tabular-freiburg-template/modelsFinal-wine_quality_rona/wine_quality/bootstrap_15.pkl
2025-08-05 17:34:14 [INFO] [16/18] bootstrap sample size=2372
2025-08-05 17:34:18 [INFO] Saved model → /work/dlclarge2/latifajr-dl_lab_project/autoML/automl-exam-ss25-tabular-freiburg-template/modelsFinal-wine_quality_rona/wine_quality/bootstrap_16.pkl
2025-08-05 17:34:18 [INFO] [17/18] bootstrap sample size=2372
2025-08-05 17:34:23 [INFO] Saved model → /work/dlclarge2/latifajr-dl_lab_project/autoML/automl-exam-ss25-tabular-freiburg-template/modelsFinal-wine_quality_rona/wine_quality/bootstrap_17.pkl
2025-08-05 17:34:23 [INFO] [18/18] bootstrap sample size=2372
2025-08-05 17:34:26 [INFO] Saved model → /work/dlclarge2/latifajr-dl_lab_project/autoML/automl-exam-ss25-tabular-freiburg-template/modelsFinal-wine_quality_rona/wine_quality/bootstrap_18.pkl
2025-08-05 17:34:27 [INFO] 📊 Final OOB R² = 0.37990
2025-08-05 17:34:31 [INFO] Saved ensemble → /work/dlclarge2/latifajr-dl_lab_project/autoML/automl-exam-ss25-tabular-freiburg-template/modelsFinal-wine_quality_rona/wine_quality/ensemble.pkl
2025-08-05 17:34:31 [WARNING] get_test_data failed or unavailable; skipping test R² logging
2025-08-05 17:34:31 [INFO] Total time: 75.7s
2025-08-05 17:34:31 [INFO] TabPFN →      /work/dlclarge2/latifajr-dl_lab_project/autoML/automl-exam-ss25-tabular-freiburg-template/modelsFinal-wine_quality_rona/wine_quality/ensemble.pkl (R²=0.3799)
2025-08-05 17:34:31 [INFO] Training tree-based model...
2025-08-05 17:34:31 [INFO] AutoML pipeline started
2025-08-05 17:34:31 [INFO] Output directory '/work/dlclarge2/latifajr-dl_lab_project/autoML/automl-exam-ss25-tabular-freiburg-template/modelsFinal-wine_quality_rona' is ready and logging is configured.
2025-08-05 17:34:31 [INFO] Merged training data: 3447 rows
2025-08-05 17:34:31 [INFO] Split data into pool (3102 rows) and validation (345 rows)
2025-08-05 17:34:31 [INFO] Feature engineering completed: 12 features
[I 2025-08-05 17:34:31,600] A new study created in memory with name: no-name-98a94b70-aaa4-4ba7-8813-5786d612b442
TBB Warning: The number of workers is currently limited to 7. The request for 63 workers is ignored. Further requests for more workers will be silently ignored until the limit changes.

[I 2025-08-05 17:36:24,592] Trial 0 finished with value: -0.38855705589067446 and parameters: {'learning_rate': 0.03574712922600244, 'depth': 12, 'l2_leaf_reg': 7.587945476302646, 'border_count': 166}. Best is trial 0 with value: -0.38855705589067446.
[I 2025-08-05 17:36:29,660] Trial 1 finished with value: -0.37884446797269405 and parameters: {'learning_rate': 0.01700037298921102, 'depth': 5, 'l2_leaf_reg': 1.5227525095137953, 'border_count': 226}. Best is trial 0 with value: -0.38855705589067446.
[I 2025-08-05 17:36:43,869] Trial 2 finished with value: -0.3825272035949906 and parameters: {'learning_rate': 0.07725378389307355, 'depth': 10, 'l2_leaf_reg': 1.185260448662222, 'border_count': 249}. Best is trial 0 with value: -0.38855705589067446.
[I 2025-08-05 17:36:45,085] Trial 3 finished with value: -0.37694139245196673 and parameters: {'learning_rate': 0.16967533607196555, 'depth': 5, 'l2_leaf_reg': 2.636424704863906, 'border_count': 73}. Best is trial 0 with value: -0.38855705589067446.
[I 2025-08-05 17:36:53,193] Trial 4 finished with value: -0.3873457094657553 and parameters: {'learning_rate': 0.028145092716060652, 'depth': 8, 'l2_leaf_reg': 4.887505167779041, 'border_count': 97}. Best is trial 0 with value: -0.38855705589067446.
[I 2025-08-05 17:36:55,312] Trial 5 finished with value: -0.38133459022307814 and parameters: {'learning_rate': 0.08012737503998542, 'depth': 5, 'l2_leaf_reg': 3.629301836816963, 'border_count': 114}. Best is trial 0 with value: -0.38855705589067446.
[I 2025-08-05 17:37:23,931] Trial 6 finished with value: -0.3868485432193499 and parameters: {'learning_rate': 0.04717052037625178, 'depth': 11, 'l2_leaf_reg': 2.7970640394252375, 'border_count': 147}. Best is trial 0 with value: -0.38855705589067446.
[I 2025-08-05 17:37:25,786] Trial 7 finished with value: -0.3770864915951799 and parameters: {'learning_rate': 0.07500118950416987, 'depth': 4, 'l2_leaf_reg': 6.467903667112945, 'border_count': 70}. Best is trial 0 with value: -0.38855705589067446.
[I 2025-08-05 17:40:26,458] Trial 8 finished with value: -0.38371618976489685 and parameters: {'learning_rate': 0.012476394272569451, 'depth': 12, 'l2_leaf_reg': 9.690688297671034, 'border_count': 213}. Best is trial 0 with value: -0.38855705589067446.
[I 2025-08-05 17:40:30,311] Trial 9 finished with value: -0.3777077435614974 and parameters: {'learning_rate': 0.028180680291847244, 'depth': 4, 'l2_leaf_reg': 7.158097238609412, 'border_count': 130}. Best is trial 0 with value: -0.38855705589067446.
[I 2025-08-05 17:40:33,188] Trial 10 finished with value: -0.37530155665377607 and parameters: {'learning_rate': 0.24893231508461813, 'depth': 8, 'l2_leaf_reg': 8.72951024190968, 'border_count': 175}. Best is trial 0 with value: -0.38855705589067446.
[I 2025-08-05 17:40:38,050] Trial 11 finished with value: -0.3852286955184933 and parameters: {'learning_rate': 0.030891520069923566, 'depth': 8, 'l2_leaf_reg': 4.804761925175269, 'border_count': 46}. Best is trial 0 with value: -0.38855705589067446.
[I 2025-08-05 17:40:54,966] Trial 12 finished with value: -0.3883479566013738 and parameters: {'learning_rate': 0.0265341364576789, 'depth': 9, 'l2_leaf_reg': 7.46542343927577, 'border_count': 173}. Best is trial 0 with value: -0.38855705589067446.
[I 2025-08-05 17:41:14,583] Trial 13 finished with value: -0.38727272895899734 and parameters: {'learning_rate': 0.01873129632216297, 'depth': 9, 'l2_leaf_reg': 7.654700566068242, 'border_count': 173}. Best is trial 0 with value: -0.38855705589067446.
[I 2025-08-05 17:42:47,491] Trial 14 finished with value: -0.3875530514520476 and parameters: {'learning_rate': 0.04274611647600694, 'depth': 12, 'l2_leaf_reg': 8.276954761683369, 'border_count': 178}. Best is trial 0 with value: -0.38855705589067446.
[I 2025-08-05 17:43:23,033] Trial 15 finished with value: -0.38781579758045953 and parameters: {'learning_rate': 0.019693934376617945, 'depth': 10, 'l2_leaf_reg': 6.323756429799193, 'border_count': 198}. Best is trial 0 with value: -0.38855705589067446.
[I 2025-08-05 17:43:25,992] Trial 16 finished with value: -0.3829120034764958 and parameters: {'learning_rate': 0.12604009354889587, 'depth': 7, 'l2_leaf_reg': 9.888521960565548, 'border_count': 155}. Best is trial 0 with value: -0.38855705589067446.
[I 2025-08-05 17:43:51,417] Trial 17 finished with value: -0.392554523596341 and parameters: {'learning_rate': 0.037566448346113404, 'depth': 10, 'l2_leaf_reg': 6.079330114147569, 'border_count': 197}. Best is trial 17 with value: -0.392554523596341.
[I 2025-08-05 17:45:34,922] Trial 18 finished with value: -0.3831984481844509 and parameters: {'learning_rate': 0.010907863682082639, 'depth': 11, 'l2_leaf_reg': 5.473768542497671, 'border_count': 255}. Best is trial 17 with value: -0.392554523596341.
[I 2025-08-05 17:46:23,405] Trial 19 finished with value: -0.38823584294760627 and parameters: {'learning_rate': 0.03881098757783076, 'depth': 11, 'l2_leaf_reg': 6.045952338153317, 'border_count': 201}. Best is trial 17 with value: -0.392554523596341.
[I 2025-08-05 17:47:45,956] Trial 20 finished with value: -0.3854376839999857 and parameters: {'learning_rate': 0.06323711244782239, 'depth': 12, 'l2_leaf_reg': 8.718568906390514, 'border_count': 228}. Best is trial 17 with value: -0.392554523596341.
[I 2025-08-05 17:48:20,661] Trial 21 finished with value: -0.3897870448498123 and parameters: {'learning_rate': 0.023216901013713733, 'depth': 10, 'l2_leaf_reg': 7.679575085036238, 'border_count': 164}. Best is trial 17 with value: -0.392554523596341.
[I 2025-08-05 17:48:40,507] Trial 22 finished with value: -0.3858866577112988 and parameters: {'learning_rate': 0.03745612674981517, 'depth': 10, 'l2_leaf_reg': 6.915991327857876, 'border_count': 128}. Best is trial 17 with value: -0.392554523596341.
[I 2025-08-05 17:48:50,222] Trial 23 finished with value: -0.38496300724747984 and parameters: {'learning_rate': 0.055987054442809304, 'depth': 9, 'l2_leaf_reg': 8.07373239513967, 'border_count': 156}. Best is trial 17 with value: -0.392554523596341.
[I 2025-08-05 17:49:56,994] Trial 24 finished with value: -0.3870559293266289 and parameters: {'learning_rate': 0.021790798345787885, 'depth': 11, 'l2_leaf_reg': 5.334907331464369, 'border_count': 196}. Best is trial 17 with value: -0.392554523596341.
[I 2025-08-05 17:50:06,962] Trial 25 finished with value: -0.38229878905377657 and parameters: {'learning_rate': 0.1165201443787048, 'depth': 10, 'l2_leaf_reg': 4.225512563114876, 'border_count': 133}. Best is trial 17 with value: -0.392554523596341.
[I 2025-08-05 17:50:16,199] Trial 26 finished with value: -0.3786430857040813 and parameters: {'learning_rate': 0.013977087341011527, 'depth': 7, 'l2_leaf_reg': 9.085976472678796, 'border_count': 187}. Best is trial 17 with value: -0.392554523596341.
[I 2025-08-05 17:51:53,235] Trial 27 finished with value: -0.38669169195766295 and parameters: {'learning_rate': 0.03455988065776937, 'depth': 12, 'l2_leaf_reg': 6.706940177516324, 'border_count': 158}. Best is trial 17 with value: -0.392554523596341.
[I 2025-08-05 17:52:46,012] Trial 28 finished with value: -0.3880000431638619 and parameters: {'learning_rate': 0.022648732565425204, 'depth': 11, 'l2_leaf_reg': 5.955125012202874, 'border_count': 105}. Best is trial 17 with value: -0.392554523596341.
[I 2025-08-05 17:53:08,536] Trial 29 finished with value: -0.38591120857847133 and parameters: {'learning_rate': 0.014943558630223373, 'depth': 9, 'l2_leaf_reg': 7.769753668938152, 'border_count': 226}. Best is trial 17 with value: -0.392554523596341.
[I 2025-08-05 17:53:14,521] Trial 30 finished with value: -0.3881955222748798 and parameters: {'learning_rate': 0.048301241792401306, 'depth': 7, 'l2_leaf_reg': 9.08468440137025, 'border_count': 218}. Best is trial 17 with value: -0.392554523596341.
[I 2025-08-05 17:53:31,320] Trial 31 finished with value: -0.3905405707542521 and parameters: {'learning_rate': 0.026100150439605927, 'depth': 9, 'l2_leaf_reg': 7.365380089182549, 'border_count': 168}. Best is trial 17 with value: -0.392554523596341.
[I 2025-08-05 17:54:03,491] Trial 32 finished with value: -0.38929499027913606 and parameters: {'learning_rate': 0.024004999149198406, 'depth': 10, 'l2_leaf_reg': 7.176063967278969, 'border_count': 163}. Best is trial 17 with value: -0.392554523596341.
[I 2025-08-05 17:54:39,975] Trial 33 finished with value: -0.38796899091540815 and parameters: {'learning_rate': 0.016625280295455642, 'depth': 10, 'l2_leaf_reg': 6.965313999154629, 'border_count': 141}. Best is trial 17 with value: -0.392554523596341.
[I 2025-08-05 17:54:55,747] Trial 34 finished with value: -0.3881966950275229 and parameters: {'learning_rate': 0.024264795328234813, 'depth': 9, 'l2_leaf_reg': 8.208494137072162, 'border_count': 160}. Best is trial 17 with value: -0.392554523596341.
[I 2025-08-05 17:55:22,840] Trial 35 finished with value: -0.38716306595866323 and parameters: {'learning_rate': 0.03175357531342333, 'depth': 10, 'l2_leaf_reg': 7.327709121604001, 'border_count': 186}. Best is trial 17 with value: -0.392554523596341.
