[I 2025-08-05 23:11:59,012] Trial 79 finished with value: -0.9092496202411203 and parameters: {'learning_rate': 0.029161045942668256, 'num_leaves': 240, 'max_depth': 15, 'min_child_samples': 24, 'feature_fraction': 0.5116960551466188, 'bagging_fraction': 0.8162621911336198, 'reg_alpha': 1.656382865733921, 'reg_lambda': 1.5121327872873148e-06}. Best is trial 54 with value: -0.9094963844413979.
[I 2025-08-05 23:12:13,467] Trial 80 finished with value: -0.9087275178722335 and parameters: {'learning_rate': 0.03840259017469949, 'num_leaves': 239, 'max_depth': 15, 'min_child_samples': 15, 'feature_fraction': 0.5046964826593603, 'bagging_fraction': 0.7957716350476158, 'reg_alpha': 1.8148100305153056, 'reg_lambda': 1.5814922962580274e-06}. Best is trial 54 with value: -0.9094963844413979.
[I 2025-08-05 23:12:28,984] Trial 81 finished with value: -0.9088610889611152 and parameters: {'learning_rate': 0.029381070062916122, 'num_leaves': 218, 'max_depth': 15, 'min_child_samples': 24, 'feature_fraction': 0.512290370736585, 'bagging_fraction': 0.7745410459471638, 'reg_alpha': 4.348501417195682, 'reg_lambda': 6.773823310498391e-06}. Best is trial 54 with value: -0.9094963844413979.
[I 2025-08-05 23:12:48,986] Trial 82 finished with value: -0.9094206083343248 and parameters: {'learning_rate': 0.023820037631150825, 'num_leaves': 232, 'max_depth': 14, 'min_child_samples': 20, 'feature_fraction': 0.5140598136201724, 'bagging_fraction': 0.8058316934217518, 'reg_alpha': 2.016301190465797, 'reg_lambda': 2.257600380506476e-05}. Best is trial 54 with value: -0.9094963844413979.
[I 2025-08-05 23:13:08,396] Trial 83 finished with value: -0.9088844222697461 and parameters: {'learning_rate': 0.022796284537391288, 'num_leaves': 229, 'max_depth': 14, 'min_child_samples': 19, 'feature_fraction': 0.5129260818262401, 'bagging_fraction': 0.8182115342101677, 'reg_alpha': 1.9334312423586835, 'reg_lambda': 3.703928098896805e-05}. Best is trial 54 with value: -0.9094963844413979.
[I 2025-08-05 23:13:28,881] Trial 84 finished with value: -0.9080737689952472 and parameters: {'learning_rate': 0.02615189151590072, 'num_leaves': 244, 'max_depth': 14, 'min_child_samples': 16, 'feature_fraction': 0.5835682499145473, 'bagging_fraction': 0.7806143225191723, 'reg_alpha': 0.6804285644636974, 'reg_lambda': 1.8343195514952553e-05}. Best is trial 54 with value: -0.9094963844413979.
[I 2025-08-05 23:13:50,729] Trial 85 finished with value: -0.9090143457069872 and parameters: {'learning_rate': 0.02364468255223153, 'num_leaves': 235, 'max_depth': 15, 'min_child_samples': 20, 'feature_fraction': 0.5529643567492895, 'bagging_fraction': 0.758621895476983, 'reg_alpha': 8.86088035042051, 'reg_lambda': 4.922597792581672e-06}. Best is trial 54 with value: -0.9094963844413979.
[I 2025-08-05 23:14:06,286] Trial 86 finished with value: -0.9092804258635955 and parameters: {'learning_rate': 0.029033177224508003, 'num_leaves': 210, 'max_depth': 14, 'min_child_samples': 24, 'feature_fraction': 0.5003258343833273, 'bagging_fraction': 0.7111712606154126, 'reg_alpha': 2.2172896994612854, 'reg_lambda': 1.6071668480825828e-05}. Best is trial 54 with value: -0.9094963844413979.
[I 2025-08-05 23:14:12,092] Trial 87 finished with value: -0.8895918845740647 and parameters: {'learning_rate': 0.01720277787878363, 'num_leaves': 210, 'max_depth': 4, 'min_child_samples': 32, 'feature_fraction': 0.5009060876988302, 'bagging_fraction': 0.8007419941169054, 'reg_alpha': 2.223179905294492, 'reg_lambda': 1.1935019220100671e-05}. Best is trial 54 with value: -0.9094963844413979.
[I 2025-08-05 23:14:41,223] Trial 88 finished with value: -0.908908645954394 and parameters: {'learning_rate': 0.010650960647589393, 'num_leaves': 255, 'max_depth': 14, 'min_child_samples': 24, 'feature_fraction': 0.5173998488545706, 'bagging_fraction': 0.7189009699277058, 'reg_alpha': 4.849860640487143, 'reg_lambda': 3.243281486339666e-05}. Best is trial 54 with value: -0.9094963844413979.
[I 2025-08-05 23:15:03,081] Trial 89 finished with value: -0.9081977421864572 and parameters: {'learning_rate': 0.02084409282843172, 'num_leaves': 221, 'max_depth': 14, 'min_child_samples': 12, 'feature_fraction': 0.5302802167986193, 'bagging_fraction': 0.7252524042566294, 'reg_alpha': 0.06007392181627233, 'reg_lambda': 0.00014006288178909697}. Best is trial 54 with value: -0.9094963844413979.
[I 2025-08-05 23:15:24,835] Trial 90 finished with value: -0.9058006571391747 and parameters: {'learning_rate': 0.02704721567320884, 'num_leaves': 228, 'max_depth': 15, 'min_child_samples': 19, 'feature_fraction': 0.9068315909660549, 'bagging_fraction': 0.7093186174359986, 'reg_alpha': 0.37826625348971565, 'reg_lambda': 3.0286183317959284e-05}. Best is trial 54 with value: -0.9094963844413979.
[I 2025-08-05 23:15:40,783] Trial 91 finished with value: -0.9091256309938188 and parameters: {'learning_rate': 0.030025296180770496, 'num_leaves': 187, 'max_depth': 15, 'min_child_samples': 22, 'feature_fraction': 0.5125839246729011, 'bagging_fraction': 0.7533439338187692, 'reg_alpha': 1.4380318050279373, 'reg_lambda': 4.200576955524773e-06}. Best is trial 54 with value: -0.9094963844413979.
[I 2025-08-05 23:15:55,739] Trial 92 finished with value: -0.9087809939466152 and parameters: {'learning_rate': 0.03454589260293208, 'num_leaves': 187, 'max_depth': 15, 'min_child_samples': 21, 'feature_fraction': 0.516693311694698, 'bagging_fraction': 0.786077203274141, 'reg_alpha': 0.0015036520798642947, 'reg_lambda': 1.6368172014447768e-06}. Best is trial 54 with value: -0.9094963844413979.
[I 2025-08-05 23:16:13,422] Trial 93 finished with value: -0.9093289209484354 and parameters: {'learning_rate': 0.02396322982755588, 'num_leaves': 207, 'max_depth': 14, 'min_child_samples': 29, 'feature_fraction': 0.5104011524465455, 'bagging_fraction': 0.7513285955990545, 'reg_alpha': 1.750821620990183, 'reg_lambda': 7.064367973948034e-07}. Best is trial 54 with value: -0.9094963844413979.
[I 2025-08-05 23:16:30,180] Trial 94 finished with value: -0.9084230472343602 and parameters: {'learning_rate': 0.024090482817198004, 'num_leaves': 215, 'max_depth': 13, 'min_child_samples': 30, 'feature_fraction': 0.5004914043075948, 'bagging_fraction': 0.7631046336527111, 'reg_alpha': 3.6660935320890338, 'reg_lambda': 4.5918805183200276e-06}. Best is trial 54 with value: -0.9094963844413979.
[I 2025-08-05 23:16:46,655] Trial 95 finished with value: -0.9086107259513874 and parameters: {'learning_rate': 0.03022922839968717, 'num_leaves': 206, 'max_depth': 14, 'min_child_samples': 17, 'feature_fraction': 0.5213101486600393, 'bagging_fraction': 0.7554775362109852, 'reg_alpha': 1.6075534353962162, 'reg_lambda': 6.632471315689141e-07}. Best is trial 54 with value: -0.9094963844413979.
[I 2025-08-05 23:17:05,698] Trial 96 finished with value: -0.9093059047937825 and parameters: {'learning_rate': 0.022274793629381062, 'num_leaves': 231, 'max_depth': 14, 'min_child_samples': 24, 'feature_fraction': 0.509683409547121, 'bagging_fraction': 0.732286668705011, 'reg_alpha': 0.02336587581474339, 'reg_lambda': 2.504788955992e-06}. Best is trial 54 with value: -0.9094963844413979.
[I 2025-08-05 23:17:19,758] Trial 97 finished with value: -0.9043736976987061 and parameters: {'learning_rate': 0.01803181374225598, 'num_leaves': 243, 'max_depth': 13, 'min_child_samples': 76, 'feature_fraction': 0.5082233659352497, 'bagging_fraction': 0.6992647300415877, 'reg_alpha': 0.026425652385254777, 'reg_lambda': 2.379569686797676e-06}. Best is trial 54 with value: -0.9094963844413979.
[I 2025-08-05 23:17:44,491] Trial 98 finished with value: -0.9083764238303402 and parameters: {'learning_rate': 0.015262191160903889, 'num_leaves': 203, 'max_depth': 14, 'min_child_samples': 25, 'feature_fraction': 0.5550166540669359, 'bagging_fraction': 0.7329611432109492, 'reg_alpha': 5.9143834314947465, 'reg_lambda': 6.741256420297137e-07}. Best is trial 54 with value: -0.9094963844413979.
[I 2025-08-05 23:18:03,461] Trial 99 finished with value: -0.9087913408734011 and parameters: {'learning_rate': 0.020504844219902153, 'num_leaves': 235, 'max_depth': 14, 'min_child_samples': 34, 'feature_fraction': 0.5289133316099284, 'bagging_fraction': 0.7411525644490574, 'reg_alpha': 0.012692004214611583, 'reg_lambda': 1.2300169530847385e-06}. Best is trial 54 with value: -0.9094963844413979.
2025-08-05 23:18:06 [INFO] Model selection complete. Validation metrics: {'val_catboost': 0.9244359689771021, 'val_lightgbm': 0.9235182255728377, 'val_ensemble': 0.9255282151154498}
2025-08-05 23:18:06 [INFO] Selected best model 'ensemble' with validation R²=0.9255
2025-08-05 23:18:06 [INFO] Retraining best model 'ensemble' on full dataset
2025-08-05 23:18:17 [INFO] Retraining completed in 10.96s
2025-08-05 23:18:17 [INFO] Saved final model to '/work/dlclarge2/alidemaa-dl_lab/automl/automl-exam-ss25-tabular-freiburg-template/modelsFinal-superconductivity/final_ensemble.pkl'
2025-08-05 23:18:17 [INFO] Tree-based → /work/dlclarge2/alidemaa-dl_lab/automl/automl-exam-ss25-tabular-freiburg-template/modelsFinal-superconductivity/final_ensemble.pkl (R²=0.9255)
2025-08-05 23:18:17 [INFO] Training TabNet model...
[I 2025-08-05 23:18:17,408] A new study created in memory with name: no-name-535633ae-1297-49e9-ada9-46e0693105df
/work/dlclarge2/alidemaa-dl_lab/automl/automl-exam-ss25-tabular-freiburg-template/automl-tabular-env/lib/python3.10/site-packages/pytorch_tabnet/callbacks.py:172: UserWarning: Best weights from best epoch are automatically used!
  warnings.warn(wrn_msg)
[I 2025-08-05 23:19:33,475] Trial 0 finished with value: 0.6963632060381405 and parameters: {'n_d': 60, 'n_a': 22, 'n_steps': 7, 'gamma': 1.4303367523361494, 'lambda_sparse': 1.3814360375994873e-05, 'lr': 0.0009906327349244626, 'weight_decay': 1.4474087945982191e-05}. Best is trial 0 with value: 0.6963632060381405.
/work/dlclarge2/alidemaa-dl_lab/automl/automl-exam-ss25-tabular-freiburg-template/automl-tabular-env/lib/python3.10/site-packages/pytorch_tabnet/callbacks.py:172: UserWarning: Best weights from best epoch are automatically used!
  warnings.warn(wrn_msg)
[I 2025-08-05 23:20:06,919] Trial 1 finished with value: 0.9012133069060319 and parameters: {'n_d': 34, 'n_a': 49, 'n_steps': 3, 'gamma': 1.1802028243045695, 'lambda_sparse': 0.003241746441397981, 'lr': 0.010742033094546492, 'weight_decay': 5.961969188422239e-06}. Best is trial 1 with value: 0.9012133069060319.
/work/dlclarge2/alidemaa-dl_lab/automl/automl-exam-ss25-tabular-freiburg-template/automl-tabular-env/lib/python3.10/site-packages/pytorch_tabnet/callbacks.py:172: UserWarning: Best weights from best epoch are automatically used!
  warnings.warn(wrn_msg)
[I 2025-08-05 23:21:00,105] Trial 2 finished with value: 0.7448431810117766 and parameters: {'n_d': 55, 'n_a': 62, 'n_steps': 6, 'gamma': 1.8536314630899624, 'lambda_sparse': 7.727459183876038e-05, 'lr': 0.0008356575363780275, 'weight_decay': 0.00012519811944864732}. Best is trial 1 with value: 0.9012133069060319.
/work/dlclarge2/alidemaa-dl_lab/automl/automl-exam-ss25-tabular-freiburg-template/automl-tabular-env/lib/python3.10/site-packages/pytorch_tabnet/callbacks.py:172: UserWarning: Best weights from best epoch are automatically used!
  warnings.warn(wrn_msg)
[I 2025-08-05 23:22:27,714] Trial 3 finished with value: 0.8770410675347822 and parameters: {'n_d': 16, 'n_a': 31, 'n_steps': 9, 'gamma': 1.0214675927568655, 'lambda_sparse': 0.002362731519491678, 'lr': 0.008515819526822508, 'weight_decay': 6.2126987709371245e-06}. Best is trial 1 with value: 0.9012133069060319.
/work/dlclarge2/alidemaa-dl_lab/automl/automl-exam-ss25-tabular-freiburg-template/automl-tabular-env/lib/python3.10/site-packages/pytorch_tabnet/callbacks.py:172: UserWarning: Best weights from best epoch are automatically used!
  warnings.warn(wrn_msg)
[I 2025-08-05 23:23:40,206] Trial 4 finished with value: 0.8530931487817577 and parameters: {'n_d': 50, 'n_a': 54, 'n_steps': 7, 'gamma': 1.2469022860446521, 'lambda_sparse': 0.0002434967818504351, 'lr': 0.0035747227784963223, 'weight_decay': 5.587920305428683e-06}. Best is trial 1 with value: 0.9012133069060319.
/work/dlclarge2/alidemaa-dl_lab/automl/automl-exam-ss25-tabular-freiburg-template/automl-tabular-env/lib/python3.10/site-packages/pytorch_tabnet/callbacks.py:172: UserWarning: Best weights from best epoch are automatically used!
  warnings.warn(wrn_msg)
[I 2025-08-05 23:24:43,918] Trial 5 finished with value: 0.81716110507858 and parameters: {'n_d': 13, 'n_a': 39, 'n_steps': 9, 'gamma': 1.578244612831776, 'lambda_sparse': 0.005746660469649487, 'lr': 0.0729992141722695, 'weight_decay': 3.426779641797967e-05}. Best is trial 1 with value: 0.9012133069060319.
/work/dlclarge2/alidemaa-dl_lab/automl/automl-exam-ss25-tabular-freiburg-template/automl-tabular-env/lib/python3.10/site-packages/pytorch_tabnet/callbacks.py:172: UserWarning: Best weights from best epoch are automatically used!
  warnings.warn(wrn_msg)
[I 2025-08-05 23:25:22,450] Trial 6 finished with value: 0.8640261287010536 and parameters: {'n_d': 14, 'n_a': 30, 'n_steps': 4, 'gamma': 1.672380415931804, 'lambda_sparse': 0.0007379839768602322, 'lr': 0.010264736515960946, 'weight_decay': 3.9358458993402856e-06}. Best is trial 1 with value: 0.9012133069060319.
/work/dlclarge2/alidemaa-dl_lab/automl/automl-exam-ss25-tabular-freiburg-template/automl-tabular-env/lib/python3.10/site-packages/pytorch_tabnet/callbacks.py:172: UserWarning: Best weights from best epoch are automatically used!
  warnings.warn(wrn_msg)
[I 2025-08-05 23:26:12,434] Trial 7 finished with value: 0.8564990901570707 and parameters: {'n_d': 52, 'n_a': 45, 'n_steps': 4, 'gamma': 1.3117831783748104, 'lambda_sparse': 0.0003770232938327144, 'lr': 0.0015362199772918448, 'weight_decay': 8.896161788918704e-05}. Best is trial 1 with value: 0.9012133069060319.
/work/dlclarge2/alidemaa-dl_lab/automl/automl-exam-ss25-tabular-freiburg-template/automl-tabular-env/lib/python3.10/site-packages/pytorch_tabnet/callbacks.py:172: UserWarning: Best weights from best epoch are automatically used!
  warnings.warn(wrn_msg)
[I 2025-08-05 23:26:52,256] Trial 8 finished with value: 0.8672058060973584 and parameters: {'n_d': 24, 'n_a': 58, 'n_steps': 4, 'gamma': 1.8281000263269496, 'lambda_sparse': 0.009901938551198223, 'lr': 0.002728258541931462, 'weight_decay': 5.4395477100299064e-05}. Best is trial 1 with value: 0.9012133069060319.
/work/dlclarge2/alidemaa-dl_lab/automl/automl-exam-ss25-tabular-freiburg-template/automl-tabular-env/lib/python3.10/site-packages/pytorch_tabnet/callbacks.py:172: UserWarning: Best weights from best epoch are automatically used!
  warnings.warn(wrn_msg)
[I 2025-08-05 23:27:57,868] Trial 9 finished with value: 0.8352515714116784 and parameters: {'n_d': 17, 'n_a': 33, 'n_steps': 10, 'gamma': 1.274957883942645, 'lambda_sparse': 0.0006156279373486593, 'lr': 0.04476408472966488, 'weight_decay': 0.00037559679785170334}. Best is trial 1 with value: 0.9012133069060319.
/work/dlclarge2/alidemaa-dl_lab/automl/automl-exam-ss25-tabular-freiburg-template/automl-tabular-env/lib/python3.10/site-packages/pytorch_tabnet/callbacks.py:172: UserWarning: Best weights from best epoch are automatically used!
  warnings.warn(wrn_msg)
[I 2025-08-05 23:28:42,407] Trial 10 finished with value: 0.7582093843038213 and parameters: {'n_d': 40, 'n_a': 48, 'n_steps': 3, 'gamma': 1.015134674507761, 'lambda_sparse': 0.002111738089997098, 'lr': 0.0002514237982601886, 'weight_decay': 1.1506199154903374e-06}. Best is trial 1 with value: 0.9012133069060319.
/work/dlclarge2/alidemaa-dl_lab/automl/automl-exam-ss25-tabular-freiburg-template/automl-tabular-env/lib/python3.10/site-packages/pytorch_tabnet/callbacks.py:172: UserWarning: Best weights from best epoch are automatically used!
  warnings.warn(wrn_msg)
[I 2025-08-05 23:30:09,280] Trial 11 finished with value: 0.8791015031391713 and parameters: {'n_d': 32, 'n_a': 12, 'n_steps': 9, 'gamma': 1.0269828250292021, 'lambda_sparse': 0.0028728990306724125, 'lr': 0.014819840030215454, 'weight_decay': 6.089837591124928e-06}. Best is trial 1 with value: 0.9012133069060319.
/work/dlclarge2/alidemaa-dl_lab/automl/automl-exam-ss25-tabular-freiburg-template/automl-tabular-env/lib/python3.10/site-packages/pytorch_tabnet/callbacks.py:172: UserWarning: Best weights from best epoch are automatically used!
  warnings.warn(wrn_msg)
[I 2025-08-05 23:31:01,519] Trial 12 finished with value: 0.8589067040460047 and parameters: {'n_d': 33, 'n_a': 12, 'n_steps': 6, 'gamma': 1.1220843634907358, 'lambda_sparse': 0.0027623094920917668, 'lr': 0.02003334511432355, 'weight_decay': 1.4010877429262668e-06}. Best is trial 1 with value: 0.9012133069060319.
/work/dlclarge2/alidemaa-dl_lab/automl/automl-exam-ss25-tabular-freiburg-template/automl-tabular-env/lib/python3.10/site-packages/pytorch_tabnet/callbacks.py:172: UserWarning: Best weights from best epoch are automatically used!
  warnings.warn(wrn_msg)
[I 2025-08-05 23:32:20,773] Trial 13 finished with value: 0.8570817829038828 and parameters: {'n_d': 36, 'n_a': 9, 'n_steps': 8, 'gamma': 1.1511382939200439, 'lambda_sparse': 0.0013527190759822806, 'lr': 0.02523189151625374, 'weight_decay': 1.4397449091975968e-05}. Best is trial 1 with value: 0.9012133069060319.
/work/dlclarge2/alidemaa-dl_lab/automl/automl-exam-ss25-tabular-freiburg-template/automl-tabular-env/lib/python3.10/site-packages/pytorch_tabnet/callbacks.py:172: UserWarning: Best weights from best epoch are automatically used!
  warnings.warn(wrn_msg)
[I 2025-08-05 23:33:17,718] Trial 14 finished with value: 0.8626550106750291 and parameters: {'n_d': 27, 'n_a': 17, 'n_steps': 5, 'gamma': 1.4156074732198083, 'lambda_sparse': 0.00014903788513345763, 'lr': 0.007660029208563472, 'weight_decay': 2.8787960884809043e-06}. Best is trial 1 with value: 0.9012133069060319.
/work/dlclarge2/alidemaa-dl_lab/automl/automl-exam-ss25-tabular-freiburg-template/automl-tabular-env/lib/python3.10/site-packages/pytorch_tabnet/callbacks.py:172: UserWarning: Best weights from best epoch are automatically used!
  warnings.warn(wrn_msg)
[I 2025-08-05 23:34:53,225] Trial 15 finished with value: 0.8614128374323464 and parameters: {'n_d': 43, 'n_a': 24, 'n_steps': 10, 'gamma': 1.1483170662125253, 'lambda_sparse': 0.006702094308581672, 'lr': 0.0163453025588616, 'weight_decay': 1.4073683515649996e-05}. Best is trial 1 with value: 0.9012133069060319.
/work/dlclarge2/alidemaa-dl_lab/automl/automl-exam-ss25-tabular-freiburg-template/automl-tabular-env/lib/python3.10/site-packages/pytorch_tabnet/callbacks.py:172: UserWarning: Best weights from best epoch are automatically used!
  warnings.warn(wrn_msg)
[I 2025-08-05 23:35:45,237] Trial 16 finished with value: 0.8421794849536843 and parameters: {'n_d': 24, 'n_a': 41, 'n_steps': 8, 'gamma': 1.9791737478264282, 'lambda_sparse': 5.503562331014658e-05, 'lr': 0.08596048968051612, 'weight_decay': 1.0571895409793307e-05}. Best is trial 1 with value: 0.9012133069060319.
/work/dlclarge2/alidemaa-dl_lab/automl/automl-exam-ss25-tabular-freiburg-template/automl-tabular-env/lib/python3.10/site-packages/pytorch_tabnet/callbacks.py:172: UserWarning: Best weights from best epoch are automatically used!
  warnings.warn(wrn_msg)
[I 2025-08-05 23:36:17,504] Trial 17 finished with value: 0.44260529576136565 and parameters: {'n_d': 31, 'n_a': 53, 'n_steps': 3, 'gamma': 1.0713738199366334, 'lambda_sparse': 0.0037301840880898324, 'lr': 0.00010009650147484055, 'weight_decay': 2.2776442484244495e-06}. Best is trial 1 with value: 0.9012133069060319.
/work/dlclarge2/alidemaa-dl_lab/automl/automl-exam-ss25-tabular-freiburg-template/automl-tabular-env/lib/python3.10/site-packages/pytorch_tabnet/callbacks.py:172: UserWarning: Best weights from best epoch are automatically used!
  warnings.warn(wrn_msg)
[I 2025-08-05 23:37:02,725] Trial 18 finished with value: 0.873321964769798 and parameters: {'n_d': 44, 'n_a': 47, 'n_steps': 5, 'gamma': 1.343298373256286, 'lambda_sparse': 0.001091809340469199, 'lr': 0.004313849572461781, 'weight_decay': 0.0008666017416734975}. Best is trial 1 with value: 0.9012133069060319.
/work/dlclarge2/alidemaa-dl_lab/automl/automl-exam-ss25-tabular-freiburg-template/automl-tabular-env/lib/python3.10/site-packages/pytorch_tabnet/callbacks.py:172: UserWarning: Best weights from best epoch are automatically used!
  warnings.warn(wrn_msg)
[I 2025-08-05 23:38:16,109] Trial 19 finished with value: 0.86124323787859 and parameters: {'n_d': 28, 'n_a': 64, 'n_steps': 8, 'gamma': 1.202953859125289, 'lambda_sparse': 0.004782363856546356, 'lr': 0.033968826688278796, 'weight_decay': 2.8587343138838218e-05}. Best is trial 1 with value: 0.9012133069060319.
/work/dlclarge2/alidemaa-dl_lab/automl/automl-exam-ss25-tabular-freiburg-template/automl-tabular-env/lib/python3.10/site-packages/pytorch_tabnet/callbacks.py:172: UserWarning: Best weights from best epoch are automatically used!
  warnings.warn(wrn_msg)
[I 2025-08-05 23:39:24,229] A new study created in memory with name: no-name-0e9282d3-5dd3-4885-b2ca-dc9b361e0e89
/work/dlclarge2/alidemaa-dl_lab/automl/automl-exam-ss25-tabular-freiburg-template/automl-tabular-env/lib/python3.10/site-packages/pytorch_tabnet/callbacks.py:172: UserWarning: Best weights from best epoch are automatically used!
  warnings.warn(wrn_msg)
[I 2025-08-05 23:40:29,287] Trial 0 finished with value: 0.7940320904575766 and parameters: {'n_d': 26, 'n_a': 42, 'n_steps': 6, 'gamma': 1.2679997889365542, 'lambda_sparse': 0.00958538455836619, 'lr': 0.001375011129156821, 'weight_decay': 4.687502013799156e-05}. Best is trial 0 with value: 0.7940320904575766.
/work/dlclarge2/alidemaa-dl_lab/automl/automl-exam-ss25-tabular-freiburg-template/automl-tabular-env/lib/python3.10/site-packages/pytorch_tabnet/callbacks.py:172: UserWarning: Best weights from best epoch are automatically used!
  warnings.warn(wrn_msg)
