cpu-bind=MASK - dlcgpu04, task  0  0 [2018]: mask 0xf0000000f00 set
/var/spool/slurm/job20912836/slurm_script: line 11: module: command not found
2025-08-03 16:34:26 [INFO] Using device: cuda
2025-08-03 16:34:26 [INFO] Training TabPFN model...
[I 2025-08-03 16:34:26,179] A new study created in memory with name: no-name-73461982-df82-4a57-89dc-a7b442f08bdc
2025-08-03 16:34:26 [INFO] 🔍 Trial 0: n_bootstrap=14, sample_frac=0.89
[I 2025-08-03 16:40:14,274] Trial 0 finished with value: 0.09061319462121231 and parameters: {'n_bootstrap': 14, 'sample_frac': 0.8852142919229748}. Best is trial 0 with value: 0.09061319462121231.
2025-08-03 16:40:14 [INFO] 🔍 Trial 1: n_bootstrap=18, sample_frac=0.78
[I 2025-08-03 16:47:09,110] Trial 1 finished with value: 0.09075105933720162 and parameters: {'n_bootstrap': 18, 'sample_frac': 0.779597545259111}. Best is trial 1 with value: 0.09075105933720162.
2025-08-03 16:47:09 [INFO] 🔍 Trial 2: n_bootstrap=11, sample_frac=0.65
[I 2025-08-03 16:50:34,077] Trial 2 finished with value: 0.08868692864351724 and parameters: {'n_bootstrap': 11, 'sample_frac': 0.6467983561008608}. Best is trial 1 with value: 0.09075105933720162.
2025-08-03 16:50:34 [INFO] 🔍 Trial 3: n_bootstrap=10, sample_frac=0.86
[I 2025-08-03 16:54:51,246] Trial 3 finished with value: 0.08603866933142179 and parameters: {'n_bootstrap': 10, 'sample_frac': 0.8598528437324806}. Best is trial 1 with value: 0.09075105933720162.
2025-08-03 16:54:51 [INFO] 🔍 Trial 4: n_bootstrap=16, sample_frac=0.81
[I 2025-08-03 17:01:17,039] Trial 4 finished with value: 0.09074960315438918 and parameters: {'n_bootstrap': 16, 'sample_frac': 0.8124217733388137}. Best is trial 1 with value: 0.09075105933720162.
2025-08-03 17:01:17 [INFO] 🔍 Trial 5: n_bootstrap=10, sample_frac=0.89
[I 2025-08-03 17:05:45,457] Trial 5 finished with value: 0.08641518592721775 and parameters: {'n_bootstrap': 10, 'sample_frac': 0.8909729556485984}. Best is trial 1 with value: 0.09075105933720162.
2025-08-03 17:05:45 [INFO] 🔍 Trial 6: n_bootstrap=19, sample_frac=0.66
2025-08-03 17:06:04 [INFO] ⏸️ Pruned trial 6 at step 1 (R²=0.0611)
[I 2025-08-03 17:06:04,697] Trial 6 pruned. 
2025-08-03 17:06:04 [INFO] 🔍 Trial 7: n_bootstrap=12, sample_frac=0.66
2025-08-03 17:06:23 [INFO] ⏸️ Pruned trial 7 at step 1 (R²=0.0602)
[I 2025-08-03 17:06:23,752] Trial 7 pruned. 
2025-08-03 17:06:23 [INFO] 🔍 Trial 8: n_bootstrap=13, sample_frac=0.76
2025-08-03 17:06:46 [INFO] ⏸️ Pruned trial 8 at step 1 (R²=0.0565)
[I 2025-08-03 17:06:46,049] Trial 8 pruned. 
2025-08-03 17:06:46 [INFO] 🔍 Trial 9: n_bootstrap=14, sample_frac=0.69
2025-08-03 17:07:06 [INFO] ⏸️ Pruned trial 9 at step 1 (R²=0.0588)
[I 2025-08-03 17:07:06,194] Trial 9 pruned. 
2025-08-03 17:07:06 [INFO] 🔍 Trial 10: n_bootstrap=20, sample_frac=0.74
2025-08-03 17:07:27 [INFO] ⏸️ Pruned trial 10 at step 1 (R²=0.0537)
[I 2025-08-03 17:07:27,797] Trial 10 pruned. 
2025-08-03 17:07:27 [INFO] 🔍 Trial 11: n_bootstrap=17, sample_frac=0.81
2025-08-03 17:07:51 [INFO] ⏸️ Pruned trial 11 at step 1 (R²=0.0544)
[I 2025-08-03 17:07:51,757] Trial 11 pruned. 
2025-08-03 17:07:51 [INFO] 🔍 Trial 12: n_bootstrap=17, sample_frac=0.81
2025-08-03 17:08:15 [INFO] ⏸️ Pruned trial 12 at step 1 (R²=0.0519)
[I 2025-08-03 17:08:15,367] Trial 12 pruned. 
2025-08-03 17:08:15 [INFO] 🔍 Trial 13: n_bootstrap=17, sample_frac=0.79
2025-08-03 17:08:38 [INFO] ⏸️ Pruned trial 13 at step 1 (R²=0.0527)
[I 2025-08-03 17:08:38,786] Trial 13 pruned. 
2025-08-03 17:08:38 [INFO] 🔍 Trial 14: n_bootstrap=16, sample_frac=0.71
2025-08-03 17:08:59 [INFO] ⏸️ Pruned trial 14 at step 1 (R²=0.0552)
[I 2025-08-03 17:08:59,626] Trial 14 pruned. 
2025-08-03 17:08:59 [INFO] 🔍 Trial 15: n_bootstrap=19, sample_frac=0.83
2025-08-03 17:11:01 [INFO] ⏸️ Pruned trial 15 at step 5 (R²=0.0786)
[I 2025-08-03 17:11:01,785] Trial 15 pruned. 
2025-08-03 17:11:01 [INFO] 🔍 Trial 16: n_bootstrap=15, sample_frac=0.76
2025-08-03 17:11:23 [INFO] ⏸️ Pruned trial 16 at step 1 (R²=0.0547)
[I 2025-08-03 17:11:23,924] Trial 16 pruned. 
2025-08-03 17:11:23 [INFO] 🔍 Trial 17: n_bootstrap=18, sample_frac=0.84
2025-08-03 17:12:38 [INFO] ⏸️ Pruned trial 17 at step 3 (R²=0.0747)
[I 2025-08-03 17:12:38,808] Trial 17 pruned. 
2025-08-03 17:12:38 [INFO] 🔍 Trial 18: n_bootstrap=16, sample_frac=0.78
2025-08-03 17:13:01 [INFO] ⏸️ Pruned trial 18 at step 1 (R²=0.0516)
[I 2025-08-03 17:13:01,901] Trial 18 pruned. 
2025-08-03 17:13:01 [INFO] 🔍 Trial 19: n_bootstrap=19, sample_frac=0.72
2025-08-03 17:13:22 [INFO] ⏸️ Pruned trial 19 at step 1 (R²=0.0552)
[I 2025-08-03 17:13:22,916] Trial 19 pruned. 
2025-08-03 17:13:22 [INFO] 🔍 Trial 20: n_bootstrap=15, sample_frac=0.61
2025-08-03 17:13:40 [INFO] ⏸️ Pruned trial 20 at step 1 (R²=0.0589)
[I 2025-08-03 17:13:40,953] Trial 20 pruned. 
2025-08-03 17:13:40 [INFO] 🔍 Trial 21: n_bootstrap=14, sample_frac=0.88
[I 2025-08-03 17:19:51,021] Trial 21 finished with value: 0.08971304795883184 and parameters: {'n_bootstrap': 14, 'sample_frac': 0.8841404752206518}. Best is trial 1 with value: 0.09075105933720162.
2025-08-03 17:19:51 [INFO] 🔍 Trial 22: n_bootstrap=13, sample_frac=0.86
2025-08-03 17:21:08 [INFO] ⏸️ Pruned trial 22 at step 3 (R²=0.0754)
[I 2025-08-03 17:21:08,483] Trial 22 pruned. 
2025-08-03 17:21:08 [INFO] 🔍 Trial 23: n_bootstrap=16, sample_frac=0.83
2025-08-03 17:21:33 [INFO] ⏸️ Pruned trial 23 at step 1 (R²=0.0754)
[I 2025-08-03 17:21:33,378] Trial 23 pruned. 
2025-08-03 17:21:33 [INFO] 🔍 Trial 24: n_bootstrap=18, sample_frac=0.90
[I 2025-08-03 17:29:42,221] Trial 24 finished with value: 0.09212585753900082 and parameters: {'n_bootstrap': 18, 'sample_frac': 0.8985573167261436}. Best is trial 24 with value: 0.09212585753900082.
2025-08-03 17:29:42 [INFO] 🔍 Trial 25: n_bootstrap=18, sample_frac=0.73
2025-08-03 17:30:02 [INFO] ⏸️ Pruned trial 25 at step 1 (R²=0.0556)
[I 2025-08-03 17:30:02,806] Trial 25 pruned. 
2025-08-03 17:30:02 [INFO] 🔍 Trial 26: n_bootstrap=20, sample_frac=0.78
2025-08-03 17:30:26 [INFO] ⏸️ Pruned trial 26 at step 1 (R²=0.0542)
[I 2025-08-03 17:30:26,210] Trial 26 pruned. 
2025-08-03 17:30:26 [INFO] 🔍 Trial 27: n_bootstrap=18, sample_frac=0.86
2025-08-03 17:31:43 [INFO] ⏸️ Pruned trial 27 at step 3 (R²=0.0748)
[I 2025-08-03 17:31:43,834] Trial 27 pruned. 
2025-08-03 17:31:43 [INFO] 🔍 Trial 28: n_bootstrap=17, sample_frac=0.81
2025-08-03 17:32:08 [INFO] ⏸️ Pruned trial 28 at step 1 (R²=0.0524)
[I 2025-08-03 17:32:08,041] Trial 28 pruned. 
2025-08-03 17:32:08 [INFO] 🔍 Trial 29: n_bootstrap=18, sample_frac=0.90
2025-08-03 17:32:35 [INFO] ⏸️ Pruned trial 29 at step 1 (R²=0.0769)
[I 2025-08-03 17:32:35,409] Trial 29 pruned. 
2025-08-03 17:32:35 [INFO] 🏆 Best Params: {'n_bootstrap': 18, 'sample_frac': 0.8985573167261436}, R²=0.09213
2025-08-03 17:32:35 [INFO] Bootstrap training → dataset=yprop_4_1, device=cuda
2025-08-03 17:32:35 [INFO] [1/18] bootstrap sample size=6466
2025-08-03 17:33:02 [INFO] Saved model → /work/dlclarge2/alidemaa-dl_lab/automl/automl-exam-ss25-tabular-freiburg-template/modelsFinal-YProp/yprop_4_1/bootstrap_1.pkl
2025-08-03 17:33:02 [INFO] [2/18] bootstrap sample size=6466
2025-08-03 17:33:30 [INFO] Saved model → /work/dlclarge2/alidemaa-dl_lab/automl/automl-exam-ss25-tabular-freiburg-template/modelsFinal-YProp/yprop_4_1/bootstrap_2.pkl
2025-08-03 17:33:30 [INFO] [3/18] bootstrap sample size=6466
2025-08-03 17:33:57 [INFO] Saved model → /work/dlclarge2/alidemaa-dl_lab/automl/automl-exam-ss25-tabular-freiburg-template/modelsFinal-YProp/yprop_4_1/bootstrap_3.pkl
2025-08-03 17:33:57 [INFO] [4/18] bootstrap sample size=6466
2025-08-03 17:34:24 [INFO] Saved model → /work/dlclarge2/alidemaa-dl_lab/automl/automl-exam-ss25-tabular-freiburg-template/modelsFinal-YProp/yprop_4_1/bootstrap_4.pkl
2025-08-03 17:34:24 [INFO] [5/18] bootstrap sample size=6466
2025-08-03 17:34:52 [INFO] Saved model → /work/dlclarge2/alidemaa-dl_lab/automl/automl-exam-ss25-tabular-freiburg-template/modelsFinal-YProp/yprop_4_1/bootstrap_5.pkl
2025-08-03 17:34:53 [INFO] [6/18] bootstrap sample size=6466
2025-08-03 17:35:18 [INFO] Saved model → /work/dlclarge2/alidemaa-dl_lab/automl/automl-exam-ss25-tabular-freiburg-template/modelsFinal-YProp/yprop_4_1/bootstrap_6.pkl
2025-08-03 17:35:18 [INFO] [7/18] bootstrap sample size=6466
2025-08-03 17:35:45 [INFO] Saved model → /work/dlclarge2/alidemaa-dl_lab/automl/automl-exam-ss25-tabular-freiburg-template/modelsFinal-YProp/yprop_4_1/bootstrap_7.pkl
2025-08-03 17:35:45 [INFO] [8/18] bootstrap sample size=6466
2025-08-03 17:36:13 [INFO] Saved model → /work/dlclarge2/alidemaa-dl_lab/automl/automl-exam-ss25-tabular-freiburg-template/modelsFinal-YProp/yprop_4_1/bootstrap_8.pkl
2025-08-03 17:36:13 [INFO] [9/18] bootstrap sample size=6466
2025-08-03 17:36:40 [INFO] Saved model → /work/dlclarge2/alidemaa-dl_lab/automl/automl-exam-ss25-tabular-freiburg-template/modelsFinal-YProp/yprop_4_1/bootstrap_9.pkl
2025-08-03 17:36:41 [INFO] [10/18] bootstrap sample size=6466
2025-08-03 17:37:07 [INFO] Saved model → /work/dlclarge2/alidemaa-dl_lab/automl/automl-exam-ss25-tabular-freiburg-template/modelsFinal-YProp/yprop_4_1/bootstrap_10.pkl
2025-08-03 17:37:08 [INFO] [11/18] bootstrap sample size=6466
2025-08-03 17:37:35 [INFO] Saved model → /work/dlclarge2/alidemaa-dl_lab/automl/automl-exam-ss25-tabular-freiburg-template/modelsFinal-YProp/yprop_4_1/bootstrap_11.pkl
2025-08-03 17:37:35 [INFO] [12/18] bootstrap sample size=6466
2025-08-03 17:38:03 [INFO] Saved model → /work/dlclarge2/alidemaa-dl_lab/automl/automl-exam-ss25-tabular-freiburg-template/modelsFinal-YProp/yprop_4_1/bootstrap_12.pkl
2025-08-03 17:38:03 [INFO] [13/18] bootstrap sample size=6466
2025-08-03 17:38:30 [INFO] Saved model → /work/dlclarge2/alidemaa-dl_lab/automl/automl-exam-ss25-tabular-freiburg-template/modelsFinal-YProp/yprop_4_1/bootstrap_13.pkl
2025-08-03 17:38:30 [INFO] [14/18] bootstrap sample size=6466
2025-08-03 17:38:57 [INFO] Saved model → /work/dlclarge2/alidemaa-dl_lab/automl/automl-exam-ss25-tabular-freiburg-template/modelsFinal-YProp/yprop_4_1/bootstrap_14.pkl
2025-08-03 17:38:57 [INFO] [15/18] bootstrap sample size=6466
2025-08-03 17:39:24 [INFO] Saved model → /work/dlclarge2/alidemaa-dl_lab/automl/automl-exam-ss25-tabular-freiburg-template/modelsFinal-YProp/yprop_4_1/bootstrap_15.pkl
2025-08-03 17:39:25 [INFO] [16/18] bootstrap sample size=6466
2025-08-03 17:39:52 [INFO] Saved model → /work/dlclarge2/alidemaa-dl_lab/automl/automl-exam-ss25-tabular-freiburg-template/modelsFinal-YProp/yprop_4_1/bootstrap_16.pkl
2025-08-03 17:39:52 [INFO] [17/18] bootstrap sample size=6466
2025-08-03 17:40:18 [INFO] Saved model → /work/dlclarge2/alidemaa-dl_lab/automl/automl-exam-ss25-tabular-freiburg-template/modelsFinal-YProp/yprop_4_1/bootstrap_17.pkl
2025-08-03 17:40:18 [INFO] [18/18] bootstrap sample size=6466
2025-08-03 17:40:45 [INFO] Saved model → /work/dlclarge2/alidemaa-dl_lab/automl/automl-exam-ss25-tabular-freiburg-template/modelsFinal-YProp/yprop_4_1/bootstrap_18.pkl
2025-08-03 17:40:46 [INFO] 📊 Final OOB R² = 0.09213
2025-08-03 17:40:54 [INFO] Saved ensemble → /work/dlclarge2/alidemaa-dl_lab/automl/automl-exam-ss25-tabular-freiburg-template/modelsFinal-YProp/yprop_4_1/ensemble.pkl
2025-08-03 17:40:54 [WARNING] get_test_data failed or unavailable; skipping test R² logging
2025-08-03 17:40:54 [INFO] Total time: 499.0s
2025-08-03 17:40:54 [INFO] TabPFN →      /work/dlclarge2/alidemaa-dl_lab/automl/automl-exam-ss25-tabular-freiburg-template/modelsFinal-YProp/yprop_4_1/ensemble.pkl (R²=0.0921)
2025-08-03 17:40:54 [INFO] Training tree-based model...
2025-08-03 17:40:54 [INFO] AutoML pipeline started
2025-08-03 17:40:54 [INFO] Output directory '/work/dlclarge2/alidemaa-dl_lab/automl/automl-exam-ss25-tabular-freiburg-template/modelsFinal-YProp' is ready and logging is configured.
2025-08-03 17:40:54 [INFO] Merged training data: 7196 rows
2025-08-03 17:40:54 [INFO] Split data into pool (6476 rows) and validation (720 rows)
2025-08-03 17:40:54 [INFO] Feature engineering completed: 62 features
[I 2025-08-03 17:40:54,616] A new study created in memory with name: no-name-5d72fdeb-e346-4098-8d39-47226c65b3f2
TBB Warning: The number of workers is currently limited to 7. The request for 63 workers is ignored. Further requests for more workers will be silently ignored until the limit changes.

[I 2025-08-03 17:44:34,916] Trial 0 finished with value: -0.09555805194048865 and parameters: {'learning_rate': 0.03574712922600244, 'depth': 12, 'l2_leaf_reg': 7.587945476302646, 'border_count': 166}. Best is trial 0 with value: -0.09555805194048865.
[I 2025-08-03 17:44:47,986] Trial 1 finished with value: -0.07148767517201443 and parameters: {'learning_rate': 0.01700037298921102, 'depth': 5, 'l2_leaf_reg': 1.5227525095137953, 'border_count': 226}. Best is trial 0 with value: -0.09555805194048865.
[I 2025-08-03 17:45:35,143] Trial 2 finished with value: -0.09046135776488251 and parameters: {'learning_rate': 0.07725378389307355, 'depth': 10, 'l2_leaf_reg': 1.185260448662222, 'border_count': 249}. Best is trial 0 with value: -0.09555805194048865.
[I 2025-08-03 17:45:39,830] Trial 3 finished with value: -0.07434306080054819 and parameters: {'learning_rate': 0.16967533607196555, 'depth': 5, 'l2_leaf_reg': 2.636424704863906, 'border_count': 73}. Best is trial 0 with value: -0.09555805194048865.
[I 2025-08-03 17:46:02,690] Trial 4 finished with value: -0.09043256721752142 and parameters: {'learning_rate': 0.028145092716060652, 'depth': 8, 'l2_leaf_reg': 4.887505167779041, 'border_count': 97}. Best is trial 0 with value: -0.09555805194048865.
[I 2025-08-03 17:46:09,387] Trial 5 finished with value: -0.07264794158734797 and parameters: {'learning_rate': 0.08012737503998542, 'depth': 5, 'l2_leaf_reg': 3.629301836816963, 'border_count': 114}. Best is trial 0 with value: -0.09555805194048865.
[I 2025-08-03 17:47:25,755] Trial 6 finished with value: -0.09457290398886038 and parameters: {'learning_rate': 0.04717052037625178, 'depth': 11, 'l2_leaf_reg': 2.7970640394252375, 'border_count': 147}. Best is trial 0 with value: -0.09555805194048865.
[I 2025-08-03 17:47:32,634] Trial 7 finished with value: -0.0739934497173232 and parameters: {'learning_rate': 0.07500118950416987, 'depth': 4, 'l2_leaf_reg': 6.467903667112945, 'border_count': 70}. Best is trial 0 with value: -0.09555805194048865.
[I 2025-08-03 17:53:15,103] Trial 8 finished with value: -0.08722335037861093 and parameters: {'learning_rate': 0.012476394272569451, 'depth': 12, 'l2_leaf_reg': 9.690688297671034, 'border_count': 213}. Best is trial 0 with value: -0.09555805194048865.
[I 2025-08-03 17:53:23,975] Trial 9 finished with value: -0.0669004750155861 and parameters: {'learning_rate': 0.028180680291847244, 'depth': 4, 'l2_leaf_reg': 7.158097238609412, 'border_count': 130}. Best is trial 0 with value: -0.09555805194048865.
[I 2025-08-03 17:53:34,222] Trial 10 finished with value: -0.07807305922183373 and parameters: {'learning_rate': 0.24893231508461813, 'depth': 8, 'l2_leaf_reg': 8.72951024190968, 'border_count': 175}. Best is trial 0 with value: -0.09555805194048865.
[I 2025-08-03 17:56:51,648] Trial 11 finished with value: -0.09466257636944363 and parameters: {'learning_rate': 0.0375842805144493, 'depth': 12, 'l2_leaf_reg': 4.804761925175269, 'border_count': 169}. Best is trial 0 with value: -0.09555805194048865.
[I 2025-08-03 17:57:56,347] Trial 12 finished with value: -0.09286258063783966 and parameters: {'learning_rate': 0.03587090238159878, 'depth': 10, 'l2_leaf_reg': 5.411810787983999, 'border_count': 177}. Best is trial 0 with value: -0.09555805194048865.
[I 2025-08-03 18:02:32,555] Trial 13 finished with value: -0.09557519439960437 and parameters: {'learning_rate': 0.01976467195578097, 'depth': 12, 'l2_leaf_reg': 7.654700566068242, 'border_count': 172}. Best is trial 13 with value: -0.09557519439960437.
[I 2025-08-03 18:03:54,461] Trial 14 finished with value: -0.08710463684075223 and parameters: {'learning_rate': 0.017235303713348287, 'depth': 10, 'l2_leaf_reg': 7.6727388333556705, 'border_count': 195}. Best is trial 13 with value: -0.09557519439960437.
[I 2025-08-03 18:04:33,519] Trial 15 finished with value: -0.08547879051268191 and parameters: {'learning_rate': 0.019591565687131645, 'depth': 9, 'l2_leaf_reg': 8.005630538517241, 'border_count': 143}. Best is trial 13 with value: -0.09557519439960437.
[I 2025-08-03 18:10:28,389] Trial 16 finished with value: -0.09154467588948553 and parameters: {'learning_rate': 0.01106451514566151, 'depth': 12, 'l2_leaf_reg': 6.471705425963705, 'border_count': 208}. Best is trial 13 with value: -0.09557519439960437.
[I 2025-08-03 18:10:42,966] Trial 17 finished with value: -0.07718749607959144 and parameters: {'learning_rate': 0.02380074849503738, 'depth': 7, 'l2_leaf_reg': 9.99426194777396, 'border_count': 47}. Best is trial 13 with value: -0.09557519439960437.
[I 2025-08-03 18:12:18,472] Trial 18 finished with value: -0.0945331938617467 and parameters: {'learning_rate': 0.05639301836472461, 'depth': 11, 'l2_leaf_reg': 8.748706317112614, 'border_count': 160}. Best is trial 13 with value: -0.09557519439960437.
[I 2025-08-03 18:13:42,759] Trial 19 finished with value: -0.092795683496499 and parameters: {'learning_rate': 0.1196890828618731, 'depth': 11, 'l2_leaf_reg': 6.045952338153317, 'border_count': 255}. Best is trial 13 with value: -0.09557519439960437.
[I 2025-08-03 18:14:02,118] Trial 20 finished with value: -0.07586913728971553 and parameters: {'learning_rate': 0.013522133976193926, 'depth': 7, 'l2_leaf_reg': 8.718568906390514, 'border_count': 118}. Best is trial 13 with value: -0.09557519439960437.
[I 2025-08-03 18:17:01,758] Trial 21 finished with value: -0.09760885857242618 and parameters: {'learning_rate': 0.03998303856653836, 'depth': 12, 'l2_leaf_reg': 4.278868023599101, 'border_count': 178}. Best is trial 21 with value: -0.09760885857242618.
[I 2025-08-03 18:20:18,982] Trial 22 finished with value: -0.09549343613055958 and parameters: {'learning_rate': 0.04364162290897699, 'depth': 12, 'l2_leaf_reg': 4.535641010265227, 'border_count': 195}. Best is trial 21 with value: -0.09760885857242618.
[I 2025-08-03 18:22:21,927] Trial 23 finished with value: -0.09388618342366935 and parameters: {'learning_rate': 0.02833739354294451, 'depth': 11, 'l2_leaf_reg': 7.161789006448416, 'border_count': 152}. Best is trial 21 with value: -0.09760885857242618.
[I 2025-08-03 18:24:39,122] Trial 24 finished with value: -0.09615527170355051 and parameters: {'learning_rate': 0.05710935996729435, 'depth': 12, 'l2_leaf_reg': 3.9518678932161593, 'border_count': 179}. Best is trial 21 with value: -0.09760885857242618.
[I 2025-08-03 18:25:33,008] Trial 25 finished with value: -0.09570140442974602 and parameters: {'learning_rate': 0.0600573618496282, 'depth': 10, 'l2_leaf_reg': 3.936744932234908, 'border_count': 190}. Best is trial 21 with value: -0.09760885857242618.
[I 2025-08-03 18:26:06,549] Trial 26 finished with value: -0.0905128520234366 and parameters: {'learning_rate': 0.06042551538642768, 'depth': 9, 'l2_leaf_reg': 3.7915899405311166, 'border_count': 226}. Best is trial 21 with value: -0.09760885857242618.
[I 2025-08-03 18:26:26,054] Trial 27 finished with value: -0.08575917774538504 and parameters: {'learning_rate': 0.1291981308548949, 'depth': 9, 'l2_leaf_reg': 3.3103624507248504, 'border_count': 189}. Best is trial 21 with value: -0.09760885857242618.
[I 2025-08-03 18:27:03,798] Trial 28 finished with value: -0.08378271768773041 and parameters: {'learning_rate': 0.10549721231233104, 'depth': 10, 'l2_leaf_reg': 2.23507280480937, 'border_count': 232}. Best is trial 21 with value: -0.09760885857242618.
[I 2025-08-03 18:28:25,411] Trial 29 finished with value: -0.09309791104870409 and parameters: {'learning_rate': 0.06684045952405662, 'depth': 11, 'l2_leaf_reg': 4.253229947069516, 'border_count': 205}. Best is trial 21 with value: -0.09760885857242618.
[I 2025-08-03 18:30:04,809] Trial 30 finished with value: -0.0957858856637929 and parameters: {'learning_rate': 0.04919298290810883, 'depth': 11, 'l2_leaf_reg': 5.566542756837702, 'border_count': 182}. Best is trial 21 with value: -0.09760885857242618.
[I 2025-08-03 18:31:59,155] Trial 31 finished with value: -0.09532328417604315 and parameters: {'learning_rate': 0.04412108778409438, 'depth': 11, 'l2_leaf_reg': 5.355513020680729, 'border_count': 185}. Best is trial 21 with value: -0.09760885857242618.
[I 2025-08-03 18:34:03,079] Trial 32 finished with value: -0.09607271327437097 and parameters: {'learning_rate': 0.09656296576598081, 'depth': 12, 'l2_leaf_reg': 4.083945407238049, 'border_count': 157}. Best is trial 21 with value: -0.09760885857242618.
[I 2025-08-03 18:35:38,426] Trial 33 finished with value: -0.09411396623211739 and parameters: {'learning_rate': 0.09416853320992014, 'depth': 12, 'l2_leaf_reg': 3.1472813040591605, 'border_count': 136}. Best is trial 21 with value: -0.09760885857242618.
[I 2025-08-03 18:37:02,243] Trial 34 finished with value: -0.0826342905614903 and parameters: {'learning_rate': 0.14910999270278194, 'depth': 12, 'l2_leaf_reg': 2.0364242732444557, 'border_count': 159}. Best is trial 21 with value: -0.09760885857242618.
[I 2025-08-03 18:38:53,561] Trial 35 finished with value: -0.09242824695955507 and parameters: {'learning_rate': 0.04948849117172664, 'depth': 11, 'l2_leaf_reg': 4.996075716497945, 'border_count': 220}. Best is trial 21 with value: -0.09760885857242618.
[I 2025-08-03 18:40:24,064] Trial 36 finished with value: -0.08354199152054302 and parameters: {'learning_rate': 0.18049477993564428, 'depth': 12, 'l2_leaf_reg': 5.947807012255136, 'border_count': 160}. Best is trial 21 with value: -0.09760885857242618.
[I 2025-08-03 18:41:53,371] Trial 37 finished with value: -0.09437493557659081 and parameters: {'learning_rate': 0.08794051917450568, 'depth': 11, 'l2_leaf_reg': 4.220529083348281, 'border_count': 243}. Best is trial 21 with value: -0.09760885857242618.
