[I 2025-08-04 07:05:33,820] Trial 64 finished with value: -0.08718066889374707 and parameters: {'learning_rate': 0.029605033129948194, 'num_leaves': 168, 'max_depth': 10, 'min_child_samples': 26, 'feature_fraction': 0.6501706508230025, 'bagging_fraction': 0.5370426842646783, 'reg_alpha': 0.006550417321056642, 'reg_lambda': 1.0432953422563254e-08}. Best is trial 51 with value: -0.09385478265523559.
[I 2025-08-04 07:05:44,609] Trial 65 finished with value: -0.09181857250862921 and parameters: {'learning_rate': 0.026330912815868187, 'num_leaves': 132, 'max_depth': 12, 'min_child_samples': 12, 'feature_fraction': 0.6175044032526138, 'bagging_fraction': 0.5685860198129937, 'reg_alpha': 0.025183502209126803, 'reg_lambda': 5.04681312178458e-07}. Best is trial 51 with value: -0.09385478265523559.
[I 2025-08-04 07:05:58,448] Trial 66 finished with value: -0.08898303958291424 and parameters: {'learning_rate': 0.017865718725269295, 'num_leaves': 136, 'max_depth': 12, 'min_child_samples': 10, 'feature_fraction': 0.6252048333461295, 'bagging_fraction': 0.5664855665862302, 'reg_alpha': 0.04507427663264737, 'reg_lambda': 4.872776605214209e-07}. Best is trial 51 with value: -0.09385478265523559.
[I 2025-08-04 07:06:12,498] Trial 67 finished with value: -0.0883966013532041 and parameters: {'learning_rate': 0.021664739510529416, 'num_leaves': 128, 'max_depth': 11, 'min_child_samples': 13, 'feature_fraction': 0.6145172612630503, 'bagging_fraction': 0.5172849711805141, 'reg_alpha': 0.2005436701442829, 'reg_lambda': 7.171214550683729e-08}. Best is trial 51 with value: -0.09385478265523559.
[I 2025-08-04 07:06:19,532] Trial 68 finished with value: -0.08477004368632593 and parameters: {'learning_rate': 0.025276853938294926, 'num_leaves': 150, 'max_depth': 12, 'min_child_samples': 98, 'feature_fraction': 0.5753484559600957, 'bagging_fraction': 0.5976737101753451, 'reg_alpha': 0.0014065353048080347, 'reg_lambda': 9.88994954966911e-07}. Best is trial 51 with value: -0.09385478265523559.
[I 2025-08-04 07:06:28,125] Trial 69 finished with value: -0.09121437957483942 and parameters: {'learning_rate': 0.018946711822603643, 'num_leaves': 120, 'max_depth': 11, 'min_child_samples': 20, 'feature_fraction': 0.606066103425814, 'bagging_fraction': 0.6256265281728015, 'reg_alpha': 0.004336166728467013, 'reg_lambda': 4.876457825085612e-06}. Best is trial 51 with value: -0.09385478265523559.
[I 2025-08-04 07:06:38,410] Trial 70 finished with value: -0.08927409890004476 and parameters: {'learning_rate': 0.012064760874850049, 'num_leaves': 83, 'max_depth': 10, 'min_child_samples': 24, 'feature_fraction': 0.6072887973510401, 'bagging_fraction': 0.5677890022057608, 'reg_alpha': 0.005628314484204082, 'reg_lambda': 3.0310847336600663e-07}. Best is trial 51 with value: -0.09385478265523559.
[I 2025-08-04 07:06:48,886] Trial 71 finished with value: -0.0912092473877166 and parameters: {'learning_rate': 0.01868038458104608, 'num_leaves': 119, 'max_depth': 11, 'min_child_samples': 20, 'feature_fraction': 0.5898720846494548, 'bagging_fraction': 0.6272443983162801, 'reg_alpha': 0.019129439276694388, 'reg_lambda': 3.7906899050167582e-06}. Best is trial 51 with value: -0.09385478265523559.
[I 2025-08-04 07:07:00,683] Trial 72 finished with value: -0.08972408482385315 and parameters: {'learning_rate': 0.018677155613266248, 'num_leaves': 112, 'max_depth': 12, 'min_child_samples': 20, 'feature_fraction': 0.5891270192649852, 'bagging_fraction': 0.6363865356566889, 'reg_alpha': 0.05102067672601969, 'reg_lambda': 2.7669630857234564e-05}. Best is trial 51 with value: -0.09385478265523559.
[I 2025-08-04 07:07:11,276] Trial 73 finished with value: -0.08949212244623637 and parameters: {'learning_rate': 0.014115085232010076, 'num_leaves': 102, 'max_depth': 11, 'min_child_samples': 22, 'feature_fraction': 0.5693798640304256, 'bagging_fraction': 0.5427606367263307, 'reg_alpha': 0.023562970214936772, 'reg_lambda': 5.0082839619096225e-06}. Best is trial 51 with value: -0.09385478265523559.
[I 2025-08-04 07:07:18,047] Trial 74 finished with value: -0.08694000807536235 and parameters: {'learning_rate': 0.020700565785281875, 'num_leaves': 119, 'max_depth': 9, 'min_child_samples': 26, 'feature_fraction': 0.648905464299699, 'bagging_fraction': 0.6248312825482429, 'reg_alpha': 0.00406895557057421, 'reg_lambda': 2.0652371240006744e-08}. Best is trial 51 with value: -0.09385478265523559.
[I 2025-08-04 07:07:27,261] Trial 75 finished with value: -0.08329298918712388 and parameters: {'learning_rate': 0.01588336473105741, 'num_leaves': 121, 'max_depth': 13, 'min_child_samples': 31, 'feature_fraction': 0.9000835900091857, 'bagging_fraction': 0.6611759764573841, 'reg_alpha': 0.016326289921739966, 'reg_lambda': 0.0001527473256519788}. Best is trial 51 with value: -0.09385478265523559.
[I 2025-08-04 07:07:39,026] Trial 76 finished with value: -0.08594718018359186 and parameters: {'learning_rate': 0.026173946096612846, 'num_leaves': 138, 'max_depth': 12, 'min_child_samples': 19, 'feature_fraction': 0.6236631542546867, 'bagging_fraction': 0.6009129140007525, 'reg_alpha': 0.12196600837056137, 'reg_lambda': 5.953679876088361e-07}. Best is trial 51 with value: -0.09385478265523559.
[I 2025-08-04 07:07:46,686] Trial 77 finished with value: -0.09085647016916516 and parameters: {'learning_rate': 0.031227144163406544, 'num_leaves': 108, 'max_depth': 11, 'min_child_samples': 15, 'feature_fraction': 0.5873425282227823, 'bagging_fraction': 0.6479490446892806, 'reg_alpha': 7.238478510376767e-05, 'reg_lambda': 3.893257625397704e-06}. Best is trial 51 with value: -0.09385478265523559.
[I 2025-08-04 07:07:56,836] Trial 78 finished with value: -0.08916349338423683 and parameters: {'learning_rate': 0.01553083030341772, 'num_leaves': 91, 'max_depth': 11, 'min_child_samples': 15, 'feature_fraction': 0.5690485952772034, 'bagging_fraction': 0.6829259708954617, 'reg_alpha': 8.380644610124499e-05, 'reg_lambda': 3.935034382107958e-05}. Best is trial 51 with value: -0.09385478265523559.
[I 2025-08-04 07:08:03,945] Trial 79 finished with value: -0.09085497338778047 and parameters: {'learning_rate': 0.03192045015807971, 'num_leaves': 77, 'max_depth': 10, 'min_child_samples': 11, 'feature_fraction': 0.8208080545300545, 'bagging_fraction': 0.6406992624879626, 'reg_alpha': 0.012125118336042575, 'reg_lambda': 2.2289273582632183e-06}. Best is trial 51 with value: -0.09385478265523559.
[I 2025-08-04 07:08:10,110] Trial 80 finished with value: -0.0832607043641636 and parameters: {'learning_rate': 0.023760858462315383, 'num_leaves': 55, 'max_depth': 9, 'min_child_samples': 51, 'feature_fraction': 0.8209971212259914, 'bagging_fraction': 0.6462623395101168, 'reg_alpha': 0.6946550168090528, 'reg_lambda': 8.127291380591244e-06}. Best is trial 51 with value: -0.09385478265523559.
[I 2025-08-04 07:08:16,339] Trial 81 finished with value: -0.08710131563836139 and parameters: {'learning_rate': 0.03231062825710857, 'num_leaves': 65, 'max_depth': 10, 'min_child_samples': 12, 'feature_fraction': 0.8428905811793955, 'bagging_fraction': 0.7224471789772474, 'reg_alpha': 0.009609390020046734, 'reg_lambda': 4.432642160184774e-06}. Best is trial 51 with value: -0.09385478265523559.
[I 2025-08-04 07:08:22,214] Trial 82 finished with value: -0.08620831390808124 and parameters: {'learning_rate': 0.03078906453001892, 'num_leaves': 40, 'max_depth': 11, 'min_child_samples': 10, 'feature_fraction': 0.5874214769993424, 'bagging_fraction': 0.6100422330114638, 'reg_alpha': 0.025652805015628496, 'reg_lambda': 1.8720757527485749e-06}. Best is trial 51 with value: -0.09385478265523559.
[I 2025-08-04 07:08:32,936] Trial 83 finished with value: -0.08941195070599148 and parameters: {'learning_rate': 0.017273961533856307, 'num_leaves': 114, 'max_depth': 11, 'min_child_samples': 15, 'feature_fraction': 0.8691466129114628, 'bagging_fraction': 0.6508988350144472, 'reg_alpha': 0.0014840681160242398, 'reg_lambda': 3.1604513133190324e-06}. Best is trial 51 with value: -0.09385478265523559.
[I 2025-08-04 07:08:40,017] Trial 84 finished with value: -0.08755181483908495 and parameters: {'learning_rate': 0.026762317319495552, 'num_leaves': 80, 'max_depth': 10, 'min_child_samples': 18, 'feature_fraction': 0.7651646483441268, 'bagging_fraction': 0.6825721878308414, 'reg_alpha': 0.003710547187458754, 'reg_lambda': 1.2193580735881708e-05}. Best is trial 51 with value: -0.09385478265523559.
[I 2025-08-04 07:08:50,277] Trial 85 finished with value: -0.089085294641906 and parameters: {'learning_rate': 0.024498261351229178, 'num_leaves': 110, 'max_depth': 12, 'min_child_samples': 23, 'feature_fraction': 0.6138871990238202, 'bagging_fraction': 0.5783146408392713, 'reg_alpha': 0.08604909305438334, 'reg_lambda': 7.208629911282429e-08}. Best is trial 51 with value: -0.09385478265523559.
[I 2025-08-04 07:08:58,821] Trial 86 finished with value: -0.08703464186324883 and parameters: {'learning_rate': 0.021720394093795, 'num_leaves': 103, 'max_depth': 10, 'min_child_samples': 12, 'feature_fraction': 0.9984325435524664, 'bagging_fraction': 0.6221362093508306, 'reg_alpha': 0.0003382768130160338, 'reg_lambda': 1.5396708927586436e-07}. Best is trial 51 with value: -0.09385478265523559.
[I 2025-08-04 07:09:04,229] Trial 87 finished with value: -0.08365796705863598 and parameters: {'learning_rate': 0.03126348334756478, 'num_leaves': 97, 'max_depth': 11, 'min_child_samples': 71, 'feature_fraction': 0.9223015258914176, 'bagging_fraction': 0.6351604191512898, 'reg_alpha': 0.012356954243110894, 'reg_lambda': 0.0008665911254283926}. Best is trial 51 with value: -0.09385478265523559.
[I 2025-08-04 07:09:18,796] Trial 88 finished with value: -0.09301937645024837 and parameters: {'learning_rate': 0.01274797584564629, 'num_leaves': 160, 'max_depth': 13, 'min_child_samples': 17, 'feature_fraction': 0.540448959338315, 'bagging_fraction': 0.5827950259144536, 'reg_alpha': 0.00010276578681894422, 'reg_lambda': 6.91019831325072e-07}. Best is trial 51 with value: -0.09385478265523559.
[I 2025-08-04 07:09:34,489] Trial 89 finished with value: -0.08993594570560365 and parameters: {'learning_rate': 0.010902871848563131, 'num_leaves': 160, 'max_depth': 13, 'min_child_samples': 17, 'feature_fraction': 0.5601706999713832, 'bagging_fraction': 0.5864055349711823, 'reg_alpha': 7.060310153426877e-05, 'reg_lambda': 1.2475979351035483e-05}. Best is trial 51 with value: -0.09385478265523559.
[I 2025-08-04 07:09:47,579] Trial 90 finished with value: -0.08854947064793439 and parameters: {'learning_rate': 0.012565298667351243, 'num_leaves': 154, 'max_depth': 13, 'min_child_samples': 22, 'feature_fraction': 0.5175348224005976, 'bagging_fraction': 0.6621848488543515, 'reg_alpha': 0.0001377407407342052, 'reg_lambda': 2.102272224225909e-06}. Best is trial 51 with value: -0.09385478265523559.
[I 2025-08-04 07:10:02,532] Trial 91 finished with value: -0.09040230818199983 and parameters: {'learning_rate': 0.01449876955828566, 'num_leaves': 170, 'max_depth': 12, 'min_child_samples': 15, 'feature_fraction': 0.5410763194264189, 'bagging_fraction': 0.5551996082950391, 'reg_alpha': 0.0006252098077839076, 'reg_lambda': 7.63799192633658e-07}. Best is trial 51 with value: -0.09385478265523559.
[I 2025-08-04 07:10:17,896] Trial 92 finished with value: -0.09097151168862369 and parameters: {'learning_rate': 0.01130057185812571, 'num_leaves': 142, 'max_depth': 12, 'min_child_samples': 18, 'feature_fraction': 0.5838771897280659, 'bagging_fraction': 0.6064875541422432, 'reg_alpha': 0.0023893921695927033, 'reg_lambda': 1.945870079550569e-07}. Best is trial 51 with value: -0.09385478265523559.
[I 2025-08-04 07:10:33,891] Trial 93 finished with value: -0.08950785252052154 and parameters: {'learning_rate': 0.010920964494363822, 'num_leaves': 143, 'max_depth': 11, 'min_child_samples': 19, 'feature_fraction': 0.5921818661991879, 'bagging_fraction': 0.6029493204782563, 'reg_alpha': 0.02057401744840127, 'reg_lambda': 2.1423072736370499e-07}. Best is trial 51 with value: -0.09385478265523559.
[I 2025-08-04 07:10:47,432] Trial 94 finished with value: -0.09050570923163613 and parameters: {'learning_rate': 0.011506966243361219, 'num_leaves': 132, 'max_depth': 13, 'min_child_samples': 17, 'feature_fraction': 0.6435755747419489, 'bagging_fraction': 0.8010317391624056, 'reg_alpha': 0.000497000699064195, 'reg_lambda': 3.1871259925405987e-06}. Best is trial 51 with value: -0.09385478265523559.
[I 2025-08-04 07:10:58,517] Trial 95 finished with value: -0.08824292640033858 and parameters: {'learning_rate': 0.013391112068469088, 'num_leaves': 152, 'max_depth': 12, 'min_child_samples': 27, 'feature_fraction': 0.5394880246720166, 'bagging_fraction': 0.6247666249194965, 'reg_alpha': 0.00014478944676881263, 'reg_lambda': 4.721487347185719e-07}. Best is trial 51 with value: -0.09385478265523559.
[I 2025-08-04 07:11:06,576] Trial 96 finished with value: -0.08616818298207958 and parameters: {'learning_rate': 0.019330535396309446, 'num_leaves': 120, 'max_depth': 11, 'min_child_samples': 25, 'feature_fraction': 0.5793272502214399, 'bagging_fraction': 0.6463518641996956, 'reg_alpha': 0.0012461810394242753, 'reg_lambda': 8.463477886086837e-07}. Best is trial 51 with value: -0.09385478265523559.
[I 2025-08-04 07:11:11,609] Trial 97 finished with value: -0.06553850304087978 and parameters: {'learning_rate': 0.19254494286514284, 'num_leaves': 141, 'max_depth': 10, 'min_child_samples': 11, 'feature_fraction': 0.6071041137114521, 'bagging_fraction': 0.5761224960020801, 'reg_alpha': 1.1523300235047488e-05, 'reg_lambda': 1.5014813667476911e-06}. Best is trial 51 with value: -0.09385478265523559.
[I 2025-08-04 07:11:22,820] Trial 98 finished with value: -0.092638762308997 and parameters: {'learning_rate': 0.01493764977423967, 'num_leaves': 106, 'max_depth': 13, 'min_child_samples': 21, 'feature_fraction': 0.5634469065537885, 'bagging_fraction': 0.5922974446382864, 'reg_alpha': 4.1551908244367534e-05, 'reg_lambda': 1.9222980452586307e-07}. Best is trial 51 with value: -0.09385478265523559.
[I 2025-08-04 07:11:33,370] Trial 99 finished with value: -0.09149873754166092 and parameters: {'learning_rate': 0.015447189396572357, 'num_leaves': 106, 'max_depth': 13, 'min_child_samples': 21, 'feature_fraction': 0.5624452206807751, 'bagging_fraction': 0.6128060087012651, 'reg_alpha': 4.0866338282313685e-05, 'reg_lambda': 2.2960319635994014e-08}. Best is trial 51 with value: -0.09385478265523559.
[I 2025-08-04 07:11:45,086] Trial 100 finished with value: -0.09049900760119953 and parameters: {'learning_rate': 0.014913056144244534, 'num_leaves': 131, 'max_depth': 13, 'min_child_samples': 21, 'feature_fraction': 0.5615890119522374, 'bagging_fraction': 0.5914749973260477, 'reg_alpha': 1.775063291348617e-05, 'reg_lambda': 1.0242966189943853e-07}. Best is trial 51 with value: -0.09385478265523559.
[I 2025-08-04 07:11:56,232] Trial 101 finished with value: -0.08862845308041696 and parameters: {'learning_rate': 0.013040832293117978, 'num_leaves': 105, 'max_depth': 13, 'min_child_samples': 24, 'feature_fraction': 0.5429049682051733, 'bagging_fraction': 0.6151646304647714, 'reg_alpha': 3.4667624669453802e-06, 'reg_lambda': 2.172992238316463e-08}. Best is trial 51 with value: -0.09385478265523559.
[I 2025-08-04 07:12:07,692] Trial 102 finished with value: -0.0949217032687709 and parameters: {'learning_rate': 0.016371263566904312, 'num_leaves': 108, 'max_depth': 13, 'min_child_samples': 19, 'feature_fraction': 0.5947532796119693, 'bagging_fraction': 0.5887004468078083, 'reg_alpha': 3.936662432326445e-05, 'reg_lambda': 2.4159579356351655e-07}. Best is trial 102 with value: -0.0949217032687709.
[I 2025-08-04 07:12:18,209] Trial 103 finished with value: -0.09017612498661992 and parameters: {'learning_rate': 0.01680893849864144, 'num_leaves': 123, 'max_depth': 13, 'min_child_samples': 19, 'feature_fraction': 0.6273746992700924, 'bagging_fraction': 0.5859700267018402, 'reg_alpha': 5.113664722005314e-05, 'reg_lambda': 1.83646100070508e-07}. Best is trial 102 with value: -0.0949217032687709.
[I 2025-08-04 07:12:26,272] Trial 104 finished with value: -0.08636099587080777 and parameters: {'learning_rate': 0.018434660253883156, 'num_leaves': 95, 'max_depth': 14, 'min_child_samples': 84, 'feature_fraction': 0.5945809237037903, 'bagging_fraction': 0.5571388835093334, 'reg_alpha': 3.26646225213174e-05, 'reg_lambda': 2.7243406839492486e-08}. Best is trial 102 with value: -0.0949217032687709.
[I 2025-08-04 07:12:38,679] Trial 105 finished with value: -0.09109824270939 and parameters: {'learning_rate': 0.012258777261282794, 'num_leaves': 117, 'max_depth': 13, 'min_child_samples': 22, 'feature_fraction': 0.5153923984055561, 'bagging_fraction': 0.574206286959427, 'reg_alpha': 0.00025876132148167373, 'reg_lambda': 5.311490634648279e-08}. Best is trial 102 with value: -0.0949217032687709.
[I 2025-08-04 07:12:48,753] Trial 106 finished with value: -0.08826567536136419 and parameters: {'learning_rate': 0.015497002173221176, 'num_leaves': 115, 'max_depth': 13, 'min_child_samples': 28, 'feature_fraction': 0.513127663212098, 'bagging_fraction': 0.544310785457342, 'reg_alpha': 0.00018289703608590608, 'reg_lambda': 5.158115237645331e-08}. Best is trial 102 with value: -0.0949217032687709.
[I 2025-08-04 07:13:02,851] Trial 107 finished with value: -0.08910874144467695 and parameters: {'learning_rate': 0.010174812936642047, 'num_leaves': 116, 'max_depth': 14, 'min_child_samples': 22, 'feature_fraction': 0.5320508110595208, 'bagging_fraction': 0.5641379576511355, 'reg_alpha': 0.00023495003581559934, 'reg_lambda': 3.145938333639809e-07}. Best is trial 102 with value: -0.0949217032687709.
[I 2025-08-04 07:13:13,145] Trial 108 finished with value: -0.08636588324720511 and parameters: {'learning_rate': 0.0137315215346088, 'num_leaves': 90, 'max_depth': 13, 'min_child_samples': 33, 'feature_fraction': 0.5634281892165295, 'bagging_fraction': 0.5965384997320021, 'reg_alpha': 2.210364895697281e-05, 'reg_lambda': 1.0693175064872808e-07}. Best is trial 102 with value: -0.0949217032687709.
[I 2025-08-04 07:13:25,970] Trial 109 finished with value: -0.08850825485350165 and parameters: {'learning_rate': 0.012079682808728018, 'num_leaves': 128, 'max_depth': 13, 'min_child_samples': 25, 'feature_fraction': 0.5494647577234848, 'bagging_fraction': 0.575951350862712, 'reg_alpha': 0.00011510892794335415, 'reg_lambda': 1.5138459303350094e-08}. Best is trial 102 with value: -0.0949217032687709.
[I 2025-08-04 07:13:36,423] Trial 110 finished with value: -0.08591885502179866 and parameters: {'learning_rate': 0.016783641631486438, 'num_leaves': 148, 'max_depth': 14, 'min_child_samples': 31, 'feature_fraction': 0.5011651331379573, 'bagging_fraction': 0.5399689162518312, 'reg_alpha': 4.5824459710744156e-05, 'reg_lambda': 5.6349232084562004e-08}. Best is trial 102 with value: -0.0949217032687709.
[I 2025-08-04 07:13:50,398] Trial 111 finished with value: -0.08970910308263749 and parameters: {'learning_rate': 0.012562566222734071, 'num_leaves': 133, 'max_depth': 12, 'min_child_samples': 18, 'feature_fraction': 0.5188534274980622, 'bagging_fraction': 0.6262905399473092, 'reg_alpha': 1.1374388021594991e-05, 'reg_lambda': 3.583106928552794e-08}. Best is trial 102 with value: -0.0949217032687709.
[I 2025-08-04 07:14:02,046] Trial 112 finished with value: -0.08935701228755129 and parameters: {'learning_rate': 0.011630036935223275, 'num_leaves': 98, 'max_depth': 12, 'min_child_samples': 23, 'feature_fraction': 0.5779140868817659, 'bagging_fraction': 0.607733625037139, 'reg_alpha': 0.00043572514571527094, 'reg_lambda': 2.1842639131315257e-07}. Best is trial 102 with value: -0.0949217032687709.
[I 2025-08-04 07:14:13,332] Trial 113 finished with value: -0.09138359903557042 and parameters: {'learning_rate': 0.014468179251204387, 'num_leaves': 125, 'max_depth': 12, 'min_child_samples': 21, 'feature_fraction': 0.6064917275055992, 'bagging_fraction': 0.5702630844399339, 'reg_alpha': 0.008092001488359233, 'reg_lambda': 1.2203109080300518e-07}. Best is trial 102 with value: -0.0949217032687709.
[I 2025-08-04 07:14:23,732] Trial 114 finished with value: -0.09127937410698497 and parameters: {'learning_rate': 0.014931676054801715, 'num_leaves': 108, 'max_depth': 12, 'min_child_samples': 21, 'feature_fraction': 0.6073465730681549, 'bagging_fraction': 0.5744653584136954, 'reg_alpha': 0.004405949277462796, 'reg_lambda': 1.238565506700698e-07}. Best is trial 102 with value: -0.0949217032687709.
[I 2025-08-04 07:14:33,746] Trial 115 finished with value: -0.0935619311198787 and parameters: {'learning_rate': 0.017460640204901227, 'num_leaves': 125, 'max_depth': 12, 'min_child_samples': 20, 'feature_fraction': 0.6057473483292095, 'bagging_fraction': 0.5506829071684514, 'reg_alpha': 0.004673026929518549, 'reg_lambda': 1.212450920980683e-07}. Best is trial 102 with value: -0.0949217032687709.
[I 2025-08-04 07:14:47,013] Trial 116 finished with value: -0.0911190333782547 and parameters: {'learning_rate': 0.014919662917445294, 'num_leaves': 108, 'max_depth': 12, 'min_child_samples': 20, 'feature_fraction': 0.6187681600404754, 'bagging_fraction': 0.5516980699259152, 'reg_alpha': 0.06528807171489655, 'reg_lambda': 3.658853765153911e-07}. Best is trial 102 with value: -0.0949217032687709.
[I 2025-08-04 07:14:57,022] Trial 117 finished with value: -0.08624786406269648 and parameters: {'learning_rate': 0.017832392782412856, 'num_leaves': 123, 'max_depth': 12, 'min_child_samples': 36, 'feature_fraction': 0.605510520033384, 'bagging_fraction': 0.5865330421695883, 'reg_alpha': 0.03751517484240318, 'reg_lambda': 1.1720477568613655e-07}. Best is trial 102 with value: -0.0949217032687709.
