[I 2025-08-04 07:53:02,674] Trial 280 finished with value: -0.07773584395181853 and parameters: {'learning_rate': 0.14897640392427236, 'num_leaves': 169, 'max_depth': 15, 'min_child_samples': 19, 'feature_fraction': 0.5210754743173971, 'bagging_fraction': 0.8476115121032337, 'reg_alpha': 1.6084922613851883e-07, 'reg_lambda': 0.001552252083734805}. Best is trial 223 with value: -0.09532691268294306.
[I 2025-08-04 07:53:06,522] Trial 281 finished with value: -0.04729213107558811 and parameters: {'learning_rate': 0.011439456892549157, 'num_leaves': 176, 'max_depth': 14, 'min_child_samples': 12, 'feature_fraction': 0.5424789849765238, 'bagging_fraction': 0.8512603219890806, 'reg_alpha': 3.032706826204873, 'reg_lambda': 4.748822058969427}. Best is trial 223 with value: -0.09532691268294306.
[I 2025-08-04 07:53:18,065] Trial 282 finished with value: -0.08645960495907785 and parameters: {'learning_rate': 0.020509447728807466, 'num_leaves': 184, 'max_depth': 15, 'min_child_samples': 15, 'feature_fraction': 0.7985894774966139, 'bagging_fraction': 0.5003025634882863, 'reg_alpha': 3.4697624821638796e-07, 'reg_lambda': 0.0007042008765516589}. Best is trial 223 with value: -0.09532691268294306.
[I 2025-08-04 07:53:33,643] Trial 283 finished with value: -0.09209551107582567 and parameters: {'learning_rate': 0.014302115351366277, 'num_leaves': 201, 'max_depth': 15, 'min_child_samples': 17, 'feature_fraction': 0.510750458394226, 'bagging_fraction': 0.5113847875405354, 'reg_alpha': 1.2487451443976691e-06, 'reg_lambda': 5.810535338606005e-05}. Best is trial 223 with value: -0.09532691268294306.
[I 2025-08-04 07:53:49,183] Trial 284 finished with value: -0.09274294258978924 and parameters: {'learning_rate': 0.018173461735082327, 'num_leaves': 208, 'max_depth': 15, 'min_child_samples': 14, 'feature_fraction': 0.5281466747285077, 'bagging_fraction': 0.8444566141453478, 'reg_alpha': 2.781755246967766e-07, 'reg_lambda': 0.03112310596716786}. Best is trial 223 with value: -0.09532691268294306.
[I 2025-08-04 07:54:05,710] Trial 285 finished with value: -0.09185354847202823 and parameters: {'learning_rate': 0.013445645261496938, 'num_leaves': 180, 'max_depth': 14, 'min_child_samples': 13, 'feature_fraction': 0.5192840663356802, 'bagging_fraction': 0.5299595417680756, 'reg_alpha': 5.93067055347868e-08, 'reg_lambda': 0.01275731157534958}. Best is trial 223 with value: -0.09532691268294306.
[I 2025-08-04 07:54:21,579] Trial 286 finished with value: -0.09184482020336691 and parameters: {'learning_rate': 0.01521847117877384, 'num_leaves': 172, 'max_depth': 15, 'min_child_samples': 10, 'feature_fraction': 0.5068181304828878, 'bagging_fraction': 0.5118444344702227, 'reg_alpha': 5.565226026725576e-07, 'reg_lambda': 0.0022043150554367057}. Best is trial 223 with value: -0.09532691268294306.
[I 2025-08-04 07:54:36,344] Trial 287 finished with value: -0.09128337175720572 and parameters: {'learning_rate': 0.016814444215682706, 'num_leaves': 165, 'max_depth': 15, 'min_child_samples': 16, 'feature_fraction': 0.5355046581047163, 'bagging_fraction': 0.9073678294545149, 'reg_alpha': 1.9400754593718962e-07, 'reg_lambda': 1.0103674224967112}. Best is trial 223 with value: -0.09532691268294306.
[I 2025-08-04 07:54:55,449] Trial 288 finished with value: -0.09103063058436085 and parameters: {'learning_rate': 0.01190527870223073, 'num_leaves': 175, 'max_depth': 15, 'min_child_samples': 12, 'feature_fraction': 0.5486426796516848, 'bagging_fraction': 0.5249588235541454, 'reg_alpha': 1.0960121227383926e-07, 'reg_lambda': 0.08159521593437516}. Best is trial 223 with value: -0.09532691268294306.
[I 2025-08-04 07:55:07,920] Trial 289 finished with value: -0.09171407408609787 and parameters: {'learning_rate': 0.018663505679150417, 'num_leaves': 157, 'max_depth': 15, 'min_child_samples': 18, 'feature_fraction': 0.5255954649940657, 'bagging_fraction': 0.5467775601576145, 'reg_alpha': 8.530593348280937e-07, 'reg_lambda': 0.0034372345201833282}. Best is trial 223 with value: -0.09532691268294306.
[I 2025-08-04 07:55:22,188] Trial 290 finished with value: -0.08430182095613324 and parameters: {'learning_rate': 0.016022380564159187, 'num_leaves': 197, 'max_depth': 14, 'min_child_samples': 14, 'feature_fraction': 0.9428035044451778, 'bagging_fraction': 0.5004052736656814, 'reg_alpha': 1.4740458886561693e-07, 'reg_lambda': 0.000284941760410134}. Best is trial 223 with value: -0.09532691268294306.
[I 2025-08-04 07:55:40,616] Trial 291 finished with value: -0.09273482183839009 and parameters: {'learning_rate': 0.012645474265257542, 'num_leaves': 183, 'max_depth': 15, 'min_child_samples': 12, 'feature_fraction': 0.5177057199557596, 'bagging_fraction': 0.8250628536048414, 'reg_alpha': 4.327978041224465e-07, 'reg_lambda': 0.006684378991958996}. Best is trial 223 with value: -0.09532691268294306.
[I 2025-08-04 07:55:55,923] Trial 292 finished with value: -0.09233245112934142 and parameters: {'learning_rate': 0.014948616953758405, 'num_leaves': 170, 'max_depth': 15, 'min_child_samples': 16, 'feature_fraction': 0.5394493709179564, 'bagging_fraction': 0.5178385614846283, 'reg_alpha': 1.40473088481405e-06, 'reg_lambda': 0.0018673130817378094}. Best is trial 223 with value: -0.09532691268294306.
[I 2025-08-04 07:56:05,861] Trial 293 finished with value: -0.08516654698442408 and parameters: {'learning_rate': 0.013750434143106264, 'num_leaves': 243, 'max_depth': 15, 'min_child_samples': 76, 'feature_fraction': 0.5073392376454443, 'bagging_fraction': 0.5325657562569928, 'reg_alpha': 8.446070630003648e-08, 'reg_lambda': 0.6088072989330491}. Best is trial 223 with value: -0.09532691268294306.
[I 2025-08-04 07:56:20,387] Trial 294 finished with value: -0.09124787116173781 and parameters: {'learning_rate': 0.0176280494809838, 'num_leaves': 179, 'max_depth': 15, 'min_child_samples': 14, 'feature_fraction': 0.531570629776368, 'bagging_fraction': 0.5086130790419131, 'reg_alpha': 2.786180016735405e-07, 'reg_lambda': 0.004829076073343732}. Best is trial 223 with value: -0.09532691268294306.
[I 2025-08-04 07:56:31,747] Trial 295 finished with value: -0.09283632819493134 and parameters: {'learning_rate': 0.01966937697154234, 'num_leaves': 160, 'max_depth': 15, 'min_child_samples': 19, 'feature_fraction': 0.5184272370775668, 'bagging_fraction': 0.8572838305321072, 'reg_alpha': 9.319492396277498e-07, 'reg_lambda': 0.0011974411975911178}. Best is trial 223 with value: -0.09532691268294306.
[I 2025-08-04 07:56:39,238] Trial 296 finished with value: -0.08382568850015669 and parameters: {'learning_rate': 0.016292779332014586, 'num_leaves': 184, 'max_depth': 8, 'min_child_samples': 39, 'feature_fraction': 0.501593371510735, 'bagging_fraction': 0.7382804896076365, 'reg_alpha': 6.814445405903508e-07, 'reg_lambda': 0.013491697567798486}. Best is trial 223 with value: -0.09532691268294306.
[I 2025-08-04 07:56:56,769] Trial 297 finished with value: -0.09351342831219162 and parameters: {'learning_rate': 0.014452513058420626, 'num_leaves': 145, 'max_depth': 14, 'min_child_samples': 10, 'feature_fraction': 0.5531050761084689, 'bagging_fraction': 0.5226013269161842, 'reg_alpha': 9.700690995057648e-06, 'reg_lambda': 6.602644065607861}. Best is trial 223 with value: -0.09532691268294306.
[I 2025-08-04 07:57:11,432] Trial 298 finished with value: -0.0939664317822657 and parameters: {'learning_rate': 0.01537202743912757, 'num_leaves': 167, 'max_depth': 15, 'min_child_samples': 16, 'feature_fraction': 0.5241320891728838, 'bagging_fraction': 0.8751027594521873, 'reg_alpha': 1.881077708848604e-07, 'reg_lambda': 0.0028845204317746553}. Best is trial 223 with value: -0.09532691268294306.
[I 2025-08-04 07:57:24,251] Trial 299 finished with value: -0.0891572852051104 and parameters: {'learning_rate': 0.01545884682280107, 'num_leaves': 166, 'max_depth': 15, 'min_child_samples': 17, 'feature_fraction': 0.6901601895123982, 'bagging_fraction': 0.8774061363165636, 'reg_alpha': 2.2354170601959055e-07, 'reg_lambda': 0.13646888722585815}. Best is trial 223 with value: -0.09532691268294306.
[I 2025-08-04 07:57:39,367] Trial 300 finished with value: -0.08540724030709264 and parameters: {'learning_rate': 0.01377288475328911, 'num_leaves': 172, 'max_depth': 15, 'min_child_samples': 16, 'feature_fraction': 0.7760102576942862, 'bagging_fraction': 0.892999023719912, 'reg_alpha': 4.5330315457853395e-07, 'reg_lambda': 4.041128694265449}. Best is trial 223 with value: -0.09532691268294306.
[I 2025-08-04 07:57:52,788] Trial 301 finished with value: -0.0902381631553529 and parameters: {'learning_rate': 0.01465515048249036, 'num_leaves': 162, 'max_depth': 14, 'min_child_samples': 19, 'feature_fraction': 0.5290181717407836, 'bagging_fraction': 0.8354914278533065, 'reg_alpha': 1.8959243377432803e-06, 'reg_lambda': 0.0021677710555681852}. Best is trial 223 with value: -0.09532691268294306.
[I 2025-08-04 07:58:08,080] Trial 302 finished with value: -0.09053624917732978 and parameters: {'learning_rate': 0.01317077045917024, 'num_leaves': 176, 'max_depth': 15, 'min_child_samples': 15, 'feature_fraction': 0.5423919000821542, 'bagging_fraction': 0.8580034782468351, 'reg_alpha': 1.5702304762015838e-07, 'reg_lambda': 0.0006027095506230388}. Best is trial 223 with value: -0.09532691268294306.
[I 2025-08-04 07:58:22,916] Trial 303 finished with value: -0.09200408547927601 and parameters: {'learning_rate': 0.01564145130523905, 'num_leaves': 166, 'max_depth': 15, 'min_child_samples': 18, 'feature_fraction': 0.5250357463426499, 'bagging_fraction': 0.5540008784085467, 'reg_alpha': 2.581959821188559e-07, 'reg_lambda': 0.004563691760634701}. Best is trial 223 with value: -0.09532691268294306.
[I 2025-08-04 07:58:37,273] Trial 304 finished with value: -0.09206564134288572 and parameters: {'learning_rate': 0.016550237159550233, 'num_leaves': 170, 'max_depth': 15, 'min_child_samples': 14, 'feature_fraction': 0.5368912660429341, 'bagging_fraction': 0.8743029511204234, 'reg_alpha': 3.393320457643103e-07, 'reg_lambda': 0.0011141572496683194}. Best is trial 223 with value: -0.09532691268294306.
[I 2025-08-04 07:58:42,145] Trial 305 finished with value: -0.0705954721890009 and parameters: {'learning_rate': 0.014924281673950763, 'num_leaves': 179, 'max_depth': 3, 'min_child_samples': 17, 'feature_fraction': 0.5472745585624017, 'bagging_fraction': 0.8876831781915498, 'reg_alpha': 1.1246222741362007e-06, 'reg_lambda': 0.06459447912300766}. Best is trial 223 with value: -0.09532691268294306.
[I 2025-08-04 07:58:59,528] Trial 306 finished with value: -0.09175076346293841 and parameters: {'learning_rate': 0.012529538919351692, 'num_leaves': 158, 'max_depth': 15, 'min_child_samples': 12, 'feature_fraction': 0.524732199093968, 'bagging_fraction': 0.5304641529989317, 'reg_alpha': 3.020454902404355e-06, 'reg_lambda': 0.009838959399984358}. Best is trial 223 with value: -0.09532691268294306.
[I 2025-08-04 07:59:13,872] Trial 307 finished with value: -0.09121874986481852 and parameters: {'learning_rate': 0.01688176601581914, 'num_leaves': 187, 'max_depth': 14, 'min_child_samples': 15, 'feature_fraction': 0.5000272937544603, 'bagging_fraction': 0.539862453700318, 'reg_alpha': 4.960418013900976e-07, 'reg_lambda': 3.510101816977688e-08}. Best is trial 223 with value: -0.09532691268294306.
[I 2025-08-04 07:59:30,802] Trial 308 finished with value: -0.09378182244226711 and parameters: {'learning_rate': 0.01367033422459359, 'num_leaves': 175, 'max_depth': 15, 'min_child_samples': 13, 'feature_fraction': 0.5182900755041078, 'bagging_fraction': 0.5195963082995799, 'reg_alpha': 1.519987931347268e-07, 'reg_lambda': 1.5766019844276785e-08}. Best is trial 223 with value: -0.09532691268294306.
[I 2025-08-04 07:59:44,536] Trial 309 finished with value: -0.09164963593145385 and parameters: {'learning_rate': 0.015679522581407607, 'num_leaves': 169, 'max_depth': 15, 'min_child_samples': 20, 'feature_fraction': 0.5356486581940187, 'bagging_fraction': 0.9011466302943726, 'reg_alpha': 6.62137106317154e-07, 'reg_lambda': 0.6028582379036053}. Best is trial 223 with value: -0.09532691268294306.
[I 2025-08-04 07:59:59,267] Trial 310 finished with value: -0.09272684528510063 and parameters: {'learning_rate': 0.014555446190861316, 'num_leaves': 181, 'max_depth': 15, 'min_child_samples': 16, 'feature_fraction': 0.5552551083412552, 'bagging_fraction': 0.6873845098382011, 'reg_alpha': 3.4932166746101443e-07, 'reg_lambda': 0.0031739525267145802}. Best is trial 223 with value: -0.09532691268294306.
[I 2025-08-04 08:00:13,684] Trial 311 finished with value: -0.09347228363042735 and parameters: {'learning_rate': 0.017846658202997617, 'num_leaves': 163, 'max_depth': 14, 'min_child_samples': 11, 'feature_fraction': 0.5119084656957338, 'bagging_fraction': 0.9557864352327314, 'reg_alpha': 1.8376821519845362e-07, 'reg_lambda': 2.186659509589664}. Best is trial 223 with value: -0.09532691268294306.
[I 2025-08-04 08:00:23,731] Trial 312 finished with value: -0.08741823874571868 and parameters: {'learning_rate': 0.016453242817033732, 'num_leaves': 175, 'max_depth': 15, 'min_child_samples': 42, 'feature_fraction': 0.5293447506984108, 'bagging_fraction': 0.8386369523640634, 'reg_alpha': 6.773328080098544e-08, 'reg_lambda': 5.967645080772641e-08}. Best is trial 223 with value: -0.09532691268294306.
[I 2025-08-04 08:00:41,309] Trial 313 finished with value: -0.091532767975023 and parameters: {'learning_rate': 0.011596078529097888, 'num_leaves': 184, 'max_depth': 15, 'min_child_samples': 15, 'feature_fraction': 0.5169925789917466, 'bagging_fraction': 0.5407349668283404, 'reg_alpha': 4.297279514667487e-06, 'reg_lambda': 0.017761297299521178}. Best is trial 223 with value: -0.09532691268294306.
[I 2025-08-04 08:00:56,401] Trial 314 finished with value: -0.09063415960308001 and parameters: {'learning_rate': 0.012921068359864576, 'num_leaves': 171, 'max_depth': 15, 'min_child_samples': 18, 'feature_fraction': 0.5415189401836142, 'bagging_fraction': 0.5161085624035695, 'reg_alpha': 4.164567993308599e-08, 'reg_lambda': 0.00018075199080834974}. Best is trial 223 with value: -0.09532691268294306.
[I 2025-08-04 08:01:11,943] Trial 315 finished with value: -0.093196118022305 and parameters: {'learning_rate': 0.014155372093987671, 'num_leaves': 154, 'max_depth': 15, 'min_child_samples': 13, 'feature_fraction': 0.5261620983606147, 'bagging_fraction': 0.8672402415866445, 'reg_alpha': 1.5229925772020459e-06, 'reg_lambda': 0.005864283246827736}. Best is trial 223 with value: -0.09532691268294306.
[I 2025-08-04 08:01:28,422] Trial 316 finished with value: -0.08943343718208528 and parameters: {'learning_rate': 0.015615164441276417, 'num_leaves': 220, 'max_depth': 15, 'min_child_samples': 10, 'feature_fraction': 0.750672883741134, 'bagging_fraction': 0.5000865324953306, 'reg_alpha': 5.67633299773602e-07, 'reg_lambda': 2.4832791032760635e-08}. Best is trial 223 with value: -0.09532691268294306.
[I 2025-08-04 08:01:42,500] Trial 317 finished with value: -0.09264630708876129 and parameters: {'learning_rate': 0.01733652097834387, 'num_leaves': 191, 'max_depth': 14, 'min_child_samples': 14, 'feature_fraction': 0.5113870064757724, 'bagging_fraction': 0.5280211176982774, 'reg_alpha': 1.1294840322889807e-07, 'reg_lambda': 0.001711325561721098}. Best is trial 223 with value: -0.09532691268294306.
[I 2025-08-04 08:01:58,266] Trial 318 finished with value: -0.09346145241729499 and parameters: {'learning_rate': 0.015040569304216307, 'num_leaves': 180, 'max_depth': 15, 'min_child_samples': 17, 'feature_fraction': 0.532190969580654, 'bagging_fraction': 0.5078066413532856, 'reg_alpha': 2.514715589028453e-07, 'reg_lambda': 0.029560090653027078}. Best is trial 223 with value: -0.09532691268294306.
[I 2025-08-04 08:02:14,707] Trial 319 finished with value: -0.09321116405040655 and parameters: {'learning_rate': 0.016308496068944838, 'num_leaves': 187, 'max_depth': 15, 'min_child_samples': 12, 'feature_fraction': 0.5465394260906444, 'bagging_fraction': 0.5162991551943352, 'reg_alpha': 9.608811152332186e-07, 'reg_lambda': 0.008834319941288379}. Best is trial 223 with value: -0.09532691268294306.
[I 2025-08-04 08:02:30,181] Trial 320 finished with value: -0.09251627064556815 and parameters: {'learning_rate': 0.013987562302978715, 'num_leaves': 202, 'max_depth': 15, 'min_child_samples': 16, 'feature_fraction': 0.5186406129539628, 'bagging_fraction': 0.5551737867328128, 'reg_alpha': 2.8750206572603617e-06, 'reg_lambda': 1.8620241093265807e-08}. Best is trial 223 with value: -0.09532691268294306.
[I 2025-08-04 08:02:46,064] Trial 321 finished with value: -0.09399322986820549 and parameters: {'learning_rate': 0.01779578575165501, 'num_leaves': 175, 'max_depth': 15, 'min_child_samples': 14, 'feature_fraction': 0.5077709834707844, 'bagging_fraction': 0.5376687482164155, 'reg_alpha': 3.955202273450337e-07, 'reg_lambda': 1.026797738451355}. Best is trial 223 with value: -0.09532691268294306.
[I 2025-08-04 08:03:00,913] Trial 322 finished with value: -0.09047414295384602 and parameters: {'learning_rate': 0.01806450838136439, 'num_leaves': 177, 'max_depth': 14, 'min_child_samples': 13, 'feature_fraction': 0.5046205497538466, 'bagging_fraction': 0.5452736058827132, 'reg_alpha': 4.0289806013012956e-07, 'reg_lambda': 1.0753338947153084}. Best is trial 223 with value: -0.09532691268294306.
[I 2025-08-04 08:03:15,435] Trial 323 finished with value: -0.09284924695609238 and parameters: {'learning_rate': 0.019412846438893527, 'num_leaves': 173, 'max_depth': 15, 'min_child_samples': 11, 'feature_fraction': 0.5088153383315867, 'bagging_fraction': 0.5366177598763783, 'reg_alpha': 7.009355845244781e-07, 'reg_lambda': 0.9613983530546335}. Best is trial 223 with value: -0.09532691268294306.
[I 2025-08-04 08:03:30,192] Trial 324 finished with value: -0.09303859539042306 and parameters: {'learning_rate': 0.017248576171358835, 'num_leaves': 185, 'max_depth': 15, 'min_child_samples': 14, 'feature_fraction': 0.5006015782919734, 'bagging_fraction': 0.5271268589416594, 'reg_alpha': 1.9932003838446194e-06, 'reg_lambda': 0.6373579774719278}. Best is trial 223 with value: -0.09532691268294306.
[I 2025-08-04 08:03:46,088] Trial 325 finished with value: -0.09467050526770562 and parameters: {'learning_rate': 0.018004258269479892, 'num_leaves': 192, 'max_depth': 15, 'min_child_samples': 10, 'feature_fraction': 0.5353144609175213, 'bagging_fraction': 0.5338781296800901, 'reg_alpha': 3.2359013266370114e-07, 'reg_lambda': 1.9807550335185287}. Best is trial 223 with value: -0.09532691268294306.
[I 2025-08-04 08:04:00,387] Trial 326 finished with value: -0.08762635922044447 and parameters: {'learning_rate': 0.020840647512618615, 'num_leaves': 192, 'max_depth': 15, 'min_child_samples': 10, 'feature_fraction': 0.8551123448728838, 'bagging_fraction': 0.5489535053618843, 'reg_alpha': 1.577624203716207e-05, 'reg_lambda': 2.9591090040671757}. Best is trial 223 with value: -0.09532691268294306.
[I 2025-08-04 08:04:16,342] Trial 327 finished with value: -0.09413135521285788 and parameters: {'learning_rate': 0.01852810133296851, 'num_leaves': 201, 'max_depth': 14, 'min_child_samples': 10, 'feature_fraction': 0.5363786857404498, 'bagging_fraction': 0.5370778193474494, 'reg_alpha': 3.2360095286215463e-07, 'reg_lambda': 1.1145987965150095}. Best is trial 223 with value: -0.09532691268294306.
[I 2025-08-04 08:04:32,867] Trial 328 finished with value: -0.09033538420994981 and parameters: {'learning_rate': 0.01901181898749677, 'num_leaves': 200, 'max_depth': 14, 'min_child_samples': 10, 'feature_fraction': 0.5495725072899257, 'bagging_fraction': 0.5609651086366781, 'reg_alpha': 2.5216861126839367e-07, 'reg_lambda': 2.5247501080411494}. Best is trial 223 with value: -0.09532691268294306.
[I 2025-08-04 08:04:49,340] Trial 329 finished with value: -0.0925858886716498 and parameters: {'learning_rate': 0.018649860748555763, 'num_leaves': 206, 'max_depth': 14, 'min_child_samples': 10, 'feature_fraction': 0.5608661083525381, 'bagging_fraction': 0.5286753595618445, 'reg_alpha': 1.2098422737212084e-07, 'reg_lambda': 1.9268116404467894}. Best is trial 223 with value: -0.09532691268294306.
[I 2025-08-04 08:05:04,731] Trial 330 finished with value: -0.09130825845927365 and parameters: {'learning_rate': 0.020057067648770813, 'num_leaves': 191, 'max_depth': 14, 'min_child_samples': 12, 'feature_fraction': 0.5361029737111035, 'bagging_fraction': 0.5370071450583477, 'reg_alpha': 3.2465454902396026e-07, 'reg_lambda': 1.5425529427067886}. Best is trial 223 with value: -0.09532691268294306.
[I 2025-08-04 08:05:19,366] Trial 331 finished with value: -0.08911441716143687 and parameters: {'learning_rate': 0.016975922080957086, 'num_leaves': 195, 'max_depth': 14, 'min_child_samples': 12, 'feature_fraction': 0.5399872574523299, 'bagging_fraction': 0.5204613619401475, 'reg_alpha': 1.196905786091822e-06, 'reg_lambda': 0.0004611075748735581}. Best is trial 223 with value: -0.09532691268294306.
[I 2025-08-04 08:05:32,105] Trial 332 finished with value: -0.08745426818804922 and parameters: {'learning_rate': 0.010758297504290417, 'num_leaves': 208, 'max_depth': 14, 'min_child_samples': 62, 'feature_fraction': 0.5537561323432869, 'bagging_fraction': 0.548951575301451, 'reg_alpha': 1.890145643543009e-07, 'reg_lambda': 1.5832080313840453}. Best is trial 223 with value: -0.09532691268294306.
[I 2025-08-04 08:05:46,992] Trial 333 finished with value: -0.09345901840416684 and parameters: {'learning_rate': 0.021866199274055375, 'num_leaves': 200, 'max_depth': 15, 'min_child_samples': 10, 'feature_fraction': 0.5320060444974792, 'bagging_fraction': 0.7152358952912796, 'reg_alpha': 5.002020991231101e-07, 'reg_lambda': 0.5251827052706697}. Best is trial 223 with value: -0.09532691268294306.
