[I 2025-08-05 20:11:57,177] Trial 7 finished with value: 0.2564788913161721 and parameters: {'n_d': 47, 'n_a': 43, 'n_steps': 9, 'gamma': 1.8470280561721708, 'lambda_sparse': 0.0003654071559396439, 'lr': 0.09917607539532367, 'weight_decay': 8.095415709180532e-06}. Best is trial 0 with value: 0.3199175374025167.
/work/dlclarge2/latifajr-dl_lab_project/autoML/automl-exam-ss25-tabular-freiburg-template/automl-tabular-env/lib/python3.10/site-packages/pytorch_tabnet/callbacks.py:172: UserWarning: Best weights from best epoch are automatically used!
  warnings.warn(wrn_msg)
[I 2025-08-05 20:12:23,996] Trial 8 finished with value: 0.2696102574848259 and parameters: {'n_d': 63, 'n_a': 56, 'n_steps': 5, 'gamma': 1.7591222231727845, 'lambda_sparse': 2.546990198756194e-05, 'lr': 0.0017827294592231498, 'weight_decay': 0.0001056063532946965}. Best is trial 0 with value: 0.3199175374025167.
/work/dlclarge2/latifajr-dl_lab_project/autoML/automl-exam-ss25-tabular-freiburg-template/automl-tabular-env/lib/python3.10/site-packages/pytorch_tabnet/callbacks.py:172: UserWarning: Best weights from best epoch are automatically used!
  warnings.warn(wrn_msg)
[I 2025-08-05 20:12:31,216] Trial 9 finished with value: -0.10988924604414385 and parameters: {'n_d': 55, 'n_a': 32, 'n_steps': 5, 'gamma': 1.1587893626556784, 'lambda_sparse': 0.00855140248447255, 'lr': 0.07663531446071524, 'weight_decay': 3.58806049338806e-05}. Best is trial 0 with value: 0.3199175374025167.
/work/dlclarge2/latifajr-dl_lab_project/autoML/automl-exam-ss25-tabular-freiburg-template/automl-tabular-env/lib/python3.10/site-packages/pytorch_tabnet/callbacks.py:172: UserWarning: Best weights from best epoch are automatically used!
  warnings.warn(wrn_msg)
[I 2025-08-05 20:13:04,874] Trial 10 finished with value: 0.2996736615192048 and parameters: {'n_d': 28, 'n_a': 23, 'n_steps': 7, 'gamma': 1.5573606272097558, 'lambda_sparse': 1.633075921471757e-05, 'lr': 0.012107949205629048, 'weight_decay': 1.4942817021010105e-06}. Best is trial 0 with value: 0.3199175374025167.
/work/dlclarge2/latifajr-dl_lab_project/autoML/automl-exam-ss25-tabular-freiburg-template/automl-tabular-env/lib/python3.10/site-packages/pytorch_tabnet/callbacks.py:172: UserWarning: Best weights from best epoch are automatically used!
  warnings.warn(wrn_msg)
[I 2025-08-05 20:13:26,293] Trial 11 finished with value: 0.3401201742508101 and parameters: {'n_d': 26, 'n_a': 59, 'n_steps': 3, 'gamma': 1.9933545119943132, 'lambda_sparse': 0.007690946239113861, 'lr': 0.00929058588439229, 'weight_decay': 0.000834656008955504}. Best is trial 11 with value: 0.3401201742508101.
/work/dlclarge2/latifajr-dl_lab_project/autoML/automl-exam-ss25-tabular-freiburg-template/automl-tabular-env/lib/python3.10/site-packages/pytorch_tabnet/callbacks.py:172: UserWarning: Best weights from best epoch are automatically used!
  warnings.warn(wrn_msg)
[I 2025-08-05 20:13:52,266] Trial 12 finished with value: 0.31862944198808474 and parameters: {'n_d': 28, 'n_a': 64, 'n_steps': 4, 'gamma': 1.988134301325942, 'lambda_sparse': 0.002332537049490931, 'lr': 0.00926755503162916, 'weight_decay': 0.0009248074821224613}. Best is trial 11 with value: 0.3401201742508101.
/work/dlclarge2/latifajr-dl_lab_project/autoML/automl-exam-ss25-tabular-freiburg-template/automl-tabular-env/lib/python3.10/site-packages/pytorch_tabnet/callbacks.py:172: UserWarning: Best weights from best epoch are automatically used!
  warnings.warn(wrn_msg)
[I 2025-08-05 20:14:26,075] Trial 13 finished with value: -0.2233788831691781 and parameters: {'n_d': 22, 'n_a': 41, 'n_steps': 7, 'gamma': 1.605349211527623, 'lambda_sparse': 8.61855881711017e-05, 'lr': 0.00012447663787571004, 'weight_decay': 1.0453833727633433e-05}. Best is trial 11 with value: 0.3401201742508101.
/work/dlclarge2/latifajr-dl_lab_project/autoML/automl-exam-ss25-tabular-freiburg-template/automl-tabular-env/lib/python3.10/site-packages/pytorch_tabnet/callbacks.py:172: UserWarning: Best weights from best epoch are automatically used!
  warnings.warn(wrn_msg)
[I 2025-08-05 20:15:10,767] Trial 14 finished with value: 0.31602977747521377 and parameters: {'n_d': 42, 'n_a': 22, 'n_steps': 10, 'gamma': 1.4428097652416247, 'lambda_sparse': 0.0007692394995108551, 'lr': 0.013687101631779627, 'weight_decay': 1.0157002531938033e-06}. Best is trial 11 with value: 0.3401201742508101.
/work/dlclarge2/latifajr-dl_lab_project/autoML/automl-exam-ss25-tabular-freiburg-template/automl-tabular-env/lib/python3.10/site-packages/pytorch_tabnet/callbacks.py:172: UserWarning: Best weights from best epoch are automatically used!
  warnings.warn(wrn_msg)
[I 2025-08-05 20:15:23,422] Trial 15 finished with value: -0.06253175113663945 and parameters: {'n_d': 36, 'n_a': 64, 'n_steps': 8, 'gamma': 1.1238267884497914, 'lambda_sparse': 0.002479923877987608, 'lr': 0.02807265950758599, 'weight_decay': 0.0003734920300828295}. Best is trial 11 with value: 0.3401201742508101.
/work/dlclarge2/latifajr-dl_lab_project/autoML/automl-exam-ss25-tabular-freiburg-template/automl-tabular-env/lib/python3.10/site-packages/pytorch_tabnet/callbacks.py:172: UserWarning: Best weights from best epoch are automatically used!
  warnings.warn(wrn_msg)
[I 2025-08-05 20:15:53,713] Trial 16 finished with value: 0.3079283369998116 and parameters: {'n_d': 24, 'n_a': 27, 'n_steps': 6, 'gamma': 1.7084900751540268, 'lambda_sparse': 0.00040932452679227986, 'lr': 0.004517347191875093, 'weight_decay': 1.0178186941969986e-05}. Best is trial 11 with value: 0.3401201742508101.
/work/dlclarge2/latifajr-dl_lab_project/autoML/automl-exam-ss25-tabular-freiburg-template/automl-tabular-env/lib/python3.10/site-packages/pytorch_tabnet/callbacks.py:172: UserWarning: Best weights from best epoch are automatically used!
  warnings.warn(wrn_msg)
[I 2025-08-05 20:16:16,374] Trial 17 finished with value: 0.32044929010761614 and parameters: {'n_d': 51, 'n_a': 47, 'n_steps': 4, 'gamma': 1.2398877551155856, 'lambda_sparse': 0.002910038748695199, 'lr': 0.027316247921793456, 'weight_decay': 3.0527907857952684e-06}. Best is trial 11 with value: 0.3401201742508101.
/work/dlclarge2/latifajr-dl_lab_project/autoML/automl-exam-ss25-tabular-freiburg-template/automl-tabular-env/lib/python3.10/site-packages/pytorch_tabnet/callbacks.py:172: UserWarning: Best weights from best epoch are automatically used!
  warnings.warn(wrn_msg)
[I 2025-08-05 20:16:40,299] Trial 18 finished with value: 0.33658232774970154 and parameters: {'n_d': 51, 'n_a': 49, 'n_steps': 4, 'gamma': 1.2158353631545447, 'lambda_sparse': 0.004297310623953863, 'lr': 0.0046911963627080415, 'weight_decay': 2.174484069331263e-06}. Best is trial 11 with value: 0.3401201742508101.
/work/dlclarge2/latifajr-dl_lab_project/autoML/automl-exam-ss25-tabular-freiburg-template/automl-tabular-env/lib/python3.10/site-packages/pytorch_tabnet/callbacks.py:172: UserWarning: Best weights from best epoch are automatically used!
  warnings.warn(wrn_msg)
[I 2025-08-05 20:16:47,864] Trial 19 finished with value: -0.35051869074132536 and parameters: {'n_d': 37, 'n_a': 57, 'n_steps': 4, 'gamma': 1.0036426105041663, 'lambda_sparse': 0.004790022622657013, 'lr': 0.005256481653666792, 'weight_decay': 0.00030878834169991093}. Best is trial 11 with value: 0.3401201742508101.
/work/dlclarge2/latifajr-dl_lab_project/autoML/automl-exam-ss25-tabular-freiburg-template/automl-tabular-env/lib/python3.10/site-packages/pytorch_tabnet/callbacks.py:172: UserWarning: Best weights from best epoch are automatically used!
  warnings.warn(wrn_msg)
/work/dlclarge2/latifajr-dl_lab_project/autoML/automl-exam-ss25-tabular-freiburg-template/src/models/tabnet/tabnet_train.py:37: FutureWarning: DataFrame.fillna with 'method' is deprecated and will raise in a future version. Use obj.ffill() or obj.bfill() instead.
  df = df.fillna(method="ffill").fillna(method="bfill").fillna(0)
/work/dlclarge2/latifajr-dl_lab_project/autoML/automl-exam-ss25-tabular-freiburg-template/src/models/tabnet/tabnet_train.py:37: FutureWarning: DataFrame.fillna with 'method' is deprecated and will raise in a future version. Use obj.ffill() or obj.bfill() instead.
  df = df.fillna(method="ffill").fillna(method="bfill").fillna(0)
[I 2025-08-05 20:17:14,684] A new study created in memory with name: no-name-389d32e4-31eb-4ddd-a0c1-af2ed01eb9b0
/work/dlclarge2/latifajr-dl_lab_project/autoML/automl-exam-ss25-tabular-freiburg-template/automl-tabular-env/lib/python3.10/site-packages/pytorch_tabnet/callbacks.py:172: UserWarning: Best weights from best epoch are automatically used!
  warnings.warn(wrn_msg)
[I 2025-08-05 20:17:51,556] Trial 0 finished with value: 0.2804576418599355 and parameters: {'n_d': 49, 'n_a': 12, 'n_steps': 8, 'gamma': 1.4156999376079311, 'lambda_sparse': 0.00023399951861252096, 'lr': 0.0529675320835894, 'weight_decay': 5.512495610563113e-06}. Best is trial 0 with value: 0.2804576418599355.
/work/dlclarge2/latifajr-dl_lab_project/autoML/automl-exam-ss25-tabular-freiburg-template/automl-tabular-env/lib/python3.10/site-packages/pytorch_tabnet/callbacks.py:172: UserWarning: Best weights from best epoch are automatically used!
  warnings.warn(wrn_msg)
[I 2025-08-05 20:18:18,530] Trial 1 finished with value: 0.21856562570186722 and parameters: {'n_d': 34, 'n_a': 58, 'n_steps': 5, 'gamma': 1.2354442711573435, 'lambda_sparse': 0.00018656571004215246, 'lr': 0.00026759504782579126, 'weight_decay': 8.456397806829124e-06}. Best is trial 0 with value: 0.2804576418599355.
/work/dlclarge2/latifajr-dl_lab_project/autoML/automl-exam-ss25-tabular-freiburg-template/automl-tabular-env/lib/python3.10/site-packages/pytorch_tabnet/callbacks.py:172: UserWarning: Best weights from best epoch are automatically used!
  warnings.warn(wrn_msg)
[I 2025-08-05 20:18:49,081] Trial 2 finished with value: -0.9832568660775081 and parameters: {'n_d': 24, 'n_a': 16, 'n_steps': 7, 'gamma': 1.787838593946936, 'lambda_sparse': 0.001826775414470064, 'lr': 0.0001895645802222359, 'weight_decay': 0.00018520776011595063}. Best is trial 0 with value: 0.2804576418599355.
/work/dlclarge2/latifajr-dl_lab_project/autoML/automl-exam-ss25-tabular-freiburg-template/automl-tabular-env/lib/python3.10/site-packages/pytorch_tabnet/callbacks.py:172: UserWarning: Best weights from best epoch are automatically used!
  warnings.warn(wrn_msg)
[I 2025-08-05 20:19:13,948] Trial 3 finished with value: -0.03110238067046578 and parameters: {'n_d': 8, 'n_a': 47, 'n_steps': 4, 'gamma': 1.2345723621397975, 'lambda_sparse': 0.0005717725530919593, 'lr': 0.00012667007190056775, 'weight_decay': 0.0006814728766079116}. Best is trial 0 with value: 0.2804576418599355.
/work/dlclarge2/latifajr-dl_lab_project/autoML/automl-exam-ss25-tabular-freiburg-template/automl-tabular-env/lib/python3.10/site-packages/pytorch_tabnet/callbacks.py:172: UserWarning: Best weights from best epoch are automatically used!
  warnings.warn(wrn_msg)
[I 2025-08-05 20:19:21,334] Trial 4 finished with value: -0.585458039272444 and parameters: {'n_d': 55, 'n_a': 19, 'n_steps': 5, 'gamma': 1.2738592469893524, 'lambda_sparse': 0.0001909626714469006, 'lr': 0.051499443185465635, 'weight_decay': 4.7505315659663345e-05}. Best is trial 0 with value: 0.2804576418599355.
/work/dlclarge2/latifajr-dl_lab_project/autoML/automl-exam-ss25-tabular-freiburg-template/automl-tabular-env/lib/python3.10/site-packages/pytorch_tabnet/callbacks.py:172: UserWarning: Best weights from best epoch are automatically used!
  warnings.warn(wrn_msg)
[I 2025-08-05 20:19:42,696] Trial 5 finished with value: 0.27289500410872003 and parameters: {'n_d': 11, 'n_a': 33, 'n_steps': 4, 'gamma': 1.8350421807107575, 'lambda_sparse': 6.275877348695062e-05, 'lr': 0.012506990176871376, 'weight_decay': 1.0146230653580592e-06}. Best is trial 0 with value: 0.2804576418599355.
/work/dlclarge2/latifajr-dl_lab_project/autoML/automl-exam-ss25-tabular-freiburg-template/automl-tabular-env/lib/python3.10/site-packages/pytorch_tabnet/callbacks.py:172: UserWarning: Best weights from best epoch are automatically used!
  warnings.warn(wrn_msg)
[I 2025-08-05 20:20:21,100] Trial 6 finished with value: 0.2668866598894971 and parameters: {'n_d': 33, 'n_a': 18, 'n_steps': 9, 'gamma': 1.2196605323270449, 'lambda_sparse': 0.0006257235866293287, 'lr': 0.004729818851909512, 'weight_decay': 0.00043339840199401033}. Best is trial 0 with value: 0.2804576418599355.
/work/dlclarge2/latifajr-dl_lab_project/autoML/automl-exam-ss25-tabular-freiburg-template/automl-tabular-env/lib/python3.10/site-packages/pytorch_tabnet/callbacks.py:172: UserWarning: Best weights from best epoch are automatically used!
  warnings.warn(wrn_msg)
[I 2025-08-05 20:20:45,313] Trial 7 finished with value: 0.2156605171399476 and parameters: {'n_d': 55, 'n_a': 56, 'n_steps': 4, 'gamma': 1.3713588383602184, 'lambda_sparse': 0.00360696239068077, 'lr': 0.00046898785150873237, 'weight_decay': 1.470925869268484e-06}. Best is trial 0 with value: 0.2804576418599355.
/work/dlclarge2/latifajr-dl_lab_project/autoML/automl-exam-ss25-tabular-freiburg-template/automl-tabular-env/lib/python3.10/site-packages/pytorch_tabnet/callbacks.py:172: UserWarning: Best weights from best epoch are automatically used!
  warnings.warn(wrn_msg)
[I 2025-08-05 20:21:19,088] Trial 8 finished with value: 0.09297833401034383 and parameters: {'n_d': 32, 'n_a': 58, 'n_steps': 7, 'gamma': 1.9259828672690205, 'lambda_sparse': 0.0006434794588833081, 'lr': 0.00021879279510496254, 'weight_decay': 1.367610321701065e-06}. Best is trial 0 with value: 0.2804576418599355.
/work/dlclarge2/latifajr-dl_lab_project/autoML/automl-exam-ss25-tabular-freiburg-template/automl-tabular-env/lib/python3.10/site-packages/pytorch_tabnet/callbacks.py:172: UserWarning: Best weights from best epoch are automatically used!
  warnings.warn(wrn_msg)
[I 2025-08-05 20:21:52,067] Trial 9 finished with value: 0.30473519515146097 and parameters: {'n_d': 64, 'n_a': 40, 'n_steps': 7, 'gamma': 1.9697612966094118, 'lambda_sparse': 0.000309232319012858, 'lr': 0.012303711500170574, 'weight_decay': 8.204378504198177e-06}. Best is trial 9 with value: 0.30473519515146097.
/work/dlclarge2/latifajr-dl_lab_project/autoML/automl-exam-ss25-tabular-freiburg-template/automl-tabular-env/lib/python3.10/site-packages/pytorch_tabnet/callbacks.py:172: UserWarning: Best weights from best epoch are automatically used!
  warnings.warn(wrn_msg)
[I 2025-08-05 20:22:34,323] Trial 10 finished with value: 0.12866572189311942 and parameters: {'n_d': 61, 'n_a': 33, 'n_steps': 10, 'gamma': 1.6067711838352352, 'lambda_sparse': 1.242975920093084e-05, 'lr': 0.0019488381725514324, 'weight_decay': 2.087814909937496e-05}. Best is trial 9 with value: 0.30473519515146097.
/work/dlclarge2/latifajr-dl_lab_project/autoML/automl-exam-ss25-tabular-freiburg-template/automl-tabular-env/lib/python3.10/site-packages/pytorch_tabnet/callbacks.py:172: UserWarning: Best weights from best epoch are automatically used!
  warnings.warn(wrn_msg)
[I 2025-08-05 20:23:06,074] Trial 11 finished with value: 0.27134265389032497 and parameters: {'n_d': 47, 'n_a': 43, 'n_steps': 8, 'gamma': 1.0338208923975385, 'lambda_sparse': 4.8765757508791016e-05, 'lr': 0.08138133787731519, 'weight_decay': 6.720324685129472e-06}. Best is trial 9 with value: 0.30473519515146097.
/work/dlclarge2/latifajr-dl_lab_project/autoML/automl-exam-ss25-tabular-freiburg-template/automl-tabular-env/lib/python3.10/site-packages/pytorch_tabnet/callbacks.py:172: UserWarning: Best weights from best epoch are automatically used!
  warnings.warn(wrn_msg)
[I 2025-08-05 20:23:43,018] Trial 12 finished with value: 0.2700879735823749 and parameters: {'n_d': 47, 'n_a': 28, 'n_steps': 8, 'gamma': 1.5689550409144897, 'lambda_sparse': 0.008790284199158171, 'lr': 0.017808076492148182, 'weight_decay': 4.236670627550296e-06}. Best is trial 9 with value: 0.30473519515146097.
/work/dlclarge2/latifajr-dl_lab_project/autoML/automl-exam-ss25-tabular-freiburg-template/automl-tabular-env/lib/python3.10/site-packages/pytorch_tabnet/callbacks.py:172: UserWarning: Best weights from best epoch are automatically used!
  warnings.warn(wrn_msg)
[I 2025-08-05 20:24:13,216] Trial 13 finished with value: 0.2740283803478776 and parameters: {'n_d': 64, 'n_a': 8, 'n_steps': 6, 'gamma': 1.7087954540386576, 'lambda_sparse': 7.700497561338234e-05, 'lr': 0.021088861126967076, 'weight_decay': 2.945977138663444e-05}. Best is trial 9 with value: 0.30473519515146097.
/work/dlclarge2/latifajr-dl_lab_project/autoML/automl-exam-ss25-tabular-freiburg-template/automl-tabular-env/lib/python3.10/site-packages/pytorch_tabnet/callbacks.py:172: UserWarning: Best weights from best epoch are automatically used!
  warnings.warn(wrn_msg)
[I 2025-08-05 20:24:54,163] Trial 14 finished with value: 0.23969855944815788 and parameters: {'n_d': 44, 'n_a': 43, 'n_steps': 9, 'gamma': 1.4118805774494132, 'lambda_sparse': 0.0015581979970607954, 'lr': 0.005284510228483688, 'weight_decay': 4.232462592103565e-06}. Best is trial 9 with value: 0.30473519515146097.
/work/dlclarge2/latifajr-dl_lab_project/autoML/automl-exam-ss25-tabular-freiburg-template/automl-tabular-env/lib/python3.10/site-packages/pytorch_tabnet/callbacks.py:172: UserWarning: Best weights from best epoch are automatically used!
  warnings.warn(wrn_msg)
[I 2025-08-05 20:25:24,579] Trial 15 finished with value: 0.2919195671281354 and parameters: {'n_d': 55, 'n_a': 49, 'n_steps': 6, 'gamma': 1.4786838735846126, 'lambda_sparse': 2.1342223756612444e-05, 'lr': 0.0011738398941800467, 'weight_decay': 9.040351275575082e-05}. Best is trial 9 with value: 0.30473519515146097.
/work/dlclarge2/latifajr-dl_lab_project/autoML/automl-exam-ss25-tabular-freiburg-template/automl-tabular-env/lib/python3.10/site-packages/pytorch_tabnet/callbacks.py:172: UserWarning: Best weights from best epoch are automatically used!
  warnings.warn(wrn_msg)
[I 2025-08-05 20:25:55,019] Trial 16 finished with value: 0.18463058625293904 and parameters: {'n_d': 57, 'n_a': 48, 'n_steps': 6, 'gamma': 1.988043956251026, 'lambda_sparse': 1.0979226255852183e-05, 'lr': 0.0012024545996381201, 'weight_decay': 0.00010160608289412604}. Best is trial 9 with value: 0.30473519515146097.
/work/dlclarge2/latifajr-dl_lab_project/autoML/automl-exam-ss25-tabular-freiburg-template/automl-tabular-env/lib/python3.10/site-packages/pytorch_tabnet/callbacks.py:172: UserWarning: Best weights from best epoch are automatically used!
  warnings.warn(wrn_msg)
[I 2025-08-05 20:26:16,537] Trial 17 finished with value: 0.28936591924160626 and parameters: {'n_d': 41, 'n_a': 51, 'n_steps': 3, 'gamma': 1.652295128946807, 'lambda_sparse': 3.0407181730422742e-05, 'lr': 0.0008751715017682679, 'weight_decay': 8.449553873857659e-05}. Best is trial 9 with value: 0.30473519515146097.
/work/dlclarge2/latifajr-dl_lab_project/autoML/automl-exam-ss25-tabular-freiburg-template/automl-tabular-env/lib/python3.10/site-packages/pytorch_tabnet/callbacks.py:172: UserWarning: Best weights from best epoch are automatically used!
  warnings.warn(wrn_msg)
[I 2025-08-05 20:26:46,804] Trial 18 finished with value: 0.29733411941129984 and parameters: {'n_d': 63, 'n_a': 64, 'n_steps': 6, 'gamma': 1.4942864466510986, 'lambda_sparse': 2.2027226494401286e-05, 'lr': 0.008569350446841081, 'weight_decay': 1.5398751404806734e-05}. Best is trial 9 with value: 0.30473519515146097.
/work/dlclarge2/latifajr-dl_lab_project/autoML/automl-exam-ss25-tabular-freiburg-template/automl-tabular-env/lib/python3.10/site-packages/pytorch_tabnet/callbacks.py:172: UserWarning: Best weights from best epoch are automatically used!
  warnings.warn(wrn_msg)
[I 2025-08-05 20:27:20,463] Trial 19 finished with value: 0.3197137307578978 and parameters: {'n_d': 24, 'n_a': 62, 'n_steps': 7, 'gamma': 1.04234489555503, 'lambda_sparse': 0.00011070953074426902, 'lr': 0.00845763130352116, 'weight_decay': 1.4852548086432475e-05}. Best is trial 19 with value: 0.3197137307578978.
/work/dlclarge2/latifajr-dl_lab_project/autoML/automl-exam-ss25-tabular-freiburg-template/automl-tabular-env/lib/python3.10/site-packages/pytorch_tabnet/callbacks.py:172: UserWarning: Best weights from best epoch are automatically used!
  warnings.warn(wrn_msg)
2025-08-05 20:28:08 [INFO] TabNet →      /work/dlclarge2/latifajr-dl_lab_project/autoML/automl-exam-ss25-tabular-freiburg-template/modelsFinal-wine_quality_rona/tabnet (mean R²=0.3615)
2025-08-05 20:28:08 [INFO] Ensemble weights: TabPFN=0.331, Tree=0.355, TabNet=0.315
2025-08-05 20:28:08 [INFO] Loading individual models into memory...
/work/dlclarge2/latifajr-dl_lab_project/autoML/automl-exam-ss25-tabular-freiburg-template/automl-tabular-env/lib/python3.10/site-packages/pytorch_tabnet/abstract_model.py:82: UserWarning: Device used : cuda
  warnings.warn(f"Device used : {self.device}")
2025-08-05 20:28:12 [INFO] Saved weighted ensemble to /work/dlclarge2/latifajr-dl_lab_project/autoML/automl-exam-ss25-tabular-freiburg-template/modelsFinal-wine_quality_rona/final_model.pkl
