[I 2025-08-04 21:05:06,090] Trial 15 finished with value: -0.9351471980652359 and parameters: {'learning_rate': 0.060751287795671585, 'depth': 8, 'l2_leaf_reg': 4.749014046494259, 'border_count': 184}. Best is trial 5 with value: -0.9365145554317158.
[I 2025-08-04 21:05:13,063] Trial 16 finished with value: -0.9321124804311587 and parameters: {'learning_rate': 0.27336146200089706, 'depth': 7, 'l2_leaf_reg': 2.2380336194640185, 'border_count': 143}. Best is trial 5 with value: -0.9365145554317158.
[I 2025-08-04 21:05:26,643] Trial 17 finished with value: -0.9374771027139299 and parameters: {'learning_rate': 0.0915438724927121, 'depth': 6, 'l2_leaf_reg': 3.832739990621571, 'border_count': 200}. Best is trial 17 with value: -0.9374771027139299.
[I 2025-08-04 21:05:40,704] Trial 18 finished with value: -0.9355734703289957 and parameters: {'learning_rate': 0.047014244451715134, 'depth': 6, 'l2_leaf_reg': 5.63515072985838, 'border_count': 205}. Best is trial 17 with value: -0.9374771027139299.
[I 2025-08-04 21:05:51,871] Trial 19 finished with value: -0.9359257860531285 and parameters: {'learning_rate': 0.16125116153170904, 'depth': 5, 'l2_leaf_reg': 8.6162576900609, 'border_count': 255}. Best is trial 17 with value: -0.9374771027139299.
[I 2025-08-04 21:06:00,072] Trial 20 finished with value: -0.9353142594111364 and parameters: {'learning_rate': 0.07836573102205684, 'depth': 4, 'l2_leaf_reg': 1.9907971308601173, 'border_count': 122}. Best is trial 17 with value: -0.9374771027139299.
[I 2025-08-04 21:06:14,113] Trial 21 finished with value: -0.9364482555656701 and parameters: {'learning_rate': 0.109967101149632, 'depth': 7, 'l2_leaf_reg': 4.054082405180091, 'border_count': 166}. Best is trial 17 with value: -0.9374771027139299.
[I 2025-08-04 21:06:37,288] Trial 22 finished with value: -0.9332923626313315 and parameters: {'learning_rate': 0.09328779505866444, 'depth': 8, 'l2_leaf_reg': 3.542037553987999, 'border_count': 152}. Best is trial 17 with value: -0.9374771027139299.
[I 2025-08-04 21:06:51,047] Trial 23 finished with value: -0.9358429232404554 and parameters: {'learning_rate': 0.06144679710343858, 'depth': 6, 'l2_leaf_reg': 4.885872381242277, 'border_count': 196}. Best is trial 17 with value: -0.9374771027139299.
[I 2025-08-04 21:07:00,358] Trial 24 finished with value: -0.9358109896654732 and parameters: {'learning_rate': 0.21369384509507866, 'depth': 5, 'l2_leaf_reg': 3.9518678932161593, 'border_count': 230}. Best is trial 17 with value: -0.9374771027139299.
[I 2025-08-04 21:07:14,622] Trial 25 finished with value: -0.9357095629812122 and parameters: {'learning_rate': 0.12677934973470115, 'depth': 7, 'l2_leaf_reg': 3.0261976859857613, 'border_count': 163}. Best is trial 17 with value: -0.9374771027139299.
[I 2025-08-04 21:07:51,994] Trial 26 finished with value: -0.9308869262277625 and parameters: {'learning_rate': 0.03802826804245624, 'depth': 9, 'l2_leaf_reg': 6.037458362364329, 'border_count': 127}. Best is trial 17 with value: -0.9374771027139299.
[I 2025-08-04 21:08:02,501] Trial 27 finished with value: -0.9372137312433283 and parameters: {'learning_rate': 0.12916904034041643, 'depth': 6, 'l2_leaf_reg': 5.118620137003777, 'border_count': 164}. Best is trial 17 with value: -0.9374771027139299.
[I 2025-08-04 21:08:11,305] Trial 28 finished with value: -0.9358715808888223 and parameters: {'learning_rate': 0.19558986295656192, 'depth': 5, 'l2_leaf_reg': 5.198122627535891, 'border_count': 194}. Best is trial 17 with value: -0.9374771027139299.
[I 2025-08-04 21:08:20,505] Trial 29 finished with value: -0.9364993115127944 and parameters: {'learning_rate': 0.1362255002105408, 'depth': 6, 'l2_leaf_reg': 6.875962023752984, 'border_count': 83}. Best is trial 17 with value: -0.9374771027139299.
[I 2025-08-04 21:08:28,619] Trial 30 finished with value: -0.9285458901541928 and parameters: {'learning_rate': 0.08883073853701694, 'depth': 4, 'l2_leaf_reg': 8.014853820805108, 'border_count': 47}. Best is trial 17 with value: -0.9374771027139299.
[I 2025-08-04 21:08:39,198] Trial 31 finished with value: -0.9363759909005838 and parameters: {'learning_rate': 0.13187299017899828, 'depth': 6, 'l2_leaf_reg': 6.894362458310247, 'border_count': 77}. Best is trial 17 with value: -0.9374771027139299.
[I 2025-08-04 21:08:50,754] Trial 32 finished with value: -0.9367975349818589 and parameters: {'learning_rate': 0.06453158160268196, 'depth': 6, 'l2_leaf_reg': 6.3527257006836635, 'border_count': 95}. Best is trial 17 with value: -0.9374771027139299.
[I 2025-08-04 21:09:00,725] Trial 33 finished with value: -0.9353450069993958 and parameters: {'learning_rate': 0.06621419026185009, 'depth': 5, 'l2_leaf_reg': 5.4746386793722674, 'border_count': 110}. Best is trial 17 with value: -0.9374771027139299.
[I 2025-08-04 21:09:10,201] Trial 34 finished with value: -0.9294396996312164 and parameters: {'learning_rate': 0.048966646584564295, 'depth': 5, 'l2_leaf_reg': 6.095917066962305, 'border_count': 57}. Best is trial 17 with value: -0.9374771027139299.
[I 2025-08-04 21:09:24,561] Trial 35 finished with value: -0.9329564383496152 and parameters: {'learning_rate': 0.03376615172791702, 'depth': 6, 'l2_leaf_reg': 4.554413040788706, 'border_count': 221}. Best is trial 17 with value: -0.9374771027139299.
[I 2025-08-04 21:10:11,119] Trial 36 finished with value: -0.9297694368374476 and parameters: {'learning_rate': 0.08253868439719643, 'depth': 9, 'l2_leaf_reg': 1.1562256315519184, 'border_count': 239}. Best is trial 17 with value: -0.9374771027139299.
[I 2025-08-04 21:10:21,037] Trial 37 finished with value: -0.9254705387441232 and parameters: {'learning_rate': 0.018987111356915002, 'depth': 5, 'l2_leaf_reg': 2.458616765262823, 'border_count': 96}. Best is trial 17 with value: -0.9374771027139299.
[I 2025-08-04 21:10:37,049] Trial 38 finished with value: -0.935860691513209 and parameters: {'learning_rate': 0.06966252906631139, 'depth': 7, 'l2_leaf_reg': 5.250599681157814, 'border_count': 139}. Best is trial 17 with value: -0.9374771027139299.
[I 2025-08-04 21:10:46,178] Trial 39 finished with value: -0.9316680478599363 and parameters: {'learning_rate': 0.05635289077502356, 'depth': 4, 'l2_leaf_reg': 7.72378839469825, 'border_count': 160}. Best is trial 17 with value: -0.9374771027139299.
[I 2025-08-04 21:10:58,231] Trial 40 finished with value: -0.9339873026150188 and parameters: {'learning_rate': 0.040944463869511595, 'depth': 6, 'l2_leaf_reg': 6.499373893735429, 'border_count': 111}. Best is trial 17 with value: -0.9374771027139299.
[I 2025-08-04 21:11:08,490] Trial 41 finished with value: -0.9361544325721063 and parameters: {'learning_rate': 0.1440567328992123, 'depth': 6, 'l2_leaf_reg': 7.45639208925827, 'border_count': 83}. Best is trial 17 with value: -0.9374771027139299.
[I 2025-08-04 21:11:17,914] Trial 42 finished with value: -0.9371839523820839 and parameters: {'learning_rate': 0.09800023743214056, 'depth': 5, 'l2_leaf_reg': 6.417211444137877, 'border_count': 88}. Best is trial 17 with value: -0.9374771027139299.
[I 2025-08-04 21:11:25,827] Trial 43 finished with value: -0.9358144541134503 and parameters: {'learning_rate': 0.10934611412776463, 'depth': 4, 'l2_leaf_reg': 6.315189966474568, 'border_count': 63}. Best is trial 17 with value: -0.9374771027139299.
[I 2025-08-04 21:11:35,555] Trial 44 finished with value: -0.9355448957323608 and parameters: {'learning_rate': 0.07253843117392765, 'depth': 5, 'l2_leaf_reg': 3.1686430514089157, 'border_count': 102}. Best is trial 17 with value: -0.9374771027139299.
[I 2025-08-04 21:11:44,702] Trial 45 finished with value: -0.9369659265889598 and parameters: {'learning_rate': 0.09667921669157944, 'depth': 5, 'l2_leaf_reg': 1.7459259593369594, 'border_count': 118}. Best is trial 17 with value: -0.9374771027139299.
[I 2025-08-04 21:14:39,623] Trial 46 finished with value: -0.903206236228056 and parameters: {'learning_rate': 0.18967695742290386, 'depth': 12, 'l2_leaf_reg': 1.5190183876867593, 'border_count': 137}. Best is trial 17 with value: -0.9374771027139299.
[I 2025-08-04 21:14:49,649] Trial 47 finished with value: -0.9370191003322359 and parameters: {'learning_rate': 0.10166221210016765, 'depth': 5, 'l2_leaf_reg': 1.9818858547123277, 'border_count': 122}. Best is trial 17 with value: -0.9374771027139299.
[I 2025-08-04 21:15:00,274] Trial 48 finished with value: -0.9365649079764854 and parameters: {'learning_rate': 0.1012074321165179, 'depth': 5, 'l2_leaf_reg': 1.7849682280588377, 'border_count': 154}. Best is trial 17 with value: -0.9374771027139299.
[I 2025-08-04 21:15:09,155] Trial 49 finished with value: -0.9361781405743634 and parameters: {'learning_rate': 0.11566778049698365, 'depth': 4, 'l2_leaf_reg': 2.7370659161779054, 'border_count': 120}. Best is trial 17 with value: -0.9374771027139299.
[I 2025-08-04 21:15:17,759] Trial 50 finished with value: -0.9353272872544652 and parameters: {'learning_rate': 0.16158664119378693, 'depth': 5, 'l2_leaf_reg': 1.5452246354038786, 'border_count': 171}. Best is trial 17 with value: -0.9374771027139299.
[I 2025-08-04 21:15:29,147] Trial 51 finished with value: -0.9368646184194931 and parameters: {'learning_rate': 0.09215863045276913, 'depth': 7, 'l2_leaf_reg': 2.1113095328685745, 'border_count': 90}. Best is trial 17 with value: -0.9374771027139299.
[I 2025-08-04 21:15:41,122] Trial 52 finished with value: -0.935340996256756 and parameters: {'learning_rate': 0.08946506862168087, 'depth': 7, 'l2_leaf_reg': 2.2803809336388876, 'border_count': 85}. Best is trial 17 with value: -0.9374771027139299.
[I 2025-08-04 21:15:50,936] Trial 53 finished with value: -0.9325949411664846 and parameters: {'learning_rate': 0.11852017421861728, 'depth': 7, 'l2_leaf_reg': 1.896465591407923, 'border_count': 104}. Best is trial 17 with value: -0.9374771027139299.
[I 2025-08-04 21:15:57,978] Trial 54 finished with value: -0.935141247631839 and parameters: {'learning_rate': 0.2307913559266204, 'depth': 5, 'l2_leaf_reg': 1.0931359507218659, 'border_count': 129}. Best is trial 17 with value: -0.9374771027139299.
[I 2025-08-04 21:16:08,499] Trial 55 finished with value: -0.9358504400623211 and parameters: {'learning_rate': 0.10134480078791538, 'depth': 6, 'l2_leaf_reg': 2.8867780032131156, 'border_count': 69}. Best is trial 17 with value: -0.9374771027139299.
[I 2025-08-04 21:16:20,593] Trial 56 finished with value: -0.9322066645882717 and parameters: {'learning_rate': 0.14827206352539699, 'depth': 8, 'l2_leaf_reg': 1.4271902819118065, 'border_count': 92}. Best is trial 17 with value: -0.9374771027139299.
[I 2025-08-04 21:18:15,705] Trial 57 finished with value: -0.919568985398654 and parameters: {'learning_rate': 0.07972397043946676, 'depth': 11, 'l2_leaf_reg': 2.247703716179584, 'border_count': 136}. Best is trial 17 with value: -0.9374771027139299.
[I 2025-08-04 21:18:25,460] Trial 58 finished with value: -0.9354165186477525 and parameters: {'learning_rate': 0.1797187278796497, 'depth': 6, 'l2_leaf_reg': 3.7801007345119193, 'border_count': 120}. Best is trial 17 with value: -0.9374771027139299.
[I 2025-08-04 21:18:42,927] Trial 59 finished with value: -0.9361491732579662 and parameters: {'learning_rate': 0.0847555321247918, 'depth': 7, 'l2_leaf_reg': 4.507191484098444, 'border_count': 197}. Best is trial 17 with value: -0.9374771027139299.
[I 2025-08-04 21:19:06,839] Trial 60 finished with value: -0.9215955026445389 and parameters: {'learning_rate': 0.010827949621077951, 'depth': 8, 'l2_leaf_reg': 3.360327047085481, 'border_count': 151}. Best is trial 17 with value: -0.9374771027139299.
[I 2025-08-04 21:19:18,379] Trial 61 finished with value: -0.9360711265539019 and parameters: {'learning_rate': 0.06215039240870436, 'depth': 6, 'l2_leaf_reg': 6.6224905933016505, 'border_count': 91}. Best is trial 17 with value: -0.9374771027139299.
[I 2025-08-04 21:19:28,430] Trial 62 finished with value: -0.9344996717391695 and parameters: {'learning_rate': 0.0520796668444507, 'depth': 5, 'l2_leaf_reg': 5.863009580222566, 'border_count': 104}. Best is trial 17 with value: -0.9374771027139299.
[I 2025-08-04 21:19:39,400] Trial 63 finished with value: -0.9377070114056277 and parameters: {'learning_rate': 0.1009413537444838, 'depth': 6, 'l2_leaf_reg': 2.5030631045192715, 'border_count': 114}. Best is trial 63 with value: -0.9377070114056277.
[I 2025-08-04 21:19:51,795] Trial 64 finished with value: -0.9372427854642336 and parameters: {'learning_rate': 0.09587108983228439, 'depth': 7, 'l2_leaf_reg': 2.581920952450144, 'border_count': 117}. Best is trial 63 with value: -0.9377070114056277.
[I 2025-08-04 21:20:01,093] Trial 65 finished with value: -0.9361167108017601 and parameters: {'learning_rate': 0.10246272908455539, 'depth': 5, 'l2_leaf_reg': 2.730260568640568, 'border_count': 116}. Best is trial 63 with value: -0.9377070114056277.
[I 2025-08-04 21:20:11,812] Trial 66 finished with value: -0.9366209737219583 and parameters: {'learning_rate': 0.12254167347931458, 'depth': 6, 'l2_leaf_reg': 2.4686400725246402, 'border_count': 127}. Best is trial 63 with value: -0.9377070114056277.
[I 2025-08-04 21:20:20,256] Trial 67 finished with value: -0.9341801283652922 and parameters: {'learning_rate': 0.14972588342566656, 'depth': 4, 'l2_leaf_reg': 4.296056753916439, 'border_count': 146}. Best is trial 63 with value: -0.9377070114056277.
[I 2025-08-04 21:20:33,290] Trial 68 finished with value: -0.937947336864943 and parameters: {'learning_rate': 0.07611298109631905, 'depth': 6, 'l2_leaf_reg': 1.710189306040677, 'border_count': 185}. Best is trial 68 with value: -0.937947336864943.
[I 2025-08-04 21:20:52,442] Trial 69 finished with value: -0.9369921405870816 and parameters: {'learning_rate': 0.07141172643615191, 'depth': 7, 'l2_leaf_reg': 3.100650462660868, 'border_count': 211}. Best is trial 68 with value: -0.937947336864943.
[I 2025-08-04 21:21:06,215] Trial 70 finished with value: -0.9364003211100312 and parameters: {'learning_rate': 0.07770049740387357, 'depth': 6, 'l2_leaf_reg': 9.987768393033573, 'border_count': 189}. Best is trial 68 with value: -0.937947336864943.
[I 2025-08-04 21:21:24,097] Trial 71 finished with value: -0.9359335993516369 and parameters: {'learning_rate': 0.07217787316460034, 'depth': 7, 'l2_leaf_reg': 3.224736016026589, 'border_count': 210}. Best is trial 68 with value: -0.937947336864943.
[I 2025-08-04 21:21:39,741] Trial 72 finished with value: -0.9372231671546553 and parameters: {'learning_rate': 0.10673593954272746, 'depth': 7, 'l2_leaf_reg': 2.4951046072807306, 'border_count': 203}. Best is trial 68 with value: -0.937947336864943.
[I 2025-08-04 21:22:00,765] Trial 73 finished with value: -0.9340580423007268 and parameters: {'learning_rate': 0.1101179102721322, 'depth': 8, 'l2_leaf_reg': 2.5184877937347703, 'border_count': 175}. Best is trial 68 with value: -0.937947336864943.
[I 2025-08-04 21:22:12,677] Trial 74 finished with value: -0.9379526600008538 and parameters: {'learning_rate': 0.13267505990345801, 'depth': 6, 'l2_leaf_reg': 3.587085733385045, 'border_count': 182}. Best is trial 74 with value: -0.9379526600008538.
[I 2025-08-04 21:22:26,385] Trial 75 finished with value: -0.9383275872858118 and parameters: {'learning_rate': 0.13405024307488314, 'depth': 6, 'l2_leaf_reg': 3.501243568790243, 'border_count': 182}. Best is trial 75 with value: -0.9383275872858118.
[I 2025-08-04 21:22:38,909] Trial 76 finished with value: -0.9360421863906925 and parameters: {'learning_rate': 0.12763298627571826, 'depth': 6, 'l2_leaf_reg': 3.4834754880237098, 'border_count': 201}. Best is trial 75 with value: -0.9383275872858118.
[I 2025-08-04 21:22:52,679] Trial 77 finished with value: -0.9358169030733048 and parameters: {'learning_rate': 0.13890448585230983, 'depth': 7, 'l2_leaf_reg': 3.82931145593156, 'border_count': 184}. Best is trial 75 with value: -0.9383275872858118.
[I 2025-08-04 21:23:04,943] Trial 78 finished with value: -0.9377535443715438 and parameters: {'learning_rate': 0.12081425545004018, 'depth': 6, 'l2_leaf_reg': 2.9596209894448946, 'border_count': 180}. Best is trial 75 with value: -0.9383275872858118.
[I 2025-08-04 21:23:19,185] Trial 79 finished with value: -0.9340231013398086 and parameters: {'learning_rate': 0.17159313870721787, 'depth': 7, 'l2_leaf_reg': 2.90842402854053, 'border_count': 221}. Best is trial 75 with value: -0.9383275872858118.
[I 2025-08-04 21:23:31,156] Trial 80 finished with value: -0.9356355259640299 and parameters: {'learning_rate': 0.08720868836352504, 'depth': 6, 'l2_leaf_reg': 4.0334316951307105, 'border_count': 190}. Best is trial 75 with value: -0.9383275872858118.
[I 2025-08-04 21:23:42,734] Trial 81 finished with value: -0.9369651474393063 and parameters: {'learning_rate': 0.12194192565973552, 'depth': 6, 'l2_leaf_reg': 4.248840981065879, 'border_count': 181}. Best is trial 75 with value: -0.9383275872858118.
[I 2025-08-04 21:23:52,351] Trial 82 finished with value: -0.9362470842228771 and parameters: {'learning_rate': 0.15488588099455589, 'depth': 6, 'l2_leaf_reg': 3.6619764793801166, 'border_count': 172}. Best is trial 75 with value: -0.9383275872858118.
[I 2025-08-04 21:24:03,142] Trial 83 finished with value: -0.9356884679800673 and parameters: {'learning_rate': 0.13433857363364446, 'depth': 6, 'l2_leaf_reg': 3.4008261042226238, 'border_count': 167}. Best is trial 75 with value: -0.9383275872858118.
[I 2025-08-04 21:24:16,339] Trial 84 finished with value: -0.9299877201379312 and parameters: {'learning_rate': 0.20360996213698632, 'depth': 8, 'l2_leaf_reg': 2.6862952488841056, 'border_count': 159}. Best is trial 75 with value: -0.9383275872858118.
[I 2025-08-04 21:24:29,448] Trial 85 finished with value: -0.9360731778781188 and parameters: {'learning_rate': 0.11065043860702711, 'depth': 6, 'l2_leaf_reg': 5.0533684168208755, 'border_count': 205}. Best is trial 75 with value: -0.9383275872858118.
[I 2025-08-04 21:24:46,244] Trial 86 finished with value: -0.9363144765015367 and parameters: {'learning_rate': 0.10998568386714708, 'depth': 7, 'l2_leaf_reg': 3.03659569714679, 'border_count': 190}. Best is trial 75 with value: -0.9383275872858118.
[I 2025-08-04 21:24:58,152] Trial 87 finished with value: -0.9369585335371251 and parameters: {'learning_rate': 0.13898762891217878, 'depth': 6, 'l2_leaf_reg': 4.658798592393078, 'border_count': 179}. Best is trial 75 with value: -0.9383275872858118.
[I 2025-08-04 21:25:17,025] Trial 88 finished with value: -0.9368364533520632 and parameters: {'learning_rate': 0.05791571796222382, 'depth': 7, 'l2_leaf_reg': 2.2216602690381437, 'border_count': 205}. Best is trial 75 with value: -0.9383275872858118.
[I 2025-08-04 21:25:30,625] Trial 89 finished with value: -0.928558633364795 and parameters: {'learning_rate': 0.020437946530117313, 'depth': 6, 'l2_leaf_reg': 3.644724700500868, 'border_count': 187}. Best is trial 75 with value: -0.9383275872858118.
[I 2025-08-04 21:25:46,527] Trial 90 finished with value: -0.9370870416940598 and parameters: {'learning_rate': 0.09365936437954728, 'depth': 7, 'l2_leaf_reg': 1.3977351618352645, 'border_count': 196}. Best is trial 75 with value: -0.9383275872858118.
[I 2025-08-04 21:26:00,179] Trial 91 finished with value: -0.9358554247306096 and parameters: {'learning_rate': 0.08369344886381452, 'depth': 6, 'l2_leaf_reg': 5.575269820537514, 'border_count': 217}. Best is trial 75 with value: -0.9383275872858118.
[I 2025-08-04 21:26:10,477] Trial 92 finished with value: -0.9367021231361005 and parameters: {'learning_rate': 0.12079909033643824, 'depth': 5, 'l2_leaf_reg': 2.911613508919771, 'border_count': 168}. Best is trial 75 with value: -0.9383275872858118.
[I 2025-08-04 21:26:21,968] Trial 93 finished with value: -0.9366010754503016 and parameters: {'learning_rate': 0.10330731457968138, 'depth': 6, 'l2_leaf_reg': 2.4421393683404866, 'border_count': 174}. Best is trial 75 with value: -0.9383275872858118.
[I 2025-08-04 21:26:33,611] Trial 94 finished with value: -0.9366685960999337 and parameters: {'learning_rate': 0.1290448792777616, 'depth': 6, 'l2_leaf_reg': 2.0548105890681008, 'border_count': 158}. Best is trial 75 with value: -0.9383275872858118.
[I 2025-08-04 21:26:44,089] Trial 95 finished with value: -0.936792918615129 and parameters: {'learning_rate': 0.09127252391992034, 'depth': 5, 'l2_leaf_reg': 1.7825083215974706, 'border_count': 200}. Best is trial 75 with value: -0.9383275872858118.
[I 2025-08-04 21:27:28,539] Trial 96 finished with value: -0.9308361409307431 and parameters: {'learning_rate': 0.09690622995692617, 'depth': 9, 'l2_leaf_reg': 3.2088254064283506, 'border_count': 230}. Best is trial 75 with value: -0.9383275872858118.
[I 2025-08-04 21:27:39,682] Trial 97 finished with value: -0.9358877567235016 and parameters: {'learning_rate': 0.16895406688977924, 'depth': 6, 'l2_leaf_reg': 7.210187932303568, 'border_count': 181}. Best is trial 75 with value: -0.9383275872858118.
[I 2025-08-04 21:27:57,329] Trial 98 finished with value: -0.9372688732326184 and parameters: {'learning_rate': 0.1139816422058178, 'depth': 7, 'l2_leaf_reg': 2.6253440750915544, 'border_count': 194}. Best is trial 75 with value: -0.9383275872858118.
[I 2025-08-04 21:28:19,271] Trial 99 finished with value: -0.9345997515970643 and parameters: {'learning_rate': 0.11625262725295282, 'depth': 8, 'l2_leaf_reg': 2.5946348020362184, 'border_count': 193}. Best is trial 75 with value: -0.9383275872858118.
[I 2025-08-04 21:28:31,502] Trial 100 finished with value: -0.9343289778206941 and parameters: {'learning_rate': 0.1526389011073617, 'depth': 7, 'l2_leaf_reg': 1.6331487098147286, 'border_count': 201}. Best is trial 75 with value: -0.9383275872858118.
[I 2025-08-04 21:28:42,992] Trial 101 finished with value: -0.936749136068943 and parameters: {'learning_rate': 0.10523515373751614, 'depth': 6, 'l2_leaf_reg': 2.3815474949093107, 'border_count': 185}. Best is trial 75 with value: -0.9383275872858118.
