[I 2025-08-02 05:11:47,102] Trial 103 finished with value: -0.937737935524672 and parameters: {'learning_rate': 0.06381686531246204, 'depth': 5, 'l2_leaf_reg': 1.1801198545825518, 'border_count': 142}. Best is trial 101 with value: -0.9395739314090116.
[I 2025-08-02 05:12:03,687] Trial 104 finished with value: -0.9381881017499988 and parameters: {'learning_rate': 0.13869752119464465, 'depth': 6, 'l2_leaf_reg': 1.7128211291869695, 'border_count': 126}. Best is trial 101 with value: -0.9395739314090116.
[I 2025-08-02 05:12:22,704] Trial 105 finished with value: -0.9373424676657842 and parameters: {'learning_rate': 0.05556006624108182, 'depth': 6, 'l2_leaf_reg': 1.9907660553302156, 'border_count': 130}. Best is trial 101 with value: -0.9395739314090116.
[I 2025-08-02 05:12:37,399] Trial 106 finished with value: -0.9374817957693171 and parameters: {'learning_rate': 0.09989029111583046, 'depth': 5, 'l2_leaf_reg': 1.478186102493966, 'border_count': 134}. Best is trial 101 with value: -0.9395739314090116.
[I 2025-08-02 05:12:57,016] Trial 107 finished with value: -0.9385385574380231 and parameters: {'learning_rate': 0.0701426109016537, 'depth': 6, 'l2_leaf_reg': 2.4156541831158087, 'border_count': 148}. Best is trial 101 with value: -0.9395739314090116.
[I 2025-08-02 05:13:11,782] Trial 108 finished with value: -0.9366929749537832 and parameters: {'learning_rate': 0.059202090186490336, 'depth': 5, 'l2_leaf_reg': 2.531874576001003, 'border_count': 99}. Best is trial 101 with value: -0.9395739314090116.
[I 2025-08-02 05:13:34,915] Trial 109 finished with value: -0.9375424098353017 and parameters: {'learning_rate': 0.06995416768672016, 'depth': 7, 'l2_leaf_reg': 1.297111700992017, 'border_count': 120}. Best is trial 101 with value: -0.9395739314090116.
[I 2025-08-02 05:13:53,105] Trial 110 finished with value: -0.9393289458918225 and parameters: {'learning_rate': 0.07826603213494392, 'depth': 6, 'l2_leaf_reg': 1.580708660225205, 'border_count': 158}. Best is trial 101 with value: -0.9395739314090116.
[I 2025-08-02 05:14:12,164] Trial 111 finished with value: -0.9381561009324961 and parameters: {'learning_rate': 0.0821458163066234, 'depth': 6, 'l2_leaf_reg': 2.788062300246809, 'border_count': 159}. Best is trial 101 with value: -0.9395739314090116.
[I 2025-08-02 05:14:31,304] Trial 112 finished with value: -0.9388032040373182 and parameters: {'learning_rate': 0.07431614829438807, 'depth': 6, 'l2_leaf_reg': 2.373142423688021, 'border_count': 165}. Best is trial 101 with value: -0.9395739314090116.
[I 2025-08-02 05:14:51,635] Trial 113 finished with value: -0.938313452977727 and parameters: {'learning_rate': 0.07287742322911701, 'depth': 6, 'l2_leaf_reg': 2.3183725485266495, 'border_count': 181}. Best is trial 101 with value: -0.9395739314090116.
[I 2025-08-02 05:15:18,368] Trial 114 finished with value: -0.938509278658623 and parameters: {'learning_rate': 0.06771240863718765, 'depth': 7, 'l2_leaf_reg': 2.4200355210980256, 'border_count': 173}. Best is trial 101 with value: -0.9395739314090116.
[I 2025-08-02 05:15:43,307] Trial 115 finished with value: -0.935986259301196 and parameters: {'learning_rate': 0.04641499816650391, 'depth': 7, 'l2_leaf_reg': 3.3736844745047714, 'border_count': 146}. Best is trial 101 with value: -0.9395739314090116.
[I 2025-08-02 05:16:09,473] Trial 116 finished with value: -0.9377727716833046 and parameters: {'learning_rate': 0.06545081007570201, 'depth': 7, 'l2_leaf_reg': 1.9492518223478212, 'border_count': 168}. Best is trial 101 with value: -0.9395739314090116.
[I 2025-08-02 05:16:29,554] Trial 117 finished with value: -0.9392043942431076 and parameters: {'learning_rate': 0.07840193999366471, 'depth': 6, 'l2_leaf_reg': 2.385149586624652, 'border_count': 171}. Best is trial 101 with value: -0.9395739314090116.
[I 2025-08-02 05:16:49,277] Trial 118 finished with value: -0.9381303066305839 and parameters: {'learning_rate': 0.07746807419228315, 'depth': 6, 'l2_leaf_reg': 1.760802214053606, 'border_count': 165}. Best is trial 101 with value: -0.9395739314090116.
[I 2025-08-02 05:17:04,663] Trial 119 finished with value: -0.938589641030657 and parameters: {'learning_rate': 0.08875145546022674, 'depth': 5, 'l2_leaf_reg': 2.0961222091782017, 'border_count': 156}. Best is trial 101 with value: -0.9395739314090116.
[I 2025-08-02 05:17:18,995] Trial 120 finished with value: -0.9375009427511808 and parameters: {'learning_rate': 0.08890812051482197, 'depth': 5, 'l2_leaf_reg': 2.0209678398702176, 'border_count': 81}. Best is trial 101 with value: -0.9395739314090116.
[I 2025-08-02 05:17:35,056] Trial 121 finished with value: -0.937531624257623 and parameters: {'learning_rate': 0.07655995288716333, 'depth': 5, 'l2_leaf_reg': 2.3876379239620493, 'border_count': 163}. Best is trial 101 with value: -0.9395739314090116.
[I 2025-08-02 05:17:54,547] Trial 122 finished with value: -0.9395342460632488 and parameters: {'learning_rate': 0.08621335070624937, 'depth': 6, 'l2_leaf_reg': 1.562291852344845, 'border_count': 158}. Best is trial 101 with value: -0.9395739314090116.
[I 2025-08-02 05:18:13,699] Trial 123 finished with value: -0.9385834661004041 and parameters: {'learning_rate': 0.08873983301704852, 'depth': 6, 'l2_leaf_reg': 1.567756180141096, 'border_count': 156}. Best is trial 101 with value: -0.9395739314090116.
[I 2025-08-02 05:18:33,077] Trial 124 finished with value: -0.9379118620948579 and parameters: {'learning_rate': 0.08847970840822726, 'depth': 6, 'l2_leaf_reg': 1.543037383377597, 'border_count': 177}. Best is trial 101 with value: -0.9395739314090116.
[I 2025-08-02 05:18:49,177] Trial 125 finished with value: -0.9372476503143942 and parameters: {'learning_rate': 0.09247689066404262, 'depth': 5, 'l2_leaf_reg': 1.6457415139001341, 'border_count': 171}. Best is trial 101 with value: -0.9395739314090116.
[I 2025-08-02 05:19:08,830] Trial 126 finished with value: -0.9394879960943145 and parameters: {'learning_rate': 0.082215479575997, 'depth': 6, 'l2_leaf_reg': 1.8372302204662354, 'border_count': 156}. Best is trial 101 with value: -0.9395739314090116.
[I 2025-08-02 05:19:22,120] Trial 127 finished with value: -0.9362505063377926 and parameters: {'learning_rate': 0.08490982963354224, 'depth': 4, 'l2_leaf_reg': 2.1217022569032196, 'border_count': 142}. Best is trial 101 with value: -0.9395739314090116.
[I 2025-08-02 05:19:37,878] Trial 128 finished with value: -0.9372118777393473 and parameters: {'learning_rate': 0.07981717831696489, 'depth': 5, 'l2_leaf_reg': 1.8320064054499088, 'border_count': 161}. Best is trial 101 with value: -0.9395739314090116.
[I 2025-08-02 05:19:57,561] Trial 129 finished with value: -0.9384716717400875 and parameters: {'learning_rate': 0.059929584252821605, 'depth': 6, 'l2_leaf_reg': 2.646181529220992, 'border_count': 153}. Best is trial 101 with value: -0.9395739314090116.
[I 2025-08-02 05:20:16,407] Trial 130 finished with value: -0.9389832502098195 and parameters: {'learning_rate': 0.0746117601399342, 'depth': 6, 'l2_leaf_reg': 1.3509175139624823, 'border_count': 135}. Best is trial 101 with value: -0.9395739314090116.
[I 2025-08-02 05:20:35,108] Trial 131 finished with value: -0.9385255032899783 and parameters: {'learning_rate': 0.07428956488803484, 'depth': 6, 'l2_leaf_reg': 1.3615637998121335, 'border_count': 141}. Best is trial 101 with value: -0.9395739314090116.
[I 2025-08-02 05:20:53,328] Trial 132 finished with value: -0.9375760201244314 and parameters: {'learning_rate': 0.05542697710291003, 'depth': 6, 'l2_leaf_reg': 1.2810541206365875, 'border_count': 134}. Best is trial 101 with value: -0.9395739314090116.
[I 2025-08-02 05:22:44,948] Trial 133 finished with value: -0.9272021725498395 and parameters: {'learning_rate': 0.08039597276899053, 'depth': 10, 'l2_leaf_reg': 2.13438034161771, 'border_count': 166}. Best is trial 101 with value: -0.9395739314090116.
[I 2025-08-02 05:23:03,189] Trial 134 finished with value: -0.9383436160842447 and parameters: {'learning_rate': 0.09526919675923609, 'depth': 6, 'l2_leaf_reg': 1.903900608515042, 'border_count': 148}. Best is trial 101 with value: -0.9395739314090116.
[I 2025-08-02 05:23:22,859] Trial 135 finished with value: -0.9318230491991673 and parameters: {'learning_rate': 0.020823990418646472, 'depth': 6, 'l2_leaf_reg': 1.4505228383772124, 'border_count': 157}. Best is trial 101 with value: -0.9395739314090116.
[I 2025-08-02 05:23:42,552] Trial 136 finished with value: -0.9388220429001823 and parameters: {'learning_rate': 0.06289353014492755, 'depth': 6, 'l2_leaf_reg': 1.76834541754356, 'border_count': 151}. Best is trial 101 with value: -0.9395739314090116.
[I 2025-08-02 05:24:01,328] Trial 137 finished with value: -0.9381718000848671 and parameters: {'learning_rate': 0.06491649691146871, 'depth': 6, 'l2_leaf_reg': 1.7217868250043948, 'border_count': 134}. Best is trial 101 with value: -0.9395739314090116.
[I 2025-08-02 05:24:19,204] Trial 138 finished with value: -0.9378292607729539 and parameters: {'learning_rate': 0.06850966116048844, 'depth': 6, 'l2_leaf_reg': 1.0075623948365975, 'border_count': 106}. Best is trial 101 with value: -0.9395739314090116.
[I 2025-08-02 05:24:38,415] Trial 139 finished with value: -0.9379047885608288 and parameters: {'learning_rate': 0.07390994009386959, 'depth': 6, 'l2_leaf_reg': 1.2163909781853226, 'border_count': 145}. Best is trial 101 with value: -0.9395739314090116.
[I 2025-08-02 05:24:53,518] Trial 140 finished with value: -0.934829208558679 and parameters: {'learning_rate': 0.08278762910030701, 'depth': 6, 'l2_leaf_reg': 1.4168190349728338, 'border_count': 55}. Best is trial 101 with value: -0.9395739314090116.
[I 2025-08-02 05:25:12,370] Trial 141 finished with value: -0.9389663008249528 and parameters: {'learning_rate': 0.07734361925788148, 'depth': 6, 'l2_leaf_reg': 1.8375809471474982, 'border_count': 155}. Best is trial 101 with value: -0.9395739314090116.
[I 2025-08-02 05:25:32,268] Trial 142 finished with value: -0.9389119468141982 and parameters: {'learning_rate': 0.06269405815091278, 'depth': 6, 'l2_leaf_reg': 1.6477681627984382, 'border_count': 163}. Best is trial 101 with value: -0.9395739314090116.
[I 2025-08-02 05:25:51,953] Trial 143 finished with value: -0.9381752662131018 and parameters: {'learning_rate': 0.061582891035573885, 'depth': 6, 'l2_leaf_reg': 1.6505614579398689, 'border_count': 151}. Best is trial 101 with value: -0.9395739314090116.
[I 2025-08-02 05:26:12,190] Trial 144 finished with value: -0.9386726632836953 and parameters: {'learning_rate': 0.05221139782318708, 'depth': 6, 'l2_leaf_reg': 1.8501781462815325, 'border_count': 170}. Best is trial 101 with value: -0.9395739314090116.
[I 2025-08-02 05:26:31,646] Trial 145 finished with value: -0.9384974994412301 and parameters: {'learning_rate': 0.05711086429482708, 'depth': 6, 'l2_leaf_reg': 1.256948704268874, 'border_count': 159}. Best is trial 101 with value: -0.9395739314090116.
[I 2025-08-02 05:26:51,646] Trial 146 finished with value: -0.9396440352360842 and parameters: {'learning_rate': 0.06865223367879426, 'depth': 6, 'l2_leaf_reg': 1.5094953482937852, 'border_count': 164}. Best is trial 146 with value: -0.9396440352360842.
[I 2025-08-02 05:27:11,770] Trial 147 finished with value: -0.9381468657085545 and parameters: {'learning_rate': 0.06699312907406534, 'depth': 6, 'l2_leaf_reg': 1.5621110432855339, 'border_count': 178}. Best is trial 146 with value: -0.9396440352360842.
[I 2025-08-02 05:27:31,757] Trial 148 finished with value: -0.9215148485301868 and parameters: {'learning_rate': 0.011059815337064169, 'depth': 6, 'l2_leaf_reg': 1.852245219928599, 'border_count': 165}. Best is trial 146 with value: -0.9396440352360842.
[I 2025-08-02 05:27:57,337] Trial 149 finished with value: -0.9377300841048041 and parameters: {'learning_rate': 0.07013077184848979, 'depth': 7, 'l2_leaf_reg': 2.2538382324609714, 'border_count': 162}. Best is trial 146 with value: -0.9396440352360842.
[I 2025-08-02 05:28:17,030] Trial 150 finished with value: -0.9386363809134877 and parameters: {'learning_rate': 0.06198114033603266, 'depth': 6, 'l2_leaf_reg': 1.4057656402007814, 'border_count': 172}. Best is trial 146 with value: -0.9396440352360842.
[I 2025-08-02 05:28:35,777] Trial 151 finished with value: -0.9373132073739753 and parameters: {'learning_rate': 0.07945123820240725, 'depth': 6, 'l2_leaf_reg': 1.1931610103224948, 'border_count': 153}. Best is trial 146 with value: -0.9396440352360842.
[I 2025-08-02 05:28:54,156] Trial 152 finished with value: -0.9397420395974728 and parameters: {'learning_rate': 0.10467879609939032, 'depth': 6, 'l2_leaf_reg': 1.6876771506202624, 'border_count': 150}. Best is trial 152 with value: -0.9397420395974728.
[I 2025-08-02 05:29:11,845] Trial 153 finished with value: -0.9392769974556526 and parameters: {'learning_rate': 0.1024005682984541, 'depth': 6, 'l2_leaf_reg': 2.013094986925124, 'border_count': 150}. Best is trial 152 with value: -0.9397420395974728.
[I 2025-08-02 05:29:31,144] Trial 154 finished with value: -0.9381608223910519 and parameters: {'learning_rate': 0.07303960255235509, 'depth': 6, 'l2_leaf_reg': 1.695976614637045, 'border_count': 149}. Best is trial 152 with value: -0.9397420395974728.
[I 2025-08-02 05:29:50,685] Trial 155 finished with value: -0.9383830255705766 and parameters: {'learning_rate': 0.08261008686598711, 'depth': 6, 'l2_leaf_reg': 2.0180148640330833, 'border_count': 160}. Best is trial 152 with value: -0.9397420395974728.
[I 2025-08-02 05:30:14,701] Trial 156 finished with value: -0.9373830768351118 and parameters: {'learning_rate': 0.0926631557676219, 'depth': 7, 'l2_leaf_reg': 1.8215829219318338, 'border_count': 144}. Best is trial 152 with value: -0.9397420395974728.
[I 2025-08-02 05:30:34,183] Trial 157 finished with value: -0.9383763466285918 and parameters: {'learning_rate': 0.07744378506775049, 'depth': 6, 'l2_leaf_reg': 2.200469710541846, 'border_count': 167}. Best is trial 152 with value: -0.9397420395974728.
[I 2025-08-02 05:30:53,818] Trial 158 finished with value: -0.9402104811575211 and parameters: {'learning_rate': 0.06264197859819605, 'depth': 6, 'l2_leaf_reg': 1.5588985328339513, 'border_count': 154}. Best is trial 158 with value: -0.9402104811575211.
[I 2025-08-02 05:31:13,307] Trial 159 finished with value: -0.9386609195025755 and parameters: {'learning_rate': 0.051026501484468946, 'depth': 6, 'l2_leaf_reg': 1.5589406159279067, 'border_count': 153}. Best is trial 158 with value: -0.9402104811575211.
[I 2025-08-02 05:31:32,442] Trial 160 finished with value: -0.9385045719898398 and parameters: {'learning_rate': 0.06179781073969435, 'depth': 6, 'l2_leaf_reg': 1.974139338043361, 'border_count': 138}. Best is trial 158 with value: -0.9402104811575211.
[I 2025-08-02 05:31:51,542] Trial 161 finished with value: -0.938770154210929 and parameters: {'learning_rate': 0.06701268288175923, 'depth': 6, 'l2_leaf_reg': 1.6907183510818902, 'border_count': 157}. Best is trial 158 with value: -0.9402104811575211.
[I 2025-08-02 05:32:11,002] Trial 162 finished with value: -0.9385163866074926 and parameters: {'learning_rate': 0.07210378322006288, 'depth': 6, 'l2_leaf_reg': 1.4704667949401395, 'border_count': 147}. Best is trial 158 with value: -0.9402104811575211.
[I 2025-08-02 05:32:29,101] Trial 163 finished with value: -0.938050141945713 and parameters: {'learning_rate': 0.10267991276138326, 'depth': 6, 'l2_leaf_reg': 2.000222771141341, 'border_count': 162}. Best is trial 158 with value: -0.9402104811575211.
[I 2025-08-02 05:32:47,633] Trial 164 finished with value: -0.9387914564455572 and parameters: {'learning_rate': 0.08452915510266153, 'depth': 6, 'l2_leaf_reg': 1.8105422103342395, 'border_count': 150}. Best is trial 158 with value: -0.9402104811575211.
[I 2025-08-02 05:33:08,312] Trial 165 finished with value: -0.9376577855408245 and parameters: {'learning_rate': 0.046793590755889077, 'depth': 6, 'l2_leaf_reg': 1.3462795502934777, 'border_count': 182}. Best is trial 158 with value: -0.9402104811575211.
[I 2025-08-02 05:33:31,900] Trial 166 finished with value: -0.9385511172736705 and parameters: {'learning_rate': 0.11564797680453603, 'depth': 7, 'l2_leaf_reg': 1.5811324262941653, 'border_count': 155}. Best is trial 158 with value: -0.9402104811575211.
[I 2025-08-02 05:33:52,081] Trial 167 finished with value: -0.9384747418848054 and parameters: {'learning_rate': 0.06508074761073722, 'depth': 6, 'l2_leaf_reg': 2.249101269889219, 'border_count': 168}. Best is trial 158 with value: -0.9402104811575211.
[I 2025-08-02 05:34:11,424] Trial 168 finished with value: -0.9388389242650924 and parameters: {'learning_rate': 0.07723929140043298, 'depth': 6, 'l2_leaf_reg': 2.5993894170255896, 'border_count': 142}. Best is trial 158 with value: -0.9402104811575211.
[I 2025-08-02 05:34:30,798] Trial 169 finished with value: -0.9386748421075561 and parameters: {'learning_rate': 0.05838706030156718, 'depth': 6, 'l2_leaf_reg': 2.8438751279472037, 'border_count': 140}. Best is trial 158 with value: -0.9402104811575211.
[I 2025-08-02 05:34:49,748] Trial 170 finished with value: -0.9376885263600651 and parameters: {'learning_rate': 0.09365759638954364, 'depth': 6, 'l2_leaf_reg': 1.7466728521339046, 'border_count': 145}. Best is trial 158 with value: -0.9402104811575211.
[I 2025-08-02 05:35:08,744] Trial 171 finished with value: -0.9389322717655058 and parameters: {'learning_rate': 0.07799825441608907, 'depth': 6, 'l2_leaf_reg': 2.5517449406919455, 'border_count': 159}. Best is trial 158 with value: -0.9402104811575211.
[I 2025-08-02 05:35:28,067] Trial 172 finished with value: -0.9392074558465409 and parameters: {'learning_rate': 0.07674440842396403, 'depth': 6, 'l2_leaf_reg': 2.5334893528970026, 'border_count': 151}. Best is trial 158 with value: -0.9402104811575211.
[I 2025-08-02 05:35:47,966] Trial 173 finished with value: -0.9381615281383013 and parameters: {'learning_rate': 0.07941142952327229, 'depth': 6, 'l2_leaf_reg': 2.5081397859748993, 'border_count': 159}. Best is trial 158 with value: -0.9402104811575211.
[I 2025-08-02 05:36:03,011] Trial 174 finished with value: -0.9322357331459449 and parameters: {'learning_rate': 0.08478697956370747, 'depth': 6, 'l2_leaf_reg': 3.015499909137719, 'border_count': 41}. Best is trial 158 with value: -0.9402104811575211.
[I 2025-08-02 05:36:22,607] Trial 175 finished with value: -0.939377354703383 and parameters: {'learning_rate': 0.07663220823362439, 'depth': 6, 'l2_leaf_reg': 2.529886260242051, 'border_count': 156}. Best is trial 158 with value: -0.9402104811575211.
[I 2025-08-02 05:36:47,987] Trial 176 finished with value: -0.9377798475775532 and parameters: {'learning_rate': 0.07162279393829203, 'depth': 7, 'l2_leaf_reg': 2.6821941900549584, 'border_count': 154}. Best is trial 158 with value: -0.9402104811575211.
[I 2025-08-02 05:37:04,126] Trial 177 finished with value: -0.9380498178866683 and parameters: {'learning_rate': 0.08607977459400361, 'depth': 5, 'l2_leaf_reg': 3.1674594933830695, 'border_count': 161}. Best is trial 158 with value: -0.9402104811575211.
[I 2025-08-02 05:37:24,109] Trial 178 finished with value: -0.9379593396461574 and parameters: {'learning_rate': 0.09485100461753027, 'depth': 6, 'l2_leaf_reg': 2.073659302384761, 'border_count': 172}. Best is trial 158 with value: -0.9402104811575211.
[I 2025-08-02 05:37:43,956] Trial 179 finished with value: -0.9386377014868362 and parameters: {'learning_rate': 0.06922334558518715, 'depth': 6, 'l2_leaf_reg': 1.3537313516896101, 'border_count': 156}. Best is trial 158 with value: -0.9402104811575211.
[I 2025-08-02 05:38:03,555] Trial 180 finished with value: -0.9378617969005895 and parameters: {'learning_rate': 0.08799480056681987, 'depth': 6, 'l2_leaf_reg': 2.282409630857771, 'border_count': 164}. Best is trial 158 with value: -0.9402104811575211.
[I 2025-08-02 05:38:22,807] Trial 181 finished with value: -0.938036813727568 and parameters: {'learning_rate': 0.07784142346727985, 'depth': 6, 'l2_leaf_reg': 2.6359079648293045, 'border_count': 148}. Best is trial 158 with value: -0.9402104811575211.
[I 2025-08-02 05:38:42,018] Trial 182 finished with value: -0.9390272185846489 and parameters: {'learning_rate': 0.07659393415511764, 'depth': 6, 'l2_leaf_reg': 2.609622494167527, 'border_count': 143}. Best is trial 158 with value: -0.9402104811575211.
[I 2025-08-02 05:39:37,870] Trial 183 finished with value: -0.932463046672564 and parameters: {'learning_rate': 0.10474829299861575, 'depth': 9, 'l2_leaf_reg': 2.4809491908013825, 'border_count': 150}. Best is trial 158 with value: -0.9402104811575211.
[I 2025-08-02 05:39:55,956] Trial 184 finished with value: -0.9379494373597199 and parameters: {'learning_rate': 0.08184431166770119, 'depth': 6, 'l2_leaf_reg': 1.5079544205254054, 'border_count': 138}. Best is trial 158 with value: -0.9402104811575211.
[I 2025-08-02 05:40:15,361] Trial 185 finished with value: -0.9396688981000846 and parameters: {'learning_rate': 0.07485541917297217, 'depth': 6, 'l2_leaf_reg': 2.0621833893512527, 'border_count': 158}. Best is trial 158 with value: -0.9402104811575211.
[I 2025-08-02 05:40:30,729] Trial 186 finished with value: -0.9380828772174503 and parameters: {'learning_rate': 0.0738084547649998, 'depth': 5, 'l2_leaf_reg': 2.8819207328704564, 'border_count': 154}. Best is trial 158 with value: -0.9402104811575211.
[I 2025-08-02 05:40:49,415] Trial 187 finished with value: -0.9371670823471684 and parameters: {'learning_rate': 0.09033716132139459, 'depth': 6, 'l2_leaf_reg': 2.1308628883632843, 'border_count': 144}. Best is trial 158 with value: -0.9402104811575211.
[I 2025-08-02 05:41:07,883] Trial 188 finished with value: -0.9391361727655365 and parameters: {'learning_rate': 0.09985394143512208, 'depth': 6, 'l2_leaf_reg': 2.7222908189723154, 'border_count': 157}. Best is trial 158 with value: -0.9402104811575211.
