[I 2025-08-05 13:45:55,911] Trial 10 finished with value: 0.9389568521191917 and parameters: {'n_d': 63, 'n_a': 56, 'n_steps': 8, 'gamma': 1.0482665893920915, 'lambda_sparse': 0.00012651765218144506, 'lr': 0.08760065665326175, 'weight_decay': 0.00010140076325293087}. Best is trial 8 with value: 0.9500843116445726.
/work/dlclarge2/latifajr-dl_lab_project/autoML/automl-exam-ss25-tabular-freiburg-template/automl-tabular-env/lib/python3.10/site-packages/pytorch_tabnet/callbacks.py:172: UserWarning: Best weights from best epoch are automatically used!
  warnings.warn(wrn_msg)
[I 2025-08-05 13:46:22,943] Trial 11 finished with value: 0.8901202022091944 and parameters: {'n_d': 63, 'n_a': 62, 'n_steps': 8, 'gamma': 1.105122400798299, 'lambda_sparse': 0.00011895168459444615, 'lr': 0.05691745017886118, 'weight_decay': 0.00014693193466169338}. Best is trial 8 with value: 0.9500843116445726.
/work/dlclarge2/latifajr-dl_lab_project/autoML/automl-exam-ss25-tabular-freiburg-template/automl-tabular-env/lib/python3.10/site-packages/pytorch_tabnet/callbacks.py:172: UserWarning: Best weights from best epoch are automatically used!
  warnings.warn(wrn_msg)
[I 2025-08-05 13:47:02,280] Trial 12 finished with value: 0.934378431111194 and parameters: {'n_d': 63, 'n_a': 47, 'n_steps': 10, 'gamma': 1.0286203374452472, 'lambda_sparse': 6.420077514847529e-05, 'lr': 0.08826421031032704, 'weight_decay': 7.194360441375545e-05}. Best is trial 8 with value: 0.9500843116445726.
/work/dlclarge2/latifajr-dl_lab_project/autoML/automl-exam-ss25-tabular-freiburg-template/automl-tabular-env/lib/python3.10/site-packages/pytorch_tabnet/callbacks.py:172: UserWarning: Best weights from best epoch are automatically used!
  warnings.warn(wrn_msg)
[I 2025-08-05 13:47:37,596] Trial 13 finished with value: 0.9375088557125009 and parameters: {'n_d': 53, 'n_a': 61, 'n_steps': 7, 'gamma': 1.600751426558075, 'lambda_sparse': 4.1847263311627386e-05, 'lr': 0.025773274908244645, 'weight_decay': 4.466501000345907e-05}. Best is trial 8 with value: 0.9500843116445726.
/work/dlclarge2/latifajr-dl_lab_project/autoML/automl-exam-ss25-tabular-freiburg-template/automl-tabular-env/lib/python3.10/site-packages/pytorch_tabnet/callbacks.py:172: UserWarning: Best weights from best epoch are automatically used!
  warnings.warn(wrn_msg)
[I 2025-08-05 13:48:07,449] Trial 14 finished with value: 0.8427407385999323 and parameters: {'n_d': 22, 'n_a': 8, 'n_steps': 8, 'gamma': 1.2018127338766735, 'lambda_sparse': 0.00034839302739310673, 'lr': 0.02782711727406612, 'weight_decay': 0.00027660838642646517}. Best is trial 8 with value: 0.9500843116445726.
/work/dlclarge2/latifajr-dl_lab_project/autoML/automl-exam-ss25-tabular-freiburg-template/automl-tabular-env/lib/python3.10/site-packages/pytorch_tabnet/callbacks.py:172: UserWarning: Best weights from best epoch are automatically used!
  warnings.warn(wrn_msg)
[I 2025-08-05 13:48:38,781] Trial 15 finished with value: 0.9266070641316464 and parameters: {'n_d': 42, 'n_a': 25, 'n_steps': 6, 'gamma': 1.95217943470338, 'lambda_sparse': 1.2385681042708003e-05, 'lr': 0.011061598099536208, 'weight_decay': 1.4779004204329161e-05}. Best is trial 8 with value: 0.9500843116445726.
/work/dlclarge2/latifajr-dl_lab_project/autoML/automl-exam-ss25-tabular-freiburg-template/automl-tabular-env/lib/python3.10/site-packages/pytorch_tabnet/callbacks.py:172: UserWarning: Best weights from best epoch are automatically used!
  warnings.warn(wrn_msg)
[I 2025-08-05 13:49:15,078] Trial 16 finished with value: 0.9560237680227183 and parameters: {'n_d': 25, 'n_a': 45, 'n_steps': 10, 'gamma': 1.2869264415217447, 'lambda_sparse': 0.0006834236512833361, 'lr': 0.09481398627312605, 'weight_decay': 0.0008260014298155594}. Best is trial 16 with value: 0.9560237680227183.
/work/dlclarge2/latifajr-dl_lab_project/autoML/automl-exam-ss25-tabular-freiburg-template/automl-tabular-env/lib/python3.10/site-packages/pytorch_tabnet/callbacks.py:172: UserWarning: Best weights from best epoch are automatically used!
  warnings.warn(wrn_msg)
[I 2025-08-05 13:49:47,543] Trial 17 finished with value: 0.9173334288936225 and parameters: {'n_d': 23, 'n_a': 43, 'n_steps': 10, 'gamma': 1.3173980834313264, 'lambda_sparse': 0.000767450972056568, 'lr': 0.04212525990735168, 'weight_decay': 0.0008508569674083208}. Best is trial 16 with value: 0.9560237680227183.
/work/dlclarge2/latifajr-dl_lab_project/autoML/automl-exam-ss25-tabular-freiburg-template/automl-tabular-env/lib/python3.10/site-packages/pytorch_tabnet/callbacks.py:172: UserWarning: Best weights from best epoch are automatically used!
  warnings.warn(wrn_msg)
[I 2025-08-05 13:50:12,042] Trial 18 finished with value: 0.9268753489380407 and parameters: {'n_d': 27, 'n_a': 46, 'n_steps': 4, 'gamma': 1.5890473939243894, 'lambda_sparse': 0.00979064783252679, 'lr': 0.010493205012622785, 'weight_decay': 0.00034591004182656814}. Best is trial 16 with value: 0.9560237680227183.
/work/dlclarge2/latifajr-dl_lab_project/autoML/automl-exam-ss25-tabular-freiburg-template/automl-tabular-env/lib/python3.10/site-packages/pytorch_tabnet/callbacks.py:172: UserWarning: Best weights from best epoch are automatically used!
  warnings.warn(wrn_msg)
[I 2025-08-05 13:50:30,565] Trial 19 finished with value: 0.6929285139730765 and parameters: {'n_d': 19, 'n_a': 24, 'n_steps': 9, 'gamma': 1.8571886101690354, 'lambda_sparse': 0.0004874437697795666, 'lr': 0.09739857251249923, 'weight_decay': 0.0005404044019963112}. Best is trial 16 with value: 0.9560237680227183.
/work/dlclarge2/latifajr-dl_lab_project/autoML/automl-exam-ss25-tabular-freiburg-template/automl-tabular-env/lib/python3.10/site-packages/pytorch_tabnet/callbacks.py:172: UserWarning: Best weights from best epoch are automatically used!
  warnings.warn(wrn_msg)
[I 2025-08-05 13:51:11,593] A new study created in memory with name: no-name-cc2ab722-a2e5-4714-9098-d598d6d28b14
/work/dlclarge2/latifajr-dl_lab_project/autoML/automl-exam-ss25-tabular-freiburg-template/automl-tabular-env/lib/python3.10/site-packages/pytorch_tabnet/callbacks.py:172: UserWarning: Best weights from best epoch are automatically used!
  warnings.warn(wrn_msg)
[I 2025-08-05 13:51:26,247] Trial 0 finished with value: -8.34292846835994 and parameters: {'n_d': 14, 'n_a': 37, 'n_steps': 5, 'gamma': 1.6286061123485425, 'lambda_sparse': 0.0013275699566364667, 'lr': 0.02720196407715817, 'weight_decay': 5.3712401426696574e-05}. Best is trial 0 with value: -8.34292846835994.
/work/dlclarge2/latifajr-dl_lab_project/autoML/automl-exam-ss25-tabular-freiburg-template/automl-tabular-env/lib/python3.10/site-packages/pytorch_tabnet/callbacks.py:172: UserWarning: Best weights from best epoch are automatically used!
  warnings.warn(wrn_msg)
[I 2025-08-05 13:52:05,779] Trial 1 finished with value: 0.5075933039842071 and parameters: {'n_d': 62, 'n_a': 15, 'n_steps': 10, 'gamma': 1.5621819640149028, 'lambda_sparse': 0.0013939700030616174, 'lr': 0.0013313517433416815, 'weight_decay': 0.00010112672279336777}. Best is trial 1 with value: 0.5075933039842071.
/work/dlclarge2/latifajr-dl_lab_project/autoML/automl-exam-ss25-tabular-freiburg-template/automl-tabular-env/lib/python3.10/site-packages/pytorch_tabnet/callbacks.py:172: UserWarning: Best weights from best epoch are automatically used!
  warnings.warn(wrn_msg)
[I 2025-08-05 13:52:16,343] Trial 2 finished with value: -4.734564539233854 and parameters: {'n_d': 22, 'n_a': 51, 'n_steps': 8, 'gamma': 1.04320564886816, 'lambda_sparse': 0.0005347207033395944, 'lr': 0.011680935050381957, 'weight_decay': 0.0003149922031263771}. Best is trial 1 with value: 0.5075933039842071.
/work/dlclarge2/latifajr-dl_lab_project/autoML/automl-exam-ss25-tabular-freiburg-template/automl-tabular-env/lib/python3.10/site-packages/pytorch_tabnet/callbacks.py:172: UserWarning: Best weights from best epoch are automatically used!
  warnings.warn(wrn_msg)
[I 2025-08-05 13:52:31,286] Trial 3 finished with value: -1.5434370941036306 and parameters: {'n_d': 64, 'n_a': 32, 'n_steps': 10, 'gamma': 1.0571473734669885, 'lambda_sparse': 0.00023184732091194793, 'lr': 0.04603695582685329, 'weight_decay': 0.0005624136025164049}. Best is trial 1 with value: 0.5075933039842071.
/work/dlclarge2/latifajr-dl_lab_project/autoML/automl-exam-ss25-tabular-freiburg-template/automl-tabular-env/lib/python3.10/site-packages/pytorch_tabnet/callbacks.py:172: UserWarning: Best weights from best epoch are automatically used!
  warnings.warn(wrn_msg)
[I 2025-08-05 13:52:52,791] Trial 4 finished with value: 0.7109538541158824 and parameters: {'n_d': 30, 'n_a': 39, 'n_steps': 7, 'gamma': 1.4503402749236671, 'lambda_sparse': 0.0077169111981903035, 'lr': 0.003738843118127226, 'weight_decay': 8.727964662516223e-06}. Best is trial 4 with value: 0.7109538541158824.
/work/dlclarge2/latifajr-dl_lab_project/autoML/automl-exam-ss25-tabular-freiburg-template/automl-tabular-env/lib/python3.10/site-packages/pytorch_tabnet/callbacks.py:172: UserWarning: Best weights from best epoch are automatically used!
  warnings.warn(wrn_msg)
[I 2025-08-05 13:53:11,248] Trial 5 finished with value: -2.8673014117395264 and parameters: {'n_d': 58, 'n_a': 63, 'n_steps': 9, 'gamma': 1.3835541677511105, 'lambda_sparse': 8.272038960079135e-05, 'lr': 0.0003593537057997717, 'weight_decay': 2.5264771421477024e-06}. Best is trial 4 with value: 0.7109538541158824.
/work/dlclarge2/latifajr-dl_lab_project/autoML/automl-exam-ss25-tabular-freiburg-template/automl-tabular-env/lib/python3.10/site-packages/pytorch_tabnet/callbacks.py:172: UserWarning: Best weights from best epoch are automatically used!
  warnings.warn(wrn_msg)
[I 2025-08-05 13:53:35,187] Trial 6 finished with value: 0.8277231550223413 and parameters: {'n_d': 18, 'n_a': 48, 'n_steps': 3, 'gamma': 1.031081624634195, 'lambda_sparse': 0.00012660938378891893, 'lr': 0.0006696256799723331, 'weight_decay': 6.208125810539184e-05}. Best is trial 6 with value: 0.8277231550223413.
/work/dlclarge2/latifajr-dl_lab_project/autoML/automl-exam-ss25-tabular-freiburg-template/automl-tabular-env/lib/python3.10/site-packages/pytorch_tabnet/callbacks.py:172: UserWarning: Best weights from best epoch are automatically used!
  warnings.warn(wrn_msg)
[I 2025-08-05 13:53:54,879] Trial 7 finished with value: 0.5346526525470887 and parameters: {'n_d': 28, 'n_a': 64, 'n_steps': 8, 'gamma': 1.713812847128922, 'lambda_sparse': 2.0461273118124338e-05, 'lr': 0.07245921136285148, 'weight_decay': 0.0005460007241511459}. Best is trial 6 with value: 0.8277231550223413.
/work/dlclarge2/latifajr-dl_lab_project/autoML/automl-exam-ss25-tabular-freiburg-template/automl-tabular-env/lib/python3.10/site-packages/pytorch_tabnet/callbacks.py:172: UserWarning: Best weights from best epoch are automatically used!
  warnings.warn(wrn_msg)
[I 2025-08-05 13:54:34,128] Trial 8 finished with value: 0.943810257575765 and parameters: {'n_d': 26, 'n_a': 15, 'n_steps': 9, 'gamma': 1.8411011915246833, 'lambda_sparse': 0.00014063835447420065, 'lr': 0.041124194913742224, 'weight_decay': 0.0003453166610702628}. Best is trial 8 with value: 0.943810257575765.
/work/dlclarge2/latifajr-dl_lab_project/autoML/automl-exam-ss25-tabular-freiburg-template/automl-tabular-env/lib/python3.10/site-packages/pytorch_tabnet/callbacks.py:172: UserWarning: Best weights from best epoch are automatically used!
  warnings.warn(wrn_msg)
[I 2025-08-05 13:54:58,469] Trial 9 finished with value: -3.219420062773308 and parameters: {'n_d': 40, 'n_a': 56, 'n_steps': 10, 'gamma': 1.2162297245140399, 'lambda_sparse': 0.004322811946705737, 'lr': 0.0009123190120697177, 'weight_decay': 0.00011172359555128612}. Best is trial 8 with value: 0.943810257575765.
/work/dlclarge2/latifajr-dl_lab_project/autoML/automl-exam-ss25-tabular-freiburg-template/automl-tabular-env/lib/python3.10/site-packages/pytorch_tabnet/callbacks.py:172: UserWarning: Best weights from best epoch are automatically used!
  warnings.warn(wrn_msg)
[I 2025-08-05 13:55:05,907] Trial 10 finished with value: -4.568025888034078 and parameters: {'n_d': 43, 'n_a': 8, 'n_steps': 5, 'gamma': 1.9462267458059206, 'lambda_sparse': 3.272078848993391e-05, 'lr': 0.007927420667567152, 'weight_decay': 1.3569571874515845e-05}. Best is trial 8 with value: 0.943810257575765.
/work/dlclarge2/latifajr-dl_lab_project/autoML/automl-exam-ss25-tabular-freiburg-template/automl-tabular-env/lib/python3.10/site-packages/pytorch_tabnet/callbacks.py:172: UserWarning: Best weights from best epoch are automatically used!
  warnings.warn(wrn_msg)
[I 2025-08-05 13:55:15,598] Trial 11 finished with value: -3.3518070492406666 and parameters: {'n_d': 13, 'n_a': 24, 'n_steps': 3, 'gamma': 1.9764753266910446, 'lambda_sparse': 0.00011659602015833081, 'lr': 0.00014600750542574658, 'weight_decay': 0.00017018981025484776}. Best is trial 8 with value: 0.943810257575765.
/work/dlclarge2/latifajr-dl_lab_project/autoML/automl-exam-ss25-tabular-freiburg-template/automl-tabular-env/lib/python3.10/site-packages/pytorch_tabnet/callbacks.py:172: UserWarning: Best weights from best epoch are automatically used!
  warnings.warn(wrn_msg)
[I 2025-08-05 13:55:35,168] Trial 12 finished with value: 0.8976814751988778 and parameters: {'n_d': 21, 'n_a': 46, 'n_steps': 3, 'gamma': 1.795409486565727, 'lambda_sparse': 6.812647586447654e-05, 'lr': 0.0015898510298836216, 'weight_decay': 2.6152327223166233e-05}. Best is trial 8 with value: 0.943810257575765.
/work/dlclarge2/latifajr-dl_lab_project/autoML/automl-exam-ss25-tabular-freiburg-template/automl-tabular-env/lib/python3.10/site-packages/pytorch_tabnet/callbacks.py:172: UserWarning: Best weights from best epoch are automatically used!
  warnings.warn(wrn_msg)
[I 2025-08-05 13:56:03,418] Trial 13 finished with value: 0.9519078813461515 and parameters: {'n_d': 30, 'n_a': 25, 'n_steps': 5, 'gamma': 1.7982562405494287, 'lambda_sparse': 1.0563482557440064e-05, 'lr': 0.0026740409755150432, 'weight_decay': 2.046749248552546e-05}. Best is trial 13 with value: 0.9519078813461515.
/work/dlclarge2/latifajr-dl_lab_project/autoML/automl-exam-ss25-tabular-freiburg-template/automl-tabular-env/lib/python3.10/site-packages/pytorch_tabnet/callbacks.py:172: UserWarning: Best weights from best epoch are automatically used!
  warnings.warn(wrn_msg)
[I 2025-08-05 13:56:10,827] Trial 14 finished with value: -4.248516805818266 and parameters: {'n_d': 48, 'n_a': 22, 'n_steps': 5, 'gamma': 1.827556321719556, 'lambda_sparse': 1.1566263571925787e-05, 'lr': 0.005641093395689065, 'weight_decay': 3.0104078480487375e-06}. Best is trial 13 with value: 0.9519078813461515.
/work/dlclarge2/latifajr-dl_lab_project/autoML/automl-exam-ss25-tabular-freiburg-template/automl-tabular-env/lib/python3.10/site-packages/pytorch_tabnet/callbacks.py:172: UserWarning: Best weights from best epoch are automatically used!
  warnings.warn(wrn_msg)
[I 2025-08-05 13:56:33,050] Trial 15 finished with value: 0.8403565087849629 and parameters: {'n_d': 32, 'n_a': 25, 'n_steps': 6, 'gamma': 1.826465237500272, 'lambda_sparse': 3.365763727791857e-05, 'lr': 0.016937965459041637, 'weight_decay': 8.137040242429992e-06}. Best is trial 13 with value: 0.9519078813461515.
/work/dlclarge2/latifajr-dl_lab_project/autoML/automl-exam-ss25-tabular-freiburg-template/automl-tabular-env/lib/python3.10/site-packages/pytorch_tabnet/callbacks.py:172: UserWarning: Best weights from best epoch are automatically used!
  warnings.warn(wrn_msg)
[I 2025-08-05 13:56:54,068] Trial 16 finished with value: 0.6608554514251204 and parameters: {'n_d': 37, 'n_a': 13, 'n_steps': 7, 'gamma': 1.7002309714950494, 'lambda_sparse': 0.00038623752144276136, 'lr': 0.0030081935018851373, 'weight_decay': 1.2523439128865707e-06}. Best is trial 13 with value: 0.9519078813461515.
/work/dlclarge2/latifajr-dl_lab_project/autoML/automl-exam-ss25-tabular-freiburg-template/automl-tabular-env/lib/python3.10/site-packages/pytorch_tabnet/callbacks.py:172: UserWarning: Best weights from best epoch are automatically used!
  warnings.warn(wrn_msg)
[I 2025-08-05 13:57:15,468] Trial 17 finished with value: 0.8744802328302829 and parameters: {'n_d': 50, 'n_a': 30, 'n_steps': 6, 'gamma': 1.918530969930534, 'lambda_sparse': 1.3392956328404023e-05, 'lr': 0.08443374845876774, 'weight_decay': 2.122854180661125e-05}. Best is trial 13 with value: 0.9519078813461515.
/work/dlclarge2/latifajr-dl_lab_project/autoML/automl-exam-ss25-tabular-freiburg-template/automl-tabular-env/lib/python3.10/site-packages/pytorch_tabnet/callbacks.py:172: UserWarning: Best weights from best epoch are automatically used!
  warnings.warn(wrn_msg)
[I 2025-08-05 13:57:27,776] Trial 18 finished with value: 0.6469012760449102 and parameters: {'n_d': 26, 'n_a': 18, 'n_steps': 4, 'gamma': 1.3592895108748277, 'lambda_sparse': 0.0010522537807465678, 'lr': 0.02546655092634864, 'weight_decay': 0.00020480309039125713}. Best is trial 13 with value: 0.9519078813461515.
/work/dlclarge2/latifajr-dl_lab_project/autoML/automl-exam-ss25-tabular-freiburg-template/automl-tabular-env/lib/python3.10/site-packages/pytorch_tabnet/callbacks.py:172: UserWarning: Best weights from best epoch are automatically used!
  warnings.warn(wrn_msg)
[I 2025-08-05 13:57:59,842] Trial 19 finished with value: 0.8825626320222438 and parameters: {'n_d': 35, 'n_a': 8, 'n_steps': 8, 'gamma': 1.5726644006002244, 'lambda_sparse': 4.453032334684988e-05, 'lr': 0.002678128394696535, 'weight_decay': 0.0007881244160386048}. Best is trial 13 with value: 0.9519078813461515.
/work/dlclarge2/latifajr-dl_lab_project/autoML/automl-exam-ss25-tabular-freiburg-template/automl-tabular-env/lib/python3.10/site-packages/pytorch_tabnet/callbacks.py:172: UserWarning: Best weights from best epoch are automatically used!
  warnings.warn(wrn_msg)
[I 2025-08-05 13:58:33,901] A new study created in memory with name: no-name-588f86df-d36e-455e-9a6a-81d35b07b726
/work/dlclarge2/latifajr-dl_lab_project/autoML/automl-exam-ss25-tabular-freiburg-template/automl-tabular-env/lib/python3.10/site-packages/pytorch_tabnet/callbacks.py:172: UserWarning: Best weights from best epoch are automatically used!
  warnings.warn(wrn_msg)
[I 2025-08-05 13:59:02,230] Trial 0 finished with value: 0.8912618449467345 and parameters: {'n_d': 38, 'n_a': 53, 'n_steps': 5, 'gamma': 1.8341776677748767, 'lambda_sparse': 0.00019350504901401183, 'lr': 0.0011435488841945358, 'weight_decay': 0.00023690714473799127}. Best is trial 0 with value: 0.8912618449467345.
/work/dlclarge2/latifajr-dl_lab_project/autoML/automl-exam-ss25-tabular-freiburg-template/automl-tabular-env/lib/python3.10/site-packages/pytorch_tabnet/callbacks.py:172: UserWarning: Best weights from best epoch are automatically used!
  warnings.warn(wrn_msg)
[I 2025-08-05 13:59:34,263] Trial 1 finished with value: 0.8867535578100139 and parameters: {'n_d': 56, 'n_a': 43, 'n_steps': 6, 'gamma': 1.0152286200201646, 'lambda_sparse': 0.0005927173242906595, 'lr': 0.0008582631525559231, 'weight_decay': 1.3024656032548756e-05}. Best is trial 0 with value: 0.8912618449467345.
/work/dlclarge2/latifajr-dl_lab_project/autoML/automl-exam-ss25-tabular-freiburg-template/automl-tabular-env/lib/python3.10/site-packages/pytorch_tabnet/callbacks.py:172: UserWarning: Best weights from best epoch are automatically used!
  warnings.warn(wrn_msg)
[I 2025-08-05 14:00:14,834] Trial 2 finished with value: 0.9321603310780897 and parameters: {'n_d': 21, 'n_a': 64, 'n_steps': 8, 'gamma': 1.5739298886534623, 'lambda_sparse': 0.003959028447607841, 'lr': 0.007718839133983847, 'weight_decay': 2.0505282793802046e-06}. Best is trial 2 with value: 0.9321603310780897.
/work/dlclarge2/latifajr-dl_lab_project/autoML/automl-exam-ss25-tabular-freiburg-template/automl-tabular-env/lib/python3.10/site-packages/pytorch_tabnet/callbacks.py:172: UserWarning: Best weights from best epoch are automatically used!
  warnings.warn(wrn_msg)
[I 2025-08-05 14:00:51,151] Trial 3 finished with value: 0.9211756349912885 and parameters: {'n_d': 53, 'n_a': 48, 'n_steps': 7, 'gamma': 1.4277546096380787, 'lambda_sparse': 0.00046623978944120996, 'lr': 0.005088968651778768, 'weight_decay': 6.526189743763526e-05}. Best is trial 2 with value: 0.9321603310780897.
/work/dlclarge2/latifajr-dl_lab_project/autoML/automl-exam-ss25-tabular-freiburg-template/automl-tabular-env/lib/python3.10/site-packages/pytorch_tabnet/callbacks.py:172: UserWarning: Best weights from best epoch are automatically used!
  warnings.warn(wrn_msg)
[I 2025-08-05 14:01:31,639] Trial 4 finished with value: 0.8931330879887982 and parameters: {'n_d': 62, 'n_a': 64, 'n_steps': 8, 'gamma': 1.0759209365498934, 'lambda_sparse': 0.00019632804304117466, 'lr': 0.016459842376229685, 'weight_decay': 0.00025282875570868386}. Best is trial 2 with value: 0.9321603310780897.
/work/dlclarge2/latifajr-dl_lab_project/autoML/automl-exam-ss25-tabular-freiburg-template/automl-tabular-env/lib/python3.10/site-packages/pytorch_tabnet/callbacks.py:172: UserWarning: Best weights from best epoch are automatically used!
  warnings.warn(wrn_msg)
[I 2025-08-05 14:02:20,088] Trial 5 finished with value: 0.9282998854996986 and parameters: {'n_d': 51, 'n_a': 55, 'n_steps': 10, 'gamma': 1.4368717848842933, 'lambda_sparse': 2.5208633775991533e-05, 'lr': 0.085350016861572, 'weight_decay': 2.4716193299920018e-05}. Best is trial 2 with value: 0.9321603310780897.
/work/dlclarge2/latifajr-dl_lab_project/autoML/automl-exam-ss25-tabular-freiburg-template/automl-tabular-env/lib/python3.10/site-packages/pytorch_tabnet/callbacks.py:172: UserWarning: Best weights from best epoch are automatically used!
  warnings.warn(wrn_msg)
