[I 2025-08-06 02:41:35,675] Trial 19 finished with value: 0.8672912567945884 and parameters: {'n_d': 51, 'n_a': 55, 'n_steps': 3, 'gamma': 1.9207254973244976, 'lambda_sparse': 0.000614861822582388, 'lr': 0.0007773483070090959, 'weight_decay': 1.5637322715530956e-06}. Best is trial 12 with value: 0.9123756514893149.
/work/dlclarge2/alidemaa-dl_lab/automl/automl-exam-ss25-tabular-freiburg-template/automl-tabular-env/lib/python3.10/site-packages/pytorch_tabnet/callbacks.py:172: UserWarning: Best weights from best epoch are automatically used!
  warnings.warn(wrn_msg)
2025-08-06 02:42:14 [INFO] TabNet →      /work/dlclarge2/alidemaa-dl_lab/automl/automl-exam-ss25-tabular-freiburg-template/modelsFinal-superconductivity/tabnet (mean R²=0.8917)
2025-08-06 02:42:14 [INFO] Ensemble weights: TabPFN=0.335, Tree=0.339, TabNet=0.326
2025-08-06 02:42:14 [INFO] Loading individual models into memory...
/work/dlclarge2/alidemaa-dl_lab/automl/automl-exam-ss25-tabular-freiburg-template/automl-tabular-env/lib/python3.10/site-packages/pytorch_tabnet/abstract_model.py:82: UserWarning: Device used : cuda
  warnings.warn(f"Device used : {self.device}")
2025-08-06 02:42:21 [INFO] Saved weighted ensemble to /work/dlclarge2/alidemaa-dl_lab/automl/automl-exam-ss25-tabular-freiburg-template/modelsFinal-superconductivity/final_model.pkl
2025-08-06 02:42:58 [INFO] Loading X_test (fold 11) from /work/dlclarge2/alidemaa-dl_lab/automl/automl-exam-ss25-tabular-freiburg-template/data/superconductivity
2025-08-06 02:42:58 [INFO] Loading X_test for fold 11 of dataset: /work/dlclarge2/alidemaa-dl_lab/automl/automl-exam-ss25-tabular-freiburg-template/data/superconductivity
2025-08-06 02:42:58 [INFO] Loaded full training data (8601 rows, 81 cols)
2025-08-06 02:42:58 [INFO] Loading ensemble from /work/dlclarge2/alidemaa-dl_lab/automl/automl-exam-ss25-tabular-freiburg-template/modelsFinal-superconductivity/final_model.pkl
/work/dlclarge2/alidemaa-dl_lab/automl/automl-exam-ss25-tabular-freiburg-template/automl-tabular-env/lib/python3.10/site-packages/sklearn/preprocessing/_data.py:3453: RuntimeWarning: overflow encountered in power
  x_inv[pos] = np.power(x[pos] * lmbda + 1, 1 / lmbda) - 1
/work/dlclarge2/alidemaa-dl_lab/automl/automl-exam-ss25-tabular-freiburg-template/automl-tabular-env/lib/python3.10/site-packages/sklearn/preprocessing/_data.py:3453: RuntimeWarning: overflow encountered in power
  x_inv[pos] = np.power(x[pos] * lmbda + 1, 1 / lmbda) - 1
/work/dlclarge2/alidemaa-dl_lab/automl/automl-exam-ss25-tabular-freiburg-template/automl-tabular-env/lib/python3.10/site-packages/sklearn/preprocessing/_data.py:3453: RuntimeWarning: overflow encountered in power
  x_inv[pos] = np.power(x[pos] * lmbda + 1, 1 / lmbda) - 1
/work/dlclarge2/alidemaa-dl_lab/automl/automl-exam-ss25-tabular-freiburg-template/automl-tabular-env/lib/python3.10/site-packages/sklearn/preprocessing/_data.py:3453: RuntimeWarning: overflow encountered in power
  x_inv[pos] = np.power(x[pos] * lmbda + 1, 1 / lmbda) - 1
/work/dlclarge2/alidemaa-dl_lab/automl/automl-exam-ss25-tabular-freiburg-template/automl-tabular-env/lib/python3.10/site-packages/sklearn/preprocessing/_data.py:3453: RuntimeWarning: overflow encountered in power
  x_inv[pos] = np.power(x[pos] * lmbda + 1, 1 / lmbda) - 1
/work/dlclarge2/alidemaa-dl_lab/automl/automl-exam-ss25-tabular-freiburg-template/automl-tabular-env/lib/python3.10/site-packages/sklearn/preprocessing/_data.py:3453: RuntimeWarning: overflow encountered in power
  x_inv[pos] = np.power(x[pos] * lmbda + 1, 1 / lmbda) - 1
/work/dlclarge2/alidemaa-dl_lab/automl/automl-exam-ss25-tabular-freiburg-template/automl-tabular-env/lib/python3.10/site-packages/sklearn/preprocessing/_data.py:3453: RuntimeWarning: overflow encountered in power
  x_inv[pos] = np.power(x[pos] * lmbda + 1, 1 / lmbda) - 1
/work/dlclarge2/alidemaa-dl_lab/automl/automl-exam-ss25-tabular-freiburg-template/automl-tabular-env/lib/python3.10/site-packages/sklearn/preprocessing/_data.py:3453: RuntimeWarning: overflow encountered in power
  x_inv[pos] = np.power(x[pos] * lmbda + 1, 1 / lmbda) - 1
TBB Warning: The number of workers is currently limited to 7. The request for 63 workers is ignored. Further requests for more workers will be silently ignored until the limit changes.

/work/dlclarge2/alidemaa-dl_lab/automl/automl-exam-ss25-tabular-freiburg-template/automl-tabular-env/lib/python3.10/site-packages/pytorch_tabnet/abstract_model.py:82: UserWarning: Device used : cuda
  warnings.warn(f"Device used : {self.device}")
/work/dlclarge2/alidemaa-dl_lab/automl/automl-exam-ss25-tabular-freiburg-template/automl-tabular-env/lib/python3.10/site-packages/pytorch_tabnet/abstract_model.py:82: UserWarning: Device used : cuda
  warnings.warn(f"Device used : {self.device}")
/work/dlclarge2/alidemaa-dl_lab/automl/automl-exam-ss25-tabular-freiburg-template/automl-tabular-env/lib/python3.10/site-packages/pytorch_tabnet/abstract_model.py:82: UserWarning: Device used : cuda
  warnings.warn(f"Device used : {self.device}")
/work/dlclarge2/alidemaa-dl_lab/automl/automl-exam-ss25-tabular-freiburg-template/automl-tabular-env/lib/python3.10/site-packages/pytorch_tabnet/abstract_model.py:82: UserWarning: Device used : cuda
  warnings.warn(f"Device used : {self.device}")
/work/dlclarge2/alidemaa-dl_lab/automl/automl-exam-ss25-tabular-freiburg-template/automl-tabular-env/lib/python3.10/site-packages/pytorch_tabnet/abstract_model.py:82: UserWarning: Device used : cuda
  warnings.warn(f"Device used : {self.device}")
/work/dlclarge2/alidemaa-dl_lab/automl/automl-exam-ss25-tabular-freiburg-template/automl-tabular-env/lib/python3.10/site-packages/pytorch_tabnet/abstract_model.py:82: UserWarning: Device used : cuda
  warnings.warn(f"Device used : {self.device}")
/work/dlclarge2/alidemaa-dl_lab/automl/automl-exam-ss25-tabular-freiburg-template/automl-tabular-env/lib/python3.10/site-packages/pytorch_tabnet/abstract_model.py:82: UserWarning: Device used : cuda
  warnings.warn(f"Device used : {self.device}")
/work/dlclarge2/alidemaa-dl_lab/automl/automl-exam-ss25-tabular-freiburg-template/automl-tabular-env/lib/python3.10/site-packages/pytorch_tabnet/abstract_model.py:82: UserWarning: Device used : cuda
  warnings.warn(f"Device used : {self.device}")
/work/dlclarge2/alidemaa-dl_lab/automl/automl-exam-ss25-tabular-freiburg-template/automl-tabular-env/lib/python3.10/site-packages/pytorch_tabnet/abstract_model.py:82: UserWarning: Device used : cuda
  warnings.warn(f"Device used : {self.device}")
/work/dlclarge2/alidemaa-dl_lab/automl/automl-exam-ss25-tabular-freiburg-template/automl-tabular-env/lib/python3.10/site-packages/pytorch_tabnet/abstract_model.py:82: UserWarning: Device used : cuda
  warnings.warn(f"Device used : {self.device}")
2025-08-06 02:49:04 [INFO] Saving predictions to /work/dlclarge2/alidemaa-dl_lab/automl/automl-exam-ss25-tabular-freiburg-template/modelsFinal-superconductivity/y_pred.csv
