[I 2025-08-04 10:15:56,749] Trial 1 finished with value: 0.05471229781876774 and parameters: {'n_d': 40, 'n_a': 62, 'n_steps': 4, 'gamma': 1.7374839426599156, 'lambda_sparse': 0.004180968276050222, 'lr': 0.01793836368125575, 'weight_decay': 3.4719692870308316e-06}. Best is trial 1 with value: 0.05471229781876774.
/work/dlclarge2/alidemaa-dl_lab/automl/automl-exam-ss25-tabular-freiburg-template/automl-tabular-env/lib/python3.10/site-packages/pytorch_tabnet/callbacks.py:172: UserWarning: Best weights from best epoch are automatically used!
  warnings.warn(wrn_msg)
[I 2025-08-04 10:16:20,070] Trial 2 finished with value: -0.0059614688254754356 and parameters: {'n_d': 52, 'n_a': 22, 'n_steps': 9, 'gamma': 1.8411318029663342, 'lambda_sparse': 0.008320858267803223, 'lr': 0.000290308269427886, 'weight_decay': 3.7274518007096687e-06}. Best is trial 1 with value: 0.05471229781876774.
/work/dlclarge2/alidemaa-dl_lab/automl/automl-exam-ss25-tabular-freiburg-template/automl-tabular-env/lib/python3.10/site-packages/pytorch_tabnet/callbacks.py:172: UserWarning: Best weights from best epoch are automatically used!
  warnings.warn(wrn_msg)
[I 2025-08-04 10:16:41,264] Trial 3 finished with value: 0.033253829722650674 and parameters: {'n_d': 39, 'n_a': 26, 'n_steps': 3, 'gamma': 1.3873974565155633, 'lambda_sparse': 2.8009315054523915e-05, 'lr': 0.003002010447309483, 'weight_decay': 2.626431843323519e-05}. Best is trial 1 with value: 0.05471229781876774.
/work/dlclarge2/alidemaa-dl_lab/automl/automl-exam-ss25-tabular-freiburg-template/automl-tabular-env/lib/python3.10/site-packages/pytorch_tabnet/callbacks.py:172: UserWarning: Best weights from best epoch are automatically used!
  warnings.warn(wrn_msg)
[I 2025-08-04 10:17:21,361] Trial 4 finished with value: 0.04514103921622892 and parameters: {'n_d': 59, 'n_a': 21, 'n_steps': 5, 'gamma': 1.2992608720290164, 'lambda_sparse': 1.3615392039191154e-05, 'lr': 0.001158257418217018, 'weight_decay': 1.4082414781931653e-05}. Best is trial 1 with value: 0.05471229781876774.
/work/dlclarge2/alidemaa-dl_lab/automl/automl-exam-ss25-tabular-freiburg-template/automl-tabular-env/lib/python3.10/site-packages/pytorch_tabnet/callbacks.py:172: UserWarning: Best weights from best epoch are automatically used!
  warnings.warn(wrn_msg)
[I 2025-08-04 10:18:14,561] Trial 5 finished with value: -0.0074175337650921325 and parameters: {'n_d': 54, 'n_a': 53, 'n_steps': 8, 'gamma': 1.3648469123729443, 'lambda_sparse': 5.953241194995705e-05, 'lr': 0.000554375730279698, 'weight_decay': 0.00011449651659233332}. Best is trial 1 with value: 0.05471229781876774.
/work/dlclarge2/alidemaa-dl_lab/automl/automl-exam-ss25-tabular-freiburg-template/automl-tabular-env/lib/python3.10/site-packages/pytorch_tabnet/callbacks.py:172: UserWarning: Best weights from best epoch are automatically used!
  warnings.warn(wrn_msg)
[I 2025-08-04 10:18:43,041] Trial 6 finished with value: 0.022039668149520297 and parameters: {'n_d': 15, 'n_a': 30, 'n_steps': 6, 'gamma': 1.3931696660291149, 'lambda_sparse': 0.0010611971635422666, 'lr': 0.0016449486671776198, 'weight_decay': 1.1266580842804608e-05}. Best is trial 1 with value: 0.05471229781876774.
/work/dlclarge2/alidemaa-dl_lab/automl/automl-exam-ss25-tabular-freiburg-template/automl-tabular-env/lib/python3.10/site-packages/pytorch_tabnet/callbacks.py:172: UserWarning: Best weights from best epoch are automatically used!
  warnings.warn(wrn_msg)
[I 2025-08-04 10:19:20,351] Trial 7 finished with value: 0.05559718565822569 and parameters: {'n_d': 62, 'n_a': 34, 'n_steps': 4, 'gamma': 1.9952321640134505, 'lambda_sparse': 0.009613294746893309, 'lr': 0.0204743432415484, 'weight_decay': 0.0005177779811460229}. Best is trial 7 with value: 0.05559718565822569.
/work/dlclarge2/alidemaa-dl_lab/automl/automl-exam-ss25-tabular-freiburg-template/automl-tabular-env/lib/python3.10/site-packages/pytorch_tabnet/callbacks.py:172: UserWarning: Best weights from best epoch are automatically used!
  warnings.warn(wrn_msg)
[I 2025-08-04 10:19:30,787] Trial 8 finished with value: 0.01126611479484907 and parameters: {'n_d': 34, 'n_a': 53, 'n_steps': 3, 'gamma': 1.643028725569263, 'lambda_sparse': 2.752409529152111e-05, 'lr': 0.0006759713329783912, 'weight_decay': 4.0887544453611566e-05}. Best is trial 7 with value: 0.05559718565822569.
/work/dlclarge2/alidemaa-dl_lab/automl/automl-exam-ss25-tabular-freiburg-template/automl-tabular-env/lib/python3.10/site-packages/pytorch_tabnet/callbacks.py:172: UserWarning: Best weights from best epoch are automatically used!
  warnings.warn(wrn_msg)
[I 2025-08-04 10:20:09,165] Trial 9 finished with value: 0.041843079015302154 and parameters: {'n_d': 33, 'n_a': 42, 'n_steps': 3, 'gamma': 1.0036942274776126, 'lambda_sparse': 6.0381665764558314e-05, 'lr': 0.0006822783307193305, 'weight_decay': 0.00022763064880392233}. Best is trial 7 with value: 0.05559718565822569.
/work/dlclarge2/alidemaa-dl_lab/automl/automl-exam-ss25-tabular-freiburg-template/automl-tabular-env/lib/python3.10/site-packages/pytorch_tabnet/callbacks.py:172: UserWarning: Best weights from best epoch are automatically used!
  warnings.warn(wrn_msg)
[I 2025-08-04 10:20:55,376] Trial 10 finished with value: 0.03943322667460192 and parameters: {'n_d': 13, 'n_a': 8, 'n_steps': 10, 'gamma': 1.855510751095566, 'lambda_sparse': 0.0003931417991869139, 'lr': 0.08241739733941823, 'weight_decay': 0.0007778609986944148}. Best is trial 7 with value: 0.05559718565822569.
/work/dlclarge2/alidemaa-dl_lab/automl/automl-exam-ss25-tabular-freiburg-template/automl-tabular-env/lib/python3.10/site-packages/pytorch_tabnet/callbacks.py:172: UserWarning: Best weights from best epoch are automatically used!
  warnings.warn(wrn_msg)
[I 2025-08-04 10:21:25,201] Trial 11 finished with value: 0.04349133674633432 and parameters: {'n_d': 43, 'n_a': 64, 'n_steps': 5, 'gamma': 1.9997871386040984, 'lambda_sparse': 0.009773951334913322, 'lr': 0.021945862652089924, 'weight_decay': 1.444591983935735e-06}. Best is trial 7 with value: 0.05559718565822569.
/work/dlclarge2/alidemaa-dl_lab/automl/automl-exam-ss25-tabular-freiburg-template/automl-tabular-env/lib/python3.10/site-packages/pytorch_tabnet/callbacks.py:172: UserWarning: Best weights from best epoch are automatically used!
  warnings.warn(wrn_msg)
[I 2025-08-04 10:22:11,146] Trial 12 finished with value: 0.07472325685875358 and parameters: {'n_d': 26, 'n_a': 50, 'n_steps': 5, 'gamma': 1.694155644993899, 'lambda_sparse': 0.0029792066169404456, 'lr': 0.014895924216830534, 'weight_decay': 0.0008781814353532669}. Best is trial 12 with value: 0.07472325685875358.
/work/dlclarge2/alidemaa-dl_lab/automl/automl-exam-ss25-tabular-freiburg-template/automl-tabular-env/lib/python3.10/site-packages/pytorch_tabnet/callbacks.py:172: UserWarning: Best weights from best epoch are automatically used!
  warnings.warn(wrn_msg)
[I 2025-08-04 10:22:46,263] Trial 13 finished with value: 0.03944144142139716 and parameters: {'n_d': 24, 'n_a': 48, 'n_steps': 5, 'gamma': 1.6034441065130953, 'lambda_sparse': 0.0013163401733582297, 'lr': 0.011190276799728551, 'weight_decay': 0.0009192954795578306}. Best is trial 12 with value: 0.07472325685875358.
/work/dlclarge2/alidemaa-dl_lab/automl/automl-exam-ss25-tabular-freiburg-template/automl-tabular-env/lib/python3.10/site-packages/pytorch_tabnet/callbacks.py:172: UserWarning: Best weights from best epoch are automatically used!
  warnings.warn(wrn_msg)
[I 2025-08-04 10:23:16,416] Trial 14 finished with value: 0.0365832722123296 and parameters: {'n_d': 64, 'n_a': 34, 'n_steps': 6, 'gamma': 1.9788208401343226, 'lambda_sparse': 0.00042952784471621437, 'lr': 0.07935451234899811, 'weight_decay': 0.00024499507121272904}. Best is trial 12 with value: 0.07472325685875358.
/work/dlclarge2/alidemaa-dl_lab/automl/automl-exam-ss25-tabular-freiburg-template/automl-tabular-env/lib/python3.10/site-packages/pytorch_tabnet/callbacks.py:172: UserWarning: Best weights from best epoch are automatically used!
  warnings.warn(wrn_msg)
[I 2025-08-04 10:23:58,614] Trial 15 finished with value: 0.08261982833950277 and parameters: {'n_d': 23, 'n_a': 43, 'n_steps': 4, 'gamma': 1.8138057415792292, 'lambda_sparse': 0.003463333771042246, 'lr': 0.007783145655665339, 'weight_decay': 0.0003784292421153777}. Best is trial 15 with value: 0.08261982833950277.
/work/dlclarge2/alidemaa-dl_lab/automl/automl-exam-ss25-tabular-freiburg-template/automl-tabular-env/lib/python3.10/site-packages/pytorch_tabnet/callbacks.py:172: UserWarning: Best weights from best epoch are automatically used!
  warnings.warn(wrn_msg)
[I 2025-08-04 10:24:59,729] Trial 16 finished with value: 0.044235770121109685 and parameters: {'n_d': 23, 'n_a': 50, 'n_steps': 7, 'gamma': 1.5751121382053597, 'lambda_sparse': 0.0010467500388567958, 'lr': 0.006330422211519939, 'weight_decay': 6.96497780143475e-05}. Best is trial 15 with value: 0.08261982833950277.
/work/dlclarge2/alidemaa-dl_lab/automl/automl-exam-ss25-tabular-freiburg-template/automl-tabular-env/lib/python3.10/site-packages/pytorch_tabnet/callbacks.py:172: UserWarning: Best weights from best epoch are automatically used!
  warnings.warn(wrn_msg)
[I 2025-08-04 10:25:26,736] Trial 17 finished with value: 0.04576424161887127 and parameters: {'n_d': 23, 'n_a': 42, 'n_steps': 4, 'gamma': 1.7719740038501675, 'lambda_sparse': 0.002839992017816441, 'lr': 0.04654079901000521, 'weight_decay': 0.0003426486430388974}. Best is trial 15 with value: 0.08261982833950277.
/work/dlclarge2/alidemaa-dl_lab/automl/automl-exam-ss25-tabular-freiburg-template/automl-tabular-env/lib/python3.10/site-packages/pytorch_tabnet/callbacks.py:172: UserWarning: Best weights from best epoch are automatically used!
  warnings.warn(wrn_msg)
[I 2025-08-04 10:26:09,354] Trial 18 finished with value: 0.03975163791645209 and parameters: {'n_d': 28, 'n_a': 57, 'n_steps': 5, 'gamma': 1.4988273516467758, 'lambda_sparse': 0.0001434780191828118, 'lr': 0.008240180272315217, 'weight_decay': 0.0001423581796592278}. Best is trial 15 with value: 0.08261982833950277.
/work/dlclarge2/alidemaa-dl_lab/automl/automl-exam-ss25-tabular-freiburg-template/automl-tabular-env/lib/python3.10/site-packages/pytorch_tabnet/callbacks.py:172: UserWarning: Best weights from best epoch are automatically used!
  warnings.warn(wrn_msg)
[I 2025-08-04 10:26:34,597] Trial 19 finished with value: 0.005247397749530758 and parameters: {'n_d': 10, 'n_a': 48, 'n_steps': 6, 'gamma': 1.742279096815702, 'lambda_sparse': 0.004120368578211055, 'lr': 0.0001605243713347003, 'weight_decay': 0.00045020958818500024}. Best is trial 15 with value: 0.08261982833950277.
/work/dlclarge2/alidemaa-dl_lab/automl/automl-exam-ss25-tabular-freiburg-template/automl-tabular-env/lib/python3.10/site-packages/pytorch_tabnet/callbacks.py:172: UserWarning: Best weights from best epoch are automatically used!
  warnings.warn(wrn_msg)
[I 2025-08-04 10:27:26,133] A new study created in memory with name: no-name-966a82e4-0f47-4baa-99bb-3cd4be9d4c1f
/work/dlclarge2/alidemaa-dl_lab/automl/automl-exam-ss25-tabular-freiburg-template/automl-tabular-env/lib/python3.10/site-packages/pytorch_tabnet/callbacks.py:172: UserWarning: Best weights from best epoch are automatically used!
  warnings.warn(wrn_msg)
[I 2025-08-04 10:27:43,310] Trial 0 finished with value: 0.006524878949210167 and parameters: {'n_d': 42, 'n_a': 21, 'n_steps': 10, 'gamma': 1.9110364465275218, 'lambda_sparse': 5.805072708786653e-05, 'lr': 0.000785114365108512, 'weight_decay': 0.0002429250076576679}. Best is trial 0 with value: 0.006524878949210167.
/work/dlclarge2/alidemaa-dl_lab/automl/automl-exam-ss25-tabular-freiburg-template/automl-tabular-env/lib/python3.10/site-packages/pytorch_tabnet/callbacks.py:172: UserWarning: Best weights from best epoch are automatically used!
  warnings.warn(wrn_msg)
[I 2025-08-04 10:28:06,951] Trial 1 finished with value: -0.02700144344046085 and parameters: {'n_d': 36, 'n_a': 9, 'n_steps': 7, 'gamma': 1.5292566220641817, 'lambda_sparse': 1.8754682544509525e-05, 'lr': 0.0001028971474716675, 'weight_decay': 4.684572943161588e-05}. Best is trial 0 with value: 0.006524878949210167.
/work/dlclarge2/alidemaa-dl_lab/automl/automl-exam-ss25-tabular-freiburg-template/automl-tabular-env/lib/python3.10/site-packages/pytorch_tabnet/callbacks.py:172: UserWarning: Best weights from best epoch are automatically used!
  warnings.warn(wrn_msg)
[I 2025-08-04 10:29:21,052] Trial 2 finished with value: 0.04604141331313849 and parameters: {'n_d': 28, 'n_a': 55, 'n_steps': 9, 'gamma': 1.645041488805489, 'lambda_sparse': 2.515243223008715e-05, 'lr': 0.08448757529864905, 'weight_decay': 0.0003030899567826357}. Best is trial 2 with value: 0.04604141331313849.
/work/dlclarge2/alidemaa-dl_lab/automl/automl-exam-ss25-tabular-freiburg-template/automl-tabular-env/lib/python3.10/site-packages/pytorch_tabnet/callbacks.py:172: UserWarning: Best weights from best epoch are automatically used!
  warnings.warn(wrn_msg)
[I 2025-08-04 10:29:55,145] Trial 3 finished with value: 0.044805841862639806 and parameters: {'n_d': 33, 'n_a': 36, 'n_steps': 4, 'gamma': 1.0814549376311422, 'lambda_sparse': 0.0033336380606531894, 'lr': 0.005461244460952563, 'weight_decay': 0.00042729865292455714}. Best is trial 2 with value: 0.04604141331313849.
/work/dlclarge2/alidemaa-dl_lab/automl/automl-exam-ss25-tabular-freiburg-template/automl-tabular-env/lib/python3.10/site-packages/pytorch_tabnet/callbacks.py:172: UserWarning: Best weights from best epoch are automatically used!
  warnings.warn(wrn_msg)
[I 2025-08-04 10:30:35,991] Trial 4 finished with value: 0.03755491783405662 and parameters: {'n_d': 55, 'n_a': 34, 'n_steps': 7, 'gamma': 1.0433753876537526, 'lambda_sparse': 0.0005788110846591102, 'lr': 0.012750070204522339, 'weight_decay': 2.7396070631697004e-06}. Best is trial 2 with value: 0.04604141331313849.
/work/dlclarge2/alidemaa-dl_lab/automl/automl-exam-ss25-tabular-freiburg-template/automl-tabular-env/lib/python3.10/site-packages/pytorch_tabnet/callbacks.py:172: UserWarning: Best weights from best epoch are automatically used!
  warnings.warn(wrn_msg)
[I 2025-08-04 10:31:05,238] Trial 5 finished with value: 0.02937824157673441 and parameters: {'n_d': 13, 'n_a': 64, 'n_steps': 4, 'gamma': 1.79649991821538, 'lambda_sparse': 0.0010309994401073827, 'lr': 0.005511059624503813, 'weight_decay': 1.290723658648795e-06}. Best is trial 2 with value: 0.04604141331313849.
/work/dlclarge2/alidemaa-dl_lab/automl/automl-exam-ss25-tabular-freiburg-template/automl-tabular-env/lib/python3.10/site-packages/pytorch_tabnet/callbacks.py:172: UserWarning: Best weights from best epoch are automatically used!
  warnings.warn(wrn_msg)
[I 2025-08-04 10:31:42,411] Trial 6 finished with value: 0.025178868894507933 and parameters: {'n_d': 44, 'n_a': 14, 'n_steps': 6, 'gamma': 1.9349032345214612, 'lambda_sparse': 6.786757540678546e-05, 'lr': 0.014902602542588662, 'weight_decay': 3.136059994481931e-05}. Best is trial 2 with value: 0.04604141331313849.
/work/dlclarge2/alidemaa-dl_lab/automl/automl-exam-ss25-tabular-freiburg-template/automl-tabular-env/lib/python3.10/site-packages/pytorch_tabnet/callbacks.py:172: UserWarning: Best weights from best epoch are automatically used!
  warnings.warn(wrn_msg)
[I 2025-08-04 10:31:55,535] Trial 7 finished with value: -0.005648978994991616 and parameters: {'n_d': 57, 'n_a': 38, 'n_steps': 7, 'gamma': 1.646455878551747, 'lambda_sparse': 0.0006561859552993587, 'lr': 0.0003793137759303984, 'weight_decay': 1.0617401408561253e-06}. Best is trial 2 with value: 0.04604141331313849.
/work/dlclarge2/alidemaa-dl_lab/automl/automl-exam-ss25-tabular-freiburg-template/automl-tabular-env/lib/python3.10/site-packages/pytorch_tabnet/callbacks.py:172: UserWarning: Best weights from best epoch are automatically used!
  warnings.warn(wrn_msg)
[I 2025-08-04 10:32:24,801] Trial 8 finished with value: 0.029277150473043245 and parameters: {'n_d': 50, 'n_a': 35, 'n_steps': 5, 'gamma': 1.0092633117609533, 'lambda_sparse': 0.0005928561513772428, 'lr': 0.023520553363817823, 'weight_decay': 8.883777052468921e-05}. Best is trial 2 with value: 0.04604141331313849.
/work/dlclarge2/alidemaa-dl_lab/automl/automl-exam-ss25-tabular-freiburg-template/automl-tabular-env/lib/python3.10/site-packages/pytorch_tabnet/callbacks.py:172: UserWarning: Best weights from best epoch are automatically used!
  warnings.warn(wrn_msg)
[I 2025-08-04 10:33:06,298] Trial 9 finished with value: 0.02151738313596241 and parameters: {'n_d': 21, 'n_a': 40, 'n_steps': 5, 'gamma': 1.02355019906055, 'lambda_sparse': 0.0009556624368686266, 'lr': 0.001780666721896856, 'weight_decay': 5.756457273171967e-05}. Best is trial 2 with value: 0.04604141331313849.
/work/dlclarge2/alidemaa-dl_lab/automl/automl-exam-ss25-tabular-freiburg-template/automl-tabular-env/lib/python3.10/site-packages/pytorch_tabnet/callbacks.py:172: UserWarning: Best weights from best epoch are automatically used!
  warnings.warn(wrn_msg)
[I 2025-08-04 10:33:47,005] Trial 10 finished with value: 0.03720879040471792 and parameters: {'n_d': 25, 'n_a': 64, 'n_steps': 10, 'gamma': 1.285786641842766, 'lambda_sparse': 1.2930113508345438e-05, 'lr': 0.0704937727069518, 'weight_decay': 0.0007503517917356845}. Best is trial 2 with value: 0.04604141331313849.
/work/dlclarge2/alidemaa-dl_lab/automl/automl-exam-ss25-tabular-freiburg-template/automl-tabular-env/lib/python3.10/site-packages/pytorch_tabnet/callbacks.py:172: UserWarning: Best weights from best epoch are automatically used!
  warnings.warn(wrn_msg)
[I 2025-08-04 10:34:17,428] Trial 11 finished with value: 0.049039882375298216 and parameters: {'n_d': 30, 'n_a': 50, 'n_steps': 3, 'gamma': 1.311848935106475, 'lambda_sparse': 0.0001333954571762047, 'lr': 0.07467703994433594, 'weight_decay': 0.0009671666527077012}. Best is trial 11 with value: 0.049039882375298216.
/work/dlclarge2/alidemaa-dl_lab/automl/automl-exam-ss25-tabular-freiburg-template/automl-tabular-env/lib/python3.10/site-packages/pytorch_tabnet/callbacks.py:172: UserWarning: Best weights from best epoch are automatically used!
  warnings.warn(wrn_msg)
[I 2025-08-04 10:34:47,845] Trial 12 finished with value: 0.026607702403611322 and parameters: {'n_d': 26, 'n_a': 51, 'n_steps': 9, 'gamma': 1.3151851454839454, 'lambda_sparse': 0.00011561901702755087, 'lr': 0.07410262595751423, 'weight_decay': 0.000955485179527813}. Best is trial 11 with value: 0.049039882375298216.
/work/dlclarge2/alidemaa-dl_lab/automl/automl-exam-ss25-tabular-freiburg-template/automl-tabular-env/lib/python3.10/site-packages/pytorch_tabnet/callbacks.py:172: UserWarning: Best weights from best epoch are automatically used!
  warnings.warn(wrn_msg)
[I 2025-08-04 10:35:10,675] Trial 13 finished with value: 0.06150573533972559 and parameters: {'n_d': 15, 'n_a': 55, 'n_steps': 3, 'gamma': 1.3574061908611896, 'lambda_sparse': 0.0001461195201557897, 'lr': 0.09906731312193284, 'weight_decay': 0.00018559551990123823}. Best is trial 13 with value: 0.06150573533972559.
/work/dlclarge2/alidemaa-dl_lab/automl/automl-exam-ss25-tabular-freiburg-template/automl-tabular-env/lib/python3.10/site-packages/pytorch_tabnet/callbacks.py:172: UserWarning: Best weights from best epoch are automatically used!
  warnings.warn(wrn_msg)
[I 2025-08-04 10:35:23,258] Trial 14 finished with value: 0.022593761539312363 and parameters: {'n_d': 10, 'n_a': 49, 'n_steps': 3, 'gamma': 1.308337636928522, 'lambda_sparse': 0.00016165186252875685, 'lr': 0.04014606520529864, 'weight_decay': 1.2611958350204924e-05}. Best is trial 13 with value: 0.06150573533972559.
/work/dlclarge2/alidemaa-dl_lab/automl/automl-exam-ss25-tabular-freiburg-template/automl-tabular-env/lib/python3.10/site-packages/pytorch_tabnet/callbacks.py:172: UserWarning: Best weights from best epoch are automatically used!
  warnings.warn(wrn_msg)
[I 2025-08-04 10:35:35,229] Trial 15 finished with value: 0.03190297926401131 and parameters: {'n_d': 17, 'n_a': 46, 'n_steps': 3, 'gamma': 1.4149319307481254, 'lambda_sparse': 0.00977628638479651, 'lr': 0.02921246592825246, 'weight_decay': 0.00018261218832594367}. Best is trial 13 with value: 0.06150573533972559.
/work/dlclarge2/alidemaa-dl_lab/automl/automl-exam-ss25-tabular-freiburg-template/automl-tabular-env/lib/python3.10/site-packages/pytorch_tabnet/callbacks.py:172: UserWarning: Best weights from best epoch are automatically used!
  warnings.warn(wrn_msg)
[I 2025-08-04 10:36:03,616] Trial 16 finished with value: 0.04084064459733738 and parameters: {'n_d': 17, 'n_a': 59, 'n_steps': 3, 'gamma': 1.1710449979663724, 'lambda_sparse': 0.00021393556289761863, 'lr': 0.009445868045839944, 'weight_decay': 0.00012063124994194216}. Best is trial 13 with value: 0.06150573533972559.
/work/dlclarge2/alidemaa-dl_lab/automl/automl-exam-ss25-tabular-freiburg-template/automl-tabular-env/lib/python3.10/site-packages/pytorch_tabnet/callbacks.py:172: UserWarning: Best weights from best epoch are automatically used!
  warnings.warn(wrn_msg)
[I 2025-08-04 10:36:39,498] Trial 17 finished with value: 0.03631713635837852 and parameters: {'n_d': 31, 'n_a': 27, 'n_steps': 4, 'gamma': 1.4668646381024182, 'lambda_sparse': 7.340658748768423e-05, 'lr': 0.0021409075659405553, 'weight_decay': 1.4488112495770922e-05}. Best is trial 13 with value: 0.06150573533972559.
/work/dlclarge2/alidemaa-dl_lab/automl/automl-exam-ss25-tabular-freiburg-template/automl-tabular-env/lib/python3.10/site-packages/pytorch_tabnet/callbacks.py:172: UserWarning: Best weights from best epoch are automatically used!
  warnings.warn(wrn_msg)
