[I 2025-08-06 00:17:45,009] Trial 18 finished with value: 0.8539239245691377 and parameters: {'n_d': 63, 'n_a': 18, 'n_steps': 6, 'gamma': 1.4139297650355236, 'lambda_sparse': 0.0007673193960042576, 'lr': 0.011552264974563946, 'weight_decay': 5.417826396295679e-05}. Best is trial 17 with value: 0.8778721113153339.
/work/dlclarge2/alidemaa-dl_lab/automl/automl-exam-ss25-tabular-freiburg-template/automl-tabular-env/lib/python3.10/site-packages/pytorch_tabnet/callbacks.py:172: UserWarning: Best weights from best epoch are automatically used!
  warnings.warn(wrn_msg)
[I 2025-08-06 00:19:03,979] Trial 19 finished with value: 0.8459596048571714 and parameters: {'n_d': 64, 'n_a': 50, 'n_steps': 8, 'gamma': 1.3091811189645899, 'lambda_sparse': 0.001134464863850293, 'lr': 0.037799854104915286, 'weight_decay': 6.889900501242977e-06}. Best is trial 17 with value: 0.8778721113153339.
/work/dlclarge2/alidemaa-dl_lab/automl/automl-exam-ss25-tabular-freiburg-template/automl-tabular-env/lib/python3.10/site-packages/pytorch_tabnet/callbacks.py:172: UserWarning: Best weights from best epoch are automatically used!
  warnings.warn(wrn_msg)
[I 2025-08-06 00:19:56,999] A new study created in memory with name: no-name-0e9a9efe-8031-4a60-b216-90357c837b13
/work/dlclarge2/alidemaa-dl_lab/automl/automl-exam-ss25-tabular-freiburg-template/automl-tabular-env/lib/python3.10/site-packages/pytorch_tabnet/callbacks.py:172: UserWarning: Best weights from best epoch are automatically used!
  warnings.warn(wrn_msg)
[I 2025-08-06 00:20:29,247] Trial 0 finished with value: 0.8530235102223073 and parameters: {'n_d': 15, 'n_a': 36, 'n_steps': 4, 'gamma': 1.5549269657475846, 'lambda_sparse': 0.002826993135018442, 'lr': 0.028682656486189843, 'weight_decay': 0.0006112671643563226}. Best is trial 0 with value: 0.8530235102223073.
/work/dlclarge2/alidemaa-dl_lab/automl/automl-exam-ss25-tabular-freiburg-template/automl-tabular-env/lib/python3.10/site-packages/pytorch_tabnet/callbacks.py:172: UserWarning: Best weights from best epoch are automatically used!
  warnings.warn(wrn_msg)
[I 2025-08-06 00:21:18,878] Trial 1 finished with value: 0.8675258918039883 and parameters: {'n_d': 35, 'n_a': 18, 'n_steps': 4, 'gamma': 1.5657449251427293, 'lambda_sparse': 1.4210174177046971e-05, 'lr': 0.002675052512466059, 'weight_decay': 3.3638526216989886e-06}. Best is trial 1 with value: 0.8675258918039883.
/work/dlclarge2/alidemaa-dl_lab/automl/automl-exam-ss25-tabular-freiburg-template/automl-tabular-env/lib/python3.10/site-packages/pytorch_tabnet/callbacks.py:172: UserWarning: Best weights from best epoch are automatically used!
  warnings.warn(wrn_msg)
[I 2025-08-06 00:22:02,585] Trial 2 finished with value: 0.848362999783541 and parameters: {'n_d': 25, 'n_a': 34, 'n_steps': 4, 'gamma': 1.175854946557554, 'lambda_sparse': 0.0032549378454053823, 'lr': 0.000999477534180299, 'weight_decay': 0.0009613000372300278}. Best is trial 1 with value: 0.8675258918039883.
/work/dlclarge2/alidemaa-dl_lab/automl/automl-exam-ss25-tabular-freiburg-template/automl-tabular-env/lib/python3.10/site-packages/pytorch_tabnet/callbacks.py:172: UserWarning: Best weights from best epoch are automatically used!
  warnings.warn(wrn_msg)
[I 2025-08-06 00:22:54,327] Trial 3 finished with value: -3.650697850438008 and parameters: {'n_d': 47, 'n_a': 53, 'n_steps': 8, 'gamma': 1.1552659367082652, 'lambda_sparse': 3.213888772730279e-05, 'lr': 0.0001662814280728519, 'weight_decay': 2.9442267523146352e-06}. Best is trial 1 with value: 0.8675258918039883.
/work/dlclarge2/alidemaa-dl_lab/automl/automl-exam-ss25-tabular-freiburg-template/automl-tabular-env/lib/python3.10/site-packages/pytorch_tabnet/callbacks.py:172: UserWarning: Best weights from best epoch are automatically used!
  warnings.warn(wrn_msg)
[I 2025-08-06 00:23:25,824] Trial 4 finished with value: 0.8746174567632594 and parameters: {'n_d': 44, 'n_a': 52, 'n_steps': 3, 'gamma': 1.3744449777003038, 'lambda_sparse': 2.191388415713143e-05, 'lr': 0.020244482219562716, 'weight_decay': 0.0002200736811283064}. Best is trial 4 with value: 0.8746174567632594.
/work/dlclarge2/alidemaa-dl_lab/automl/automl-exam-ss25-tabular-freiburg-template/automl-tabular-env/lib/python3.10/site-packages/pytorch_tabnet/callbacks.py:172: UserWarning: Best weights from best epoch are automatically used!
  warnings.warn(wrn_msg)
[I 2025-08-06 00:24:19,875] Trial 5 finished with value: -1.3718215694027132 and parameters: {'n_d': 37, 'n_a': 8, 'n_steps': 5, 'gamma': 1.9346638757859982, 'lambda_sparse': 0.004154870352022274, 'lr': 0.00011258371010602937, 'weight_decay': 3.46066710084956e-05}. Best is trial 4 with value: 0.8746174567632594.
/work/dlclarge2/alidemaa-dl_lab/automl/automl-exam-ss25-tabular-freiburg-template/automl-tabular-env/lib/python3.10/site-packages/pytorch_tabnet/callbacks.py:172: UserWarning: Best weights from best epoch are automatically used!
  warnings.warn(wrn_msg)
[I 2025-08-06 00:25:16,921] Trial 6 finished with value: 0.65784902462814 and parameters: {'n_d': 33, 'n_a': 38, 'n_steps': 5, 'gamma': 1.3136255838857531, 'lambda_sparse': 0.0033329316133817602, 'lr': 0.00039962289055705787, 'weight_decay': 3.711123188436494e-05}. Best is trial 4 with value: 0.8746174567632594.
/work/dlclarge2/alidemaa-dl_lab/automl/automl-exam-ss25-tabular-freiburg-template/automl-tabular-env/lib/python3.10/site-packages/pytorch_tabnet/callbacks.py:172: UserWarning: Best weights from best epoch are automatically used!
  warnings.warn(wrn_msg)
[I 2025-08-06 00:25:49,847] Trial 7 finished with value: 0.12053618864299476 and parameters: {'n_d': 24, 'n_a': 17, 'n_steps': 3, 'gamma': 1.2221654677963836, 'lambda_sparse': 0.0036918875365698546, 'lr': 0.00010101729465083367, 'weight_decay': 0.00010522352474177163}. Best is trial 4 with value: 0.8746174567632594.
/work/dlclarge2/alidemaa-dl_lab/automl/automl-exam-ss25-tabular-freiburg-template/automl-tabular-env/lib/python3.10/site-packages/pytorch_tabnet/callbacks.py:172: UserWarning: Best weights from best epoch are automatically used!
  warnings.warn(wrn_msg)
[I 2025-08-06 00:26:09,480] Trial 8 finished with value: 0.8365241095361315 and parameters: {'n_d': 46, 'n_a': 48, 'n_steps': 4, 'gamma': 1.6681965668673275, 'lambda_sparse': 0.002001180738063298, 'lr': 0.05284305575334232, 'weight_decay': 0.00012877314894970253}. Best is trial 4 with value: 0.8746174567632594.
/work/dlclarge2/alidemaa-dl_lab/automl/automl-exam-ss25-tabular-freiburg-template/automl-tabular-env/lib/python3.10/site-packages/pytorch_tabnet/callbacks.py:172: UserWarning: Best weights from best epoch are automatically used!
  warnings.warn(wrn_msg)
[I 2025-08-06 00:27:31,033] Trial 9 finished with value: 0.8678488879405235 and parameters: {'n_d': 28, 'n_a': 8, 'n_steps': 9, 'gamma': 1.1830712720277592, 'lambda_sparse': 4.549277398183264e-05, 'lr': 0.018850249364419334, 'weight_decay': 0.0003350457606162491}. Best is trial 4 with value: 0.8746174567632594.
/work/dlclarge2/alidemaa-dl_lab/automl/automl-exam-ss25-tabular-freiburg-template/automl-tabular-env/lib/python3.10/site-packages/pytorch_tabnet/callbacks.py:172: UserWarning: Best weights from best epoch are automatically used!
  warnings.warn(wrn_msg)
[I 2025-08-06 00:28:43,286] Trial 10 finished with value: 0.8550537025134691 and parameters: {'n_d': 63, 'n_a': 61, 'n_steps': 7, 'gamma': 1.3805837987655283, 'lambda_sparse': 0.00022168351009973486, 'lr': 0.008972007093026974, 'weight_decay': 8.285326332902849e-06}. Best is trial 4 with value: 0.8746174567632594.
/work/dlclarge2/alidemaa-dl_lab/automl/automl-exam-ss25-tabular-freiburg-template/automl-tabular-env/lib/python3.10/site-packages/pytorch_tabnet/callbacks.py:172: UserWarning: Best weights from best epoch are automatically used!
  warnings.warn(wrn_msg)
[I 2025-08-06 00:30:14,574] Trial 11 finished with value: 0.8738309369547119 and parameters: {'n_d': 52, 'n_a': 63, 'n_steps': 10, 'gamma': 1.088783534103354, 'lambda_sparse': 7.950980281296852e-05, 'lr': 0.013541644431898472, 'weight_decay': 0.0002102334139789581}. Best is trial 4 with value: 0.8746174567632594.
/work/dlclarge2/alidemaa-dl_lab/automl/automl-exam-ss25-tabular-freiburg-template/automl-tabular-env/lib/python3.10/site-packages/pytorch_tabnet/callbacks.py:172: UserWarning: Best weights from best epoch are automatically used!
  warnings.warn(wrn_msg)
[I 2025-08-06 00:31:13,705] Trial 12 finished with value: 0.823383396004042 and parameters: {'n_d': 58, 'n_a': 63, 'n_steps': 10, 'gamma': 1.0192163086420067, 'lambda_sparse': 0.00015037279984086654, 'lr': 0.09632930374684812, 'weight_decay': 0.00017644608808130722}. Best is trial 4 with value: 0.8746174567632594.
/work/dlclarge2/alidemaa-dl_lab/automl/automl-exam-ss25-tabular-freiburg-template/automl-tabular-env/lib/python3.10/site-packages/pytorch_tabnet/callbacks.py:172: UserWarning: Best weights from best epoch are automatically used!
  warnings.warn(wrn_msg)
[I 2025-08-06 00:32:25,614] Trial 13 finished with value: 0.8917115166504109 and parameters: {'n_d': 50, 'n_a': 52, 'n_steps': 7, 'gamma': 1.0072409020045083, 'lambda_sparse': 9.14226667900928e-05, 'lr': 0.006783558167532151, 'weight_decay': 6.77662435224686e-05}. Best is trial 13 with value: 0.8917115166504109.
/work/dlclarge2/alidemaa-dl_lab/automl/automl-exam-ss25-tabular-freiburg-template/automl-tabular-env/lib/python3.10/site-packages/pytorch_tabnet/callbacks.py:172: UserWarning: Best weights from best epoch are automatically used!
  warnings.warn(wrn_msg)
[I 2025-08-06 00:33:37,530] Trial 14 finished with value: 0.8441171521131923 and parameters: {'n_d': 43, 'n_a': 48, 'n_steps': 7, 'gamma': 1.7897070478886405, 'lambda_sparse': 0.0006946128285372483, 'lr': 0.005018506771096552, 'weight_decay': 1.733301919346144e-05}. Best is trial 13 with value: 0.8917115166504109.
/work/dlclarge2/alidemaa-dl_lab/automl/automl-exam-ss25-tabular-freiburg-template/automl-tabular-env/lib/python3.10/site-packages/pytorch_tabnet/callbacks.py:172: UserWarning: Best weights from best epoch are automatically used!
  warnings.warn(wrn_msg)
[I 2025-08-06 00:34:41,994] Trial 15 finished with value: 0.8552470289836196 and parameters: {'n_d': 54, 'n_a': 54, 'n_steps': 6, 'gamma': 1.4190911493848315, 'lambda_sparse': 1.2393616045104875e-05, 'lr': 0.0020161755254056186, 'weight_decay': 5.808293536980802e-05}. Best is trial 13 with value: 0.8917115166504109.
/work/dlclarge2/alidemaa-dl_lab/automl/automl-exam-ss25-tabular-freiburg-template/automl-tabular-env/lib/python3.10/site-packages/pytorch_tabnet/callbacks.py:172: UserWarning: Best weights from best epoch are automatically used!
  warnings.warn(wrn_msg)
[I 2025-08-06 00:36:01,424] Trial 16 finished with value: 0.8732693637985887 and parameters: {'n_d': 41, 'n_a': 44, 'n_steps': 8, 'gamma': 1.0124375301115345, 'lambda_sparse': 0.0005997054900058539, 'lr': 0.0057215480335997574, 'weight_decay': 1.264648102131992e-06}. Best is trial 13 with value: 0.8917115166504109.
/work/dlclarge2/alidemaa-dl_lab/automl/automl-exam-ss25-tabular-freiburg-template/automl-tabular-env/lib/python3.10/site-packages/pytorch_tabnet/callbacks.py:172: UserWarning: Best weights from best epoch are automatically used!
  warnings.warn(wrn_msg)
[I 2025-08-06 00:37:06,010] Trial 17 finished with value: 0.7762418359548307 and parameters: {'n_d': 52, 'n_a': 28, 'n_steps': 6, 'gamma': 1.3031776002977031, 'lambda_sparse': 3.1928800967257434e-05, 'lr': 0.0011742265699679964, 'weight_decay': 1.5891075402539902e-05}. Best is trial 13 with value: 0.8917115166504109.
/work/dlclarge2/alidemaa-dl_lab/automl/automl-exam-ss25-tabular-freiburg-template/automl-tabular-env/lib/python3.10/site-packages/pytorch_tabnet/callbacks.py:172: UserWarning: Best weights from best epoch are automatically used!
  warnings.warn(wrn_msg)
[I 2025-08-06 00:37:42,312] Trial 18 finished with value: 0.8630129169506695 and parameters: {'n_d': 62, 'n_a': 54, 'n_steps': 3, 'gamma': 1.4545909297793465, 'lambda_sparse': 7.43792838902344e-05, 'lr': 0.03384990472139874, 'weight_decay': 0.00035459166398956523}. Best is trial 13 with value: 0.8917115166504109.
/work/dlclarge2/alidemaa-dl_lab/automl/automl-exam-ss25-tabular-freiburg-template/automl-tabular-env/lib/python3.10/site-packages/pytorch_tabnet/callbacks.py:172: UserWarning: Best weights from best epoch are automatically used!
  warnings.warn(wrn_msg)
[I 2025-08-06 00:38:57,182] Trial 19 finished with value: 0.8451913371291044 and parameters: {'n_d': 13, 'n_a': 41, 'n_steps': 8, 'gamma': 1.7332018460407308, 'lambda_sparse': 0.0004737158416411091, 'lr': 0.009295377300948121, 'weight_decay': 6.196008759517318e-05}. Best is trial 13 with value: 0.8917115166504109.
/work/dlclarge2/alidemaa-dl_lab/automl/automl-exam-ss25-tabular-freiburg-template/automl-tabular-env/lib/python3.10/site-packages/pytorch_tabnet/callbacks.py:172: UserWarning: Best weights from best epoch are automatically used!
  warnings.warn(wrn_msg)
[I 2025-08-06 00:40:14,113] A new study created in memory with name: no-name-3549f1f0-0e2c-4e60-86d0-38f569380873
/work/dlclarge2/alidemaa-dl_lab/automl/automl-exam-ss25-tabular-freiburg-template/automl-tabular-env/lib/python3.10/site-packages/pytorch_tabnet/callbacks.py:172: UserWarning: Best weights from best epoch are automatically used!
  warnings.warn(wrn_msg)
[I 2025-08-06 00:41:14,538] Trial 0 finished with value: 0.7103451510909122 and parameters: {'n_d': 27, 'n_a': 11, 'n_steps': 7, 'gamma': 1.9953707563950598, 'lambda_sparse': 0.0027108414200657763, 'lr': 0.0031276097086954356, 'weight_decay': 2.2943334751152958e-06}. Best is trial 0 with value: 0.7103451510909122.
/work/dlclarge2/alidemaa-dl_lab/automl/automl-exam-ss25-tabular-freiburg-template/automl-tabular-env/lib/python3.10/site-packages/pytorch_tabnet/callbacks.py:172: UserWarning: Best weights from best epoch are automatically used!
  warnings.warn(wrn_msg)
[I 2025-08-06 00:42:02,196] Trial 1 finished with value: 0.3476060994308027 and parameters: {'n_d': 32, 'n_a': 23, 'n_steps': 4, 'gamma': 1.930153258347039, 'lambda_sparse': 7.043686007996167e-05, 'lr': 0.00031289523649670063, 'weight_decay': 4.707083478134883e-06}. Best is trial 0 with value: 0.7103451510909122.
/work/dlclarge2/alidemaa-dl_lab/automl/automl-exam-ss25-tabular-freiburg-template/automl-tabular-env/lib/python3.10/site-packages/pytorch_tabnet/callbacks.py:172: UserWarning: Best weights from best epoch are automatically used!
  warnings.warn(wrn_msg)
[I 2025-08-06 00:42:59,119] Trial 2 finished with value: 0.46193942739187566 and parameters: {'n_d': 44, 'n_a': 37, 'n_steps': 5, 'gamma': 1.5386457618731035, 'lambda_sparse': 0.0004530678179803037, 'lr': 0.0003933681824678378, 'weight_decay': 5.806618546948369e-05}. Best is trial 0 with value: 0.7103451510909122.
/work/dlclarge2/alidemaa-dl_lab/automl/automl-exam-ss25-tabular-freiburg-template/automl-tabular-env/lib/python3.10/site-packages/pytorch_tabnet/callbacks.py:172: UserWarning: Best weights from best epoch are automatically used!
  warnings.warn(wrn_msg)
[I 2025-08-06 00:44:11,201] Trial 3 finished with value: 0.16453062537368168 and parameters: {'n_d': 14, 'n_a': 61, 'n_steps': 7, 'gamma': 1.8547647233799944, 'lambda_sparse': 4.486416586353476e-05, 'lr': 0.00048661525021583105, 'weight_decay': 7.049171766220154e-05}. Best is trial 0 with value: 0.7103451510909122.
/work/dlclarge2/alidemaa-dl_lab/automl/automl-exam-ss25-tabular-freiburg-template/automl-tabular-env/lib/python3.10/site-packages/pytorch_tabnet/callbacks.py:172: UserWarning: Best weights from best epoch are automatically used!
  warnings.warn(wrn_msg)
[I 2025-08-06 00:45:30,667] Trial 4 finished with value: 0.8655708308121072 and parameters: {'n_d': 61, 'n_a': 42, 'n_steps': 8, 'gamma': 1.296049994184489, 'lambda_sparse': 0.0024155983448457714, 'lr': 0.020093021382804888, 'weight_decay': 5.601426267766589e-06}. Best is trial 4 with value: 0.8655708308121072.
/work/dlclarge2/alidemaa-dl_lab/automl/automl-exam-ss25-tabular-freiburg-template/automl-tabular-env/lib/python3.10/site-packages/pytorch_tabnet/callbacks.py:172: UserWarning: Best weights from best epoch are automatically used!
  warnings.warn(wrn_msg)
[I 2025-08-06 00:46:20,244] Trial 5 finished with value: 0.5076891585996164 and parameters: {'n_d': 64, 'n_a': 44, 'n_steps': 4, 'gamma': 1.402189387932474, 'lambda_sparse': 0.003535644977058105, 'lr': 0.0001831585871828089, 'weight_decay': 1.0336873575148563e-05}. Best is trial 4 with value: 0.8655708308121072.
/work/dlclarge2/alidemaa-dl_lab/automl/automl-exam-ss25-tabular-freiburg-template/automl-tabular-env/lib/python3.10/site-packages/pytorch_tabnet/callbacks.py:172: UserWarning: Best weights from best epoch are automatically used!
  warnings.warn(wrn_msg)
[I 2025-08-06 00:47:47,292] Trial 6 finished with value: 0.6944080634181282 and parameters: {'n_d': 50, 'n_a': 40, 'n_steps': 9, 'gamma': 1.8105332730196002, 'lambda_sparse': 0.008462767695272957, 'lr': 0.0022251069308132773, 'weight_decay': 2.2418466118866786e-05}. Best is trial 4 with value: 0.8655708308121072.
/work/dlclarge2/alidemaa-dl_lab/automl/automl-exam-ss25-tabular-freiburg-template/automl-tabular-env/lib/python3.10/site-packages/pytorch_tabnet/callbacks.py:172: UserWarning: Best weights from best epoch are automatically used!
  warnings.warn(wrn_msg)
[I 2025-08-06 00:48:25,147] Trial 7 finished with value: 0.8390130632559176 and parameters: {'n_d': 60, 'n_a': 59, 'n_steps': 6, 'gamma': 1.647599196874725, 'lambda_sparse': 0.008173354552925647, 'lr': 0.014801446856995606, 'weight_decay': 3.81130208132863e-06}. Best is trial 4 with value: 0.8655708308121072.
/work/dlclarge2/alidemaa-dl_lab/automl/automl-exam-ss25-tabular-freiburg-template/automl-tabular-env/lib/python3.10/site-packages/pytorch_tabnet/callbacks.py:172: UserWarning: Best weights from best epoch are automatically used!
  warnings.warn(wrn_msg)
[I 2025-08-06 00:49:20,848] Trial 8 finished with value: 0.8398878297248559 and parameters: {'n_d': 22, 'n_a': 49, 'n_steps': 7, 'gamma': 1.7951777924824381, 'lambda_sparse': 0.0007852988853372407, 'lr': 0.03522418428068675, 'weight_decay': 5.347936800019627e-06}. Best is trial 4 with value: 0.8655708308121072.
/work/dlclarge2/alidemaa-dl_lab/automl/automl-exam-ss25-tabular-freiburg-template/automl-tabular-env/lib/python3.10/site-packages/pytorch_tabnet/callbacks.py:172: UserWarning: Best weights from best epoch are automatically used!
  warnings.warn(wrn_msg)
[I 2025-08-06 00:50:25,230] Trial 9 finished with value: 0.8464916933772391 and parameters: {'n_d': 39, 'n_a': 54, 'n_steps': 6, 'gamma': 1.360949585395053, 'lambda_sparse': 3.5470710270130563e-05, 'lr': 0.002136788103440707, 'weight_decay': 0.00016144777875165997}. Best is trial 4 with value: 0.8655708308121072.
/work/dlclarge2/alidemaa-dl_lab/automl/automl-exam-ss25-tabular-freiburg-template/automl-tabular-env/lib/python3.10/site-packages/pytorch_tabnet/callbacks.py:172: UserWarning: Best weights from best epoch are automatically used!
  warnings.warn(wrn_msg)
[I 2025-08-06 00:51:41,352] Trial 10 finished with value: 0.7823705711710734 and parameters: {'n_d': 52, 'n_a': 28, 'n_steps': 10, 'gamma': 1.1013021534246827, 'lambda_sparse': 0.001204326962629924, 'lr': 0.09140963650786253, 'weight_decay': 0.0007537296130036108}. Best is trial 4 with value: 0.8655708308121072.
/work/dlclarge2/alidemaa-dl_lab/automl/automl-exam-ss25-tabular-freiburg-template/automl-tabular-env/lib/python3.10/site-packages/pytorch_tabnet/callbacks.py:172: UserWarning: Best weights from best epoch are automatically used!
  warnings.warn(wrn_msg)
[I 2025-08-06 00:53:08,896] Trial 11 finished with value: 0.8678811473306411 and parameters: {'n_d': 39, 'n_a': 51, 'n_steps': 9, 'gamma': 1.2562546620833581, 'lambda_sparse': 1.1766610972579741e-05, 'lr': 0.009592725655953555, 'weight_decay': 0.0002243817208637833}. Best is trial 11 with value: 0.8678811473306411.
/work/dlclarge2/alidemaa-dl_lab/automl/automl-exam-ss25-tabular-freiburg-template/automl-tabular-env/lib/python3.10/site-packages/pytorch_tabnet/callbacks.py:172: UserWarning: Best weights from best epoch are automatically used!
  warnings.warn(wrn_msg)
[I 2025-08-06 00:54:36,204] Trial 12 finished with value: 0.84243434554289 and parameters: {'n_d': 10, 'n_a': 48, 'n_steps': 9, 'gamma': 1.1632371525484473, 'lambda_sparse': 0.0002004964899845591, 'lr': 0.010852454512054906, 'weight_decay': 1.145906798642726e-06}. Best is trial 11 with value: 0.8678811473306411.
/work/dlclarge2/alidemaa-dl_lab/automl/automl-exam-ss25-tabular-freiburg-template/automl-tabular-env/lib/python3.10/site-packages/pytorch_tabnet/callbacks.py:172: UserWarning: Best weights from best epoch are automatically used!
  warnings.warn(wrn_msg)
[I 2025-08-06 00:56:03,780] Trial 13 finished with value: 0.8590046465478471 and parameters: {'n_d': 54, 'n_a': 31, 'n_steps': 9, 'gamma': 1.2571404396865216, 'lambda_sparse': 1.5259009277876675e-05, 'lr': 0.010280727107342584, 'weight_decay': 0.0003831464749955852}. Best is trial 11 with value: 0.8678811473306411.
/work/dlclarge2/alidemaa-dl_lab/automl/automl-exam-ss25-tabular-freiburg-template/automl-tabular-env/lib/python3.10/site-packages/pytorch_tabnet/callbacks.py:172: UserWarning: Best weights from best epoch are automatically used!
  warnings.warn(wrn_msg)
[I 2025-08-06 00:57:23,011] Trial 14 finished with value: 0.8743011385678616 and parameters: {'n_d': 41, 'n_a': 53, 'n_steps': 8, 'gamma': 1.021945212554451, 'lambda_sparse': 0.0001336420398602979, 'lr': 0.032510085150045956, 'weight_decay': 1.7937609734559095e-05}. Best is trial 14 with value: 0.8743011385678616.
/work/dlclarge2/alidemaa-dl_lab/automl/automl-exam-ss25-tabular-freiburg-template/automl-tabular-env/lib/python3.10/site-packages/pytorch_tabnet/callbacks.py:172: UserWarning: Best weights from best epoch are automatically used!
  warnings.warn(wrn_msg)
