[I 2025-08-03 11:51:43,421] Trial 19 finished with value: 0.9180013013566954 and parameters: {'n_d': 16, 'n_a': 53, 'n_steps': 7, 'gamma': 1.144455744940666, 'lambda_sparse': 2.0835327286234653e-05, 'lr': 0.04684284077763232, 'weight_decay': 0.00030312304856460387}. Best is trial 18 with value: 0.9311710099189204.
/work/dlclarge2/alidemaa-dl_lab/automl/automl-exam-ss25-tabular-freiburg-template/automl-tabular-env/lib/python3.10/site-packages/pytorch_tabnet/callbacks.py:172: UserWarning: Best weights from best epoch are automatically used!
  warnings.warn(wrn_msg)
[I 2025-08-03 11:53:35,005] A new study created in memory with name: no-name-53c4b359-97a6-49eb-8825-6c86da47459b
/work/dlclarge2/alidemaa-dl_lab/automl/automl-exam-ss25-tabular-freiburg-template/automl-tabular-env/lib/python3.10/site-packages/pytorch_tabnet/callbacks.py:172: UserWarning: Best weights from best epoch are automatically used!
  warnings.warn(wrn_msg)
[I 2025-08-03 11:54:19,714] Trial 0 finished with value: 0.5873338561946415 and parameters: {'n_d': 60, 'n_a': 64, 'n_steps': 10, 'gamma': 1.1249197197486296, 'lambda_sparse': 0.00020753246580071087, 'lr': 0.06364259441286739, 'weight_decay': 0.00021413192382454987}. Best is trial 0 with value: 0.5873338561946415.
/work/dlclarge2/alidemaa-dl_lab/automl/automl-exam-ss25-tabular-freiburg-template/automl-tabular-env/lib/python3.10/site-packages/pytorch_tabnet/callbacks.py:172: UserWarning: Best weights from best epoch are automatically used!
  warnings.warn(wrn_msg)
[I 2025-08-03 11:55:36,890] Trial 1 finished with value: 0.9145814061582744 and parameters: {'n_d': 24, 'n_a': 55, 'n_steps': 6, 'gamma': 1.8094504155043964, 'lambda_sparse': 0.0018955957455882514, 'lr': 0.006457877886879398, 'weight_decay': 0.00019072370338475537}. Best is trial 1 with value: 0.9145814061582744.
/work/dlclarge2/alidemaa-dl_lab/automl/automl-exam-ss25-tabular-freiburg-template/automl-tabular-env/lib/python3.10/site-packages/pytorch_tabnet/callbacks.py:172: UserWarning: Best weights from best epoch are automatically used!
  warnings.warn(wrn_msg)
[I 2025-08-03 11:56:23,501] Trial 2 finished with value: 0.9290979440212503 and parameters: {'n_d': 35, 'n_a': 52, 'n_steps': 3, 'gamma': 1.0717994705770029, 'lambda_sparse': 0.00039983870635620607, 'lr': 0.006649636315692611, 'weight_decay': 0.00014125518918523615}. Best is trial 2 with value: 0.9290979440212503.
/work/dlclarge2/alidemaa-dl_lab/automl/automl-exam-ss25-tabular-freiburg-template/automl-tabular-env/lib/python3.10/site-packages/pytorch_tabnet/callbacks.py:172: UserWarning: Best weights from best epoch are automatically used!
  warnings.warn(wrn_msg)
[I 2025-08-03 11:57:10,737] Trial 3 finished with value: 0.9228880232679444 and parameters: {'n_d': 27, 'n_a': 63, 'n_steps': 3, 'gamma': 1.2670052768651752, 'lambda_sparse': 0.009960023767033038, 'lr': 0.0019241467938358285, 'weight_decay': 0.0002546922539140824}. Best is trial 2 with value: 0.9290979440212503.
/work/dlclarge2/alidemaa-dl_lab/automl/automl-exam-ss25-tabular-freiburg-template/automl-tabular-env/lib/python3.10/site-packages/pytorch_tabnet/callbacks.py:172: UserWarning: Best weights from best epoch are automatically used!
  warnings.warn(wrn_msg)
[I 2025-08-03 11:58:36,816] Trial 4 finished with value: 0.9129161568060715 and parameters: {'n_d': 25, 'n_a': 35, 'n_steps': 7, 'gamma': 1.7071789737230751, 'lambda_sparse': 6.166049239304592e-05, 'lr': 0.07534828873818583, 'weight_decay': 0.00018629914787757814}. Best is trial 2 with value: 0.9290979440212503.
/work/dlclarge2/alidemaa-dl_lab/automl/automl-exam-ss25-tabular-freiburg-template/automl-tabular-env/lib/python3.10/site-packages/pytorch_tabnet/callbacks.py:172: UserWarning: Best weights from best epoch are automatically used!
  warnings.warn(wrn_msg)
[I 2025-08-03 12:00:37,628] Trial 5 finished with value: 0.786168505623513 and parameters: {'n_d': 8, 'n_a': 10, 'n_steps': 10, 'gamma': 1.6966693674443025, 'lambda_sparse': 0.0006796992677494541, 'lr': 0.002208612167325033, 'weight_decay': 1.886591800181006e-05}. Best is trial 2 with value: 0.9290979440212503.
/work/dlclarge2/alidemaa-dl_lab/automl/automl-exam-ss25-tabular-freiburg-template/automl-tabular-env/lib/python3.10/site-packages/pytorch_tabnet/callbacks.py:172: UserWarning: Best weights from best epoch are automatically used!
  warnings.warn(wrn_msg)
[I 2025-08-03 12:02:03,303] Trial 6 finished with value: 0.9323994838088345 and parameters: {'n_d': 37, 'n_a': 13, 'n_steps': 7, 'gamma': 1.045832305971932, 'lambda_sparse': 8.136443715240324e-05, 'lr': 0.005156364667198102, 'weight_decay': 9.282482464866801e-05}. Best is trial 6 with value: 0.9323994838088345.
/work/dlclarge2/alidemaa-dl_lab/automl/automl-exam-ss25-tabular-freiburg-template/automl-tabular-env/lib/python3.10/site-packages/pytorch_tabnet/callbacks.py:172: UserWarning: Best weights from best epoch are automatically used!
  warnings.warn(wrn_msg)
[I 2025-08-03 12:03:57,786] Trial 7 finished with value: 0.39597359816997824 and parameters: {'n_d': 28, 'n_a': 31, 'n_steps': 10, 'gamma': 1.608685575993189, 'lambda_sparse': 0.0010631162617055652, 'lr': 0.00019095957118323505, 'weight_decay': 8.835529178425793e-06}. Best is trial 6 with value: 0.9323994838088345.
/work/dlclarge2/alidemaa-dl_lab/automl/automl-exam-ss25-tabular-freiburg-template/automl-tabular-env/lib/python3.10/site-packages/pytorch_tabnet/callbacks.py:172: UserWarning: Best weights from best epoch are automatically used!
  warnings.warn(wrn_msg)
[I 2025-08-03 12:04:43,508] Trial 8 finished with value: 0.9178063030702651 and parameters: {'n_d': 35, 'n_a': 44, 'n_steps': 3, 'gamma': 1.4282830411096556, 'lambda_sparse': 0.0032945507626855083, 'lr': 0.0047178855471369735, 'weight_decay': 2.7023848995825076e-06}. Best is trial 6 with value: 0.9323994838088345.
/work/dlclarge2/alidemaa-dl_lab/automl/automl-exam-ss25-tabular-freiburg-template/automl-tabular-env/lib/python3.10/site-packages/pytorch_tabnet/callbacks.py:172: UserWarning: Best weights from best epoch are automatically used!
  warnings.warn(wrn_msg)
[I 2025-08-03 12:06:27,477] Trial 9 finished with value: 0.7835266096905202 and parameters: {'n_d': 52, 'n_a': 11, 'n_steps': 9, 'gamma': 1.90360246537212, 'lambda_sparse': 0.0007015483271367986, 'lr': 0.0015499021026795542, 'weight_decay': 7.87927737211449e-06}. Best is trial 6 with value: 0.9323994838088345.
/work/dlclarge2/alidemaa-dl_lab/automl/automl-exam-ss25-tabular-freiburg-template/automl-tabular-env/lib/python3.10/site-packages/pytorch_tabnet/callbacks.py:172: UserWarning: Best weights from best epoch are automatically used!
  warnings.warn(wrn_msg)
[I 2025-08-03 12:07:43,110] Trial 10 finished with value: 0.7741095362415541 and parameters: {'n_d': 48, 'n_a': 25, 'n_steps': 6, 'gamma': 1.367975321387711, 'lambda_sparse': 2.5098822411598365e-05, 'lr': 0.0002799542147279329, 'weight_decay': 4.844335216985948e-05}. Best is trial 6 with value: 0.9323994838088345.
/work/dlclarge2/alidemaa-dl_lab/automl/automl-exam-ss25-tabular-freiburg-template/automl-tabular-env/lib/python3.10/site-packages/pytorch_tabnet/callbacks.py:172: UserWarning: Best weights from best epoch are automatically used!
  warnings.warn(wrn_msg)
[I 2025-08-03 12:08:48,954] Trial 11 finished with value: 0.9253933386697496 and parameters: {'n_d': 42, 'n_a': 47, 'n_steps': 5, 'gamma': 1.0233154995439282, 'lambda_sparse': 0.00012278910674319641, 'lr': 0.012148408953628202, 'weight_decay': 5.3800169307485424e-05}. Best is trial 6 with value: 0.9323994838088345.
/work/dlclarge2/alidemaa-dl_lab/automl/automl-exam-ss25-tabular-freiburg-template/automl-tabular-env/lib/python3.10/site-packages/pytorch_tabnet/callbacks.py:172: UserWarning: Best weights from best epoch are automatically used!
  warnings.warn(wrn_msg)
[I 2025-08-03 12:10:22,296] Trial 12 finished with value: 0.9261447329649058 and parameters: {'n_d': 38, 'n_a': 18, 'n_steps': 8, 'gamma': 1.1910614430134865, 'lambda_sparse': 1.3896946046692222e-05, 'lr': 0.017325814246580286, 'weight_decay': 0.0008920688920186071}. Best is trial 6 with value: 0.9323994838088345.
/work/dlclarge2/alidemaa-dl_lab/automl/automl-exam-ss25-tabular-freiburg-template/automl-tabular-env/lib/python3.10/site-packages/pytorch_tabnet/callbacks.py:172: UserWarning: Best weights from best epoch are automatically used!
  warnings.warn(wrn_msg)
[I 2025-08-03 12:10:39,445] Trial 13 finished with value: 0.6012270456166482 and parameters: {'n_d': 14, 'n_a': 46, 'n_steps': 4, 'gamma': 1.004432878465577, 'lambda_sparse': 5.812545617631231e-05, 'lr': 0.02408065570640737, 'weight_decay': 0.0008206866569659744}. Best is trial 6 with value: 0.9323994838088345.
/work/dlclarge2/alidemaa-dl_lab/automl/automl-exam-ss25-tabular-freiburg-template/automl-tabular-env/lib/python3.10/site-packages/pytorch_tabnet/callbacks.py:172: UserWarning: Best weights from best epoch are automatically used!
  warnings.warn(wrn_msg)
[I 2025-08-03 12:12:10,889] Trial 14 finished with value: 0.8337159192000994 and parameters: {'n_d': 47, 'n_a': 26, 'n_steps': 7, 'gamma': 1.3003884487396875, 'lambda_sparse': 0.00014389305185588412, 'lr': 0.000957773191028215, 'weight_decay': 6.686224478150683e-05}. Best is trial 6 with value: 0.9323994838088345.
/work/dlclarge2/alidemaa-dl_lab/automl/automl-exam-ss25-tabular-freiburg-template/automl-tabular-env/lib/python3.10/site-packages/pytorch_tabnet/callbacks.py:172: UserWarning: Best weights from best epoch are automatically used!
  warnings.warn(wrn_msg)
[I 2025-08-03 12:13:28,633] Trial 15 finished with value: 0.880973933223058 and parameters: {'n_d': 34, 'n_a': 53, 'n_steps': 5, 'gamma': 1.1242667320406106, 'lambda_sparse': 0.0003491254077065983, 'lr': 0.0005286622178038644, 'weight_decay': 9.198804886058551e-05}. Best is trial 6 with value: 0.9323994838088345.
/work/dlclarge2/alidemaa-dl_lab/automl/automl-exam-ss25-tabular-freiburg-template/automl-tabular-env/lib/python3.10/site-packages/pytorch_tabnet/callbacks.py:172: UserWarning: Best weights from best epoch are automatically used!
  warnings.warn(wrn_msg)
[I 2025-08-03 12:15:03,403] Trial 16 finished with value: 0.9011755330806908 and parameters: {'n_d': 57, 'n_a': 38, 'n_steps': 8, 'gamma': 1.5548566779968898, 'lambda_sparse': 6.692418725232587e-05, 'lr': 0.008870671881519911, 'weight_decay': 2.177975737012329e-05}. Best is trial 6 with value: 0.9323994838088345.
/work/dlclarge2/alidemaa-dl_lab/automl/automl-exam-ss25-tabular-freiburg-template/automl-tabular-env/lib/python3.10/site-packages/pytorch_tabnet/callbacks.py:172: UserWarning: Best weights from best epoch are automatically used!
  warnings.warn(wrn_msg)
[I 2025-08-03 12:16:07,761] Trial 17 finished with value: 0.9277067370138097 and parameters: {'n_d': 19, 'n_a': 18, 'n_steps': 5, 'gamma': 1.1859046681827607, 'lambda_sparse': 0.0004264755877871073, 'lr': 0.03385518321021333, 'weight_decay': 1.2054387507506108e-06}. Best is trial 6 with value: 0.9323994838088345.
/work/dlclarge2/alidemaa-dl_lab/automl/automl-exam-ss25-tabular-freiburg-template/automl-tabular-env/lib/python3.10/site-packages/pytorch_tabnet/callbacks.py:172: UserWarning: Best weights from best epoch are automatically used!
  warnings.warn(wrn_msg)
[I 2025-08-03 12:17:22,705] Trial 18 finished with value: 0.9266874767781715 and parameters: {'n_d': 42, 'n_a': 56, 'n_steps': 4, 'gamma': 1.4518064906131052, 'lambda_sparse': 2.8134065086117667e-05, 'lr': 0.003331965130784325, 'weight_decay': 0.000414316017275432}. Best is trial 6 with value: 0.9323994838088345.
/work/dlclarge2/alidemaa-dl_lab/automl/automl-exam-ss25-tabular-freiburg-template/automl-tabular-env/lib/python3.10/site-packages/pytorch_tabnet/callbacks.py:172: UserWarning: Best weights from best epoch are automatically used!
  warnings.warn(wrn_msg)
[I 2025-08-03 12:18:57,984] Trial 19 finished with value: 0.16693371279244895 and parameters: {'n_d': 32, 'n_a': 19, 'n_steps': 8, 'gamma': 1.0697524063571362, 'lambda_sparse': 0.00021082679101513217, 'lr': 0.00010495518619701182, 'weight_decay': 9.854523285911963e-05}. Best is trial 6 with value: 0.9323994838088345.
/work/dlclarge2/alidemaa-dl_lab/automl/automl-exam-ss25-tabular-freiburg-template/automl-tabular-env/lib/python3.10/site-packages/pytorch_tabnet/callbacks.py:172: UserWarning: Best weights from best epoch are automatically used!
  warnings.warn(wrn_msg)
[I 2025-08-03 12:20:44,659] A new study created in memory with name: no-name-07c824bb-8f36-4d35-8e07-fc854f1c8461
/work/dlclarge2/alidemaa-dl_lab/automl/automl-exam-ss25-tabular-freiburg-template/automl-tabular-env/lib/python3.10/site-packages/pytorch_tabnet/callbacks.py:172: UserWarning: Best weights from best epoch are automatically used!
  warnings.warn(wrn_msg)
[I 2025-08-03 12:21:15,249] Trial 0 finished with value: 0.5093433440955848 and parameters: {'n_d': 18, 'n_a': 52, 'n_steps': 7, 'gamma': 1.1274736427961318, 'lambda_sparse': 0.0005627508654204962, 'lr': 0.07927509283322527, 'weight_decay': 2.765191577819083e-05}. Best is trial 0 with value: 0.5093433440955848.
/work/dlclarge2/alidemaa-dl_lab/automl/automl-exam-ss25-tabular-freiburg-template/automl-tabular-env/lib/python3.10/site-packages/pytorch_tabnet/callbacks.py:172: UserWarning: Best weights from best epoch are automatically used!
  warnings.warn(wrn_msg)
[I 2025-08-03 12:22:40,104] Trial 1 finished with value: 0.8744234588564344 and parameters: {'n_d': 55, 'n_a': 52, 'n_steps': 5, 'gamma': 1.8250032381849275, 'lambda_sparse': 5.1129213696825966e-05, 'lr': 0.002795935142203574, 'weight_decay': 3.6261886702289495e-06}. Best is trial 1 with value: 0.8744234588564344.
/work/dlclarge2/alidemaa-dl_lab/automl/automl-exam-ss25-tabular-freiburg-template/automl-tabular-env/lib/python3.10/site-packages/pytorch_tabnet/callbacks.py:172: UserWarning: Best weights from best epoch are automatically used!
  warnings.warn(wrn_msg)
[I 2025-08-03 12:24:25,863] Trial 2 finished with value: 0.6472124786699789 and parameters: {'n_d': 48, 'n_a': 61, 'n_steps': 7, 'gamma': 1.6642984495123654, 'lambda_sparse': 0.0010825893029885022, 'lr': 0.0002688080873375564, 'weight_decay': 3.023563045219211e-06}. Best is trial 1 with value: 0.8744234588564344.
/work/dlclarge2/alidemaa-dl_lab/automl/automl-exam-ss25-tabular-freiburg-template/automl-tabular-env/lib/python3.10/site-packages/pytorch_tabnet/callbacks.py:172: UserWarning: Best weights from best epoch are automatically used!
  warnings.warn(wrn_msg)
[I 2025-08-03 12:24:54,818] Trial 3 finished with value: 0.23268868530917963 and parameters: {'n_d': 36, 'n_a': 9, 'n_steps': 5, 'gamma': 1.2942347412242776, 'lambda_sparse': 0.00028938536723910823, 'lr': 0.07011017965568082, 'weight_decay': 1.0666337138398878e-05}. Best is trial 1 with value: 0.8744234588564344.
/work/dlclarge2/alidemaa-dl_lab/automl/automl-exam-ss25-tabular-freiburg-template/automl-tabular-env/lib/python3.10/site-packages/pytorch_tabnet/callbacks.py:172: UserWarning: Best weights from best epoch are automatically used!
  warnings.warn(wrn_msg)
[I 2025-08-03 12:27:13,800] Trial 4 finished with value: 0.8918166512492898 and parameters: {'n_d': 58, 'n_a': 34, 'n_steps': 10, 'gamma': 1.4465799098880043, 'lambda_sparse': 0.0010325543245693926, 'lr': 0.030522361952438227, 'weight_decay': 6.570713989227512e-05}. Best is trial 4 with value: 0.8918166512492898.
/work/dlclarge2/alidemaa-dl_lab/automl/automl-exam-ss25-tabular-freiburg-template/automl-tabular-env/lib/python3.10/site-packages/pytorch_tabnet/callbacks.py:172: UserWarning: Best weights from best epoch are automatically used!
  warnings.warn(wrn_msg)
[I 2025-08-03 12:27:58,775] Trial 5 finished with value: 0.6185986369125889 and parameters: {'n_d': 56, 'n_a': 23, 'n_steps': 9, 'gamma': 1.3151472966944036, 'lambda_sparse': 0.0005921975329860277, 'lr': 0.050917732501529735, 'weight_decay': 4.935615572478875e-05}. Best is trial 4 with value: 0.8918166512492898.
/work/dlclarge2/alidemaa-dl_lab/automl/automl-exam-ss25-tabular-freiburg-template/automl-tabular-env/lib/python3.10/site-packages/pytorch_tabnet/callbacks.py:172: UserWarning: Best weights from best epoch are automatically used!
  warnings.warn(wrn_msg)
[I 2025-08-03 12:29:18,755] Trial 6 finished with value: 0.8770917134546707 and parameters: {'n_d': 9, 'n_a': 60, 'n_steps': 5, 'gamma': 1.9192843209970083, 'lambda_sparse': 0.00016049226792568463, 'lr': 0.002206955739486088, 'weight_decay': 6.166090545414789e-05}. Best is trial 4 with value: 0.8918166512492898.
/work/dlclarge2/alidemaa-dl_lab/automl/automl-exam-ss25-tabular-freiburg-template/automl-tabular-env/lib/python3.10/site-packages/pytorch_tabnet/callbacks.py:172: UserWarning: Best weights from best epoch are automatically used!
  warnings.warn(wrn_msg)
[I 2025-08-03 12:30:05,635] Trial 7 finished with value: 0.9063054819317095 and parameters: {'n_d': 27, 'n_a': 42, 'n_steps': 3, 'gamma': 1.0815592324162813, 'lambda_sparse': 1.5554776562942633e-05, 'lr': 0.07327257388371661, 'weight_decay': 1.3241041393442334e-06}. Best is trial 7 with value: 0.9063054819317095.
/work/dlclarge2/alidemaa-dl_lab/automl/automl-exam-ss25-tabular-freiburg-template/automl-tabular-env/lib/python3.10/site-packages/pytorch_tabnet/callbacks.py:172: UserWarning: Best weights from best epoch are automatically used!
  warnings.warn(wrn_msg)
[I 2025-08-03 12:30:35,142] Trial 8 finished with value: 0.6270002708748783 and parameters: {'n_d': 23, 'n_a': 49, 'n_steps': 8, 'gamma': 1.0773175326152509, 'lambda_sparse': 0.00015929357747402486, 'lr': 0.07335338130076756, 'weight_decay': 5.118134024805613e-05}. Best is trial 7 with value: 0.9063054819317095.
/work/dlclarge2/alidemaa-dl_lab/automl/automl-exam-ss25-tabular-freiburg-template/automl-tabular-env/lib/python3.10/site-packages/pytorch_tabnet/callbacks.py:172: UserWarning: Best weights from best epoch are automatically used!
  warnings.warn(wrn_msg)
[I 2025-08-03 12:31:19,760] Trial 9 finished with value: 0.9074829114137178 and parameters: {'n_d': 26, 'n_a': 42, 'n_steps': 3, 'gamma': 1.9056913583715918, 'lambda_sparse': 6.0080300299164686e-05, 'lr': 0.013274257820094674, 'weight_decay': 0.00010045816878748322}. Best is trial 9 with value: 0.9074829114137178.
/work/dlclarge2/alidemaa-dl_lab/automl/automl-exam-ss25-tabular-freiburg-template/automl-tabular-env/lib/python3.10/site-packages/pytorch_tabnet/callbacks.py:172: UserWarning: Best weights from best epoch are automatically used!
  warnings.warn(wrn_msg)
[I 2025-08-03 12:32:04,194] Trial 10 finished with value: 0.9010589990557761 and parameters: {'n_d': 40, 'n_a': 29, 'n_steps': 3, 'gamma': 1.7026278703340043, 'lambda_sparse': 0.005663256054617943, 'lr': 0.010127015085201784, 'weight_decay': 0.0006347600622569615}. Best is trial 9 with value: 0.9074829114137178.
/work/dlclarge2/alidemaa-dl_lab/automl/automl-exam-ss25-tabular-freiburg-template/automl-tabular-env/lib/python3.10/site-packages/pytorch_tabnet/callbacks.py:172: UserWarning: Best weights from best epoch are automatically used!
  warnings.warn(wrn_msg)
[I 2025-08-03 12:32:48,456] Trial 11 finished with value: 0.9097975231035128 and parameters: {'n_d': 27, 'n_a': 42, 'n_steps': 3, 'gamma': 1.5383839782128363, 'lambda_sparse': 1.0916160750470659e-05, 'lr': 0.011097199771209083, 'weight_decay': 0.0003473984216197408}. Best is trial 11 with value: 0.9097975231035128.
/work/dlclarge2/alidemaa-dl_lab/automl/automl-exam-ss25-tabular-freiburg-template/automl-tabular-env/lib/python3.10/site-packages/pytorch_tabnet/callbacks.py:172: UserWarning: Best weights from best epoch are automatically used!
  warnings.warn(wrn_msg)
[I 2025-08-03 12:33:42,212] Trial 12 finished with value: 0.9065922614373118 and parameters: {'n_d': 31, 'n_a': 40, 'n_steps': 4, 'gamma': 1.993234257170152, 'lambda_sparse': 1.0441963312995455e-05, 'lr': 0.008809144824519681, 'weight_decay': 0.0002769407162606142}. Best is trial 11 with value: 0.9097975231035128.
/work/dlclarge2/alidemaa-dl_lab/automl/automl-exam-ss25-tabular-freiburg-template/automl-tabular-env/lib/python3.10/site-packages/pytorch_tabnet/callbacks.py:172: UserWarning: Best weights from best epoch are automatically used!
  warnings.warn(wrn_msg)
[I 2025-08-03 12:34:24,623] Trial 13 finished with value: 0.9143641448090558 and parameters: {'n_d': 15, 'n_a': 24, 'n_steps': 3, 'gamma': 1.6433394201978482, 'lambda_sparse': 3.343708785696504e-05, 'lr': 0.008687733913635429, 'weight_decay': 0.00024525629867855797}. Best is trial 13 with value: 0.9143641448090558.
/work/dlclarge2/alidemaa-dl_lab/automl/automl-exam-ss25-tabular-freiburg-template/automl-tabular-env/lib/python3.10/site-packages/pytorch_tabnet/callbacks.py:172: UserWarning: Best weights from best epoch are automatically used!
  warnings.warn(wrn_msg)
[I 2025-08-03 12:35:18,146] Trial 14 finished with value: 0.8133472833054459 and parameters: {'n_d': 12, 'n_a': 21, 'n_steps': 4, 'gamma': 1.5872140718979568, 'lambda_sparse': 2.785157189257365e-05, 'lr': 0.0009139051612347243, 'weight_decay': 0.0009263449869829865}. Best is trial 13 with value: 0.9143641448090558.
/work/dlclarge2/alidemaa-dl_lab/automl/automl-exam-ss25-tabular-freiburg-template/automl-tabular-env/lib/python3.10/site-packages/pytorch_tabnet/callbacks.py:172: UserWarning: Best weights from best epoch are automatically used!
  warnings.warn(wrn_msg)
[I 2025-08-03 12:36:29,803] Trial 15 finished with value: 0.8868045234571003 and parameters: {'n_d': 18, 'n_a': 14, 'n_steps': 6, 'gamma': 1.4815685157778096, 'lambda_sparse': 3.248552432272573e-05, 'lr': 0.006649705613686589, 'weight_decay': 0.00022370678371979138}. Best is trial 13 with value: 0.9143641448090558.
/work/dlclarge2/alidemaa-dl_lab/automl/automl-exam-ss25-tabular-freiburg-template/automl-tabular-env/lib/python3.10/site-packages/pytorch_tabnet/callbacks.py:172: UserWarning: Best weights from best epoch are automatically used!
  warnings.warn(wrn_msg)
