[I 2025-08-03 09:25:03,708] Trial 7 finished with value: 0.9057793638595619 and parameters: {'n_d': 43, 'n_a': 29, 'n_steps': 4, 'gamma': 1.8024854787763842, 'lambda_sparse': 2.0117258608938064e-05, 'lr': 0.0019468729299551774, 'weight_decay': 3.1956171454215757e-06}. Best is trial 6 with value: 0.9193126592848105.
/work/dlclarge2/alidemaa-dl_lab/automl/automl-exam-ss25-tabular-freiburg-template/automl-tabular-env/lib/python3.10/site-packages/pytorch_tabnet/callbacks.py:172: UserWarning: Best weights from best epoch are automatically used!
  warnings.warn(wrn_msg)
[I 2025-08-03 09:26:27,869] Trial 8 finished with value: 0.8888823480162882 and parameters: {'n_d': 10, 'n_a': 53, 'n_steps': 7, 'gamma': 1.3394607926913098, 'lambda_sparse': 1.0076930866646433e-05, 'lr': 0.0017343246417967203, 'weight_decay': 2.5603437822978986e-06}. Best is trial 6 with value: 0.9193126592848105.
/work/dlclarge2/alidemaa-dl_lab/automl/automl-exam-ss25-tabular-freiburg-template/automl-tabular-env/lib/python3.10/site-packages/pytorch_tabnet/callbacks.py:172: UserWarning: Best weights from best epoch are automatically used!
  warnings.warn(wrn_msg)
[I 2025-08-03 09:27:14,251] Trial 9 finished with value: 0.8973876968921657 and parameters: {'n_d': 40, 'n_a': 57, 'n_steps': 3, 'gamma': 1.7043813313136138, 'lambda_sparse': 0.006220000971543631, 'lr': 0.001973057081500484, 'weight_decay': 8.748413920075053e-05}. Best is trial 6 with value: 0.9193126592848105.
/work/dlclarge2/alidemaa-dl_lab/automl/automl-exam-ss25-tabular-freiburg-template/automl-tabular-env/lib/python3.10/site-packages/pytorch_tabnet/callbacks.py:172: UserWarning: Best weights from best epoch are automatically used!
  warnings.warn(wrn_msg)
[I 2025-08-03 09:28:48,310] Trial 10 finished with value: 0.4303446898011357 and parameters: {'n_d': 64, 'n_a': 39, 'n_steps': 8, 'gamma': 1.9688110200703894, 'lambda_sparse': 0.0013674762915991856, 'lr': 0.0001497004416282596, 'weight_decay': 1.511464639007482e-05}. Best is trial 6 with value: 0.9193126592848105.
/work/dlclarge2/alidemaa-dl_lab/automl/automl-exam-ss25-tabular-freiburg-template/automl-tabular-env/lib/python3.10/site-packages/pytorch_tabnet/callbacks.py:172: UserWarning: Best weights from best epoch are automatically used!
  warnings.warn(wrn_msg)
[I 2025-08-03 09:30:03,156] Trial 11 finished with value: 0.7484878508796327 and parameters: {'n_d': 64, 'n_a': 30, 'n_steps': 6, 'gamma': 1.5998686185638986, 'lambda_sparse': 4.852160558507831e-05, 'lr': 0.00045221089311719054, 'weight_decay': 1.2023537224366865e-06}. Best is trial 6 with value: 0.9193126592848105.
/work/dlclarge2/alidemaa-dl_lab/automl/automl-exam-ss25-tabular-freiburg-template/automl-tabular-env/lib/python3.10/site-packages/pytorch_tabnet/callbacks.py:172: UserWarning: Best weights from best epoch are automatically used!
  warnings.warn(wrn_msg)
[I 2025-08-03 09:31:28,157] Trial 12 finished with value: 0.8917209835238167 and parameters: {'n_d': 55, 'n_a': 33, 'n_steps': 7, 'gamma': 1.9931524497867108, 'lambda_sparse': 0.0013787190008222035, 'lr': 0.007535073554539079, 'weight_decay': 1.4303825263778449e-05}. Best is trial 6 with value: 0.9193126592848105.
/work/dlclarge2/alidemaa-dl_lab/automl/automl-exam-ss25-tabular-freiburg-template/automl-tabular-env/lib/python3.10/site-packages/pytorch_tabnet/callbacks.py:172: UserWarning: Best weights from best epoch are automatically used!
  warnings.warn(wrn_msg)
[I 2025-08-03 09:32:14,398] Trial 13 finished with value: 0.9166407192752823 and parameters: {'n_d': 27, 'n_a': 43, 'n_steps': 3, 'gamma': 1.572693212828905, 'lambda_sparse': 0.0005471685596491206, 'lr': 0.005119688650559769, 'weight_decay': 4.635195203336834e-06}. Best is trial 6 with value: 0.9193126592848105.
/work/dlclarge2/alidemaa-dl_lab/automl/automl-exam-ss25-tabular-freiburg-template/automl-tabular-env/lib/python3.10/site-packages/pytorch_tabnet/callbacks.py:172: UserWarning: Best weights from best epoch are automatically used!
  warnings.warn(wrn_msg)
[I 2025-08-03 09:32:53,200] Trial 14 finished with value: 0.5791005626318776 and parameters: {'n_d': 26, 'n_a': 45, 'n_steps': 8, 'gamma': 1.5580219579555956, 'lambda_sparse': 0.0005042295047231526, 'lr': 0.02533003336269809, 'weight_decay': 0.00019727746191911005}. Best is trial 6 with value: 0.9193126592848105.
/work/dlclarge2/alidemaa-dl_lab/automl/automl-exam-ss25-tabular-freiburg-template/automl-tabular-env/lib/python3.10/site-packages/pytorch_tabnet/callbacks.py:172: UserWarning: Best weights from best epoch are automatically used!
  warnings.warn(wrn_msg)
[I 2025-08-03 09:33:39,954] Trial 15 finished with value: 0.9172785343742418 and parameters: {'n_d': 29, 'n_a': 46, 'n_steps': 3, 'gamma': 1.4877085884259278, 'lambda_sparse': 0.0034429874394199286, 'lr': 0.0056911925533522445, 'weight_decay': 0.0008756941255428345}. Best is trial 6 with value: 0.9193126592848105.
/work/dlclarge2/alidemaa-dl_lab/automl/automl-exam-ss25-tabular-freiburg-template/automl-tabular-env/lib/python3.10/site-packages/pytorch_tabnet/callbacks.py:172: UserWarning: Best weights from best epoch are automatically used!
  warnings.warn(wrn_msg)
[I 2025-08-03 09:34:09,949] Trial 16 finished with value: 0.4437927491675113 and parameters: {'n_d': 31, 'n_a': 63, 'n_steps': 8, 'gamma': 1.24752861867634, 'lambda_sparse': 0.003076013356900376, 'lr': 0.03302155228634583, 'weight_decay': 0.000698623804299184}. Best is trial 6 with value: 0.9193126592848105.
/work/dlclarge2/alidemaa-dl_lab/automl/automl-exam-ss25-tabular-freiburg-template/automl-tabular-env/lib/python3.10/site-packages/pytorch_tabnet/callbacks.py:172: UserWarning: Best weights from best epoch are automatically used!
  warnings.warn(wrn_msg)
[I 2025-08-03 09:35:32,892] Trial 17 finished with value: 0.9124387945846623 and parameters: {'n_d': 19, 'n_a': 50, 'n_steps': 6, 'gamma': 1.0421243925423243, 'lambda_sparse': 0.008489545686868355, 'lr': 0.004843390918433993, 'weight_decay': 0.00018748921990083609}. Best is trial 6 with value: 0.9193126592848105.
/work/dlclarge2/alidemaa-dl_lab/automl/automl-exam-ss25-tabular-freiburg-template/automl-tabular-env/lib/python3.10/site-packages/pytorch_tabnet/callbacks.py:172: UserWarning: Best weights from best epoch are automatically used!
  warnings.warn(wrn_msg)
[I 2025-08-03 09:37:18,739] Trial 18 finished with value: 0.7754639919857849 and parameters: {'n_d': 52, 'n_a': 41, 'n_steps': 9, 'gamma': 1.476413036411264, 'lambda_sparse': 0.0030876283490914535, 'lr': 0.0005635874603998754, 'weight_decay': 0.0008711994444864125}. Best is trial 6 with value: 0.9193126592848105.
/work/dlclarge2/alidemaa-dl_lab/automl/automl-exam-ss25-tabular-freiburg-template/automl-tabular-env/lib/python3.10/site-packages/pytorch_tabnet/callbacks.py:172: UserWarning: Best weights from best epoch are automatically used!
  warnings.warn(wrn_msg)
[I 2025-08-03 09:38:29,429] Trial 19 finished with value: 0.9206883584680023 and parameters: {'n_d': 58, 'n_a': 8, 'n_steps': 5, 'gamma': 1.6666213332979385, 'lambda_sparse': 0.002452276682922379, 'lr': 0.013334789589295782, 'weight_decay': 2.8795067964249545e-05}. Best is trial 19 with value: 0.9206883584680023.
/work/dlclarge2/alidemaa-dl_lab/automl/automl-exam-ss25-tabular-freiburg-template/automl-tabular-env/lib/python3.10/site-packages/pytorch_tabnet/callbacks.py:172: UserWarning: Best weights from best epoch are automatically used!
  warnings.warn(wrn_msg)
[I 2025-08-03 09:39:50,707] A new study created in memory with name: no-name-d5b814e4-3586-42a6-b9af-d802bf6d927b
/work/dlclarge2/alidemaa-dl_lab/automl/automl-exam-ss25-tabular-freiburg-template/automl-tabular-env/lib/python3.10/site-packages/pytorch_tabnet/callbacks.py:172: UserWarning: Best weights from best epoch are automatically used!
  warnings.warn(wrn_msg)
[I 2025-08-03 09:41:05,386] Trial 0 finished with value: 0.8776153922389096 and parameters: {'n_d': 19, 'n_a': 23, 'n_steps': 6, 'gamma': 1.056285538362347, 'lambda_sparse': 0.0023176061627839407, 'lr': 0.0011618339679575476, 'weight_decay': 5.831091070932976e-06}. Best is trial 0 with value: 0.8776153922389096.
/work/dlclarge2/alidemaa-dl_lab/automl/automl-exam-ss25-tabular-freiburg-template/automl-tabular-env/lib/python3.10/site-packages/pytorch_tabnet/callbacks.py:172: UserWarning: Best weights from best epoch are automatically used!
  warnings.warn(wrn_msg)
[I 2025-08-03 09:42:58,238] Trial 1 finished with value: 0.7666461710551654 and parameters: {'n_d': 64, 'n_a': 18, 'n_steps': 10, 'gamma': 1.4926873915136136, 'lambda_sparse': 0.0005916470198019225, 'lr': 0.0009052130223628621, 'weight_decay': 1.1729499258652884e-06}. Best is trial 0 with value: 0.8776153922389096.
/work/dlclarge2/alidemaa-dl_lab/automl/automl-exam-ss25-tabular-freiburg-template/automl-tabular-env/lib/python3.10/site-packages/pytorch_tabnet/callbacks.py:172: UserWarning: Best weights from best epoch are automatically used!
  warnings.warn(wrn_msg)
[I 2025-08-03 09:44:07,358] Trial 2 finished with value: 0.8981662189455657 and parameters: {'n_d': 54, 'n_a': 33, 'n_steps': 6, 'gamma': 1.1978760852441768, 'lambda_sparse': 0.001220091809047899, 'lr': 0.004459625046857431, 'weight_decay': 9.41266444301229e-06}. Best is trial 2 with value: 0.8981662189455657.
/work/dlclarge2/alidemaa-dl_lab/automl/automl-exam-ss25-tabular-freiburg-template/automl-tabular-env/lib/python3.10/site-packages/pytorch_tabnet/callbacks.py:172: UserWarning: Best weights from best epoch are automatically used!
  warnings.warn(wrn_msg)
[I 2025-08-03 09:46:09,189] Trial 3 finished with value: 0.8405399874903379 and parameters: {'n_d': 43, 'n_a': 29, 'n_steps': 10, 'gamma': 1.9976935352210399, 'lambda_sparse': 1.3683409885450665e-05, 'lr': 0.005039324519365557, 'weight_decay': 6.515773725934744e-06}. Best is trial 2 with value: 0.8981662189455657.
/work/dlclarge2/alidemaa-dl_lab/automl/automl-exam-ss25-tabular-freiburg-template/automl-tabular-env/lib/python3.10/site-packages/pytorch_tabnet/callbacks.py:172: UserWarning: Best weights from best epoch are automatically used!
  warnings.warn(wrn_msg)
[I 2025-08-03 09:47:14,552] Trial 4 finished with value: 0.8758247808923239 and parameters: {'n_d': 17, 'n_a': 25, 'n_steps': 5, 'gamma': 1.7964093542079231, 'lambda_sparse': 0.0002458627967297558, 'lr': 0.0015408956056285105, 'weight_decay': 0.000260335018792475}. Best is trial 2 with value: 0.8981662189455657.
/work/dlclarge2/alidemaa-dl_lab/automl/automl-exam-ss25-tabular-freiburg-template/automl-tabular-env/lib/python3.10/site-packages/pytorch_tabnet/callbacks.py:172: UserWarning: Best weights from best epoch are automatically used!
  warnings.warn(wrn_msg)
[I 2025-08-03 09:48:50,080] Trial 5 finished with value: 0.5931175856415756 and parameters: {'n_d': 24, 'n_a': 53, 'n_steps': 8, 'gamma': 1.3093796017058807, 'lambda_sparse': 0.0042775761929883215, 'lr': 0.00019455130934322603, 'weight_decay': 3.214345962446151e-05}. Best is trial 2 with value: 0.8981662189455657.
/work/dlclarge2/alidemaa-dl_lab/automl/automl-exam-ss25-tabular-freiburg-template/automl-tabular-env/lib/python3.10/site-packages/pytorch_tabnet/callbacks.py:172: UserWarning: Best weights from best epoch are automatically used!
  warnings.warn(wrn_msg)
[I 2025-08-03 09:50:35,181] Trial 6 finished with value: 0.7378619006005916 and parameters: {'n_d': 16, 'n_a': 61, 'n_steps': 9, 'gamma': 1.3137177605652488, 'lambda_sparse': 0.0010303923262381543, 'lr': 0.0003133693694743893, 'weight_decay': 2.929167081611393e-05}. Best is trial 2 with value: 0.8981662189455657.
/work/dlclarge2/alidemaa-dl_lab/automl/automl-exam-ss25-tabular-freiburg-template/automl-tabular-env/lib/python3.10/site-packages/pytorch_tabnet/callbacks.py:172: UserWarning: Best weights from best epoch are automatically used!
  warnings.warn(wrn_msg)
[I 2025-08-03 09:51:31,391] Trial 7 finished with value: 0.708647446300981 and parameters: {'n_d': 25, 'n_a': 21, 'n_steps': 4, 'gamma': 1.7429887568963607, 'lambda_sparse': 0.0009618558089113553, 'lr': 0.00015944625587878595, 'weight_decay': 0.0001575626435917335}. Best is trial 2 with value: 0.8981662189455657.
/work/dlclarge2/alidemaa-dl_lab/automl/automl-exam-ss25-tabular-freiburg-template/automl-tabular-env/lib/python3.10/site-packages/pytorch_tabnet/callbacks.py:172: UserWarning: Best weights from best epoch are automatically used!
  warnings.warn(wrn_msg)
[I 2025-08-03 09:53:24,825] Trial 8 finished with value: 0.029162857570474432 and parameters: {'n_d': 15, 'n_a': 29, 'n_steps': 10, 'gamma': 1.9873549532457764, 'lambda_sparse': 0.0002334056216188726, 'lr': 0.0003210459729231382, 'weight_decay': 6.490589218419103e-05}. Best is trial 2 with value: 0.8981662189455657.
/work/dlclarge2/alidemaa-dl_lab/automl/automl-exam-ss25-tabular-freiburg-template/automl-tabular-env/lib/python3.10/site-packages/pytorch_tabnet/callbacks.py:172: UserWarning: Best weights from best epoch are automatically used!
  warnings.warn(wrn_msg)
[I 2025-08-03 09:54:11,257] Trial 9 finished with value: 0.9110540230592903 and parameters: {'n_d': 46, 'n_a': 17, 'n_steps': 3, 'gamma': 1.8283946857351443, 'lambda_sparse': 0.007367488546644199, 'lr': 0.04048166059796473, 'weight_decay': 0.00019974225117791767}. Best is trial 9 with value: 0.9110540230592903.
/work/dlclarge2/alidemaa-dl_lab/automl/automl-exam-ss25-tabular-freiburg-template/automl-tabular-env/lib/python3.10/site-packages/pytorch_tabnet/callbacks.py:172: UserWarning: Best weights from best epoch are automatically used!
  warnings.warn(wrn_msg)
[I 2025-08-03 09:55:10,476] Trial 10 finished with value: 0.8936921889823685 and parameters: {'n_d': 37, 'n_a': 11, 'n_steps': 3, 'gamma': 1.6279037540472392, 'lambda_sparse': 6.810847350615001e-05, 'lr': 0.06273664305456095, 'weight_decay': 0.0009796030792040152}. Best is trial 9 with value: 0.9110540230592903.
/work/dlclarge2/alidemaa-dl_lab/automl/automl-exam-ss25-tabular-freiburg-template/automl-tabular-env/lib/python3.10/site-packages/pytorch_tabnet/callbacks.py:172: UserWarning: Best weights from best epoch are automatically used!
  warnings.warn(wrn_msg)
[I 2025-08-03 09:56:36,275] Trial 11 finished with value: 0.9088519942078493 and parameters: {'n_d': 54, 'n_a': 45, 'n_steps': 7, 'gamma': 1.0430505056130475, 'lambda_sparse': 0.007345454453440435, 'lr': 0.018827881441695615, 'weight_decay': 7.708258015423402e-06}. Best is trial 9 with value: 0.9110540230592903.
/work/dlclarge2/alidemaa-dl_lab/automl/automl-exam-ss25-tabular-freiburg-template/automl-tabular-env/lib/python3.10/site-packages/pytorch_tabnet/callbacks.py:172: UserWarning: Best weights from best epoch are automatically used!
  warnings.warn(wrn_msg)
[I 2025-08-03 09:58:13,133] Trial 12 finished with value: 0.9300188820252655 and parameters: {'n_d': 50, 'n_a': 45, 'n_steps': 7, 'gamma': 1.028653814974, 'lambda_sparse': 0.009506608626395128, 'lr': 0.04162678990995297, 'weight_decay': 1.3997784193452747e-06}. Best is trial 12 with value: 0.9300188820252655.
/work/dlclarge2/alidemaa-dl_lab/automl/automl-exam-ss25-tabular-freiburg-template/automl-tabular-env/lib/python3.10/site-packages/pytorch_tabnet/callbacks.py:172: UserWarning: Best weights from best epoch are automatically used!
  warnings.warn(wrn_msg)
[I 2025-08-03 09:58:56,688] Trial 13 finished with value: 0.9322092049151642 and parameters: {'n_d': 46, 'n_a': 43, 'n_steps': 3, 'gamma': 1.470185094225973, 'lambda_sparse': 0.009032091911219665, 'lr': 0.09412191978131948, 'weight_decay': 1.357638247407948e-06}. Best is trial 13 with value: 0.9322092049151642.
/work/dlclarge2/alidemaa-dl_lab/automl/automl-exam-ss25-tabular-freiburg-template/automl-tabular-env/lib/python3.10/site-packages/pytorch_tabnet/callbacks.py:172: UserWarning: Best weights from best epoch are automatically used!
  warnings.warn(wrn_msg)
[I 2025-08-03 10:00:21,343] Trial 14 finished with value: 0.9042385182701269 and parameters: {'n_d': 54, 'n_a': 43, 'n_steps': 7, 'gamma': 1.5037492617648043, 'lambda_sparse': 0.009243016814426356, 'lr': 0.01677882298592581, 'weight_decay': 1.1234741572007158e-06}. Best is trial 13 with value: 0.9322092049151642.
/work/dlclarge2/alidemaa-dl_lab/automl/automl-exam-ss25-tabular-freiburg-template/automl-tabular-env/lib/python3.10/site-packages/pytorch_tabnet/callbacks.py:172: UserWarning: Best weights from best epoch are automatically used!
  warnings.warn(wrn_msg)
[I 2025-08-03 10:01:27,726] Trial 15 finished with value: 0.934294005386386 and parameters: {'n_d': 33, 'n_a': 42, 'n_steps': 5, 'gamma': 1.1817362461506038, 'lambda_sparse': 0.002885417396332025, 'lr': 0.0898757984272832, 'weight_decay': 2.5428787806405445e-06}. Best is trial 15 with value: 0.934294005386386.
/work/dlclarge2/alidemaa-dl_lab/automl/automl-exam-ss25-tabular-freiburg-template/automl-tabular-env/lib/python3.10/site-packages/pytorch_tabnet/callbacks.py:172: UserWarning: Best weights from best epoch are automatically used!
  warnings.warn(wrn_msg)
[I 2025-08-03 10:02:27,336] Trial 16 finished with value: 0.9254074836976346 and parameters: {'n_d': 33, 'n_a': 39, 'n_steps': 4, 'gamma': 1.4200969723700076, 'lambda_sparse': 0.003167689258407798, 'lr': 0.012645266268059147, 'weight_decay': 2.7384711620600588e-06}. Best is trial 15 with value: 0.934294005386386.
/work/dlclarge2/alidemaa-dl_lab/automl/automl-exam-ss25-tabular-freiburg-template/automl-tabular-env/lib/python3.10/site-packages/pytorch_tabnet/callbacks.py:172: UserWarning: Best weights from best epoch are automatically used!
  warnings.warn(wrn_msg)
[I 2025-08-03 10:03:46,410] Trial 17 finished with value: 0.9190328956470556 and parameters: {'n_d': 34, 'n_a': 54, 'n_steps': 5, 'gamma': 1.2129438288728644, 'lambda_sparse': 0.002366284503315288, 'lr': 0.09041194709145453, 'weight_decay': 3.2907708105492806e-06}. Best is trial 15 with value: 0.934294005386386.
/work/dlclarge2/alidemaa-dl_lab/automl/automl-exam-ss25-tabular-freiburg-template/automl-tabular-env/lib/python3.10/site-packages/pytorch_tabnet/callbacks.py:172: UserWarning: Best weights from best epoch are automatically used!
  warnings.warn(wrn_msg)
[I 2025-08-03 10:04:18,564] Trial 18 finished with value: 0.6102465441417049 and parameters: {'n_d': 9, 'n_a': 52, 'n_steps': 4, 'gamma': 1.6223458983776213, 'lambda_sparse': 8.690728458604767e-05, 'lr': 0.09740353987128353, 'weight_decay': 1.4836914030202422e-05}. Best is trial 15 with value: 0.934294005386386.
/work/dlclarge2/alidemaa-dl_lab/automl/automl-exam-ss25-tabular-freiburg-template/automl-tabular-env/lib/python3.10/site-packages/pytorch_tabnet/callbacks.py:172: UserWarning: Best weights from best epoch are automatically used!
  warnings.warn(wrn_msg)
[I 2025-08-03 10:05:38,991] Trial 19 finished with value: 0.9359031735511739 and parameters: {'n_d': 41, 'n_a': 64, 'n_steps': 5, 'gamma': 1.2114282375571412, 'lambda_sparse': 0.0005328085085607115, 'lr': 0.007741243410037697, 'weight_decay': 2.7823019428153354e-06}. Best is trial 19 with value: 0.9359031735511739.
/work/dlclarge2/alidemaa-dl_lab/automl/automl-exam-ss25-tabular-freiburg-template/automl-tabular-env/lib/python3.10/site-packages/pytorch_tabnet/callbacks.py:172: UserWarning: Best weights from best epoch are automatically used!
  warnings.warn(wrn_msg)
[I 2025-08-03 10:07:09,642] A new study created in memory with name: no-name-606b1441-ebe0-410d-bfda-05eb1232ab67
/work/dlclarge2/alidemaa-dl_lab/automl/automl-exam-ss25-tabular-freiburg-template/automl-tabular-env/lib/python3.10/site-packages/pytorch_tabnet/callbacks.py:172: UserWarning: Best weights from best epoch are automatically used!
  warnings.warn(wrn_msg)
[I 2025-08-03 10:09:09,062] Trial 0 finished with value: 0.8457921315110861 and parameters: {'n_d': 20, 'n_a': 37, 'n_steps': 9, 'gamma': 1.6376202780106062, 'lambda_sparse': 0.00022063421170668323, 'lr': 0.005183236583002138, 'weight_decay': 6.443535758874693e-05}. Best is trial 0 with value: 0.8457921315110861.
/work/dlclarge2/alidemaa-dl_lab/automl/automl-exam-ss25-tabular-freiburg-template/automl-tabular-env/lib/python3.10/site-packages/pytorch_tabnet/callbacks.py:172: UserWarning: Best weights from best epoch are automatically used!
  warnings.warn(wrn_msg)
[I 2025-08-03 10:11:01,693] Trial 1 finished with value: 0.8410290627396414 and parameters: {'n_d': 34, 'n_a': 12, 'n_steps': 8, 'gamma': 1.328064833669511, 'lambda_sparse': 0.00010536641566363649, 'lr': 0.001784872773023358, 'weight_decay': 0.0005574160991755946}. Best is trial 0 with value: 0.8457921315110861.
/work/dlclarge2/alidemaa-dl_lab/automl/automl-exam-ss25-tabular-freiburg-template/automl-tabular-env/lib/python3.10/site-packages/pytorch_tabnet/callbacks.py:172: UserWarning: Best weights from best epoch are automatically used!
  warnings.warn(wrn_msg)
[I 2025-08-03 10:13:06,535] Trial 2 finished with value: 0.9079194278989299 and parameters: {'n_d': 47, 'n_a': 28, 'n_steps': 9, 'gamma': 1.510354536053295, 'lambda_sparse': 0.005619823964054632, 'lr': 0.02813093247701926, 'weight_decay': 2.1274818982891886e-06}. Best is trial 2 with value: 0.9079194278989299.
/work/dlclarge2/alidemaa-dl_lab/automl/automl-exam-ss25-tabular-freiburg-template/automl-tabular-env/lib/python3.10/site-packages/pytorch_tabnet/callbacks.py:172: UserWarning: Best weights from best epoch are automatically used!
  warnings.warn(wrn_msg)
[I 2025-08-03 10:14:18,785] Trial 3 finished with value: 0.9184840455174313 and parameters: {'n_d': 59, 'n_a': 60, 'n_steps': 3, 'gamma': 1.4133776460249814, 'lambda_sparse': 0.0001527109499680615, 'lr': 0.00669511592259561, 'weight_decay': 4.6959579041513043e-05}. Best is trial 3 with value: 0.9184840455174313.
/work/dlclarge2/alidemaa-dl_lab/automl/automl-exam-ss25-tabular-freiburg-template/automl-tabular-env/lib/python3.10/site-packages/pytorch_tabnet/callbacks.py:172: UserWarning: Best weights from best epoch are automatically used!
  warnings.warn(wrn_msg)
