[I 2025-08-03 23:07:59,825] Trial 209 finished with value: -0.09946589081708689 and parameters: {'learning_rate': 0.01873938783391172, 'depth': 12, 'l2_leaf_reg': 1.8086270360585932, 'border_count': 32}. Best is trial 159 with value: -0.10492384152542526.
[I 2025-08-03 23:10:33,908] Trial 210 finished with value: -0.10391079355688455 and parameters: {'learning_rate': 0.017724211383594646, 'depth': 12, 'l2_leaf_reg': 1.3677556400205424, 'border_count': 76}. Best is trial 159 with value: -0.10492384152542526.
[I 2025-08-03 23:13:13,597] Trial 211 finished with value: -0.10167261921101281 and parameters: {'learning_rate': 0.015085787023157153, 'depth': 12, 'l2_leaf_reg': 1.385703618706854, 'border_count': 71}. Best is trial 159 with value: -0.10492384152542526.
[I 2025-08-03 23:17:51,239] Trial 212 finished with value: -0.0935318804286586 and parameters: {'learning_rate': 0.017416892491053774, 'depth': 12, 'l2_leaf_reg': 7.177870469915193, 'border_count': 165}. Best is trial 159 with value: -0.10492384152542526.
[I 2025-08-03 23:19:52,109] Trial 213 finished with value: -0.0992670463881069 and parameters: {'learning_rate': 0.020725615230878614, 'depth': 12, 'l2_leaf_reg': 1.5686211485559511, 'border_count': 64}. Best is trial 159 with value: -0.10492384152542526.
[I 2025-08-03 23:22:28,428] Trial 214 finished with value: -0.10161379640384416 and parameters: {'learning_rate': 0.016466588135725713, 'depth': 12, 'l2_leaf_reg': 1.324875594740215, 'border_count': 77}. Best is trial 159 with value: -0.10492384152542526.
[I 2025-08-03 23:26:48,764] Trial 215 finished with value: -0.09573365414588736 and parameters: {'learning_rate': 0.01899200164295842, 'depth': 12, 'l2_leaf_reg': 1.1464100137071584, 'border_count': 202}. Best is trial 159 with value: -0.10492384152542526.
[I 2025-08-03 23:28:50,219] Trial 216 finished with value: -0.09959795545527793 and parameters: {'learning_rate': 0.017833529109901748, 'depth': 12, 'l2_leaf_reg': 1.6638779888572857, 'border_count': 46}. Best is trial 159 with value: -0.10492384152542526.
[I 2025-08-03 23:30:45,126] Trial 217 finished with value: -0.10056394907303555 and parameters: {'learning_rate': 0.024258171128381665, 'depth': 12, 'l2_leaf_reg': 1.459205130353398, 'border_count': 57}. Best is trial 159 with value: -0.10492384152542526.
[I 2025-08-03 23:32:29,805] Trial 218 finished with value: -0.10213295682996228 and parameters: {'learning_rate': 0.019923597415796346, 'depth': 12, 'l2_leaf_reg': 1.1618537276622785, 'border_count': 51}. Best is trial 159 with value: -0.10492384152542526.
[I 2025-08-03 23:32:46,521] Trial 219 finished with value: -0.08748401660683612 and parameters: {'learning_rate': 0.021460084160731727, 'depth': 7, 'l2_leaf_reg': 1.299844969309003, 'border_count': 75}. Best is trial 159 with value: -0.10492384152542526.
[I 2025-08-03 23:34:43,739] Trial 220 finished with value: -0.10245303685904528 and parameters: {'learning_rate': 0.015350159483751527, 'depth': 12, 'l2_leaf_reg': 1.7516446851367733, 'border_count': 36}. Best is trial 159 with value: -0.10492384152542526.
[I 2025-08-03 23:36:31,107] Trial 221 finished with value: -0.10032872125487395 and parameters: {'learning_rate': 0.015215883636535404, 'depth': 12, 'l2_leaf_reg': 1.767614364249491, 'border_count': 38}. Best is trial 159 with value: -0.10492384152542526.
[I 2025-08-03 23:38:19,885] Trial 222 finished with value: -0.10030052473155185 and parameters: {'learning_rate': 0.01674192736432621, 'depth': 12, 'l2_leaf_reg': 1.5174415586120373, 'border_count': 35}. Best is trial 159 with value: -0.10492384152542526.
[I 2025-08-03 23:40:15,549] Trial 223 finished with value: -0.10006648586229835 and parameters: {'learning_rate': 0.015580146262320365, 'depth': 12, 'l2_leaf_reg': 1.9303599664952102, 'border_count': 42}. Best is trial 159 with value: -0.10492384152542526.
[I 2025-08-03 23:42:07,726] Trial 224 finished with value: -0.10052229237272113 and parameters: {'learning_rate': 0.01766827728985715, 'depth': 12, 'l2_leaf_reg': 1.38603290426532, 'border_count': 45}. Best is trial 159 with value: -0.10492384152542526.
[I 2025-08-03 23:43:44,822] Trial 225 finished with value: -0.10097453233357158 and parameters: {'learning_rate': 0.018988355318445563, 'depth': 12, 'l2_leaf_reg': 1.6406283344217887, 'border_count': 36}. Best is trial 159 with value: -0.10492384152542526.
[I 2025-08-03 23:45:51,672] Trial 226 finished with value: -0.09914248155975888 and parameters: {'learning_rate': 0.013824629974104706, 'depth': 12, 'l2_leaf_reg': 1.1580687293228276, 'border_count': 49}. Best is trial 159 with value: -0.10492384152542526.
[I 2025-08-03 23:48:27,951] Trial 227 finished with value: -0.10135715726500077 and parameters: {'learning_rate': 0.016201940783045047, 'depth': 12, 'l2_leaf_reg': 1.5190068497296547, 'border_count': 66}. Best is trial 159 with value: -0.10492384152542526.
[I 2025-08-03 23:50:03,804] Trial 228 finished with value: -0.10127854921071229 and parameters: {'learning_rate': 0.022669532898745372, 'depth': 12, 'l2_leaf_reg': 1.3221830640250982, 'border_count': 41}. Best is trial 159 with value: -0.10492384152542526.
[I 2025-08-03 23:50:45,081] Trial 229 finished with value: -0.09909003601859755 and parameters: {'learning_rate': 0.07848142891143428, 'depth': 12, 'l2_leaf_reg': 1.019850300858064, 'border_count': 32}. Best is trial 159 with value: -0.10492384152542526.
[I 2025-08-03 23:51:28,016] Trial 230 finished with value: -0.0894511101104407 and parameters: {'learning_rate': 0.15479196646165097, 'depth': 12, 'l2_leaf_reg': 1.6986927408152317, 'border_count': 58}. Best is trial 159 with value: -0.10492384152542526.
[I 2025-08-03 23:51:40,492] Trial 231 finished with value: -0.07933796704933892 and parameters: {'learning_rate': 0.020368602499705388, 'depth': 6, 'l2_leaf_reg': 1.1773603946348328, 'border_count': 51}. Best is trial 159 with value: -0.10492384152542526.
[I 2025-08-03 23:52:15,383] Trial 232 finished with value: -0.07182391486446983 and parameters: {'learning_rate': 0.2049409635141326, 'depth': 12, 'l2_leaf_reg': 1.349893998030898, 'border_count': 46}. Best is trial 159 with value: -0.10492384152542526.
[I 2025-08-03 23:54:11,607] Trial 233 finished with value: -0.10010707349206054 and parameters: {'learning_rate': 0.01956536635136267, 'depth': 12, 'l2_leaf_reg': 1.1966668486201144, 'border_count': 54}. Best is trial 159 with value: -0.10492384152542526.
[I 2025-08-03 23:56:02,692] Trial 234 finished with value: -0.10052727755290193 and parameters: {'learning_rate': 0.018322964854554393, 'depth': 12, 'l2_leaf_reg': 1.4082594248607234, 'border_count': 49}. Best is trial 159 with value: -0.10492384152542526.
[I 2025-08-03 23:57:38,476] Trial 235 finished with value: -0.10299739711855774 and parameters: {'learning_rate': 0.020941448865850927, 'depth': 12, 'l2_leaf_reg': 1.5548330160534636, 'border_count': 41}. Best is trial 159 with value: -0.10492384152542526.
[I 2025-08-03 23:59:18,761] Trial 236 finished with value: -0.10285721450219422 and parameters: {'learning_rate': 0.021451994055455895, 'depth': 12, 'l2_leaf_reg': 1.903113226666829, 'border_count': 40}. Best is trial 159 with value: -0.10492384152542526.
[I 2025-08-04 00:00:57,280] Trial 237 finished with value: -0.09921696052885208 and parameters: {'learning_rate': 0.023636020293663622, 'depth': 12, 'l2_leaf_reg': 2.17153456026431, 'border_count': 42}. Best is trial 159 with value: -0.10492384152542526.
[I 2025-08-04 00:02:34,236] Trial 238 finished with value: -0.10321932184304067 and parameters: {'learning_rate': 0.0214880198141706, 'depth': 12, 'l2_leaf_reg': 1.7807460505636716, 'border_count': 39}. Best is trial 159 with value: -0.10492384152542526.
[I 2025-08-04 00:04:07,798] Trial 239 finished with value: -0.09819958135957388 and parameters: {'learning_rate': 0.021443331272539813, 'depth': 12, 'l2_leaf_reg': 1.9734480150534894, 'border_count': 38}. Best is trial 159 with value: -0.10492384152542526.
[I 2025-08-04 00:05:34,680] Trial 240 finished with value: -0.10227166075512291 and parameters: {'learning_rate': 0.026526374184046554, 'depth': 12, 'l2_leaf_reg': 1.84664537202831, 'border_count': 36}. Best is trial 159 with value: -0.10492384152542526.
[I 2025-08-04 00:07:08,130] Trial 241 finished with value: -0.09895301320168667 and parameters: {'learning_rate': 0.022139464589886228, 'depth': 12, 'l2_leaf_reg': 1.7133948958980156, 'border_count': 44}. Best is trial 159 with value: -0.10492384152542526.
[I 2025-08-04 00:08:41,537] Trial 242 finished with value: -0.10098655366102423 and parameters: {'learning_rate': 0.024592525561855996, 'depth': 12, 'l2_leaf_reg': 1.5644915313436552, 'border_count': 40}. Best is trial 159 with value: -0.10492384152542526.
[I 2025-08-04 00:10:42,921] Trial 243 finished with value: -0.09497803295818436 and parameters: {'learning_rate': 0.020600323078244064, 'depth': 12, 'l2_leaf_reg': 8.399712624500506, 'border_count': 45}. Best is trial 159 with value: -0.10492384152542526.
[I 2025-08-04 00:12:15,306] Trial 244 finished with value: -0.10168127361045828 and parameters: {'learning_rate': 0.022400391658088666, 'depth': 12, 'l2_leaf_reg': 2.098590297113867, 'border_count': 35}. Best is trial 159 with value: -0.10492384152542526.
[I 2025-08-04 00:13:58,385] Trial 245 finished with value: -0.10099698831143669 and parameters: {'learning_rate': 0.02058441811352701, 'depth': 12, 'l2_leaf_reg': 1.7648317864852245, 'border_count': 41}. Best is trial 159 with value: -0.10492384152542526.
[I 2025-08-04 00:15:50,904] Trial 246 finished with value: -0.09909611583314284 and parameters: {'learning_rate': 0.019272053534854824, 'depth': 12, 'l2_leaf_reg': 1.539423051779947, 'border_count': 54}. Best is trial 159 with value: -0.10492384152542526.
[I 2025-08-04 00:17:51,406] Trial 247 finished with value: -0.10052600989603568 and parameters: {'learning_rate': 0.017311628789460635, 'depth': 12, 'l2_leaf_reg': 1.9453112940518629, 'border_count': 48}. Best is trial 159 with value: -0.10492384152542526.
[I 2025-08-04 00:19:19,667] Trial 248 finished with value: -0.09943758985236932 and parameters: {'learning_rate': 0.023387744838072818, 'depth': 12, 'l2_leaf_reg': 1.6339250826442022, 'border_count': 32}. Best is trial 159 with value: -0.10492384152542526.
[I 2025-08-04 00:21:51,569] Trial 249 finished with value: -0.09981553222286736 and parameters: {'learning_rate': 0.014796806081783506, 'depth': 12, 'l2_leaf_reg': 2.2716511454153987, 'border_count': 70}. Best is trial 159 with value: -0.10492384152542526.
[I 2025-08-04 00:23:37,380] Trial 250 finished with value: -0.10006252707695662 and parameters: {'learning_rate': 0.021151095116042108, 'depth': 12, 'l2_leaf_reg': 1.422203380911122, 'border_count': 58}. Best is trial 159 with value: -0.10492384152542526.
[I 2025-08-04 00:24:32,177] Trial 251 finished with value: -0.0985804787110302 and parameters: {'learning_rate': 0.06517823921672826, 'depth': 12, 'l2_leaf_reg': 1.825119059986642, 'border_count': 45}. Best is trial 159 with value: -0.10492384152542526.
[I 2025-08-04 00:26:57,427] Trial 252 finished with value: -0.10169760586055829 and parameters: {'learning_rate': 0.01690565245539923, 'depth': 12, 'l2_leaf_reg': 1.4824971941868876, 'border_count': 62}. Best is trial 159 with value: -0.10492384152542526.
[I 2025-08-04 00:28:39,504] Trial 253 finished with value: -0.10177627304356453 and parameters: {'learning_rate': 0.019332994889525074, 'depth': 12, 'l2_leaf_reg': 1.636901905465621, 'border_count': 39}. Best is trial 159 with value: -0.10492384152542526.
[I 2025-08-04 00:30:09,203] Trial 254 finished with value: -0.10123303808915068 and parameters: {'learning_rate': 0.025106397376456948, 'depth': 12, 'l2_leaf_reg': 1.3037849789682638, 'border_count': 51}. Best is trial 159 with value: -0.10492384152542526.
[I 2025-08-04 00:31:55,133] Trial 255 finished with value: -0.10115759286401052 and parameters: {'learning_rate': 0.021772803992465707, 'depth': 12, 'l2_leaf_reg': 1.5012619726385137, 'border_count': 41}. Best is trial 159 with value: -0.10492384152542526.
[I 2025-08-04 00:33:54,557] Trial 256 finished with value: -0.0991997957542244 and parameters: {'learning_rate': 0.018576889844959258, 'depth': 12, 'l2_leaf_reg': 1.9400673068152263, 'border_count': 48}. Best is trial 159 with value: -0.10492384152542526.
[I 2025-08-04 00:36:36,889] Trial 257 finished with value: -0.10141023820278831 and parameters: {'learning_rate': 0.015429984068291769, 'depth': 12, 'l2_leaf_reg': 1.1427559065733828, 'border_count': 84}. Best is trial 159 with value: -0.10492384152542526.
[I 2025-08-04 00:38:44,004] Trial 258 finished with value: -0.10287528071612942 and parameters: {'learning_rate': 0.01755923847341227, 'depth': 12, 'l2_leaf_reg': 1.3409697658838031, 'border_count': 55}. Best is trial 159 with value: -0.10492384152542526.
[I 2025-08-04 00:40:49,840] Trial 259 finished with value: -0.10428581405784673 and parameters: {'learning_rate': 0.01815874001758688, 'depth': 12, 'l2_leaf_reg': 1.292025873065315, 'border_count': 55}. Best is trial 159 with value: -0.10492384152542526.
[I 2025-08-04 00:42:51,642] Trial 260 finished with value: -0.10126853966884042 and parameters: {'learning_rate': 0.01773761423787367, 'depth': 12, 'l2_leaf_reg': 1.009063162883374, 'border_count': 57}. Best is trial 159 with value: -0.10492384152542526.
[I 2025-08-04 00:45:07,483] Trial 261 finished with value: -0.1032725433273957 and parameters: {'learning_rate': 0.01655510878612347, 'depth': 12, 'l2_leaf_reg': 1.2768827589290075, 'border_count': 61}. Best is trial 159 with value: -0.10492384152542526.
[I 2025-08-04 00:47:28,653] Trial 262 finished with value: -0.0985085946805003 and parameters: {'learning_rate': 0.017342249824325553, 'depth': 12, 'l2_leaf_reg': 1.3225653555496288, 'border_count': 66}. Best is trial 159 with value: -0.10492384152542526.
[I 2025-08-04 00:49:40,794] Trial 263 finished with value: -0.10060414271403124 and parameters: {'learning_rate': 0.01962393237258552, 'depth': 12, 'l2_leaf_reg': 1.2243742651049982, 'border_count': 62}. Best is trial 159 with value: -0.10492384152542526.
[I 2025-08-04 00:50:50,989] Trial 264 finished with value: -0.10086292268431661 and parameters: {'learning_rate': 0.01832739003193166, 'depth': 11, 'l2_leaf_reg': 1.000067130615785, 'border_count': 55}. Best is trial 159 with value: -0.10492384152542526.
[I 2025-08-04 00:53:04,889] Trial 265 finished with value: -0.10094196732319581 and parameters: {'learning_rate': 0.016674983304122728, 'depth': 12, 'l2_leaf_reg': 1.286526481232404, 'border_count': 58}. Best is trial 159 with value: -0.10492384152542526.
[I 2025-08-04 00:55:03,050] Trial 266 finished with value: -0.09907105768813054 and parameters: {'learning_rate': 0.01995786197631263, 'depth': 12, 'l2_leaf_reg': 1.1683108022930306, 'border_count': 62}. Best is trial 159 with value: -0.10492384152542526.
[I 2025-08-04 00:57:35,548] Trial 267 finished with value: -0.09181527307083502 and parameters: {'learning_rate': 0.018489614634365607, 'depth': 12, 'l2_leaf_reg': 9.498925734502611, 'border_count': 68}. Best is trial 159 with value: -0.10492384152542526.
[I 2025-08-04 00:59:42,382] Trial 268 finished with value: -0.09954059864960199 and parameters: {'learning_rate': 0.01667524368956496, 'depth': 12, 'l2_leaf_reg': 1.3623007395820417, 'border_count': 53}. Best is trial 159 with value: -0.10492384152542526.
[I 2025-08-04 01:00:04,239] Trial 269 finished with value: -0.09106492955812388 and parameters: {'learning_rate': 0.020564206812427887, 'depth': 8, 'l2_leaf_reg': 1.612200251967292, 'border_count': 73}. Best is trial 159 with value: -0.10492384152542526.
[I 2025-08-04 01:02:11,688] Trial 270 finished with value: -0.10155307983458771 and parameters: {'learning_rate': 0.017970864815226036, 'depth': 12, 'l2_leaf_reg': 1.1326743343328678, 'border_count': 53}. Best is trial 159 with value: -0.10492384152542526.
[I 2025-08-04 01:04:12,545] Trial 271 finished with value: -0.09971099228281183 and parameters: {'learning_rate': 0.0191129533065111, 'depth': 12, 'l2_leaf_reg': 1.4903610073439806, 'border_count': 59}. Best is trial 159 with value: -0.10492384152542526.
[I 2025-08-04 01:05:17,280] Trial 272 finished with value: -0.09850331423578497 and parameters: {'learning_rate': 0.023163093505928725, 'depth': 11, 'l2_leaf_reg': 1.3038021652642238, 'border_count': 63}. Best is trial 159 with value: -0.10492384152542526.
[I 2025-08-04 01:07:06,800] Trial 273 finished with value: -0.10397228957851495 and parameters: {'learning_rate': 0.02076674704595245, 'depth': 12, 'l2_leaf_reg': 1.617952822293373, 'border_count': 50}. Best is trial 159 with value: -0.10492384152542526.
[I 2025-08-04 01:09:13,920] Trial 274 finished with value: -0.10408348661391927 and parameters: {'learning_rate': 0.020389408670043647, 'depth': 12, 'l2_leaf_reg': 1.7668170196880444, 'border_count': 50}. Best is trial 159 with value: -0.10492384152542526.
[I 2025-08-04 01:11:06,199] Trial 275 finished with value: -0.1004215287052695 and parameters: {'learning_rate': 0.02129608821323785, 'depth': 12, 'l2_leaf_reg': 1.8492089757272105, 'border_count': 49}. Best is trial 159 with value: -0.10492384152542526.
[I 2025-08-04 01:12:55,124] Trial 276 finished with value: -0.10052397257425548 and parameters: {'learning_rate': 0.023147670047843558, 'depth': 12, 'l2_leaf_reg': 2.1213760737472636, 'border_count': 47}. Best is trial 159 with value: -0.10492384152542526.
[I 2025-08-04 01:15:01,804] Trial 277 finished with value: -0.1012523732795041 and parameters: {'learning_rate': 0.020494174187159632, 'depth': 12, 'l2_leaf_reg': 1.5885876586205812, 'border_count': 66}. Best is trial 159 with value: -0.10492384152542526.
[I 2025-08-04 01:15:53,937] Trial 278 finished with value: -0.0958260445357065 and parameters: {'learning_rate': 0.02193870586746916, 'depth': 9, 'l2_leaf_reg': 1.4660870169570546, 'border_count': 252}. Best is trial 159 with value: -0.10492384152542526.
[I 2025-08-04 01:16:04,727] Trial 279 finished with value: -0.07701166350031029 and parameters: {'learning_rate': 0.025351090611588835, 'depth': 5, 'l2_leaf_reg': 1.71627996209412, 'border_count': 57}. Best is trial 159 with value: -0.10492384152542526.
[I 2025-08-04 01:17:53,649] Trial 280 finished with value: -0.10033855708728437 and parameters: {'learning_rate': 0.019958290887760056, 'depth': 12, 'l2_leaf_reg': 1.3227919384780749, 'border_count': 53}. Best is trial 159 with value: -0.10492384152542526.
[I 2025-08-04 01:19:00,303] Trial 281 finished with value: -0.09660175942897885 and parameters: {'learning_rate': 0.023820651597997462, 'depth': 11, 'l2_leaf_reg': 6.353798633430969, 'border_count': 45}. Best is trial 159 with value: -0.10492384152542526.
[I 2025-08-04 01:22:31,062] Trial 282 finished with value: -0.10237720856842271 and parameters: {'learning_rate': 0.02111084644260191, 'depth': 12, 'l2_leaf_reg': 1.5640421835388945, 'border_count': 127}. Best is trial 159 with value: -0.10492384152542526.
[I 2025-08-04 01:24:28,807] Trial 283 finished with value: -0.0924745417350981 and parameters: {'learning_rate': 0.10778624170669421, 'depth': 12, 'l2_leaf_reg': 1.9754034403802008, 'border_count': 220}. Best is trial 159 with value: -0.10492384152542526.
[I 2025-08-04 01:26:51,679] Trial 284 finished with value: -0.10065410643466748 and parameters: {'learning_rate': 0.01931683822422636, 'depth': 12, 'l2_leaf_reg': 1.3772281605733552, 'border_count': 77}. Best is trial 159 with value: -0.10492384152542526.
[I 2025-08-04 01:28:46,026] Trial 285 finished with value: -0.10155497373658419 and parameters: {'learning_rate': 0.022160558183737283, 'depth': 12, 'l2_leaf_reg': 1.7929828542838233, 'border_count': 50}. Best is trial 159 with value: -0.10492384152542526.
[I 2025-08-04 01:30:49,308] Trial 286 finished with value: -0.10292645826698373 and parameters: {'learning_rate': 0.01892175927851153, 'depth': 12, 'l2_leaf_reg': 1.5952853008222538, 'border_count': 60}. Best is trial 159 with value: -0.10492384152542526.
[I 2025-08-04 01:33:03,010] Trial 287 finished with value: -0.10243790432600887 and parameters: {'learning_rate': 0.018947854240040835, 'depth': 12, 'l2_leaf_reg': 1.6153148622727107, 'border_count': 60}. Best is trial 159 with value: -0.10492384152542526.
[I 2025-08-04 01:35:43,235] Trial 288 finished with value: -0.1011580689779465 and parameters: {'learning_rate': 0.016312438504900998, 'depth': 12, 'l2_leaf_reg': 2.0164473342217812, 'border_count': 70}. Best is trial 159 with value: -0.10492384152542526.
[I 2025-08-04 01:37:58,917] Trial 289 finished with value: -0.10010081714339128 and parameters: {'learning_rate': 0.0182201060232208, 'depth': 12, 'l2_leaf_reg': 1.77348078847166, 'border_count': 64}. Best is trial 159 with value: -0.10492384152542526.
[I 2025-08-04 01:39:56,695] Trial 290 finished with value: -0.09943166250710218 and parameters: {'learning_rate': 0.020329675750512068, 'depth': 12, 'l2_leaf_reg': 1.51633434082762, 'border_count': 57}. Best is trial 159 with value: -0.10492384152542526.
[I 2025-08-04 01:41:49,572] Trial 291 finished with value: -0.10189439314248724 and parameters: {'learning_rate': 0.023525781719105715, 'depth': 12, 'l2_leaf_reg': 1.6293025264727599, 'border_count': 60}. Best is trial 159 with value: -0.10492384152542526.
[I 2025-08-04 01:43:25,661] Trial 292 finished with value: -0.09769066794125253 and parameters: {'learning_rate': 0.026286718758737095, 'depth': 12, 'l2_leaf_reg': 1.394832449973034, 'border_count': 54}. Best is trial 159 with value: -0.10492384152542526.
[I 2025-08-04 01:44:43,886] Trial 293 finished with value: -0.09921717191286308 and parameters: {'learning_rate': 0.018473204556165957, 'depth': 11, 'l2_leaf_reg': 1.8071372649210233, 'border_count': 67}. Best is trial 159 with value: -0.10492384152542526.
