[I 2025-08-03 06:31:06,236] Trial 53 finished with value: -0.9328677348584554 and parameters: {'learning_rate': 0.1098132890694061, 'num_leaves': 17, 'max_depth': 9, 'min_child_samples': 48, 'feature_fraction': 0.5574412315808621, 'bagging_fraction': 0.6985050927321629, 'reg_alpha': 2.4165197781258144e-05, 'reg_lambda': 0.002885172900106696}. Best is trial 10 with value: -0.9333108588669554.
[I 2025-08-03 06:31:13,356] Trial 54 finished with value: -0.9312376581612145 and parameters: {'learning_rate': 0.1058186202335369, 'num_leaves': 8, 'max_depth': 10, 'min_child_samples': 48, 'feature_fraction': 0.5677770185950425, 'bagging_fraction': 0.6871414595932286, 'reg_alpha': 1.3675008407893251e-05, 'reg_lambda': 0.00016144814753450657}. Best is trial 10 with value: -0.9333108588669554.
[I 2025-08-03 06:31:28,979] Trial 55 finished with value: -0.9315403878653382 and parameters: {'learning_rate': 0.07895983475010092, 'num_leaves': 32, 'max_depth': 12, 'min_child_samples': 44, 'feature_fraction': 0.6566752505486512, 'bagging_fraction': 0.656294874495644, 'reg_alpha': 1.5570426166432696e-08, 'reg_lambda': 4.491485992747816e-05}. Best is trial 10 with value: -0.9333108588669554.
[I 2025-08-03 06:31:40,189] Trial 56 finished with value: -0.9332438974805527 and parameters: {'learning_rate': 0.06303908454203042, 'num_leaves': 17, 'max_depth': 11, 'min_child_samples': 15, 'feature_fraction': 0.5493853406639586, 'bagging_fraction': 0.7022952444225543, 'reg_alpha': 0.002085827457369907, 'reg_lambda': 0.002654994829991085}. Best is trial 10 with value: -0.9333108588669554.
[I 2025-08-03 06:31:50,625] Trial 57 finished with value: -0.9337006142352033 and parameters: {'learning_rate': 0.08945745047418373, 'num_leaves': 16, 'max_depth': 11, 'min_child_samples': 14, 'feature_fraction': 0.5455834195255317, 'bagging_fraction': 0.7024880422446701, 'reg_alpha': 0.004766827261699702, 'reg_lambda': 5.904496364887742}. Best is trial 57 with value: -0.9337006142352033.
[I 2025-08-03 06:32:01,957] Trial 58 finished with value: -0.9331456589406116 and parameters: {'learning_rate': 0.060641365791799684, 'num_leaves': 18, 'max_depth': 11, 'min_child_samples': 13, 'feature_fraction': 0.5450942960693608, 'bagging_fraction': 0.7079082310897166, 'reg_alpha': 0.004779671543076755, 'reg_lambda': 2.1832156423799984e-06}. Best is trial 57 with value: -0.9337006142352033.
[I 2025-08-03 06:32:22,723] Trial 59 finished with value: -0.9334514128327497 and parameters: {'learning_rate': 0.06507287016384954, 'num_leaves': 51, 'max_depth': 13, 'min_child_samples': 14, 'feature_fraction': 0.5418993332069405, 'bagging_fraction': 0.7035363969065569, 'reg_alpha': 0.045356094240842464, 'reg_lambda': 1.6757897262321857e-07}. Best is trial 57 with value: -0.9337006142352033.
[I 2025-08-03 06:32:44,012] Trial 60 finished with value: -0.9329186830933877 and parameters: {'learning_rate': 0.06209485820035861, 'num_leaves': 47, 'max_depth': 13, 'min_child_samples': 14, 'feature_fraction': 0.5430927555914983, 'bagging_fraction': 0.6931919139260518, 'reg_alpha': 0.08630931535354239, 'reg_lambda': 2.039244892800112e-07}. Best is trial 57 with value: -0.9337006142352033.
[I 2025-08-03 06:33:04,731] Trial 61 finished with value: -0.9327019424126445 and parameters: {'learning_rate': 0.05832451582350545, 'num_leaves': 50, 'max_depth': 13, 'min_child_samples': 15, 'feature_fraction': 0.5393746090439141, 'bagging_fraction': 0.699596924014826, 'reg_alpha': 0.05537361088072747, 'reg_lambda': 1.7458559314829724e-07}. Best is trial 57 with value: -0.9337006142352033.
[I 2025-08-03 06:33:27,027] Trial 62 finished with value: -0.9313163727929418 and parameters: {'learning_rate': 0.03877086386261361, 'num_leaves': 41, 'max_depth': 14, 'min_child_samples': 20, 'feature_fraction': 0.930305570741614, 'bagging_fraction': 0.6724089388395463, 'reg_alpha': 0.00529396952789135, 'reg_lambda': 4.0421852650194874e-08}. Best is trial 57 with value: -0.9337006142352033.
[I 2025-08-03 06:33:54,865] Trial 63 finished with value: -0.931558082867321 and parameters: {'learning_rate': 0.06369267749350549, 'num_leaves': 80, 'max_depth': 12, 'min_child_samples': 14, 'feature_fraction': 0.5070587568226921, 'bagging_fraction': 0.7252132324666245, 'reg_alpha': 0.0400551400641819, 'reg_lambda': 1.4406358962458572e-06}. Best is trial 57 with value: -0.9337006142352033.
[I 2025-08-03 06:34:07,485] Trial 64 finished with value: -0.9353443311960399 and parameters: {'learning_rate': 0.04770014065085033, 'num_leaves': 20, 'max_depth': 15, 'min_child_samples': 10, 'feature_fraction': 0.5558905850865983, 'bagging_fraction': 0.7058700900835913, 'reg_alpha': 0.15437876544549645, 'reg_lambda': 4.322106610278296e-08}. Best is trial 64 with value: -0.9353443311960399.
[I 2025-08-03 06:34:31,929] Trial 65 finished with value: -0.9336072381513211 and parameters: {'learning_rate': 0.05007299061141174, 'num_leaves': 55, 'max_depth': 15, 'min_child_samples': 11, 'feature_fraction': 0.5399979984452932, 'bagging_fraction': 0.6489200549740443, 'reg_alpha': 0.5494853675026371, 'reg_lambda': 5.1043986630383134e-08}. Best is trial 64 with value: -0.9353443311960399.
[I 2025-08-03 06:35:09,930] Trial 66 finished with value: -0.9314225989382385 and parameters: {'learning_rate': 0.04426013758839648, 'num_leaves': 89, 'max_depth': 15, 'min_child_samples': 10, 'feature_fraction': 0.8196683814223185, 'bagging_fraction': 0.6521690133153343, 'reg_alpha': 0.6658134407474071, 'reg_lambda': 2.498092658310597e-08}. Best is trial 64 with value: -0.9353443311960399.
[I 2025-08-03 06:35:40,134] Trial 67 finished with value: -0.9308699611090407 and parameters: {'learning_rate': 0.05252451113715267, 'num_leaves': 110, 'max_depth': 15, 'min_child_samples': 18, 'feature_fraction': 0.5814368827305821, 'bagging_fraction': 0.6364784660724696, 'reg_alpha': 3.5802309481472214, 'reg_lambda': 6.15759807935164e-07}. Best is trial 64 with value: -0.9353443311960399.
[I 2025-08-03 06:36:00,064] Trial 68 finished with value: -0.9339281809461749 and parameters: {'learning_rate': 0.03938110938298564, 'num_leaves': 36, 'max_depth': 14, 'min_child_samples': 12, 'feature_fraction': 0.5975104850682096, 'bagging_fraction': 0.7421446474836196, 'reg_alpha': 0.25284857603538746, 'reg_lambda': 6.011138144589783e-08}. Best is trial 64 with value: -0.9353443311960399.
[I 2025-08-03 06:36:27,169] Trial 69 finished with value: -0.932063458008545 and parameters: {'learning_rate': 0.03770642269092415, 'num_leaves': 66, 'max_depth': 14, 'min_child_samples': 24, 'feature_fraction': 0.5941308433911613, 'bagging_fraction': 0.7417778901839397, 'reg_alpha': 0.22391313035783544, 'reg_lambda': 6.200312364692529e-08}. Best is trial 64 with value: -0.9353443311960399.
[I 2025-08-03 06:36:52,064] Trial 70 finished with value: -0.9323213883043164 and parameters: {'learning_rate': 0.047907058201695475, 'num_leaves': 55, 'max_depth': 14, 'min_child_samples': 20, 'feature_fraction': 0.5033621649741468, 'bagging_fraction': 0.6732613889034926, 'reg_alpha': 0.20254501117503576, 'reg_lambda': 1.0803020131219274e-07}. Best is trial 64 with value: -0.9353443311960399.
[I 2025-08-03 06:37:03,377] Trial 71 finished with value: -0.9339134500765706 and parameters: {'learning_rate': 0.056369961599718015, 'num_leaves': 17, 'max_depth': 15, 'min_child_samples': 13, 'feature_fraction': 0.5321259759194982, 'bagging_fraction': 0.7120204743302782, 'reg_alpha': 0.01673078841604108, 'reg_lambda': 2.051574719593008e-08}. Best is trial 64 with value: -0.9353443311960399.
[I 2025-08-03 06:37:22,402] Trial 72 finished with value: -0.9357034107499388 and parameters: {'learning_rate': 0.03361872638425765, 'num_leaves': 34, 'max_depth': 15, 'min_child_samples': 10, 'feature_fraction': 0.5303982973843946, 'bagging_fraction': 0.7200416425253419, 'reg_alpha': 0.02282848904653063, 'reg_lambda': 1.1828247148356493e-08}. Best is trial 72 with value: -0.9357034107499388.
[I 2025-08-03 06:37:42,365] Trial 73 finished with value: -0.9350855438809512 and parameters: {'learning_rate': 0.03333979607915114, 'num_leaves': 36, 'max_depth': 15, 'min_child_samples': 10, 'feature_fraction': 0.5276513370070162, 'bagging_fraction': 0.7221375896101694, 'reg_alpha': 0.46473394274682, 'reg_lambda': 1.1231420682872289e-08}. Best is trial 72 with value: -0.9357034107499388.
[I 2025-08-03 06:38:03,134] Trial 74 finished with value: -0.9355535211071563 and parameters: {'learning_rate': 0.03314380308023537, 'num_leaves': 38, 'max_depth': 15, 'min_child_samples': 10, 'feature_fraction': 0.5302712773385204, 'bagging_fraction': 0.7225003419803352, 'reg_alpha': 0.02396731827901039, 'reg_lambda': 1.3134315305726621e-08}. Best is trial 72 with value: -0.9357034107499388.
[I 2025-08-03 06:38:23,672] Trial 75 finished with value: -0.9355130699089825 and parameters: {'learning_rate': 0.030724994871208104, 'num_leaves': 37, 'max_depth': 15, 'min_child_samples': 10, 'feature_fraction': 0.533096650455574, 'bagging_fraction': 0.7533265452968452, 'reg_alpha': 0.020428419804002555, 'reg_lambda': 1.1228696004822665e-08}. Best is trial 72 with value: -0.9357034107499388.
[I 2025-08-03 06:38:44,233] Trial 76 finished with value: -0.9355638332025189 and parameters: {'learning_rate': 0.03035429104340565, 'num_leaves': 37, 'max_depth': 15, 'min_child_samples': 10, 'feature_fraction': 0.5265267269873769, 'bagging_fraction': 0.7606501128433887, 'reg_alpha': 0.02126882226300248, 'reg_lambda': 1.1554875993386883e-08}. Best is trial 72 with value: -0.9357034107499388.
[I 2025-08-03 06:39:04,742] Trial 77 finished with value: -0.9353182566734073 and parameters: {'learning_rate': 0.030420552085476643, 'num_leaves': 38, 'max_depth': 15, 'min_child_samples': 10, 'feature_fraction': 0.5256245515706366, 'bagging_fraction': 0.7619390317303875, 'reg_alpha': 0.020381125930820976, 'reg_lambda': 1.0273969465655201e-08}. Best is trial 72 with value: -0.9357034107499388.
[I 2025-08-03 06:39:25,555] Trial 78 finished with value: -0.9332797377323561 and parameters: {'learning_rate': 0.029690179310168208, 'num_leaves': 38, 'max_depth': 15, 'min_child_samples': 17, 'feature_fraction': 0.5180859500999795, 'bagging_fraction': 0.794077889166318, 'reg_alpha': 0.15188467704220734, 'reg_lambda': 1.236259702055338e-08}. Best is trial 72 with value: -0.9357034107499388.
[I 2025-08-03 06:39:43,474] Trial 79 finished with value: -0.9344734902013128 and parameters: {'learning_rate': 0.022345905985675905, 'num_leaves': 29, 'max_depth': 14, 'min_child_samples': 10, 'feature_fraction': 0.5705843640934196, 'bagging_fraction': 0.7650021470973747, 'reg_alpha': 0.4209537728644218, 'reg_lambda': 1.0006439775475848e-08}. Best is trial 72 with value: -0.9357034107499388.
[I 2025-08-03 06:40:19,343] Trial 80 finished with value: -0.9345933474096122 and parameters: {'learning_rate': 0.020888828363195326, 'num_leaves': 73, 'max_depth': 15, 'min_child_samples': 10, 'feature_fraction': 0.5651078944484683, 'bagging_fraction': 0.7604067617878145, 'reg_alpha': 0.02044750349938947, 'reg_lambda': 1.0003439831169785e-08}. Best is trial 72 with value: -0.9357034107499388.
[I 2025-08-03 06:40:36,758] Trial 81 finished with value: -0.933912299364965 and parameters: {'learning_rate': 0.022504098740745795, 'num_leaves': 28, 'max_depth': 15, 'min_child_samples': 10, 'feature_fraction': 0.576537241580171, 'bagging_fraction': 0.7867425196169083, 'reg_alpha': 0.028867185715290563, 'reg_lambda': 1.1247932469532302e-08}. Best is trial 72 with value: -0.9357034107499388.
[I 2025-08-03 06:41:00,244] Trial 82 finished with value: -0.9324987263494761 and parameters: {'learning_rate': 0.020955621975378702, 'num_leaves': 43, 'max_depth': 15, 'min_child_samples': 19, 'feature_fraction': 0.5629991365810633, 'bagging_fraction': 0.7625375796438942, 'reg_alpha': 0.019889446617321473, 'reg_lambda': 2.3483726878236935e-08}. Best is trial 72 with value: -0.9357034107499388.
[I 2025-08-03 06:41:29,864] Trial 83 finished with value: -0.9332681742570539 and parameters: {'learning_rate': 0.032341560386765035, 'num_leaves': 61, 'max_depth': 15, 'min_child_samples': 16, 'feature_fraction': 0.5306661422073784, 'bagging_fraction': 0.7669530445905245, 'reg_alpha': 0.49682015427861276, 'reg_lambda': 1.9814344447281692e-08}. Best is trial 72 with value: -0.9357034107499388.
[I 2025-08-03 06:42:08,017] Trial 84 finished with value: -0.9339711883563512 and parameters: {'learning_rate': 0.02696662880151852, 'num_leaves': 80, 'max_depth': 14, 'min_child_samples': 10, 'feature_fraction': 0.5145169335780737, 'bagging_fraction': 0.748381350581825, 'reg_alpha': 0.009965930467181186, 'reg_lambda': 3.243783451882464e-08}. Best is trial 72 with value: -0.9357034107499388.
[I 2025-08-03 06:42:26,292] Trial 85 finished with value: -0.9307089917162841 and parameters: {'learning_rate': 0.01681586461667131, 'num_leaves': 29, 'max_depth': 15, 'min_child_samples': 17, 'feature_fraction': 0.5700270345386897, 'bagging_fraction': 0.8113524169995258, 'reg_alpha': 1.180774859076738, 'reg_lambda': 8.136778801199256e-08}. Best is trial 72 with value: -0.9357034107499388.
[I 2025-08-03 06:43:03,038] Trial 86 finished with value: -0.931760441688651 and parameters: {'learning_rate': 0.03453465669961791, 'num_leaves': 126, 'max_depth': 14, 'min_child_samples': 21, 'feature_fraction': 0.5003111305431043, 'bagging_fraction': 0.7836598848889909, 'reg_alpha': 0.10381184347549124, 'reg_lambda': 1.4420078840598636e-08}. Best is trial 72 with value: -0.9357034107499388.
[I 2025-08-03 06:43:38,589] Trial 87 finished with value: -0.9345912418940034 and parameters: {'learning_rate': 0.02889762876363115, 'num_leaves': 75, 'max_depth': 14, 'min_child_samples': 12, 'feature_fraction': 0.5582008664493309, 'bagging_fraction': 0.7249184276415027, 'reg_alpha': 0.022072571006949135, 'reg_lambda': 1.0221423231013511e-08}. Best is trial 72 with value: -0.9357034107499388.
[I 2025-08-03 06:44:12,790] Trial 88 finished with value: -0.9317745046988279 and parameters: {'learning_rate': 0.029718060447960597, 'num_leaves': 93, 'max_depth': 15, 'min_child_samples': 26, 'feature_fraction': 0.5561561997060489, 'bagging_fraction': 0.7294845728766095, 'reg_alpha': 0.0021690218515448773, 'reg_lambda': 3.3605832929400983e-07}. Best is trial 72 with value: -0.9357034107499388.
[I 2025-08-03 06:44:47,368] Trial 89 finished with value: -0.9336381871796838 and parameters: {'learning_rate': 0.025457373324007826, 'num_leaves': 73, 'max_depth': 15, 'min_child_samples': 12, 'feature_fraction': 0.5316093199381351, 'bagging_fraction': 0.7365985049642159, 'reg_alpha': 0.029219843810234274, 'reg_lambda': 4.324244769594925e-08}. Best is trial 72 with value: -0.9357034107499388.
[I 2025-08-03 06:45:19,779] Trial 90 finished with value: -0.9328660159070133 and parameters: {'learning_rate': 0.03634535628672877, 'num_leaves': 75, 'max_depth': 15, 'min_child_samples': 17, 'feature_fraction': 0.5242411967016375, 'bagging_fraction': 0.7532614616277737, 'reg_alpha': 0.010581723230798088, 'reg_lambda': 3.333583181876047e-08}. Best is trial 72 with value: -0.9357034107499388.
[I 2025-08-03 06:45:40,870] Trial 91 finished with value: -0.9344236296986702 and parameters: {'learning_rate': 0.028498260423372557, 'num_leaves': 38, 'max_depth': 14, 'min_child_samples': 10, 'feature_fraction': 0.5753748727365741, 'bagging_fraction': 0.7216522381577156, 'reg_alpha': 0.02549505091212407, 'reg_lambda': 1.5353863961069416e-08}. Best is trial 72 with value: -0.9357034107499388.
[I 2025-08-03 06:46:05,146] Trial 92 finished with value: -0.933891111542426 and parameters: {'learning_rate': 0.023196223123727492, 'num_leaves': 44, 'max_depth': 14, 'min_child_samples': 10, 'feature_fraction': 0.6265685290642299, 'bagging_fraction': 0.772303802100202, 'reg_alpha': 0.06144815419016135, 'reg_lambda': 1.1835766038570382e-08}. Best is trial 72 with value: -0.9357034107499388.
[I 2025-08-03 06:46:53,580] Trial 93 finished with value: -0.9330797400217848 and parameters: {'learning_rate': 0.03178279577809656, 'num_leaves': 142, 'max_depth': 14, 'min_child_samples': 13, 'feature_fraction': 0.5548620973244069, 'bagging_fraction': 0.9818752497240795, 'reg_alpha': 0.11895057677493752, 'reg_lambda': 1.0254369903435487e-08}. Best is trial 72 with value: -0.9357034107499388.
[I 2025-08-03 06:47:10,787] Trial 94 finished with value: -0.9315621214304346 and parameters: {'learning_rate': 0.019260718350233887, 'num_leaves': 28, 'max_depth': 15, 'min_child_samples': 16, 'feature_fraction': 0.5163933749661468, 'bagging_fraction': 0.8228703781514353, 'reg_alpha': 1.5375145849623189, 'reg_lambda': 8.719551802162522e-08}. Best is trial 72 with value: -0.9357034107499388.
[I 2025-08-03 06:47:31,464] Trial 95 finished with value: -0.9335733822055066 and parameters: {'learning_rate': 0.02500604849194345, 'num_leaves': 35, 'max_depth': 15, 'min_child_samples': 12, 'feature_fraction': 0.5860212270571246, 'bagging_fraction': 0.6846933701225069, 'reg_alpha': 0.43871896995095516, 'reg_lambda': 2.7020212724417164e-08}. Best is trial 72 with value: -0.9357034107499388.
[I 2025-08-03 06:47:59,871] Trial 96 finished with value: -0.9333424202977897 and parameters: {'learning_rate': 0.04174029554330873, 'num_leaves': 65, 'max_depth': 14, 'min_child_samples': 19, 'feature_fraction': 0.5618653661964468, 'bagging_fraction': 0.7470123010854623, 'reg_alpha': 3.46723237245388, 'reg_lambda': 1.905812663423917e-08}. Best is trial 72 with value: -0.9357034107499388.
[I 2025-08-03 06:48:24,913] Trial 97 finished with value: -0.9339783499183516 and parameters: {'learning_rate': 0.03405041129529997, 'num_leaves': 49, 'max_depth': 15, 'min_child_samples': 12, 'feature_fraction': 0.600527356428551, 'bagging_fraction': 0.7168391529314724, 'reg_alpha': 0.35228955024827446, 'reg_lambda': 3.61363877639342e-08}. Best is trial 72 with value: -0.9357034107499388.
[I 2025-08-03 06:48:53,851] Trial 98 finished with value: -0.9331249820037988 and parameters: {'learning_rate': 0.027225795129307933, 'num_leaves': 58, 'max_depth': 13, 'min_child_samples': 22, 'feature_fraction': 0.5330258528719211, 'bagging_fraction': 0.7571045377160968, 'reg_alpha': 0.003202102816172962, 'reg_lambda': 1.789156581842499e-08}. Best is trial 72 with value: -0.9357034107499388.
[I 2025-08-03 06:49:09,582] Trial 99 finished with value: -0.9332547531489406 and parameters: {'learning_rate': 0.03545181453309846, 'num_leaves': 26, 'max_depth': 14, 'min_child_samples': 15, 'feature_fraction': 0.5133251185561472, 'bagging_fraction': 0.73525651133375, 'reg_alpha': 0.15928106420272428, 'reg_lambda': 1.0539794756856504e-08}. Best is trial 72 with value: -0.9357034107499388.
[I 2025-08-03 06:49:33,447] Trial 100 finished with value: -0.9328813612653873 and parameters: {'learning_rate': 0.015515809777751232, 'num_leaves': 42, 'max_depth': 15, 'min_child_samples': 12, 'feature_fraction': 0.5571137601102009, 'bagging_fraction': 0.8013139941300575, 'reg_alpha': 0.008172934811293954, 'reg_lambda': 1.3237270146829957e-07}. Best is trial 72 with value: -0.9357034107499388.
[I 2025-08-03 06:49:54,373] Trial 101 finished with value: -0.9272763607509795 and parameters: {'learning_rate': 0.02941424067076034, 'num_leaves': 38, 'max_depth': 14, 'min_child_samples': 87, 'feature_fraction': 0.5709271944412774, 'bagging_fraction': 0.7222697952043088, 'reg_alpha': 0.023484599197442668, 'reg_lambda': 1.7098211167294092e-08}. Best is trial 72 with value: -0.9357034107499388.
[I 2025-08-03 06:50:52,429] Trial 102 finished with value: -0.9310403227601676 and parameters: {'learning_rate': 0.028389051104731947, 'num_leaves': 170, 'max_depth': 14, 'min_child_samples': 10, 'feature_fraction': 0.6197573168506063, 'bagging_fraction': 0.7220431551987205, 'reg_alpha': 0.04095845147181189, 'reg_lambda': 7.199356692528539e-08}. Best is trial 72 with value: -0.9357034107499388.
[I 2025-08-03 06:51:11,559] Trial 103 finished with value: -0.9341985813160858 and parameters: {'learning_rate': 0.021476911065702303, 'num_leaves': 31, 'max_depth': 15, 'min_child_samples': 10, 'feature_fraction': 0.5712242301332827, 'bagging_fraction': 0.782532410258633, 'reg_alpha': 0.8577347186691383, 'reg_lambda': 1.0003598814068469e-08}. Best is trial 72 with value: -0.9357034107499388.
[I 2025-08-03 06:51:37,544] Trial 104 finished with value: -0.9336427418771058 and parameters: {'learning_rate': 0.03153991179993799, 'num_leaves': 50, 'max_depth': 13, 'min_child_samples': 15, 'feature_fraction': 0.5320631411887152, 'bagging_fraction': 0.7642410679161484, 'reg_alpha': 0.012892184501761772, 'reg_lambda': 2.9807148544885017e-08}. Best is trial 72 with value: -0.9357034107499388.
[I 2025-08-03 06:51:58,198] Trial 105 finished with value: -0.9342979201420469 and parameters: {'learning_rate': 0.024690566292838837, 'num_leaves': 36, 'max_depth': 14, 'min_child_samples': 12, 'feature_fraction': 0.5521921136637065, 'bagging_fraction': 0.7324105088405166, 'reg_alpha': 0.03315654833553609, 'reg_lambda': 4.6731134966152646e-08}. Best is trial 72 with value: -0.9357034107499388.
[I 2025-08-03 06:52:08,235] Trial 106 finished with value: -0.9312475725754513 and parameters: {'learning_rate': 0.04085368896236204, 'num_leaves': 13, 'max_depth': 15, 'min_child_samples': 18, 'feature_fraction': 0.5825096612790723, 'bagging_fraction': 0.6810398572749535, 'reg_alpha': 0.07011560675399081, 'reg_lambda': 2.626019653840691e-07}. Best is trial 72 with value: -0.9357034107499388.
[I 2025-08-03 06:52:22,857] Trial 107 finished with value: -0.9334336462606138 and parameters: {'learning_rate': 0.02787581203732869, 'num_leaves': 23, 'max_depth': 15, 'min_child_samples': 13, 'feature_fraction': 0.5234406783705652, 'bagging_fraction': 0.771240076285611, 'reg_alpha': 2.300373408134729, 'reg_lambda': 1.645791605071033e-08}. Best is trial 72 with value: -0.9357034107499388.
