[I 2025-08-02 09:24:28,729] Trial 7 finished with value: 0.611090668320042 and parameters: {'n_d': 25, 'n_a': 26, 'n_steps': 4, 'gamma': 1.8755407842388587, 'lambda_sparse': 0.00010665246363154542, 'lr': 0.00011280971981133785, 'weight_decay': 8.73918729393784e-06}. Best is trial 5 with value: 0.9143711720732661.
/work/dlclarge2/alidemaa-dl_lab/automl/automl-exam-ss25-tabular-freiburg-template/automl-tabular-env/lib/python3.10/site-packages/pytorch_tabnet/callbacks.py:172: UserWarning: Best weights from best epoch are automatically used!
  warnings.warn(wrn_msg)
[I 2025-08-02 09:25:59,773] Trial 8 finished with value: 0.650910422813584 and parameters: {'n_d': 49, 'n_a': 10, 'n_steps': 6, 'gamma': 1.864151538060115, 'lambda_sparse': 0.00015838196632529596, 'lr': 0.00025810128737569524, 'weight_decay': 6.2395342508938684e-06}. Best is trial 5 with value: 0.9143711720732661.
/work/dlclarge2/alidemaa-dl_lab/automl/automl-exam-ss25-tabular-freiburg-template/automl-tabular-env/lib/python3.10/site-packages/pytorch_tabnet/callbacks.py:172: UserWarning: Best weights from best epoch are automatically used!
  warnings.warn(wrn_msg)
[I 2025-08-02 09:27:24,196] Trial 9 finished with value: 0.8958564540112008 and parameters: {'n_d': 57, 'n_a': 60, 'n_steps': 6, 'gamma': 1.4470017460735343, 'lambda_sparse': 0.004850669789261087, 'lr': 0.009197909290885709, 'weight_decay': 0.0005162234166075719}. Best is trial 5 with value: 0.9143711720732661.
/work/dlclarge2/alidemaa-dl_lab/automl/automl-exam-ss25-tabular-freiburg-template/automl-tabular-env/lib/python3.10/site-packages/pytorch_tabnet/callbacks.py:172: UserWarning: Best weights from best epoch are automatically used!
  warnings.warn(wrn_msg)
[I 2025-08-02 09:29:05,467] Trial 10 finished with value: 0.9069826288938646 and parameters: {'n_d': 32, 'n_a': 48, 'n_steps': 8, 'gamma': 1.008973572514132, 'lambda_sparse': 1.2520315935536056e-05, 'lr': 0.06335554701164611, 'weight_decay': 8.430743405050683e-05}. Best is trial 5 with value: 0.9143711720732661.
/work/dlclarge2/alidemaa-dl_lab/automl/automl-exam-ss25-tabular-freiburg-template/automl-tabular-env/lib/python3.10/site-packages/pytorch_tabnet/callbacks.py:172: UserWarning: Best weights from best epoch are automatically used!
  warnings.warn(wrn_msg)
[I 2025-08-02 09:30:56,465] Trial 11 finished with value: 0.91714038480926 and parameters: {'n_d': 64, 'n_a': 37, 'n_steps': 9, 'gamma': 1.0120611720477999, 'lambda_sparse': 0.0005927168917605332, 'lr': 0.08506833090336449, 'weight_decay': 4.084802937634756e-06}. Best is trial 11 with value: 0.91714038480926.
/work/dlclarge2/alidemaa-dl_lab/automl/automl-exam-ss25-tabular-freiburg-template/automl-tabular-env/lib/python3.10/site-packages/pytorch_tabnet/callbacks.py:172: UserWarning: Best weights from best epoch are automatically used!
  warnings.warn(wrn_msg)
[I 2025-08-02 09:32:28,204] Trial 12 finished with value: 0.9227521985241768 and parameters: {'n_d': 42, 'n_a': 43, 'n_steps': 8, 'gamma': 1.056591575222996, 'lambda_sparse': 0.0007033610052869428, 'lr': 0.02716709833236461, 'weight_decay': 6.287224510455807e-06}. Best is trial 12 with value: 0.9227521985241768.
/work/dlclarge2/alidemaa-dl_lab/automl/automl-exam-ss25-tabular-freiburg-template/automl-tabular-env/lib/python3.10/site-packages/pytorch_tabnet/callbacks.py:172: UserWarning: Best weights from best epoch are automatically used!
  warnings.warn(wrn_msg)
[I 2025-08-02 09:34:13,797] Trial 13 finished with value: 0.9069033556073359 and parameters: {'n_d': 64, 'n_a': 43, 'n_steps': 8, 'gamma': 1.185564050480315, 'lambda_sparse': 0.0009369745225288719, 'lr': 0.018271931617437207, 'weight_decay': 1.843263882396032e-05}. Best is trial 12 with value: 0.9227521985241768.
/work/dlclarge2/alidemaa-dl_lab/automl/automl-exam-ss25-tabular-freiburg-template/automl-tabular-env/lib/python3.10/site-packages/pytorch_tabnet/callbacks.py:172: UserWarning: Best weights from best epoch are automatically used!
  warnings.warn(wrn_msg)
[I 2025-08-02 09:35:54,776] Trial 14 finished with value: 0.9084721357660421 and parameters: {'n_d': 47, 'n_a': 26, 'n_steps': 8, 'gamma': 1.3381414514658085, 'lambda_sparse': 0.0005593462978105021, 'lr': 0.026570594721975954, 'weight_decay': 4.1584220452555025e-06}. Best is trial 12 with value: 0.9227521985241768.
/work/dlclarge2/alidemaa-dl_lab/automl/automl-exam-ss25-tabular-freiburg-template/automl-tabular-env/lib/python3.10/site-packages/pytorch_tabnet/callbacks.py:172: UserWarning: Best weights from best epoch are automatically used!
  warnings.warn(wrn_msg)
[I 2025-08-02 09:38:09,403] Trial 15 finished with value: 0.9213749018175796 and parameters: {'n_d': 8, 'n_a': 42, 'n_steps': 10, 'gamma': 1.004236563519836, 'lambda_sparse': 0.00038193389916915476, 'lr': 0.009859170354899317, 'weight_decay': 3.2090803581141386e-06}. Best is trial 12 with value: 0.9227521985241768.
/work/dlclarge2/alidemaa-dl_lab/automl/automl-exam-ss25-tabular-freiburg-template/automl-tabular-env/lib/python3.10/site-packages/pytorch_tabnet/callbacks.py:172: UserWarning: Best weights from best epoch are automatically used!
  warnings.warn(wrn_msg)
[I 2025-08-02 09:40:25,246] Trial 16 finished with value: 0.8945687426583112 and parameters: {'n_d': 9, 'n_a': 64, 'n_steps': 10, 'gamma': 1.1739564781422702, 'lambda_sparse': 3.240469843618021e-05, 'lr': 0.004756578559988278, 'weight_decay': 5.071425739587991e-05}. Best is trial 12 with value: 0.9227521985241768.
/work/dlclarge2/alidemaa-dl_lab/automl/automl-exam-ss25-tabular-freiburg-template/automl-tabular-env/lib/python3.10/site-packages/pytorch_tabnet/callbacks.py:172: UserWarning: Best weights from best epoch are automatically used!
  warnings.warn(wrn_msg)
[I 2025-08-02 09:42:07,191] Trial 17 finished with value: 0.8858327321084274 and parameters: {'n_d': 9, 'n_a': 42, 'n_steps': 7, 'gamma': 1.4535327756425904, 'lambda_sparse': 0.00027857678018081833, 'lr': 0.012425654707459738, 'weight_decay': 2.480835789190365e-06}. Best is trial 12 with value: 0.9227521985241768.
/work/dlclarge2/alidemaa-dl_lab/automl/automl-exam-ss25-tabular-freiburg-template/automl-tabular-env/lib/python3.10/site-packages/pytorch_tabnet/callbacks.py:172: UserWarning: Best weights from best epoch are automatically used!
  warnings.warn(wrn_msg)
[I 2025-08-02 09:44:08,594] Trial 18 finished with value: 0.8221529542913247 and parameters: {'n_d': 28, 'n_a': 56, 'n_steps': 10, 'gamma': 1.3272878893113615, 'lambda_sparse': 0.001758188611474564, 'lr': 0.0021239042270154093, 'weight_decay': 1.4917946425786086e-05}. Best is trial 12 with value: 0.9227521985241768.
/work/dlclarge2/alidemaa-dl_lab/automl/automl-exam-ss25-tabular-freiburg-template/automl-tabular-env/lib/python3.10/site-packages/pytorch_tabnet/callbacks.py:172: UserWarning: Best weights from best epoch are automatically used!
  warnings.warn(wrn_msg)
[I 2025-08-02 09:45:32,305] Trial 19 finished with value: 0.8985842461607504 and parameters: {'n_d': 40, 'n_a': 43, 'n_steps': 7, 'gamma': 1.6046060427761706, 'lambda_sparse': 0.0002797325987336648, 'lr': 0.003702159395024117, 'weight_decay': 1.1253991411725382e-05}. Best is trial 12 with value: 0.9227521985241768.
/work/dlclarge2/alidemaa-dl_lab/automl/automl-exam-ss25-tabular-freiburg-template/automl-tabular-env/lib/python3.10/site-packages/pytorch_tabnet/callbacks.py:172: UserWarning: Best weights from best epoch are automatically used!
  warnings.warn(wrn_msg)
[I 2025-08-02 09:48:07,547] A new study created in memory with name: no-name-fe20615e-13e3-495b-ac94-25dfd2a68bc8
/work/dlclarge2/alidemaa-dl_lab/automl/automl-exam-ss25-tabular-freiburg-template/automl-tabular-env/lib/python3.10/site-packages/pytorch_tabnet/callbacks.py:172: UserWarning: Best weights from best epoch are automatically used!
  warnings.warn(wrn_msg)
[I 2025-08-02 09:49:12,287] Trial 0 finished with value: 0.9032367014216188 and parameters: {'n_d': 43, 'n_a': 43, 'n_steps': 3, 'gamma': 1.6143540319019731, 'lambda_sparse': 0.0013888453373967552, 'lr': 0.0009059105853097147, 'weight_decay': 0.00041367215194917993}. Best is trial 0 with value: 0.9032367014216188.
/work/dlclarge2/alidemaa-dl_lab/automl/automl-exam-ss25-tabular-freiburg-template/automl-tabular-env/lib/python3.10/site-packages/pytorch_tabnet/callbacks.py:172: UserWarning: Best weights from best epoch are automatically used!
  warnings.warn(wrn_msg)
[I 2025-08-02 09:50:50,783] Trial 1 finished with value: 0.9140837738125898 and parameters: {'n_d': 45, 'n_a': 24, 'n_steps': 7, 'gamma': 1.5739980278345513, 'lambda_sparse': 0.0057056548216166585, 'lr': 0.02436490636336461, 'weight_decay': 1.4176872376900408e-05}. Best is trial 1 with value: 0.9140837738125898.
/work/dlclarge2/alidemaa-dl_lab/automl/automl-exam-ss25-tabular-freiburg-template/automl-tabular-env/lib/python3.10/site-packages/pytorch_tabnet/callbacks.py:172: UserWarning: Best weights from best epoch are automatically used!
  warnings.warn(wrn_msg)
[I 2025-08-02 09:52:06,314] Trial 2 finished with value: 0.9116477840982171 and parameters: {'n_d': 28, 'n_a': 10, 'n_steps': 6, 'gamma': 1.7980015644938054, 'lambda_sparse': 0.00011683885372216597, 'lr': 0.008311224464003385, 'weight_decay': 0.0008433591669753732}. Best is trial 1 with value: 0.9140837738125898.
/work/dlclarge2/alidemaa-dl_lab/automl/automl-exam-ss25-tabular-freiburg-template/automl-tabular-env/lib/python3.10/site-packages/pytorch_tabnet/callbacks.py:172: UserWarning: Best weights from best epoch are automatically used!
  warnings.warn(wrn_msg)
[I 2025-08-02 09:52:35,705] Trial 3 finished with value: 0.519952642135804 and parameters: {'n_d': 27, 'n_a': 40, 'n_steps': 6, 'gamma': 1.9203162954287485, 'lambda_sparse': 0.0001383768472449373, 'lr': 0.03483737523757996, 'weight_decay': 4.606209174848403e-06}. Best is trial 1 with value: 0.9140837738125898.
/work/dlclarge2/alidemaa-dl_lab/automl/automl-exam-ss25-tabular-freiburg-template/automl-tabular-env/lib/python3.10/site-packages/pytorch_tabnet/callbacks.py:172: UserWarning: Best weights from best epoch are automatically used!
  warnings.warn(wrn_msg)
[I 2025-08-02 09:53:24,911] Trial 4 finished with value: 0.9331139968419675 and parameters: {'n_d': 57, 'n_a': 37, 'n_steps': 3, 'gamma': 1.667940923574327, 'lambda_sparse': 0.003967697986222571, 'lr': 0.062466455177163926, 'weight_decay': 4.921924752652182e-06}. Best is trial 4 with value: 0.9331139968419675.
/work/dlclarge2/alidemaa-dl_lab/automl/automl-exam-ss25-tabular-freiburg-template/automl-tabular-env/lib/python3.10/site-packages/pytorch_tabnet/callbacks.py:172: UserWarning: Best weights from best epoch are automatically used!
  warnings.warn(wrn_msg)
[I 2025-08-02 09:55:21,900] Trial 5 finished with value: 0.8802426134729939 and parameters: {'n_d': 25, 'n_a': 43, 'n_steps': 9, 'gamma': 1.528455473403549, 'lambda_sparse': 0.0030434450557287776, 'lr': 0.00533019283085098, 'weight_decay': 2.750749992150578e-06}. Best is trial 4 with value: 0.9331139968419675.
/work/dlclarge2/alidemaa-dl_lab/automl/automl-exam-ss25-tabular-freiburg-template/automl-tabular-env/lib/python3.10/site-packages/pytorch_tabnet/callbacks.py:172: UserWarning: Best weights from best epoch are automatically used!
  warnings.warn(wrn_msg)
[I 2025-08-02 09:56:45,837] Trial 6 finished with value: 0.5891126909211618 and parameters: {'n_d': 24, 'n_a': 53, 'n_steps': 6, 'gamma': 1.6352848931804131, 'lambda_sparse': 0.0016457412413236122, 'lr': 0.00014145099907104627, 'weight_decay': 5.351345939952537e-05}. Best is trial 4 with value: 0.9331139968419675.
/work/dlclarge2/alidemaa-dl_lab/automl/automl-exam-ss25-tabular-freiburg-template/automl-tabular-env/lib/python3.10/site-packages/pytorch_tabnet/callbacks.py:172: UserWarning: Best weights from best epoch are automatically used!
  warnings.warn(wrn_msg)
[I 2025-08-02 09:58:05,700] Trial 7 finished with value: 0.8986363456398262 and parameters: {'n_d': 18, 'n_a': 37, 'n_steps': 4, 'gamma': 1.1750498020860758, 'lambda_sparse': 0.00026895639821212874, 'lr': 0.051568569098645455, 'weight_decay': 0.0006121055043729364}. Best is trial 4 with value: 0.9331139968419675.
/work/dlclarge2/alidemaa-dl_lab/automl/automl-exam-ss25-tabular-freiburg-template/automl-tabular-env/lib/python3.10/site-packages/pytorch_tabnet/callbacks.py:172: UserWarning: Best weights from best epoch are automatically used!
  warnings.warn(wrn_msg)
[I 2025-08-02 09:58:37,493] Trial 8 finished with value: 0.48390099263146824 and parameters: {'n_d': 42, 'n_a': 43, 'n_steps': 8, 'gamma': 1.364565089578115, 'lambda_sparse': 0.0009347125374495584, 'lr': 0.0770729604763843, 'weight_decay': 0.000633841721133651}. Best is trial 4 with value: 0.9331139968419675.
/work/dlclarge2/alidemaa-dl_lab/automl/automl-exam-ss25-tabular-freiburg-template/automl-tabular-env/lib/python3.10/site-packages/pytorch_tabnet/callbacks.py:172: UserWarning: Best weights from best epoch are automatically used!
  warnings.warn(wrn_msg)
[I 2025-08-02 10:00:27,455] Trial 9 finished with value: 0.8955446255468301 and parameters: {'n_d': 52, 'n_a': 12, 'n_steps': 9, 'gamma': 1.8993514535550275, 'lambda_sparse': 2.3495160061993453e-05, 'lr': 0.014301463710271254, 'weight_decay': 3.36074779089102e-06}. Best is trial 4 with value: 0.9331139968419675.
/work/dlclarge2/alidemaa-dl_lab/automl/automl-exam-ss25-tabular-freiburg-template/automl-tabular-env/lib/python3.10/site-packages/pytorch_tabnet/callbacks.py:172: UserWarning: Best weights from best epoch are automatically used!
  warnings.warn(wrn_msg)
[I 2025-08-02 10:01:33,197] Trial 10 finished with value: 0.9146944234148155 and parameters: {'n_d': 64, 'n_a': 63, 'n_steps': 4, 'gamma': 1.066181717920622, 'lambda_sparse': 0.009927424558904444, 'lr': 0.0010575548632735941, 'weight_decay': 1.0815628819408133e-06}. Best is trial 4 with value: 0.9331139968419675.
/work/dlclarge2/alidemaa-dl_lab/automl/automl-exam-ss25-tabular-freiburg-template/automl-tabular-env/lib/python3.10/site-packages/pytorch_tabnet/callbacks.py:172: UserWarning: Best weights from best epoch are automatically used!
  warnings.warn(wrn_msg)
[I 2025-08-02 10:02:29,275] Trial 11 finished with value: 0.8950816003242771 and parameters: {'n_d': 62, 'n_a': 61, 'n_steps': 4, 'gamma': 1.065485704281394, 'lambda_sparse': 0.009426656206942918, 'lr': 0.0010543438682404588, 'weight_decay': 1.1320976074320351e-06}. Best is trial 4 with value: 0.9331139968419675.
/work/dlclarge2/alidemaa-dl_lab/automl/automl-exam-ss25-tabular-freiburg-template/automl-tabular-env/lib/python3.10/site-packages/pytorch_tabnet/callbacks.py:172: UserWarning: Best weights from best epoch are automatically used!
  warnings.warn(wrn_msg)
[I 2025-08-02 10:03:13,912] Trial 12 finished with value: 0.8756169388930848 and parameters: {'n_d': 61, 'n_a': 25, 'n_steps': 3, 'gamma': 1.3570613311308088, 'lambda_sparse': 0.009850048130810765, 'lr': 0.0013094756886854492, 'weight_decay': 1.5454615793512737e-05}. Best is trial 4 with value: 0.9331139968419675.
/work/dlclarge2/alidemaa-dl_lab/automl/automl-exam-ss25-tabular-freiburg-template/automl-tabular-env/lib/python3.10/site-packages/pytorch_tabnet/callbacks.py:172: UserWarning: Best weights from best epoch are automatically used!
  warnings.warn(wrn_msg)
[I 2025-08-02 10:04:07,992] Trial 13 finished with value: 0.8379175120847421 and parameters: {'n_d': 53, 'n_a': 64, 'n_steps': 4, 'gamma': 1.3320442407606161, 'lambda_sparse': 0.0006239497985497238, 'lr': 0.0002314879602341597, 'weight_decay': 1.1838799720659656e-06}. Best is trial 4 with value: 0.9331139968419675.
/work/dlclarge2/alidemaa-dl_lab/automl/automl-exam-ss25-tabular-freiburg-template/automl-tabular-env/lib/python3.10/site-packages/pytorch_tabnet/callbacks.py:172: UserWarning: Best weights from best epoch are automatically used!
  warnings.warn(wrn_msg)
[I 2025-08-02 10:05:11,611] Trial 14 finished with value: 0.9098517316585377 and parameters: {'n_d': 55, 'n_a': 52, 'n_steps': 5, 'gamma': 1.0042969152487102, 'lambda_sparse': 0.003063649928143152, 'lr': 0.0026694994669211876, 'weight_decay': 7.630127509169774e-05}. Best is trial 4 with value: 0.9331139968419675.
/work/dlclarge2/alidemaa-dl_lab/automl/automl-exam-ss25-tabular-freiburg-template/automl-tabular-env/lib/python3.10/site-packages/pytorch_tabnet/callbacks.py:172: UserWarning: Best weights from best epoch are automatically used!
  warnings.warn(wrn_msg)
[I 2025-08-02 10:06:01,129] Trial 15 finished with value: 0.8961198725689599 and parameters: {'n_d': 64, 'n_a': 28, 'n_steps': 3, 'gamma': 1.7145409553761266, 'lambda_sparse': 0.0036992940477280313, 'lr': 0.0003989868059458184, 'weight_decay': 1.0405440703431789e-05}. Best is trial 4 with value: 0.9331139968419675.
/work/dlclarge2/alidemaa-dl_lab/automl/automl-exam-ss25-tabular-freiburg-template/automl-tabular-env/lib/python3.10/site-packages/pytorch_tabnet/callbacks.py:172: UserWarning: Best weights from best epoch are automatically used!
  warnings.warn(wrn_msg)
[I 2025-08-02 10:07:06,072] Trial 16 finished with value: 0.9199178664536454 and parameters: {'n_d': 9, 'n_a': 54, 'n_steps': 5, 'gamma': 1.1795556332314365, 'lambda_sparse': 1.1047069477855824e-05, 'lr': 0.0018381216217596215, 'weight_decay': 4.935073453946761e-06}. Best is trial 4 with value: 0.9331139968419675.
/work/dlclarge2/alidemaa-dl_lab/automl/automl-exam-ss25-tabular-freiburg-template/automl-tabular-env/lib/python3.10/site-packages/pytorch_tabnet/callbacks.py:172: UserWarning: Best weights from best epoch are automatically used!
  warnings.warn(wrn_msg)
[I 2025-08-02 10:08:27,596] Trial 17 finished with value: 0.912011032746077 and parameters: {'n_d': 10, 'n_a': 52, 'n_steps': 5, 'gamma': 1.438015560781273, 'lambda_sparse': 1.3013232963413016e-05, 'lr': 0.0035919496067856353, 'weight_decay': 6.913219829295035e-06}. Best is trial 4 with value: 0.9331139968419675.
/work/dlclarge2/alidemaa-dl_lab/automl/automl-exam-ss25-tabular-freiburg-template/automl-tabular-env/lib/python3.10/site-packages/pytorch_tabnet/callbacks.py:172: UserWarning: Best weights from best epoch are automatically used!
  warnings.warn(wrn_msg)
[I 2025-08-02 10:09:43,667] Trial 18 finished with value: 0.9334840928031197 and parameters: {'n_d': 8, 'n_a': 32, 'n_steps': 5, 'gamma': 1.2266674300556708, 'lambda_sparse': 3.956576678219114e-05, 'lr': 0.013384072427089395, 'weight_decay': 2.9264914982700805e-05}. Best is trial 18 with value: 0.9334840928031197.
/work/dlclarge2/alidemaa-dl_lab/automl/automl-exam-ss25-tabular-freiburg-template/automl-tabular-env/lib/python3.10/site-packages/pytorch_tabnet/callbacks.py:172: UserWarning: Best weights from best epoch are automatically used!
  warnings.warn(wrn_msg)
[I 2025-08-02 10:10:59,032] Trial 19 finished with value: 0.5695408801844986 and parameters: {'n_d': 35, 'n_a': 32, 'n_steps': 10, 'gamma': 1.2685893396734313, 'lambda_sparse': 4.6737818708808115e-05, 'lr': 0.09716309572265319, 'weight_decay': 0.00012222295523293183}. Best is trial 18 with value: 0.9334840928031197.
/work/dlclarge2/alidemaa-dl_lab/automl/automl-exam-ss25-tabular-freiburg-template/automl-tabular-env/lib/python3.10/site-packages/pytorch_tabnet/callbacks.py:172: UserWarning: Best weights from best epoch are automatically used!
  warnings.warn(wrn_msg)
[I 2025-08-02 10:12:26,980] A new study created in memory with name: no-name-cc77ea43-c1d3-46a2-8d8f-ab31d5409e51
/work/dlclarge2/alidemaa-dl_lab/automl/automl-exam-ss25-tabular-freiburg-template/automl-tabular-env/lib/python3.10/site-packages/pytorch_tabnet/callbacks.py:172: UserWarning: Best weights from best epoch are automatically used!
  warnings.warn(wrn_msg)
[I 2025-08-02 10:13:36,653] Trial 0 finished with value: 0.9223263988670138 and parameters: {'n_d': 23, 'n_a': 61, 'n_steps': 3, 'gamma': 1.6407249110760724, 'lambda_sparse': 1.0087026495614673e-05, 'lr': 0.0073196803275837035, 'weight_decay': 2.5359928215656246e-05}. Best is trial 0 with value: 0.9223263988670138.
/work/dlclarge2/alidemaa-dl_lab/automl/automl-exam-ss25-tabular-freiburg-template/automl-tabular-env/lib/python3.10/site-packages/pytorch_tabnet/callbacks.py:172: UserWarning: Best weights from best epoch are automatically used!
  warnings.warn(wrn_msg)
[I 2025-08-02 10:13:58,427] Trial 1 finished with value: -0.8171598028934424 and parameters: {'n_d': 63, 'n_a': 43, 'n_steps': 4, 'gamma': 1.6884695432710957, 'lambda_sparse': 7.677162499121673e-05, 'lr': 0.033098373804208124, 'weight_decay': 1.68370353352753e-05}. Best is trial 0 with value: 0.9223263988670138.
/work/dlclarge2/alidemaa-dl_lab/automl/automl-exam-ss25-tabular-freiburg-template/automl-tabular-env/lib/python3.10/site-packages/pytorch_tabnet/callbacks.py:172: UserWarning: Best weights from best epoch are automatically used!
  warnings.warn(wrn_msg)
[I 2025-08-02 10:15:09,587] Trial 2 finished with value: 0.9040447355554726 and parameters: {'n_d': 8, 'n_a': 21, 'n_steps': 3, 'gamma': 1.6202932555543563, 'lambda_sparse': 3.4111446204884814e-05, 'lr': 0.07029324333641396, 'weight_decay': 0.00045921280151467247}. Best is trial 0 with value: 0.9223263988670138.
/work/dlclarge2/alidemaa-dl_lab/automl/automl-exam-ss25-tabular-freiburg-template/automl-tabular-env/lib/python3.10/site-packages/pytorch_tabnet/callbacks.py:172: UserWarning: Best weights from best epoch are automatically used!
  warnings.warn(wrn_msg)
[I 2025-08-02 10:16:28,779] Trial 3 finished with value: 0.9196993574942331 and parameters: {'n_d': 47, 'n_a': 57, 'n_steps': 4, 'gamma': 1.4560521921385257, 'lambda_sparse': 1.2183347607931499e-05, 'lr': 0.015085926457865427, 'weight_decay': 8.92812324493397e-06}. Best is trial 0 with value: 0.9223263988670138.
/work/dlclarge2/alidemaa-dl_lab/automl/automl-exam-ss25-tabular-freiburg-template/automl-tabular-env/lib/python3.10/site-packages/pytorch_tabnet/callbacks.py:172: UserWarning: Best weights from best epoch are automatically used!
  warnings.warn(wrn_msg)
