cpu-bind=MASK - dlcgpu25, task  0  0 [2030677]: mask 0xf0000000f0000 set
/var/spool/slurm/job20898029/slurm_script: line 11: module: command not found
2025-08-02 03:26:56 [INFO] Using device: cuda
2025-08-02 03:26:56 [INFO] Training TabPFN model...
[I 2025-08-02 03:26:56,696] A new study created in memory with name: no-name-85cb0aa1-c1f9-4995-866c-63d88c328a44
2025-08-02 03:26:56 [INFO] 🔍 Trial 0: n_bootstrap=14, sample_frac=0.89
2025-08-02 03:26:56 [WARNING] y_test not found at /work/dlclarge2/alidemaa-dl_lab/automl/automl-exam-ss25-tabular-freiburg-template/data/exam_dataset/1/y_test.parquet, returning empty DataFrame
[I 2025-08-02 03:30:10,918] Trial 0 finished with value: 0.9260572256148073 and parameters: {'n_bootstrap': 14, 'sample_frac': 0.8852142919229748}. Best is trial 0 with value: 0.9260572256148073.
2025-08-02 03:30:10 [INFO] 🔍 Trial 1: n_bootstrap=18, sample_frac=0.78
2025-08-02 03:30:10 [WARNING] y_test not found at /work/dlclarge2/alidemaa-dl_lab/automl/automl-exam-ss25-tabular-freiburg-template/data/exam_dataset/1/y_test.parquet, returning empty DataFrame
[I 2025-08-02 03:33:47,738] Trial 1 finished with value: 0.9262889835026962 and parameters: {'n_bootstrap': 18, 'sample_frac': 0.779597545259111}. Best is trial 1 with value: 0.9262889835026962.
2025-08-02 03:33:47 [INFO] 🔍 Trial 2: n_bootstrap=11, sample_frac=0.65
2025-08-02 03:33:47 [WARNING] y_test not found at /work/dlclarge2/alidemaa-dl_lab/automl/automl-exam-ss25-tabular-freiburg-template/data/exam_dataset/1/y_test.parquet, returning empty DataFrame
[I 2025-08-02 03:38:00,998] Trial 2 finished with value: 0.9240255091562499 and parameters: {'n_bootstrap': 11, 'sample_frac': 0.6467983561008608}. Best is trial 1 with value: 0.9262889835026962.
2025-08-02 03:38:00 [INFO] 🔍 Trial 3: n_bootstrap=10, sample_frac=0.86
2025-08-02 03:38:01 [WARNING] y_test not found at /work/dlclarge2/alidemaa-dl_lab/automl/automl-exam-ss25-tabular-freiburg-template/data/exam_dataset/1/y_test.parquet, returning empty DataFrame
[I 2025-08-02 03:40:15,233] Trial 3 finished with value: 0.9252326124326563 and parameters: {'n_bootstrap': 10, 'sample_frac': 0.8598528437324806}. Best is trial 1 with value: 0.9262889835026962.
2025-08-02 03:40:15 [INFO] 🔍 Trial 4: n_bootstrap=16, sample_frac=0.81
2025-08-02 03:40:15 [WARNING] y_test not found at /work/dlclarge2/alidemaa-dl_lab/automl/automl-exam-ss25-tabular-freiburg-template/data/exam_dataset/1/y_test.parquet, returning empty DataFrame
[I 2025-08-02 03:43:36,243] Trial 4 finished with value: 0.9259055239950397 and parameters: {'n_bootstrap': 16, 'sample_frac': 0.8124217733388137}. Best is trial 1 with value: 0.9262889835026962.
2025-08-02 03:43:36 [INFO] 🔍 Trial 5: n_bootstrap=10, sample_frac=0.89
2025-08-02 03:43:36 [WARNING] y_test not found at /work/dlclarge2/alidemaa-dl_lab/automl/automl-exam-ss25-tabular-freiburg-template/data/exam_dataset/1/y_test.parquet, returning empty DataFrame
2025-08-02 03:44:45 [INFO] ⏸️ Pruned trial 5 at step 5 (R²=0.9252)
[I 2025-08-02 03:44:45,756] Trial 5 pruned. 
2025-08-02 03:44:45 [INFO] 🔍 Trial 6: n_bootstrap=19, sample_frac=0.66
2025-08-02 03:44:45 [WARNING] y_test not found at /work/dlclarge2/alidemaa-dl_lab/automl/automl-exam-ss25-tabular-freiburg-template/data/exam_dataset/1/y_test.parquet, returning empty DataFrame
2025-08-02 03:46:43 [INFO] ⏸️ Pruned trial 6 at step 5 (R²=0.9246)
[I 2025-08-02 03:46:43,359] Trial 6 pruned. 
2025-08-02 03:46:43 [INFO] 🔍 Trial 7: n_bootstrap=12, sample_frac=0.66
2025-08-02 03:46:43 [WARNING] y_test not found at /work/dlclarge2/alidemaa-dl_lab/automl/automl-exam-ss25-tabular-freiburg-template/data/exam_dataset/1/y_test.parquet, returning empty DataFrame
2025-08-02 03:48:39 [INFO] ⏸️ Pruned trial 7 at step 5 (R²=0.9246)
[I 2025-08-02 03:48:39,606] Trial 7 pruned. 
2025-08-02 03:48:39 [INFO] 🔍 Trial 8: n_bootstrap=13, sample_frac=0.76
2025-08-02 03:48:39 [WARNING] y_test not found at /work/dlclarge2/alidemaa-dl_lab/automl/automl-exam-ss25-tabular-freiburg-template/data/exam_dataset/1/y_test.parquet, returning empty DataFrame
2025-08-02 03:49:06 [INFO] ⏸️ Pruned trial 8 at step 1 (R²=0.9173)
[I 2025-08-02 03:49:06,530] Trial 8 pru ned. 
2025-08-02 03:49:06 [INFO] 🔍 Trial 9: n_bootstrap=14, sample_frac=0.69
2025-08-02 03:49:06 [WARNING] y_test not found at /work/dlclarge2/alidemaa-dl_lab/automl/automl-exam-ss25-tabular-freiburg-template/data/exam_dataset/1/y_test.parquet, returning empty DataFrame
2025-08-02 03:51:09 [INFO] ⏸️ Pruned trial 9 at step 5 (R²=0.9251)
[I 2025-08-02 03:51:09,607] Trial 9 pruned. 
2025-08-02 03:51:09 [INFO] 🔍 Trial 10: n_bootstrap=20, sample_frac=0.74
2025-08-02 03:51:09 [WARNING] y_test not found at /work/dlclarge2/alidemaa-dl_lab/automl/automl-exam-ss25-tabular-freiburg-template/data/exam_dataset/1/y_test.parquet, returning empty DataFrame
2025-08-02 03:51:35 [INFO] ⏸️ Pruned trial 10 at step 1 (R²=0.9174)
[I 2025-08-02 03:51:35,897] Trial 10 pruned. 
2025-08-02 03:51:35 [INFO] 🔍 Trial 11: n_bootstrap=17, sample_frac=0.81
2025-08-02 03:51:35 [WARNING] y_test not found at /work/dlclarge2/alidemaa-dl_lab/automl/automl-exam-ss25-tabular-freiburg-template/data/exam_dataset/1/y_test.parquet, returning empty DataFrame
2025-08-02 03:51:48 [INFO] ⏸️ Pruned trial 11 at step 1 (R²=0.9165)
[I 2025-08-02 03:51:48,451] Trial 11 pruned. 
2025-08-02 03:51:48 [INFO] 🔍 Trial 12: n_bootstrap=18, sample_frac=0.83
2025-08-02 03:51:48 [WARNING] y_test not found at /work/dlclarge2/alidemaa-dl_lab/automl/automl-exam-ss25-tabular-freiburg-template/data/exam_dataset/1/y_test.parquet, returning empty DataFrame
2025-08-02 03:52:01 [INFO] ⏸️ Pruned trial 12 at step 1 (R²=0.9173)
[I 2025-08-02 03:52:01,238] Trial 12 pruned. 
2025-08-02 03:52:01 [INFO] 🔍 Trial 13: n_bootstrap=15, sample_frac=0.74
2025-08-02 03:52:01 [WARNING] y_test not found at /work/dlclarge2/alidemaa-dl_lab/automl/automl-exam-ss25-tabular-freiburg-template/data/exam_dataset/1/y_test.parquet, returning empty DataFrame
2025-08-02 03:52:27 [INFO] ⏸️ Pruned trial 13 at step 1 (R²=0.9171)
[I 2025-08-02 03:52:27,701] Trial 13 pruned. 
2025-08-02 03:52:27 [INFO] 🔍 Trial 14: n_bootstrap=16, sample_frac=0.60
2025-08-02 03:52:27 [WARNING] y_test not found at /work/dlclarge2/alidemaa-dl_lab/automl/automl-exam-ss25-tabular-freiburg-template/data/exam_dataset/1/y_test.parquet, returning empty DataFrame
2025-08-02 03:52:49 [INFO] ⏸️ Pruned trial 14 at step 1 (R²=0.9171)
[I 2025-08-02 03:52:49,082] Trial 14 pruned. 
2025-08-02 03:52:49 [INFO] 🔍 Trial 15: n_bootstrap=14, sample_frac=0.88
2025-08-02 03:52:49 [WARNING] y_test not found at /work/dlclarge2/alidemaa-dl_lab/automl/automl-exam-ss25-tabular-freiburg-template/data/exam_dataset/1/y_test.parquet, returning empty DataFrame
2025-08-02 03:53:44 [INFO] ⏸️ Pruned trial 15 at step 4 (R²=0.9234)
[I 2025-08-02 03:53:44,952] Trial 15 pruned. 
2025-08-02 03:53:44 [INFO] 🔍 Trial 16: n_bootstrap=18, sample_frac=0.78
2025-08-02 03:53:44 [WARNING] y_test not found at /work/dlclarge2/alidemaa-dl_lab/automl/automl-exam-ss25-tabular-freiburg-template/data/exam_dataset/1/y_test.parquet, returning empty DataFrame
2025-08-02 03:53:56 [INFO] ⏸️ Pruned trial 16 at step 1 (R²=0.9169)
[I 2025-08-02 03:53:56,993] Trial 16 pruned. 
2025-08-02 03:53:57 [INFO] 🔍 Trial 17: n_bootstrap=20, sample_frac=0.84
2025-08-02 03:53:57 [WARNING] y_test not found at /work/dlclarge2/alidemaa-dl_lab/automl/automl-exam-ss25-tabular-freiburg-template/data/exam_dataset/1/y_test.parquet, returning empty DataFrame
2025-08-02 03:54:49 [INFO] ⏸️ Pruned trial 17 at step 4 (R²=0.9230)
[I 2025-08-02 03:54:49,370] Trial 17 pruned. 
2025-08-02 03:54:49 [INFO] 🔍 Trial 18: n_bootstrap=16, sample_frac=0.78
2025-08-02 03:54:49 [WARNING] y_test not found at /work/dlclarge2/alidemaa-dl_lab/automl/automl-exam-ss25-tabular-freiburg-template/data/exam_dataset/1/y_test.parquet, returning empty DataFrame
2025-08-02 03:55:01 [INFO] ⏸️ Pruned trial 18 at step 1 (R²=0.9174)
[I 2025-08-02 03:55:01,325] Trial 18 pruned. 
2025-08-02 03:55:01 [INFO] 🔍 Trial 19: n_bootstrap=13, sample_frac=0.72
2025-08-02 03:55:01 [WARNING] y_test not found at /work/dlclarge2/alidemaa-dl_lab/automl/automl-exam-ss25-tabular-freiburg-template/data/exam_dataset/1/y_test.parquet, returning empty DataFrame
2025-08-02 03:57:08 [INFO] ⏸️ Pruned trial 19 at step 5 (R²=0.9251)
[I 2025-08-02 03:57:08,670] Trial 19 pruned. 
2025-08-02 03:57:08 [INFO] 🔍 Trial 20: n_bootstrap=18, sample_frac=0.86
2025-08-02 03:57:08 [WARNING] y_test not found at /work/dlclarge2/alidemaa-dl_lab/automl/automl-exam-ss25-tabular-freiburg-template/data/exam_dataset/1/y_test.parquet, returning empty DataFrame
2025-08-02 03:58:02 [INFO] ⏸️ Pruned trial 20 at step 4 (R²=0.9229)
[I 2025-08-02 03:58:02,482] Trial 20 pruned. 
2025-08-02 03:58:02 [INFO] 🔍 Trial 21: n_bootstrap=16, sample_frac=0.81
2025-08-02 03:58:02 [WARNING] y_test not found at /work/dlclarge2/alidemaa-dl_lab/automl/automl-exam-ss25-tabular-freiburg-template/data/exam_dataset/1/y_test.parquet, returning empty DataFrame
2025-08-02 03:58:14 [INFO] ⏸️ Pruned trial 21 at step 1 (R²=0.9167)
[I 2025-08-02 03:58:14,994] Trial 21 pruned. 
2025-08-02 03:58:15 [INFO] 🔍 Trial 22: n_bootstrap=15, sample_frac=0.83
2025-08-02 03:58:15 [WARNING] y_test not found at /work/dlclarge2/alidemaa-dl_lab/automl/automl-exam-ss25-tabular-freiburg-template/data/exam_dataset/1/y_test.parquet, returning empty DataFrame
2025-08-02 03:58:27 [INFO] ⏸️ Pruned trial 22 at step 1 (R²=0.9175)
[I 2025-08-02 03:58:27,894] Trial 22 pruned. 
2025-08-02 03:58:27 [INFO] 🔍 Trial 23: n_bootstrap=17, sample_frac=0.79
2025-08-02 03:58:27 [WARNING] y_test not found at /work/dlclarge2/alidemaa-dl_lab/automl/automl-exam-ss25-tabular-freiburg-template/data/exam_dataset/1/y_test.parquet, returning empty DataFrame
2025-08-02 03:58:40 [INFO] ⏸️ Pruned trial 23 at step 1 (R²=0.9168)
[I 2025-08-02 03:58:40,044] Trial 23 pruned. 
2025-08-02 03:58:40 [INFO] 🔍 Trial 24: n_bootstrap=17, sample_frac=0.90
2025-08-02 03:58:40 [WARNING] y_test not found at /work/dlclarge2/alidemaa-dl_lab/automl/automl-exam-ss25-tabular-freiburg-template/data/exam_dataset/1/y_test.parquet, returning empty DataFrame
2025-08-02 03:59:36 [INFO] ⏸️ Pruned trial 24 at step 4 (R²=0.9235)
[I 2025-08-02 03:59:36,844] Trial 24 pruned. 
2025-08-02 03:59:36 [INFO] 🔍 Trial 25: n_bootstrap=14, sample_frac=0.86
2025-08-02 03:59:36 [WARNING] y_test not found at /work/dlclarge2/alidemaa-dl_lab/automl/automl-exam-ss25-tabular-freiburg-template/data/exam_dataset/1/y_test.parquet, returning empty DataFrame
2025-08-02 03:59:50 [INFO] ⏸️ Pruned trial 25 at step 1 (R²=0.9170)
[I 2025-08-02 03:59:50,259] Trial 25 pruned. 
2025-08-02 03:59:50 [INFO] 🔍 Trial 26: n_bootstrap=15, sample_frac=0.81
2025-08-02 03:59:50 [WARNING] y_test not found at /work/dlclarge2/alidemaa-dl_lab/automl/automl-exam-ss25-tabular-freiburg-template/data/exam_dataset/1/y_test.parquet, returning empty DataFrame
2025-08-02 04:00:02 [INFO] ⏸️ Pruned trial 26 at step 1 (R²=0.9166)
[I 2025-08-02 04:00:02,643] Trial 26 pruned. 
2025-08-02 04:00:02 [INFO] 🔍 Trial 27: n_bootstrap=19, sample_frac=0.72
2025-08-02 04:00:02 [WARNING] y_test not found at /work/dlclarge2/alidemaa-dl_lab/automl/automl-exam-ss25-tabular-freiburg-template/data/exam_dataset/1/y_test.parquet, returning empty DataFrame
2025-08-02 04:02:09 [INFO] ⏸️ Pruned trial 27 at step 5 (R²=0.9250)
[I 2025-08-02 04:02:09,777] Trial 27 pruned. 
2025-08-02 04:02:09 [INFO] 🔍 Trial 28: n_bootstrap=13, sample_frac=0.76
2025-08-02 04:02:09 [WARNING] y_test not found at /work/dlclarge2/alidemaa-dl_lab/automl/automl-exam-ss25-tabular-freiburg-template/data/exam_dataset/1/y_test.parquet, returning empty DataFrame
2025-08-02 04:02:37 [INFO] ⏸️ Pruned trial 28 at step 1 (R²=0.9170)
[I 2025-08-02 04:02:37,253] Trial 28 pruned. 
2025-08-02 04:02:37 [INFO] 🔍 Trial 29: n_bootstrap=12, sample_frac=0.72
2025-08-02 04:02:37 [WARNING] y_test not found at /work/dlclarge2/alidemaa-dl_lab/automl/automl-exam-ss25-tabular-freiburg-template/data/exam_dataset/1/y_test.parquet, returning empty DataFrame
2025-08-02 04:03:02 [INFO] ⏸️ Pruned trial 29 at step 1 (R²=0.9175)
[I 2025-08-02 04:03:02,765] Trial 29 pruned. 
2025-08-02 04:03:02 [INFO] 🏆 Best Params: {'n_bootstrap': 18, 'sample_frac': 0.779597545259111}, R²=0.92629
2025-08-02 04:03:02 [INFO] Bootstrap training → dataset=exam_dataset, device=cuda
2025-08-02 04:03:02 [WARNING] y_test not found at /work/dlclarge2/alidemaa-dl_lab/automl/automl-exam-ss25-tabular-freiburg-template/data/exam_dataset/1/y_test.parquet, returning empty DataFrame
2025-08-02 04:03:02 [INFO] [1/18] bootstrap sample size=9665
2025-08-02 04:03:15 [INFO] Saved model → /work/dlclarge2/alidemaa-dl_lab/automl/automl-exam-ss25-tabular-freiburg-template/modelsFinal/exam_dataset/bootstrap_1.pkl
2025-08-02 04:03:15 [INFO] [2/18] bootstrap sample size=9665
2025-08-02 04:03:27 [INFO] Saved model → /work/dlclarge2/alidemaa-dl_lab/automl/automl-exam-ss25-tabular-freiburg-template/modelsFinal/exam_dataset/bootstrap_2.pkl
2025-08-02 04:03:27 [INFO] [3/18] bootstrap sample size=9665
2025-08-02 04:03:39 [INFO] Saved model → /work/dlclarge2/alidemaa-dl_lab/automl/automl-exam-ss25-tabular-freiburg-template/modelsFinal/exam_dataset/bootstrap_3.pkl
2025-08-02 04:03:39 [INFO] [4/18] bootstrap sample size=9665
2025-08-02 04:03:51 [INFO] Saved model → /work/dlclarge2/alidemaa-dl_lab/automl/automl-exam-ss25-tabular-freiburg-template/modelsFinal/exam_dataset/bootstrap_4.pkl
2025-08-02 04:03:51 [INFO] [5/18] bootstrap sample size=9665
2025-08-02 04:04:04 [INFO] Saved model → /work/dlclarge2/alidemaa-dl_lab/automl/automl-exam-ss25-tabular-freiburg-template/modelsFinal/exam_dataset/bootstrap_5.pkl
2025-08-02 04:04:04 [INFO] [6/18] bootstrap sample size=9665
2025-08-02 04:04:16 [INFO] Saved model → /work/dlclarge2/alidemaa-dl_lab/automl/automl-exam-ss25-tabular-freiburg-template/modelsFinal/exam_dataset/bootstrap_6.pkl
2025-08-02 04:04:16 [INFO] [7/18] bootstrap sample size=9665
2025-08-02 04:04:29 [INFO] Saved model → /work/dlclarge2/alidemaa-dl_lab/automl/automl-exam-ss25-tabular-freiburg-template/modelsFinal/exam_dataset/bootstrap_7.pkl
2025-08-02 04:04:29 [INFO] [8/18] bootstrap sample size=9665
2025-08-02 04:04:41 [INFO] Saved model → /work/dlclarge2/alidemaa-dl_lab/automl/automl-exam-ss25-tabular-freiburg-template/modelsFinal/exam_dataset/bootstrap_8.pkl
2025-08-02 04:04:41 [INFO] [9/18] bootstrap sample size=9665
2025-08-02 04:04:53 [INFO] Saved model → /work/dlclarge2/alidemaa-dl_lab/automl/automl-exam-ss25-tabular-freiburg-template/modelsFinal/exam_dataset/bootstrap_9.pkl
2025-08-02 04:04:53 [INFO] [10/18] bootstrap sample size=9665
2025-08-02 04:05:05 [INFO] Saved model → /work/dlclarge2/alidemaa-dl_lab/automl/automl-exam-ss25-tabular-freiburg-template/modelsFinal/exam_dataset/bootstrap_10.pkl
2025-08-02 04:05:05 [INFO] [11/18] bootstrap sample size=9665
2025-08-02 04:05:17 [INFO] Saved model → /work/dlclarge2/alidemaa-dl_lab/automl/automl-exam-ss25-tabular-freiburg-template/modelsFinal/exam_dataset/bootstrap_11.pkl
2025-08-02 04:05:17 [INFO] [12/18] bootstrap sample size=9665
2025-08-02 04:05:29 [INFO] Saved model → /work/dlclarge2/alidemaa-dl_lab/automl/automl-exam-ss25-tabular-freiburg-template/modelsFinal/exam_dataset/bootstrap_12.pkl
2025-08-02 04:05:29 [INFO] [13/18] bootstrap sample size=9665
2025-08-02 04:05:41 [INFO] Saved model → /work/dlclarge2/alidemaa-dl_lab/automl/automl-exam-ss25-tabular-freiburg-template/modelsFinal/exam_dataset/bootstrap_13.pkl
2025-08-02 04:05:42 [INFO] [14/18] bootstrap sample size=9665
2025-08-02 04:05:54 [INFO] Saved model → /work/dlclarge2/alidemaa-dl_lab/automl/automl-exam-ss25-tabular-freiburg-template/modelsFinal/exam_dataset/bootstrap_14.pkl
2025-08-02 04:05:54 [INFO] [15/18] bootstrap sample size=9665
2025-08-02 04:06:06 [INFO] Saved model → /work/dlclarge2/alidemaa-dl_lab/automl/automl-exam-ss25-tabular-freiburg-template/modelsFinal/exam_dataset/bootstrap_15.pkl
2025-08-02 04:06:06 [INFO] [16/18] bootstrap sample size=9665
2025-08-02 04:06:18 [INFO] Saved model → /work/dlclarge2/alidemaa-dl_lab/automl/automl-exam-ss25-tabular-freiburg-template/modelsFinal/exam_dataset/bootstrap_16.pkl
2025-08-02 04:06:18 [INFO] [17/18] bootstrap sample size=9665
2025-08-02 04:06:30 [INFO] Saved model → /work/dlclarge2/alidemaa-dl_lab/automl/automl-exam-ss25-tabular-freiburg-template/modelsFinal/exam_dataset/bootstrap_17.pkl
2025-08-02 04:06:30 [INFO] [18/18] bootstrap sample size=9665
2025-08-02 04:06:42 [INFO] Saved model → /work/dlclarge2/alidemaa-dl_lab/automl/automl-exam-ss25-tabular-freiburg-template/modelsFinal/exam_dataset/bootstrap_18.pkl
2025-08-02 04:06:42 [INFO] 📊 Final OOB R² = 0.92629
2025-08-02 04:06:47 [INFO] Saved ensemble → /work/dlclarge2/alidemaa-dl_lab/automl/automl-exam-ss25-tabular-freiburg-template/modelsFinal/exam_dataset/ensemble.pkl
2025-08-02 04:06:47 [INFO] Total time: 225.2s
2025-08-02 04:06:47 [INFO] TabPFN →      /work/dlclarge2/alidemaa-dl_lab/automl/automl-exam-ss25-tabular-freiburg-template/modelsFinal/exam_dataset/ensemble.pkl (R²=0.9263)
2025-08-02 04:06:47 [INFO] Training tree-based model...
2025-08-02 04:06:47 [INFO] AutoML pipeline started
2025-08-02 04:06:47 [INFO] Output directory '/work/dlclarge2/alidemaa-dl_lab/automl/automl-exam-ss25-tabular-freiburg-template/modelsFinal' is ready and logging is configured.
2025-08-02 04:06:47 [INFO] Merged training data: 12398 rows
2025-08-02 04:06:47 [INFO] Split data into pool (11158 rows) and validation (1240 rows)
2025-08-02 04:06:48 [INFO] Feature engineering completed: 15 features
[I 2025-08-02 04:06:48,010] A new study created in memory with name: no-name-5b908502-5cd0-42e2-96e9-1b7c9dc7e104
TBB Warning: The number of workers is currently limited to 7. The request for 63 workers is ignored. Further requests for more workers will be silently ignored until the limit changes.

[I 2025-08-02 04:15:10,811] Trial 0 finished with value: -0.9192681976555727 and parameters: {'learning_rate': 0.03574712922600244, 'depth': 12, 'l2_leaf_reg': 7.587945476302646, 'border_count': 166}. Best is trial 0 with value: -0.9192681976555727.
[I 2025-08-02 04:15:28,257] Trial 1 finished with value: -0.9248285114768328 and parameters: {'learning_rate': 0.01700037298921102, 'depth': 5, 'l2_leaf_reg': 1.5227525095137953, 'border_count': 226}. Best is trial 1 with value: -0.9248285114768328.
[I 2025-08-02 04:18:05,439] Trial 2 finished with value: -0.9273848557532703 and parameters: {'learning_rate': 0.07725378389307355, 'depth': 10, 'l2_leaf_reg': 1.185260448662222, 'border_count': 249}. Best is trial 2 with value: -0.9273848557532703.
[I 2025-08-02 04:18:18,283] Trial 3 finished with value: -0.9375502497414795 and parameters: {'learning_rate': 0.16967533607196555, 'depth': 5, 'l2_leaf_reg': 2.636424704863906, 'border_count': 73}. Best is trial 3 with value: -0.9375502497414795.
[I 2025-08-02 04:18:48,280] Trial 4 finished with value: -0.9326797560095647 and parameters: {'learning_rate': 0.028145092716060652, 'depth': 8, 'l2_leaf_reg': 4.887505167779041, 'border_count': 97}. Best is trial 3 with value: -0.9375502497414795.
[I 2025-08-02 04:19:03,842] Trial 5 finished with value: -0.9369319804573402 and parameters: {'learning_rate': 0.08012737503998542, 'depth': 5, 'l2_leaf_reg': 3.629301836816963, 'border_count': 114}. Best is trial 3 with value: -0.9375502497414795.
[I 2025-08-02 04:22:41,760] Trial 6 finished with value: -0.921418961738998 and parameters: {'learning_rate': 0.04717052037625178, 'depth': 11, 'l2_leaf_reg': 2.7970640394252375, 'border_count': 147}. Best is trial 3 with value: -0.9375502497414795.
[I 2025-08-02 04:22:54,431] Trial 7 finished with value: -0.9343409890451928 and parameters: {'learning_rate': 0.07500118950416987, 'depth': 4, 'l2_leaf_reg': 6.467903667112945, 'border_count': 70}. Best is trial 3 with value: -0.9375502497414795.
[I 2025-08-02 04:32:45,448] Trial 8 finished with value: -0.907989861192331 and parameters: {'learning_rate': 0.012476394272569451, 'depth': 12, 'l2_leaf_reg': 9.690688297671034, 'border_count': 213}. Best is trial 3 with value: -0.9375502497414795.
[I 2025-08-02 04:32:58,771] Trial 9 finished with value: -0.9239047139689794 and parameters: {'learning_rate': 0.028180680291847244, 'depth': 4, 'l2_leaf_reg': 7.158097238609412, 'border_count': 130}. Best is trial 3 with value: -0.9375502497414795.
[I 2025-08-02 04:33:08,782] Trial 10 finished with value: -0.9246820908637526 and parameters: {'learning_rate': 0.24893231508461813, 'depth': 7, 'l2_leaf_reg': 4.318558954489875, 'border_count': 36}. Best is trial 3 with value: -0.9375502497414795.
[I 2025-08-02 04:33:24,400] Trial 11 finished with value: -0.9369454849160178 and parameters: {'learning_rate': 0.1634682281229447, 'depth': 6, 'l2_leaf_reg': 3.2989911288867892, 'border_count': 95}. Best is trial 3 with value: -0.9375502497414795.
[I 2025-08-02 04:33:38,062] Trial 12 finished with value: -0.9347376779487853 and parameters: {'learning_rate': 0.2131295144154623, 'depth': 6, 'l2_leaf_reg': 2.7598418378945464, 'border_count': 63}. Best is trial 3 with value: -0.9375502497414795.
[I 2025-08-02 04:33:57,266] Trial 13 finished with value: -0.9358140185351469 and parameters: {'learning_rate': 0.15105812997121756, 'depth': 7, 'l2_leaf_reg': 2.6405727171834563, 'border_count': 85}. Best is trial 3 with value: -0.9375502497414795.
[I 2025-08-02 04:34:20,403] Trial 14 finished with value: -0.9256764147854911 and parameters: {'learning_rate': 0.13601968314420324, 'depth': 9, 'l2_leaf_reg': 5.383456459024634, 'border_count': 34}. Best is trial 3 with value: -0.9375502497414795.
[I 2025-08-02 04:34:39,513] Trial 15 finished with value: -0.9373321061237677 and parameters: {'learning_rate': 0.1316823595028282, 'depth': 6, 'l2_leaf_reg': 4.022852934698015, 'border_count': 178}. Best is trial 3 with value: -0.9375502497414795.
