[I 2025-08-06 00:58:48,700] Trial 15 finished with value: 0.8347607356560951 and parameters: {'n_d': 40, 'n_a': 64, 'n_steps': 10, 'gamma': 1.0248257880869038, 'lambda_sparse': 1.2141497929730274e-05, 'lr': 0.0907447043996038, 'weight_decay': 0.00018727551583637767}. Best is trial 14 with value: 0.8743011385678616.
/work/dlclarge2/alidemaa-dl_lab/automl/automl-exam-ss25-tabular-freiburg-template/automl-tabular-env/lib/python3.10/site-packages/pytorch_tabnet/callbacks.py:172: UserWarning: Best weights from best epoch are automatically used!
  warnings.warn(wrn_msg)
[I 2025-08-06 01:00:08,069] Trial 16 finished with value: 0.8777126203506501 and parameters: {'n_d': 31, 'n_a': 54, 'n_steps': 8, 'gamma': 1.0102930255158342, 'lambda_sparse': 0.0001596172106677304, 'lr': 0.00523984204401661, 'weight_decay': 2.682507593036776e-05}. Best is trial 16 with value: 0.8777126203506501.
/work/dlclarge2/alidemaa-dl_lab/automl/automl-exam-ss25-tabular-freiburg-template/automl-tabular-env/lib/python3.10/site-packages/pytorch_tabnet/callbacks.py:172: UserWarning: Best weights from best epoch are automatically used!
  warnings.warn(wrn_msg)
[I 2025-08-06 01:01:27,742] Trial 17 finished with value: 0.8376876307715266 and parameters: {'n_d': 31, 'n_a': 56, 'n_steps': 8, 'gamma': 1.0248037672073367, 'lambda_sparse': 0.00018414466784160747, 'lr': 0.0011467123958988456, 'weight_decay': 1.6782414683907936e-05}. Best is trial 16 with value: 0.8777126203506501.
/work/dlclarge2/alidemaa-dl_lab/automl/automl-exam-ss25-tabular-freiburg-template/automl-tabular-env/lib/python3.10/site-packages/pytorch_tabnet/callbacks.py:172: UserWarning: Best weights from best epoch are automatically used!
  warnings.warn(wrn_msg)
[I 2025-08-06 01:02:46,897] Trial 18 finished with value: 0.8570306495747141 and parameters: {'n_d': 21, 'n_a': 9, 'n_steps': 8, 'gamma': 1.1589841093118884, 'lambda_sparse': 0.00010340651036734525, 'lr': 0.03381304573344527, 'weight_decay': 4.8270946127633714e-05}. Best is trial 16 with value: 0.8777126203506501.
/work/dlclarge2/alidemaa-dl_lab/automl/automl-exam-ss25-tabular-freiburg-template/automl-tabular-env/lib/python3.10/site-packages/pytorch_tabnet/callbacks.py:172: UserWarning: Best weights from best epoch are automatically used!
  warnings.warn(wrn_msg)
[I 2025-08-06 01:03:43,738] Trial 19 finished with value: 0.8927004716648705 and parameters: {'n_d': 45, 'n_a': 18, 'n_steps': 5, 'gamma': 1.0040145724240965, 'lambda_sparse': 0.0004934157397131511, 'lr': 0.005307412304660353, 'weight_decay': 1.2458550876522375e-05}. Best is trial 19 with value: 0.8927004716648705.
/work/dlclarge2/alidemaa-dl_lab/automl/automl-exam-ss25-tabular-freiburg-template/automl-tabular-env/lib/python3.10/site-packages/pytorch_tabnet/callbacks.py:172: UserWarning: Best weights from best epoch are automatically used!
  warnings.warn(wrn_msg)
[I 2025-08-06 01:05:09,009] A new study created in memory with name: no-name-d6103dc6-b076-4331-81b2-4f054b40fd05
/work/dlclarge2/alidemaa-dl_lab/automl/automl-exam-ss25-tabular-freiburg-template/automl-tabular-env/lib/python3.10/site-packages/pytorch_tabnet/callbacks.py:172: UserWarning: Best weights from best epoch are automatically used!
  warnings.warn(wrn_msg)
[I 2025-08-06 01:06:02,570] Trial 0 finished with value: -0.2762993286198274 and parameters: {'n_d': 11, 'n_a': 23, 'n_steps': 5, 'gamma': 1.7519731606207474, 'lambda_sparse': 3.679251834550013e-05, 'lr': 0.00011819314344901251, 'weight_decay': 3.029918266687257e-05}. Best is trial 0 with value: -0.2762993286198274.
/work/dlclarge2/alidemaa-dl_lab/automl/automl-exam-ss25-tabular-freiburg-template/automl-tabular-env/lib/python3.10/site-packages/pytorch_tabnet/callbacks.py:172: UserWarning: Best weights from best epoch are automatically used!
  warnings.warn(wrn_msg)
[I 2025-08-06 01:07:21,920] Trial 1 finished with value: 0.8441501218931161 and parameters: {'n_d': 11, 'n_a': 38, 'n_steps': 8, 'gamma': 1.061477737917129, 'lambda_sparse': 0.00036019008355015007, 'lr': 0.0037940181223030584, 'weight_decay': 6.805464948551464e-06}. Best is trial 1 with value: 0.8441501218931161.
/work/dlclarge2/alidemaa-dl_lab/automl/automl-exam-ss25-tabular-freiburg-template/automl-tabular-env/lib/python3.10/site-packages/pytorch_tabnet/callbacks.py:172: UserWarning: Best weights from best epoch are automatically used!
  warnings.warn(wrn_msg)
[I 2025-08-06 01:08:08,352] Trial 2 finished with value: 0.845153636505975 and parameters: {'n_d': 23, 'n_a': 57, 'n_steps': 4, 'gamma': 1.445425437640607, 'lambda_sparse': 0.00056813976158652, 'lr': 0.08154974042755182, 'weight_decay': 0.00016673595993901697}. Best is trial 2 with value: 0.845153636505975.
/work/dlclarge2/alidemaa-dl_lab/automl/automl-exam-ss25-tabular-freiburg-template/automl-tabular-env/lib/python3.10/site-packages/pytorch_tabnet/callbacks.py:172: UserWarning: Best weights from best epoch are automatically used!
  warnings.warn(wrn_msg)
[I 2025-08-06 01:09:35,885] Trial 3 finished with value: -3.721692248065624 and parameters: {'n_d': 38, 'n_a': 21, 'n_steps': 9, 'gamma': 1.6816133999623273, 'lambda_sparse': 0.0016265562642169256, 'lr': 0.0002228623644213441, 'weight_decay': 6.32873401034762e-05}. Best is trial 2 with value: 0.845153636505975.
/work/dlclarge2/alidemaa-dl_lab/automl/automl-exam-ss25-tabular-freiburg-template/automl-tabular-env/lib/python3.10/site-packages/pytorch_tabnet/callbacks.py:172: UserWarning: Best weights from best epoch are automatically used!
  warnings.warn(wrn_msg)
[I 2025-08-06 01:10:08,166] Trial 4 finished with value: 0.8646728321500757 and parameters: {'n_d': 33, 'n_a': 36, 'n_steps': 3, 'gamma': 1.334162098051432, 'lambda_sparse': 0.00043932270497102, 'lr': 0.05603950990009414, 'weight_decay': 7.165271106714241e-06}. Best is trial 4 with value: 0.8646728321500757.
/work/dlclarge2/alidemaa-dl_lab/automl/automl-exam-ss25-tabular-freiburg-template/automl-tabular-env/lib/python3.10/site-packages/pytorch_tabnet/callbacks.py:172: UserWarning: Best weights from best epoch are automatically used!
  warnings.warn(wrn_msg)
[I 2025-08-06 01:11:11,623] Trial 5 finished with value: 0.6037958002377256 and parameters: {'n_d': 42, 'n_a': 27, 'n_steps': 7, 'gamma': 1.545539333884019, 'lambda_sparse': 0.00010098011733047906, 'lr': 0.000807548804637918, 'weight_decay': 0.0006505086272357318}. Best is trial 4 with value: 0.8646728321500757.
/work/dlclarge2/alidemaa-dl_lab/automl/automl-exam-ss25-tabular-freiburg-template/automl-tabular-env/lib/python3.10/site-packages/pytorch_tabnet/callbacks.py:172: UserWarning: Best weights from best epoch are automatically used!
  warnings.warn(wrn_msg)
[I 2025-08-06 01:12:08,648] Trial 6 finished with value: 0.7803769490351906 and parameters: {'n_d': 54, 'n_a': 59, 'n_steps': 5, 'gamma': 1.7188711535202976, 'lambda_sparse': 1.3496911839129208e-05, 'lr': 0.0007049827343545984, 'weight_decay': 0.0003251986498660756}. Best is trial 4 with value: 0.8646728321500757.
/work/dlclarge2/alidemaa-dl_lab/automl/automl-exam-ss25-tabular-freiburg-template/automl-tabular-env/lib/python3.10/site-packages/pytorch_tabnet/callbacks.py:172: UserWarning: Best weights from best epoch are automatically used!
  warnings.warn(wrn_msg)
[I 2025-08-06 01:13:07,474] Trial 7 finished with value: 0.23808016822507128 and parameters: {'n_d': 47, 'n_a': 23, 'n_steps': 6, 'gamma': 1.552255558050942, 'lambda_sparse': 0.005262550205062761, 'lr': 0.00032534833657184655, 'weight_decay': 3.6843081977468912e-06}. Best is trial 4 with value: 0.8646728321500757.
/work/dlclarge2/alidemaa-dl_lab/automl/automl-exam-ss25-tabular-freiburg-template/automl-tabular-env/lib/python3.10/site-packages/pytorch_tabnet/callbacks.py:172: UserWarning: Best weights from best epoch are automatically used!
  warnings.warn(wrn_msg)
[I 2025-08-06 01:14:27,139] Trial 8 finished with value: 0.8493461574681169 and parameters: {'n_d': 28, 'n_a': 52, 'n_steps': 9, 'gamma': 1.1531439093918516, 'lambda_sparse': 0.00011516325965189406, 'lr': 0.057039968447248596, 'weight_decay': 2.3374002507648654e-06}. Best is trial 4 with value: 0.8646728321500757.
/work/dlclarge2/alidemaa-dl_lab/automl/automl-exam-ss25-tabular-freiburg-template/automl-tabular-env/lib/python3.10/site-packages/pytorch_tabnet/callbacks.py:172: UserWarning: Best weights from best epoch are automatically used!
  warnings.warn(wrn_msg)
[I 2025-08-06 01:15:39,394] Trial 9 finished with value: 0.8605838156476477 and parameters: {'n_d': 30, 'n_a': 34, 'n_steps': 7, 'gamma': 1.0987239214277609, 'lambda_sparse': 0.0001007618145420417, 'lr': 0.033427236294035365, 'weight_decay': 1.2354705976878846e-06}. Best is trial 4 with value: 0.8646728321500757.
/work/dlclarge2/alidemaa-dl_lab/automl/automl-exam-ss25-tabular-freiburg-template/automl-tabular-env/lib/python3.10/site-packages/pytorch_tabnet/callbacks.py:172: UserWarning: Best weights from best epoch are automatically used!
  warnings.warn(wrn_msg)
[I 2025-08-06 01:16:07,679] Trial 10 finished with value: 0.8681392088945872 and parameters: {'n_d': 64, 'n_a': 10, 'n_steps': 3, 'gamma': 1.9926685731161289, 'lambda_sparse': 0.00934881142798867, 'lr': 0.010950601713712317, 'weight_decay': 1.5122312898350557e-05}. Best is trial 10 with value: 0.8681392088945872.
/work/dlclarge2/alidemaa-dl_lab/automl/automl-exam-ss25-tabular-freiburg-template/automl-tabular-env/lib/python3.10/site-packages/pytorch_tabnet/callbacks.py:172: UserWarning: Best weights from best epoch are automatically used!
  warnings.warn(wrn_msg)
[I 2025-08-06 01:16:50,799] Trial 11 finished with value: 0.8720859506308151 and parameters: {'n_d': 60, 'n_a': 9, 'n_steps': 3, 'gamma': 1.34298864706174, 'lambda_sparse': 0.008752479743612332, 'lr': 0.013794178684597704, 'weight_decay': 1.4484050186834207e-05}. Best is trial 11 with value: 0.8720859506308151.
/work/dlclarge2/alidemaa-dl_lab/automl/automl-exam-ss25-tabular-freiburg-template/automl-tabular-env/lib/python3.10/site-packages/pytorch_tabnet/callbacks.py:172: UserWarning: Best weights from best epoch are automatically used!
  warnings.warn(wrn_msg)
[I 2025-08-06 01:17:24,613] Trial 12 finished with value: 0.8652790326139834 and parameters: {'n_d': 64, 'n_a': 8, 'n_steps': 3, 'gamma': 1.8965158860448152, 'lambda_sparse': 0.00961340276310344, 'lr': 0.010125306110355423, 'weight_decay': 2.0382198215298334e-05}. Best is trial 11 with value: 0.8720859506308151.
/work/dlclarge2/alidemaa-dl_lab/automl/automl-exam-ss25-tabular-freiburg-template/automl-tabular-env/lib/python3.10/site-packages/pytorch_tabnet/callbacks.py:172: UserWarning: Best weights from best epoch are automatically used!
  warnings.warn(wrn_msg)
[I 2025-08-06 01:17:58,515] Trial 13 finished with value: 0.8780683150475341 and parameters: {'n_d': 63, 'n_a': 10, 'n_steps': 3, 'gamma': 1.980664973072302, 'lambda_sparse': 0.00252756377214337, 'lr': 0.012399234713463896, 'weight_decay': 1.483551978763448e-05}. Best is trial 13 with value: 0.8780683150475341.
/work/dlclarge2/alidemaa-dl_lab/automl/automl-exam-ss25-tabular-freiburg-template/automl-tabular-env/lib/python3.10/site-packages/pytorch_tabnet/callbacks.py:172: UserWarning: Best weights from best epoch are automatically used!
  warnings.warn(wrn_msg)
[I 2025-08-06 01:18:45,541] Trial 14 finished with value: 0.8717102494882418 and parameters: {'n_d': 55, 'n_a': 14, 'n_steps': 4, 'gamma': 1.2775802961366902, 'lambda_sparse': 0.002271307074827912, 'lr': 0.013553472600008156, 'weight_decay': 5.554423862362227e-05}. Best is trial 13 with value: 0.8780683150475341.
/work/dlclarge2/alidemaa-dl_lab/automl/automl-exam-ss25-tabular-freiburg-template/automl-tabular-env/lib/python3.10/site-packages/pytorch_tabnet/callbacks.py:172: UserWarning: Best weights from best epoch are automatically used!
  warnings.warn(wrn_msg)
[I 2025-08-06 01:19:34,184] Trial 15 finished with value: 0.8398600476316528 and parameters: {'n_d': 56, 'n_a': 16, 'n_steps': 5, 'gamma': 1.3030736366425097, 'lambda_sparse': 0.0013209112114836786, 'lr': 0.0033835159880731902, 'weight_decay': 9.322500659154628e-06}. Best is trial 13 with value: 0.8780683150475341.
/work/dlclarge2/alidemaa-dl_lab/automl/automl-exam-ss25-tabular-freiburg-template/automl-tabular-env/lib/python3.10/site-packages/pytorch_tabnet/callbacks.py:172: UserWarning: Best weights from best epoch are automatically used!
  warnings.warn(wrn_msg)
[I 2025-08-06 01:20:12,069] Trial 16 finished with value: 0.8623802280859483 and parameters: {'n_d': 48, 'n_a': 47, 'n_steps': 4, 'gamma': 1.397027211513405, 'lambda_sparse': 0.003811098529159118, 'lr': 0.019398306618482755, 'weight_decay': 8.756344388309463e-05}. Best is trial 13 with value: 0.8780683150475341.
/work/dlclarge2/alidemaa-dl_lab/automl/automl-exam-ss25-tabular-freiburg-template/automl-tabular-env/lib/python3.10/site-packages/pytorch_tabnet/callbacks.py:172: UserWarning: Best weights from best epoch are automatically used!
  warnings.warn(wrn_msg)
[I 2025-08-06 01:21:44,981] Trial 17 finished with value: 0.8117018753234455 and parameters: {'n_d': 59, 'n_a': 16, 'n_steps': 10, 'gamma': 1.8483682279851714, 'lambda_sparse': 0.0030218732005324648, 'lr': 0.005536921109413547, 'weight_decay': 3.356179746352172e-06}. Best is trial 13 with value: 0.8780683150475341.
/work/dlclarge2/alidemaa-dl_lab/automl/automl-exam-ss25-tabular-freiburg-template/automl-tabular-env/lib/python3.10/site-packages/pytorch_tabnet/callbacks.py:172: UserWarning: Best weights from best epoch are automatically used!
  warnings.warn(wrn_msg)
[I 2025-08-06 01:22:48,338] Trial 18 finished with value: 0.7157946905053106 and parameters: {'n_d': 49, 'n_a': 28, 'n_steps': 6, 'gamma': 1.6109318124213172, 'lambda_sparse': 0.0009750163206791317, 'lr': 0.0011713438169134026, 'weight_decay': 1.3450596948335213e-05}. Best is trial 13 with value: 0.8780683150475341.
/work/dlclarge2/alidemaa-dl_lab/automl/automl-exam-ss25-tabular-freiburg-template/automl-tabular-env/lib/python3.10/site-packages/pytorch_tabnet/callbacks.py:172: UserWarning: Best weights from best epoch are automatically used!
  warnings.warn(wrn_msg)
[I 2025-08-06 01:23:09,078] Trial 19 finished with value: 0.8473495034829106 and parameters: {'n_d': 61, 'n_a': 42, 'n_steps': 3, 'gamma': 1.2304113262771543, 'lambda_sparse': 0.0055321312516201735, 'lr': 0.027848584637979287, 'weight_decay': 3.303030790564047e-05}. Best is trial 13 with value: 0.8780683150475341.
/work/dlclarge2/alidemaa-dl_lab/automl/automl-exam-ss25-tabular-freiburg-template/automl-tabular-env/lib/python3.10/site-packages/pytorch_tabnet/callbacks.py:172: UserWarning: Best weights from best epoch are automatically used!
  warnings.warn(wrn_msg)
[I 2025-08-06 01:24:06,222] A new study created in memory with name: no-name-f7d0ef6f-d4f1-4ae5-9ff7-c47ecc424021
/work/dlclarge2/alidemaa-dl_lab/automl/automl-exam-ss25-tabular-freiburg-template/automl-tabular-env/lib/python3.10/site-packages/pytorch_tabnet/callbacks.py:172: UserWarning: Best weights from best epoch are automatically used!
  warnings.warn(wrn_msg)
[I 2025-08-06 01:25:39,784] Trial 0 finished with value: 0.8023802140928438 and parameters: {'n_d': 47, 'n_a': 59, 'n_steps': 10, 'gamma': 1.5475328562021695, 'lambda_sparse': 0.0025164050396178942, 'lr': 0.005113221615310972, 'weight_decay': 3.333688575849873e-05}. Best is trial 0 with value: 0.8023802140928438.
/work/dlclarge2/alidemaa-dl_lab/automl/automl-exam-ss25-tabular-freiburg-template/automl-tabular-env/lib/python3.10/site-packages/pytorch_tabnet/callbacks.py:172: UserWarning: Best weights from best epoch are automatically used!
  warnings.warn(wrn_msg)
[I 2025-08-06 01:26:36,814] Trial 1 finished with value: -1.3041164590061411 and parameters: {'n_d': 33, 'n_a': 26, 'n_steps': 5, 'gamma': 1.9721096481847704, 'lambda_sparse': 1.508901627865905e-05, 'lr': 0.00014255146585463144, 'weight_decay': 0.00023008831879683234}. Best is trial 0 with value: 0.8023802140928438.
/work/dlclarge2/alidemaa-dl_lab/automl/automl-exam-ss25-tabular-freiburg-template/automl-tabular-env/lib/python3.10/site-packages/pytorch_tabnet/callbacks.py:172: UserWarning: Best weights from best epoch are automatically used!
  warnings.warn(wrn_msg)
[I 2025-08-06 01:27:55,881] Trial 2 finished with value: 0.8317117768525008 and parameters: {'n_d': 20, 'n_a': 10, 'n_steps': 8, 'gamma': 1.529662998857437, 'lambda_sparse': 0.0001623253732534464, 'lr': 0.07963897273505334, 'weight_decay': 4.935033166205384e-05}. Best is trial 2 with value: 0.8317117768525008.
/work/dlclarge2/alidemaa-dl_lab/automl/automl-exam-ss25-tabular-freiburg-template/automl-tabular-env/lib/python3.10/site-packages/pytorch_tabnet/callbacks.py:172: UserWarning: Best weights from best epoch are automatically used!
  warnings.warn(wrn_msg)
[I 2025-08-06 01:28:52,917] Trial 3 finished with value: 0.6633020178913885 and parameters: {'n_d': 46, 'n_a': 56, 'n_steps': 5, 'gamma': 1.204815859072295, 'lambda_sparse': 0.00012415874450223642, 'lr': 0.0003853696932660492, 'weight_decay': 0.0002015366846348503}. Best is trial 2 with value: 0.8317117768525008.
/work/dlclarge2/alidemaa-dl_lab/automl/automl-exam-ss25-tabular-freiburg-template/automl-tabular-env/lib/python3.10/site-packages/pytorch_tabnet/callbacks.py:172: UserWarning: Best weights from best epoch are automatically used!
  warnings.warn(wrn_msg)
[I 2025-08-06 01:29:25,817] Trial 4 finished with value: 0.866312915236349 and parameters: {'n_d': 55, 'n_a': 17, 'n_steps': 3, 'gamma': 1.1974815613146395, 'lambda_sparse': 0.0020688873430395136, 'lr': 0.01344285265763612, 'weight_decay': 6.8939087676432e-06}. Best is trial 4 with value: 0.866312915236349.
/work/dlclarge2/alidemaa-dl_lab/automl/automl-exam-ss25-tabular-freiburg-template/automl-tabular-env/lib/python3.10/site-packages/pytorch_tabnet/callbacks.py:172: UserWarning: Best weights from best epoch are automatically used!
  warnings.warn(wrn_msg)
[I 2025-08-06 01:30:49,845] Trial 5 finished with value: 0.6273484737265148 and parameters: {'n_d': 29, 'n_a': 56, 'n_steps': 9, 'gamma': 1.6718543515918864, 'lambda_sparse': 0.005252194703938739, 'lr': 0.0009591552707770175, 'weight_decay': 1.5766818339182137e-06}. Best is trial 4 with value: 0.866312915236349.
/work/dlclarge2/alidemaa-dl_lab/automl/automl-exam-ss25-tabular-freiburg-template/automl-tabular-env/lib/python3.10/site-packages/pytorch_tabnet/callbacks.py:172: UserWarning: Best weights from best epoch are automatically used!
  warnings.warn(wrn_msg)
[I 2025-08-06 01:32:17,697] Trial 6 finished with value: -1.1118301945645142 and parameters: {'n_d': 17, 'n_a': 47, 'n_steps': 9, 'gamma': 1.9822656664898108, 'lambda_sparse': 0.008084341747958202, 'lr': 0.00023136948499562457, 'weight_decay': 3.284384943486267e-05}. Best is trial 4 with value: 0.866312915236349.
/work/dlclarge2/alidemaa-dl_lab/automl/automl-exam-ss25-tabular-freiburg-template/automl-tabular-env/lib/python3.10/site-packages/pytorch_tabnet/callbacks.py:172: UserWarning: Best weights from best epoch are automatically used!
  warnings.warn(wrn_msg)
[I 2025-08-06 01:33:07,634] Trial 7 finished with value: 0.23408224753160278 and parameters: {'n_d': 17, 'n_a': 50, 'n_steps': 4, 'gamma': 1.1825306517553602, 'lambda_sparse': 2.809850064019642e-05, 'lr': 0.00014328808245181728, 'weight_decay': 5.940439450439404e-05}. Best is trial 4 with value: 0.866312915236349.
/work/dlclarge2/alidemaa-dl_lab/automl/automl-exam-ss25-tabular-freiburg-template/automl-tabular-env/lib/python3.10/site-packages/pytorch_tabnet/callbacks.py:172: UserWarning: Best weights from best epoch are automatically used!
  warnings.warn(wrn_msg)
[I 2025-08-06 01:34:00,275] Trial 8 finished with value: -0.09887228364259171 and parameters: {'n_d': 51, 'n_a': 22, 'n_steps': 5, 'gamma': 1.159513524274172, 'lambda_sparse': 2.5256960853677883e-05, 'lr': 0.00017315180896784824, 'weight_decay': 3.652465544225307e-05}. Best is trial 4 with value: 0.866312915236349.
/work/dlclarge2/alidemaa-dl_lab/automl/automl-exam-ss25-tabular-freiburg-template/automl-tabular-env/lib/python3.10/site-packages/pytorch_tabnet/callbacks.py:172: UserWarning: Best weights from best epoch are automatically used!
  warnings.warn(wrn_msg)
[I 2025-08-06 01:35:02,225] Trial 9 finished with value: 0.8457268849636093 and parameters: {'n_d': 10, 'n_a': 40, 'n_steps': 6, 'gamma': 1.3243772768653228, 'lambda_sparse': 0.002002319185220275, 'lr': 0.012878501492004297, 'weight_decay': 1.911613594167795e-05}. Best is trial 4 with value: 0.866312915236349.
/work/dlclarge2/alidemaa-dl_lab/automl/automl-exam-ss25-tabular-freiburg-template/automl-tabular-env/lib/python3.10/site-packages/pytorch_tabnet/callbacks.py:172: UserWarning: Best weights from best epoch are automatically used!
  warnings.warn(wrn_msg)
[I 2025-08-06 01:35:27,776] Trial 10 finished with value: 0.8668400430953342 and parameters: {'n_d': 63, 'n_a': 8, 'n_steps': 3, 'gamma': 1.0500843897900358, 'lambda_sparse': 0.0008087723274914337, 'lr': 0.03635140568175808, 'weight_decay': 2.5274988634835797e-06}. Best is trial 10 with value: 0.8668400430953342.
/work/dlclarge2/alidemaa-dl_lab/automl/automl-exam-ss25-tabular-freiburg-template/automl-tabular-env/lib/python3.10/site-packages/pytorch_tabnet/callbacks.py:172: UserWarning: Best weights from best epoch are automatically used!
  warnings.warn(wrn_msg)
[I 2025-08-06 01:36:11,022] Trial 11 finished with value: 0.8662299976327796 and parameters: {'n_d': 62, 'n_a': 9, 'n_steps': 3, 'gamma': 1.003702096675642, 'lambda_sparse': 0.0007031225239320686, 'lr': 0.03716199979432068, 'weight_decay': 2.6422335196524814e-06}. Best is trial 10 with value: 0.8668400430953342.
/work/dlclarge2/alidemaa-dl_lab/automl/automl-exam-ss25-tabular-freiburg-template/automl-tabular-env/lib/python3.10/site-packages/pytorch_tabnet/callbacks.py:172: UserWarning: Best weights from best epoch are automatically used!
  warnings.warn(wrn_msg)
