[I 2025-08-04 08:29:50,107] Trial 443 finished with value: -0.09091197597836172 and parameters: {'learning_rate': 0.03388468857750944, 'num_leaves': 186, 'max_depth': 15, 'min_child_samples': 20, 'feature_fraction': 0.5231847088364491, 'bagging_fraction': 0.5794353306010488, 'reg_alpha': 1.090630335105439e-06, 'reg_lambda': 0.0048440171940408285}. Best is trial 359 with value: -0.09553885975288429.
[I 2025-08-04 08:30:03,017] Trial 444 finished with value: -0.08789236078205445 and parameters: {'learning_rate': 0.01778771095344196, 'num_leaves': 196, 'max_depth': 15, 'min_child_samples': 18, 'feature_fraction': 0.5069353077312965, 'bagging_fraction': 0.5245888597173768, 'reg_alpha': 3.2545544080452077e-07, 'reg_lambda': 0.019550956969481146}. Best is trial 359 with value: -0.09553885975288429.
[I 2025-08-04 08:30:21,687] Trial 445 finished with value: -0.09185192754201318 and parameters: {'learning_rate': 0.013393289801858357, 'num_leaves': 208, 'max_depth': 15, 'min_child_samples': 12, 'feature_fraction': 0.54392016257595, 'bagging_fraction': 0.5331741516193013, 'reg_alpha': 6.158848907217663e-07, 'reg_lambda': 0.0006041816492755081}. Best is trial 359 with value: -0.09553885975288429.
[I 2025-08-04 08:30:29,554] Trial 446 finished with value: -0.08902580354854667 and parameters: {'learning_rate': 0.06674387802657059, 'num_leaves': 173, 'max_depth': 15, 'min_child_samples': 16, 'feature_fraction': 0.5310261847572632, 'bagging_fraction': 0.8549454112353956, 'reg_alpha': 9.863649681280409e-08, 'reg_lambda': 0.2099102451134398}. Best is trial 359 with value: -0.09553885975288429.
[I 2025-08-04 08:30:44,799] Trial 447 finished with value: -0.0934481393599033 and parameters: {'learning_rate': 0.016755700948987252, 'num_leaves': 158, 'max_depth': 14, 'min_child_samples': 10, 'feature_fraction': 0.5171550110003074, 'bagging_fraction': 0.6653047995963077, 'reg_alpha': 1.793176969960732e-07, 'reg_lambda': 0.009203148825077305}. Best is trial 359 with value: -0.09553885975288429.
[I 2025-08-04 08:31:01,337] Trial 448 finished with value: -0.09279537207568629 and parameters: {'learning_rate': 0.015264467194846908, 'num_leaves': 191, 'max_depth': 15, 'min_child_samples': 14, 'feature_fraction': 0.5086374996472502, 'bagging_fraction': 0.5106445341128865, 'reg_alpha': 4.408910544030725e-07, 'reg_lambda': 0.028529117556351707}. Best is trial 359 with value: -0.09553885975288429.
[I 2025-08-04 08:31:12,788] Trial 449 finished with value: -0.08846194915218827 and parameters: {'learning_rate': 0.011237991522485141, 'num_leaves': 202, 'max_depth': 8, 'min_child_samples': 13, 'feature_fraction': 0.5518725240303529, 'bagging_fraction': 0.5225834898157304, 'reg_alpha': 2.2900555984330129e-07, 'reg_lambda': 0.6820976382923909}. Best is trial 359 with value: -0.09553885975288429.
2025-08-04 08:31:15 [INFO] Model selection complete. Validation metrics: {'val_catboost': 0.11942531680770385, 'val_lightgbm': 0.07190868771301362, 'val_ensemble': 0.10988414318934225}
2025-08-04 08:31:15 [INFO] Selected best model 'catboost' with validation R²=0.1194
2025-08-04 08:31:15 [INFO] Retraining best model 'catboost' on full dataset
2025-08-04 08:31:30 [INFO] Retraining completed in 15.47s
2025-08-04 08:31:31 [INFO] Saved final model to '/work/dlclarge2/alidemaa-dl_lab/automl/automl-exam-ss25-tabular-freiburg-template/modelsFinal-YProp/final_catboost.pkl'
2025-08-04 08:31:31 [INFO] Tree-based → /work/dlclarge2/alidemaa-dl_lab/automl/automl-exam-ss25-tabular-freiburg-template/modelsFinal-YProp/final_catboost.pkl (R²=0.1194)
2025-08-04 08:31:31 [INFO] Training TabNet model...
[I 2025-08-04 08:31:31,326] A new study created in memory with name: no-name-f38b1d57-5852-4f6b-857e-c08f338adca6
/work/dlclarge2/alidemaa-dl_lab/automl/automl-exam-ss25-tabular-freiburg-template/automl-tabular-env/lib/python3.10/site-packages/pytorch_tabnet/callbacks.py:172: UserWarning: Best weights from best epoch are automatically used!
  warnings.warn(wrn_msg)
[I 2025-08-04 08:31:48,831] Trial 0 finished with value: -0.0019907262600802333 and parameters: {'n_d': 14, 'n_a': 58, 'n_steps': 7, 'gamma': 1.2188038045780452, 'lambda_sparse': 2.2578923150142348e-05, 'lr': 0.0005125437610223044, 'weight_decay': 2.629293745521355e-05}. Best is trial 0 with value: -0.0019907262600802333.
/work/dlclarge2/alidemaa-dl_lab/automl/automl-exam-ss25-tabular-freiburg-template/automl-tabular-env/lib/python3.10/site-packages/pytorch_tabnet/callbacks.py:172: UserWarning: Best weights from best epoch are automatically used!
  warnings.warn(wrn_msg)
[I 2025-08-04 08:32:05,907] Trial 1 finished with value: -0.019828454578677768 and parameters: {'n_d': 51, 'n_a': 9, 'n_steps': 10, 'gamma': 1.284507369342855, 'lambda_sparse': 0.00026452147145758243, 'lr': 0.00014592628405839952, 'weight_decay': 1.4372654199646797e-06}. Best is trial 0 with value: -0.0019907262600802333.
/work/dlclarge2/alidemaa-dl_lab/automl/automl-exam-ss25-tabular-freiburg-template/automl-tabular-env/lib/python3.10/site-packages/pytorch_tabnet/callbacks.py:172: UserWarning: Best weights from best epoch are automatically used!
  warnings.warn(wrn_msg)
[I 2025-08-04 08:32:26,990] Trial 2 finished with value: -0.0009198059396910985 and parameters: {'n_d': 32, 'n_a': 13, 'n_steps': 3, 'gamma': 1.870523543779231, 'lambda_sparse': 0.0034997847913274876, 'lr': 0.0003005144398938253, 'weight_decay': 0.00017140688686282364}. Best is trial 2 with value: -0.0009198059396910985.
/work/dlclarge2/alidemaa-dl_lab/automl/automl-exam-ss25-tabular-freiburg-template/automl-tabular-env/lib/python3.10/site-packages/pytorch_tabnet/callbacks.py:172: UserWarning: Best weights from best epoch are automatically used!
  warnings.warn(wrn_msg)
[I 2025-08-04 08:33:29,463] Trial 3 finished with value: 0.0849935346751135 and parameters: {'n_d': 26, 'n_a': 18, 'n_steps': 9, 'gamma': 1.058552468989312, 'lambda_sparse': 8.790520202072768e-05, 'lr': 0.04393574738049435, 'weight_decay': 0.0005448482100406778}. Best is trial 3 with value: 0.0849935346751135.
/work/dlclarge2/alidemaa-dl_lab/automl/automl-exam-ss25-tabular-freiburg-template/automl-tabular-env/lib/python3.10/site-packages/pytorch_tabnet/callbacks.py:172: UserWarning: Best weights from best epoch are automatically used!
  warnings.warn(wrn_msg)
[I 2025-08-04 08:33:57,783] Trial 4 finished with value: 0.0916576260540688 and parameters: {'n_d': 20, 'n_a': 47, 'n_steps': 3, 'gamma': 1.1244810537243448, 'lambda_sparse': 0.00015039920917057003, 'lr': 0.01066533128088967, 'weight_decay': 3.814859336964282e-05}. Best is trial 4 with value: 0.0916576260540688.
/work/dlclarge2/alidemaa-dl_lab/automl/automl-exam-ss25-tabular-freiburg-template/automl-tabular-env/lib/python3.10/site-packages/pytorch_tabnet/callbacks.py:172: UserWarning: Best weights from best epoch are automatically used!
  warnings.warn(wrn_msg)
[I 2025-08-04 08:34:19,571] Trial 5 finished with value: 0.013634183370739072 and parameters: {'n_d': 40, 'n_a': 47, 'n_steps': 9, 'gamma': 1.8813710572300277, 'lambda_sparse': 0.0005178907409905035, 'lr': 0.0013606216428135752, 'weight_decay': 2.919124562341344e-05}. Best is trial 4 with value: 0.0916576260540688.
/work/dlclarge2/alidemaa-dl_lab/automl/automl-exam-ss25-tabular-freiburg-template/automl-tabular-env/lib/python3.10/site-packages/pytorch_tabnet/callbacks.py:172: UserWarning: Best weights from best epoch are automatically used!
  warnings.warn(wrn_msg)
[I 2025-08-04 08:34:41,099] Trial 6 finished with value: -0.011417876418557737 and parameters: {'n_d': 30, 'n_a': 61, 'n_steps': 6, 'gamma': 1.7005703578933256, 'lambda_sparse': 0.000255705933503583, 'lr': 0.00014669093582253114, 'weight_decay': 3.0013564598446124e-06}. Best is trial 4 with value: 0.0916576260540688.
/work/dlclarge2/alidemaa-dl_lab/automl/automl-exam-ss25-tabular-freiburg-template/automl-tabular-env/lib/python3.10/site-packages/pytorch_tabnet/callbacks.py:172: UserWarning: Best weights from best epoch are automatically used!
  warnings.warn(wrn_msg)
[I 2025-08-04 08:35:30,874] Trial 7 finished with value: 0.0379940382677606 and parameters: {'n_d': 49, 'n_a': 48, 'n_steps': 7, 'gamma': 1.733592556573523, 'lambda_sparse': 6.573423343413452e-05, 'lr': 0.001684085380415024, 'weight_decay': 9.111590158575867e-05}. Best is trial 4 with value: 0.0916576260540688.
/work/dlclarge2/alidemaa-dl_lab/automl/automl-exam-ss25-tabular-freiburg-template/automl-tabular-env/lib/python3.10/site-packages/pytorch_tabnet/callbacks.py:172: UserWarning: Best weights from best epoch are automatically used!
  warnings.warn(wrn_msg)
[I 2025-08-04 08:35:42,397] Trial 8 finished with value: -0.05063216912512791 and parameters: {'n_d': 26, 'n_a': 8, 'n_steps': 6, 'gamma': 1.1958923294991906, 'lambda_sparse': 0.000342426282199716, 'lr': 0.00030780037868577555, 'weight_decay': 0.00022526286674250516}. Best is trial 4 with value: 0.0916576260540688.
/work/dlclarge2/alidemaa-dl_lab/automl/automl-exam-ss25-tabular-freiburg-template/automl-tabular-env/lib/python3.10/site-packages/pytorch_tabnet/callbacks.py:172: UserWarning: Best weights from best epoch are automatically used!
  warnings.warn(wrn_msg)
[I 2025-08-04 08:36:12,644] Trial 9 finished with value: 0.07342535414466267 and parameters: {'n_d': 14, 'n_a': 34, 'n_steps': 4, 'gamma': 1.8973716864093095, 'lambda_sparse': 0.0012826146052082607, 'lr': 0.07127810029380248, 'weight_decay': 7.641085175745326e-06}. Best is trial 4 with value: 0.0916576260540688.
/work/dlclarge2/alidemaa-dl_lab/automl/automl-exam-ss25-tabular-freiburg-template/automl-tabular-env/lib/python3.10/site-packages/pytorch_tabnet/callbacks.py:172: UserWarning: Best weights from best epoch are automatically used!
  warnings.warn(wrn_msg)
[I 2025-08-04 08:36:49,167] Trial 10 finished with value: 0.06957064393036472 and parameters: {'n_d': 61, 'n_a': 31, 'n_steps': 4, 'gamma': 1.4751644142482017, 'lambda_sparse': 0.009664005877046961, 'lr': 0.01129116320044104, 'weight_decay': 9.394300808268968e-06}. Best is trial 4 with value: 0.0916576260540688.
/work/dlclarge2/alidemaa-dl_lab/automl/automl-exam-ss25-tabular-freiburg-template/automl-tabular-env/lib/python3.10/site-packages/pytorch_tabnet/callbacks.py:172: UserWarning: Best weights from best epoch are automatically used!
  warnings.warn(wrn_msg)
[I 2025-08-04 08:37:55,650] Trial 11 finished with value: 0.09749683050485602 and parameters: {'n_d': 8, 'n_a': 24, 'n_steps': 9, 'gamma': 1.0258599810635323, 'lambda_sparse': 6.185341347958384e-05, 'lr': 0.019087981737426013, 'weight_decay': 0.0008316218314275001}. Best is trial 11 with value: 0.09749683050485602.
/work/dlclarge2/alidemaa-dl_lab/automl/automl-exam-ss25-tabular-freiburg-template/automl-tabular-env/lib/python3.10/site-packages/pytorch_tabnet/callbacks.py:172: UserWarning: Best weights from best epoch are automatically used!
  warnings.warn(wrn_msg)
[I 2025-08-04 08:38:48,541] Trial 12 finished with value: 0.10263349713439174 and parameters: {'n_d': 10, 'n_a': 24, 'n_steps': 8, 'gamma': 1.0114682272979847, 'lambda_sparse': 1.0845328703474128e-05, 'lr': 0.010374599820271387, 'weight_decay': 0.0008972473461391973}. Best is trial 12 with value: 0.10263349713439174.
/work/dlclarge2/alidemaa-dl_lab/automl/automl-exam-ss25-tabular-freiburg-template/automl-tabular-env/lib/python3.10/site-packages/pytorch_tabnet/callbacks.py:172: UserWarning: Best weights from best epoch are automatically used!
  warnings.warn(wrn_msg)
[I 2025-08-04 08:39:55,472] Trial 13 finished with value: 0.12607178007242403 and parameters: {'n_d': 10, 'n_a': 24, 'n_steps': 8, 'gamma': 1.0056632155448348, 'lambda_sparse': 1.0437082086836223e-05, 'lr': 0.010809876431030844, 'weight_decay': 0.000730893716337265}. Best is trial 13 with value: 0.12607178007242403.
/work/dlclarge2/alidemaa-dl_lab/automl/automl-exam-ss25-tabular-freiburg-template/automl-tabular-env/lib/python3.10/site-packages/pytorch_tabnet/callbacks.py:172: UserWarning: Best weights from best epoch are automatically used!
  warnings.warn(wrn_msg)
[I 2025-08-04 08:40:10,532] Trial 14 finished with value: 0.005520010416608878 and parameters: {'n_d': 9, 'n_a': 26, 'n_steps': 8, 'gamma': 1.3826578701756662, 'lambda_sparse': 1.1513236909267392e-05, 'lr': 0.005064171990309933, 'weight_decay': 0.0004410387975658312}. Best is trial 13 with value: 0.12607178007242403.
/work/dlclarge2/alidemaa-dl_lab/automl/automl-exam-ss25-tabular-freiburg-template/automl-tabular-env/lib/python3.10/site-packages/pytorch_tabnet/callbacks.py:172: UserWarning: Best weights from best epoch are automatically used!
  warnings.warn(wrn_msg)
[I 2025-08-04 08:40:28,755] Trial 15 finished with value: -0.0033498910196239073 and parameters: {'n_d': 19, 'n_a': 21, 'n_steps': 8, 'gamma': 1.0066183936056867, 'lambda_sparse': 2.2364992459335882e-05, 'lr': 0.0035288111701470637, 'weight_decay': 0.00021746615753320727}. Best is trial 13 with value: 0.12607178007242403.
/work/dlclarge2/alidemaa-dl_lab/automl/automl-exam-ss25-tabular-freiburg-template/automl-tabular-env/lib/python3.10/site-packages/pytorch_tabnet/callbacks.py:172: UserWarning: Best weights from best epoch are automatically used!
  warnings.warn(wrn_msg)
[I 2025-08-04 08:41:36,090] Trial 16 finished with value: 0.07936285500623286 and parameters: {'n_d': 40, 'n_a': 39, 'n_steps': 10, 'gamma': 1.330665407801809, 'lambda_sparse': 1.1288809460655518e-05, 'lr': 0.03131386508065368, 'weight_decay': 0.0008359028789234015}. Best is trial 13 with value: 0.12607178007242403.
/work/dlclarge2/alidemaa-dl_lab/automl/automl-exam-ss25-tabular-freiburg-template/automl-tabular-env/lib/python3.10/site-packages/pytorch_tabnet/callbacks.py:172: UserWarning: Best weights from best epoch are automatically used!
  warnings.warn(wrn_msg)
[I 2025-08-04 08:42:43,011] Trial 17 finished with value: 0.06446695423854887 and parameters: {'n_d': 19, 'n_a': 28, 'n_steps': 8, 'gamma': 1.5480398967804414, 'lambda_sparse': 3.0708652082086845e-05, 'lr': 0.005831917656150533, 'weight_decay': 9.321534416081804e-05}. Best is trial 13 with value: 0.12607178007242403.
/work/dlclarge2/alidemaa-dl_lab/automl/automl-exam-ss25-tabular-freiburg-template/automl-tabular-env/lib/python3.10/site-packages/pytorch_tabnet/callbacks.py:172: UserWarning: Best weights from best epoch are automatically used!
  warnings.warn(wrn_msg)
[I 2025-08-04 08:43:00,664] Trial 18 finished with value: -0.013220797482063729 and parameters: {'n_d': 13, 'n_a': 40, 'n_steps': 5, 'gamma': 1.1588764755618217, 'lambda_sparse': 3.838215198733447e-05, 'lr': 0.001519146006158768, 'weight_decay': 0.00036493431231422014}. Best is trial 13 with value: 0.12607178007242403.
/work/dlclarge2/alidemaa-dl_lab/automl/automl-exam-ss25-tabular-freiburg-template/automl-tabular-env/lib/python3.10/site-packages/pytorch_tabnet/callbacks.py:172: UserWarning: Best weights from best epoch are automatically used!
  warnings.warn(wrn_msg)
[I 2025-08-04 08:43:49,224] Trial 19 finished with value: 0.07149639778813544 and parameters: {'n_d': 24, 'n_a': 18, 'n_steps': 7, 'gamma': 1.4564359950443118, 'lambda_sparse': 1.1717062975894293e-05, 'lr': 0.01378704376562583, 'weight_decay': 9.125744108651006e-05}. Best is trial 13 with value: 0.12607178007242403.
/work/dlclarge2/alidemaa-dl_lab/automl/automl-exam-ss25-tabular-freiburg-template/automl-tabular-env/lib/python3.10/site-packages/pytorch_tabnet/callbacks.py:172: UserWarning: Best weights from best epoch are automatically used!
  warnings.warn(wrn_msg)
[I 2025-08-04 08:45:10,198] A new study created in memory with name: no-name-1fd56b9e-4e78-4078-ad0d-f31ba6afa16b
/work/dlclarge2/alidemaa-dl_lab/automl/automl-exam-ss25-tabular-freiburg-template/automl-tabular-env/lib/python3.10/site-packages/pytorch_tabnet/callbacks.py:172: UserWarning: Best weights from best epoch are automatically used!
  warnings.warn(wrn_msg)
[I 2025-08-04 08:45:21,570] Trial 0 finished with value: 0.021780216379474027 and parameters: {'n_d': 60, 'n_a': 28, 'n_steps': 4, 'gamma': 1.729169131562899, 'lambda_sparse': 0.002304141259846235, 'lr': 0.00027224839914139913, 'weight_decay': 1.4068317891230146e-06}. Best is trial 0 with value: 0.021780216379474027.
/work/dlclarge2/alidemaa-dl_lab/automl/automl-exam-ss25-tabular-freiburg-template/automl-tabular-env/lib/python3.10/site-packages/pytorch_tabnet/callbacks.py:172: UserWarning: Best weights from best epoch are automatically used!
  warnings.warn(wrn_msg)
[I 2025-08-04 08:45:44,823] Trial 1 finished with value: 0.06654935947837415 and parameters: {'n_d': 50, 'n_a': 43, 'n_steps': 4, 'gamma': 1.2459649758410727, 'lambda_sparse': 0.0029620142973163007, 'lr': 0.03785153463367984, 'weight_decay': 0.0004103138494993406}. Best is trial 1 with value: 0.06654935947837415.
/work/dlclarge2/alidemaa-dl_lab/automl/automl-exam-ss25-tabular-freiburg-template/automl-tabular-env/lib/python3.10/site-packages/pytorch_tabnet/callbacks.py:172: UserWarning: Best weights from best epoch are automatically used!
  warnings.warn(wrn_msg)
[I 2025-08-04 08:45:56,487] Trial 2 finished with value: -0.0063729284518190266 and parameters: {'n_d': 31, 'n_a': 63, 'n_steps': 4, 'gamma': 1.882581374630652, 'lambda_sparse': 0.008622539225896878, 'lr': 0.00023403352795174447, 'weight_decay': 4.743753720682122e-05}. Best is trial 1 with value: 0.06654935947837415.
/work/dlclarge2/alidemaa-dl_lab/automl/automl-exam-ss25-tabular-freiburg-template/automl-tabular-env/lib/python3.10/site-packages/pytorch_tabnet/callbacks.py:172: UserWarning: Best weights from best epoch are automatically used!
  warnings.warn(wrn_msg)
[I 2025-08-04 08:46:28,242] Trial 3 finished with value: 0.03752853258647659 and parameters: {'n_d': 11, 'n_a': 17, 'n_steps': 3, 'gamma': 1.0449574073078718, 'lambda_sparse': 1.26947959398713e-05, 'lr': 0.002229030649083455, 'weight_decay': 3.0261412288674135e-05}. Best is trial 1 with value: 0.06654935947837415.
/work/dlclarge2/alidemaa-dl_lab/automl/automl-exam-ss25-tabular-freiburg-template/automl-tabular-env/lib/python3.10/site-packages/pytorch_tabnet/callbacks.py:172: UserWarning: Best weights from best epoch are automatically used!
  warnings.warn(wrn_msg)
[I 2025-08-04 08:47:08,202] Trial 4 finished with value: 0.05594412472175214 and parameters: {'n_d': 34, 'n_a': 44, 'n_steps': 4, 'gamma': 1.9084233485658477, 'lambda_sparse': 0.006532580261850808, 'lr': 0.006656329061385361, 'weight_decay': 3.64056385630363e-05}. Best is trial 1 with value: 0.06654935947837415.
/work/dlclarge2/alidemaa-dl_lab/automl/automl-exam-ss25-tabular-freiburg-template/automl-tabular-env/lib/python3.10/site-packages/pytorch_tabnet/callbacks.py:172: UserWarning: Best weights from best epoch are automatically used!
  warnings.warn(wrn_msg)
[I 2025-08-04 08:47:34,016] Trial 5 finished with value: -0.08617722104324765 and parameters: {'n_d': 28, 'n_a': 39, 'n_steps': 6, 'gamma': 1.2221880823506428, 'lambda_sparse': 0.006914506146015168, 'lr': 0.00011554481329392474, 'weight_decay': 2.5078033290770798e-05}. Best is trial 1 with value: 0.06654935947837415.
/work/dlclarge2/alidemaa-dl_lab/automl/automl-exam-ss25-tabular-freiburg-template/automl-tabular-env/lib/python3.10/site-packages/pytorch_tabnet/callbacks.py:172: UserWarning: Best weights from best epoch are automatically used!
  warnings.warn(wrn_msg)
[I 2025-08-04 08:47:56,266] Trial 6 finished with value: 0.011535645387506066 and parameters: {'n_d': 16, 'n_a': 39, 'n_steps': 9, 'gamma': 1.0766739626755073, 'lambda_sparse': 0.0011549747335278583, 'lr': 0.000910262568921528, 'weight_decay': 7.1897180854850545e-06}. Best is trial 1 with value: 0.06654935947837415.
/work/dlclarge2/alidemaa-dl_lab/automl/automl-exam-ss25-tabular-freiburg-template/automl-tabular-env/lib/python3.10/site-packages/pytorch_tabnet/callbacks.py:172: UserWarning: Best weights from best epoch are automatically used!
  warnings.warn(wrn_msg)
[I 2025-08-04 08:48:47,783] Trial 7 finished with value: 0.04283670638983117 and parameters: {'n_d': 60, 'n_a': 19, 'n_steps': 10, 'gamma': 1.5326306941985672, 'lambda_sparse': 0.0002524072988381682, 'lr': 0.043944098082706155, 'weight_decay': 1.7265578073027917e-05}. Best is trial 1 with value: 0.06654935947837415.
/work/dlclarge2/alidemaa-dl_lab/automl/automl-exam-ss25-tabular-freiburg-template/automl-tabular-env/lib/python3.10/site-packages/pytorch_tabnet/callbacks.py:172: UserWarning: Best weights from best epoch are automatically used!
  warnings.warn(wrn_msg)
[I 2025-08-04 08:49:25,481] Trial 8 finished with value: 0.04617790350036055 and parameters: {'n_d': 56, 'n_a': 13, 'n_steps': 6, 'gamma': 1.3695537749052984, 'lambda_sparse': 0.008810566577187526, 'lr': 0.08901729831043853, 'weight_decay': 9.4383966471306e-06}. Best is trial 1 with value: 0.06654935947837415.
/work/dlclarge2/alidemaa-dl_lab/automl/automl-exam-ss25-tabular-freiburg-template/automl-tabular-env/lib/python3.10/site-packages/pytorch_tabnet/callbacks.py:172: UserWarning: Best weights from best epoch are automatically used!
  warnings.warn(wrn_msg)
[I 2025-08-04 08:49:46,637] Trial 9 finished with value: 0.031637216392619516 and parameters: {'n_d': 47, 'n_a': 27, 'n_steps': 4, 'gamma': 1.5180334261450827, 'lambda_sparse': 2.9383266488915038e-05, 'lr': 0.06538909082059384, 'weight_decay': 5.389953237936282e-06}. Best is trial 1 with value: 0.06654935947837415.
/work/dlclarge2/alidemaa-dl_lab/automl/automl-exam-ss25-tabular-freiburg-template/automl-tabular-env/lib/python3.10/site-packages/pytorch_tabnet/callbacks.py:172: UserWarning: Best weights from best epoch are automatically used!
  warnings.warn(wrn_msg)
