[I 2025-08-06 02:15:42,076] Trial 9 finished with value: 0.7486397523174252 and parameters: {'n_d': 43, 'n_a': 25, 'n_steps': 10, 'gamma': 1.542394726213123, 'lambda_sparse': 3.392228501406029e-05, 'lr': 0.002750909098997672, 'weight_decay': 2.5809790834512385e-05}. Best is trial 2 with value: 0.8804674443445077.
/work/dlclarge2/alidemaa-dl_lab/automl/automl-exam-ss25-tabular-freiburg-template/automl-tabular-env/lib/python3.10/site-packages/pytorch_tabnet/callbacks.py:172: UserWarning: Best weights from best epoch are automatically used!
  warnings.warn(wrn_msg)
[I 2025-08-06 02:16:14,895] Trial 10 finished with value: 0.8725812265020119 and parameters: {'n_d': 52, 'n_a': 54, 'n_steps': 3, 'gamma': 1.6769470301349445, 'lambda_sparse': 0.0020147023378871767, 'lr': 0.0681002536211153, 'weight_decay': 1.0914543302286137e-06}. Best is trial 2 with value: 0.8804674443445077.
/work/dlclarge2/alidemaa-dl_lab/automl/automl-exam-ss25-tabular-freiburg-template/automl-tabular-env/lib/python3.10/site-packages/pytorch_tabnet/callbacks.py:172: UserWarning: Best weights from best epoch are automatically used!
  warnings.warn(wrn_msg)
[I 2025-08-06 02:16:47,163] Trial 11 finished with value: 0.8715640087550848 and parameters: {'n_d': 50, 'n_a': 54, 'n_steps': 3, 'gamma': 1.6830263704331383, 'lambda_sparse': 0.0020102893030206656, 'lr': 0.08703954884848196, 'weight_decay': 1.021961524677182e-06}. Best is trial 2 with value: 0.8804674443445077.
/work/dlclarge2/alidemaa-dl_lab/automl/automl-exam-ss25-tabular-freiburg-template/automl-tabular-env/lib/python3.10/site-packages/pytorch_tabnet/callbacks.py:172: UserWarning: Best weights from best epoch are automatically used!
  warnings.warn(wrn_msg)
[I 2025-08-06 02:17:42,026] Trial 12 finished with value: 0.8668157589775949 and parameters: {'n_d': 54, 'n_a': 52, 'n_steps': 5, 'gamma': 1.7054456933781488, 'lambda_sparse': 0.001987970481174946, 'lr': 0.07190664739847813, 'weight_decay': 1.515087189286487e-06}. Best is trial 2 with value: 0.8804674443445077.
/work/dlclarge2/alidemaa-dl_lab/automl/automl-exam-ss25-tabular-freiburg-template/automl-tabular-env/lib/python3.10/site-packages/pytorch_tabnet/callbacks.py:172: UserWarning: Best weights from best epoch are automatically used!
  warnings.warn(wrn_msg)
[I 2025-08-06 02:18:38,976] Trial 13 finished with value: 0.8593016276706125 and parameters: {'n_d': 64, 'n_a': 62, 'n_steps': 5, 'gamma': 1.419870513712394, 'lambda_sparse': 0.0017996857381642377, 'lr': 0.032852194166521985, 'weight_decay': 4.762395023973996e-06}. Best is trial 2 with value: 0.8804674443445077.
/work/dlclarge2/alidemaa-dl_lab/automl/automl-exam-ss25-tabular-freiburg-template/automl-tabular-env/lib/python3.10/site-packages/pytorch_tabnet/callbacks.py:172: UserWarning: Best weights from best epoch are automatically used!
  warnings.warn(wrn_msg)
[I 2025-08-06 02:19:28,945] Trial 14 finished with value: 0.8668687316177267 and parameters: {'n_d': 38, 'n_a': 41, 'n_steps': 4, 'gamma': 1.7345742198849843, 'lambda_sparse': 0.0011356050137645945, 'lr': 0.03034349225887738, 'weight_decay': 3.214925861557173e-06}. Best is trial 2 with value: 0.8804674443445077.
/work/dlclarge2/alidemaa-dl_lab/automl/automl-exam-ss25-tabular-freiburg-template/automl-tabular-env/lib/python3.10/site-packages/pytorch_tabnet/callbacks.py:172: UserWarning: Best weights from best epoch are automatically used!
  warnings.warn(wrn_msg)
[I 2025-08-06 02:20:06,451] Trial 15 finished with value: 0.8076643997611579 and parameters: {'n_d': 50, 'n_a': 54, 'n_steps': 6, 'gamma': 1.491566775548351, 'lambda_sparse': 0.0038767935987352674, 'lr': 0.03676600758883945, 'weight_decay': 1.0168481197027133e-05}. Best is trial 2 with value: 0.8804674443445077.
/work/dlclarge2/alidemaa-dl_lab/automl/automl-exam-ss25-tabular-freiburg-template/automl-tabular-env/lib/python3.10/site-packages/pytorch_tabnet/callbacks.py:172: UserWarning: Best weights from best epoch are automatically used!
  warnings.warn(wrn_msg)
[I 2025-08-06 02:20:56,005] Trial 16 finished with value: 0.8721516730303974 and parameters: {'n_d': 58, 'n_a': 47, 'n_steps': 4, 'gamma': 1.7995625388794891, 'lambda_sparse': 0.00017651488944427318, 'lr': 0.006190817341149633, 'weight_decay': 7.440708937940609e-05}. Best is trial 2 with value: 0.8804674443445077.
/work/dlclarge2/alidemaa-dl_lab/automl/automl-exam-ss25-tabular-freiburg-template/automl-tabular-env/lib/python3.10/site-packages/pytorch_tabnet/callbacks.py:172: UserWarning: Best weights from best epoch are automatically used!
  warnings.warn(wrn_msg)
[I 2025-08-06 02:21:45,116] Trial 17 finished with value: 0.8182256976768184 and parameters: {'n_d': 39, 'n_a': 36, 'n_steps': 7, 'gamma': 1.6021744251604735, 'lambda_sparse': 1.0291471596767993e-05, 'lr': 0.08866138891035082, 'weight_decay': 2.2392844396202825e-06}. Best is trial 2 with value: 0.8804674443445077.
/work/dlclarge2/alidemaa-dl_lab/automl/automl-exam-ss25-tabular-freiburg-template/automl-tabular-env/lib/python3.10/site-packages/pytorch_tabnet/callbacks.py:172: UserWarning: Best weights from best epoch are automatically used!
  warnings.warn(wrn_msg)
[I 2025-08-06 02:22:14,601] Trial 18 finished with value: 0.8705577795176314 and parameters: {'n_d': 49, 'n_a': 57, 'n_steps': 3, 'gamma': 1.3265409524303637, 'lambda_sparse': 0.0009210253672904361, 'lr': 0.03208406919109294, 'weight_decay': 5.79009346583622e-06}. Best is trial 2 with value: 0.8804674443445077.
/work/dlclarge2/alidemaa-dl_lab/automl/automl-exam-ss25-tabular-freiburg-template/automl-tabular-env/lib/python3.10/site-packages/pytorch_tabnet/callbacks.py:172: UserWarning: Best weights from best epoch are automatically used!
  warnings.warn(wrn_msg)
[I 2025-08-06 02:23:02,467] Trial 19 finished with value: 0.20958695281832385 and parameters: {'n_d': 18, 'n_a': 46, 'n_steps': 4, 'gamma': 1.8305927785958476, 'lambda_sparse': 0.0044091574347533795, 'lr': 0.00010063254019516328, 'weight_decay': 1.0627719793184803e-06}. Best is trial 2 with value: 0.8804674443445077.
/work/dlclarge2/alidemaa-dl_lab/automl/automl-exam-ss25-tabular-freiburg-template/automl-tabular-env/lib/python3.10/site-packages/pytorch_tabnet/callbacks.py:172: UserWarning: Best weights from best epoch are automatically used!
  warnings.warn(wrn_msg)
[I 2025-08-06 02:23:43,830] A new study created in memory with name: no-name-2618c1e0-c9a3-41da-8d81-fcb34f10be00
/work/dlclarge2/alidemaa-dl_lab/automl/automl-exam-ss25-tabular-freiburg-template/automl-tabular-env/lib/python3.10/site-packages/pytorch_tabnet/callbacks.py:172: UserWarning: Best weights from best epoch are automatically used!
  warnings.warn(wrn_msg)
[I 2025-08-06 02:24:39,967] Trial 0 finished with value: 0.8864336281754386 and parameters: {'n_d': 62, 'n_a': 41, 'n_steps': 6, 'gamma': 1.0629274901858725, 'lambda_sparse': 1.3121371277335902e-05, 'lr': 0.056561640754354985, 'weight_decay': 3.093673589532337e-06}. Best is trial 0 with value: 0.8864336281754386.
/work/dlclarge2/alidemaa-dl_lab/automl/automl-exam-ss25-tabular-freiburg-template/automl-tabular-env/lib/python3.10/site-packages/pytorch_tabnet/callbacks.py:172: UserWarning: Best weights from best epoch are automatically used!
  warnings.warn(wrn_msg)
[I 2025-08-06 02:26:14,640] Trial 1 finished with value: 0.17083625311862205 and parameters: {'n_d': 15, 'n_a': 18, 'n_steps': 10, 'gamma': 1.3060568090439544, 'lambda_sparse': 1.0233995785241664e-05, 'lr': 0.0008150490648620445, 'weight_decay': 0.0005400131907910459}. Best is trial 0 with value: 0.8864336281754386.
/work/dlclarge2/alidemaa-dl_lab/automl/automl-exam-ss25-tabular-freiburg-template/automl-tabular-env/lib/python3.10/site-packages/pytorch_tabnet/callbacks.py:172: UserWarning: Best weights from best epoch are automatically used!
  warnings.warn(wrn_msg)
[I 2025-08-06 02:27:42,026] Trial 2 finished with value: -11.02829153623013 and parameters: {'n_d': 21, 'n_a': 38, 'n_steps': 9, 'gamma': 1.7801058269178933, 'lambda_sparse': 1.652679347401158e-05, 'lr': 0.00016911472827928643, 'weight_decay': 0.0006841552901539912}. Best is trial 0 with value: 0.8864336281754386.
/work/dlclarge2/alidemaa-dl_lab/automl/automl-exam-ss25-tabular-freiburg-template/automl-tabular-env/lib/python3.10/site-packages/pytorch_tabnet/callbacks.py:172: UserWarning: Best weights from best epoch are automatically used!
  warnings.warn(wrn_msg)
[I 2025-08-06 02:28:39,053] Trial 3 finished with value: -3.255828087450041 and parameters: {'n_d': 37, 'n_a': 8, 'n_steps': 5, 'gamma': 1.2141729002017718, 'lambda_sparse': 2.0076771051625362e-05, 'lr': 0.00011608314885504411, 'weight_decay': 0.0009749885682967725}. Best is trial 0 with value: 0.8864336281754386.
/work/dlclarge2/alidemaa-dl_lab/automl/automl-exam-ss25-tabular-freiburg-template/automl-tabular-env/lib/python3.10/site-packages/pytorch_tabnet/callbacks.py:172: UserWarning: Best weights from best epoch are automatically used!
  warnings.warn(wrn_msg)
[I 2025-08-06 02:30:14,196] Trial 4 finished with value: -2.8014187047044388 and parameters: {'n_d': 63, 'n_a': 11, 'n_steps': 10, 'gamma': 1.8436515142726435, 'lambda_sparse': 7.457588784013608e-05, 'lr': 0.0003087768997451833, 'weight_decay': 1.1593310073768953e-05}. Best is trial 0 with value: 0.8864336281754386.
/work/dlclarge2/alidemaa-dl_lab/automl/automl-exam-ss25-tabular-freiburg-template/automl-tabular-env/lib/python3.10/site-packages/pytorch_tabnet/callbacks.py:172: UserWarning: Best weights from best epoch are automatically used!
  warnings.warn(wrn_msg)
[I 2025-08-06 02:31:18,231] Trial 5 finished with value: 0.8674353368204661 and parameters: {'n_d': 56, 'n_a': 26, 'n_steps': 7, 'gamma': 1.1564072477032368, 'lambda_sparse': 4.79899407645576e-05, 'lr': 0.0407990580163983, 'weight_decay': 0.00010958251053168905}. Best is trial 0 with value: 0.8864336281754386.
/work/dlclarge2/alidemaa-dl_lab/automl/automl-exam-ss25-tabular-freiburg-template/automl-tabular-env/lib/python3.10/site-packages/pytorch_tabnet/callbacks.py:172: UserWarning: Best weights from best epoch are automatically used!
  warnings.warn(wrn_msg)
[I 2025-08-06 02:32:00,418] Trial 6 finished with value: 0.8913676852973011 and parameters: {'n_d': 54, 'n_a': 23, 'n_steps': 3, 'gamma': 1.37719160177214, 'lambda_sparse': 0.00020607278040492047, 'lr': 0.0023272776594750752, 'weight_decay': 0.0005132329267523726}. Best is trial 6 with value: 0.8913676852973011.
/work/dlclarge2/alidemaa-dl_lab/automl/automl-exam-ss25-tabular-freiburg-template/automl-tabular-env/lib/python3.10/site-packages/pytorch_tabnet/callbacks.py:172: UserWarning: Best weights from best epoch are automatically used!
  warnings.warn(wrn_msg)
[I 2025-08-06 02:32:35,199] Trial 7 finished with value: 0.8315507616397013 and parameters: {'n_d': 53, 'n_a': 56, 'n_steps': 5, 'gamma': 1.4264238599060426, 'lambda_sparse': 2.3092316516363576e-05, 'lr': 0.05019509595850523, 'weight_decay': 0.0007304655959273672}. Best is trial 6 with value: 0.8913676852973011.
/work/dlclarge2/alidemaa-dl_lab/automl/automl-exam-ss25-tabular-freiburg-template/automl-tabular-env/lib/python3.10/site-packages/pytorch_tabnet/callbacks.py:172: UserWarning: Best weights from best epoch are automatically used!
  warnings.warn(wrn_msg)
[I 2025-08-06 02:33:37,916] Trial 8 finished with value: -1.834167632898534 and parameters: {'n_d': 27, 'n_a': 27, 'n_steps': 7, 'gamma': 1.3714993202086958, 'lambda_sparse': 0.0003038575157857364, 'lr': 0.00010751995669123262, 'weight_decay': 8.755333618559509e-05}. Best is trial 6 with value: 0.8913676852973011.
/work/dlclarge2/alidemaa-dl_lab/automl/automl-exam-ss25-tabular-freiburg-template/automl-tabular-env/lib/python3.10/site-packages/pytorch_tabnet/callbacks.py:172: UserWarning: Best weights from best epoch are automatically used!
  warnings.warn(wrn_msg)
[I 2025-08-06 02:34:35,934] Trial 9 finished with value: 0.8656045566454846 and parameters: {'n_d': 44, 'n_a': 24, 'n_steps': 8, 'gamma': 1.1542328185907058, 'lambda_sparse': 0.0060456553104952845, 'lr': 0.06081595142245447, 'weight_decay': 4.3143645735274005e-05}. Best is trial 6 with value: 0.8913676852973011.
/work/dlclarge2/alidemaa-dl_lab/automl/automl-exam-ss25-tabular-freiburg-template/automl-tabular-env/lib/python3.10/site-packages/pytorch_tabnet/callbacks.py:172: UserWarning: Best weights from best epoch are automatically used!
  warnings.warn(wrn_msg)
[I 2025-08-06 02:35:14,616] Trial 10 finished with value: 0.9036052267113249 and parameters: {'n_d': 47, 'n_a': 50, 'n_steps': 3, 'gamma': 1.6100644202742778, 'lambda_sparse': 0.0031871361340264494, 'lr': 0.005356322555225445, 'weight_decay': 1.293198304683542e-06}. Best is trial 10 with value: 0.9036052267113249.
/work/dlclarge2/alidemaa-dl_lab/automl/automl-exam-ss25-tabular-freiburg-template/automl-tabular-env/lib/python3.10/site-packages/pytorch_tabnet/callbacks.py:172: UserWarning: Best weights from best epoch are automatically used!
  warnings.warn(wrn_msg)
[I 2025-08-06 02:35:55,977] Trial 11 finished with value: 0.9019992743131515 and parameters: {'n_d': 45, 'n_a': 51, 'n_steps': 3, 'gamma': 1.616989324121387, 'lambda_sparse': 0.003905876993945386, 'lr': 0.0061245226699920136, 'weight_decay': 4.56216449270452e-06}. Best is trial 10 with value: 0.9036052267113249.
/work/dlclarge2/alidemaa-dl_lab/automl/automl-exam-ss25-tabular-freiburg-template/automl-tabular-env/lib/python3.10/site-packages/pytorch_tabnet/callbacks.py:172: UserWarning: Best weights from best epoch are automatically used!
  warnings.warn(wrn_msg)
[I 2025-08-06 02:36:34,268] Trial 12 finished with value: 0.9123756514893149 and parameters: {'n_d': 41, 'n_a': 53, 'n_steps': 3, 'gamma': 1.6520377422244228, 'lambda_sparse': 0.003866832765080467, 'lr': 0.010303922213342342, 'weight_decay': 1.081193558785807e-06}. Best is trial 12 with value: 0.9123756514893149.
/work/dlclarge2/alidemaa-dl_lab/automl/automl-exam-ss25-tabular-freiburg-template/automl-tabular-env/lib/python3.10/site-packages/pytorch_tabnet/callbacks.py:172: UserWarning: Best weights from best epoch are automatically used!
  warnings.warn(wrn_msg)
[I 2025-08-06 02:37:23,673] Trial 13 finished with value: 0.9009998251599424 and parameters: {'n_d': 32, 'n_a': 64, 'n_steps': 4, 'gamma': 1.638878025030518, 'lambda_sparse': 0.0015146867984509578, 'lr': 0.008452727691188435, 'weight_decay': 1.1337312139763296e-06}. Best is trial 12 with value: 0.9123756514893149.
/work/dlclarge2/alidemaa-dl_lab/automl/automl-exam-ss25-tabular-freiburg-template/automl-tabular-env/lib/python3.10/site-packages/pytorch_tabnet/callbacks.py:172: UserWarning: Best weights from best epoch are automatically used!
  warnings.warn(wrn_msg)
[I 2025-08-06 02:38:05,026] Trial 14 finished with value: 0.8792478053781948 and parameters: {'n_d': 42, 'n_a': 48, 'n_steps': 4, 'gamma': 1.9695151296678364, 'lambda_sparse': 0.0012223604952775378, 'lr': 0.017291000445191055, 'weight_decay': 1.0477801010062023e-06}. Best is trial 12 with value: 0.9123756514893149.
/work/dlclarge2/alidemaa-dl_lab/automl/automl-exam-ss25-tabular-freiburg-template/automl-tabular-env/lib/python3.10/site-packages/pytorch_tabnet/callbacks.py:172: UserWarning: Best weights from best epoch are automatically used!
  warnings.warn(wrn_msg)
[I 2025-08-06 02:38:38,929] Trial 15 finished with value: 0.8913894230699095 and parameters: {'n_d': 48, 'n_a': 64, 'n_steps': 3, 'gamma': 1.5669176203988435, 'lambda_sparse': 0.0016386842303997686, 'lr': 0.0015456861822488665, 'weight_decay': 3.47909566433947e-06}. Best is trial 12 with value: 0.9123756514893149.
/work/dlclarge2/alidemaa-dl_lab/automl/automl-exam-ss25-tabular-freiburg-template/automl-tabular-env/lib/python3.10/site-packages/pytorch_tabnet/callbacks.py:172: UserWarning: Best weights from best epoch are automatically used!
  warnings.warn(wrn_msg)
[I 2025-08-06 02:39:19,428] Trial 16 finished with value: 0.85367352795501 and parameters: {'n_d': 36, 'n_a': 45, 'n_steps': 5, 'gamma': 1.7427066596656868, 'lambda_sparse': 0.007943624023899613, 'lr': 0.012930598757039922, 'weight_decay': 1.2526255823125052e-05}. Best is trial 12 with value: 0.9123756514893149.
/work/dlclarge2/alidemaa-dl_lab/automl/automl-exam-ss25-tabular-freiburg-template/automl-tabular-env/lib/python3.10/site-packages/pytorch_tabnet/callbacks.py:172: UserWarning: Best weights from best epoch are automatically used!
  warnings.warn(wrn_msg)
[I 2025-08-06 02:40:03,743] Trial 17 finished with value: 0.9027191823567486 and parameters: {'n_d': 27, 'n_a': 57, 'n_steps': 4, 'gamma': 1.5301583285752502, 'lambda_sparse': 0.0006747319232640258, 'lr': 0.004460405580500947, 'weight_decay': 2.2748869092608614e-06}. Best is trial 12 with value: 0.9123756514893149.
/work/dlclarge2/alidemaa-dl_lab/automl/automl-exam-ss25-tabular-freiburg-template/automl-tabular-env/lib/python3.10/site-packages/pytorch_tabnet/callbacks.py:172: UserWarning: Best weights from best epoch are automatically used!
  warnings.warn(wrn_msg)
[I 2025-08-06 02:41:03,306] Trial 18 finished with value: 0.8664348149534165 and parameters: {'n_d': 36, 'n_a': 34, 'n_steps': 6, 'gamma': 1.6971729408900869, 'lambda_sparse': 0.0036418147629463365, 'lr': 0.021056224725385497, 'weight_decay': 7.89697340220574e-06}. Best is trial 12 with value: 0.9123756514893149.
/work/dlclarge2/alidemaa-dl_lab/automl/automl-exam-ss25-tabular-freiburg-template/automl-tabular-env/lib/python3.10/site-packages/pytorch_tabnet/callbacks.py:172: UserWarning: Best weights from best epoch are automatically used!
  warnings.warn(wrn_msg)
