[I 2025-08-05 17:55:35,188] Trial 36 finished with value: -0.38503900008366665 and parameters: {'learning_rate': 0.019160461640718465, 'depth': 8, 'l2_leaf_reg': 6.004260544971097, 'border_count': 213}. Best is trial 17 with value: -0.392554523596341.
[I 2025-08-05 17:56:01,117] Trial 37 finished with value: -0.38763385807361295 and parameters: {'learning_rate': 0.024153783631167776, 'depth': 10, 'l2_leaf_reg': 4.919424910155775, 'border_count': 143}. Best is trial 17 with value: -0.392554523596341.
[I 2025-08-05 17:56:12,748] Trial 38 finished with value: -0.38687333507001265 and parameters: {'learning_rate': 0.054017552233338505, 'depth': 9, 'l2_leaf_reg': 6.445773275596282, 'border_count': 240}. Best is trial 17 with value: -0.392554523596341.
[I 2025-08-05 17:56:19,035] Trial 39 finished with value: -0.3809739121568281 and parameters: {'learning_rate': 0.015675758761727887, 'depth': 6, 'l2_leaf_reg': 2.479092872735521, 'border_count': 186}. Best is trial 17 with value: -0.392554523596341.
[I 2025-08-05 17:57:33,127] Trial 40 finished with value: -0.38456751376537107 and parameters: {'learning_rate': 0.010702512259365606, 'depth': 11, 'l2_leaf_reg': 7.8700130403622035, 'border_count': 115}. Best is trial 17 with value: -0.392554523596341.
[I 2025-08-05 17:58:00,892] Trial 41 finished with value: -0.38557376861418824 and parameters: {'learning_rate': 0.02913299142975713, 'depth': 10, 'l2_leaf_reg': 7.162856085054894, 'border_count': 165}. Best is trial 17 with value: -0.392554523596341.
[I 2025-08-05 17:58:10,967] Trial 42 finished with value: -0.39035406469338013 and parameters: {'learning_rate': 0.03863462183578533, 'depth': 8, 'l2_leaf_reg': 8.514498146631308, 'border_count': 167}. Best is trial 17 with value: -0.392554523596341.
[I 2025-08-05 17:58:19,661] Trial 43 finished with value: -0.38606674202537045 and parameters: {'learning_rate': 0.03844296002017322, 'depth': 8, 'l2_leaf_reg': 8.481057482663461, 'border_count': 200}. Best is trial 17 with value: -0.392554523596341.
[I 2025-08-05 17:58:27,325] Trial 44 finished with value: -0.38797032211824445 and parameters: {'learning_rate': 0.04666521850250429, 'depth': 8, 'l2_leaf_reg': 9.413383698780713, 'border_count': 149}. Best is trial 17 with value: -0.392554523596341.
[I 2025-08-05 17:58:35,295] Trial 45 finished with value: -0.38604761352336814 and parameters: {'learning_rate': 0.0712318154111799, 'depth': 9, 'l2_leaf_reg': 7.565947627200853, 'border_count': 165}. Best is trial 17 with value: -0.392554523596341.
[I 2025-08-05 17:58:51,151] Trial 46 finished with value: -0.38610952899548934 and parameters: {'learning_rate': 0.033567287606693745, 'depth': 9, 'l2_leaf_reg': 8.978798984527652, 'border_count': 180}. Best is trial 17 with value: -0.392554523596341.
[I 2025-08-05 17:58:57,755] Trial 47 finished with value: -0.38620668052104185 and parameters: {'learning_rate': 0.02769774299261787, 'depth': 7, 'l2_leaf_reg': 6.637108364172282, 'border_count': 123}. Best is trial 17 with value: -0.392554523596341.
[I 2025-08-05 17:59:07,203] Trial 48 finished with value: -0.3848075338529816 and parameters: {'learning_rate': 0.019838330588217327, 'depth': 8, 'l2_leaf_reg': 5.700915128861947, 'border_count': 92}. Best is trial 17 with value: -0.392554523596341.
[I 2025-08-05 17:59:11,826] Trial 49 finished with value: -0.3823834073821321 and parameters: {'learning_rate': 0.043066367785296565, 'depth': 6, 'l2_leaf_reg': 8.499529021873348, 'border_count': 169}. Best is trial 17 with value: -0.392554523596341.
[I 2025-08-05 17:59:23,796] Trial 50 finished with value: -0.39038619533727015 and parameters: {'learning_rate': 0.02615681490202798, 'depth': 10, 'l2_leaf_reg': 7.344546146695974, 'border_count': 35}. Best is trial 17 with value: -0.392554523596341.
[I 2025-08-05 17:59:35,797] Trial 51 finished with value: -0.3892258634931135 and parameters: {'learning_rate': 0.02610776739685159, 'depth': 10, 'l2_leaf_reg': 7.417220597433447, 'border_count': 45}. Best is trial 17 with value: -0.392554523596341.
[I 2025-08-05 17:59:59,800] Trial 52 finished with value: -0.3862885134454459 and parameters: {'learning_rate': 0.02127330239913486, 'depth': 10, 'l2_leaf_reg': 7.798105434425098, 'border_count': 89}. Best is trial 17 with value: -0.392554523596341.
[I 2025-08-05 18:00:09,197] Trial 53 finished with value: -0.38757243308108735 and parameters: {'learning_rate': 0.03249558485369904, 'depth': 9, 'l2_leaf_reg': 7.136455540477178, 'border_count': 68}. Best is trial 17 with value: -0.392554523596341.
[I 2025-08-05 18:00:31,243] Trial 54 finished with value: -0.38601138280959335 and parameters: {'learning_rate': 0.017751197436123342, 'depth': 11, 'l2_leaf_reg': 6.297099427613523, 'border_count': 34}. Best is trial 17 with value: -0.392554523596341.
[I 2025-08-05 18:01:49,191] Trial 55 finished with value: -0.38356651259616864 and parameters: {'learning_rate': 0.01286340126858906, 'depth': 11, 'l2_leaf_reg': 8.072332799359238, 'border_count': 149}. Best is trial 17 with value: -0.392554523596341.
[I 2025-08-05 18:02:23,153] Trial 56 finished with value: -0.38805174716047447 and parameters: {'learning_rate': 0.02685968516897515, 'depth': 10, 'l2_leaf_reg': 6.872536419082191, 'border_count': 207}. Best is trial 17 with value: -0.392554523596341.
[I 2025-08-05 18:02:36,892] Trial 57 finished with value: -0.3890241457655007 and parameters: {'learning_rate': 0.040971533394701325, 'depth': 9, 'l2_leaf_reg': 9.562136829285617, 'border_count': 191}. Best is trial 17 with value: -0.392554523596341.
[I 2025-08-05 18:02:47,189] Trial 58 finished with value: -0.3874160753766788 and parameters: {'learning_rate': 0.029765942798684088, 'depth': 8, 'l2_leaf_reg': 8.512947420809116, 'border_count': 135}. Best is trial 17 with value: -0.392554523596341.
[I 2025-08-05 18:02:54,785] Trial 59 finished with value: -0.3846194126636151 and parameters: {'learning_rate': 0.08627262968587811, 'depth': 9, 'l2_leaf_reg': 7.911152921322225, 'border_count': 179}. Best is trial 17 with value: -0.392554523596341.
[I 2025-08-05 18:03:07,097] Trial 60 finished with value: -0.37351405198168064 and parameters: {'learning_rate': 0.23796790723092823, 'depth': 11, 'l2_leaf_reg': 5.025695369493145, 'border_count': 172}. Best is trial 17 with value: -0.392554523596341.
[I 2025-08-05 18:03:20,708] Trial 61 finished with value: -0.38538621297586173 and parameters: {'learning_rate': 0.025209263872096675, 'depth': 10, 'l2_leaf_reg': 7.529867750517298, 'border_count': 53}. Best is trial 17 with value: -0.392554523596341.
[I 2025-08-05 18:03:32,012] Trial 62 finished with value: -0.38698549424019746 and parameters: {'learning_rate': 0.02225571803725601, 'depth': 10, 'l2_leaf_reg': 7.20173038047678, 'border_count': 33}. Best is trial 17 with value: -0.392554523596341.
[I 2025-08-05 18:03:41,876] Trial 63 finished with value: -0.38885961316022455 and parameters: {'learning_rate': 0.03518170115972003, 'depth': 10, 'l2_leaf_reg': 6.69321827173866, 'border_count': 47}. Best is trial 17 with value: -0.392554523596341.
[I 2025-08-05 18:03:56,778] Trial 64 finished with value: -0.3863225120872485 and parameters: {'learning_rate': 0.027342829290772284, 'depth': 10, 'l2_leaf_reg': 7.482537960110095, 'border_count': 61}. Best is trial 17 with value: -0.392554523596341.
[I 2025-08-05 18:04:03,986] Trial 65 finished with value: -0.3832218651128167 and parameters: {'learning_rate': 0.051824223397457216, 'depth': 9, 'l2_leaf_reg': 6.186081557986411, 'border_count': 84}. Best is trial 17 with value: -0.392554523596341.
[I 2025-08-05 18:04:17,842] Trial 66 finished with value: -0.3872792878174449 and parameters: {'learning_rate': 0.030569622432557914, 'depth': 11, 'l2_leaf_reg': 4.3312139032998465, 'border_count': 38}. Best is trial 17 with value: -0.392554523596341.
[I 2025-08-05 18:04:47,182] Trial 67 finished with value: -0.38800786521826713 and parameters: {'learning_rate': 0.02492529461963815, 'depth': 10, 'l2_leaf_reg': 5.778595668659855, 'border_count': 153}. Best is trial 17 with value: -0.392554523596341.
[I 2025-08-05 18:05:05,585] Trial 68 finished with value: -0.3877185799469154 and parameters: {'learning_rate': 0.06119462426833592, 'depth': 10, 'l2_leaf_reg': 8.260492588800668, 'border_count': 162}. Best is trial 17 with value: -0.392554523596341.
[I 2025-08-05 18:05:20,190] Trial 69 finished with value: -0.3852417952593341 and parameters: {'learning_rate': 0.020897161652211907, 'depth': 9, 'l2_leaf_reg': 8.702500936903288, 'border_count': 77}. Best is trial 17 with value: -0.392554523596341.
[I 2025-08-05 18:06:12,763] Trial 70 finished with value: -0.3908515484929077 and parameters: {'learning_rate': 0.036350380975824305, 'depth': 11, 'l2_leaf_reg': 7.0343053018893595, 'border_count': 138}. Best is trial 17 with value: -0.392554523596341.
[I 2025-08-05 18:06:54,319] Trial 71 finished with value: -0.3806904007853948 and parameters: {'learning_rate': 0.037604966447190094, 'depth': 12, 'l2_leaf_reg': 6.571424776257567, 'border_count': 56}. Best is trial 17 with value: -0.392554523596341.
[I 2025-08-05 18:07:29,973] Trial 72 finished with value: -0.3858733596346678 and parameters: {'learning_rate': 0.04440432440528193, 'depth': 11, 'l2_leaf_reg': 7.461701259464829, 'border_count': 105}. Best is trial 17 with value: -0.392554523596341.
[I 2025-08-05 18:08:29,077] Trial 73 finished with value: -0.3895296649480597 and parameters: {'learning_rate': 0.03494616085530875, 'depth': 11, 'l2_leaf_reg': 6.956525581034878, 'border_count': 235}. Best is trial 17 with value: -0.392554523596341.
[I 2025-08-05 18:10:11,912] Trial 74 finished with value: -0.3869945591444699 and parameters: {'learning_rate': 0.03481224848604676, 'depth': 12, 'l2_leaf_reg': 6.868693410200122, 'border_count': 233}. Best is trial 17 with value: -0.392554523596341.
[I 2025-08-05 18:11:03,692] Trial 75 finished with value: -0.38728173473223587 and parameters: {'learning_rate': 0.04064933488860427, 'depth': 11, 'l2_leaf_reg': 7.1091342207640995, 'border_count': 216}. Best is trial 17 with value: -0.392554523596341.
[I 2025-08-05 18:12:19,484] Trial 76 finished with value: -0.38725085032701556 and parameters: {'learning_rate': 0.023222104832253558, 'depth': 11, 'l2_leaf_reg': 7.998132691503456, 'border_count': 245}. Best is trial 17 with value: -0.392554523596341.
[I 2025-08-05 18:13:31,435] Trial 77 finished with value: -0.38311036181238967 and parameters: {'learning_rate': 0.048940422149341106, 'depth': 12, 'l2_leaf_reg': 6.261926973773104, 'border_count': 175}. Best is trial 17 with value: -0.392554523596341.
[I 2025-08-05 18:14:20,098] Trial 78 finished with value: -0.3874940674938313 and parameters: {'learning_rate': 0.03133761240137578, 'depth': 11, 'l2_leaf_reg': 6.8850965777699145, 'border_count': 139}. Best is trial 17 with value: -0.392554523596341.
[I 2025-08-05 18:14:32,470] Trial 79 finished with value: -0.3846245928689133 and parameters: {'learning_rate': 0.018266872190962045, 'depth': 8, 'l2_leaf_reg': 5.279591808139939, 'border_count': 222}. Best is trial 17 with value: -0.392554523596341.
[I 2025-08-05 18:14:35,175] Trial 80 finished with value: -0.375263776776119 and parameters: {'learning_rate': 0.06038901730385227, 'depth': 4, 'l2_leaf_reg': 7.633340957862242, 'border_count': 191}. Best is trial 17 with value: -0.392554523596341.
[I 2025-08-05 18:15:10,311] Trial 81 finished with value: -0.38666353192802844 and parameters: {'learning_rate': 0.02558950093212098, 'depth': 10, 'l2_leaf_reg': 7.329952695806435, 'border_count': 209}. Best is trial 17 with value: -0.392554523596341.
[I 2025-08-05 18:15:20,996] Trial 82 finished with value: -0.3895279158797351 and parameters: {'learning_rate': 0.029322715787360957, 'depth': 10, 'l2_leaf_reg': 7.723844499690962, 'border_count': 42}. Best is trial 17 with value: -0.392554523596341.
[I 2025-08-05 18:15:47,999] Trial 83 finished with value: -0.38566287830685536 and parameters: {'learning_rate': 0.029142992836439414, 'depth': 10, 'l2_leaf_reg': 7.762704257086019, 'border_count': 156}. Best is trial 17 with value: -0.392554523596341.
[I 2025-08-05 18:16:13,212] Trial 84 finished with value: -0.3891205511877577 and parameters: {'learning_rate': 0.03643773323032663, 'depth': 10, 'l2_leaf_reg': 7.086434965326651, 'border_count': 182}. Best is trial 17 with value: -0.392554523596341.
[I 2025-08-05 18:17:02,325] Trial 85 finished with value: -0.38701162603682543 and parameters: {'learning_rate': 0.03336433515175207, 'depth': 11, 'l2_leaf_reg': 1.5781516344661872, 'border_count': 254}. Best is trial 17 with value: -0.392554523596341.
[I 2025-08-05 18:17:21,303] Trial 86 finished with value: -0.3878824291727164 and parameters: {'learning_rate': 0.020392202795255634, 'depth': 9, 'l2_leaf_reg': 6.481599170317965, 'border_count': 166}. Best is trial 17 with value: -0.392554523596341.
[I 2025-08-05 18:18:19,316] Trial 87 finished with value: -0.38726828621881254 and parameters: {'learning_rate': 0.02316388699454613, 'depth': 11, 'l2_leaf_reg': 8.185126780352387, 'border_count': 119}. Best is trial 17 with value: -0.392554523596341.
[I 2025-08-05 18:18:35,976] Trial 88 finished with value: -0.38852118050483364 and parameters: {'learning_rate': 0.028417190080781266, 'depth': 9, 'l2_leaf_reg': 8.823806695111346, 'border_count': 204}. Best is trial 17 with value: -0.392554523596341.
[I 2025-08-05 18:19:16,664] Trial 89 finished with value: -0.38530687205813113 and parameters: {'learning_rate': 0.01613269806412806, 'depth': 10, 'l2_leaf_reg': 7.6813754323067585, 'border_count': 195}. Best is trial 17 with value: -0.392554523596341.
[I 2025-08-05 18:19:23,156] Trial 90 finished with value: -0.38811499173725916 and parameters: {'learning_rate': 0.04012692681577006, 'depth': 7, 'l2_leaf_reg': 8.450823332385788, 'border_count': 146}. Best is trial 17 with value: -0.392554523596341.
[I 2025-08-05 18:19:34,047] Trial 91 finished with value: -0.38616483184847405 and parameters: {'learning_rate': 0.02599496851271562, 'depth': 10, 'l2_leaf_reg': 7.2613029730558365, 'border_count': 45}. Best is trial 17 with value: -0.392554523596341.
[I 2025-08-05 18:19:42,213] Trial 92 finished with value: -0.38413711466944045 and parameters: {'learning_rate': 0.03264873622010594, 'depth': 10, 'l2_leaf_reg': 7.349703588279462, 'border_count': 41}. Best is trial 17 with value: -0.392554523596341.
[I 2025-08-05 18:20:31,063] Trial 93 finished with value: -0.38914676944658577 and parameters: {'learning_rate': 0.044941051245425995, 'depth': 11, 'l2_leaf_reg': 6.8116043118772, 'border_count': 234}. Best is trial 17 with value: -0.392554523596341.
[I 2025-08-05 18:20:37,864] Trial 94 finished with value: -0.3817153549548162 and parameters: {'learning_rate': 0.030731739483214712, 'depth': 9, 'l2_leaf_reg': 8.00136742861792, 'border_count': 50}. Best is trial 17 with value: -0.392554523596341.
[I 2025-08-05 18:20:54,663] Trial 95 finished with value: -0.38867080836927903 and parameters: {'learning_rate': 0.022383361682327768, 'depth': 10, 'l2_leaf_reg': 6.072552204637816, 'border_count': 65}. Best is trial 17 with value: -0.392554523596341.
[I 2025-08-05 18:21:04,801] Trial 96 finished with value: -0.38840928008463177 and parameters: {'learning_rate': 0.02729778362245887, 'depth': 8, 'l2_leaf_reg': 6.977469390146886, 'border_count': 171}. Best is trial 17 with value: -0.392554523596341.
[I 2025-08-05 18:21:15,290] Trial 97 finished with value: -0.38422543661941655 and parameters: {'learning_rate': 0.03784883912087407, 'depth': 10, 'l2_leaf_reg': 7.476545289221108, 'border_count': 59}. Best is trial 17 with value: -0.392554523596341.
[I 2025-08-05 18:22:13,127] Trial 98 finished with value: -0.3876792324564315 and parameters: {'learning_rate': 0.023796416683210784, 'depth': 11, 'l2_leaf_reg': 6.477822624059459, 'border_count': 151}. Best is trial 17 with value: -0.392554523596341.
[I 2025-08-05 18:22:22,734] Trial 99 finished with value: -0.38775609802938543 and parameters: {'learning_rate': 0.01940722744066724, 'depth': 9, 'l2_leaf_reg': 7.848708424810815, 'border_count': 40}. Best is trial 17 with value: -0.392554523596341.
[I 2025-08-05 18:22:50,883] Trial 100 finished with value: -0.38950478044380643 and parameters: {'learning_rate': 0.028333277347763714, 'depth': 10, 'l2_leaf_reg': 5.703297431205451, 'border_count': 161}. Best is trial 17 with value: -0.392554523596341.
[I 2025-08-05 18:23:14,211] Trial 101 finished with value: -0.38807443817334397 and parameters: {'learning_rate': 0.03550252969977292, 'depth': 10, 'l2_leaf_reg': 5.686782832748021, 'border_count': 164}. Best is trial 17 with value: -0.392554523596341.
[I 2025-08-05 18:23:40,406] Trial 102 finished with value: -0.38727629866126184 and parameters: {'learning_rate': 0.029241783019101693, 'depth': 10, 'l2_leaf_reg': 6.76763939053508, 'border_count': 160}. Best is trial 17 with value: -0.392554523596341.
[I 2025-08-05 18:24:16,856] Trial 103 finished with value: -0.38560510916527363 and parameters: {'learning_rate': 0.017265706376953623, 'depth': 10, 'l2_leaf_reg': 9.316113893385543, 'border_count': 176}. Best is trial 17 with value: -0.392554523596341.
[I 2025-08-05 18:24:47,295] Trial 104 finished with value: -0.38901417408643696 and parameters: {'learning_rate': 0.026297136971608695, 'depth': 10, 'l2_leaf_reg': 5.894010449949171, 'border_count': 185}. Best is trial 17 with value: -0.392554523596341.
[I 2025-08-05 18:25:41,323] Trial 105 finished with value: -0.3854935777339447 and parameters: {'learning_rate': 0.03200747667680512, 'depth': 11, 'l2_leaf_reg': 7.352654924239742, 'border_count': 170}. Best is trial 17 with value: -0.392554523596341.
[I 2025-08-05 18:25:59,247] Trial 106 finished with value: -0.3910732804470757 and parameters: {'learning_rate': 0.02428476612897685, 'depth': 9, 'l2_leaf_reg': 7.039368015764255, 'border_count': 155}. Best is trial 17 with value: -0.392554523596341.
[I 2025-08-05 18:26:06,236] Trial 107 finished with value: -0.3889601281876228 and parameters: {'learning_rate': 0.042223866148128904, 'depth': 8, 'l2_leaf_reg': 5.46294173964737, 'border_count': 128}. Best is trial 17 with value: -0.392554523596341.
[I 2025-08-05 18:26:22,078] Trial 108 finished with value: -0.39098887816978045 and parameters: {'learning_rate': 0.024215664081674457, 'depth': 9, 'l2_leaf_reg': 6.584943987285705, 'border_count': 137}. Best is trial 17 with value: -0.392554523596341.
[I 2025-08-05 18:26:39,825] Trial 109 finished with value: -0.3898368917501863 and parameters: {'learning_rate': 0.02161358968950168, 'depth': 9, 'l2_leaf_reg': 6.386866735563333, 'border_count': 139}. Best is trial 17 with value: -0.392554523596341.
[I 2025-08-05 18:26:57,037] Trial 110 finished with value: -0.3905609841675334 and parameters: {'learning_rate': 0.021668494870030763, 'depth': 9, 'l2_leaf_reg': 6.566100529868451, 'border_count': 147}. Best is trial 17 with value: -0.392554523596341.
[I 2025-08-05 18:27:13,695] Trial 111 finished with value: -0.38865598761363485 and parameters: {'learning_rate': 0.02021565164170531, 'depth': 9, 'l2_leaf_reg': 6.423388849414158, 'border_count': 132}. Best is trial 17 with value: -0.392554523596341.
[I 2025-08-05 18:27:33,161] Trial 112 finished with value: -0.38527769186624145 and parameters: {'learning_rate': 0.014616843170460135, 'depth': 9, 'l2_leaf_reg': 6.6435691168844695, 'border_count': 139}. Best is trial 17 with value: -0.392554523596341.
[I 2025-08-05 18:27:43,597] Trial 113 finished with value: -0.3887171591829707 and parameters: {'learning_rate': 0.02448971533387349, 'depth': 8, 'l2_leaf_reg': 6.2338198919973, 'border_count': 144}. Best is trial 17 with value: -0.392554523596341.
[I 2025-08-05 18:28:00,748] Trial 114 finished with value: -0.38599642881063584 and parameters: {'learning_rate': 0.021438295071665, 'depth': 9, 'l2_leaf_reg': 7.033598162935229, 'border_count': 137}. Best is trial 17 with value: -0.392554523596341.
[I 2025-08-05 18:28:12,115] Trial 115 finished with value: -0.38753630131638145 and parameters: {'learning_rate': 0.01796790802562844, 'depth': 8, 'l2_leaf_reg': 6.6430217381892, 'border_count': 155}. Best is trial 17 with value: -0.392554523596341.
[I 2025-08-05 18:28:27,498] Trial 116 finished with value: -0.3880392753039068 and parameters: {'learning_rate': 0.021502784371839362, 'depth': 9, 'l2_leaf_reg': 6.00057501690843, 'border_count': 129}. Best is trial 17 with value: -0.392554523596341.
[I 2025-08-05 18:28:44,830] Trial 117 finished with value: -0.3885290405931589 and parameters: {'learning_rate': 0.019223729738793213, 'depth': 9, 'l2_leaf_reg': 6.376114493174104, 'border_count': 123}. Best is trial 17 with value: -0.392554523596341.
[I 2025-08-05 18:28:59,542] Trial 118 finished with value: -0.3850413209021172 and parameters: {'learning_rate': 0.02354157561807478, 'depth': 9, 'l2_leaf_reg': 6.966239762053107, 'border_count': 104}. Best is trial 17 with value: -0.392554523596341.
[I 2025-08-05 18:29:11,643] Trial 119 finished with value: -0.38658833150703903 and parameters: {'learning_rate': 0.033814345540723614, 'depth': 9, 'l2_leaf_reg': 6.157456617691433, 'border_count': 148}. Best is trial 17 with value: -0.392554523596341.
[I 2025-08-05 18:29:20,947] Trial 120 finished with value: -0.3873319951489614 and parameters: {'learning_rate': 0.030584174121637872, 'depth': 8, 'l2_leaf_reg': 7.636194909163692, 'border_count': 152}. Best is trial 17 with value: -0.392554523596341.
[I 2025-08-05 18:29:35,225] Trial 121 finished with value: -0.3861189429632347 and parameters: {'learning_rate': 0.02818284838427748, 'depth': 9, 'l2_leaf_reg': 5.783105995280496, 'border_count': 145}. Best is trial 17 with value: -0.392554523596341.
[I 2025-08-05 18:29:50,566] Trial 122 finished with value: -0.3875062232280693 and parameters: {'learning_rate': 0.02573604795209115, 'depth': 9, 'l2_leaf_reg': 6.756960382513032, 'border_count': 158}. Best is trial 17 with value: -0.392554523596341.
