[I 2025-08-04 21:51:06,900] Trial 136 finished with value: -0.9301184684215787 and parameters: {'learning_rate': 0.026709936881564308, 'num_leaves': 57, 'max_depth': 9, 'min_child_samples': 17, 'feature_fraction': 0.8064217983097772, 'bagging_fraction': 0.6770114094113384, 'reg_alpha': 1.8355057905231593, 'reg_lambda': 0.06916767742440677}. Best is trial 47 with value: -0.9335925141942159.
[I 2025-08-04 21:51:13,505] Trial 137 finished with value: -0.9324072167545486 and parameters: {'learning_rate': 0.029960597731951637, 'num_leaves': 30, 'max_depth': 8, 'min_child_samples': 12, 'feature_fraction': 0.8764285704799476, 'bagging_fraction': 0.7137546074545713, 'reg_alpha': 1.1654391406736686, 'reg_lambda': 0.041179645466203486}. Best is trial 47 with value: -0.9335925141942159.
[I 2025-08-04 21:51:21,125] Trial 138 finished with value: -0.9313496849287646 and parameters: {'learning_rate': 0.035955876006685566, 'num_leaves': 43, 'max_depth': 8, 'min_child_samples': 15, 'feature_fraction': 0.7721837834162765, 'bagging_fraction': 0.7107246786540845, 'reg_alpha': 0.8654774351047633, 'reg_lambda': 0.03416734540244106}. Best is trial 47 with value: -0.9335925141942159.
[I 2025-08-04 21:51:25,434] Trial 139 finished with value: -0.9303919385167061 and parameters: {'learning_rate': 0.02969392864717183, 'num_leaves': 15, 'max_depth': 8, 'min_child_samples': 12, 'feature_fraction': 0.8352024412751217, 'bagging_fraction': 0.729834459962339, 'reg_alpha': 7.792314399310904, 'reg_lambda': 0.005110224768949741}. Best is trial 47 with value: -0.9335925141942159.
[I 2025-08-04 21:51:31,167] Trial 140 finished with value: -0.9296781765678551 and parameters: {'learning_rate': 0.024559486694988083, 'num_leaves': 23, 'max_depth': 9, 'min_child_samples': 19, 'feature_fraction': 0.8810694240763124, 'bagging_fraction': 0.7010406919958344, 'reg_alpha': 3.2878361307804487, 'reg_lambda': 0.05873362080076683}. Best is trial 47 with value: -0.9335925141942159.
[I 2025-08-04 21:51:37,851] Trial 141 finished with value: -0.9330387104973186 and parameters: {'learning_rate': 0.03393229737396841, 'num_leaves': 32, 'max_depth': 7, 'min_child_samples': 10, 'feature_fraction': 0.894299640089489, 'bagging_fraction': 0.6950812300078502, 'reg_alpha': 1.117756503069952, 'reg_lambda': 0.11729398146168855}. Best is trial 47 with value: -0.9335925141942159.
[I 2025-08-04 21:51:44,970] Trial 142 finished with value: -0.9323640698338156 and parameters: {'learning_rate': 0.03075534142320165, 'num_leaves': 35, 'max_depth': 7, 'min_child_samples': 12, 'feature_fraction': 0.8957975621469318, 'bagging_fraction': 0.7092544209536423, 'reg_alpha': 1.0912725338690172, 'reg_lambda': 0.19170543001191043}. Best is trial 47 with value: -0.9335925141942159.
[I 2025-08-04 21:51:52,769] Trial 143 finished with value: -0.93228945520622 and parameters: {'learning_rate': 0.033351649858618077, 'num_leaves': 39, 'max_depth': 8, 'min_child_samples': 13, 'feature_fraction': 0.9144265484309638, 'bagging_fraction': 0.6945337974001659, 'reg_alpha': 1.3072612531334906, 'reg_lambda': 0.1959849233078355}. Best is trial 47 with value: -0.9335925141942159.
[I 2025-08-04 21:52:01,207] Trial 144 finished with value: -0.9311744360181804 and parameters: {'learning_rate': 0.033536228739973487, 'num_leaves': 51, 'max_depth': 8, 'min_child_samples': 13, 'feature_fraction': 0.8964835870871073, 'bagging_fraction': 0.6939850370929211, 'reg_alpha': 0.4260554364771047, 'reg_lambda': 0.20515157465310488}. Best is trial 47 with value: -0.9335925141942159.
[I 2025-08-04 21:52:08,488] Trial 145 finished with value: -0.9320575927830432 and parameters: {'learning_rate': 0.03803640294169992, 'num_leaves': 39, 'max_depth': 8, 'min_child_samples': 15, 'feature_fraction': 0.9086252044155925, 'bagging_fraction': 0.6640716741740385, 'reg_alpha': 1.1603278925815221, 'reg_lambda': 0.08812905772848695}. Best is trial 47 with value: -0.9335925141942159.
[I 2025-08-04 21:52:16,352] Trial 146 finished with value: -0.9314660032410499 and parameters: {'learning_rate': 0.03737395553096273, 'num_leaves': 45, 'max_depth': 8, 'min_child_samples': 14, 'feature_fraction': 0.9026780140397903, 'bagging_fraction': 0.6673415680278627, 'reg_alpha': 1.1226743304892148, 'reg_lambda': 0.07993263096012374}. Best is trial 47 with value: -0.9335925141942159.
[I 2025-08-04 21:52:22,555] Trial 147 finished with value: -0.9323693098460405 and parameters: {'learning_rate': 0.045647433306498474, 'num_leaves': 30, 'max_depth': 8, 'min_child_samples': 17, 'feature_fraction': 0.9124618209133789, 'bagging_fraction': 0.6562212323805172, 'reg_alpha': 0.48341746021903076, 'reg_lambda': 0.12114806562539922}. Best is trial 47 with value: -0.9335925141942159.
[I 2025-08-04 21:52:29,237] Trial 148 finished with value: -0.931623566891791 and parameters: {'learning_rate': 0.030806800925002504, 'num_leaves': 30, 'max_depth': 9, 'min_child_samples': 17, 'feature_fraction': 0.9136501850774947, 'bagging_fraction': 0.6155430334849871, 'reg_alpha': 0.19447010775749218, 'reg_lambda': 0.15426429132620934}. Best is trial 47 with value: -0.9335925141942159.
[I 2025-08-04 21:52:34,975] Trial 149 finished with value: -0.9329203360684089 and parameters: {'learning_rate': 0.04788846120424475, 'num_leaves': 25, 'max_depth': 9, 'min_child_samples': 12, 'feature_fraction': 0.9202726516452251, 'bagging_fraction': 0.6859668072598535, 'reg_alpha': 0.4994352780869922, 'reg_lambda': 0.05079039460398434}. Best is trial 47 with value: -0.9335925141942159.
2025-08-04 21:52:36 [INFO] Model selection complete. Validation metrics: {'val_catboost': 0.9174347881230897, 'val_lightgbm': 0.9094858848971265, 'val_ensemble': 0.9168376621272787}
2025-08-04 21:52:36 [INFO] Selected best model 'catboost' with validation R²=0.9174
2025-08-04 21:52:36 [INFO] Retraining best model 'catboost' on full dataset
2025-08-04 21:52:37 [INFO] Retraining completed in 1.48s
2025-08-04 21:52:37 [INFO] Saved final model to '/work/dlclarge2/alidemaa-dl_lab/automl/automl-exam-ss25-tabular-freiburg-template/modelsFinal-exam/final_catboost.pkl'
2025-08-04 21:52:37 [INFO] Tree-based → /work/dlclarge2/alidemaa-dl_lab/automl/automl-exam-ss25-tabular-freiburg-template/modelsFinal-exam/final_catboost.pkl (R²=0.9174)
2025-08-04 21:52:37 [INFO] Training TabNet model...
[I 2025-08-04 21:52:40,875] A new study created in memory with name: no-name-7e3a5830-90c6-4c6c-ab55-0822c05338da
/work/dlclarge2/alidemaa-dl_lab/automl/automl-exam-ss25-tabular-freiburg-template/automl-tabular-env/lib/python3.10/site-packages/pytorch_tabnet/callbacks.py:172: UserWarning: Best weights from best epoch are automatically used!
  warnings.warn(wrn_msg)
[I 2025-08-04 21:54:30,948] Trial 0 finished with value: 0.8256311914014975 and parameters: {'n_d': 53, 'n_a': 58, 'n_steps': 8, 'gamma': 1.2213660461590372, 'lambda_sparse': 7.732664212538494e-05, 'lr': 0.0014141525491467909, 'weight_decay': 5.7131086718714545e-05}. Best is trial 0 with value: 0.8256311914014975.
/work/dlclarge2/alidemaa-dl_lab/automl/automl-exam-ss25-tabular-freiburg-template/automl-tabular-env/lib/python3.10/site-packages/pytorch_tabnet/callbacks.py:172: UserWarning: Best weights from best epoch are automatically used!
  warnings.warn(wrn_msg)
[I 2025-08-04 21:56:32,910] Trial 1 finished with value: 0.7321256156848357 and parameters: {'n_d': 15, 'n_a': 51, 'n_steps': 9, 'gamma': 1.4265979596267115, 'lambda_sparse': 0.001522487163436047, 'lr': 0.00041452689067054456, 'weight_decay': 1.4223077442209994e-05}. Best is trial 0 with value: 0.8256311914014975.
/work/dlclarge2/alidemaa-dl_lab/automl/automl-exam-ss25-tabular-freiburg-template/automl-tabular-env/lib/python3.10/site-packages/pytorch_tabnet/callbacks.py:172: UserWarning: Best weights from best epoch are automatically used!
  warnings.warn(wrn_msg)
[I 2025-08-04 21:58:45,299] Trial 2 finished with value: 0.7830351144240245 and parameters: {'n_d': 38, 'n_a': 15, 'n_steps': 10, 'gamma': 1.4518794981471563, 'lambda_sparse': 0.004636310600523158, 'lr': 0.0021469267561868787, 'weight_decay': 4.275497307469431e-05}. Best is trial 0 with value: 0.8256311914014975.
/work/dlclarge2/alidemaa-dl_lab/automl/automl-exam-ss25-tabular-freiburg-template/automl-tabular-env/lib/python3.10/site-packages/pytorch_tabnet/callbacks.py:172: UserWarning: Best weights from best epoch are automatically used!
  warnings.warn(wrn_msg)
[I 2025-08-04 22:00:14,749] Trial 3 finished with value: 0.47277175050220466 and parameters: {'n_d': 11, 'n_a': 14, 'n_steps': 6, 'gamma': 1.9811977850113207, 'lambda_sparse': 1.2715208266146244e-05, 'lr': 0.0002534067257346498, 'weight_decay': 0.000175633709615003}. Best is trial 0 with value: 0.8256311914014975.
/work/dlclarge2/alidemaa-dl_lab/automl/automl-exam-ss25-tabular-freiburg-template/automl-tabular-env/lib/python3.10/site-packages/pytorch_tabnet/callbacks.py:172: UserWarning: Best weights from best epoch are automatically used!
  warnings.warn(wrn_msg)
[I 2025-08-04 22:01:22,462] Trial 4 finished with value: 0.8856025095289205 and parameters: {'n_d': 39, 'n_a': 12, 'n_steps': 3, 'gamma': 1.6240915968442948, 'lambda_sparse': 0.006267466958808385, 'lr': 0.01764284645753476, 'weight_decay': 0.0002160957717603248}. Best is trial 4 with value: 0.8856025095289205.
/work/dlclarge2/alidemaa-dl_lab/automl/automl-exam-ss25-tabular-freiburg-template/automl-tabular-env/lib/python3.10/site-packages/pytorch_tabnet/callbacks.py:172: UserWarning: Best weights from best epoch are automatically used!
  warnings.warn(wrn_msg)
[I 2025-08-04 22:03:01,517] Trial 5 finished with value: 0.8097133757112249 and parameters: {'n_d': 30, 'n_a': 45, 'n_steps': 7, 'gamma': 1.7961653152467532, 'lambda_sparse': 0.000948032073025328, 'lr': 0.0013815391942702691, 'weight_decay': 2.421850479911104e-05}. Best is trial 4 with value: 0.8856025095289205.
/work/dlclarge2/alidemaa-dl_lab/automl/automl-exam-ss25-tabular-freiburg-template/automl-tabular-env/lib/python3.10/site-packages/pytorch_tabnet/callbacks.py:172: UserWarning: Best weights from best epoch are automatically used!
  warnings.warn(wrn_msg)
[I 2025-08-04 22:04:22,434] Trial 6 finished with value: 0.8788087049471154 and parameters: {'n_d': 40, 'n_a': 30, 'n_steps': 4, 'gamma': 1.6955033219488642, 'lambda_sparse': 2.344102421375335e-05, 'lr': 0.0019053718463678307, 'weight_decay': 1.4123616388177262e-06}. Best is trial 4 with value: 0.8856025095289205.
/work/dlclarge2/alidemaa-dl_lab/automl/automl-exam-ss25-tabular-freiburg-template/automl-tabular-env/lib/python3.10/site-packages/pytorch_tabnet/callbacks.py:172: UserWarning: Best weights from best epoch are automatically used!
  warnings.warn(wrn_msg)
[I 2025-08-04 22:06:34,118] Trial 7 finished with value: 0.7332997208184381 and parameters: {'n_d': 36, 'n_a': 32, 'n_steps': 10, 'gamma': 1.9292684903302049, 'lambda_sparse': 6.532590570913245e-05, 'lr': 0.001978101869433676, 'weight_decay': 1.4956474970823214e-06}. Best is trial 4 with value: 0.8856025095289205.
/work/dlclarge2/alidemaa-dl_lab/automl/automl-exam-ss25-tabular-freiburg-template/automl-tabular-env/lib/python3.10/site-packages/pytorch_tabnet/callbacks.py:172: UserWarning: Best weights from best epoch are automatically used!
  warnings.warn(wrn_msg)
[I 2025-08-04 22:07:08,360] Trial 8 finished with value: -73.16642108038619 and parameters: {'n_d': 44, 'n_a': 37, 'n_steps': 8, 'gamma': 1.5258815534965449, 'lambda_sparse': 3.5981549448065835e-05, 'lr': 0.0006749320857879367, 'weight_decay': 1.6397488362947303e-05}. Best is trial 4 with value: 0.8856025095289205.
/work/dlclarge2/alidemaa-dl_lab/automl/automl-exam-ss25-tabular-freiburg-template/automl-tabular-env/lib/python3.10/site-packages/pytorch_tabnet/callbacks.py:172: UserWarning: Best weights from best epoch are automatically used!
  warnings.warn(wrn_msg)
[I 2025-08-04 22:08:16,902] Trial 9 finished with value: 0.9002163527808135 and parameters: {'n_d': 63, 'n_a': 8, 'n_steps': 3, 'gamma': 1.181799218664192, 'lambda_sparse': 0.00024092541185004776, 'lr': 0.05403698723806885, 'weight_decay': 1.1309586887304667e-06}. Best is trial 9 with value: 0.9002163527808135.
/work/dlclarge2/alidemaa-dl_lab/automl/automl-exam-ss25-tabular-freiburg-template/automl-tabular-env/lib/python3.10/site-packages/pytorch_tabnet/callbacks.py:172: UserWarning: Best weights from best epoch are automatically used!
  warnings.warn(wrn_msg)
[I 2025-08-04 22:09:39,526] Trial 10 finished with value: 0.8580360307436076 and parameters: {'n_d': 63, 'n_a': 24, 'n_steps': 5, 'gamma': 1.0102932271921525, 'lambda_sparse': 0.00027047608873814955, 'lr': 0.08863122870685035, 'weight_decay': 0.0009773592440684026}. Best is trial 9 with value: 0.9002163527808135.
/work/dlclarge2/alidemaa-dl_lab/automl/automl-exam-ss25-tabular-freiburg-template/automl-tabular-env/lib/python3.10/site-packages/pytorch_tabnet/callbacks.py:172: UserWarning: Best weights from best epoch are automatically used!
  warnings.warn(wrn_msg)
[I 2025-08-04 22:10:50,472] Trial 11 finished with value: 0.8931452020004639 and parameters: {'n_d': 64, 'n_a': 9, 'n_steps': 3, 'gamma': 1.2255149422723022, 'lambda_sparse': 0.008009845616793368, 'lr': 0.026482374666234237, 'weight_decay': 0.0003377293040432661}. Best is trial 9 with value: 0.9002163527808135.
/work/dlclarge2/alidemaa-dl_lab/automl/automl-exam-ss25-tabular-freiburg-template/automl-tabular-env/lib/python3.10/site-packages/pytorch_tabnet/callbacks.py:172: UserWarning: Best weights from best epoch are automatically used!
  warnings.warn(wrn_msg)
[I 2025-08-04 22:11:58,066] Trial 12 finished with value: 0.9142941274298396 and parameters: {'n_d': 64, 'n_a': 9, 'n_steps': 3, 'gamma': 1.2193122183238618, 'lambda_sparse': 0.0002549511155838312, 'lr': 0.015038954051043553, 'weight_decay': 4.187110698822661e-06}. Best is trial 12 with value: 0.9142941274298396.
/work/dlclarge2/alidemaa-dl_lab/automl/automl-exam-ss25-tabular-freiburg-template/automl-tabular-env/lib/python3.10/site-packages/pytorch_tabnet/callbacks.py:172: UserWarning: Best weights from best epoch are automatically used!
  warnings.warn(wrn_msg)
[I 2025-08-04 22:13:17,280] Trial 13 finished with value: 0.8973747133275051 and parameters: {'n_d': 53, 'n_a': 21, 'n_steps': 5, 'gamma': 1.2019346982437715, 'lambda_sparse': 0.00022752043926716872, 'lr': 0.00990923626015814, 'weight_decay': 3.3815333252694685e-06}. Best is trial 12 with value: 0.9142941274298396.
/work/dlclarge2/alidemaa-dl_lab/automl/automl-exam-ss25-tabular-freiburg-template/automl-tabular-env/lib/python3.10/site-packages/pytorch_tabnet/callbacks.py:172: UserWarning: Best weights from best epoch are automatically used!
  warnings.warn(wrn_msg)
[I 2025-08-04 22:14:40,627] Trial 14 finished with value: 0.8872203459844579 and parameters: {'n_d': 55, 'n_a': 21, 'n_steps': 4, 'gamma': 1.0020636306066906, 'lambda_sparse': 0.0007174975191161939, 'lr': 0.09644619251816927, 'weight_decay': 5.107173650890609e-06}. Best is trial 12 with value: 0.9142941274298396.
/work/dlclarge2/alidemaa-dl_lab/automl/automl-exam-ss25-tabular-freiburg-template/automl-tabular-env/lib/python3.10/site-packages/pytorch_tabnet/callbacks.py:172: UserWarning: Best weights from best epoch are automatically used!
  warnings.warn(wrn_msg)
[I 2025-08-04 22:15:49,958] Trial 15 finished with value: 0.8867038861936637 and parameters: {'n_d': 24, 'n_a': 8, 'n_steps': 3, 'gamma': 1.3310746671218365, 'lambda_sparse': 0.00011610975739612639, 'lr': 0.006837064919923165, 'weight_decay': 5.476274465852341e-06}. Best is trial 12 with value: 0.9142941274298396.
/work/dlclarge2/alidemaa-dl_lab/automl/automl-exam-ss25-tabular-freiburg-template/automl-tabular-env/lib/python3.10/site-packages/pytorch_tabnet/callbacks.py:172: UserWarning: Best weights from best epoch are automatically used!
  warnings.warn(wrn_msg)
[I 2025-08-04 22:17:09,161] Trial 16 finished with value: 0.9040387242512089 and parameters: {'n_d': 58, 'n_a': 41, 'n_steps': 5, 'gamma': 1.1525196810145808, 'lambda_sparse': 0.00039125575692993536, 'lr': 0.03564305864609138, 'weight_decay': 1.0175529533684597e-06}. Best is trial 12 with value: 0.9142941274298396.
/work/dlclarge2/alidemaa-dl_lab/automl/automl-exam-ss25-tabular-freiburg-template/automl-tabular-env/lib/python3.10/site-packages/pytorch_tabnet/callbacks.py:172: UserWarning: Best weights from best epoch are automatically used!
  warnings.warn(wrn_msg)
[I 2025-08-04 22:18:28,472] Trial 17 finished with value: 0.9044833364992817 and parameters: {'n_d': 47, 'n_a': 42, 'n_steps': 5, 'gamma': 1.0979818206050294, 'lambda_sparse': 0.0005033031190539058, 'lr': 0.029471456523321487, 'weight_decay': 3.953399895413992e-06}. Best is trial 12 with value: 0.9142941274298396.
/work/dlclarge2/alidemaa-dl_lab/automl/automl-exam-ss25-tabular-freiburg-template/automl-tabular-env/lib/python3.10/site-packages/pytorch_tabnet/callbacks.py:172: UserWarning: Best weights from best epoch are automatically used!
  warnings.warn(wrn_msg)
[I 2025-08-04 22:19:57,286] Trial 18 finished with value: 0.8835350793244011 and parameters: {'n_d': 49, 'n_a': 51, 'n_steps': 6, 'gamma': 1.3278778742237187, 'lambda_sparse': 0.002355661162371131, 'lr': 0.005691550216175324, 'weight_decay': 7.208387713245731e-06}. Best is trial 12 with value: 0.9142941274298396.
/work/dlclarge2/alidemaa-dl_lab/automl/automl-exam-ss25-tabular-freiburg-template/automl-tabular-env/lib/python3.10/site-packages/pytorch_tabnet/callbacks.py:172: UserWarning: Best weights from best epoch are automatically used!
  warnings.warn(wrn_msg)
[I 2025-08-04 22:21:19,630] Trial 19 finished with value: 0.8985756319260328 and parameters: {'n_d': 47, 'n_a': 64, 'n_steps': 4, 'gamma': 1.0969604905143864, 'lambda_sparse': 0.0005568796712121277, 'lr': 0.01304457140953098, 'weight_decay': 2.7425959272403697e-06}. Best is trial 12 with value: 0.9142941274298396.
/work/dlclarge2/alidemaa-dl_lab/automl/automl-exam-ss25-tabular-freiburg-template/automl-tabular-env/lib/python3.10/site-packages/pytorch_tabnet/callbacks.py:172: UserWarning: Best weights from best epoch are automatically used!
  warnings.warn(wrn_msg)
[I 2025-08-04 22:23:03,146] A new study created in memory with name: no-name-3b0cded2-724b-4c36-bcf4-ad9e2be77035
/work/dlclarge2/alidemaa-dl_lab/automl/automl-exam-ss25-tabular-freiburg-template/automl-tabular-env/lib/python3.10/site-packages/pytorch_tabnet/callbacks.py:172: UserWarning: Best weights from best epoch are automatically used!
  warnings.warn(wrn_msg)
[I 2025-08-04 22:24:54,017] Trial 0 finished with value: 0.5339702690471912 and parameters: {'n_d': 48, 'n_a': 39, 'n_steps': 8, 'gamma': 1.9906822376409408, 'lambda_sparse': 0.0003704846382858252, 'lr': 0.0001768751788882151, 'weight_decay': 1.571501683394306e-06}. Best is trial 0 with value: 0.5339702690471912.
/work/dlclarge2/alidemaa-dl_lab/automl/automl-exam-ss25-tabular-freiburg-template/automl-tabular-env/lib/python3.10/site-packages/pytorch_tabnet/callbacks.py:172: UserWarning: Best weights from best epoch are automatically used!
  warnings.warn(wrn_msg)
[I 2025-08-04 22:26:23,045] Trial 1 finished with value: 0.9055705794702087 and parameters: {'n_d': 27, 'n_a': 14, 'n_steps': 6, 'gamma': 1.7160219064419941, 'lambda_sparse': 1.6303768234522925e-05, 'lr': 0.009447073572126199, 'weight_decay': 5.152985095525713e-05}. Best is trial 1 with value: 0.9055705794702087.
/work/dlclarge2/alidemaa-dl_lab/automl/automl-exam-ss25-tabular-freiburg-template/automl-tabular-env/lib/python3.10/site-packages/pytorch_tabnet/callbacks.py:172: UserWarning: Best weights from best epoch are automatically used!
  warnings.warn(wrn_msg)
[I 2025-08-04 22:27:30,698] Trial 2 finished with value: 0.8017703374319389 and parameters: {'n_d': 61, 'n_a': 10, 'n_steps': 3, 'gamma': 1.5407434030406733, 'lambda_sparse': 0.001979493700971025, 'lr': 0.00017668661667038848, 'weight_decay': 8.000432461538844e-06}. Best is trial 1 with value: 0.9055705794702087.
/work/dlclarge2/alidemaa-dl_lab/automl/automl-exam-ss25-tabular-freiburg-template/automl-tabular-env/lib/python3.10/site-packages/pytorch_tabnet/callbacks.py:172: UserWarning: Best weights from best epoch are automatically used!
  warnings.warn(wrn_msg)
[I 2025-08-04 22:28:38,466] Trial 3 finished with value: 0.9108271013784321 and parameters: {'n_d': 48, 'n_a': 48, 'n_steps': 3, 'gamma': 1.4481143867843849, 'lambda_sparse': 0.0005352915994627024, 'lr': 0.015871167780314045, 'weight_decay': 0.0009406574439483447}. Best is trial 3 with value: 0.9108271013784321.
/work/dlclarge2/alidemaa-dl_lab/automl/automl-exam-ss25-tabular-freiburg-template/automl-tabular-env/lib/python3.10/site-packages/pytorch_tabnet/callbacks.py:172: UserWarning: Best weights from best epoch are automatically used!
  warnings.warn(wrn_msg)
[I 2025-08-04 22:30:19,443] Trial 4 finished with value: 0.48638603242545375 and parameters: {'n_d': 53, 'n_a': 13, 'n_steps': 7, 'gamma': 1.8509110714342747, 'lambda_sparse': 0.004387387298051618, 'lr': 0.00020639343807069495, 'weight_decay': 7.515339362683552e-05}. Best is trial 3 with value: 0.9108271013784321.
/work/dlclarge2/alidemaa-dl_lab/automl/automl-exam-ss25-tabular-freiburg-template/automl-tabular-env/lib/python3.10/site-packages/pytorch_tabnet/callbacks.py:172: UserWarning: Best weights from best epoch are automatically used!
  warnings.warn(wrn_msg)
[I 2025-08-04 22:31:44,909] Trial 5 finished with value: 0.7184675422285369 and parameters: {'n_d': 54, 'n_a': 18, 'n_steps': 6, 'gamma': 1.8500702297961766, 'lambda_sparse': 7.693327648800533e-05, 'lr': 0.00041651062278055194, 'weight_decay': 2.3759886765234323e-06}. Best is trial 3 with value: 0.9108271013784321.
/work/dlclarge2/alidemaa-dl_lab/automl/automl-exam-ss25-tabular-freiburg-template/automl-tabular-env/lib/python3.10/site-packages/pytorch_tabnet/callbacks.py:172: UserWarning: Best weights from best epoch are automatically used!
  warnings.warn(wrn_msg)
