[I 2025-08-02 11:12:03,445] Trial 1 finished with value: 0.9170425909464318 and parameters: {'n_d': 34, 'n_a': 11, 'n_steps': 9, 'gamma': 1.2441227345274315, 'lambda_sparse': 0.0002488108891080168, 'lr': 0.021858977206667015, 'weight_decay': 4.995310697072421e-05}. Best is trial 1 with value: 0.9170425909464318.
/work/dlclarge2/alidemaa-dl_lab/automl/automl-exam-ss25-tabular-freiburg-template/automl-tabular-env/lib/python3.10/site-packages/pytorch_tabnet/callbacks.py:172: UserWarning: Best weights from best epoch are automatically used!
  warnings.warn(wrn_msg)
[I 2025-08-02 11:13:59,577] Trial 2 finished with value: 0.8640256723042967 and parameters: {'n_d': 42, 'n_a': 43, 'n_steps': 8, 'gamma': 1.1789613460090544, 'lambda_sparse': 0.0010581232459557707, 'lr': 0.0007723182042220058, 'weight_decay': 5.772923426863337e-05}. Best is trial 1 with value: 0.9170425909464318.
/work/dlclarge2/alidemaa-dl_lab/automl/automl-exam-ss25-tabular-freiburg-template/automl-tabular-env/lib/python3.10/site-packages/pytorch_tabnet/callbacks.py:172: UserWarning: Best weights from best epoch are automatically used!
  warnings.warn(wrn_msg)
[I 2025-08-02 11:16:06,729] Trial 3 finished with value: 0.9060286874428475 and parameters: {'n_d': 52, 'n_a': 27, 'n_steps': 9, 'gamma': 1.9508937163546918, 'lambda_sparse': 0.0010073864097807591, 'lr': 0.03592864905685955, 'weight_decay': 8.347465416480412e-06}. Best is trial 1 with value: 0.9170425909464318.
/work/dlclarge2/alidemaa-dl_lab/automl/automl-exam-ss25-tabular-freiburg-template/automl-tabular-env/lib/python3.10/site-packages/pytorch_tabnet/callbacks.py:172: UserWarning: Best weights from best epoch are automatically used!
  warnings.warn(wrn_msg)
[I 2025-08-02 11:17:25,473] Trial 4 finished with value: 0.9122840138564288 and parameters: {'n_d': 60, 'n_a': 36, 'n_steps': 5, 'gamma': 1.6888414222961954, 'lambda_sparse': 1.4978033591286207e-05, 'lr': 0.005214245978407997, 'weight_decay': 0.0003597698436648161}. Best is trial 1 with value: 0.9170425909464318.
/work/dlclarge2/alidemaa-dl_lab/automl/automl-exam-ss25-tabular-freiburg-template/automl-tabular-env/lib/python3.10/site-packages/pytorch_tabnet/callbacks.py:172: UserWarning: Best weights from best epoch are automatically used!
  warnings.warn(wrn_msg)
[I 2025-08-02 11:18:46,773] Trial 5 finished with value: 0.8902398907252307 and parameters: {'n_d': 20, 'n_a': 48, 'n_steps': 4, 'gamma': 1.4023350855879528, 'lambda_sparse': 0.0003167039567141836, 'lr': 0.0013838354101446562, 'weight_decay': 8.023087570043222e-05}. Best is trial 1 with value: 0.9170425909464318.
/work/dlclarge2/alidemaa-dl_lab/automl/automl-exam-ss25-tabular-freiburg-template/automl-tabular-env/lib/python3.10/site-packages/pytorch_tabnet/callbacks.py:172: UserWarning: Best weights from best epoch are automatically used!
  warnings.warn(wrn_msg)
[I 2025-08-02 11:19:30,335] Trial 6 finished with value: 0.5742639528638125 and parameters: {'n_d': 43, 'n_a': 37, 'n_steps': 7, 'gamma': 1.89016598844785, 'lambda_sparse': 0.0008678357635250585, 'lr': 0.021018568194247345, 'weight_decay': 0.0002106478347917027}. Best is trial 1 with value: 0.9170425909464318.
/work/dlclarge2/alidemaa-dl_lab/automl/automl-exam-ss25-tabular-freiburg-template/automl-tabular-env/lib/python3.10/site-packages/pytorch_tabnet/callbacks.py:172: UserWarning: Best weights from best epoch are automatically used!
  warnings.warn(wrn_msg)
[I 2025-08-02 11:21:48,773] Trial 7 finished with value: 0.8720306559987446 and parameters: {'n_d': 53, 'n_a': 34, 'n_steps': 10, 'gamma': 1.7525243058905717, 'lambda_sparse': 0.000492342364965068, 'lr': 0.010727541210575963, 'weight_decay': 5.415380393483294e-05}. Best is trial 1 with value: 0.9170425909464318.
/work/dlclarge2/alidemaa-dl_lab/automl/automl-exam-ss25-tabular-freiburg-template/automl-tabular-env/lib/python3.10/site-packages/pytorch_tabnet/callbacks.py:172: UserWarning: Best weights from best epoch are automatically used!
  warnings.warn(wrn_msg)
[I 2025-08-02 11:22:59,684] Trial 8 finished with value: 0.9089893518852338 and parameters: {'n_d': 35, 'n_a': 31, 'n_steps': 3, 'gamma': 1.771385229427007, 'lambda_sparse': 0.0005240514040000991, 'lr': 0.007200297651588942, 'weight_decay': 0.0005662353627751833}. Best is trial 1 with value: 0.9170425909464318.
/work/dlclarge2/alidemaa-dl_lab/automl/automl-exam-ss25-tabular-freiburg-template/automl-tabular-env/lib/python3.10/site-packages/pytorch_tabnet/callbacks.py:172: UserWarning: Best weights from best epoch are automatically used!
  warnings.warn(wrn_msg)
[I 2025-08-02 11:24:11,651] Trial 9 finished with value: 0.8397077760932866 and parameters: {'n_d': 53, 'n_a': 44, 'n_steps': 3, 'gamma': 1.28706146811747, 'lambda_sparse': 0.00019592734465503128, 'lr': 0.00017649694538916634, 'weight_decay': 3.0573895876770662e-06}. Best is trial 1 with value: 0.9170425909464318.
/work/dlclarge2/alidemaa-dl_lab/automl/automl-exam-ss25-tabular-freiburg-template/automl-tabular-env/lib/python3.10/site-packages/pytorch_tabnet/callbacks.py:172: UserWarning: Best weights from best epoch are automatically used!
  warnings.warn(wrn_msg)
[I 2025-08-02 11:26:21,868] Trial 10 finished with value: 0.8848304767400799 and parameters: {'n_d': 9, 'n_a': 13, 'n_steps': 10, 'gamma': 1.110789250035596, 'lambda_sparse': 0.009761097439166887, 'lr': 0.09840501751316806, 'weight_decay': 1.3659221629476816e-05}. Best is trial 1 with value: 0.9170425909464318.
/work/dlclarge2/alidemaa-dl_lab/automl/automl-exam-ss25-tabular-freiburg-template/automl-tabular-env/lib/python3.10/site-packages/pytorch_tabnet/callbacks.py:172: UserWarning: Best weights from best epoch are automatically used!
  warnings.warn(wrn_msg)
[I 2025-08-02 11:27:49,946] Trial 11 finished with value: 0.9014624828447168 and parameters: {'n_d': 64, 'n_a': 61, 'n_steps': 6, 'gamma': 1.5670207015816742, 'lambda_sparse': 1.0417499665281461e-05, 'lr': 0.004918619105205724, 'weight_decay': 0.0008894534947484442}. Best is trial 1 with value: 0.9170425909464318.
/work/dlclarge2/alidemaa-dl_lab/automl/automl-exam-ss25-tabular-freiburg-template/automl-tabular-env/lib/python3.10/site-packages/pytorch_tabnet/callbacks.py:172: UserWarning: Best weights from best epoch are automatically used!
  warnings.warn(wrn_msg)
[I 2025-08-02 11:29:22,619] Trial 12 finished with value: 0.9089987777098315 and parameters: {'n_d': 29, 'n_a': 9, 'n_steps': 6, 'gamma': 1.5521519785652995, 'lambda_sparse': 1.681193842212166e-05, 'lr': 0.0321233622435928, 'weight_decay': 0.0001415507660272284}. Best is trial 1 with value: 0.9170425909464318.
/work/dlclarge2/alidemaa-dl_lab/automl/automl-exam-ss25-tabular-freiburg-template/automl-tabular-env/lib/python3.10/site-packages/pytorch_tabnet/callbacks.py:172: UserWarning: Best weights from best epoch are automatically used!
  warnings.warn(wrn_msg)
[I 2025-08-02 11:30:36,522] Trial 13 finished with value: 0.8782680723787485 and parameters: {'n_d': 27, 'n_a': 19, 'n_steps': 5, 'gamma': 1.0026642191204274, 'lambda_sparse': 5.1553678767779395e-05, 'lr': 0.0005702468579207911, 'weight_decay': 1.1622097415028065e-06}. Best is trial 1 with value: 0.9170425909464318.
/work/dlclarge2/alidemaa-dl_lab/automl/automl-exam-ss25-tabular-freiburg-template/automl-tabular-env/lib/python3.10/site-packages/pytorch_tabnet/callbacks.py:172: UserWarning: Best weights from best epoch are automatically used!
  warnings.warn(wrn_msg)
[I 2025-08-02 11:31:14,129] Trial 14 finished with value: 0.541048605264842 and parameters: {'n_d': 64, 'n_a': 21, 'n_steps': 8, 'gamma': 1.37986752557136, 'lambda_sparse': 7.524134839487329e-05, 'lr': 0.08283488698186119, 'weight_decay': 2.107161269165526e-05}. Best is trial 1 with value: 0.9170425909464318.
/work/dlclarge2/alidemaa-dl_lab/automl/automl-exam-ss25-tabular-freiburg-template/automl-tabular-env/lib/python3.10/site-packages/pytorch_tabnet/callbacks.py:172: UserWarning: Best weights from best epoch are automatically used!
  warnings.warn(wrn_msg)
[I 2025-08-02 11:32:40,068] Trial 15 finished with value: 0.9008902475602129 and parameters: {'n_d': 19, 'n_a': 62, 'n_steps': 7, 'gamma': 1.5755092576100131, 'lambda_sparse': 0.003269419601562686, 'lr': 0.012677652469180902, 'weight_decay': 0.00017954604754618467}. Best is trial 1 with value: 0.9170425909464318.
/work/dlclarge2/alidemaa-dl_lab/automl/automl-exam-ss25-tabular-freiburg-template/automl-tabular-env/lib/python3.10/site-packages/pytorch_tabnet/callbacks.py:172: UserWarning: Best weights from best epoch are automatically used!
  warnings.warn(wrn_msg)
[I 2025-08-02 11:34:03,605] Trial 16 finished with value: 0.8943090247865116 and parameters: {'n_d': 34, 'n_a': 53, 'n_steps': 5, 'gamma': 1.664714653242971, 'lambda_sparse': 4.3245346357978306e-05, 'lr': 0.0037696786732746594, 'weight_decay': 7.086338187575608e-06}. Best is trial 1 with value: 0.9170425909464318.
/work/dlclarge2/alidemaa-dl_lab/automl/automl-exam-ss25-tabular-freiburg-template/automl-tabular-env/lib/python3.10/site-packages/pytorch_tabnet/callbacks.py:172: UserWarning: Best weights from best epoch are automatically used!
  warnings.warn(wrn_msg)
[I 2025-08-02 11:36:06,292] Trial 17 finished with value: 0.8544279282132672 and parameters: {'n_d': 59, 'n_a': 22, 'n_steps': 9, 'gamma': 1.4326628490672488, 'lambda_sparse': 0.00010985199109004261, 'lr': 0.002584554290378706, 'weight_decay': 2.8269990533731054e-05}. Best is trial 1 with value: 0.9170425909464318.
/work/dlclarge2/alidemaa-dl_lab/automl/automl-exam-ss25-tabular-freiburg-template/automl-tabular-env/lib/python3.10/site-packages/pytorch_tabnet/callbacks.py:172: UserWarning: Best weights from best epoch are automatically used!
  warnings.warn(wrn_msg)
[I 2025-08-02 11:37:09,766] Trial 18 finished with value: 0.9115727143037688 and parameters: {'n_d': 40, 'n_a': 10, 'n_steps': 5, 'gamma': 1.2109773546828053, 'lambda_sparse': 2.7874550919800015e-05, 'lr': 0.01809569474561255, 'weight_decay': 0.0003409992530286085}. Best is trial 1 with value: 0.9170425909464318.
/work/dlclarge2/alidemaa-dl_lab/automl/automl-exam-ss25-tabular-freiburg-template/automl-tabular-env/lib/python3.10/site-packages/pytorch_tabnet/callbacks.py:172: UserWarning: Best weights from best epoch are automatically used!
  warnings.warn(wrn_msg)
[I 2025-08-02 11:38:41,698] Trial 19 finished with value: 0.4240489852045848 and parameters: {'n_d': 25, 'n_a': 16, 'n_steps': 8, 'gamma': 1.3147533375319425, 'lambda_sparse': 0.0028326830381284894, 'lr': 0.00021612925286713282, 'weight_decay': 0.00010180545467846676}. Best is trial 1 with value: 0.9170425909464318.
/work/dlclarge2/alidemaa-dl_lab/automl/automl-exam-ss25-tabular-freiburg-template/automl-tabular-env/lib/python3.10/site-packages/pytorch_tabnet/callbacks.py:172: UserWarning: Best weights from best epoch are automatically used!
  warnings.warn(wrn_msg)
[I 2025-08-02 11:41:07,846] A new study created in memory with name: no-name-ea562d35-6a93-4c79-b7b0-4a726d48c330
/work/dlclarge2/alidemaa-dl_lab/automl/automl-exam-ss25-tabular-freiburg-template/automl-tabular-env/lib/python3.10/site-packages/pytorch_tabnet/callbacks.py:172: UserWarning: Best weights from best epoch are automatically used!
  warnings.warn(wrn_msg)
[I 2025-08-02 11:42:48,275] Trial 0 finished with value: 0.5996216972645569 and parameters: {'n_d': 27, 'n_a': 28, 'n_steps': 7, 'gamma': 1.1534979875715128, 'lambda_sparse': 0.0009827251203204706, 'lr': 0.00015184080196176765, 'weight_decay': 7.017041178905075e-06}. Best is trial 0 with value: 0.5996216972645569.
/work/dlclarge2/alidemaa-dl_lab/automl/automl-exam-ss25-tabular-freiburg-template/automl-tabular-env/lib/python3.10/site-packages/pytorch_tabnet/callbacks.py:172: UserWarning: Best weights from best epoch are automatically used!
  warnings.warn(wrn_msg)
[I 2025-08-02 11:44:51,871] Trial 1 finished with value: 0.7472975333061879 and parameters: {'n_d': 50, 'n_a': 24, 'n_steps': 9, 'gamma': 1.3332701545537928, 'lambda_sparse': 0.0021517537311871895, 'lr': 0.0005697783121166452, 'weight_decay': 2.0930153467418415e-05}. Best is trial 1 with value: 0.7472975333061879.
/work/dlclarge2/alidemaa-dl_lab/automl/automl-exam-ss25-tabular-freiburg-template/automl-tabular-env/lib/python3.10/site-packages/pytorch_tabnet/callbacks.py:172: UserWarning: Best weights from best epoch are automatically used!
  warnings.warn(wrn_msg)
[I 2025-08-02 11:46:32,665] Trial 2 finished with value: 0.7358927260169668 and parameters: {'n_d': 22, 'n_a': 18, 'n_steps': 7, 'gamma': 1.6496431237222824, 'lambda_sparse': 0.00023409170546177409, 'lr': 0.000931782633887606, 'weight_decay': 1.269511364761359e-06}. Best is trial 1 with value: 0.7472975333061879.
/work/dlclarge2/alidemaa-dl_lab/automl/automl-exam-ss25-tabular-freiburg-template/automl-tabular-env/lib/python3.10/site-packages/pytorch_tabnet/callbacks.py:172: UserWarning: Best weights from best epoch are automatically used!
  warnings.warn(wrn_msg)
[I 2025-08-02 11:48:49,469] Trial 3 finished with value: 0.9234548597537999 and parameters: {'n_d': 32, 'n_a': 25, 'n_steps': 10, 'gamma': 1.189246401124155, 'lambda_sparse': 0.003928397375614644, 'lr': 0.025833172630135535, 'weight_decay': 0.00028289531368032176}. Best is trial 3 with value: 0.9234548597537999.
/work/dlclarge2/alidemaa-dl_lab/automl/automl-exam-ss25-tabular-freiburg-template/automl-tabular-env/lib/python3.10/site-packages/pytorch_tabnet/callbacks.py:172: UserWarning: Best weights from best epoch are automatically used!
  warnings.warn(wrn_msg)
[I 2025-08-02 11:49:11,982] Trial 4 finished with value: 0.2855015604055182 and parameters: {'n_d': 59, 'n_a': 44, 'n_steps': 4, 'gamma': 1.1389950624807212, 'lambda_sparse': 1.5086544820761012e-05, 'lr': 0.035407842870191344, 'weight_decay': 6.229441013422885e-05}. Best is trial 3 with value: 0.9234548597537999.
/work/dlclarge2/alidemaa-dl_lab/automl/automl-exam-ss25-tabular-freiburg-template/automl-tabular-env/lib/python3.10/site-packages/pytorch_tabnet/callbacks.py:172: UserWarning: Best weights from best epoch are automatically used!
  warnings.warn(wrn_msg)
[I 2025-08-02 11:51:12,040] Trial 5 finished with value: 0.7724363671916201 and parameters: {'n_d': 35, 'n_a': 58, 'n_steps': 9, 'gamma': 1.6131887771000994, 'lambda_sparse': 0.00022715920172294192, 'lr': 0.0010960827469961437, 'weight_decay': 0.00011893624031156122}. Best is trial 3 with value: 0.9234548597537999.
/work/dlclarge2/alidemaa-dl_lab/automl/automl-exam-ss25-tabular-freiburg-template/automl-tabular-env/lib/python3.10/site-packages/pytorch_tabnet/callbacks.py:172: UserWarning: Best weights from best epoch are automatically used!
  warnings.warn(wrn_msg)
[I 2025-08-02 11:52:34,224] Trial 6 finished with value: 0.9115034681178096 and parameters: {'n_d': 55, 'n_a': 56, 'n_steps': 7, 'gamma': 1.2167040766888513, 'lambda_sparse': 0.00012935721761249747, 'lr': 0.08083038640416768, 'weight_decay': 0.0002518035955592769}. Best is trial 3 with value: 0.9234548597537999.
/work/dlclarge2/alidemaa-dl_lab/automl/automl-exam-ss25-tabular-freiburg-template/automl-tabular-env/lib/python3.10/site-packages/pytorch_tabnet/callbacks.py:172: UserWarning: Best weights from best epoch are automatically used!
  warnings.warn(wrn_msg)
[I 2025-08-02 11:54:35,301] Trial 7 finished with value: 0.8453817611741546 and parameters: {'n_d': 63, 'n_a': 17, 'n_steps': 9, 'gamma': 1.3404927503392725, 'lambda_sparse': 0.0003440863598127652, 'lr': 0.003920219016232759, 'weight_decay': 6.5707165978262734e-06}. Best is trial 3 with value: 0.9234548597537999.
/work/dlclarge2/alidemaa-dl_lab/automl/automl-exam-ss25-tabular-freiburg-template/automl-tabular-env/lib/python3.10/site-packages/pytorch_tabnet/callbacks.py:172: UserWarning: Best weights from best epoch are automatically used!
  warnings.warn(wrn_msg)
[I 2025-08-02 11:56:26,013] Trial 8 finished with value: 0.8361678079403486 and parameters: {'n_d': 53, 'n_a': 11, 'n_steps': 8, 'gamma': 1.7997912074518978, 'lambda_sparse': 0.004324648701186798, 'lr': 0.002448694432043464, 'weight_decay': 8.473141665363686e-05}. Best is trial 3 with value: 0.9234548597537999.
/work/dlclarge2/alidemaa-dl_lab/automl/automl-exam-ss25-tabular-freiburg-template/automl-tabular-env/lib/python3.10/site-packages/pytorch_tabnet/callbacks.py:172: UserWarning: Best weights from best epoch are automatically used!
  warnings.warn(wrn_msg)
[I 2025-08-02 11:57:11,460] Trial 9 finished with value: -3.5594458121814405 and parameters: {'n_d': 43, 'n_a': 8, 'n_steps': 9, 'gamma': 1.8280194110545742, 'lambda_sparse': 1.6627758140866884e-05, 'lr': 0.0258029111469955, 'weight_decay': 0.00023640002844135122}. Best is trial 3 with value: 0.9234548597537999.
/work/dlclarge2/alidemaa-dl_lab/automl/automl-exam-ss25-tabular-freiburg-template/automl-tabular-env/lib/python3.10/site-packages/pytorch_tabnet/callbacks.py:172: UserWarning: Best weights from best epoch are automatically used!
  warnings.warn(wrn_msg)
[I 2025-08-02 11:58:27,032] Trial 10 finished with value: 0.9281318050788326 and parameters: {'n_d': 9, 'n_a': 38, 'n_steps': 4, 'gamma': 1.025298981847253, 'lambda_sparse': 0.007761527919351624, 'lr': 0.008864367727253908, 'weight_decay': 0.0008010636564578424}. Best is trial 10 with value: 0.9281318050788326.
/work/dlclarge2/alidemaa-dl_lab/automl/automl-exam-ss25-tabular-freiburg-template/automl-tabular-env/lib/python3.10/site-packages/pytorch_tabnet/callbacks.py:172: UserWarning: Best weights from best epoch are automatically used!
  warnings.warn(wrn_msg)
[I 2025-08-02 11:59:36,530] Trial 11 finished with value: 0.9191154495659548 and parameters: {'n_d': 10, 'n_a': 41, 'n_steps': 3, 'gamma': 1.0207060816207267, 'lambda_sparse': 0.008991956086386957, 'lr': 0.01056453713131804, 'weight_decay': 0.000959746160757339}. Best is trial 10 with value: 0.9281318050788326.
/work/dlclarge2/alidemaa-dl_lab/automl/automl-exam-ss25-tabular-freiburg-template/automl-tabular-env/lib/python3.10/site-packages/pytorch_tabnet/callbacks.py:172: UserWarning: Best weights from best epoch are automatically used!
  warnings.warn(wrn_msg)
[I 2025-08-02 12:00:55,522] Trial 12 finished with value: 0.9273630576324716 and parameters: {'n_d': 10, 'n_a': 35, 'n_steps': 5, 'gamma': 1.0065384609849441, 'lambda_sparse': 0.009267445637395205, 'lr': 0.011137005960140629, 'weight_decay': 0.0007934946646618804}. Best is trial 10 with value: 0.9281318050788326.
/work/dlclarge2/alidemaa-dl_lab/automl/automl-exam-ss25-tabular-freiburg-template/automl-tabular-env/lib/python3.10/site-packages/pytorch_tabnet/callbacks.py:172: UserWarning: Best weights from best epoch are automatically used!
  warnings.warn(wrn_msg)
[I 2025-08-02 12:02:17,208] Trial 13 finished with value: 0.9236677988549002 and parameters: {'n_d': 13, 'n_a': 36, 'n_steps': 5, 'gamma': 1.0504001841807282, 'lambda_sparse': 0.009221888223515442, 'lr': 0.00709013777940113, 'weight_decay': 0.0006715635086095912}. Best is trial 10 with value: 0.9281318050788326.
/work/dlclarge2/alidemaa-dl_lab/automl/automl-exam-ss25-tabular-freiburg-template/automl-tabular-env/lib/python3.10/site-packages/pytorch_tabnet/callbacks.py:172: UserWarning: Best weights from best epoch are automatically used!
  warnings.warn(wrn_msg)
[I 2025-08-02 12:03:40,471] Trial 14 finished with value: 0.9182651856185519 and parameters: {'n_d': 18, 'n_a': 50, 'n_steps': 5, 'gamma': 1.402693470475659, 'lambda_sparse': 0.0010759460010845716, 'lr': 0.010799682922253426, 'weight_decay': 0.0005320516549743032}. Best is trial 10 with value: 0.9281318050788326.
/work/dlclarge2/alidemaa-dl_lab/automl/automl-exam-ss25-tabular-freiburg-template/automl-tabular-env/lib/python3.10/site-packages/pytorch_tabnet/callbacks.py:172: UserWarning: Best weights from best epoch are automatically used!
  warnings.warn(wrn_msg)
[I 2025-08-02 12:05:03,429] Trial 15 finished with value: 0.9190555227575362 and parameters: {'n_d': 9, 'n_a': 34, 'n_steps': 5, 'gamma': 1.007184368506056, 'lambda_sparse': 0.0014040373393332099, 'lr': 0.0032822168577487597, 'weight_decay': 2.536665634699405e-05}. Best is trial 10 with value: 0.9281318050788326.
/work/dlclarge2/alidemaa-dl_lab/automl/automl-exam-ss25-tabular-freiburg-template/automl-tabular-env/lib/python3.10/site-packages/pytorch_tabnet/callbacks.py:172: UserWarning: Best weights from best epoch are automatically used!
  warnings.warn(wrn_msg)
[I 2025-08-02 12:05:57,971] Trial 16 finished with value: 0.8927403752273143 and parameters: {'n_d': 18, 'n_a': 45, 'n_steps': 3, 'gamma': 1.9721103005551415, 'lambda_sparse': 6.091265381978345e-05, 'lr': 0.06246301546666506, 'weight_decay': 0.0009973011913540553}. Best is trial 10 with value: 0.9281318050788326.
/work/dlclarge2/alidemaa-dl_lab/automl/automl-exam-ss25-tabular-freiburg-template/automl-tabular-env/lib/python3.10/site-packages/pytorch_tabnet/callbacks.py:172: UserWarning: Best weights from best epoch are automatically used!
  warnings.warn(wrn_msg)
[I 2025-08-02 12:07:15,834] Trial 17 finished with value: 0.9204488489601301 and parameters: {'n_d': 28, 'n_a': 31, 'n_steps': 4, 'gamma': 1.4358727012126073, 'lambda_sparse': 0.00404457523798199, 'lr': 0.014681281067820339, 'weight_decay': 0.00035238757215472715}. Best is trial 10 with value: 0.9281318050788326.
/work/dlclarge2/alidemaa-dl_lab/automl/automl-exam-ss25-tabular-freiburg-template/automl-tabular-env/lib/python3.10/site-packages/pytorch_tabnet/callbacks.py:172: UserWarning: Best weights from best epoch are automatically used!
  warnings.warn(wrn_msg)
[I 2025-08-02 12:08:42,790] Trial 18 finished with value: 0.9235746320914799 and parameters: {'n_d': 17, 'n_a': 64, 'n_steps': 6, 'gamma': 1.265236020160293, 'lambda_sparse': 0.0005685307583358953, 'lr': 0.005489927665816887, 'weight_decay': 0.00013296832142614332}. Best is trial 10 with value: 0.9281318050788326.
/work/dlclarge2/alidemaa-dl_lab/automl/automl-exam-ss25-tabular-freiburg-template/automl-tabular-env/lib/python3.10/site-packages/pytorch_tabnet/callbacks.py:172: UserWarning: Best weights from best epoch are automatically used!
  warnings.warn(wrn_msg)
