[I 2025-08-02 08:22:17,800] Trial 328 finished with value: -0.9321089768109897 and parameters: {'learning_rate': 0.037603601836982976, 'num_leaves': 24, 'max_depth': 15, 'min_child_samples': 46, 'feature_fraction': 0.5393593707710242, 'bagging_fraction': 0.6662376256444218, 'reg_alpha': 0.0808934157352033, 'reg_lambda': 1.8214800291795016e-08}. Best is trial 181 with value: -0.9360705907673996.
[I 2025-08-02 08:22:37,836] Trial 329 finished with value: -0.9324087998536458 and parameters: {'learning_rate': 0.028228484769836595, 'num_leaves': 87, 'max_depth': 15, 'min_child_samples': 14, 'feature_fraction': 0.6475563023858051, 'bagging_fraction': 0.7033194487219115, 'reg_alpha': 2.0454190391966285, 'reg_lambda': 3.0164388591451544e-08}. Best is trial 181 with value: -0.9360705907673996.
[I 2025-08-02 08:22:48,539] Trial 330 finished with value: -0.9350858629656489 and parameters: {'learning_rate': 0.0349267063809249, 'num_leaves': 41, 'max_depth': 15, 'min_child_samples': 10, 'feature_fraction': 0.5091053188615628, 'bagging_fraction': 0.9388095789596012, 'reg_alpha': 3.023158102369422e-06, 'reg_lambda': 1.012067281146304e-08}. Best is trial 181 with value: -0.9360705907673996.
[I 2025-08-02 08:22:59,696] Trial 331 finished with value: -0.9337427554362916 and parameters: {'learning_rate': 0.0487204866546698, 'num_leaves': 49, 'max_depth': 15, 'min_child_samples': 12, 'feature_fraction': 0.5319052317097549, 'bagging_fraction': 0.7144689172640283, 'reg_alpha': 6.569692688707443, 'reg_lambda': 2.0047467541884452e-08}. Best is trial 181 with value: -0.9360705907673996.
[I 2025-08-02 08:23:08,673] Trial 332 finished with value: -0.9350419530644071 and parameters: {'learning_rate': 0.03168648913303551, 'num_leaves': 31, 'max_depth': 15, 'min_child_samples': 10, 'feature_fraction': 0.5501818719131314, 'bagging_fraction': 0.7753101656129959, 'reg_alpha': 3.851911368146875, 'reg_lambda': 1.0116280302506601e-07}. Best is trial 181 with value: -0.9360705907673996.
[I 2025-08-02 08:23:14,648] Trial 333 finished with value: -0.9323947738068145 and parameters: {'learning_rate': 0.03056266620182367, 'num_leaves': 16, 'max_depth': 14, 'min_child_samples': 12, 'feature_fraction': 0.5194035864157567, 'bagging_fraction': 0.9519696035689236, 'reg_alpha': 0.013450808768825383, 'reg_lambda': 1.0092314657295732e-08}. Best is trial 181 with value: -0.9360705907673996.
[I 2025-08-02 08:23:26,461] Trial 334 finished with value: -0.9333941081154653 and parameters: {'learning_rate': 0.03628564764895437, 'num_leaves': 38, 'max_depth': 15, 'min_child_samples': 14, 'feature_fraction': 0.9026387156630395, 'bagging_fraction': 0.739127031309841, 'reg_alpha': 0.029883981704124783, 'reg_lambda': 0.3283795337701029}. Best is trial 181 with value: -0.9360705907673996.
[I 2025-08-02 08:23:34,157] Trial 335 finished with value: -0.9342113718115314 and parameters: {'learning_rate': 0.04163877639466628, 'num_leaves': 26, 'max_depth': 15, 'min_child_samples': 10, 'feature_fraction': 0.5611388193699263, 'bagging_fraction': 0.9122749176783852, 'reg_alpha': 0.4299345446626765, 'reg_lambda': 1.4741670502924404e-08}. Best is trial 181 with value: -0.9360705907673996.
[I 2025-08-02 08:23:43,686] Trial 336 finished with value: -0.9343540074125529 and parameters: {'learning_rate': 0.03338372174199792, 'num_leaves': 33, 'max_depth': 14, 'min_child_samples': 12, 'feature_fraction': 0.5406110198420682, 'bagging_fraction': 0.7057626448988392, 'reg_alpha': 0.8837630673278096, 'reg_lambda': 4.459515454120826e-08}. Best is trial 181 with value: -0.9360705907673996.
[I 2025-08-02 08:23:55,434] Trial 337 finished with value: -0.9334913532707282 and parameters: {'learning_rate': 0.028316927719653554, 'num_leaves': 45, 'max_depth': 15, 'min_child_samples': 18, 'feature_fraction': 0.5286818220639141, 'bagging_fraction': 0.9659168014978334, 'reg_alpha': 3.0434117533171916, 'reg_lambda': 2.6401527015424376e-08}. Best is trial 181 with value: -0.9360705907673996.
[I 2025-08-02 08:24:03,073] Trial 338 finished with value: -0.9288979342106302 and parameters: {'learning_rate': 0.03859787150539895, 'num_leaves': 21, 'max_depth': 15, 'min_child_samples': 84, 'feature_fraction': 0.5743550063409903, 'bagging_fraction': 0.7220987953669854, 'reg_alpha': 0.15668880819780354, 'reg_lambda': 1.675306000171287e-08}. Best is trial 181 with value: -0.9360705907673996.
[I 2025-08-02 08:24:11,868] Trial 339 finished with value: -0.9352489504954801 and parameters: {'learning_rate': 0.02680775409198673, 'num_leaves': 29, 'max_depth': 13, 'min_child_samples': 10, 'feature_fraction': 0.5140713496840518, 'bagging_fraction': 0.6944206380288741, 'reg_alpha': 0.0035296889577904915, 'reg_lambda': 1.4160819172913781e-08}. Best is trial 181 with value: -0.9360705907673996.
[I 2025-08-02 08:24:22,519] Trial 340 finished with value: -0.9338426713234598 and parameters: {'learning_rate': 0.034164991833001146, 'num_leaves': 40, 'max_depth': 15, 'min_child_samples': 16, 'feature_fraction': 0.5523158363502618, 'bagging_fraction': 0.8404270032146559, 'reg_alpha': 5.122876752011478, 'reg_lambda': 3.652167928727078e-08}. Best is trial 181 with value: -0.9360705907673996.
[I 2025-08-02 08:24:32,355] Trial 341 finished with value: -0.9337659107660256 and parameters: {'learning_rate': 0.031320983291517744, 'num_leaves': 35, 'max_depth': 15, 'min_child_samples': 13, 'feature_fraction': 0.5372386439747223, 'bagging_fraction': 0.9798215737587797, 'reg_alpha': 2.0805607599316223, 'reg_lambda': 2.0717492867348312e-08}. Best is trial 181 with value: -0.9360705907673996.
[I 2025-08-02 08:24:40,062] Trial 342 finished with value: -0.9346150460711756 and parameters: {'learning_rate': 0.03592727415615284, 'num_leaves': 25, 'max_depth': 14, 'min_child_samples': 12, 'feature_fraction': 0.504963921816397, 'bagging_fraction': 0.7138022774147207, 'reg_alpha': 0.021678221623825118, 'reg_lambda': 5.9322540855877685e-08}. Best is trial 181 with value: -0.9360705907673996.
[I 2025-08-02 08:24:53,046] Trial 343 finished with value: -0.9350692593282981 and parameters: {'learning_rate': 0.029696158669300407, 'num_leaves': 51, 'max_depth': 15, 'min_child_samples': 10, 'feature_fraction': 0.5254674862080125, 'bagging_fraction': 0.6783320265844804, 'reg_alpha': 0.044299919394655794, 'reg_lambda': 1.0137064446820936e-08}. Best is trial 181 with value: -0.9360705907673996.
[I 2025-08-02 08:25:04,328] Trial 344 finished with value: -0.9335444604983846 and parameters: {'learning_rate': 0.03294303827294482, 'num_leaves': 43, 'max_depth': 15, 'min_child_samples': 15, 'feature_fraction': 0.5434347726326781, 'bagging_fraction': 0.8183485773261456, 'reg_alpha': 1.170574482622891, 'reg_lambda': 2.4299878472484444e-08}. Best is trial 181 with value: -0.9360705907673996.
[I 2025-08-02 08:25:09,398] Trial 345 finished with value: -0.929415094365012 and parameters: {'learning_rate': 0.02509993996236277, 'num_leaves': 12, 'max_depth': 15, 'min_child_samples': 12, 'feature_fraction': 0.5640427860797126, 'bagging_fraction': 0.7480837608372458, 'reg_alpha': 7.232654047102121, 'reg_lambda': 1.4674493522364978e-08}. Best is trial 181 with value: -0.9360705907673996.
[I 2025-08-02 08:25:18,226] Trial 346 finished with value: -0.9340535680162534 and parameters: {'learning_rate': 0.032042117829978345, 'num_leaves': 31, 'max_depth': 9, 'min_child_samples': 14, 'feature_fraction': 0.5333070113757039, 'bagging_fraction': 0.7313191278029095, 'reg_alpha': 0.009591048008588943, 'reg_lambda': 1.0026563089781483e-08}. Best is trial 181 with value: -0.9360705907673996.
[I 2025-08-02 08:25:28,045] Trial 347 finished with value: -0.9356564266777585 and parameters: {'learning_rate': 0.0347230425760724, 'num_leaves': 37, 'max_depth': 10, 'min_child_samples': 10, 'feature_fraction': 0.519598419115705, 'bagging_fraction': 0.7014157807886576, 'reg_alpha': 0.2826205691537494, 'reg_lambda': 3.000996095131942e-08}. Best is trial 181 with value: -0.9360705907673996.
[I 2025-08-02 08:25:37,783] Trial 348 finished with value: -0.9343827792540433 and parameters: {'learning_rate': 0.03816521873828392, 'num_leaves': 36, 'max_depth': 13, 'min_child_samples': 12, 'feature_fraction': 0.5150264236863236, 'bagging_fraction': 0.68966245593997, 'reg_alpha': 0.2383564440987531, 'reg_lambda': 7.372684387466549e-08}. Best is trial 181 with value: -0.9360705907673996.
[I 2025-08-02 08:25:44,304] Trial 349 finished with value: -0.9326236056243722 and parameters: {'learning_rate': 0.0354256581999025, 'num_leaves': 19, 'max_depth': 10, 'min_child_samples': 32, 'feature_fraction': 0.5024348055981406, 'bagging_fraction': 0.6998696103737406, 'reg_alpha': 0.4563491032926512, 'reg_lambda': 3.928937186456089e-08}. Best is trial 181 with value: -0.9360705907673996.
[I 2025-08-02 08:25:52,839] Trial 350 finished with value: -0.9351140851656529 and parameters: {'learning_rate': 0.03395131148173137, 'num_leaves': 29, 'max_depth': 14, 'min_child_samples': 10, 'feature_fraction': 0.5210929025340737, 'bagging_fraction': 0.6818902594861632, 'reg_alpha': 0.11654939697586786, 'reg_lambda': 2.867445671440408e-08}. Best is trial 181 with value: -0.9360705907673996.
[I 2025-08-02 08:26:02,661] Trial 351 finished with value: -0.9346133016383592 and parameters: {'learning_rate': 0.03755123875156415, 'num_leaves': 39, 'max_depth': 8, 'min_child_samples': 12, 'feature_fraction': 0.5465871703552613, 'bagging_fraction': 0.7645637526686552, 'reg_alpha': 0.28338232926992174, 'reg_lambda': 5.1089801273009964e-08}. Best is trial 181 with value: -0.9360705907673996.
[I 2025-08-02 08:26:11,774] Trial 352 finished with value: -0.9338191449815073 and parameters: {'learning_rate': 0.04174503587741354, 'num_leaves': 33, 'max_depth': 14, 'min_child_samples': 14, 'feature_fraction': 0.5125947514018969, 'bagging_fraction': 0.9986550023481243, 'reg_alpha': 0.2048733751012715, 'reg_lambda': 2.2634306500099218e-08}. Best is trial 181 with value: -0.9360705907673996.
[I 2025-08-02 08:26:19,453] Trial 353 finished with value: -0.9352407372392921 and parameters: {'learning_rate': 0.03547058316310249, 'num_leaves': 27, 'max_depth': 6, 'min_child_samples': 10, 'feature_fraction': 0.5582599605429858, 'bagging_fraction': 0.9036319588968226, 'reg_alpha': 0.6492585584351308, 'reg_lambda': 0.6966656568244839}. Best is trial 181 with value: -0.9360705907673996.
[I 2025-08-02 08:26:29,347] Trial 354 finished with value: -0.9334760751727943 and parameters: {'learning_rate': 0.03200259660046511, 'num_leaves': 36, 'max_depth': 12, 'min_child_samples': 12, 'feature_fraction': 0.5223490803244538, 'bagging_fraction': 0.7236239283806749, 'reg_alpha': 0.09631921916478678, 'reg_lambda': 3.433775652073336e-08}. Best is trial 181 with value: -0.9360705907673996.
[I 2025-08-02 08:26:36,590] Trial 355 finished with value: -0.931886022244764 and parameters: {'learning_rate': 0.03385483405267865, 'num_leaves': 22, 'max_depth': 11, 'min_child_samples': 50, 'feature_fraction': 0.5436381237832005, 'bagging_fraction': 0.7001954993073924, 'reg_alpha': 0.15579634965163952, 'reg_lambda': 0.00020981157856227636}. Best is trial 181 with value: -0.9360705907673996.
[I 2025-08-02 08:26:54,401] Trial 356 finished with value: -0.9331238657541242 and parameters: {'learning_rate': 0.0370231891402912, 'num_leaves': 252, 'max_depth': 9, 'min_child_samples': 10, 'feature_fraction': 0.5299764235523889, 'bagging_fraction': 0.5945252499227304, 'reg_alpha': 3.1043018534178164, 'reg_lambda': 9.589693581976569e-08}. Best is trial 181 with value: -0.9360705907673996.
[I 2025-08-02 08:27:16,537] Trial 357 finished with value: -0.9326246288860173 and parameters: {'learning_rate': 0.03071851956470277, 'num_leaves': 125, 'max_depth': 15, 'min_child_samples': 14, 'feature_fraction': 0.5502618062369556, 'bagging_fraction': 0.8681019992095581, 'reg_alpha': 0.315128687588648, 'reg_lambda': 1.9611168875044724e-08}. Best is trial 181 with value: -0.9360705907673996.
[I 2025-08-02 08:27:23,417] Trial 358 finished with value: -0.9325188849944731 and parameters: {'learning_rate': 0.039586380312160885, 'num_leaves': 41, 'max_depth': 5, 'min_child_samples': 12, 'feature_fraction': 0.580190837455008, 'bagging_fraction': 0.8539784237320686, 'reg_alpha': 1.8369300191311608, 'reg_lambda': 1.4143849529449311e-08}. Best is trial 181 with value: -0.9360705907673996.
[I 2025-08-02 08:27:31,873] Trial 359 finished with value: -0.9352031386317987 and parameters: {'learning_rate': 0.03406230880117837, 'num_leaves': 29, 'max_depth': 15, 'min_child_samples': 11, 'feature_fraction': 0.5095046053653457, 'bagging_fraction': 0.7054741914188777, 'reg_alpha': 5.125940488565301, 'reg_lambda': 2.7630668343583468e-08}. Best is trial 181 with value: -0.9360705907673996.
[I 2025-08-02 08:27:59,326] Trial 360 finished with value: -0.9319346788736652 and parameters: {'learning_rate': 0.03230584488258912, 'num_leaves': 167, 'max_depth': 14, 'min_child_samples': 10, 'feature_fraction': 0.5235191722413222, 'bagging_fraction': 0.8895685477911588, 'reg_alpha': 1.5225042070425514, 'reg_lambda': 2.0871746543947997e-07}. Best is trial 181 with value: -0.9360705907673996.
[I 2025-08-02 08:28:08,704] Trial 361 finished with value: -0.93384489252296 and parameters: {'learning_rate': 0.035982420434879724, 'num_leaves': 34, 'max_depth': 15, 'min_child_samples': 13, 'feature_fraction': 0.5377679520587366, 'bagging_fraction': 0.6927036038781976, 'reg_alpha': 0.07936349299092701, 'reg_lambda': 6.361655334294426e-07}. Best is trial 181 with value: -0.9360705907673996.
[I 2025-08-02 08:28:16,061] Trial 362 finished with value: -0.9327607557405584 and parameters: {'learning_rate': 0.03021869894037935, 'num_leaves': 23, 'max_depth': 15, 'min_child_samples': 16, 'feature_fraction': 0.5541695132738128, 'bagging_fraction': 0.9407227170476059, 'reg_alpha': 0.7653849211542437, 'reg_lambda': 1.6308663786122612e-08}. Best is trial 181 with value: -0.9360705907673996.
[I 2025-08-02 08:28:28,362] Trial 363 finished with value: -0.9322714974073929 and parameters: {'learning_rate': 0.03382597798680227, 'num_leaves': 44, 'max_depth': 15, 'min_child_samples': 10, 'feature_fraction': 0.5685653934959143, 'bagging_fraction': 0.6701921632117048, 'reg_alpha': 3.483583346818012, 'reg_lambda': 5.2953270721464305}. Best is trial 181 with value: -0.9360705907673996.
[I 2025-08-02 08:28:33,490] Trial 364 finished with value: -0.9275196792461339 and parameters: {'learning_rate': 0.180770817720604, 'num_leaves': 37, 'max_depth': 14, 'min_child_samples': 12, 'feature_fraction': 0.5302098577467107, 'bagging_fraction': 0.7994470633628478, 'reg_alpha': 0.0013387849570501984, 'reg_lambda': 4.3411340881652904e-08}. Best is trial 181 with value: -0.9360705907673996.
[I 2025-08-02 08:28:41,621] Trial 365 finished with value: -0.9336216841473206 and parameters: {'learning_rate': 0.04353845704481347, 'num_leaves': 31, 'max_depth': 15, 'min_child_samples': 14, 'feature_fraction': 0.5162200213070592, 'bagging_fraction': 0.716766414575788, 'reg_alpha': 1.1663844817650395, 'reg_lambda': 1.4200647044837255e-08}. Best is trial 181 with value: -0.9360705907673996.
[I 2025-08-02 08:28:47,856] Trial 366 finished with value: -0.9338786382740097 and parameters: {'learning_rate': 0.03935610125423217, 'num_leaves': 18, 'max_depth': 14, 'min_child_samples': 11, 'feature_fraction': 0.543226912785232, 'bagging_fraction': 0.5604908156974968, 'reg_alpha': 9.715085900884452, 'reg_lambda': 2.3202383235042763e-08}. Best is trial 181 with value: -0.9360705907673996.
[I 2025-08-02 08:28:56,252] Trial 367 finished with value: -0.9341689790882831 and parameters: {'learning_rate': 0.02314546320474304, 'num_leaves': 27, 'max_depth': 15, 'min_child_samples': 10, 'feature_fraction': 0.5357337618938537, 'bagging_fraction': 0.7385532249971717, 'reg_alpha': 0.14480330012255024, 'reg_lambda': 6.51478689934708e-08}. Best is trial 181 with value: -0.9360705907673996.
[I 2025-08-02 08:29:08,197] Trial 368 finished with value: -0.928840948808202 and parameters: {'learning_rate': 0.01119960443718916, 'num_leaves': 42, 'max_depth': 15, 'min_child_samples': 25, 'feature_fraction': 0.5007049461071801, 'bagging_fraction': 0.7070229854132869, 'reg_alpha': 4.546073066022824, 'reg_lambda': 1.405276395004342e-08}. Best is trial 181 with value: -0.9360705907673996.
[I 2025-08-02 08:29:17,979] Trial 369 finished with value: -0.9339984166750825 and parameters: {'learning_rate': 0.03173778906939721, 'num_leaves': 36, 'max_depth': 13, 'min_child_samples': 13, 'feature_fraction': 0.5570104335267236, 'bagging_fraction': 0.9204781569183011, 'reg_alpha': 0.058980585304013095, 'reg_lambda': 1.0357621771455464e-08}. Best is trial 181 with value: -0.9360705907673996.
[I 2025-08-02 08:29:28,224] Trial 370 finished with value: -0.934044370602946 and parameters: {'learning_rate': 0.036496793475789685, 'num_leaves': 32, 'max_depth': 15, 'min_child_samples': 12, 'feature_fraction': 0.845530951785933, 'bagging_fraction': 0.9614908286672855, 'reg_alpha': 2.614145104761496, 'reg_lambda': 1.3101730272506917e-07}. Best is trial 181 with value: -0.9360705907673996.
[I 2025-08-02 08:29:36,288] Trial 371 finished with value: -0.9310523987863537 and parameters: {'learning_rate': 0.03413504636771158, 'num_leaves': 25, 'max_depth': 15, 'min_child_samples': 68, 'feature_fraction': 0.5227390374822818, 'bagging_fraction': 0.772360932840885, 'reg_alpha': 6.421544188868267, 'reg_lambda': 3.396813864883995e-08}. Best is trial 181 with value: -0.9360705907673996.
[I 2025-08-02 08:29:47,067] Trial 372 finished with value: -0.9337826738044777 and parameters: {'learning_rate': 0.027339332597837444, 'num_leaves': 40, 'max_depth': 15, 'min_child_samples': 15, 'feature_fraction': 0.5435002535078755, 'bagging_fraction': 0.6924722602294883, 'reg_alpha': 0.38197390800545034, 'reg_lambda': 1.0061135901589992e-08}. Best is trial 181 with value: -0.9360705907673996.
[I 2025-08-02 08:29:59,111] Trial 373 finished with value: -0.9351997823105083 and parameters: {'learning_rate': 0.03088405598503441, 'num_leaves': 47, 'max_depth': 15, 'min_child_samples': 10, 'feature_fraction': 0.5296448823618068, 'bagging_fraction': 0.7223177279868452, 'reg_alpha': 2.034463999581128, 'reg_lambda': 2.0035622236302694e-08}. Best is trial 181 with value: -0.9360705907673996.
[I 2025-08-02 08:30:08,115] Trial 374 finished with value: -0.9341153738333081 and parameters: {'learning_rate': 0.029222776855130903, 'num_leaves': 31, 'max_depth': 14, 'min_child_samples': 12, 'feature_fraction': 0.5134832878959511, 'bagging_fraction': 0.7829713645065239, 'reg_alpha': 0.21851420456289578, 'reg_lambda': 0.0020171388222713126}. Best is trial 181 with value: -0.9360705907673996.
[I 2025-08-02 08:30:18,255] Trial 375 finished with value: -0.9352986017357824 and parameters: {'learning_rate': 0.03276804659307682, 'num_leaves': 37, 'max_depth': 15, 'min_child_samples': 10, 'feature_fraction': 0.566192362077949, 'bagging_fraction': 0.9873859326546701, 'reg_alpha': 3.6535739984018107, 'reg_lambda': 2.4643851884998636e-08}. Best is trial 181 with value: -0.9360705907673996.
[I 2025-08-02 08:30:23,622] Trial 376 finished with value: -0.9328171779048844 and parameters: {'learning_rate': 0.03545582185953788, 'num_leaves': 14, 'max_depth': 15, 'min_child_samples': 13, 'feature_fraction': 0.5525589176859863, 'bagging_fraction': 0.9492173413650298, 'reg_alpha': 1.070251346992128e-06, 'reg_lambda': 3.034759837652441e-05}. Best is trial 181 with value: -0.9360705907673996.
[I 2025-08-02 08:30:29,711] Trial 377 finished with value: -0.933658914720258 and parameters: {'learning_rate': 0.07317408318991814, 'num_leaves': 21, 'max_depth': 15, 'min_child_samples': 17, 'feature_fraction': 0.5377430846019787, 'bagging_fraction': 0.7528493723276777, 'reg_alpha': 0.10873508692657137, 'reg_lambda': 4.806213907908786e-08}. Best is trial 181 with value: -0.9360705907673996.
[I 2025-08-02 08:30:37,479] Trial 378 finished with value: -0.935112711260049 and parameters: {'learning_rate': 0.04685605092604728, 'num_leaves': 27, 'max_depth': 14, 'min_child_samples': 10, 'feature_fraction': 0.5300002265540275, 'bagging_fraction': 0.7334211744955942, 'reg_alpha': 0.9852697044442731, 'reg_lambda': 1.0119152040092723e-08}. Best is trial 181 with value: -0.9360705907673996.
[I 2025-08-02 08:30:48,544] Trial 379 finished with value: -0.9335404078870871 and parameters: {'learning_rate': 0.0391505225420526, 'num_leaves': 46, 'max_depth': 15, 'min_child_samples': 14, 'feature_fraction': 0.5177560087804208, 'bagging_fraction': 0.6823085428770631, 'reg_alpha': 0.5500249982172756, 'reg_lambda': 1.7358008269061698e-08}. Best is trial 181 with value: -0.9360705907673996.
[I 2025-08-02 08:30:57,945] Trial 380 finished with value: -0.9345401066841398 and parameters: {'learning_rate': 0.0325520514628177, 'num_leaves': 34, 'max_depth': 12, 'min_child_samples': 12, 'feature_fraction': 0.5494690820348413, 'bagging_fraction': 0.7088714431731322, 'reg_alpha': 0.0006325557913465118, 'reg_lambda': 3.299667155891934e-08}. Best is trial 181 with value: -0.9360705907673996.
[I 2025-08-02 08:31:06,621] Trial 381 finished with value: -0.9325910636242478 and parameters: {'learning_rate': 0.03690125188006528, 'num_leaves': 41, 'max_depth': 8, 'min_child_samples': 39, 'feature_fraction': 0.523775606453543, 'bagging_fraction': 0.6412165250201057, 'reg_alpha': 6.841091895804474, 'reg_lambda': 0.006409046456702721}. Best is trial 181 with value: -0.9360705907673996.
[I 2025-08-02 08:31:15,414] Trial 382 finished with value: -0.9340971691236172 and parameters: {'learning_rate': 0.030318870388413282, 'num_leaves': 30, 'max_depth': 15, 'min_child_samples': 11, 'feature_fraction': 0.5415031365736581, 'bagging_fraction': 0.9314592013492192, 'reg_alpha': 2.39391561881625, 'reg_lambda': 0.39832500306134866}. Best is trial 181 with value: -0.9360705907673996.
