[I 2025-08-04 06:59:06,129] Trial 9 finished with value: -0.08193503039982465 and parameters: {'learning_rate': 0.010166803740022877, 'num_leaves': 211, 'max_depth': 12, 'min_child_samples': 76, 'feature_fraction': 0.8856351733429728, 'bagging_fraction': 0.5370223258670452, 'reg_alpha': 1.683416412018213e-05, 'reg_lambda': 1.1036250149900698e-07}. Best is trial 2 with value: -0.086544975032596.
[I 2025-08-04 06:59:06,881] Trial 10 finished with value: -0.04182822215409325 and parameters: {'learning_rate': 0.13388899274129873, 'num_leaves': 9, 'max_depth': 7, 'min_child_samples': 11, 'feature_fraction': 0.7846562513261506, 'bagging_fraction': 0.721539898400351, 'reg_alpha': 4.344469108550396, 'reg_lambda': 0.010039786460205695}. Best is trial 2 with value: -0.086544975032596.
[I 2025-08-04 06:59:13,180] Trial 11 finished with value: -0.08367185247698944 and parameters: {'learning_rate': 0.020362778419822015, 'num_leaves': 255, 'max_depth': 9, 'min_child_samples': 34, 'feature_fraction': 0.7018012731971806, 'bagging_fraction': 0.6994762507327695, 'reg_alpha': 0.000179649519485956, 'reg_lambda': 7.113881308869642e-05}. Best is trial 2 with value: -0.086544975032596.
[I 2025-08-04 06:59:19,675] Trial 12 finished with value: -0.08526929179709324 and parameters: {'learning_rate': 0.019577718361487365, 'num_leaves': 129, 'max_depth': 10, 'min_child_samples': 35, 'feature_fraction': 0.8265015800721067, 'bagging_fraction': 0.5046555777845694, 'reg_alpha': 0.0001653282123997984, 'reg_lambda': 0.002930663990892253}. Best is trial 2 with value: -0.086544975032596.
[I 2025-08-04 06:59:27,357] Trial 13 finished with value: -0.08456522341886098 and parameters: {'learning_rate': 0.08170216566351561, 'num_leaves': 163, 'max_depth': 14, 'min_child_samples': 21, 'feature_fraction': 0.6541754319324896, 'bagging_fraction': 0.8304278626461433, 'reg_alpha': 0.037861840423533064, 'reg_lambda': 9.967459284487096e-06}. Best is trial 2 with value: -0.086544975032596.
[I 2025-08-04 06:59:31,145] Trial 14 finished with value: -0.08055113531416981 and parameters: {'learning_rate': 0.029839464804576145, 'num_leaves': 92, 'max_depth': 7, 'min_child_samples': 46, 'feature_fraction': 0.7408524156576866, 'bagging_fraction': 0.651723150444279, 'reg_alpha': 1.8290593430566233e-06, 'reg_lambda': 1.3349469769994882e-08}. Best is trial 2 with value: -0.086544975032596.
[I 2025-08-04 06:59:37,964] Trial 15 finished with value: -0.08057454406054329 and parameters: {'learning_rate': 0.01383276720433204, 'num_leaves': 225, 'max_depth': 9, 'min_child_samples': 67, 'feature_fraction': 0.8524635413007553, 'bagging_fraction': 0.8013123222722462, 'reg_alpha': 2.0577776761646817e-08, 'reg_lambda': 0.14184312049385903}. Best is trial 2 with value: -0.086544975032596.
[I 2025-08-04 06:59:45,801] Trial 16 finished with value: -0.08069900225450631 and parameters: {'learning_rate': 0.01033468549769335, 'num_leaves': 97, 'max_depth': 7, 'min_child_samples': 52, 'feature_fraction': 0.5077551909971134, 'bagging_fraction': 0.5669390895619841, 'reg_alpha': 0.0019415585650032921, 'reg_lambda': 7.186604565842657e-06}. Best is trial 2 with value: -0.086544975032596.
[I 2025-08-04 06:59:50,026] Trial 17 finished with value: -0.07264223596083405 and parameters: {'learning_rate': 0.16640556451022465, 'num_leaves': 175, 'max_depth': 11, 'min_child_samples': 25, 'feature_fraction': 0.6205291332823097, 'bagging_fraction': 0.6707750474677461, 'reg_alpha': 3.917289207081444e-05, 'reg_lambda': 0.0005144054766241233}. Best is trial 2 with value: -0.086544975032596.
[I 2025-08-04 06:59:51,271] Trial 18 finished with value: -0.021502258955249362 and parameters: {'learning_rate': 0.017752058501172615, 'num_leaves': 87, 'max_depth': 13, 'min_child_samples': 66, 'feature_fraction': 0.7372898166892035, 'bagging_fraction': 0.7533881284358335, 'reg_alpha': 9.067985943365022, 'reg_lambda': 0.010993417108982753}. Best is trial 2 with value: -0.086544975032596.
[I 2025-08-04 06:59:54,565] Trial 19 finished with value: -0.08253383575652884 and parameters: {'learning_rate': 0.02940478598337108, 'num_leaves': 24, 'max_depth': 6, 'min_child_samples': 92, 'feature_fraction': 0.9489115808853676, 'bagging_fraction': 0.5852306392660565, 'reg_alpha': 1.6551473191505545e-07, 'reg_lambda': 8.22636411232521e-05}. Best is trial 2 with value: -0.086544975032596.
[I 2025-08-04 06:59:58,653] Trial 20 finished with value: -0.08195894085377135 and parameters: {'learning_rate': 0.04151551658518635, 'num_leaves': 154, 'max_depth': 8, 'min_child_samples': 46, 'feature_fraction': 0.7086421037028057, 'bagging_fraction': 0.8787943061604515, 'reg_alpha': 0.013240454474943743, 'reg_lambda': 2.9065538534041106e-06}. Best is trial 2 with value: -0.086544975032596.
[I 2025-08-04 07:00:05,507] Trial 21 finished with value: -0.08754108497669488 and parameters: {'learning_rate': 0.0316751007061427, 'num_leaves': 254, 'max_depth': 15, 'min_child_samples': 62, 'feature_fraction': 0.5736306798333981, 'bagging_fraction': 0.5777886108257787, 'reg_alpha': 1.3651831039275445e-08, 'reg_lambda': 1.3538798263084824}. Best is trial 21 with value: -0.08754108497669488.
[I 2025-08-04 07:00:09,999] Trial 22 finished with value: -0.08509183237597938 and parameters: {'learning_rate': 0.08095518480259396, 'num_leaves': 234, 'max_depth': 15, 'min_child_samples': 74, 'feature_fraction': 0.5789091709750697, 'bagging_fraction': 0.6176991219269974, 'reg_alpha': 3.2952970419991317e-07, 'reg_lambda': 0.07046713745157393}. Best is trial 21 with value: -0.08754108497669488.
[I 2025-08-04 07:00:16,060] Trial 23 finished with value: -0.07781585692926977 and parameters: {'learning_rate': 0.025277371591363406, 'num_leaves': 207, 'max_depth': 14, 'min_child_samples': 57, 'feature_fraction': 0.5796220576949027, 'bagging_fraction': 0.5503094676918231, 'reg_alpha': 0.839358499444947, 'reg_lambda': 8.038061038966312}. Best is trial 21 with value: -0.08754108497669488.
[I 2025-08-04 07:00:26,064] Trial 24 finished with value: -0.08646518131343224 and parameters: {'learning_rate': 0.016177917230130085, 'num_leaves': 255, 'max_depth': 13, 'min_child_samples': 28, 'feature_fraction': 0.6610679688214768, 'bagging_fraction': 0.6770072437111321, 'reg_alpha': 1.9765275273217536e-06, 'reg_lambda': 6.158203381028311e-05}. Best is trial 21 with value: -0.08754108497669488.
[I 2025-08-04 07:00:35,976] Trial 25 finished with value: -0.08635655222100157 and parameters: {'learning_rate': 0.016410258563455352, 'num_leaves': 193, 'max_depth': 11, 'min_child_samples': 25, 'feature_fraction': 0.538557751429787, 'bagging_fraction': 0.6642478703952389, 'reg_alpha': 2.467723761283506e-06, 'reg_lambda': 0.0021327556398311573}. Best is trial 21 with value: -0.08754108497669488.
[I 2025-08-04 07:00:45,144] Trial 26 finished with value: -0.08624417151639814 and parameters: {'learning_rate': 0.03897272682374149, 'num_leaves': 222, 'max_depth': 13, 'min_child_samples': 12, 'feature_fraction': 0.7918837823173844, 'bagging_fraction': 0.746373358666525, 'reg_alpha': 1.0769658957904248e-07, 'reg_lambda': 7.285956855272309e-05}. Best is trial 21 with value: -0.08754108497669488.
[I 2025-08-04 07:00:50,865] Trial 27 finished with value: -0.08695884331839414 and parameters: {'learning_rate': 0.025120625576274612, 'num_leaves': 115, 'max_depth': 10, 'min_child_samples': 41, 'feature_fraction': 0.6156886502882714, 'bagging_fraction': 0.7012000322254772, 'reg_alpha': 1.151451846913146e-06, 'reg_lambda': 2.6934572591055236e-06}. Best is trial 21 with value: -0.08754108497669488.
[I 2025-08-04 07:00:56,098] Trial 28 finished with value: -0.08536760808982838 and parameters: {'learning_rate': 0.03393507703356674, 'num_leaves': 112, 'max_depth': 10, 'min_child_samples': 46, 'feature_fraction': 0.6134923868822042, 'bagging_fraction': 0.6161265414945567, 'reg_alpha': 1.0562846361527958e-08, 'reg_lambda': 2.459502440266565e-06}. Best is trial 21 with value: -0.08754108497669488.
[I 2025-08-04 07:00:59,759] Trial 29 finished with value: -0.08294894727881615 and parameters: {'learning_rate': 0.05525445933273456, 'num_leaves': 73, 'max_depth': 8, 'min_child_samples': 61, 'feature_fraction': 0.5086096066234367, 'bagging_fraction': 0.5777684561526653, 'reg_alpha': 6.487825378295779e-08, 'reg_lambda': 3.2801168505858225e-08}. Best is trial 21 with value: -0.08754108497669488.
[I 2025-08-04 07:01:04,086] Trial 30 finished with value: -0.08054275929638277 and parameters: {'learning_rate': 0.026525437927163685, 'num_leaves': 107, 'max_depth': 5, 'min_child_samples': 40, 'feature_fraction': 0.548524383327409, 'bagging_fraction': 0.7643080707754748, 'reg_alpha': 5.454724514663642e-07, 'reg_lambda': 0.10575161499860215}. Best is trial 21 with value: -0.08754108497669488.
[I 2025-08-04 07:01:12,752] Trial 31 finished with value: -0.08650068971226912 and parameters: {'learning_rate': 0.02106296529229294, 'num_leaves': 249, 'max_depth': 13, 'min_child_samples': 32, 'feature_fraction': 0.59126362470437, 'bagging_fraction': 0.6991815802617073, 'reg_alpha': 1.5740815852030343e-06, 'reg_lambda': 1.685700429856876e-05}. Best is trial 21 with value: -0.08754108497669488.
[I 2025-08-04 07:01:20,245] Trial 32 finished with value: -0.08644971546135059 and parameters: {'learning_rate': 0.02282341921121965, 'num_leaves': 119, 'max_depth': 12, 'min_child_samples': 33, 'feature_fraction': 0.5994381751505257, 'bagging_fraction': 0.704620540304934, 'reg_alpha': 3.948352113757996e-05, 'reg_lambda': 9.174885483130005e-07}. Best is trial 21 with value: -0.08754108497669488.
[I 2025-08-04 07:01:29,396] Trial 33 finished with value: -0.08732878761781511 and parameters: {'learning_rate': 0.03182536789358876, 'num_leaves': 183, 'max_depth': 14, 'min_child_samples': 18, 'feature_fraction': 0.5500349790008944, 'bagging_fraction': 0.5912090335006334, 'reg_alpha': 7.413358605105996e-07, 'reg_lambda': 2.125860857699107e-05}. Best is trial 21 with value: -0.08754108497669488.
[I 2025-08-04 07:01:38,779] Trial 34 finished with value: -0.08949373508654754 and parameters: {'learning_rate': 0.03298782856908472, 'num_leaves': 176, 'max_depth': 14, 'min_child_samples': 17, 'feature_fraction': 0.5573618365755882, 'bagging_fraction': 0.501732582309061, 'reg_alpha': 4.0198769379958027e-08, 'reg_lambda': 1.6350139435978214e-07}. Best is trial 34 with value: -0.08949373508654754.
[I 2025-08-04 07:01:47,699] Trial 35 finished with value: -0.09008784219154387 and parameters: {'learning_rate': 0.034450280424953315, 'num_leaves': 178, 'max_depth': 14, 'min_child_samples': 18, 'feature_fraction': 0.5563817759997036, 'bagging_fraction': 0.5027292876886564, 'reg_alpha': 3.838525415204741e-08, 'reg_lambda': 1.3985986386183555e-07}. Best is trial 35 with value: -0.09008784219154387.
[I 2025-08-04 07:01:55,386] Trial 36 finished with value: -0.08756612636882194 and parameters: {'learning_rate': 0.06580560850702724, 'num_leaves': 179, 'max_depth': 14, 'min_child_samples': 16, 'feature_fraction': 0.5544277158955945, 'bagging_fraction': 0.5021131721845533, 'reg_alpha': 3.741586151833012e-08, 'reg_lambda': 1.489310392559258e-07}. Best is trial 35 with value: -0.09008784219154387.
[I 2025-08-04 07:02:02,866] Trial 37 finished with value: -0.08539914020038818 and parameters: {'learning_rate': 0.06904296058622045, 'num_leaves': 163, 'max_depth': 15, 'min_child_samples': 18, 'feature_fraction': 0.5673635643173398, 'bagging_fraction': 0.5078795600969794, 'reg_alpha': 4.0556058821014075e-08, 'reg_lambda': 1.334716063398824e-07}. Best is trial 35 with value: -0.09008784219154387.
[I 2025-08-04 07:02:12,074] Trial 38 finished with value: -0.08595301134157277 and parameters: {'learning_rate': 0.04789706584816287, 'num_leaves': 196, 'max_depth': 14, 'min_child_samples': 15, 'feature_fraction': 0.5072406663314711, 'bagging_fraction': 0.5274370606782683, 'reg_alpha': 1.2227186499006089e-08, 'reg_lambda': 8.79128114246784e-08}. Best is trial 35 with value: -0.09008784219154387.
[I 2025-08-04 07:02:20,505] Trial 39 finished with value: -0.07624633394341165 and parameters: {'learning_rate': 0.10472447981768004, 'num_leaves': 169, 'max_depth': 15, 'min_child_samples': 10, 'feature_fraction': 0.6406089351880103, 'bagging_fraction': 0.5510843914076643, 'reg_alpha': 3.951181337255819e-08, 'reg_lambda': 1.7085670405375826e-08}. Best is trial 35 with value: -0.09008784219154387.
[I 2025-08-04 07:02:25,906] Trial 40 finished with value: -0.0802437072930612 and parameters: {'learning_rate': 0.06140026060180132, 'num_leaves': 147, 'max_depth': 12, 'min_child_samples': 22, 'feature_fraction': 0.6807649095110005, 'bagging_fraction': 0.5017983517836251, 'reg_alpha': 1.9558327000974992e-07, 'reg_lambda': 3.4758049750055147e-07}. Best is trial 35 with value: -0.09008784219154387.
[I 2025-08-04 07:02:34,978] Trial 41 finished with value: -0.0879198333343033 and parameters: {'learning_rate': 0.03512289994297301, 'num_leaves': 180, 'max_depth': 14, 'min_child_samples': 17, 'feature_fraction': 0.5543932613164914, 'bagging_fraction': 0.5814677297092005, 'reg_alpha': 5.573238545947674e-08, 'reg_lambda': 4.85804402731122e-08}. Best is trial 35 with value: -0.09008784219154387.
[I 2025-08-04 07:02:44,408] Trial 42 finished with value: -0.08950968803345284 and parameters: {'learning_rate': 0.03548792818178724, 'num_leaves': 181, 'max_depth': 14, 'min_child_samples': 16, 'feature_fraction': 0.5269990867329793, 'bagging_fraction': 0.5296557434856435, 'reg_alpha': 4.9642113108172104e-08, 'reg_lambda': 4.312059114941426e-08}. Best is trial 35 with value: -0.09008784219154387.
[I 2025-08-04 07:02:53,161] Trial 43 finished with value: -0.08600471822549216 and parameters: {'learning_rate': 0.04433129446830619, 'num_leaves': 183, 'max_depth': 14, 'min_child_samples': 16, 'feature_fraction': 0.52748498902818, 'bagging_fraction': 0.5291937119017603, 'reg_alpha': 7.442444867835981e-08, 'reg_lambda': 9.998082543871382e-08}. Best is trial 35 with value: -0.09008784219154387.
[I 2025-08-04 07:03:00,243] Trial 44 finished with value: -0.08804714426979303 and parameters: {'learning_rate': 0.0349127982685821, 'num_leaves': 194, 'max_depth': 13, 'min_child_samples': 27, 'feature_fraction': 0.5508602122581214, 'bagging_fraction': 0.5553718500949776, 'reg_alpha': 2.77748363427508e-07, 'reg_lambda': 5.1998416990677824e-08}. Best is trial 35 with value: -0.09008784219154387.
[I 2025-08-04 07:03:07,199] Trial 45 finished with value: -0.08815497443183175 and parameters: {'learning_rate': 0.03634955907953753, 'num_leaves': 214, 'max_depth': 13, 'min_child_samples': 29, 'feature_fraction': 0.5258625413721457, 'bagging_fraction': 0.5499779656782962, 'reg_alpha': 6.3779314956993485e-06, 'reg_lambda': 3.748608831407995e-08}. Best is trial 35 with value: -0.09008784219154387.
[I 2025-08-04 07:03:13,630] Trial 46 finished with value: -0.08359299404419641 and parameters: {'learning_rate': 0.03645336072551245, 'num_leaves': 214, 'max_depth': 11, 'min_child_samples': 30, 'feature_fraction': 0.526531115490164, 'bagging_fraction': 0.5440529489992, 'reg_alpha': 2.8494561202698465e-07, 'reg_lambda': 7.260098857324726e-07}. Best is trial 35 with value: -0.09008784219154387.
[I 2025-08-04 07:03:19,938] Trial 47 finished with value: -0.08800678033144281 and parameters: {'learning_rate': 0.05197971537446858, 'num_leaves': 196, 'max_depth': 12, 'min_child_samples': 24, 'feature_fraction': 0.5025684674668875, 'bagging_fraction': 0.6088435881640017, 'reg_alpha': 7.808609007430117e-06, 'reg_lambda': 3.094176014434878e-08}. Best is trial 35 with value: -0.09008784219154387.
[I 2025-08-04 07:03:26,744] Trial 48 finished with value: -0.08783528892634468 and parameters: {'learning_rate': 0.04379855557182443, 'num_leaves': 230, 'max_depth': 13, 'min_child_samples': 29, 'feature_fraction': 0.5298141823535489, 'bagging_fraction': 0.5608202903463333, 'reg_alpha': 6.334996954008084e-06, 'reg_lambda': 1.2905925609777302e-08}. Best is trial 35 with value: -0.09008784219154387.
[I 2025-08-04 07:03:34,239] Trial 49 finished with value: -0.08866476030150951 and parameters: {'learning_rate': 0.03891090464771611, 'num_leaves': 155, 'max_depth': 13, 'min_child_samples': 21, 'feature_fraction': 0.5969462458033316, 'bagging_fraction': 0.5251940384968841, 'reg_alpha': 4.9818902006025e-07, 'reg_lambda': 2.6204590637771356e-07}. Best is trial 35 with value: -0.09008784219154387.
[I 2025-08-04 07:03:41,284] Trial 50 finished with value: -0.09045244043326892 and parameters: {'learning_rate': 0.03919429967475488, 'num_leaves': 137, 'max_depth': 12, 'min_child_samples': 20, 'feature_fraction': 0.6015378861036264, 'bagging_fraction': 0.5303013683297816, 'reg_alpha': 2.773115351907709e-05, 'reg_lambda': 3.243320640523907e-07}. Best is trial 50 with value: -0.09045244043326892.
[I 2025-08-04 07:03:48,879] Trial 51 finished with value: -0.09385478265523559 and parameters: {'learning_rate': 0.028120029762983688, 'num_leaves': 132, 'max_depth': 12, 'min_child_samples': 20, 'feature_fraction': 0.6036262737760412, 'bagging_fraction': 0.5240062264964098, 'reg_alpha': 1.8164208152394488e-05, 'reg_lambda': 2.956122888101116e-07}. Best is trial 51 with value: -0.09385478265523559.
[I 2025-08-04 07:03:56,693] Trial 52 finished with value: -0.09201073022185105 and parameters: {'learning_rate': 0.02831492487997852, 'num_leaves': 133, 'max_depth': 12, 'min_child_samples': 21, 'feature_fraction': 0.6098190590977659, 'bagging_fraction': 0.5211572462362685, 'reg_alpha': 0.0008845415927488416, 'reg_lambda': 2.592520510188183e-07}. Best is trial 51 with value: -0.09385478265523559.
[I 2025-08-04 07:04:05,397] Trial 53 finished with value: -0.09031569916372159 and parameters: {'learning_rate': 0.028797345596674646, 'num_leaves': 128, 'max_depth': 11, 'min_child_samples': 13, 'feature_fraction': 0.6684400718823597, 'bagging_fraction': 0.5219120835907283, 'reg_alpha': 0.0008322907532361805, 'reg_lambda': 1.1109068337577001e-06}. Best is trial 51 with value: -0.09385478265523559.
[I 2025-08-04 07:04:13,710] Trial 54 finished with value: -0.08889125421101002 and parameters: {'learning_rate': 0.027866139556944062, 'num_leaves': 145, 'max_depth': 11, 'min_child_samples': 13, 'feature_fraction': 0.6672922792461469, 'bagging_fraction': 0.5211546675205189, 'reg_alpha': 0.0003818461007832675, 'reg_lambda': 1.8690757079914088e-06}. Best is trial 51 with value: -0.09385478265523559.
[I 2025-08-04 07:04:22,455] Trial 55 finished with value: -0.08939313774033761 and parameters: {'learning_rate': 0.02271858153799128, 'num_leaves': 125, 'max_depth': 12, 'min_child_samples': 20, 'feature_fraction': 0.6329925766700202, 'bagging_fraction': 0.5263317028874926, 'reg_alpha': 0.0008708697598554062, 'reg_lambda': 5.455358362057288e-07}. Best is trial 51 with value: -0.09385478265523559.
[I 2025-08-04 07:04:33,896] Trial 56 finished with value: -0.08830162702273905 and parameters: {'learning_rate': 0.019452109881018538, 'num_leaves': 138, 'max_depth': 11, 'min_child_samples': 10, 'feature_fraction': 0.6361632167230528, 'bagging_fraction': 0.6332425716306722, 'reg_alpha': 0.007326174126076246, 'reg_lambda': 1.203120183713881e-06}. Best is trial 51 with value: -0.09385478265523559.
[I 2025-08-04 07:04:39,610] Trial 57 finished with value: -0.08765760630067379 and parameters: {'learning_rate': 0.029247190628170067, 'num_leaves': 134, 'max_depth': 9, 'min_child_samples': 23, 'feature_fraction': 0.602756043575209, 'bagging_fraction': 0.5943533626805185, 'reg_alpha': 0.00024774090015727455, 'reg_lambda': 3.793774192179559e-07}. Best is trial 51 with value: -0.09385478265523559.
[I 2025-08-04 07:04:46,165] Trial 58 finished with value: -0.08846530087055973 and parameters: {'learning_rate': 0.04933300707112193, 'num_leaves': 101, 'max_depth': 12, 'min_child_samples': 13, 'feature_fraction': 0.7194156423165753, 'bagging_fraction': 0.9197379985941248, 'reg_alpha': 8.002837717874962e-05, 'reg_lambda': 7.305795477238397e-06}. Best is trial 51 with value: -0.09385478265523559.
[I 2025-08-04 07:04:51,264] Trial 59 finished with value: -0.08446087520144312 and parameters: {'learning_rate': 0.0275438270935166, 'num_leaves': 125, 'max_depth': 10, 'min_child_samples': 36, 'feature_fraction': 0.7659141986672557, 'bagging_fraction': 0.56763496180922, 'reg_alpha': 0.0007467786810688681, 'reg_lambda': 4.4643318539340326e-06}. Best is trial 51 with value: -0.09385478265523559.
[I 2025-08-04 07:04:57,583] Trial 60 finished with value: -0.08699249902724947 and parameters: {'learning_rate': 0.040157813323212714, 'num_leaves': 158, 'max_depth': 11, 'min_child_samples': 20, 'feature_fraction': 0.6784734402715081, 'bagging_fraction': 0.5375417392624663, 'reg_alpha': 1.779336493130844e-05, 'reg_lambda': 2.1903399956030104e-07}. Best is trial 51 with value: -0.09385478265523559.
[I 2025-08-04 07:05:07,546] Trial 61 finished with value: -0.09075987186345084 and parameters: {'learning_rate': 0.03076934969823875, 'num_leaves': 170, 'max_depth': 12, 'min_child_samples': 13, 'feature_fraction': 0.5729274397180025, 'bagging_fraction': 0.5152335972921429, 'reg_alpha': 0.0024414375549208656, 'reg_lambda': 7.032430279953348e-08}. Best is trial 51 with value: -0.09385478265523559.
[I 2025-08-04 07:05:17,328] Trial 62 finished with value: -0.09111512010429242 and parameters: {'learning_rate': 0.03021366227524565, 'num_leaves': 148, 'max_depth': 12, 'min_child_samples': 14, 'feature_fraction': 0.5713141684826346, 'bagging_fraction': 0.5199667258259263, 'reg_alpha': 0.004884532248074326, 'reg_lambda': 7.204847250332305e-08}. Best is trial 51 with value: -0.09385478265523559.
[I 2025-08-04 07:05:27,509] Trial 63 finished with value: -0.0897208757931347 and parameters: {'learning_rate': 0.023682927940905995, 'num_leaves': 145, 'max_depth': 12, 'min_child_samples': 14, 'feature_fraction': 0.5840606885143572, 'bagging_fraction': 0.5131417921882805, 'reg_alpha': 0.002367996761342211, 'reg_lambda': 1.4394995067946745e-06}. Best is trial 51 with value: -0.09385478265523559.
