[I 2025-08-04 04:41:24,926] Trial 379 finished with value: -0.10163911633727642 and parameters: {'learning_rate': 0.02587411734451111, 'depth': 12, 'l2_leaf_reg': 1.1526413334948455, 'border_count': 84}. Best is trial 376 with value: -0.10563905611258098.
[I 2025-08-04 04:43:42,573] Trial 380 finished with value: -0.10020862796598633 and parameters: {'learning_rate': 0.026635831489785218, 'depth': 12, 'l2_leaf_reg': 1.4959364788666887, 'border_count': 90}. Best is trial 376 with value: -0.10563905611258098.
[I 2025-08-04 04:47:28,610] Trial 381 finished with value: -0.10221368064197538 and parameters: {'learning_rate': 0.024709851396682535, 'depth': 12, 'l2_leaf_reg': 1.269208188152658, 'border_count': 177}. Best is trial 376 with value: -0.10563905611258098.
[I 2025-08-04 04:49:42,444] Trial 382 finished with value: -0.0991096915873635 and parameters: {'learning_rate': 0.023953511375463456, 'depth': 12, 'l2_leaf_reg': 1.3711525912970743, 'border_count': 91}. Best is trial 376 with value: -0.10563905611258098.
[I 2025-08-04 04:52:49,932] Trial 383 finished with value: -0.09894227719906613 and parameters: {'learning_rate': 0.02334684164933047, 'depth': 12, 'l2_leaf_reg': 5.156310955056014, 'border_count': 109}. Best is trial 376 with value: -0.10563905611258098.
[I 2025-08-04 04:53:03,714] Trial 384 finished with value: -0.07755085481882289 and parameters: {'learning_rate': 0.025630675757302553, 'depth': 6, 'l2_leaf_reg': 1.6101428423607456, 'border_count': 164}. Best is trial 376 with value: -0.10563905611258098.
[I 2025-08-04 04:53:51,381] Trial 385 finished with value: -0.05375588846331295 and parameters: {'learning_rate': 0.2847970047874826, 'depth': 12, 'l2_leaf_reg': 1.1467391992227358, 'border_count': 86}. Best is trial 376 with value: -0.10563905611258098.
[I 2025-08-04 04:55:44,546] Trial 386 finished with value: -0.09738822596619977 and parameters: {'learning_rate': 0.0302796728627755, 'depth': 12, 'l2_leaf_reg': 1.4733087967044805, 'border_count': 82}. Best is trial 376 with value: -0.10563905611258098.
[I 2025-08-04 04:58:04,161] Trial 387 finished with value: -0.10243892720139056 and parameters: {'learning_rate': 0.022316990791399403, 'depth': 12, 'l2_leaf_reg': 1.7492814706705688, 'border_count': 78}. Best is trial 376 with value: -0.10563905611258098.
[I 2025-08-04 05:00:46,277] Trial 388 finished with value: -0.10163788279620821 and parameters: {'learning_rate': 0.014125670833490136, 'depth': 12, 'l2_leaf_reg': 1.305911764002918, 'border_count': 80}. Best is trial 376 with value: -0.10563905611258098.
[I 2025-08-04 05:03:35,218] Trial 389 finished with value: -0.10308427905464844 and parameters: {'learning_rate': 0.01491538535088072, 'depth': 12, 'l2_leaf_reg': 1.0322779095934715, 'border_count': 87}. Best is trial 376 with value: -0.10563905611258098.
[I 2025-08-04 05:06:40,003] Trial 390 finished with value: -0.09718700444079369 and parameters: {'learning_rate': 0.014931511056205977, 'depth': 12, 'l2_leaf_reg': 4.62779462477382, 'border_count': 89}. Best is trial 376 with value: -0.10563905611258098.
[I 2025-08-04 05:09:42,388] Trial 391 finished with value: -0.10257690075618146 and parameters: {'learning_rate': 0.013322028902971215, 'depth': 12, 'l2_leaf_reg': 1.0007073559721498, 'border_count': 90}. Best is trial 376 with value: -0.10563905611258098.
[I 2025-08-04 05:12:43,511] Trial 392 finished with value: -0.10171179127743642 and parameters: {'learning_rate': 0.013982850067885905, 'depth': 12, 'l2_leaf_reg': 1.0210759231936055, 'border_count': 93}. Best is trial 376 with value: -0.10563905611258098.
[I 2025-08-04 05:15:48,402] Trial 393 finished with value: -0.09893101268476331 and parameters: {'learning_rate': 0.016073113166161505, 'depth': 12, 'l2_leaf_reg': 1.1555451434749011, 'border_count': 101}. Best is trial 376 with value: -0.10563905611258098.
[I 2025-08-04 05:18:33,977] Trial 394 finished with value: -0.10230875271550387 and parameters: {'learning_rate': 0.01569553379946386, 'depth': 12, 'l2_leaf_reg': 1.5461371387914649, 'border_count': 86}. Best is trial 376 with value: -0.10563905611258098.
[I 2025-08-04 05:21:31,188] Trial 395 finished with value: -0.10142008951522682 and parameters: {'learning_rate': 0.014839542960136771, 'depth': 12, 'l2_leaf_reg': 1.0030789763766617, 'border_count': 96}. Best is trial 376 with value: -0.10563905611258098.
[I 2025-08-04 05:24:20,733] Trial 396 finished with value: -0.10076494733701523 and parameters: {'learning_rate': 0.012206332728159656, 'depth': 12, 'l2_leaf_reg': 1.2678202371580174, 'border_count': 76}. Best is trial 376 with value: -0.10563905611258098.
[I 2025-08-04 05:27:03,475] Trial 397 finished with value: -0.0914719609860267 and parameters: {'learning_rate': 0.01778699745464347, 'depth': 12, 'l2_leaf_reg': 9.92947971545734, 'border_count': 75}. Best is trial 376 with value: -0.10563905611258098.
[I 2025-08-04 05:29:42,191] Trial 398 finished with value: -0.09959161841705076 and parameters: {'learning_rate': 0.017161826591125858, 'depth': 12, 'l2_leaf_reg': 1.7884390909767494, 'border_count': 84}. Best is trial 376 with value: -0.10563905611258098.
[I 2025-08-04 05:31:18,735] Trial 399 finished with value: -0.10216107205130201 and parameters: {'learning_rate': 0.015222155125484551, 'depth': 11, 'l2_leaf_reg': 1.510601401976601, 'border_count': 84}. Best is trial 376 with value: -0.10563905611258098.
[I 2025-08-04 05:33:23,844] Trial 400 finished with value: -0.10089000605341916 and parameters: {'learning_rate': 0.016598845011487028, 'depth': 12, 'l2_leaf_reg': 1.1919252492926056, 'border_count': 53}. Best is trial 376 with value: -0.10563905611258098.
[I 2025-08-04 05:35:46,749] Trial 401 finished with value: -0.10103160342262447 and parameters: {'learning_rate': 0.019954429261801108, 'depth': 12, 'l2_leaf_reg': 1.6779529417750645, 'border_count': 75}. Best is trial 376 with value: -0.10563905611258098.
[I 2025-08-04 05:38:40,658] Trial 402 finished with value: -0.09994519519431795 and parameters: {'learning_rate': 0.027520534374046567, 'depth': 12, 'l2_leaf_reg': 7.474434196231013, 'border_count': 88}. Best is trial 376 with value: -0.10563905611258098.
[I 2025-08-04 05:40:49,131] Trial 403 finished with value: -0.09912899809126388 and parameters: {'learning_rate': 0.014009356533946644, 'depth': 12, 'l2_leaf_reg': 1.3822551990613827, 'border_count': 49}. Best is trial 376 with value: -0.10563905611258098.
[I 2025-08-04 05:42:50,382] Trial 404 finished with value: -0.09458586695819694 and parameters: {'learning_rate': 0.060547685760323246, 'depth': 12, 'l2_leaf_reg': 1.8884088733037427, 'border_count': 140}. Best is trial 376 with value: -0.10563905611258098.
[I 2025-08-04 05:45:21,960] Trial 405 finished with value: -0.10162811003535875 and parameters: {'learning_rate': 0.016913012387020643, 'depth': 12, 'l2_leaf_reg': 1.5436415329096393, 'border_count': 71}. Best is trial 376 with value: -0.10563905611258098.
[I 2025-08-04 05:47:57,383] Trial 406 finished with value: -0.10168351792821811 and parameters: {'learning_rate': 0.015548791278558006, 'depth': 12, 'l2_leaf_reg': 1.1637553859556826, 'border_count': 79}. Best is trial 376 with value: -0.10563905611258098.
[I 2025-08-04 05:49:07,600] Trial 407 finished with value: -0.09723430030615819 and parameters: {'learning_rate': 0.01827932722628905, 'depth': 11, 'l2_leaf_reg': 3.3669365989244464, 'border_count': 45}. Best is trial 376 with value: -0.10563905611258098.
[I 2025-08-04 05:49:34,658] Trial 408 finished with value: -0.09308051223506417 and parameters: {'learning_rate': 0.024279563019619265, 'depth': 9, 'l2_leaf_reg': 1.3600485580965742, 'border_count': 53}. Best is trial 376 with value: -0.10563905611258098.
[I 2025-08-04 05:51:35,585] Trial 409 finished with value: -0.09874300549991526 and parameters: {'learning_rate': 0.010106550103024222, 'depth': 12, 'l2_leaf_reg': 1.6822932773447135, 'border_count': 32}. Best is trial 376 with value: -0.10563905611258098.
[I 2025-08-04 05:52:30,476] Trial 410 finished with value: -0.07307373603976937 and parameters: {'learning_rate': 0.20815182279319405, 'depth': 12, 'l2_leaf_reg': 1.4292334644627296, 'border_count': 94}. Best is trial 376 with value: -0.10563905611258098.
[I 2025-08-04 05:54:08,152] Trial 411 finished with value: -0.09840767067076302 and parameters: {'learning_rate': 0.02037078221536978, 'depth': 12, 'l2_leaf_reg': 1.1493680102796635, 'border_count': 40}. Best is trial 376 with value: -0.10563905611258098.
[I 2025-08-04 05:56:09,399] Trial 412 finished with value: -0.10056429030189004 and parameters: {'learning_rate': 0.016667502399119006, 'depth': 12, 'l2_leaf_reg': 1.5560607063586571, 'border_count': 47}. Best is trial 376 with value: -0.10563905611258098.
[I 2025-08-04 05:56:20,570] Trial 413 finished with value: -0.07373850232167604 and parameters: {'learning_rate': 0.021322371574598074, 'depth': 5, 'l2_leaf_reg': 4.165036267245374, 'border_count': 57}. Best is trial 376 with value: -0.10563905611258098.
[I 2025-08-04 05:57:23,996] Trial 414 finished with value: -0.09838096092912295 and parameters: {'learning_rate': 0.04559307115433142, 'depth': 11, 'l2_leaf_reg': 8.157517162758438, 'border_count': 72}. Best is trial 376 with value: -0.10563905611258098.
[I 2025-08-04 05:58:27,714] Trial 415 finished with value: -0.09844634080184103 and parameters: {'learning_rate': 0.019073762974902965, 'depth': 10, 'l2_leaf_reg': 1.0107312593378126, 'border_count': 130}. Best is trial 376 with value: -0.10563905611258098.
[I 2025-08-04 06:00:38,754] Trial 416 finished with value: -0.10273539018223413 and parameters: {'learning_rate': 0.013099058730759611, 'depth': 12, 'l2_leaf_reg': 1.8822404967046396, 'border_count': 43}. Best is trial 376 with value: -0.10563905611258098.
[I 2025-08-04 06:02:34,471] Trial 417 finished with value: -0.1012283451259985 and parameters: {'learning_rate': 0.023211715563248074, 'depth': 12, 'l2_leaf_reg': 1.2923213006694252, 'border_count': 64}. Best is trial 376 with value: -0.10563905611258098.
[I 2025-08-04 06:03:12,437] Trial 418 finished with value: -0.09679802928224251 and parameters: {'learning_rate': 0.12232962941306247, 'depth': 12, 'l2_leaf_reg': 1.6670330240116442, 'border_count': 36}. Best is trial 376 with value: -0.10563905611258098.
[I 2025-08-04 06:05:20,954] Trial 419 finished with value: -0.10157529308042651 and parameters: {'learning_rate': 0.014783463816253804, 'depth': 12, 'l2_leaf_reg': 1.4269443791764556, 'border_count': 51}. Best is trial 376 with value: -0.10563905611258098.
[I 2025-08-04 06:07:56,093] Trial 420 finished with value: -0.10119245510153757 and parameters: {'learning_rate': 0.017732564079787034, 'depth': 12, 'l2_leaf_reg': 1.2713600115825874, 'border_count': 82}. Best is trial 376 with value: -0.10563905611258098.
[I 2025-08-04 06:08:58,316] Trial 421 finished with value: -0.10011292880020498 and parameters: {'learning_rate': 0.025735087333343294, 'depth': 11, 'l2_leaf_reg': 1.8041071922642213, 'border_count': 55}. Best is trial 376 with value: -0.10563905611258098.
[I 2025-08-04 06:10:43,885] Trial 422 finished with value: -0.09881331178612737 and parameters: {'learning_rate': 0.019573418293972716, 'depth': 12, 'l2_leaf_reg': 1.5273779457564978, 'border_count': 48}. Best is trial 376 with value: -0.10563905611258098.
[I 2025-08-04 06:12:58,073] Trial 423 finished with value: -0.10062172131859717 and parameters: {'learning_rate': 0.016215722831980833, 'depth': 12, 'l2_leaf_reg': 1.1576260959466296, 'border_count': 60}. Best is trial 376 with value: -0.10563905611258098.
[I 2025-08-04 06:14:37,784] Trial 424 finished with value: -0.09978111320657372 and parameters: {'learning_rate': 0.021137316596953632, 'depth': 12, 'l2_leaf_reg': 1.3616808656142718, 'border_count': 42}. Best is trial 376 with value: -0.10563905611258098.
[I 2025-08-04 06:14:57,302] Trial 425 finished with value: -0.089114125830754 and parameters: {'learning_rate': 0.017716166992511308, 'depth': 8, 'l2_leaf_reg': 1.7184621603957888, 'border_count': 66}. Best is trial 376 with value: -0.10563905611258098.
[I 2025-08-04 06:17:15,157] Trial 426 finished with value: -0.10226103790519589 and parameters: {'learning_rate': 0.022236591653172506, 'depth': 12, 'l2_leaf_reg': 1.9413274879385178, 'border_count': 76}. Best is trial 376 with value: -0.10563905611258098.
[I 2025-08-04 06:19:38,128] Trial 427 finished with value: -0.10094118944023901 and parameters: {'learning_rate': 0.01910956660121094, 'depth': 12, 'l2_leaf_reg': 1.5711778250710073, 'border_count': 71}. Best is trial 376 with value: -0.10563905611258098.
[I 2025-08-04 06:22:35,287] Trial 428 finished with value: -0.1026044121555846 and parameters: {'learning_rate': 0.015754284083604957, 'depth': 12, 'l2_leaf_reg': 1.2570981049083412, 'border_count': 86}. Best is trial 376 with value: -0.10563905611258098.
[I 2025-08-04 06:24:16,669] Trial 429 finished with value: -0.10333474129404359 and parameters: {'learning_rate': 0.02035676062882647, 'depth': 12, 'l2_leaf_reg': 1.442498338730946, 'border_count': 37}. Best is trial 376 with value: -0.10563905611258098.
[I 2025-08-04 06:25:57,013] Trial 430 finished with value: -0.10268930282695889 and parameters: {'learning_rate': 0.01983847112241825, 'depth': 12, 'l2_leaf_reg': 1.688013016695917, 'border_count': 36}. Best is trial 376 with value: -0.10563905611258098.
[I 2025-08-04 06:26:55,192] Trial 431 finished with value: -0.09912532620538042 and parameters: {'learning_rate': 0.01799336934856191, 'depth': 11, 'l2_leaf_reg': 1.476515785776971, 'border_count': 32}. Best is trial 376 with value: -0.10563905611258098.
[I 2025-08-04 06:28:45,585] Trial 432 finished with value: -0.09977403154845474 and parameters: {'learning_rate': 0.020327646596880085, 'depth': 12, 'l2_leaf_reg': 3.8819811492192313, 'border_count': 38}. Best is trial 376 with value: -0.10563905611258098.
[I 2025-08-04 06:30:47,459] Trial 433 finished with value: -0.1006946660728088 and parameters: {'learning_rate': 0.016719387976726858, 'depth': 12, 'l2_leaf_reg': 2.947621270396332, 'border_count': 41}. Best is trial 376 with value: -0.10563905611258098.
[I 2025-08-04 06:32:46,057] Trial 434 finished with value: -0.10081726093500423 and parameters: {'learning_rate': 0.01845666901717478, 'depth': 12, 'l2_leaf_reg': 1.9418540188284261, 'border_count': 46}. Best is trial 376 with value: -0.10563905611258098.
[I 2025-08-04 06:34:48,635] Trial 435 finished with value: -0.10244350838081756 and parameters: {'learning_rate': 0.014148133887987788, 'depth': 12, 'l2_leaf_reg': 1.555679749929695, 'border_count': 39}. Best is trial 376 with value: -0.10563905611258098.
[I 2025-08-04 06:35:33,299] Trial 436 finished with value: -0.10082554617070887 and parameters: {'learning_rate': 0.021108586754800072, 'depth': 10, 'l2_leaf_reg': 1.795615942893683, 'border_count': 51}. Best is trial 376 with value: -0.10563905611258098.
[I 2025-08-04 06:37:34,571] Trial 437 finished with value: -0.09644105518846853 and parameters: {'learning_rate': 0.017261903929407286, 'depth': 12, 'l2_leaf_reg': 5.635041272868451, 'border_count': 46}. Best is trial 376 with value: -0.10563905611258098.
[I 2025-08-04 06:38:01,908] Trial 438 finished with value: -0.09212271353366104 and parameters: {'learning_rate': 0.07257092759460211, 'depth': 11, 'l2_leaf_reg': 1.490760315827123, 'border_count': 36}. Best is trial 376 with value: -0.10563905611258098.
[I 2025-08-04 06:40:24,286] Trial 439 finished with value: -0.09148209751544127 and parameters: {'learning_rate': 0.015071605887193265, 'depth': 12, 'l2_leaf_reg': 8.933324659732847, 'border_count': 58}. Best is trial 376 with value: -0.10563905611258098.
[I 2025-08-04 06:42:12,184] Trial 440 finished with value: -0.10108887771639298 and parameters: {'learning_rate': 0.019088736456061715, 'depth': 12, 'l2_leaf_reg': 1.3857142905503832, 'border_count': 44}. Best is trial 376 with value: -0.10563905611258098.
[I 2025-08-04 06:43:54,413] Trial 441 finished with value: -0.0992667144829273 and parameters: {'learning_rate': 0.022838582055809194, 'depth': 12, 'l2_leaf_reg': 1.682503436471651, 'border_count': 49}. Best is trial 376 with value: -0.10563905611258098.
[I 2025-08-04 06:44:10,448] Trial 442 finished with value: -0.08638162260129283 and parameters: {'learning_rate': 0.020891551482982003, 'depth': 7, 'l2_leaf_reg': 1.331584921643858, 'border_count': 54}. Best is trial 376 with value: -0.10563905611258098.
[I 2025-08-04 06:45:14,865] Trial 443 finished with value: -0.0996531541714071 and parameters: {'learning_rate': 0.01621960859407818, 'depth': 11, 'l2_leaf_reg': 1.0289805173384994, 'border_count': 41}. Best is trial 376 with value: -0.10563905611258098.
[I 2025-08-04 06:46:14,576] Trial 444 finished with value: -0.0963095304398851 and parameters: {'learning_rate': 0.03792854684967687, 'depth': 12, 'l2_leaf_reg': 1.1679898391403976, 'border_count': 32}. Best is trial 376 with value: -0.10563905611258098.
[I 2025-08-04 06:48:32,102] Trial 445 finished with value: -0.09972911704319352 and parameters: {'learning_rate': 0.018272121843472294, 'depth': 12, 'l2_leaf_reg': 1.6159419479020591, 'border_count': 65}. Best is trial 376 with value: -0.10563905611258098.
[I 2025-08-04 06:50:50,745] Trial 446 finished with value: -0.0974752354108911 and parameters: {'learning_rate': 0.019879723050049692, 'depth': 12, 'l2_leaf_reg': 6.326629480865981, 'border_count': 55}. Best is trial 376 with value: -0.10563905611258098.
[I 2025-08-04 06:53:17,813] Trial 447 finished with value: -0.10441369666948236 and parameters: {'learning_rate': 0.01715574874792307, 'depth': 12, 'l2_leaf_reg': 1.8227533163033156, 'border_count': 61}. Best is trial 376 with value: -0.10563905611258098.
[I 2025-08-04 06:55:46,489] Trial 448 finished with value: -0.10054665979437996 and parameters: {'learning_rate': 0.01574410948553731, 'depth': 12, 'l2_leaf_reg': 2.0325380744127326, 'border_count': 61}. Best is trial 376 with value: -0.10563905611258098.
[I 2025-08-04 06:57:59,530] Trial 449 finished with value: -0.10275063552405914 and parameters: {'learning_rate': 0.016507578948080928, 'depth': 12, 'l2_leaf_reg': 1.8527810954060233, 'border_count': 61}. Best is trial 376 with value: -0.10563905611258098.
[I 2025-08-04 06:58:14,755] A new study created in memory with name: no-name-e5bc9466-3522-406d-a125-55a3a1c7b279
[I 2025-08-04 06:58:20,815] Trial 0 finished with value: -0.08546577166349086 and parameters: {'learning_rate': 0.030710573677773714, 'num_leaves': 244, 'max_depth': 12, 'min_child_samples': 64, 'feature_fraction': 0.5780093202212182, 'bagging_fraction': 0.5779972601681014, 'reg_alpha': 3.3323645788192616e-08, 'reg_lambda': 0.6245760287469893}. Best is trial 0 with value: -0.08546577166349086.
[I 2025-08-04 06:58:22,646] Trial 1 finished with value: -0.07209369509537783 and parameters: {'learning_rate': 0.06054365855469246, 'num_leaves': 184, 'max_depth': 3, 'min_child_samples': 98, 'feature_fraction': 0.9162213204002109, 'bagging_fraction': 0.6061695553391381, 'reg_alpha': 4.329370014459266e-07, 'reg_lambda': 4.4734294104626844e-07}. Best is trial 0 with value: -0.08546577166349086.
[I 2025-08-04 06:58:27,261] Trial 2 finished with value: -0.086544975032596 and parameters: {'learning_rate': 0.024878734419814436, 'num_leaves': 138, 'max_depth': 8, 'min_child_samples': 36, 'feature_fraction': 0.8059264473611898, 'bagging_fraction': 0.569746930326021, 'reg_alpha': 4.258943089524393e-06, 'reg_lambda': 1.9826980964985924e-05}. Best is trial 2 with value: -0.086544975032596.
[I 2025-08-04 06:58:29,838] Trial 3 finished with value: -0.0816046551268772 and parameters: {'learning_rate': 0.03920673972242137, 'num_leaves': 203, 'max_depth': 5, 'min_child_samples': 56, 'feature_fraction': 0.7962072844310213, 'bagging_fraction': 0.5232252063599989, 'reg_alpha': 0.0029369981104377003, 'reg_lambda': 3.425445902633376e-07}. Best is trial 2 with value: -0.086544975032596.
[I 2025-08-04 06:58:41,218] Trial 4 finished with value: -0.08562946042039328 and parameters: {'learning_rate': 0.012151617026673379, 'num_leaves': 244, 'max_depth': 15, 'min_child_samples': 83, 'feature_fraction': 0.6523068845866853, 'bagging_fraction': 0.5488360570031919, 'reg_alpha': 0.014391207615728067, 'reg_lambda': 9.148975058772307e-05}. Best is trial 2 with value: -0.086544975032596.
[I 2025-08-04 06:58:44,736] Trial 5 finished with value: -0.07012157721590272 and parameters: {'learning_rate': 0.014413697528610409, 'num_leaves': 131, 'max_depth': 3, 'min_child_samples': 92, 'feature_fraction': 0.6293899908000085, 'bagging_fraction': 0.831261142176991, 'reg_alpha': 6.388511557344611e-06, 'reg_lambda': 0.0004793052550782129}. Best is trial 2 with value: -0.086544975032596.
[I 2025-08-04 06:58:48,691] Trial 6 finished with value: -0.07944003382459346 and parameters: {'learning_rate': 0.05143828405076928, 'num_leaves': 54, 'max_depth': 15, 'min_child_samples': 80, 'feature_fraction': 0.9697494707820946, 'bagging_fraction': 0.9474136752138245, 'reg_alpha': 0.002404915432737351, 'reg_lambda': 1.9809253750493907}. Best is trial 2 with value: -0.086544975032596.
[I 2025-08-04 06:58:52,034] Trial 7 finished with value: -0.07048702454982102 and parameters: {'learning_rate': 0.01303561122512888, 'num_leaves': 56, 'max_depth': 3, 'min_child_samples': 39, 'feature_fraction': 0.6943386448447411, 'bagging_fraction': 0.6356745158869479, 'reg_alpha': 0.28749982347407854, 'reg_lambda': 1.6247252885719427e-05}. Best is trial 2 with value: -0.086544975032596.
[I 2025-08-04 06:58:56,483] Trial 8 finished with value: -0.07556524179105549 and parameters: {'learning_rate': 0.023200867504756827, 'num_leaves': 143, 'max_depth': 4, 'min_child_samples': 82, 'feature_fraction': 0.5372753218398854, 'bagging_fraction': 0.9934434683002586, 'reg_alpha': 0.08916674715636537, 'reg_lambda': 6.143857495033091e-07}. Best is trial 2 with value: -0.086544975032596.
