[I 2025-08-05 21:59:02,708] Trial 51 finished with value: -0.9061102853341794 and parameters: {'learning_rate': 0.06677814652125544, 'depth': 8, 'l2_leaf_reg': 1.650310125878033, 'border_count': 135}. Best is trial 34 with value: -0.9062160891500698.
[I 2025-08-05 22:00:16,274] Trial 52 finished with value: -0.9068188563851789 and parameters: {'learning_rate': 0.06729774876608531, 'depth': 8, 'l2_leaf_reg': 1.6760180187041454, 'border_count': 135}. Best is trial 52 with value: -0.9068188563851789.
[I 2025-08-05 22:01:27,447] Trial 53 finished with value: -0.906121801613373 and parameters: {'learning_rate': 0.06657837414255267, 'depth': 8, 'l2_leaf_reg': 2.850136297854033, 'border_count': 127}. Best is trial 52 with value: -0.9068188563851789.
[I 2025-08-05 22:02:38,030] Trial 54 finished with value: -0.906596496472926 and parameters: {'learning_rate': 0.06756317142263359, 'depth': 8, 'l2_leaf_reg': 1.729958107606389, 'border_count': 135}. Best is trial 52 with value: -0.9068188563851789.
[I 2025-08-05 22:03:18,720] Trial 55 finished with value: -0.9058975512993918 and parameters: {'learning_rate': 0.07752076827682941, 'depth': 7, 'l2_leaf_reg': 2.3107489973840534, 'border_count': 125}. Best is trial 52 with value: -0.9068188563851789.
[I 2025-08-05 22:04:00,928] Trial 56 finished with value: -0.905679668582648 and parameters: {'learning_rate': 0.058671817284069165, 'depth': 7, 'l2_leaf_reg': 1.0208796355185359, 'border_count': 132}. Best is trial 52 with value: -0.9068188563851789.
[I 2025-08-05 22:05:34,323] Trial 57 finished with value: -0.9039200384908558 and parameters: {'learning_rate': 0.07407131827528653, 'depth': 8, 'l2_leaf_reg': 7.538042161867778, 'border_count': 162}. Best is trial 52 with value: -0.9068188563851789.
[I 2025-08-05 22:06:02,147] Trial 58 finished with value: -0.904907005104107 and parameters: {'learning_rate': 0.11921926255816556, 'depth': 9, 'l2_leaf_reg': 2.8618860732895577, 'border_count': 32}. Best is trial 52 with value: -0.9068188563851789.
[I 2025-08-05 22:06:55,571] Trial 59 finished with value: -0.905166020326804 and parameters: {'learning_rate': 0.06719433576631097, 'depth': 7, 'l2_leaf_reg': 1.7718062119121383, 'border_count': 179}. Best is trial 52 with value: -0.9068188563851789.
[I 2025-08-05 22:08:03,010] Trial 60 finished with value: -0.9064227799573221 and parameters: {'learning_rate': 0.0836156374023705, 'depth': 8, 'l2_leaf_reg': 4.70264341021404, 'border_count': 120}. Best is trial 52 with value: -0.9068188563851789.
[I 2025-08-05 22:09:09,780] Trial 61 finished with value: -0.9054346635147572 and parameters: {'learning_rate': 0.08312664076951443, 'depth': 8, 'l2_leaf_reg': 5.196033671976401, 'border_count': 118}. Best is trial 52 with value: -0.9068188563851789.
[I 2025-08-05 22:09:59,025] Trial 62 finished with value: -0.9058279309368409 and parameters: {'learning_rate': 0.09894446146985963, 'depth': 8, 'l2_leaf_reg': 3.4110690997248323, 'border_count': 100}. Best is trial 52 with value: -0.9068188563851789.
[I 2025-08-05 22:12:22,509] Trial 63 finished with value: -0.9057170917065859 and parameters: {'learning_rate': 0.061487437684408223, 'depth': 9, 'l2_leaf_reg': 4.544824643326092, 'border_count': 131}. Best is trial 52 with value: -0.9068188563851789.
[I 2025-08-05 22:13:03,386] Trial 64 finished with value: -0.904183508225857 and parameters: {'learning_rate': 0.053338670908504006, 'depth': 7, 'l2_leaf_reg': 2.809195408103099, 'border_count': 122}. Best is trial 52 with value: -0.9068188563851789.
[I 2025-08-05 22:14:22,652] Trial 65 finished with value: -0.9066357798738807 and parameters: {'learning_rate': 0.07597196208461358, 'depth': 8, 'l2_leaf_reg': 6.299558661841638, 'border_count': 136}. Best is trial 52 with value: -0.9068188563851789.
[I 2025-08-05 22:16:35,237] Trial 66 finished with value: -0.9053642557700485 and parameters: {'learning_rate': 0.10771841160394222, 'depth': 9, 'l2_leaf_reg': 6.409328305492649, 'border_count': 145}. Best is trial 52 with value: -0.9068188563851789.
[I 2025-08-05 22:18:12,545] Trial 67 finished with value: -0.9055740470350548 and parameters: {'learning_rate': 0.07542791239808959, 'depth': 8, 'l2_leaf_reg': 6.877547515978604, 'border_count': 172}. Best is trial 52 with value: -0.9068188563851789.
[I 2025-08-05 22:18:30,804] Trial 68 finished with value: -0.9051678991113414 and parameters: {'learning_rate': 0.12994143298714098, 'depth': 7, 'l2_leaf_reg': 5.669916766954907, 'border_count': 42}. Best is trial 52 with value: -0.9068188563851789.
[I 2025-08-05 22:20:23,608] Trial 69 finished with value: -0.9041011230909227 and parameters: {'learning_rate': 0.04412989433794608, 'depth': 8, 'l2_leaf_reg': 5.2724392950368175, 'border_count': 194}. Best is trial 52 with value: -0.9068188563851789.
[I 2025-08-05 22:24:29,323] Trial 70 finished with value: -0.9058112408938908 and parameters: {'learning_rate': 0.08145957750116374, 'depth': 9, 'l2_leaf_reg': 5.938839731509367, 'border_count': 238}. Best is trial 52 with value: -0.9068188563851789.
[I 2025-08-05 22:25:46,887] Trial 71 finished with value: -0.9051769383757147 and parameters: {'learning_rate': 0.0696907512248377, 'depth': 8, 'l2_leaf_reg': 6.827125655731957, 'border_count': 135}. Best is trial 52 with value: -0.9068188563851789.
[I 2025-08-05 22:27:07,907] Trial 72 finished with value: -0.9057805243968667 and parameters: {'learning_rate': 0.05496887387742258, 'depth': 8, 'l2_leaf_reg': 2.1577248445536306, 'border_count': 139}. Best is trial 52 with value: -0.9068188563851789.
[I 2025-08-05 22:29:02,384] Trial 73 finished with value: -0.9060659679724221 and parameters: {'learning_rate': 0.06122915053390877, 'depth': 9, 'l2_leaf_reg': 3.928580428688408, 'border_count': 101}. Best is trial 52 with value: -0.9068188563851789.
[I 2025-08-05 22:30:14,558] Trial 74 finished with value: -0.9057564271542535 and parameters: {'learning_rate': 0.03932745972586451, 'depth': 8, 'l2_leaf_reg': 1.8605824871865302, 'border_count': 120}. Best is trial 52 with value: -0.9068188563851789.
[I 2025-08-05 22:30:58,894] Trial 75 finished with value: -0.9045590480962344 and parameters: {'learning_rate': 0.09366385570039883, 'depth': 7, 'l2_leaf_reg': 1.2826569455288617, 'border_count': 158}. Best is trial 52 with value: -0.9068188563851789.
[I 2025-08-05 22:33:21,244] Trial 76 finished with value: -0.905829148042895 and parameters: {'learning_rate': 0.06436933282613627, 'depth': 9, 'l2_leaf_reg': 8.354235448926206, 'border_count': 128}. Best is trial 52 with value: -0.9068188563851789.
[I 2025-08-05 22:34:08,177] Trial 77 finished with value: -0.905678656641278 and parameters: {'learning_rate': 0.04866574199297095, 'depth': 8, 'l2_leaf_reg': 4.034029026833317, 'border_count': 73}. Best is trial 52 with value: -0.9068188563851789.
[I 2025-08-05 22:35:34,448] Trial 78 finished with value: -0.9045906668161784 and parameters: {'learning_rate': 0.054722929410611854, 'depth': 8, 'l2_leaf_reg': 6.317940021445571, 'border_count': 148}. Best is trial 52 with value: -0.9068188563851789.
[I 2025-08-05 22:36:48,136] Trial 79 finished with value: -0.9061419097654431 and parameters: {'learning_rate': 0.0415990903573095, 'depth': 9, 'l2_leaf_reg': 2.515215825653515, 'border_count': 62}. Best is trial 52 with value: -0.9068188563851789.
[I 2025-08-05 22:38:00,984] Trial 80 finished with value: -0.9056471093576496 and parameters: {'learning_rate': 0.03366372365119541, 'depth': 9, 'l2_leaf_reg': 2.414360215266291, 'border_count': 61}. Best is trial 52 with value: -0.9068188563851789.
[I 2025-08-05 22:38:36,907] Trial 81 finished with value: -0.9053232585465103 and parameters: {'learning_rate': 0.04463303460755612, 'depth': 8, 'l2_leaf_reg': 2.0171690652454295, 'border_count': 51}. Best is trial 52 with value: -0.9068188563851789.
[I 2025-08-05 22:39:42,756] Trial 82 finished with value: -0.9051954332815818 and parameters: {'learning_rate': 0.07305744034556112, 'depth': 9, 'l2_leaf_reg': 3.3099084871333218, 'border_count': 67}. Best is trial 52 with value: -0.9068188563851789.
[I 2025-08-05 22:40:12,930] Trial 83 finished with value: -0.9036196458399285 and parameters: {'learning_rate': 0.041340062670804034, 'depth': 7, 'l2_leaf_reg': 2.6356179757899474, 'border_count': 80}. Best is trial 52 with value: -0.9068188563851789.
[I 2025-08-05 22:41:00,651] Trial 84 finished with value: -0.9051740282113846 and parameters: {'learning_rate': 0.08503965416382792, 'depth': 8, 'l2_leaf_reg': 1.7364689769508836, 'border_count': 90}. Best is trial 52 with value: -0.9068188563851789.
[I 2025-08-05 22:43:04,944] Trial 85 finished with value: -0.905529865935059 and parameters: {'learning_rate': 0.03683076492113212, 'depth': 9, 'l2_leaf_reg': 2.2129718167724772, 'border_count': 111}. Best is trial 52 with value: -0.9068188563851789.
[I 2025-08-05 22:43:34,351] Trial 86 finished with value: -0.9064811232329024 and parameters: {'learning_rate': 0.04642600908716683, 'depth': 8, 'l2_leaf_reg': 1.31021183239594, 'border_count': 38}. Best is trial 52 with value: -0.9068188563851789.
[I 2025-08-05 22:44:47,919] Trial 87 finished with value: -0.9056565026186645 and parameters: {'learning_rate': 0.04711835590028551, 'depth': 10, 'l2_leaf_reg': 1.2590267331243568, 'border_count': 47}. Best is trial 52 with value: -0.9068188563851789.
[I 2025-08-05 22:45:36,825] Trial 88 finished with value: -0.9059097548075513 and parameters: {'learning_rate': 0.031025142741898853, 'depth': 9, 'l2_leaf_reg': 1.5927928220790946, 'border_count': 37}. Best is trial 52 with value: -0.9068188563851789.
[I 2025-08-05 22:46:12,192] Trial 89 finished with value: -0.90607388078406 and parameters: {'learning_rate': 0.056978682551664266, 'depth': 8, 'l2_leaf_reg': 1.4389410780594534, 'border_count': 55}. Best is trial 52 with value: -0.9068188563851789.
[I 2025-08-05 22:46:33,463] Trial 90 finished with value: -0.9023335339253531 and parameters: {'learning_rate': 0.03413728077703665, 'depth': 7, 'l2_leaf_reg': 2.0127277255649494, 'border_count': 39}. Best is trial 52 with value: -0.9068188563851789.
[I 2025-08-05 22:47:55,932] Trial 91 finished with value: -0.9058798943504509 and parameters: {'learning_rate': 0.05042155292487263, 'depth': 8, 'l2_leaf_reg': 2.4205222025918847, 'border_count': 140}. Best is trial 52 with value: -0.9068188563851789.
[I 2025-08-05 22:48:30,189] Trial 92 finished with value: -0.9055081969993809 and parameters: {'learning_rate': 0.06393820026242682, 'depth': 8, 'l2_leaf_reg': 2.921824452654811, 'border_count': 52}. Best is trial 52 with value: -0.9068188563851789.
[I 2025-08-05 22:48:45,814] Trial 93 finished with value: -0.8896282200321093 and parameters: {'learning_rate': 0.04194086218153628, 'depth': 4, 'l2_leaf_reg': 1.7271634252670465, 'border_count': 152}. Best is trial 52 with value: -0.9068188563851789.
[I 2025-08-05 22:49:03,698] Trial 94 finished with value: -0.9009447740682788 and parameters: {'learning_rate': 0.29704325056516656, 'depth': 8, 'l2_leaf_reg': 4.661561873184733, 'border_count': 63}. Best is trial 52 with value: -0.9068188563851789.
[I 2025-08-05 22:50:49,711] Trial 95 finished with value: -0.9058811028553656 and parameters: {'learning_rate': 0.0719643292944082, 'depth': 9, 'l2_leaf_reg': 1.1577034941446498, 'border_count': 123}. Best is trial 52 with value: -0.9068188563851789.
[I 2025-08-05 22:51:13,052] Trial 96 finished with value: -0.9060913958092888 and parameters: {'learning_rate': 0.09211857775741464, 'depth': 8, 'l2_leaf_reg': 1.9101597789846998, 'border_count': 44}. Best is trial 52 with value: -0.9068188563851789.
[I 2025-08-05 22:51:32,905] Trial 97 finished with value: -0.9048622679051521 and parameters: {'learning_rate': 0.05252347601062188, 'depth': 7, 'l2_leaf_reg': 2.747705999501622, 'border_count': 32}. Best is trial 52 with value: -0.9068188563851789.
[I 2025-08-05 22:52:44,767] Trial 98 finished with value: -0.9058443366725948 and parameters: {'learning_rate': 0.079156784501702, 'depth': 8, 'l2_leaf_reg': 3.1302101982906265, 'border_count': 133}. Best is trial 52 with value: -0.9068188563851789.
[I 2025-08-05 22:54:00,541] Trial 99 finished with value: -0.9061235649331556 and parameters: {'learning_rate': 0.059156224170819345, 'depth': 9, 'l2_leaf_reg': 2.1604481353188985, 'border_count': 72}. Best is trial 52 with value: -0.9068188563851789.
[I 2025-08-05 22:54:08,574] A new study created in memory with name: no-name-30803975-a39b-4616-b222-ba5ea1662ea5
[I 2025-08-05 22:54:21,899] Trial 0 finished with value: -0.9062395174576533 and parameters: {'learning_rate': 0.030710573677773714, 'num_leaves': 244, 'max_depth': 12, 'min_child_samples': 64, 'feature_fraction': 0.5780093202212182, 'bagging_fraction': 0.5779972601681014, 'reg_alpha': 3.3323645788192616e-08, 'reg_lambda': 0.6245760287469893}. Best is trial 0 with value: -0.9062395174576533.
[I 2025-08-05 22:54:26,863] Trial 1 finished with value: -0.8907605853331118 and parameters: {'learning_rate': 0.06054365855469246, 'num_leaves': 184, 'max_depth': 3, 'min_child_samples': 98, 'feature_fraction': 0.9162213204002109, 'bagging_fraction': 0.6061695553391381, 'reg_alpha': 4.329370014459266e-07, 'reg_lambda': 4.4734294104626844e-07}. Best is trial 0 with value: -0.9062395174576533.
[I 2025-08-05 22:54:41,203] Trial 2 finished with value: -0.9061979275579212 and parameters: {'learning_rate': 0.024878734419814436, 'num_leaves': 138, 'max_depth': 8, 'min_child_samples': 36, 'feature_fraction': 0.8059264473611898, 'bagging_fraction': 0.569746930326021, 'reg_alpha': 4.258943089524393e-06, 'reg_lambda': 1.9826980964985924e-05}. Best is trial 0 with value: -0.9062395174576533.
[I 2025-08-05 22:54:48,968] Trial 3 finished with value: -0.9007808790400859 and parameters: {'learning_rate': 0.03920673972242137, 'num_leaves': 203, 'max_depth': 5, 'min_child_samples': 56, 'feature_fraction': 0.7962072844310213, 'bagging_fraction': 0.5232252063599989, 'reg_alpha': 0.0029369981104377003, 'reg_lambda': 3.425445902633376e-07}. Best is trial 0 with value: -0.9062395174576533.
[I 2025-08-05 22:55:06,012] Trial 4 finished with value: -0.9019584960955459 and parameters: {'learning_rate': 0.012151617026673379, 'num_leaves': 244, 'max_depth': 15, 'min_child_samples': 83, 'feature_fraction': 0.6523068845866853, 'bagging_fraction': 0.5488360570031919, 'reg_alpha': 0.014391207615728067, 'reg_lambda': 9.148975058772307e-05}. Best is trial 0 with value: -0.9062395174576533.
[I 2025-08-05 22:55:10,258] Trial 5 finished with value: -0.8656274175837169 and parameters: {'learning_rate': 0.014413697528610409, 'num_leaves': 131, 'max_depth': 3, 'min_child_samples': 92, 'feature_fraction': 0.6293899908000085, 'bagging_fraction': 0.831261142176991, 'reg_alpha': 6.388511557344611e-06, 'reg_lambda': 0.0004793052550782129}. Best is trial 0 with value: -0.9062395174576533.
[I 2025-08-05 22:55:22,277] Trial 6 finished with value: -0.9045083839432371 and parameters: {'learning_rate': 0.05143828405076928, 'num_leaves': 54, 'max_depth': 15, 'min_child_samples': 80, 'feature_fraction': 0.9697494707820946, 'bagging_fraction': 0.9474136752138245, 'reg_alpha': 0.002404915432737351, 'reg_lambda': 1.9809253750493907}. Best is trial 0 with value: -0.9062395174576533.
[I 2025-08-05 22:55:26,911] Trial 7 finished with value: -0.8676803497058145 and parameters: {'learning_rate': 0.01303561122512888, 'num_leaves': 56, 'max_depth': 3, 'min_child_samples': 39, 'feature_fraction': 0.6943386448447411, 'bagging_fraction': 0.6356745158869479, 'reg_alpha': 0.28749982347407854, 'reg_lambda': 1.6247252885719427e-05}. Best is trial 0 with value: -0.9062395174576533.
[I 2025-08-05 22:55:32,121] Trial 8 finished with value: -0.8891574794206386 and parameters: {'learning_rate': 0.023200867504756827, 'num_leaves': 143, 'max_depth': 4, 'min_child_samples': 82, 'feature_fraction': 0.5372753218398854, 'bagging_fraction': 0.9934434683002586, 'reg_alpha': 0.08916674715636537, 'reg_lambda': 6.143857495033091e-07}. Best is trial 0 with value: -0.9062395174576533.
[I 2025-08-05 22:55:51,103] Trial 9 finished with value: -0.8999101231655962 and parameters: {'learning_rate': 0.010166803740022877, 'num_leaves': 211, 'max_depth': 12, 'min_child_samples': 76, 'feature_fraction': 0.8856351733429728, 'bagging_fraction': 0.5370223258670452, 'reg_alpha': 1.683416412018213e-05, 'reg_lambda': 1.1036250149900698e-07}. Best is trial 0 with value: -0.9062395174576533.
[I 2025-08-05 22:55:55,625] Trial 10 finished with value: -0.9030570718253553 and parameters: {'learning_rate': 0.1461184609693756, 'num_leaves': 9, 'max_depth': 11, 'min_child_samples': 11, 'feature_fraction': 0.5076838686640521, 'bagging_fraction': 0.7190404637309149, 'reg_alpha': 1.3686680646913219e-08, 'reg_lambda': 6.0990065353308305}. Best is trial 0 with value: -0.9062395174576533.
[I 2025-08-05 22:56:09,088] Trial 11 finished with value: -0.9050300246305749 and parameters: {'learning_rate': 0.027263309051458524, 'num_leaves': 139, 'max_depth': 8, 'min_child_samples': 44, 'feature_fraction': 0.7986071567487325, 'bagging_fraction': 0.6975337768549552, 'reg_alpha': 2.627125079295737e-08, 'reg_lambda': 0.01936911547410478}. Best is trial 0 with value: -0.9062395174576533.
[I 2025-08-05 22:56:15,524] Trial 12 finished with value: -0.9052720618214645 and parameters: {'learning_rate': 0.08886042858349513, 'num_leaves': 255, 'max_depth': 8, 'min_child_samples': 23, 'feature_fraction': 0.7556685276542436, 'bagging_fraction': 0.620403968750455, 'reg_alpha': 3.311633884874788e-05, 'reg_lambda': 0.012341345845574348}. Best is trial 0 with value: -0.9062395174576533.
[I 2025-08-05 22:56:29,961] Trial 13 finished with value: -0.9060456036140895 and parameters: {'learning_rate': 0.02479720834993828, 'num_leaves': 108, 'max_depth': 10, 'min_child_samples': 60, 'feature_fraction': 0.5856019492388042, 'bagging_fraction': 0.8304278626461433, 'reg_alpha': 9.86874546485378, 'reg_lambda': 0.11819808903555597}. Best is trial 0 with value: -0.9062395174576533.
[I 2025-08-05 22:56:45,576] Trial 14 finished with value: -0.907487670226771 and parameters: {'learning_rate': 0.03529649428770168, 'num_leaves': 173, 'max_depth': 13, 'min_child_samples': 38, 'feature_fraction': 0.8649174147658507, 'bagging_fraction': 0.6575732465227238, 'reg_alpha': 4.648765661147256e-07, 'reg_lambda': 0.0011295097078834412}. Best is trial 14 with value: -0.907487670226771.
[I 2025-08-05 22:57:01,638] Trial 15 finished with value: -0.9055352055911596 and parameters: {'learning_rate': 0.036915136228759214, 'num_leaves': 180, 'max_depth': 13, 'min_child_samples': 67, 'feature_fraction': 0.8705765955899738, 'bagging_fraction': 0.6872289764832304, 'reg_alpha': 5.482417813288472e-07, 'reg_lambda': 0.00223805164663709}. Best is trial 14 with value: -0.907487670226771.
[I 2025-08-05 22:57:09,960] Trial 16 finished with value: -0.9063820339518991 and parameters: {'learning_rate': 0.07277037581026277, 'num_leaves': 225, 'max_depth': 13, 'min_child_samples': 46, 'feature_fraction': 0.7022026073374503, 'bagging_fraction': 0.7912554411220166, 'reg_alpha': 2.938443588102301e-07, 'reg_lambda': 0.2818936773599525}. Best is trial 14 with value: -0.907487670226771.
[I 2025-08-05 22:57:17,110] Trial 17 finished with value: -0.9043123512292055 and parameters: {'learning_rate': 0.1011542365472881, 'num_leaves': 216, 'max_depth': 13, 'min_child_samples': 46, 'feature_fraction': 0.7393903604929561, 'bagging_fraction': 0.7976550672993057, 'reg_alpha': 3.519504718702662e-07, 'reg_lambda': 0.1456879018934785}. Best is trial 14 with value: -0.907487670226771.
[I 2025-08-05 22:57:27,059] Trial 18 finished with value: -0.9049746390132501 and parameters: {'learning_rate': 0.08508814259284037, 'num_leaves': 173, 'max_depth': 14, 'min_child_samples': 26, 'feature_fraction': 0.9874510992942994, 'bagging_fraction': 0.7776414655275035, 'reg_alpha': 0.00014521002876919587, 'reg_lambda': 0.0020222602671843134}. Best is trial 14 with value: -0.907487670226771.
[I 2025-08-05 22:57:31,657] Trial 19 finished with value: -0.9039211455926092 and parameters: {'learning_rate': 0.19769695209390345, 'num_leaves': 100, 'max_depth': 10, 'min_child_samples': 28, 'feature_fraction': 0.8498872707989745, 'bagging_fraction': 0.8898110952317553, 'reg_alpha': 1.342119385535504e-06, 'reg_lambda': 0.035784974628801716}. Best is trial 14 with value: -0.907487670226771.
[I 2025-08-05 22:57:39,151] Trial 20 finished with value: -0.9042239044073896 and parameters: {'learning_rate': 0.0674917946844153, 'num_leaves': 232, 'max_depth': 6, 'min_child_samples': 48, 'feature_fraction': 0.7159288929998384, 'bagging_fraction': 0.7367150311425937, 'reg_alpha': 0.000164679477119501, 'reg_lambda': 1.0011228379279944e-05}. Best is trial 14 with value: -0.907487670226771.
[I 2025-08-05 22:57:52,228] Trial 21 finished with value: -0.9064960728354062 and parameters: {'learning_rate': 0.03278824675924449, 'num_leaves': 228, 'max_depth': 12, 'min_child_samples': 70, 'feature_fraction': 0.5962392336019754, 'bagging_fraction': 0.6580513567891269, 'reg_alpha': 6.214164829522708e-08, 'reg_lambda': 0.6419147052053719}. Best is trial 14 with value: -0.907487670226771.
[I 2025-08-05 22:58:08,093] Trial 22 finished with value: -0.9053292928508079 and parameters: {'learning_rate': 0.019307383172041035, 'num_leaves': 194, 'max_depth': 13, 'min_child_samples': 69, 'feature_fraction': 0.6619048657962279, 'bagging_fraction': 0.6533676066838328, 'reg_alpha': 1.1579508107571383e-07, 'reg_lambda': 0.5055508903505158}. Best is trial 14 with value: -0.907487670226771.
[I 2025-08-05 22:58:19,361] Trial 23 finished with value: -0.9065761907768992 and parameters: {'learning_rate': 0.0469089547476871, 'num_leaves': 166, 'max_depth': 11, 'min_child_samples': 52, 'feature_fraction': 0.6095871068327156, 'bagging_fraction': 0.678522736123004, 'reg_alpha': 7.392758648636143e-08, 'reg_lambda': 8.038061038966312}. Best is trial 14 with value: -0.907487670226771.
