[I 2025-08-03 01:58:30,275] Trial 16 finished with value: -0.938418379403486 and parameters: {'learning_rate': 0.1085680837914764, 'depth': 6, 'l2_leaf_reg': 4.2373103179548295, 'border_count': 182}. Best is trial 16 with value: -0.938418379403486.
[I 2025-08-03 01:59:07,956] Trial 17 finished with value: -0.9306891619997077 and parameters: {'learning_rate': 0.28261778375857405, 'depth': 8, 'l2_leaf_reg': 6.079330114147569, 'border_count': 190}. Best is trial 16 with value: -0.938418379403486.
[I 2025-08-03 01:59:45,017] Trial 18 finished with value: -0.9371579486679049 and parameters: {'learning_rate': 0.09943962462639522, 'depth': 7, 'l2_leaf_reg': 1.8684561477588453, 'border_count': 135}. Best is trial 16 with value: -0.938418379403486.
[I 2025-08-03 02:00:12,470] Trial 19 finished with value: -0.9343322149674816 and parameters: {'learning_rate': 0.05551943670494743, 'depth': 5, 'l2_leaf_reg': 8.687129358946713, 'border_count': 204}. Best is trial 16 with value: -0.938418379403486.
[I 2025-08-03 02:00:34,216] Trial 20 finished with value: -0.9378781225023185 and parameters: {'learning_rate': 0.1891602844552718, 'depth': 4, 'l2_leaf_reg': 4.7368595472697, 'border_count': 152}. Best is trial 16 with value: -0.938418379403486.
[I 2025-08-03 02:00:55,021] Trial 21 finished with value: -0.9362751352607365 and parameters: {'learning_rate': 0.19045655048354346, 'depth': 4, 'l2_leaf_reg': 4.870585477684502, 'border_count': 160}. Best is trial 16 with value: -0.938418379403486.
[I 2025-08-03 02:01:19,437] Trial 22 finished with value: -0.9374964725693271 and parameters: {'learning_rate': 0.09706723625469812, 'depth': 5, 'l2_leaf_reg': 4.552130737823427, 'border_count': 153}. Best is trial 16 with value: -0.938418379403486.
[I 2025-08-03 02:01:37,874] Trial 23 finished with value: -0.9344771410383729 and parameters: {'learning_rate': 0.2987409767905252, 'depth': 4, 'l2_leaf_reg': 5.726674906828739, 'border_count': 181}. Best is trial 16 with value: -0.938418379403486.
[I 2025-08-03 02:02:06,492] Trial 24 finished with value: -0.9366906968620123 and parameters: {'learning_rate': 0.11320014331059625, 'depth': 6, 'l2_leaf_reg': 2.007410550267633, 'border_count': 126}. Best is trial 16 with value: -0.938418379403486.
[I 2025-08-03 02:02:28,431] Trial 25 finished with value: -0.9371031088955859 and parameters: {'learning_rate': 0.18852344571118598, 'depth': 5, 'l2_leaf_reg': 3.529304028624873, 'border_count': 112}. Best is trial 16 with value: -0.938418379403486.
[I 2025-08-03 02:02:50,030] Trial 26 finished with value: -0.9274787820920655 and parameters: {'learning_rate': 0.05890970652502962, 'depth': 4, 'l2_leaf_reg': 5.2719468807529175, 'border_count': 55}. Best is trial 16 with value: -0.938418379403486.
[I 2025-08-03 02:03:24,972] Trial 27 finished with value: -0.9330442380119596 and parameters: {'learning_rate': 0.21042988873652194, 'depth': 7, 'l2_leaf_reg': 3.9886839747645344, 'border_count': 202}. Best is trial 16 with value: -0.938418379403486.
[I 2025-08-03 02:03:57,057] Trial 28 finished with value: -0.9371439502306508 and parameters: {'learning_rate': 0.1169400056864563, 'depth': 6, 'l2_leaf_reg': 2.4281139993700562, 'border_count': 233}. Best is trial 16 with value: -0.938418379403486.
[I 2025-08-03 02:04:21,864] Trial 29 finished with value: -0.9382732878332434 and parameters: {'learning_rate': 0.16212942052989116, 'depth': 5, 'l2_leaf_reg': 6.875962023752984, 'border_count': 166}. Best is trial 16 with value: -0.938418379403486.
[I 2025-08-03 02:05:56,499] Trial 30 finished with value: -0.9322323704605631 and parameters: {'learning_rate': 0.03888719446770967, 'depth': 9, 'l2_leaf_reg': 8.014853820805108, 'border_count': 171}. Best is trial 16 with value: -0.938418379403486.
[I 2025-08-03 02:06:22,163] Trial 31 finished with value: -0.9370652495784273 and parameters: {'learning_rate': 0.16109210128496648, 'depth': 5, 'l2_leaf_reg': 6.894362458310247, 'border_count': 164}. Best is trial 16 with value: -0.938418379403486.
[I 2025-08-03 02:06:42,754] Trial 32 finished with value: -0.935604351370467 and parameters: {'learning_rate': 0.23337526098534886, 'depth': 5, 'l2_leaf_reg': 8.059157393704988, 'border_count': 147}. Best is trial 16 with value: -0.938418379403486.
[I 2025-08-03 02:07:04,495] Trial 33 finished with value: -0.9361481472617531 and parameters: {'learning_rate': 0.16665126620327483, 'depth': 4, 'l2_leaf_reg': 6.069703041543002, 'border_count': 188}. Best is trial 16 with value: -0.938418379403486.
[I 2025-08-03 02:07:31,427] Trial 34 finished with value: -0.9362881714808823 and parameters: {'learning_rate': 0.08908723910095916, 'depth': 5, 'l2_leaf_reg': 1.2828943270983402, 'border_count': 226}. Best is trial 16 with value: -0.938418379403486.
[I 2025-08-03 02:07:58,376] Trial 35 finished with value: -0.9380926967629309 and parameters: {'learning_rate': 0.12053969073410714, 'depth': 6, 'l2_leaf_reg': 3.1891528043512585, 'border_count': 121}. Best is trial 16 with value: -0.938418379403486.
[I 2025-08-03 02:08:48,483] Trial 36 finished with value: -0.9359391482602091 and parameters: {'learning_rate': 0.06664890363495787, 'depth': 8, 'l2_leaf_reg': 4.970533378349469, 'border_count': 116}. Best is trial 16 with value: -0.938418379403486.
[I 2025-08-03 02:09:16,738] Trial 37 finished with value: -0.9367900709529037 and parameters: {'learning_rate': 0.12171840272734945, 'depth': 6, 'l2_leaf_reg': 3.406469367171943, 'border_count': 138}. Best is trial 16 with value: -0.938418379403486.
[I 2025-08-03 02:10:04,140] Trial 38 finished with value: -0.9382464890250841 and parameters: {'learning_rate': 0.10266814729179007, 'depth': 7, 'l2_leaf_reg': 6.856252518383914, 'border_count': 255}. Best is trial 16 with value: -0.938418379403486.
[I 2025-08-03 02:11:16,998] Trial 39 finished with value: -0.9346599479698359 and parameters: {'learning_rate': 0.06805708155290285, 'depth': 8, 'l2_leaf_reg': 7.371094645846609, 'border_count': 253}. Best is trial 16 with value: -0.938418379403486.
[I 2025-08-03 02:12:03,994] Trial 40 finished with value: -0.9378024375552808 and parameters: {'learning_rate': 0.08255550593688984, 'depth': 7, 'l2_leaf_reg': 6.639402717273303, 'border_count': 239}. Best is trial 16 with value: -0.938418379403486.
[I 2025-08-03 02:12:35,325] Trial 41 finished with value: -0.9385412818667795 and parameters: {'learning_rate': 0.09966484343265844, 'depth': 6, 'l2_leaf_reg': 7.82592987233913, 'border_count': 156}. Best is trial 41 with value: -0.9385412818667795.
[I 2025-08-03 02:13:07,288] Trial 42 finished with value: -0.9376677153952062 and parameters: {'learning_rate': 0.10341879130725463, 'depth': 6, 'l2_leaf_reg': 7.789399790716478, 'border_count': 210}. Best is trial 41 with value: -0.9385412818667795.
[I 2025-08-03 02:13:44,919] Trial 43 finished with value: -0.9346205363417065 and parameters: {'learning_rate': 0.04357485139378124, 'depth': 7, 'l2_leaf_reg': 8.80367531636246, 'border_count': 119}. Best is trial 41 with value: -0.9385412818667795.
[I 2025-08-03 02:14:13,030] Trial 44 finished with value: -0.9371830197375292 and parameters: {'learning_rate': 0.14261645809605666, 'depth': 6, 'l2_leaf_reg': 8.5845331976665, 'border_count': 99}. Best is trial 41 with value: -0.9385412818667795.
[I 2025-08-03 02:14:54,378] Trial 45 finished with value: -0.930450086510848 and parameters: {'learning_rate': 0.02880400661662094, 'depth': 7, 'l2_leaf_reg': 9.25693517020279, 'border_count': 167}. Best is trial 41 with value: -0.9385412818667795.
[I 2025-08-03 02:15:27,625] Trial 46 finished with value: -0.9363214926402486 and parameters: {'learning_rate': 0.07118932583229345, 'depth': 6, 'l2_leaf_reg': 7.139996579963493, 'border_count': 198}. Best is trial 41 with value: -0.9385412818667795.
[I 2025-08-03 02:16:34,533] Trial 47 finished with value: -0.9252038992775589 and parameters: {'learning_rate': 0.015732372759858473, 'depth': 8, 'l2_leaf_reg': 6.615714862725563, 'border_count': 218}. Best is trial 41 with value: -0.9385412818667795.
[I 2025-08-03 02:22:50,065] Trial 48 finished with value: -0.9179759279212172 and parameters: {'learning_rate': 0.08822919482324126, 'depth': 12, 'l2_leaf_reg': 5.835190752638422, 'border_count': 142}. Best is trial 41 with value: -0.9385412818667795.
[I 2025-08-03 02:23:15,153] Trial 49 finished with value: -0.9373566148498633 and parameters: {'learning_rate': 0.11366818609368329, 'depth': 5, 'l2_leaf_reg': 7.631204631254444, 'border_count': 104}. Best is trial 41 with value: -0.9385412818667795.
[I 2025-08-03 02:23:47,635] Trial 50 finished with value: -0.9346072948130791 and parameters: {'learning_rate': 0.13077001417749595, 'depth': 7, 'l2_leaf_reg': 6.298801309072634, 'border_count': 85}. Best is trial 41 with value: -0.9385412818667795.
[I 2025-08-03 02:24:12,226] Trial 51 finished with value: -0.9375667167568482 and parameters: {'learning_rate': 0.1948886799712879, 'depth': 5, 'l2_leaf_reg': 3.083038624923333, 'border_count': 155}. Best is trial 41 with value: -0.9385412818667795.
[I 2025-08-03 02:24:31,901] Trial 52 finished with value: -0.936036608585022 and parameters: {'learning_rate': 0.2516028134611995, 'depth': 4, 'l2_leaf_reg': 3.9971384926660165, 'border_count': 175}. Best is trial 41 with value: -0.9385412818667795.
[I 2025-08-03 02:24:59,749] Trial 53 finished with value: -0.9364158543690234 and parameters: {'learning_rate': 0.14930168355231085, 'depth': 6, 'l2_leaf_reg': 4.712350189221064, 'border_count': 146}. Best is trial 41 with value: -0.9385412818667795.
[I 2025-08-03 02:25:25,430] Trial 54 finished with value: -0.9375014486331621 and parameters: {'learning_rate': 0.10180433331562902, 'depth': 5, 'l2_leaf_reg': 5.243605042928747, 'border_count': 131}. Best is trial 41 with value: -0.9385412818667795.
[I 2025-08-03 02:25:53,261] Trial 55 finished with value: -0.9378585172770549 and parameters: {'learning_rate': 0.17181432025233387, 'depth': 6, 'l2_leaf_reg': 4.305350596738405, 'border_count': 187}. Best is trial 41 with value: -0.9385412818667795.
[I 2025-08-03 02:26:14,674] Trial 56 finished with value: -0.9365190414555936 and parameters: {'learning_rate': 0.13021379138928144, 'depth': 4, 'l2_leaf_reg': 8.230022901814202, 'border_count': 158}. Best is trial 41 with value: -0.9385412818667795.
[I 2025-08-03 02:26:53,032] Trial 57 finished with value: -0.9357889064825091 and parameters: {'learning_rate': 0.05952476712563157, 'depth': 7, 'l2_leaf_reg': 6.994559536402924, 'border_count': 126}. Best is trial 41 with value: -0.9385412818667795.
[I 2025-08-03 02:27:19,140] Trial 58 finished with value: -0.9368527784997454 and parameters: {'learning_rate': 0.07984990519759441, 'depth': 5, 'l2_leaf_reg': 9.984552275494028, 'border_count': 151}. Best is trial 41 with value: -0.9385412818667795.
[I 2025-08-03 02:27:51,484] Trial 59 finished with value: -0.9373430922570495 and parameters: {'learning_rate': 0.050628749400783414, 'depth': 6, 'l2_leaf_reg': 3.0628337072358467, 'border_count': 169}. Best is trial 41 with value: -0.9385412818667795.
[I 2025-08-03 02:28:13,233] Trial 60 finished with value: -0.9358990224018151 and parameters: {'learning_rate': 0.10725958173424704, 'depth': 4, 'l2_leaf_reg': 5.568769271346332, 'border_count': 124}. Best is trial 41 with value: -0.9385412818667795.
[I 2025-08-03 02:30:35,458] Trial 61 finished with value: -0.9209226323822803 and parameters: {'learning_rate': 0.17574326246053193, 'depth': 11, 'l2_leaf_reg': 4.322480937749144, 'border_count': 185}. Best is trial 41 with value: -0.9385412818667795.
[I 2025-08-03 02:31:01,427] Trial 62 finished with value: -0.9371068437410554 and parameters: {'learning_rate': 0.21165021202823933, 'depth': 6, 'l2_leaf_reg': 3.74797421416304, 'border_count': 197}. Best is trial 41 with value: -0.9385412818667795.
[I 2025-08-03 02:32:19,253] Trial 63 finished with value: -0.9297263612916585 and parameters: {'learning_rate': 0.1433341542766398, 'depth': 9, 'l2_leaf_reg': 4.323008774963503, 'border_count': 175}. Best is trial 41 with value: -0.9385412818667795.
[I 2025-08-03 02:32:49,247] Trial 64 finished with value: -0.9370092813343276 and parameters: {'learning_rate': 0.18002857398240055, 'depth': 6, 'l2_leaf_reg': 5.062507199740571, 'border_count': 245}. Best is trial 41 with value: -0.9385412818667795.
[I 2025-08-03 02:33:10,639] Trial 65 finished with value: -0.9352452200929302 and parameters: {'learning_rate': 0.25863071830700607, 'depth': 5, 'l2_leaf_reg': 3.7660707367017467, 'border_count': 161}. Best is trial 41 with value: -0.9385412818667795.
[I 2025-08-03 02:33:51,034] Trial 66 finished with value: -0.9371052436165489 and parameters: {'learning_rate': 0.15682692880928073, 'depth': 7, 'l2_leaf_reg': 4.537187583776428, 'border_count': 190}. Best is trial 41 with value: -0.9385412818667795.
[I 2025-08-03 02:34:20,806] Trial 67 finished with value: -0.9383537315463958 and parameters: {'learning_rate': 0.09512914641265853, 'depth': 6, 'l2_leaf_reg': 2.245575955596257, 'border_count': 138}. Best is trial 41 with value: -0.9385412818667795.
[I 2025-08-03 02:34:52,830] Trial 68 finished with value: -0.9365408159576357 and parameters: {'learning_rate': 0.1232442611272404, 'depth': 7, 'l2_leaf_reg': 2.1981033987618743, 'border_count': 138}. Best is trial 41 with value: -0.9385412818667795.
[I 2025-08-03 02:35:22,446] Trial 69 finished with value: -0.9382841393420376 and parameters: {'learning_rate': 0.09254377539938932, 'depth': 6, 'l2_leaf_reg': 1.5649590997654461, 'border_count': 110}. Best is trial 41 with value: -0.9385412818667795.
[I 2025-08-03 02:35:50,941] Trial 70 finished with value: -0.9377100384224992 and parameters: {'learning_rate': 0.0907248745538042, 'depth': 6, 'l2_leaf_reg': 1.6716846328968769, 'border_count': 108}. Best is trial 41 with value: -0.9385412818667795.
[I 2025-08-03 02:36:15,876] Trial 71 finished with value: -0.9378112026001191 and parameters: {'learning_rate': 0.09586673016797378, 'depth': 5, 'l2_leaf_reg': 1.226129212097328, 'border_count': 89}. Best is trial 41 with value: -0.9385412818667795.
[I 2025-08-03 02:36:46,391] Trial 72 finished with value: -0.9391822178977461 and parameters: {'learning_rate': 0.07767097690146949, 'depth': 6, 'l2_leaf_reg': 2.4987957265179297, 'border_count': 136}. Best is trial 72 with value: -0.9391822178977461.
[I 2025-08-03 02:37:16,684] Trial 73 finished with value: -0.9386378916377609 and parameters: {'learning_rate': 0.0752237343653366, 'depth': 6, 'l2_leaf_reg': 2.40294333145309, 'border_count': 132}. Best is trial 72 with value: -0.9391822178977461.
[I 2025-08-03 02:37:54,205] Trial 74 finished with value: -0.9375799054845673 and parameters: {'learning_rate': 0.07623917878394577, 'depth': 7, 'l2_leaf_reg': 1.5539925238626346, 'border_count': 136}. Best is trial 72 with value: -0.9391822178977461.
[I 2025-08-03 02:38:23,061] Trial 75 finished with value: -0.9374170298234836 and parameters: {'learning_rate': 0.06546634076264694, 'depth': 6, 'l2_leaf_reg': 2.289561121640393, 'border_count': 74}. Best is trial 72 with value: -0.9391822178977461.
[I 2025-08-03 02:38:54,487] Trial 76 finished with value: -0.9380967694516882 and parameters: {'learning_rate': 0.062272133050297676, 'depth': 6, 'l2_leaf_reg': 2.6190701059364256, 'border_count': 146}. Best is trial 72 with value: -0.9391822178977461.
[I 2025-08-03 02:39:32,292] Trial 77 finished with value: -0.9382321642997101 and parameters: {'learning_rate': 0.08172081396058223, 'depth': 7, 'l2_leaf_reg': 2.097804961495467, 'border_count': 131}. Best is trial 72 with value: -0.9391822178977461.
[I 2025-08-03 02:40:02,656] Trial 78 finished with value: -0.9378207119074531 and parameters: {'learning_rate': 0.07389793858965714, 'depth': 6, 'l2_leaf_reg': 1.8010837449447066, 'border_count': 110}. Best is trial 72 with value: -0.9391822178977461.
[I 2025-08-03 02:40:42,655] Trial 79 finished with value: -0.9371572103309612 and parameters: {'learning_rate': 0.0515673540234278, 'depth': 7, 'l2_leaf_reg': 2.515215825653515, 'border_count': 143}. Best is trial 72 with value: -0.9391822178977461.
[I 2025-08-03 02:41:07,312] Trial 80 finished with value: -0.9381676655673511 and parameters: {'learning_rate': 0.09130271465819129, 'depth': 5, 'l2_leaf_reg': 2.947497851126898, 'border_count': 115}. Best is trial 72 with value: -0.9391822178977461.
[I 2025-08-03 02:41:54,259] Trial 81 finished with value: -0.935653414419346 and parameters: {'learning_rate': 0.08460232905741538, 'depth': 8, 'l2_leaf_reg': 2.1557830432962097, 'border_count': 131}. Best is trial 72 with value: -0.9391822178977461.
[I 2025-08-03 02:42:30,776] Trial 82 finished with value: -0.9382883252342756 and parameters: {'learning_rate': 0.11005598419410544, 'depth': 7, 'l2_leaf_reg': 1.8734552458633158, 'border_count': 130}. Best is trial 72 with value: -0.9391822178977461.
[I 2025-08-03 02:43:01,288] Trial 83 finished with value: -0.9384132280519677 and parameters: {'learning_rate': 0.10894671446565221, 'depth': 6, 'l2_leaf_reg': 1.1137637513636787, 'border_count': 152}. Best is trial 72 with value: -0.9391822178977461.
[I 2025-08-03 02:43:30,498] Trial 84 finished with value: -0.9381561741976334 and parameters: {'learning_rate': 0.11127166459590321, 'depth': 6, 'l2_leaf_reg': 1.421897565293975, 'border_count': 152}. Best is trial 72 with value: -0.9391822178977461.
[I 2025-08-03 02:44:00,664] Trial 85 finished with value: -0.9366090074097967 and parameters: {'learning_rate': 0.09527034858953576, 'depth': 6, 'l2_leaf_reg': 1.7434186323308667, 'border_count': 139}. Best is trial 72 with value: -0.9391822178977461.
[I 2025-08-03 02:44:27,261] Trial 86 finished with value: -0.9373539631520469 and parameters: {'learning_rate': 0.07073614599652381, 'depth': 5, 'l2_leaf_reg': 1.9344668288197782, 'border_count': 162}. Best is trial 72 with value: -0.9391822178977461.
[I 2025-08-03 02:44:54,839] Trial 87 finished with value: -0.9387525985649124 and parameters: {'learning_rate': 0.10865115787770659, 'depth': 6, 'l2_leaf_reg': 1.0625634255928442, 'border_count': 119}. Best is trial 72 with value: -0.9391822178977461.
[I 2025-08-03 02:45:21,269] Trial 88 finished with value: -0.9381353506072155 and parameters: {'learning_rate': 0.1092596277920276, 'depth': 6, 'l2_leaf_reg': 1.0165634981091256, 'border_count': 119}. Best is trial 72 with value: -0.9391822178977461.
[I 2025-08-03 02:45:51,792] Trial 89 finished with value: -0.9384164143235647 and parameters: {'learning_rate': 0.09875202817310187, 'depth': 6, 'l2_leaf_reg': 1.0774226996908436, 'border_count': 127}. Best is trial 72 with value: -0.9391822178977461.
[I 2025-08-03 02:46:24,611] Trial 90 finished with value: -0.9346712496904456 and parameters: {'learning_rate': 0.12284132758210912, 'depth': 7, 'l2_leaf_reg': 1.3479069528945402, 'border_count': 125}. Best is trial 72 with value: -0.9391822178977461.
[I 2025-08-03 02:46:52,421] Trial 91 finished with value: -0.9387593640545127 and parameters: {'learning_rate': 0.10018580126806922, 'depth': 6, 'l2_leaf_reg': 1.0251970964621808, 'border_count': 105}. Best is trial 72 with value: -0.9391822178977461.
[I 2025-08-03 02:47:21,573] Trial 92 finished with value: -0.9394716224439139 and parameters: {'learning_rate': 0.10044628640189242, 'depth': 6, 'l2_leaf_reg': 1.0093332239216544, 'border_count': 102}. Best is trial 92 with value: -0.9394716224439139.
[I 2025-08-03 02:47:49,826] Trial 93 finished with value: -0.9377571564878814 and parameters: {'learning_rate': 0.100281331783565, 'depth': 6, 'l2_leaf_reg': 1.0245815445775406, 'border_count': 96}. Best is trial 92 with value: -0.9394716224439139.
[I 2025-08-03 02:48:19,411] Trial 94 finished with value: -0.9381926143014083 and parameters: {'learning_rate': 0.08563560103705999, 'depth': 6, 'l2_leaf_reg': 1.2269611368655244, 'border_count': 102}. Best is trial 92 with value: -0.9394716224439139.
[I 2025-08-03 02:48:46,852] Trial 95 finished with value: -0.9375841638090683 and parameters: {'learning_rate': 0.13207495676018519, 'depth': 6, 'l2_leaf_reg': 2.8106603805342627, 'border_count': 105}. Best is trial 92 with value: -0.9394716224439139.
[I 2025-08-03 02:49:15,949] Trial 96 finished with value: -0.937920002400747 and parameters: {'learning_rate': 0.07479101783119586, 'depth': 6, 'l2_leaf_reg': 1.0200494053081308, 'border_count': 92}. Best is trial 92 with value: -0.9394716224439139.
[I 2025-08-03 02:49:44,054] Trial 97 finished with value: -0.9380915577796725 and parameters: {'learning_rate': 0.11767763341205184, 'depth': 6, 'l2_leaf_reg': 1.6183974886013388, 'border_count': 120}. Best is trial 92 with value: -0.9394716224439139.
[I 2025-08-03 02:50:08,865] Trial 98 finished with value: -0.9391761870461184 and parameters: {'learning_rate': 0.07920140023567318, 'depth': 5, 'l2_leaf_reg': 1.4420849316780773, 'border_count': 150}. Best is trial 92 with value: -0.9394716224439139.
[I 2025-08-03 02:50:34,404] Trial 99 finished with value: -0.9370258887635045 and parameters: {'learning_rate': 0.07919860340417538, 'depth': 5, 'l2_leaf_reg': 1.3815090419658218, 'border_count': 149}. Best is trial 92 with value: -0.9394716224439139.
[I 2025-08-03 02:50:58,497] Trial 100 finished with value: -0.9379744309834874 and parameters: {'learning_rate': 0.10487277834426932, 'depth': 5, 'l2_leaf_reg': 1.1734347749243896, 'border_count': 156}. Best is trial 92 with value: -0.9394716224439139.
[I 2025-08-03 02:51:29,076] Trial 101 finished with value: -0.9395739314090116 and parameters: {'learning_rate': 0.09556605999349545, 'depth': 6, 'l2_leaf_reg': 1.4493569813578686, 'border_count': 142}. Best is trial 101 with value: -0.9395739314090116.
[I 2025-08-03 02:51:57,592] Trial 102 finished with value: -0.9382923537910786 and parameters: {'learning_rate': 0.08530310757267469, 'depth': 6, 'l2_leaf_reg': 1.450887065825646, 'border_count': 113}. Best is trial 101 with value: -0.9395739314090116.
