[I 2025-08-05 14:42:57,304] Trial 19 finished with value: 0.9240103042515511 and parameters: {'n_d': 40, 'n_a': 34, 'n_steps': 6, 'gamma': 1.7099073688224813, 'lambda_sparse': 1.1466414378175497e-05, 'lr': 0.006446204122320261, 'weight_decay': 4.3701964805349674e-05}. Best is trial 11 with value: 0.9623548549119486.
/work/dlclarge2/latifajr-dl_lab_project/autoML/automl-exam-ss25-tabular-freiburg-template/automl-tabular-env/lib/python3.10/site-packages/pytorch_tabnet/callbacks.py:172: UserWarning: Best weights from best epoch are automatically used!
  warnings.warn(wrn_msg)
[I 2025-08-05 14:43:20,025] A new study created in memory with name: no-name-8bc2c067-eb0e-43a7-8bfd-d6d5e093d7c3
/work/dlclarge2/latifajr-dl_lab_project/autoML/automl-exam-ss25-tabular-freiburg-template/automl-tabular-env/lib/python3.10/site-packages/pytorch_tabnet/callbacks.py:172: UserWarning: Best weights from best epoch are automatically used!
  warnings.warn(wrn_msg)
[I 2025-08-05 14:43:46,591] Trial 0 finished with value: 0.8592672785665963 and parameters: {'n_d': 26, 'n_a': 29, 'n_steps': 5, 'gamma': 1.4070738559613127, 'lambda_sparse': 0.0001781408485010132, 'lr': 0.0007261448606736014, 'weight_decay': 0.0005156422046868493}. Best is trial 0 with value: 0.8592672785665963.
/work/dlclarge2/latifajr-dl_lab_project/autoML/automl-exam-ss25-tabular-freiburg-template/automl-tabular-env/lib/python3.10/site-packages/pytorch_tabnet/callbacks.py:172: UserWarning: Best weights from best epoch are automatically used!
  warnings.warn(wrn_msg)
[I 2025-08-05 14:44:10,798] Trial 1 finished with value: 0.9280362437671867 and parameters: {'n_d': 54, 'n_a': 64, 'n_steps': 3, 'gamma': 1.656155978526931, 'lambda_sparse': 0.004805892868093519, 'lr': 0.027897895333682303, 'weight_decay': 1.3086104055427999e-05}. Best is trial 1 with value: 0.9280362437671867.
/work/dlclarge2/latifajr-dl_lab_project/autoML/automl-exam-ss25-tabular-freiburg-template/automl-tabular-env/lib/python3.10/site-packages/pytorch_tabnet/callbacks.py:172: UserWarning: Best weights from best epoch are automatically used!
  warnings.warn(wrn_msg)
[I 2025-08-05 14:44:35,230] Trial 2 finished with value: 0.8940554877145184 and parameters: {'n_d': 45, 'n_a': 21, 'n_steps': 4, 'gamma': 1.5921716734140696, 'lambda_sparse': 0.00022489776753518973, 'lr': 0.002587732757749871, 'weight_decay': 4.099187225078794e-05}. Best is trial 1 with value: 0.9280362437671867.
/work/dlclarge2/latifajr-dl_lab_project/autoML/automl-exam-ss25-tabular-freiburg-template/automl-tabular-env/lib/python3.10/site-packages/pytorch_tabnet/callbacks.py:172: UserWarning: Best weights from best epoch are automatically used!
  warnings.warn(wrn_msg)
[I 2025-08-05 14:45:12,122] Trial 3 finished with value: 0.8869168716263852 and parameters: {'n_d': 31, 'n_a': 41, 'n_steps': 7, 'gamma': 1.5206253014941598, 'lambda_sparse': 0.0010734492944794102, 'lr': 0.01913947805674291, 'weight_decay': 2.7512711234739804e-06}. Best is trial 1 with value: 0.9280362437671867.
/work/dlclarge2/latifajr-dl_lab_project/autoML/automl-exam-ss25-tabular-freiburg-template/automl-tabular-env/lib/python3.10/site-packages/pytorch_tabnet/callbacks.py:172: UserWarning: Best weights from best epoch are automatically used!
  warnings.warn(wrn_msg)
[I 2025-08-05 14:45:40,070] Trial 4 finished with value: 0.6025121667658273 and parameters: {'n_d': 35, 'n_a': 25, 'n_steps': 5, 'gamma': 1.2420115907008946, 'lambda_sparse': 0.00025513867242210646, 'lr': 0.00013020380054057964, 'weight_decay': 1.223984494946536e-06}. Best is trial 1 with value: 0.9280362437671867.
/work/dlclarge2/latifajr-dl_lab_project/autoML/automl-exam-ss25-tabular-freiburg-template/automl-tabular-env/lib/python3.10/site-packages/pytorch_tabnet/callbacks.py:172: UserWarning: Best weights from best epoch are automatically used!
  warnings.warn(wrn_msg)
[I 2025-08-05 14:46:07,791] Trial 5 finished with value: 0.886106869557136 and parameters: {'n_d': 64, 'n_a': 23, 'n_steps': 5, 'gamma': 1.394614777056471, 'lambda_sparse': 9.438575350873379e-05, 'lr': 0.007336570861138195, 'weight_decay': 0.0004933899818064846}. Best is trial 1 with value: 0.9280362437671867.
/work/dlclarge2/latifajr-dl_lab_project/autoML/automl-exam-ss25-tabular-freiburg-template/automl-tabular-env/lib/python3.10/site-packages/pytorch_tabnet/callbacks.py:172: UserWarning: Best weights from best epoch are automatically used!
  warnings.warn(wrn_msg)
[I 2025-08-05 14:46:50,033] Trial 6 finished with value: 0.9204793868169158 and parameters: {'n_d': 41, 'n_a': 27, 'n_steps': 9, 'gamma': 1.230978229188334, 'lambda_sparse': 6.256992885382318e-05, 'lr': 0.08883125291523113, 'weight_decay': 1.1228723237607766e-06}. Best is trial 1 with value: 0.9280362437671867.
/work/dlclarge2/latifajr-dl_lab_project/autoML/automl-exam-ss25-tabular-freiburg-template/automl-tabular-env/lib/python3.10/site-packages/pytorch_tabnet/callbacks.py:172: UserWarning: Best weights from best epoch are automatically used!
  warnings.warn(wrn_msg)
[I 2025-08-05 14:47:22,130] Trial 7 finished with value: 0.8706282069106671 and parameters: {'n_d': 8, 'n_a': 15, 'n_steps': 6, 'gamma': 1.2808827958251492, 'lambda_sparse': 0.00011519962042784284, 'lr': 0.0004899595392869922, 'weight_decay': 2.269518481656504e-06}. Best is trial 1 with value: 0.9280362437671867.
/work/dlclarge2/latifajr-dl_lab_project/autoML/automl-exam-ss25-tabular-freiburg-template/automl-tabular-env/lib/python3.10/site-packages/pytorch_tabnet/callbacks.py:172: UserWarning: Best weights from best epoch are automatically used!
  warnings.warn(wrn_msg)
[I 2025-08-05 14:47:46,482] Trial 8 finished with value: 0.9143407507005387 and parameters: {'n_d': 64, 'n_a': 60, 'n_steps': 4, 'gamma': 1.9542599120469935, 'lambda_sparse': 0.0027838376801719985, 'lr': 0.010809192304700652, 'weight_decay': 8.454468918257277e-06}. Best is trial 1 with value: 0.9280362437671867.
/work/dlclarge2/latifajr-dl_lab_project/autoML/automl-exam-ss25-tabular-freiburg-template/automl-tabular-env/lib/python3.10/site-packages/pytorch_tabnet/callbacks.py:172: UserWarning: Best weights from best epoch are automatically used!
  warnings.warn(wrn_msg)
[I 2025-08-05 14:48:10,292] Trial 9 finished with value: 0.9043599925809608 and parameters: {'n_d': 12, 'n_a': 47, 'n_steps': 3, 'gamma': 1.501915760185014, 'lambda_sparse': 0.0007285207122983045, 'lr': 0.001636523486122292, 'weight_decay': 1.433559714210191e-06}. Best is trial 1 with value: 0.9280362437671867.
/work/dlclarge2/latifajr-dl_lab_project/autoML/automl-exam-ss25-tabular-freiburg-template/automl-tabular-env/lib/python3.10/site-packages/pytorch_tabnet/callbacks.py:172: UserWarning: Best weights from best epoch are automatically used!
  warnings.warn(wrn_msg)
[I 2025-08-05 14:48:50,316] Trial 10 finished with value: 0.9434175822224853 and parameters: {'n_d': 50, 'n_a': 60, 'n_steps': 10, 'gamma': 1.7939810556030853, 'lambda_sparse': 1.1478905472640895e-05, 'lr': 0.09313282377940169, 'weight_decay': 5.767231312786523e-05}. Best is trial 10 with value: 0.9434175822224853.
/work/dlclarge2/latifajr-dl_lab_project/autoML/automl-exam-ss25-tabular-freiburg-template/automl-tabular-env/lib/python3.10/site-packages/pytorch_tabnet/callbacks.py:172: UserWarning: Best weights from best epoch are automatically used!
  warnings.warn(wrn_msg)
[I 2025-08-05 14:49:34,528] Trial 11 finished with value: 0.9424173650446718 and parameters: {'n_d': 52, 'n_a': 63, 'n_steps': 10, 'gamma': 1.8059007161429135, 'lambda_sparse': 1.1690491499091663e-05, 'lr': 0.09771130397978744, 'weight_decay': 5.6857734771828994e-05}. Best is trial 10 with value: 0.9434175822224853.
/work/dlclarge2/latifajr-dl_lab_project/autoML/automl-exam-ss25-tabular-freiburg-template/automl-tabular-env/lib/python3.10/site-packages/pytorch_tabnet/callbacks.py:172: UserWarning: Best weights from best epoch are automatically used!
  warnings.warn(wrn_msg)
[I 2025-08-05 14:50:13,016] Trial 12 finished with value: 0.9350649879687266 and parameters: {'n_d': 52, 'n_a': 54, 'n_steps': 10, 'gamma': 1.8661503385907945, 'lambda_sparse': 1.0231227294300898e-05, 'lr': 0.09000488002690943, 'weight_decay': 0.00011287077889121889}. Best is trial 10 with value: 0.9434175822224853.
/work/dlclarge2/latifajr-dl_lab_project/autoML/automl-exam-ss25-tabular-freiburg-template/automl-tabular-env/lib/python3.10/site-packages/pytorch_tabnet/callbacks.py:172: UserWarning: Best weights from best epoch are automatically used!
  warnings.warn(wrn_msg)
[I 2025-08-05 14:50:50,006] Trial 13 finished with value: 0.929623071124741 and parameters: {'n_d': 51, 'n_a': 53, 'n_steps': 8, 'gamma': 1.7794534611534627, 'lambda_sparse': 1.0520615262477133e-05, 'lr': 0.04131517456763957, 'weight_decay': 0.00010514179927049015}. Best is trial 10 with value: 0.9434175822224853.
/work/dlclarge2/latifajr-dl_lab_project/autoML/automl-exam-ss25-tabular-freiburg-template/automl-tabular-env/lib/python3.10/site-packages/pytorch_tabnet/callbacks.py:172: UserWarning: Best weights from best epoch are automatically used!
  warnings.warn(wrn_msg)
[I 2025-08-05 14:51:22,947] Trial 14 finished with value: 0.8972761475411248 and parameters: {'n_d': 56, 'n_a': 40, 'n_steps': 9, 'gamma': 1.755165811118902, 'lambda_sparse': 3.320623589584119e-05, 'lr': 0.042036483686709585, 'weight_decay': 9.175545030134727e-05}. Best is trial 10 with value: 0.9434175822224853.
/work/dlclarge2/latifajr-dl_lab_project/autoML/automl-exam-ss25-tabular-freiburg-template/automl-tabular-env/lib/python3.10/site-packages/pytorch_tabnet/callbacks.py:172: UserWarning: Best weights from best epoch are automatically used!
  warnings.warn(wrn_msg)
[I 2025-08-05 14:51:55,763] Trial 15 finished with value: 0.8582230818618 and parameters: {'n_d': 44, 'n_a': 56, 'n_steps': 10, 'gamma': 1.0787835323044737, 'lambda_sparse': 2.5665064915148664e-05, 'lr': 0.007311393498940103, 'weight_decay': 3.0985995189834006e-05}. Best is trial 10 with value: 0.9434175822224853.
/work/dlclarge2/latifajr-dl_lab_project/autoML/automl-exam-ss25-tabular-freiburg-template/automl-tabular-env/lib/python3.10/site-packages/pytorch_tabnet/callbacks.py:172: UserWarning: Best weights from best epoch are automatically used!
  warnings.warn(wrn_msg)
[I 2025-08-05 14:52:20,115] Trial 16 finished with value: 0.9447075334872832 and parameters: {'n_d': 23, 'n_a': 47, 'n_steps': 8, 'gamma': 1.9941572111338126, 'lambda_sparse': 3.0298977390766273e-05, 'lr': 0.06601068492351454, 'weight_decay': 0.0001892846603563365}. Best is trial 16 with value: 0.9447075334872832.
/work/dlclarge2/latifajr-dl_lab_project/autoML/automl-exam-ss25-tabular-freiburg-template/automl-tabular-env/lib/python3.10/site-packages/pytorch_tabnet/callbacks.py:172: UserWarning: Best weights from best epoch are automatically used!
  warnings.warn(wrn_msg)
[I 2025-08-05 14:53:00,959] Trial 17 finished with value: 0.9452326613522499 and parameters: {'n_d': 20, 'n_a': 47, 'n_steps': 8, 'gamma': 1.9865136105968377, 'lambda_sparse': 3.077766775570489e-05, 'lr': 0.013515418921838157, 'weight_decay': 0.00024008728715886016}. Best is trial 17 with value: 0.9452326613522499.
/work/dlclarge2/latifajr-dl_lab_project/autoML/automl-exam-ss25-tabular-freiburg-template/automl-tabular-env/lib/python3.10/site-packages/pytorch_tabnet/callbacks.py:172: UserWarning: Best weights from best epoch are automatically used!
  warnings.warn(wrn_msg)
[I 2025-08-05 14:53:37,474] Trial 18 finished with value: 0.909199179141142 and parameters: {'n_d': 20, 'n_a': 47, 'n_steps': 7, 'gamma': 1.9574094742452333, 'lambda_sparse': 3.9566403101834105e-05, 'lr': 0.014178164654342587, 'weight_decay': 0.00022435087059620806}. Best is trial 17 with value: 0.9452326613522499.
/work/dlclarge2/latifajr-dl_lab_project/autoML/automl-exam-ss25-tabular-freiburg-template/automl-tabular-env/lib/python3.10/site-packages/pytorch_tabnet/callbacks.py:172: UserWarning: Best weights from best epoch are automatically used!
  warnings.warn(wrn_msg)
[I 2025-08-05 14:54:17,645] Trial 19 finished with value: 0.8729392287653269 and parameters: {'n_d': 18, 'n_a': 36, 'n_steps': 8, 'gamma': 1.996535441763691, 'lambda_sparse': 0.0005562496946068612, 'lr': 0.004566499765582192, 'weight_decay': 0.0007796057521709306}. Best is trial 17 with value: 0.9452326613522499.
/work/dlclarge2/latifajr-dl_lab_project/autoML/automl-exam-ss25-tabular-freiburg-template/automl-tabular-env/lib/python3.10/site-packages/pytorch_tabnet/callbacks.py:172: UserWarning: Best weights from best epoch are automatically used!
  warnings.warn(wrn_msg)
2025-08-05 14:55:16 [INFO] TabNet →      /work/dlclarge2/latifajr-dl_lab_project/autoML/automl-exam-ss25-tabular-freiburg-template/modelsFinal-brazilian_houses/tabnet (mean R²=0.9489)
2025-08-05 14:55:16 [INFO] Ensemble weights: TabPFN=0.338, Tree=0.339, TabNet=0.323
2025-08-05 14:55:16 [INFO] Loading individual models into memory...
/work/dlclarge2/latifajr-dl_lab_project/autoML/automl-exam-ss25-tabular-freiburg-template/automl-tabular-env/lib/python3.10/site-packages/pytorch_tabnet/abstract_model.py:82: UserWarning: Device used : cuda
  warnings.warn(f"Device used : {self.device}")
2025-08-05 14:55:20 [INFO] Saved weighted ensemble to /work/dlclarge2/latifajr-dl_lab_project/autoML/automl-exam-ss25-tabular-freiburg-template/modelsFinal-brazilian_houses/final_model.pkl
