[I 2025-08-04 22:32:11,775] Trial 6 finished with value: 0.5049699954768928 and parameters: {'n_d': 36, 'n_a': 52, 'n_steps': 4, 'gamma': 1.4989465503070516, 'lambda_sparse': 0.007610544599402601, 'lr': 0.08739351075898902, 'weight_decay': 0.00011870793707993704}. Best is trial 3 with value: 0.9108271013784321.
/work/dlclarge2/alidemaa-dl_lab/automl/automl-exam-ss25-tabular-freiburg-template/automl-tabular-env/lib/python3.10/site-packages/pytorch_tabnet/callbacks.py:172: UserWarning: Best weights from best epoch are automatically used!
  warnings.warn(wrn_msg)
[I 2025-08-04 22:33:51,793] Trial 7 finished with value: 0.46961276087791126 and parameters: {'n_d': 33, 'n_a': 23, 'n_steps': 7, 'gamma': 1.3580640827453243, 'lambda_sparse': 0.0030375280559025073, 'lr': 0.00010000903308906485, 'weight_decay': 1.439101062270686e-05}. Best is trial 3 with value: 0.9108271013784321.
/work/dlclarge2/alidemaa-dl_lab/automl/automl-exam-ss25-tabular-freiburg-template/automl-tabular-env/lib/python3.10/site-packages/pytorch_tabnet/callbacks.py:172: UserWarning: Best weights from best epoch are automatically used!
  warnings.warn(wrn_msg)
[I 2025-08-04 22:35:14,211] Trial 8 finished with value: 0.915432104785973 and parameters: {'n_d': 61, 'n_a': 10, 'n_steps': 4, 'gamma': 1.7886336376204282, 'lambda_sparse': 0.004411585962660649, 'lr': 0.020686886902608982, 'weight_decay': 9.362067005571352e-06}. Best is trial 8 with value: 0.915432104785973.
/work/dlclarge2/alidemaa-dl_lab/automl/automl-exam-ss25-tabular-freiburg-template/automl-tabular-env/lib/python3.10/site-packages/pytorch_tabnet/callbacks.py:172: UserWarning: Best weights from best epoch are automatically used!
  warnings.warn(wrn_msg)
[I 2025-08-04 22:37:13,787] Trial 9 finished with value: 0.9148415516464247 and parameters: {'n_d': 37, 'n_a': 46, 'n_steps': 9, 'gamma': 1.0987397771378995, 'lambda_sparse': 2.3079790771319726e-05, 'lr': 0.0018940898234844812, 'weight_decay': 0.0005130489883728426}. Best is trial 8 with value: 0.915432104785973.
/work/dlclarge2/alidemaa-dl_lab/automl/automl-exam-ss25-tabular-freiburg-template/automl-tabular-env/lib/python3.10/site-packages/pytorch_tabnet/callbacks.py:172: UserWarning: Best weights from best epoch are automatically used!
  warnings.warn(wrn_msg)
[I 2025-08-04 22:38:34,415] Trial 10 finished with value: 0.9188651195162565 and parameters: {'n_d': 10, 'n_a': 64, 'n_steps': 5, 'gamma': 1.0066498481690507, 'lambda_sparse': 0.000986674396059145, 'lr': 0.09815259957724315, 'weight_decay': 6.121985603989058e-06}. Best is trial 10 with value: 0.9188651195162565.
/work/dlclarge2/alidemaa-dl_lab/automl/automl-exam-ss25-tabular-freiburg-template/automl-tabular-env/lib/python3.10/site-packages/pytorch_tabnet/callbacks.py:172: UserWarning: Best weights from best epoch are automatically used!
  warnings.warn(wrn_msg)
[I 2025-08-04 22:39:53,588] Trial 11 finished with value: 0.9219846752576917 and parameters: {'n_d': 9, 'n_a': 60, 'n_steps': 5, 'gamma': 1.0006183580327757, 'lambda_sparse': 0.0013628160387175632, 'lr': 0.07266649951658928, 'weight_decay': 5.863070614706903e-06}. Best is trial 11 with value: 0.9219846752576917.
/work/dlclarge2/alidemaa-dl_lab/automl/automl-exam-ss25-tabular-freiburg-template/automl-tabular-env/lib/python3.10/site-packages/pytorch_tabnet/callbacks.py:172: UserWarning: Best weights from best epoch are automatically used!
  warnings.warn(wrn_msg)
[I 2025-08-04 22:41:13,082] Trial 12 finished with value: 0.9151608376576597 and parameters: {'n_d': 8, 'n_a': 64, 'n_steps': 5, 'gamma': 1.0147909888310855, 'lambda_sparse': 0.0009462318485575072, 'lr': 0.06894077252280027, 'weight_decay': 4.303907047140935e-06}. Best is trial 11 with value: 0.9219846752576917.
/work/dlclarge2/alidemaa-dl_lab/automl/automl-exam-ss25-tabular-freiburg-template/automl-tabular-env/lib/python3.10/site-packages/pytorch_tabnet/callbacks.py:172: UserWarning: Best weights from best epoch are automatically used!
  warnings.warn(wrn_msg)
[I 2025-08-04 22:41:35,777] Trial 13 finished with value: 0.0018250724549506714 and parameters: {'n_d': 9, 'n_a': 64, 'n_steps': 5, 'gamma': 1.1934019900797899, 'lambda_sparse': 0.00014164660224533554, 'lr': 0.0379102860879587, 'weight_decay': 2.1848682599852596e-05}. Best is trial 11 with value: 0.9219846752576917.
/work/dlclarge2/alidemaa-dl_lab/automl/automl-exam-ss25-tabular-freiburg-template/automl-tabular-env/lib/python3.10/site-packages/pytorch_tabnet/callbacks.py:172: UserWarning: Best weights from best epoch are automatically used!
  warnings.warn(wrn_msg)
[I 2025-08-04 22:43:46,285] Trial 14 finished with value: 0.8581854382804877 and parameters: {'n_d': 18, 'n_a': 57, 'n_steps': 10, 'gamma': 1.2326180052404445, 'lambda_sparse': 0.0010551634505575186, 'lr': 0.0035552126789873888, 'weight_decay': 4.021075337866577e-06}. Best is trial 11 with value: 0.9219846752576917.
/work/dlclarge2/alidemaa-dl_lab/automl/automl-exam-ss25-tabular-freiburg-template/automl-tabular-env/lib/python3.10/site-packages/pytorch_tabnet/callbacks.py:172: UserWarning: Best weights from best epoch are automatically used!
  warnings.warn(wrn_msg)
[I 2025-08-04 22:45:07,263] Trial 15 finished with value: 0.9112678152646798 and parameters: {'n_d': 21, 'n_a': 29, 'n_steps': 5, 'gamma': 1.000909211796781, 'lambda_sparse': 0.00016010961306736166, 'lr': 0.09806171392420263, 'weight_decay': 2.927927280304274e-05}. Best is trial 11 with value: 0.9219846752576917.
/work/dlclarge2/alidemaa-dl_lab/automl/automl-exam-ss25-tabular-freiburg-template/automl-tabular-env/lib/python3.10/site-packages/pytorch_tabnet/callbacks.py:172: UserWarning: Best weights from best epoch are automatically used!
  warnings.warn(wrn_msg)
[I 2025-08-04 22:46:32,434] Trial 16 finished with value: 0.9196443037242569 and parameters: {'n_d': 17, 'n_a': 57, 'n_steps': 4, 'gamma': 1.2313732295697766, 'lambda_sparse': 0.0012683047769838898, 'lr': 0.004757946455408374, 'weight_decay': 1.024752120055683e-06}. Best is trial 11 with value: 0.9219846752576917.
/work/dlclarge2/alidemaa-dl_lab/automl/automl-exam-ss25-tabular-freiburg-template/automl-tabular-env/lib/python3.10/site-packages/pytorch_tabnet/callbacks.py:172: UserWarning: Best weights from best epoch are automatically used!
  warnings.warn(wrn_msg)
[I 2025-08-04 22:47:54,834] Trial 17 finished with value: 0.8908251401108132 and parameters: {'n_d': 18, 'n_a': 39, 'n_steps': 4, 'gamma': 1.2671363058265073, 'lambda_sparse': 0.0017973161349385872, 'lr': 0.0012073209354036727, 'weight_decay': 1.0222855037555243e-06}. Best is trial 11 with value: 0.9219846752576917.
/work/dlclarge2/alidemaa-dl_lab/automl/automl-exam-ss25-tabular-freiburg-template/automl-tabular-env/lib/python3.10/site-packages/pytorch_tabnet/callbacks.py:172: UserWarning: Best weights from best epoch are automatically used!
  warnings.warn(wrn_msg)
[I 2025-08-04 22:49:02,469] Trial 18 finished with value: 0.9237499423128608 and parameters: {'n_d': 25, 'n_a': 56, 'n_steps': 3, 'gamma': 1.1252484279673873, 'lambda_sparse': 0.00024277670098128443, 'lr': 0.005832946453480581, 'weight_decay': 2.487378178582759e-06}. Best is trial 18 with value: 0.9237499423128608.
/work/dlclarge2/alidemaa-dl_lab/automl/automl-exam-ss25-tabular-freiburg-template/automl-tabular-env/lib/python3.10/site-packages/pytorch_tabnet/callbacks.py:172: UserWarning: Best weights from best epoch are automatically used!
  warnings.warn(wrn_msg)
[I 2025-08-04 22:49:36,107] Trial 19 finished with value: 0.5641857616888968 and parameters: {'n_d': 27, 'n_a': 56, 'n_steps': 3, 'gamma': 1.1411030165766576, 'lambda_sparse': 5.436120230341308e-05, 'lr': 0.00846817490687747, 'weight_decay': 2.1295577296226863e-06}. Best is trial 18 with value: 0.9237499423128608.
/work/dlclarge2/alidemaa-dl_lab/automl/automl-exam-ss25-tabular-freiburg-template/automl-tabular-env/lib/python3.10/site-packages/pytorch_tabnet/callbacks.py:172: UserWarning: Best weights from best epoch are automatically used!
  warnings.warn(wrn_msg)
[I 2025-08-04 22:51:20,958] A new study created in memory with name: no-name-d9df496d-eea9-4a18-8561-eaff2f69b08a
/work/dlclarge2/alidemaa-dl_lab/automl/automl-exam-ss25-tabular-freiburg-template/automl-tabular-env/lib/python3.10/site-packages/pytorch_tabnet/callbacks.py:172: UserWarning: Best weights from best epoch are automatically used!
  warnings.warn(wrn_msg)
[I 2025-08-04 22:53:11,404] Trial 0 finished with value: 0.8904367108141225 and parameters: {'n_d': 43, 'n_a': 24, 'n_steps': 8, 'gamma': 1.4830664901146675, 'lambda_sparse': 4.6376056488468e-05, 'lr': 0.010387755229519098, 'weight_decay': 0.00024641901916496074}. Best is trial 0 with value: 0.8904367108141225.
/work/dlclarge2/alidemaa-dl_lab/automl/automl-exam-ss25-tabular-freiburg-template/automl-tabular-env/lib/python3.10/site-packages/pytorch_tabnet/callbacks.py:172: UserWarning: Best weights from best epoch are automatically used!
  warnings.warn(wrn_msg)
[I 2025-08-04 22:54:50,508] Trial 1 finished with value: 0.843724274471347 and parameters: {'n_d': 32, 'n_a': 32, 'n_steps': 7, 'gamma': 1.5954789232552065, 'lambda_sparse': 3.250931736297948e-05, 'lr': 0.0009685023905502693, 'weight_decay': 1.830063723629289e-05}. Best is trial 0 with value: 0.8904367108141225.
/work/dlclarge2/alidemaa-dl_lab/automl/automl-exam-ss25-tabular-freiburg-template/automl-tabular-env/lib/python3.10/site-packages/pytorch_tabnet/callbacks.py:172: UserWarning: Best weights from best epoch are automatically used!
  warnings.warn(wrn_msg)
[I 2025-08-04 22:56:11,800] Trial 2 finished with value: 0.9137214301344443 and parameters: {'n_d': 53, 'n_a': 26, 'n_steps': 4, 'gamma': 1.8722202083279356, 'lambda_sparse': 0.00023263663416322748, 'lr': 0.005381794626372136, 'weight_decay': 1.2161881970252556e-05}. Best is trial 2 with value: 0.9137214301344443.
/work/dlclarge2/alidemaa-dl_lab/automl/automl-exam-ss25-tabular-freiburg-template/automl-tabular-env/lib/python3.10/site-packages/pytorch_tabnet/callbacks.py:172: UserWarning: Best weights from best epoch are automatically used!
  warnings.warn(wrn_msg)
[I 2025-08-04 22:57:49,710] Trial 3 finished with value: 0.9062291085852235 and parameters: {'n_d': 8, 'n_a': 45, 'n_steps': 7, 'gamma': 1.5775041401189855, 'lambda_sparse': 0.0022949930538530786, 'lr': 0.005631326081774082, 'weight_decay': 1.2133185860276223e-06}. Best is trial 2 with value: 0.9137214301344443.
/work/dlclarge2/alidemaa-dl_lab/automl/automl-exam-ss25-tabular-freiburg-template/automl-tabular-env/lib/python3.10/site-packages/pytorch_tabnet/callbacks.py:172: UserWarning: Best weights from best epoch are automatically used!
  warnings.warn(wrn_msg)
[I 2025-08-04 22:58:58,267] Trial 4 finished with value: 0.8031922553005373 and parameters: {'n_d': 22, 'n_a': 48, 'n_steps': 3, 'gamma': 1.9219301693135526, 'lambda_sparse': 0.0001390263681952063, 'lr': 0.00011191530279631131, 'weight_decay': 1.1809278166190402e-06}. Best is trial 2 with value: 0.9137214301344443.
/work/dlclarge2/alidemaa-dl_lab/automl/automl-exam-ss25-tabular-freiburg-template/automl-tabular-env/lib/python3.10/site-packages/pytorch_tabnet/callbacks.py:172: UserWarning: Best weights from best epoch are automatically used!
  warnings.warn(wrn_msg)
[I 2025-08-04 23:00:38,439] Trial 5 finished with value: 0.889288072704193 and parameters: {'n_d': 11, 'n_a': 37, 'n_steps': 7, 'gamma': 1.7138513127814619, 'lambda_sparse': 5.284972314753698e-05, 'lr': 0.004189794420498008, 'weight_decay': 0.000601736933789273}. Best is trial 2 with value: 0.9137214301344443.
/work/dlclarge2/alidemaa-dl_lab/automl/automl-exam-ss25-tabular-freiburg-template/automl-tabular-env/lib/python3.10/site-packages/pytorch_tabnet/callbacks.py:172: UserWarning: Best weights from best epoch are automatically used!
  warnings.warn(wrn_msg)
[I 2025-08-04 23:02:53,594] Trial 6 finished with value: 0.6460072974110762 and parameters: {'n_d': 53, 'n_a': 33, 'n_steps': 10, 'gamma': 1.8852713748964218, 'lambda_sparse': 0.009413247644752052, 'lr': 0.0005605632308372729, 'weight_decay': 0.00021368244416759477}. Best is trial 2 with value: 0.9137214301344443.
/work/dlclarge2/alidemaa-dl_lab/automl/automl-exam-ss25-tabular-freiburg-template/automl-tabular-env/lib/python3.10/site-packages/pytorch_tabnet/callbacks.py:172: UserWarning: Best weights from best epoch are automatically used!
  warnings.warn(wrn_msg)
[I 2025-08-04 23:04:34,374] Trial 7 finished with value: 0.6015165781841507 and parameters: {'n_d': 45, 'n_a': 24, 'n_steps': 7, 'gamma': 1.5599583945968303, 'lambda_sparse': 9.548780130057697e-05, 'lr': 0.00022099566714567703, 'weight_decay': 2.6253461392391278e-05}. Best is trial 2 with value: 0.9137214301344443.
/work/dlclarge2/alidemaa-dl_lab/automl/automl-exam-ss25-tabular-freiburg-template/automl-tabular-env/lib/python3.10/site-packages/pytorch_tabnet/callbacks.py:172: UserWarning: Best weights from best epoch are automatically used!
  warnings.warn(wrn_msg)
[I 2025-08-04 23:06:25,303] Trial 8 finished with value: 0.9185113594959006 and parameters: {'n_d': 57, 'n_a': 22, 'n_steps': 8, 'gamma': 1.1475737302633406, 'lambda_sparse': 0.0005233626210654004, 'lr': 0.05228205704147349, 'weight_decay': 2.057684386794411e-06}. Best is trial 8 with value: 0.9185113594959006.
/work/dlclarge2/alidemaa-dl_lab/automl/automl-exam-ss25-tabular-freiburg-template/automl-tabular-env/lib/python3.10/site-packages/pytorch_tabnet/callbacks.py:172: UserWarning: Best weights from best epoch are automatically used!
  warnings.warn(wrn_msg)
[I 2025-08-04 23:06:46,219] Trial 9 finished with value: 0.5782682003862735 and parameters: {'n_d': 36, 'n_a': 11, 'n_steps': 3, 'gamma': 1.6522950128202867, 'lambda_sparse': 0.0003678047941832561, 'lr': 0.09871159277689578, 'weight_decay': 0.0004539891409320893}. Best is trial 8 with value: 0.9185113594959006.
/work/dlclarge2/alidemaa-dl_lab/automl/automl-exam-ss25-tabular-freiburg-template/automl-tabular-env/lib/python3.10/site-packages/pytorch_tabnet/callbacks.py:172: UserWarning: Best weights from best epoch are automatically used!
  warnings.warn(wrn_msg)
[I 2025-08-04 23:08:48,220] Trial 10 finished with value: 0.9115076691003797 and parameters: {'n_d': 61, 'n_a': 10, 'n_steps': 10, 'gamma': 1.063508288927672, 'lambda_sparse': 0.0008680466736148467, 'lr': 0.09459421165814573, 'weight_decay': 6.189706143329498e-06}. Best is trial 8 with value: 0.9185113594959006.
/work/dlclarge2/alidemaa-dl_lab/automl/automl-exam-ss25-tabular-freiburg-template/automl-tabular-env/lib/python3.10/site-packages/pytorch_tabnet/callbacks.py:172: UserWarning: Best weights from best epoch are automatically used!
  warnings.warn(wrn_msg)
[I 2025-08-04 23:10:10,228] Trial 11 finished with value: 0.9263640288074161 and parameters: {'n_d': 64, 'n_a': 21, 'n_steps': 5, 'gamma': 1.1967358839583717, 'lambda_sparse': 0.00039536195651915067, 'lr': 0.019278376865308818, 'weight_decay': 6.942404142006172e-06}. Best is trial 11 with value: 0.9263640288074161.
/work/dlclarge2/alidemaa-dl_lab/automl/automl-exam-ss25-tabular-freiburg-template/automl-tabular-env/lib/python3.10/site-packages/pytorch_tabnet/callbacks.py:172: UserWarning: Best weights from best epoch are automatically used!
  warnings.warn(wrn_msg)
[I 2025-08-04 23:11:30,402] Trial 12 finished with value: 0.9183335852894232 and parameters: {'n_d': 63, 'n_a': 57, 'n_steps': 5, 'gamma': 1.0784657309368963, 'lambda_sparse': 1.043482996233385e-05, 'lr': 0.026403928012022106, 'weight_decay': 4.05077983018802e-06}. Best is trial 11 with value: 0.9263640288074161.
/work/dlclarge2/alidemaa-dl_lab/automl/automl-exam-ss25-tabular-freiburg-template/automl-tabular-env/lib/python3.10/site-packages/pytorch_tabnet/callbacks.py:172: UserWarning: Best weights from best epoch are automatically used!
  warnings.warn(wrn_msg)
[I 2025-08-04 23:12:50,288] Trial 13 finished with value: 0.931205537029994 and parameters: {'n_d': 54, 'n_a': 17, 'n_steps': 5, 'gamma': 1.2823330642914574, 'lambda_sparse': 0.0007973095571447046, 'lr': 0.02623957023268384, 'weight_decay': 3.630533655350239e-06}. Best is trial 13 with value: 0.931205537029994.
/work/dlclarge2/alidemaa-dl_lab/automl/automl-exam-ss25-tabular-freiburg-template/automl-tabular-env/lib/python3.10/site-packages/pytorch_tabnet/callbacks.py:172: UserWarning: Best weights from best epoch are automatically used!
  warnings.warn(wrn_msg)
[I 2025-08-04 23:14:03,700] Trial 14 finished with value: 0.9250551987609158 and parameters: {'n_d': 46, 'n_a': 16, 'n_steps': 5, 'gamma': 1.3035455678546053, 'lambda_sparse': 0.0016336507770743146, 'lr': 0.01774227560811355, 'weight_decay': 7.006716535826185e-05}. Best is trial 13 with value: 0.931205537029994.
/work/dlclarge2/alidemaa-dl_lab/automl/automl-exam-ss25-tabular-freiburg-template/automl-tabular-env/lib/python3.10/site-packages/pytorch_tabnet/callbacks.py:172: UserWarning: Best weights from best epoch are automatically used!
  warnings.warn(wrn_msg)
[I 2025-08-04 23:15:23,330] Trial 15 finished with value: 0.9305182465722 and parameters: {'n_d': 63, 'n_a': 18, 'n_steps': 5, 'gamma': 1.2947278128016686, 'lambda_sparse': 0.004570081210804034, 'lr': 0.027538320169510064, 'weight_decay': 6.186953228800909e-06}. Best is trial 13 with value: 0.931205537029994.
/work/dlclarge2/alidemaa-dl_lab/automl/automl-exam-ss25-tabular-freiburg-template/automl-tabular-env/lib/python3.10/site-packages/pytorch_tabnet/callbacks.py:172: UserWarning: Best weights from best epoch are automatically used!
  warnings.warn(wrn_msg)
[I 2025-08-04 23:16:45,908] Trial 16 finished with value: 0.8940245652642549 and parameters: {'n_d': 52, 'n_a': 8, 'n_steps': 4, 'gamma': 1.3836345481281078, 'lambda_sparse': 0.00674497923463018, 'lr': 0.0015603495930881204, 'weight_decay': 5.6903335267441516e-05}. Best is trial 13 with value: 0.931205537029994.
/work/dlclarge2/alidemaa-dl_lab/automl/automl-exam-ss25-tabular-freiburg-template/automl-tabular-env/lib/python3.10/site-packages/pytorch_tabnet/callbacks.py:172: UserWarning: Best weights from best epoch are automatically used!
  warnings.warn(wrn_msg)
[I 2025-08-04 23:18:14,416] Trial 17 finished with value: 0.9175225010881676 and parameters: {'n_d': 30, 'n_a': 16, 'n_steps': 6, 'gamma': 1.3047939568650182, 'lambda_sparse': 0.0035516578173545393, 'lr': 0.03756889747173061, 'weight_decay': 3.3021091296904408e-06}. Best is trial 13 with value: 0.931205537029994.
/work/dlclarge2/alidemaa-dl_lab/automl/automl-exam-ss25-tabular-freiburg-template/automl-tabular-env/lib/python3.10/site-packages/pytorch_tabnet/callbacks.py:172: UserWarning: Best weights from best epoch are automatically used!
  warnings.warn(wrn_msg)
[I 2025-08-04 23:19:43,793] Trial 18 finished with value: 0.9184708159905819 and parameters: {'n_d': 39, 'n_a': 63, 'n_steps': 6, 'gamma': 1.425226901088072, 'lambda_sparse': 0.0009487689874218764, 'lr': 0.009409590364286444, 'weight_decay': 8.59773131121747e-06}. Best is trial 13 with value: 0.931205537029994.
/work/dlclarge2/alidemaa-dl_lab/automl/automl-exam-ss25-tabular-freiburg-template/automl-tabular-env/lib/python3.10/site-packages/pytorch_tabnet/callbacks.py:172: UserWarning: Best weights from best epoch are automatically used!
  warnings.warn(wrn_msg)
[I 2025-08-04 23:21:05,905] Trial 19 finished with value: 0.905369082190071 and parameters: {'n_d': 50, 'n_a': 39, 'n_steps': 4, 'gamma': 1.2562960920566444, 'lambda_sparse': 0.004301856396717118, 'lr': 0.002131419996370927, 'weight_decay': 2.6413915626062125e-06}. Best is trial 13 with value: 0.931205537029994.
/work/dlclarge2/alidemaa-dl_lab/automl/automl-exam-ss25-tabular-freiburg-template/automl-tabular-env/lib/python3.10/site-packages/pytorch_tabnet/callbacks.py:172: UserWarning: Best weights from best epoch are automatically used!
  warnings.warn(wrn_msg)
[I 2025-08-04 23:22:47,078] A new study created in memory with name: no-name-d4bb9ae6-935d-4ec5-b8b9-f648023efbbc
/work/dlclarge2/alidemaa-dl_lab/automl/automl-exam-ss25-tabular-freiburg-template/automl-tabular-env/lib/python3.10/site-packages/pytorch_tabnet/callbacks.py:172: UserWarning: Best weights from best epoch are automatically used!
  warnings.warn(wrn_msg)
[I 2025-08-04 23:24:27,424] Trial 0 finished with value: 0.4224450751143116 and parameters: {'n_d': 29, 'n_a': 34, 'n_steps': 7, 'gamma': 1.7191797119024583, 'lambda_sparse': 0.009188289299601849, 'lr': 0.00020995969346253022, 'weight_decay': 4.053323219206863e-05}. Best is trial 0 with value: 0.4224450751143116.
/work/dlclarge2/alidemaa-dl_lab/automl/automl-exam-ss25-tabular-freiburg-template/automl-tabular-env/lib/python3.10/site-packages/pytorch_tabnet/callbacks.py:172: UserWarning: Best weights from best epoch are automatically used!
  warnings.warn(wrn_msg)
[I 2025-08-04 23:26:28,821] Trial 1 finished with value: 0.8579611290114308 and parameters: {'n_d': 11, 'n_a': 35, 'n_steps': 9, 'gamma': 1.9314333107069142, 'lambda_sparse': 0.00059879091488464, 'lr': 0.0068736680100303605, 'weight_decay': 5.409559494988841e-05}. Best is trial 1 with value: 0.8579611290114308.
/work/dlclarge2/alidemaa-dl_lab/automl/automl-exam-ss25-tabular-freiburg-template/automl-tabular-env/lib/python3.10/site-packages/pytorch_tabnet/callbacks.py:172: UserWarning: Best weights from best epoch are automatically used!
  warnings.warn(wrn_msg)
[I 2025-08-04 23:28:14,911] Trial 2 finished with value: 0.8420840632396369 and parameters: {'n_d': 32, 'n_a': 19, 'n_steps': 8, 'gamma': 1.1651188207719687, 'lambda_sparse': 0.0001380292890140107, 'lr': 0.0013495943575889012, 'weight_decay': 2.4164858365208733e-05}. Best is trial 1 with value: 0.8579611290114308.
/work/dlclarge2/alidemaa-dl_lab/automl/automl-exam-ss25-tabular-freiburg-template/automl-tabular-env/lib/python3.10/site-packages/pytorch_tabnet/callbacks.py:172: UserWarning: Best weights from best epoch are automatically used!
  warnings.warn(wrn_msg)
