[I 2025-08-04 08:18:24,850] Trial 389 finished with value: -0.08905004542058234 and parameters: {'learning_rate': 0.02022490424789605, 'num_leaves': 167, 'max_depth': 15, 'min_child_samples': 12, 'feature_fraction': 0.5006801025450339, 'bagging_fraction': 0.5477375846873771, 'reg_alpha': 5.825371461101487e-07, 'reg_lambda': 0.18574505088632223}. Best is trial 359 with value: -0.09553885975288429.
[I 2025-08-04 08:18:37,657] Trial 390 finished with value: -0.09474019324649416 and parameters: {'learning_rate': 0.021059449324290925, 'num_leaves': 163, 'max_depth': 15, 'min_child_samples': 13, 'feature_fraction': 0.525853348002471, 'bagging_fraction': 0.55838400069905, 'reg_alpha': 3.6315147765824606e-07, 'reg_lambda': 0.09611043307297999}. Best is trial 359 with value: -0.09553885975288429.
[I 2025-08-04 08:18:45,985] Trial 391 finished with value: -0.0908186769416378 and parameters: {'learning_rate': 0.021178996906578085, 'num_leaves': 164, 'max_depth': 9, 'min_child_samples': 16, 'feature_fraction': 0.5152859316891829, 'bagging_fraction': 0.5621128406025409, 'reg_alpha': 3.283299041604772e-07, 'reg_lambda': 0.05790147686843378}. Best is trial 359 with value: -0.09553885975288429.
[I 2025-08-04 08:18:58,473] Trial 392 finished with value: -0.09045333486602673 and parameters: {'learning_rate': 0.02318253974266135, 'num_leaves': 166, 'max_depth': 14, 'min_child_samples': 13, 'feature_fraction': 0.5292285099543758, 'bagging_fraction': 0.5553495591720073, 'reg_alpha': 2.267111006922116e-07, 'reg_lambda': 0.10327356008396628}. Best is trial 359 with value: -0.09553885975288429.
[I 2025-08-04 08:19:10,303] Trial 393 finished with value: -0.09347697801264913 and parameters: {'learning_rate': 0.019937297610693096, 'num_leaves': 160, 'max_depth': 15, 'min_child_samples': 18, 'feature_fraction': 0.5220919100478109, 'bagging_fraction': 0.5626195025115326, 'reg_alpha': 4.009090209550187e-07, 'reg_lambda': 0.06955707903618498}. Best is trial 359 with value: -0.09553885975288429.
[I 2025-08-04 08:19:23,766] Trial 394 finished with value: -0.09298187617991939 and parameters: {'learning_rate': 0.02182133828714646, 'num_leaves': 170, 'max_depth': 15, 'min_child_samples': 12, 'feature_fraction': 0.5095655954137915, 'bagging_fraction': 0.5698494859009815, 'reg_alpha': 2.540525214567287e-07, 'reg_lambda': 0.10409896010623533}. Best is trial 359 with value: -0.09553885975288429.
[I 2025-08-04 08:19:35,847] Trial 395 finished with value: -0.09194431527008519 and parameters: {'learning_rate': 0.02479905902072587, 'num_leaves': 196, 'max_depth': 14, 'min_child_samples': 15, 'feature_fraction': 0.5295447843587516, 'bagging_fraction': 0.5465393791424616, 'reg_alpha': 1.058771095052834e-07, 'reg_lambda': 0.035329045425027905}. Best is trial 359 with value: -0.09553885975288429.
[I 2025-08-04 08:19:46,617] Trial 396 finished with value: -0.08521714221715765 and parameters: {'learning_rate': 0.020517935573455704, 'num_leaves': 209, 'max_depth': 15, 'min_child_samples': 21, 'feature_fraction': 0.6734728078977535, 'bagging_fraction': 0.5398241398344421, 'reg_alpha': 5.340294752336407e-07, 'reg_lambda': 0.27078630707781837}. Best is trial 359 with value: -0.09553885975288429.
[I 2025-08-04 08:19:59,562] Trial 397 finished with value: -0.09171760613989817 and parameters: {'learning_rate': 0.019241118877976665, 'num_leaves': 175, 'max_depth': 15, 'min_child_samples': 14, 'feature_fraction': 0.5187179054140504, 'bagging_fraction': 0.5857577079184801, 'reg_alpha': 1.6999863023249166e-07, 'reg_lambda': 0.13524422644541226}. Best is trial 359 with value: -0.09553885975288429.
[I 2025-08-04 08:20:09,191] Trial 398 finished with value: -0.08626501256567556 and parameters: {'learning_rate': 0.03764515469593288, 'num_leaves': 190, 'max_depth': 15, 'min_child_samples': 17, 'feature_fraction': 0.5418281689548797, 'bagging_fraction': 0.5534290619314369, 'reg_alpha': 3.5887719787304003e-07, 'reg_lambda': 0.02545430866587129}. Best is trial 359 with value: -0.09553885975288429.
[I 2025-08-04 08:20:18,312] Trial 399 finished with value: -0.08762983788532136 and parameters: {'learning_rate': 0.019520239309363432, 'num_leaves': 169, 'max_depth': 15, 'min_child_samples': 47, 'feature_fraction': 0.5090709004679606, 'bagging_fraction': 0.9296606375107253, 'reg_alpha': 6.490143473215883e-08, 'reg_lambda': 0.011612076513051656}. Best is trial 359 with value: -0.09553885975288429.
[I 2025-08-04 08:20:33,282] Trial 400 finished with value: -0.09376771924613907 and parameters: {'learning_rate': 0.018733332965208512, 'num_leaves': 200, 'max_depth': 14, 'min_child_samples': 11, 'feature_fraction': 0.5268855887030541, 'bagging_fraction': 0.5367786360778005, 'reg_alpha': 7.294473954247855e-07, 'reg_lambda': 0.2548190279609554}. Best is trial 359 with value: -0.09553885975288429.
[I 2025-08-04 08:20:47,812] Trial 401 finished with value: -0.08955599746233027 and parameters: {'learning_rate': 0.019941813668099363, 'num_leaves': 177, 'max_depth': 15, 'min_child_samples': 13, 'feature_fraction': 0.5004740484260763, 'bagging_fraction': 0.5463197713108419, 'reg_alpha': 3.047386099787414e-07, 'reg_lambda': 0.3750821645307478}. Best is trial 359 with value: -0.09553885975288429.
[I 2025-08-04 08:21:00,829] Trial 402 finished with value: -0.09175511538856895 and parameters: {'learning_rate': 0.02122034900103257, 'num_leaves': 185, 'max_depth': 15, 'min_child_samples': 16, 'feature_fraction': 0.5337276045178152, 'bagging_fraction': 0.5568027758898736, 'reg_alpha': 1.4977166612746867e-07, 'reg_lambda': 0.742074478219525}. Best is trial 359 with value: -0.09553885975288429.
[I 2025-08-04 08:21:15,198] Trial 403 finished with value: -0.0935285396624916 and parameters: {'learning_rate': 0.017803963243809024, 'num_leaves': 159, 'max_depth': 15, 'min_child_samples': 10, 'feature_fraction': 0.5182779271371382, 'bagging_fraction': 0.5362464774805902, 'reg_alpha': 5.139464576783003e-07, 'reg_lambda': 0.016063840699232387}. Best is trial 359 with value: -0.09553885975288429.
[I 2025-08-04 08:21:28,462] Trial 404 finished with value: -0.09057662965316292 and parameters: {'learning_rate': 0.02157847531374281, 'num_leaves': 217, 'max_depth': 14, 'min_child_samples': 14, 'feature_fraction': 0.5419124396773642, 'bagging_fraction': 0.5715096797320398, 'reg_alpha': 2.419500608586162e-07, 'reg_lambda': 0.04014548166919716}. Best is trial 359 with value: -0.09553885975288429.
[I 2025-08-04 08:21:35,888] Trial 405 finished with value: -0.08395316350888607 and parameters: {'learning_rate': 0.08412889203928021, 'num_leaves': 172, 'max_depth': 15, 'min_child_samples': 18, 'feature_fraction': 0.5249372740958557, 'bagging_fraction': 0.5314404663780328, 'reg_alpha': 2.636381332969843e-08, 'reg_lambda': 0.14859526868128253}. Best is trial 359 with value: -0.09553885975288429.
[I 2025-08-04 08:21:50,233] Trial 406 finished with value: -0.09136481253959725 and parameters: {'learning_rate': 0.01865576088402184, 'num_leaves': 196, 'max_depth': 14, 'min_child_samples': 12, 'feature_fraction': 0.5112536301606675, 'bagging_fraction': 0.5467852703918932, 'reg_alpha': 3.819851070524494e-07, 'reg_lambda': 0.00558616536348875}. Best is trial 359 with value: -0.09553885975288429.
[I 2025-08-04 08:22:01,397] Trial 407 finished with value: -0.09117440384777113 and parameters: {'learning_rate': 0.019586336326723602, 'num_leaves': 166, 'max_depth': 15, 'min_child_samples': 20, 'feature_fraction': 0.5335295200882525, 'bagging_fraction': 0.5639500731362106, 'reg_alpha': 1.0833388434585679e-07, 'reg_lambda': 0.00012117791455332924}. Best is trial 359 with value: -0.09553885975288429.
[I 2025-08-04 08:22:16,454] Trial 408 finished with value: -0.0924621150820471 and parameters: {'learning_rate': 0.01788176377257134, 'num_leaves': 181, 'max_depth': 15, 'min_child_samples': 15, 'feature_fraction': 0.5195039393576459, 'bagging_fraction': 0.5405088053943442, 'reg_alpha': 7.222643687817417e-07, 'reg_lambda': 0.541600993932846}. Best is trial 359 with value: -0.09553885975288429.
[I 2025-08-04 08:22:26,661] Trial 409 finished with value: -0.08497253169843051 and parameters: {'learning_rate': 0.01743612909212159, 'num_leaves': 192, 'max_depth': 15, 'min_child_samples': 44, 'feature_fraction': 0.508907002621506, 'bagging_fraction': 0.5266175221289453, 'reg_alpha': 1.9735922277673096e-07, 'reg_lambda': 0.01044070568002717}. Best is trial 359 with value: -0.09553885975288429.
[I 2025-08-04 08:22:40,777] Trial 410 finished with value: -0.0905903874586166 and parameters: {'learning_rate': 0.02069031977699429, 'num_leaves': 206, 'max_depth': 15, 'min_child_samples': 12, 'feature_fraction': 0.5442986766190416, 'bagging_fraction': 0.5796588945570907, 'reg_alpha': 4.780097337306304e-07, 'reg_lambda': 0.00032827614477197594}. Best is trial 359 with value: -0.09553885975288429.
[I 2025-08-04 08:22:55,575] Trial 411 finished with value: -0.08673275363298077 and parameters: {'learning_rate': 0.013543857540186739, 'num_leaves': 177, 'max_depth': 14, 'min_child_samples': 17, 'feature_fraction': 0.8153285638286045, 'bagging_fraction': 0.5348817339988274, 'reg_alpha': 5.044180958147116e-08, 'reg_lambda': 0.35217008312479514}. Best is trial 359 with value: -0.09553885975288429.
[I 2025-08-04 08:23:04,048] Trial 412 finished with value: -0.06662146948844377 and parameters: {'learning_rate': 0.18953551357756604, 'num_leaves': 186, 'max_depth': 15, 'min_child_samples': 10, 'feature_fraction': 0.529455096417843, 'bagging_fraction': 0.5569312260564391, 'reg_alpha': 2.705774058253849e-07, 'reg_lambda': 0.02038016357431592}. Best is trial 359 with value: -0.09553885975288429.
[I 2025-08-04 08:23:23,961] Trial 413 finished with value: -0.09218974368616166 and parameters: {'learning_rate': 0.010733942875550653, 'num_leaves': 173, 'max_depth': 15, 'min_child_samples': 14, 'feature_fraction': 0.515767255236976, 'bagging_fraction': 0.5263855163985879, 'reg_alpha': 1.2281496958084622e-07, 'reg_lambda': 0.08593474402899373}. Best is trial 359 with value: -0.09553885975288429.
[I 2025-08-04 08:23:35,123] Trial 414 finished with value: -0.09121028699005379 and parameters: {'learning_rate': 0.024207040984331334, 'num_leaves': 163, 'max_depth': 15, 'min_child_samples': 16, 'feature_fraction': 0.5255774274583473, 'bagging_fraction': 0.8624210742570828, 'reg_alpha': 8.584441820403838e-07, 'reg_lambda': 0.20069281256359}. Best is trial 359 with value: -0.09553885975288429.
[I 2025-08-04 08:23:42,210] Trial 415 finished with value: -0.08664533419006824 and parameters: {'learning_rate': 0.022292102301738684, 'num_leaves': 48, 'max_depth': 15, 'min_child_samples': 23, 'feature_fraction': 0.5505390248479032, 'bagging_fraction': 0.5456094570284883, 'reg_alpha': 4.150007500236856e-07, 'reg_lambda': 0.7696039183574531}. Best is trial 359 with value: -0.09553885975288429.
[I 2025-08-04 08:23:56,853] Trial 416 finished with value: -0.09139905742636506 and parameters: {'learning_rate': 0.01824697393572569, 'num_leaves': 203, 'max_depth': 14, 'min_child_samples': 12, 'feature_fraction': 0.536544510312325, 'bagging_fraction': 0.534228678161054, 'reg_alpha': 2.0257116557576322e-07, 'reg_lambda': 0.0008489270092294494}. Best is trial 359 with value: -0.09553885975288429.
[I 2025-08-04 08:24:11,379] Trial 417 finished with value: -0.09005552883701658 and parameters: {'learning_rate': 0.01433482689000697, 'num_leaves': 189, 'max_depth': 15, 'min_child_samples': 19, 'feature_fraction': 0.5002775604606138, 'bagging_fraction': 0.5707834720403546, 'reg_alpha': 7.128946865228361e-08, 'reg_lambda': 0.0036016854648416082}. Best is trial 359 with value: -0.09553885975288429.
[I 2025-08-04 08:24:20,868] Trial 418 finished with value: -0.08493569016422971 and parameters: {'learning_rate': 0.016415498946505163, 'num_leaves': 179, 'max_depth': 15, 'min_child_samples': 50, 'feature_fraction': 0.517752472223548, 'bagging_fraction': 0.5218850707227344, 'reg_alpha': 5.828943775277895e-07, 'reg_lambda': 0.007307792415393901}. Best is trial 359 with value: -0.09553885975288429.
[I 2025-08-04 08:24:35,036] Trial 419 finished with value: -0.09133882156613102 and parameters: {'learning_rate': 0.017360425229825817, 'num_leaves': 199, 'max_depth': 14, 'min_child_samples': 14, 'feature_fraction': 0.5329487869500574, 'bagging_fraction': 0.5571281904764106, 'reg_alpha': 3.1218040365143373e-07, 'reg_lambda': 0.0017226801668227632}. Best is trial 359 with value: -0.09553885975288429.
[I 2025-08-04 08:24:49,068] Trial 420 finished with value: -0.0928664313430234 and parameters: {'learning_rate': 0.019058441147059766, 'num_leaves': 168, 'max_depth': 15, 'min_child_samples': 11, 'feature_fraction': 0.5230839524412948, 'bagging_fraction': 0.5476868538621474, 'reg_alpha': 1.2253869850448312e-06, 'reg_lambda': 0.5444516168146981}. Best is trial 359 with value: -0.09553885975288429.
[I 2025-08-04 08:24:53,032] Trial 421 finished with value: -0.0865171554890924 and parameters: {'learning_rate': 0.12307541508106605, 'num_leaves': 212, 'max_depth': 15, 'min_child_samples': 87, 'feature_fraction': 0.5431083609620204, 'bagging_fraction': 0.5308167386503163, 'reg_alpha': 1.4589285965227475e-07, 'reg_lambda': 0.27036134463442063}. Best is trial 359 with value: -0.09553885975288429.
[I 2025-08-04 08:25:08,200] Trial 422 finished with value: -0.09120673815764417 and parameters: {'learning_rate': 0.015435108755320559, 'num_leaves': 183, 'max_depth': 15, 'min_child_samples': 15, 'feature_fraction': 0.5105885616982679, 'bagging_fraction': 0.5221077716337112, 'reg_alpha': 3.635480410713104e-07, 'reg_lambda': 0.056206316288172666}. Best is trial 359 with value: -0.09553885975288429.
[I 2025-08-04 08:25:26,048] Trial 423 finished with value: -0.0911749944876083 and parameters: {'learning_rate': 0.011799257672010332, 'num_leaves': 195, 'max_depth': 15, 'min_child_samples': 17, 'feature_fraction': 0.5291678103199494, 'bagging_fraction': 0.5409642173654017, 'reg_alpha': 8.647692434801333e-07, 'reg_lambda': 0.004348515591541944}. Best is trial 359 with value: -0.09553885975288429.
[I 2025-08-04 08:25:41,915] Trial 424 finished with value: -0.0929700379840562 and parameters: {'learning_rate': 0.01468648936636895, 'num_leaves': 175, 'max_depth': 14, 'min_child_samples': 13, 'feature_fraction': 0.508965771514059, 'bagging_fraction': 0.5178213988284904, 'reg_alpha': 1.7639557517517592e-07, 'reg_lambda': 0.012274977320609842}. Best is trial 359 with value: -0.09553885975288429.
[I 2025-08-04 08:25:57,861] Trial 425 finished with value: -0.09314001669122993 and parameters: {'learning_rate': 0.016379588960059248, 'num_leaves': 190, 'max_depth': 15, 'min_child_samples': 10, 'feature_fraction': 0.5176108758318151, 'bagging_fraction': 0.550734673210245, 'reg_alpha': 5.872947125605002e-07, 'reg_lambda': 0.024653880708118373}. Best is trial 359 with value: -0.09553885975288429.
[I 2025-08-04 08:26:13,621] Trial 426 finished with value: -0.09139220638102345 and parameters: {'learning_rate': 0.013280008925273017, 'num_leaves': 156, 'max_depth': 15, 'min_child_samples': 16, 'feature_fraction': 0.5401610388621656, 'bagging_fraction': 0.5300810805470911, 'reg_alpha': 2.683795246725564e-07, 'reg_lambda': 0.11243183982950068}. Best is trial 359 with value: -0.09553885975288429.
[I 2025-08-04 08:26:27,385] Trial 427 finished with value: -0.09375232867493252 and parameters: {'learning_rate': 0.020450458889065753, 'num_leaves': 171, 'max_depth': 14, 'min_child_samples': 13, 'feature_fraction': 0.5256178382302877, 'bagging_fraction': 0.5900987051681102, 'reg_alpha': 1.0194247004197449e-07, 'reg_lambda': 0.39445798763048157}. Best is trial 359 with value: -0.09553885975288429.
[I 2025-08-04 08:26:40,037] Trial 428 finished with value: -0.08978694703950195 and parameters: {'learning_rate': 0.01784011748570336, 'num_leaves': 182, 'max_depth': 15, 'min_child_samples': 19, 'feature_fraction': 0.5359060818511481, 'bagging_fraction': 0.5641672428767446, 'reg_alpha': 4.7097978289928467e-07, 'reg_lambda': 1.819440183517033e-05}. Best is trial 359 with value: -0.09553885975288429.
[I 2025-08-04 08:26:50,944] Trial 429 finished with value: -0.08895532045851492 and parameters: {'learning_rate': 0.019139941806670377, 'num_leaves': 99, 'max_depth': 15, 'min_child_samples': 15, 'feature_fraction': 0.5509115957417177, 'bagging_fraction': 0.5156193676220825, 'reg_alpha': 2.4173519376868004e-07, 'reg_lambda': 0.9005605862348021}. Best is trial 359 with value: -0.09553885975288429.
[I 2025-08-04 08:27:01,868] Trial 430 finished with value: -0.08730290596063317 and parameters: {'learning_rate': 0.015965554339884072, 'num_leaves': 165, 'max_depth': 15, 'min_child_samples': 39, 'feature_fraction': 0.5097794297412367, 'bagging_fraction': 0.5395098698836022, 'reg_alpha': 1.0048832606699346e-06, 'reg_lambda': 0.15561075224486717}. Best is trial 359 with value: -0.09553885975288429.
[I 2025-08-04 08:27:18,716] Trial 431 finished with value: -0.0921449666341507 and parameters: {'learning_rate': 0.014058466931496292, 'num_leaves': 177, 'max_depth': 14, 'min_child_samples': 12, 'feature_fraction': 0.5199370217185002, 'bagging_fraction': 0.5238635893335772, 'reg_alpha': 3.3608213743060476e-07, 'reg_lambda': 0.007948690690438121}. Best is trial 359 with value: -0.09553885975288429.
[I 2025-08-04 08:27:30,942] Trial 432 finished with value: -0.09295692014597036 and parameters: {'learning_rate': 0.02301759097403922, 'num_leaves': 187, 'max_depth': 15, 'min_child_samples': 17, 'feature_fraction': 0.5292751653576061, 'bagging_fraction': 0.5541114048899649, 'reg_alpha': 1.3846890808634837e-07, 'reg_lambda': 5.4768028071192975e-05}. Best is trial 359 with value: -0.09553885975288429.
[I 2025-08-04 08:27:46,744] Trial 433 finished with value: -0.09119028701805633 and parameters: {'learning_rate': 0.01736477717036591, 'num_leaves': 205, 'max_depth': 15, 'min_child_samples': 14, 'feature_fraction': 0.5009654160489739, 'bagging_fraction': 0.5382010889933161, 'reg_alpha': 7.011652476807293e-07, 'reg_lambda': 0.015243976891221119}. Best is trial 359 with value: -0.09553885975288429.
[I 2025-08-04 08:27:59,927] Trial 434 finished with value: -0.09080218772905545 and parameters: {'learning_rate': 0.012396108827348457, 'num_leaves': 193, 'max_depth': 9, 'min_child_samples': 10, 'feature_fraction': 0.5163706965586562, 'bagging_fraction': 0.5145767911383616, 'reg_alpha': 1.9798346145066344e-07, 'reg_lambda': 0.0014272354373342873}. Best is trial 359 with value: -0.09553885975288429.
[I 2025-08-04 08:28:03,229] Trial 435 finished with value: -0.08127473345809383 and parameters: {'learning_rate': 0.05286949416475313, 'num_leaves': 15, 'max_depth': 15, 'min_child_samples': 21, 'feature_fraction': 0.542552092051788, 'bagging_fraction': 0.529495868831165, 'reg_alpha': 7.899548704478237e-08, 'reg_lambda': 0.2790800467591196}. Best is trial 359 with value: -0.09553885975288429.
[I 2025-08-04 08:28:16,836] Trial 436 finished with value: -0.09135693973410262 and parameters: {'learning_rate': 0.01506324997644542, 'num_leaves': 162, 'max_depth': 14, 'min_child_samples': 18, 'feature_fraction': 0.526476861107799, 'bagging_fraction': 0.5681027537669496, 'reg_alpha': 4.780797995736133e-07, 'reg_lambda': 8.473201044756508e-06}. Best is trial 359 with value: -0.09553885975288429.
[I 2025-08-04 08:28:31,664] Trial 437 finished with value: -0.09147734182357631 and parameters: {'learning_rate': 0.016741380130592873, 'num_leaves': 172, 'max_depth': 15, 'min_child_samples': 12, 'feature_fraction': 0.5539458172927191, 'bagging_fraction': 0.9059021505456123, 'reg_alpha': 1.5313910158513594e-06, 'reg_lambda': 0.00096108513251739}. Best is trial 359 with value: -0.09553885975288429.
[I 2025-08-04 08:28:46,028] Trial 438 finished with value: -0.09252741442705092 and parameters: {'learning_rate': 0.018702933676371963, 'num_leaves': 182, 'max_depth': 15, 'min_child_samples': 15, 'feature_fraction': 0.5332619812484672, 'bagging_fraction': 0.7027091306709876, 'reg_alpha': 3.854656673288812e-07, 'reg_lambda': 0.03863463179527585}. Best is trial 359 with value: -0.09553885975288429.
[I 2025-08-04 08:29:02,829] Trial 439 finished with value: -0.09078751415801894 and parameters: {'learning_rate': 0.015840269225895865, 'num_leaves': 199, 'max_depth': 15, 'min_child_samples': 13, 'feature_fraction': 0.5112341796141939, 'bagging_fraction': 0.514084538161894, 'reg_alpha': 2.2950540811876295e-07, 'reg_lambda': 0.002704031474837276}. Best is trial 359 with value: -0.09553885975288429.
[I 2025-08-04 08:29:15,309] Trial 440 finished with value: -0.0927933233640977 and parameters: {'learning_rate': 0.020957431407010126, 'num_leaves': 178, 'max_depth': 14, 'min_child_samples': 16, 'feature_fraction': 0.5196257842905001, 'bagging_fraction': 0.5406087367174467, 'reg_alpha': 1.3344530151672538e-07, 'reg_lambda': 0.7006710230584744}. Best is trial 359 with value: -0.09553885975288429.
[I 2025-08-04 08:29:30,402] Trial 441 finished with value: -0.09114969860340764 and parameters: {'learning_rate': 0.014465278486604546, 'num_leaves': 168, 'max_depth': 15, 'min_child_samples': 11, 'feature_fraction': 0.7401098979349924, 'bagging_fraction': 0.5514853656186759, 'reg_alpha': 4.2492061204804e-08, 'reg_lambda': 0.4613049508786072}. Best is trial 359 with value: -0.09553885975288429.
[I 2025-08-04 08:29:41,001] Trial 442 finished with value: -0.09294036847460503 and parameters: {'learning_rate': 0.019451247657513417, 'num_leaves': 93, 'max_depth': 14, 'min_child_samples': 14, 'feature_fraction': 0.5372295435730337, 'bagging_fraction': 0.8810555147334486, 'reg_alpha': 7.404639871034319e-07, 'reg_lambda': 0.08673950670539103}. Best is trial 359 with value: -0.09553885975288429.
