[I 2025-08-05 19:55:11,113] Trial 13 finished with value: 0.1119593734854748 and parameters: {'n_d': 17, 'n_a': 43, 'n_steps': 5, 'gamma': 1.6632304484627844, 'lambda_sparse': 0.0004939136583481603, 'lr': 0.09898512074514608, 'weight_decay': 2.3292227545678517e-05}. Best is trial 11 with value: 0.40575128671682426.
/work/dlclarge2/latifajr-dl_lab_project/autoML/automl-exam-ss25-tabular-freiburg-template/automl-tabular-env/lib/python3.10/site-packages/pytorch_tabnet/callbacks.py:172: UserWarning: Best weights from best epoch are automatically used!
  warnings.warn(wrn_msg)
[I 2025-08-05 19:55:44,579] Trial 14 finished with value: 0.39689718481778313 and parameters: {'n_d': 63, 'n_a': 56, 'n_steps': 7, 'gamma': 1.7533534077253994, 'lambda_sparse': 0.0011162985208259364, 'lr': 0.02123508904693316, 'weight_decay': 0.00020096679017682036}. Best is trial 11 with value: 0.40575128671682426.
/work/dlclarge2/latifajr-dl_lab_project/autoML/automl-exam-ss25-tabular-freiburg-template/automl-tabular-env/lib/python3.10/site-packages/pytorch_tabnet/callbacks.py:172: UserWarning: Best weights from best epoch are automatically used!
  warnings.warn(wrn_msg)
[I 2025-08-05 19:56:27,353] Trial 15 finished with value: 0.35065501274049227 and parameters: {'n_d': 33, 'n_a': 43, 'n_steps': 10, 'gamma': 1.1677399574639662, 'lambda_sparse': 0.00022114483353332515, 'lr': 0.045213207346302554, 'weight_decay': 4.562938299582787e-05}. Best is trial 11 with value: 0.40575128671682426.
/work/dlclarge2/latifajr-dl_lab_project/autoML/automl-exam-ss25-tabular-freiburg-template/automl-tabular-env/lib/python3.10/site-packages/pytorch_tabnet/callbacks.py:172: UserWarning: Best weights from best epoch are automatically used!
  warnings.warn(wrn_msg)
[I 2025-08-05 19:56:38,628] Trial 16 finished with value: 0.06850656949048173 and parameters: {'n_d': 19, 'n_a': 58, 'n_steps': 5, 'gamma': 1.520085521149345, 'lambda_sparse': 4.0841486247592305e-05, 'lr': 0.0192992807224448, 'weight_decay': 2.0156810271927548e-05}. Best is trial 11 with value: 0.40575128671682426.
/work/dlclarge2/latifajr-dl_lab_project/autoML/automl-exam-ss25-tabular-freiburg-template/automl-tabular-env/lib/python3.10/site-packages/pytorch_tabnet/callbacks.py:172: UserWarning: Best weights from best epoch are automatically used!
  warnings.warn(wrn_msg)
[I 2025-08-05 19:57:19,584] Trial 17 finished with value: 0.26570865932053067 and parameters: {'n_d': 36, 'n_a': 64, 'n_steps': 9, 'gamma': 1.8185391985785613, 'lambda_sparse': 0.00029094094229777833, 'lr': 0.0026693212486373383, 'weight_decay': 2.253570709671084e-06}. Best is trial 11 with value: 0.40575128671682426.
/work/dlclarge2/latifajr-dl_lab_project/autoML/automl-exam-ss25-tabular-freiburg-template/automl-tabular-env/lib/python3.10/site-packages/pytorch_tabnet/callbacks.py:172: UserWarning: Best weights from best epoch are automatically used!
  warnings.warn(wrn_msg)
[I 2025-08-05 19:57:52,948] Trial 18 finished with value: 0.3788974519167252 and parameters: {'n_d': 15, 'n_a': 38, 'n_steps': 7, 'gamma': 1.181205752170656, 'lambda_sparse': 0.004035573651940428, 'lr': 0.04858612929264119, 'weight_decay': 1.0436382367745447e-05}. Best is trial 11 with value: 0.40575128671682426.
/work/dlclarge2/latifajr-dl_lab_project/autoML/automl-exam-ss25-tabular-freiburg-template/automl-tabular-env/lib/python3.10/site-packages/pytorch_tabnet/callbacks.py:172: UserWarning: Best weights from best epoch are automatically used!
  warnings.warn(wrn_msg)
[I 2025-08-05 19:58:18,041] Trial 19 finished with value: 0.3639754003255057 and parameters: {'n_d': 23, 'n_a': 47, 'n_steps': 5, 'gamma': 1.6214846042967737, 'lambda_sparse': 1.6539994867027043e-05, 'lr': 0.01237534399051961, 'weight_decay': 0.00035160319511813907}. Best is trial 11 with value: 0.40575128671682426.
/work/dlclarge2/latifajr-dl_lab_project/autoML/automl-exam-ss25-tabular-freiburg-template/automl-tabular-env/lib/python3.10/site-packages/pytorch_tabnet/callbacks.py:172: UserWarning: Best weights from best epoch are automatically used!
  warnings.warn(wrn_msg)
/work/dlclarge2/latifajr-dl_lab_project/autoML/automl-exam-ss25-tabular-freiburg-template/src/models/tabnet/tabnet_train.py:37: FutureWarning: DataFrame.fillna with 'method' is deprecated and will raise in a future version. Use obj.ffill() or obj.bfill() instead.
  df = df.fillna(method="ffill").fillna(method="bfill").fillna(0)
/work/dlclarge2/latifajr-dl_lab_project/autoML/automl-exam-ss25-tabular-freiburg-template/src/models/tabnet/tabnet_train.py:37: FutureWarning: DataFrame.fillna with 'method' is deprecated and will raise in a future version. Use obj.ffill() or obj.bfill() instead.
  df = df.fillna(method="ffill").fillna(method="bfill").fillna(0)
[I 2025-08-05 19:58:53,839] A new study created in memory with name: no-name-dd2773d8-25d2-4077-801b-d0b5b00ecd57
/work/dlclarge2/latifajr-dl_lab_project/autoML/automl-exam-ss25-tabular-freiburg-template/automl-tabular-env/lib/python3.10/site-packages/pytorch_tabnet/callbacks.py:172: UserWarning: Best weights from best epoch are automatically used!
  warnings.warn(wrn_msg)
[I 2025-08-05 19:59:15,695] Trial 0 finished with value: 0.33630664792213794 and parameters: {'n_d': 26, 'n_a': 41, 'n_steps': 3, 'gamma': 1.7530488482717361, 'lambda_sparse': 0.0015140385437936565, 'lr': 0.001067956779343206, 'weight_decay': 1.1408334154591932e-06}. Best is trial 0 with value: 0.33630664792213794.
/work/dlclarge2/latifajr-dl_lab_project/autoML/automl-exam-ss25-tabular-freiburg-template/automl-tabular-env/lib/python3.10/site-packages/pytorch_tabnet/callbacks.py:172: UserWarning: Best weights from best epoch are automatically used!
  warnings.warn(wrn_msg)
[I 2025-08-05 19:59:57,318] Trial 1 finished with value: 0.24929216213339556 and parameters: {'n_d': 44, 'n_a': 21, 'n_steps': 9, 'gamma': 1.0110407158953278, 'lambda_sparse': 4.253436394547692e-05, 'lr': 0.0009786093998457766, 'weight_decay': 0.0009111821745400729}. Best is trial 0 with value: 0.33630664792213794.
/work/dlclarge2/latifajr-dl_lab_project/autoML/automl-exam-ss25-tabular-freiburg-template/automl-tabular-env/lib/python3.10/site-packages/pytorch_tabnet/callbacks.py:172: UserWarning: Best weights from best epoch are automatically used!
  warnings.warn(wrn_msg)
[I 2025-08-05 20:00:30,959] Trial 2 finished with value: 0.30056204738627257 and parameters: {'n_d': 31, 'n_a': 54, 'n_steps': 7, 'gamma': 1.7727666423525983, 'lambda_sparse': 0.00022337167130235167, 'lr': 0.00939013057931853, 'weight_decay': 1.5173116587707631e-06}. Best is trial 0 with value: 0.33630664792213794.
/work/dlclarge2/latifajr-dl_lab_project/autoML/automl-exam-ss25-tabular-freiburg-template/automl-tabular-env/lib/python3.10/site-packages/pytorch_tabnet/callbacks.py:172: UserWarning: Best weights from best epoch are automatically used!
  warnings.warn(wrn_msg)
[I 2025-08-05 20:00:54,966] Trial 3 finished with value: 0.2893981883989577 and parameters: {'n_d': 58, 'n_a': 27, 'n_steps': 5, 'gamma': 1.3830508022598451, 'lambda_sparse': 0.0045875027328065145, 'lr': 0.004697567398064341, 'weight_decay': 0.0008843419997093363}. Best is trial 0 with value: 0.33630664792213794.
/work/dlclarge2/latifajr-dl_lab_project/autoML/automl-exam-ss25-tabular-freiburg-template/automl-tabular-env/lib/python3.10/site-packages/pytorch_tabnet/callbacks.py:172: UserWarning: Best weights from best epoch are automatically used!
  warnings.warn(wrn_msg)
[I 2025-08-05 20:01:06,127] Trial 4 finished with value: -0.2589670691588648 and parameters: {'n_d': 37, 'n_a': 64, 'n_steps': 5, 'gamma': 1.9177114956032746, 'lambda_sparse': 3.5227736563062434e-05, 'lr': 0.01749466316442169, 'weight_decay': 0.0002572663526719513}. Best is trial 0 with value: 0.33630664792213794.
/work/dlclarge2/latifajr-dl_lab_project/autoML/automl-exam-ss25-tabular-freiburg-template/automl-tabular-env/lib/python3.10/site-packages/pytorch_tabnet/callbacks.py:172: UserWarning: Best weights from best epoch are automatically used!
  warnings.warn(wrn_msg)
[I 2025-08-05 20:01:28,703] Trial 5 finished with value: 0.3378437166229541 and parameters: {'n_d': 52, 'n_a': 44, 'n_steps': 4, 'gamma': 1.337178973951167, 'lambda_sparse': 7.227515558924897e-05, 'lr': 0.01873312370972393, 'weight_decay': 5.188284737351958e-05}. Best is trial 5 with value: 0.3378437166229541.
/work/dlclarge2/latifajr-dl_lab_project/autoML/automl-exam-ss25-tabular-freiburg-template/automl-tabular-env/lib/python3.10/site-packages/pytorch_tabnet/callbacks.py:172: UserWarning: Best weights from best epoch are automatically used!
  warnings.warn(wrn_msg)
[I 2025-08-05 20:01:58,189] Trial 6 finished with value: 0.29657427637886946 and parameters: {'n_d': 30, 'n_a': 14, 'n_steps': 6, 'gamma': 1.318648211984978, 'lambda_sparse': 0.004506577101149618, 'lr': 0.001877170858387664, 'weight_decay': 1.1637792144508877e-06}. Best is trial 5 with value: 0.3378437166229541.
/work/dlclarge2/latifajr-dl_lab_project/autoML/automl-exam-ss25-tabular-freiburg-template/automl-tabular-env/lib/python3.10/site-packages/pytorch_tabnet/callbacks.py:172: UserWarning: Best weights from best epoch are automatically used!
  warnings.warn(wrn_msg)
[I 2025-08-05 20:02:24,968] Trial 7 finished with value: 0.25684659310791436 and parameters: {'n_d': 63, 'n_a': 20, 'n_steps': 5, 'gamma': 1.736114448451752, 'lambda_sparse': 0.0015152870561076486, 'lr': 0.001883984271715479, 'weight_decay': 3.288299173901827e-05}. Best is trial 5 with value: 0.3378437166229541.
/work/dlclarge2/latifajr-dl_lab_project/autoML/automl-exam-ss25-tabular-freiburg-template/automl-tabular-env/lib/python3.10/site-packages/pytorch_tabnet/callbacks.py:172: UserWarning: Best weights from best epoch are automatically used!
  warnings.warn(wrn_msg)
[I 2025-08-05 20:03:05,565] Trial 8 finished with value: 0.3324618580430715 and parameters: {'n_d': 15, 'n_a': 26, 'n_steps': 9, 'gamma': 1.6894449076262577, 'lambda_sparse': 4.9878776781468445e-05, 'lr': 0.011701384117807119, 'weight_decay': 0.00042707212194944817}. Best is trial 5 with value: 0.3378437166229541.
/work/dlclarge2/latifajr-dl_lab_project/autoML/automl-exam-ss25-tabular-freiburg-template/automl-tabular-env/lib/python3.10/site-packages/pytorch_tabnet/callbacks.py:172: UserWarning: Best weights from best epoch are automatically used!
  warnings.warn(wrn_msg)
[I 2025-08-05 20:03:30,229] Trial 9 finished with value: -0.009360775916088082 and parameters: {'n_d': 24, 'n_a': 55, 'n_steps': 4, 'gamma': 1.493797046733051, 'lambda_sparse': 0.00586494443573814, 'lr': 0.00016897731288730122, 'weight_decay': 1.4065564997611225e-06}. Best is trial 5 with value: 0.3378437166229541.
/work/dlclarge2/latifajr-dl_lab_project/autoML/automl-exam-ss25-tabular-freiburg-template/automl-tabular-env/lib/python3.10/site-packages/pytorch_tabnet/callbacks.py:172: UserWarning: Best weights from best epoch are automatically used!
  warnings.warn(wrn_msg)
[I 2025-08-05 20:03:51,443] Trial 10 finished with value: 0.33506714291155293 and parameters: {'n_d': 52, 'n_a': 41, 'n_steps': 3, 'gamma': 1.1306021319870472, 'lambda_sparse': 1.050537062599554e-05, 'lr': 0.09050505484669259, 'weight_decay': 3.926028353296935e-05}. Best is trial 5 with value: 0.3378437166229541.
/work/dlclarge2/latifajr-dl_lab_project/autoML/automl-exam-ss25-tabular-freiburg-template/automl-tabular-env/lib/python3.10/site-packages/pytorch_tabnet/callbacks.py:172: UserWarning: Best weights from best epoch are automatically used!
  warnings.warn(wrn_msg)
[I 2025-08-05 20:04:13,234] Trial 11 finished with value: 0.1963436535062878 and parameters: {'n_d': 11, 'n_a': 40, 'n_steps': 3, 'gamma': 1.6051692692789699, 'lambda_sparse': 0.00042853721384707497, 'lr': 0.00037411576093446383, 'weight_decay': 8.545128873808818e-06}. Best is trial 5 with value: 0.3378437166229541.
/work/dlclarge2/latifajr-dl_lab_project/autoML/automl-exam-ss25-tabular-freiburg-template/automl-tabular-env/lib/python3.10/site-packages/pytorch_tabnet/callbacks.py:172: UserWarning: Best weights from best epoch are automatically used!
  warnings.warn(wrn_msg)
[I 2025-08-05 20:04:34,560] Trial 12 finished with value: 0.34256718389477847 and parameters: {'n_d': 45, 'n_a': 49, 'n_steps': 3, 'gamma': 1.968827871102305, 'lambda_sparse': 0.0006088813738752225, 'lr': 0.0536827703879184, 'weight_decay': 8.83966963924601e-06}. Best is trial 12 with value: 0.34256718389477847.
/work/dlclarge2/latifajr-dl_lab_project/autoML/automl-exam-ss25-tabular-freiburg-template/automl-tabular-env/lib/python3.10/site-packages/pytorch_tabnet/callbacks.py:172: UserWarning: Best weights from best epoch are automatically used!
  warnings.warn(wrn_msg)
[I 2025-08-05 20:04:47,224] Trial 13 finished with value: 0.024148542077455093 and parameters: {'n_d': 49, 'n_a': 50, 'n_steps': 7, 'gamma': 1.9881054781584049, 'lambda_sparse': 0.0002271494302277867, 'lr': 0.06445228246620224, 'weight_decay': 7.773551905589841e-06}. Best is trial 12 with value: 0.34256718389477847.
/work/dlclarge2/latifajr-dl_lab_project/autoML/automl-exam-ss25-tabular-freiburg-template/automl-tabular-env/lib/python3.10/site-packages/pytorch_tabnet/callbacks.py:172: UserWarning: Best weights from best epoch are automatically used!
  warnings.warn(wrn_msg)
[I 2025-08-05 20:05:10,195] Trial 14 finished with value: 0.3609434323840264 and parameters: {'n_d': 41, 'n_a': 48, 'n_steps': 4, 'gamma': 1.295311767385108, 'lambda_sparse': 0.0005638288091821502, 'lr': 0.038050939860993054, 'weight_decay': 9.438535881627873e-05}. Best is trial 14 with value: 0.3609434323840264.
/work/dlclarge2/latifajr-dl_lab_project/autoML/automl-exam-ss25-tabular-freiburg-template/automl-tabular-env/lib/python3.10/site-packages/pytorch_tabnet/callbacks.py:172: UserWarning: Best weights from best epoch are automatically used!
  warnings.warn(wrn_msg)
[I 2025-08-05 20:05:35,425] Trial 15 finished with value: 0.34513498839467427 and parameters: {'n_d': 41, 'n_a': 64, 'n_steps': 4, 'gamma': 1.167486280377203, 'lambda_sparse': 0.0007190175117046176, 'lr': 0.04061492688382279, 'weight_decay': 6.6091604708725525e-06}. Best is trial 14 with value: 0.3609434323840264.
/work/dlclarge2/latifajr-dl_lab_project/autoML/automl-exam-ss25-tabular-freiburg-template/automl-tabular-env/lib/python3.10/site-packages/pytorch_tabnet/callbacks.py:172: UserWarning: Best weights from best epoch are automatically used!
  warnings.warn(wrn_msg)
[I 2025-08-05 20:05:48,786] Trial 16 finished with value: 0.16171281389280978 and parameters: {'n_d': 39, 'n_a': 63, 'n_steps': 6, 'gamma': 1.1891861867615143, 'lambda_sparse': 0.0012028289473497403, 'lr': 0.030615603733709102, 'weight_decay': 0.00012513889053069843}. Best is trial 14 with value: 0.3609434323840264.
/work/dlclarge2/latifajr-dl_lab_project/autoML/automl-exam-ss25-tabular-freiburg-template/automl-tabular-env/lib/python3.10/site-packages/pytorch_tabnet/callbacks.py:172: UserWarning: Best weights from best epoch are automatically used!
  warnings.warn(wrn_msg)
[I 2025-08-05 20:06:25,701] Trial 17 finished with value: 0.34300357704431716 and parameters: {'n_d': 42, 'n_a': 58, 'n_steps': 8, 'gamma': 1.210413355327194, 'lambda_sparse': 0.00011990856521857857, 'lr': 0.00592319795164757, 'weight_decay': 9.59839628047781e-05}. Best is trial 14 with value: 0.3609434323840264.
/work/dlclarge2/latifajr-dl_lab_project/autoML/automl-exam-ss25-tabular-freiburg-template/automl-tabular-env/lib/python3.10/site-packages/pytorch_tabnet/callbacks.py:172: UserWarning: Best weights from best epoch are automatically used!
  warnings.warn(wrn_msg)
[I 2025-08-05 20:06:32,599] Trial 18 finished with value: -0.06876179540557814 and parameters: {'n_d': 33, 'n_a': 35, 'n_steps': 4, 'gamma': 1.0184350443349026, 'lambda_sparse': 0.0007791530020494987, 'lr': 0.040918121278954, 'weight_decay': 1.722764986146019e-05}. Best is trial 14 with value: 0.3609434323840264.
/work/dlclarge2/latifajr-dl_lab_project/autoML/automl-exam-ss25-tabular-freiburg-template/automl-tabular-env/lib/python3.10/site-packages/pytorch_tabnet/callbacks.py:172: UserWarning: Best weights from best epoch are automatically used!
  warnings.warn(wrn_msg)
[I 2025-08-05 20:07:08,652] Trial 19 finished with value: 0.34345034420280773 and parameters: {'n_d': 24, 'n_a': 34, 'n_steps': 10, 'gamma': 1.46222013152359, 'lambda_sparse': 0.0027776679488749722, 'lr': 0.029228308653850996, 'weight_decay': 2.8046169795467357e-06}. Best is trial 14 with value: 0.3609434323840264.
/work/dlclarge2/latifajr-dl_lab_project/autoML/automl-exam-ss25-tabular-freiburg-template/automl-tabular-env/lib/python3.10/site-packages/pytorch_tabnet/callbacks.py:172: UserWarning: Best weights from best epoch are automatically used!
  warnings.warn(wrn_msg)
/work/dlclarge2/latifajr-dl_lab_project/autoML/automl-exam-ss25-tabular-freiburg-template/src/models/tabnet/tabnet_train.py:37: FutureWarning: DataFrame.fillna with 'method' is deprecated and will raise in a future version. Use obj.ffill() or obj.bfill() instead.
  df = df.fillna(method="ffill").fillna(method="bfill").fillna(0)
/work/dlclarge2/latifajr-dl_lab_project/autoML/automl-exam-ss25-tabular-freiburg-template/src/models/tabnet/tabnet_train.py:37: FutureWarning: DataFrame.fillna with 'method' is deprecated and will raise in a future version. Use obj.ffill() or obj.bfill() instead.
  df = df.fillna(method="ffill").fillna(method="bfill").fillna(0)
[I 2025-08-05 20:07:29,683] A new study created in memory with name: no-name-9939c17b-f914-495f-a5f8-451e6e417d5f
/work/dlclarge2/latifajr-dl_lab_project/autoML/automl-exam-ss25-tabular-freiburg-template/automl-tabular-env/lib/python3.10/site-packages/pytorch_tabnet/callbacks.py:172: UserWarning: Best weights from best epoch are automatically used!
  warnings.warn(wrn_msg)
[I 2025-08-05 20:08:03,464] Trial 0 finished with value: 0.3199175374025167 and parameters: {'n_d': 60, 'n_a': 38, 'n_steps': 9, 'gamma': 1.6762133071472873, 'lambda_sparse': 0.0002061453009334475, 'lr': 0.02202151600013337, 'weight_decay': 6.8622014364772826e-06}. Best is trial 0 with value: 0.3199175374025167.
/work/dlclarge2/latifajr-dl_lab_project/autoML/automl-exam-ss25-tabular-freiburg-template/automl-tabular-env/lib/python3.10/site-packages/pytorch_tabnet/callbacks.py:172: UserWarning: Best weights from best epoch are automatically used!
  warnings.warn(wrn_msg)
[I 2025-08-05 20:08:44,988] Trial 1 finished with value: 0.1255915254940474 and parameters: {'n_d': 45, 'n_a': 34, 'n_steps': 9, 'gamma': 1.3773883098152995, 'lambda_sparse': 0.0009672599016794095, 'lr': 0.0006164258464914183, 'weight_decay': 4.41150557498208e-06}. Best is trial 0 with value: 0.3199175374025167.
/work/dlclarge2/latifajr-dl_lab_project/autoML/automl-exam-ss25-tabular-freiburg-template/automl-tabular-env/lib/python3.10/site-packages/pytorch_tabnet/callbacks.py:172: UserWarning: Best weights from best epoch are automatically used!
  warnings.warn(wrn_msg)
[I 2025-08-05 20:09:22,564] Trial 2 finished with value: -0.2328903723554514 and parameters: {'n_d': 14, 'n_a': 49, 'n_steps': 8, 'gamma': 1.9462387505208363, 'lambda_sparse': 0.0010091227964887312, 'lr': 0.0004947091505698709, 'weight_decay': 0.00013508890118533957}. Best is trial 0 with value: 0.3199175374025167.
/work/dlclarge2/latifajr-dl_lab_project/autoML/automl-exam-ss25-tabular-freiburg-template/automl-tabular-env/lib/python3.10/site-packages/pytorch_tabnet/callbacks.py:172: UserWarning: Best weights from best epoch are automatically used!
  warnings.warn(wrn_msg)
[I 2025-08-05 20:09:48,041] Trial 3 finished with value: 0.24776982215373022 and parameters: {'n_d': 35, 'n_a': 13, 'n_steps': 6, 'gamma': 1.8111301190799058, 'lambda_sparse': 0.0001406066505771732, 'lr': 0.07031230059859976, 'weight_decay': 0.00010934187952430092}. Best is trial 0 with value: 0.3199175374025167.
/work/dlclarge2/latifajr-dl_lab_project/autoML/automl-exam-ss25-tabular-freiburg-template/automl-tabular-env/lib/python3.10/site-packages/pytorch_tabnet/callbacks.py:172: UserWarning: Best weights from best epoch are automatically used!
  warnings.warn(wrn_msg)
[I 2025-08-05 20:10:09,650] Trial 4 finished with value: 0.29360082750892147 and parameters: {'n_d': 57, 'n_a': 8, 'n_steps': 3, 'gamma': 1.3186951746182527, 'lambda_sparse': 5.027945282790886e-05, 'lr': 0.0007521086540882588, 'weight_decay': 5.02138232032524e-05}. Best is trial 0 with value: 0.3199175374025167.
/work/dlclarge2/latifajr-dl_lab_project/autoML/automl-exam-ss25-tabular-freiburg-template/automl-tabular-env/lib/python3.10/site-packages/pytorch_tabnet/callbacks.py:172: UserWarning: Best weights from best epoch are automatically used!
  warnings.warn(wrn_msg)
[I 2025-08-05 20:10:54,684] Trial 5 finished with value: -0.789759557189105 and parameters: {'n_d': 12, 'n_a': 10, 'n_steps': 10, 'gamma': 1.6720771772494991, 'lambda_sparse': 0.00018524928424351928, 'lr': 0.0008101334777546113, 'weight_decay': 8.743458851203684e-05}. Best is trial 0 with value: 0.3199175374025167.
/work/dlclarge2/latifajr-dl_lab_project/autoML/automl-exam-ss25-tabular-freiburg-template/automl-tabular-env/lib/python3.10/site-packages/pytorch_tabnet/callbacks.py:172: UserWarning: Best weights from best epoch are automatically used!
  warnings.warn(wrn_msg)
[I 2025-08-05 20:11:16,287] Trial 6 finished with value: 0.30553913155060164 and parameters: {'n_d': 8, 'n_a': 55, 'n_steps': 3, 'gamma': 1.8647259704519727, 'lambda_sparse': 0.006221495596140131, 'lr': 0.0016556824552344375, 'weight_decay': 0.000888345072424844}. Best is trial 0 with value: 0.3199175374025167.
/work/dlclarge2/latifajr-dl_lab_project/autoML/automl-exam-ss25-tabular-freiburg-template/automl-tabular-env/lib/python3.10/site-packages/pytorch_tabnet/callbacks.py:172: UserWarning: Best weights from best epoch are automatically used!
  warnings.warn(wrn_msg)
