[I 2025-08-02 08:40:20,744] Trial 438 finished with value: -0.9341946739240878 and parameters: {'learning_rate': 0.03189896485090942, 'num_leaves': 26, 'max_depth': 14, 'min_child_samples': 12, 'feature_fraction': 0.5381874775441575, 'bagging_fraction': 0.7008048267260895, 'reg_alpha': 2.671480841187635, 'reg_lambda': 1.2012697249462994e-06}. Best is trial 181 with value: -0.9360705907673996.
[I 2025-08-02 08:40:31,507] Trial 439 finished with value: -0.9335061405216495 and parameters: {'learning_rate': 0.03733935892908327, 'num_leaves': 35, 'max_depth': 13, 'min_child_samples': 14, 'feature_fraction': 0.8735722090200773, 'bagging_fraction': 0.7191208991057099, 'reg_alpha': 4.459960684148825, 'reg_lambda': 2.37645207639355e-08}. Best is trial 181 with value: -0.9360705907673996.
[I 2025-08-02 08:40:42,996] Trial 440 finished with value: -0.933764008516038 and parameters: {'learning_rate': 0.03317334207476547, 'num_leaves': 43, 'max_depth': 14, 'min_child_samples': 19, 'feature_fraction': 0.6290985890389585, 'bagging_fraction': 0.6918516058415627, 'reg_alpha': 0.44801795880877293, 'reg_lambda': 1.0021419998833031e-08}. Best is trial 181 with value: -0.9360705907673996.
[I 2025-08-02 08:40:51,577] Trial 441 finished with value: -0.9351375520634124 and parameters: {'learning_rate': 0.029222825335072863, 'num_leaves': 29, 'max_depth': 13, 'min_child_samples': 10, 'feature_fraction': 0.5462735197383293, 'bagging_fraction': 0.6715728767996635, 'reg_alpha': 1.9328547811745798, 'reg_lambda': 1.6329401160062207e-08}. Best is trial 181 with value: -0.9360705907673996.
[I 2025-08-02 08:41:08,187] Trial 442 finished with value: -0.9338693803927212 and parameters: {'learning_rate': 0.03483773109306458, 'num_leaves': 81, 'max_depth': 15, 'min_child_samples': 12, 'feature_fraction': 0.5092359969259068, 'bagging_fraction': 0.707560798522934, 'reg_alpha': 9.653991902921883, 'reg_lambda': 1.4560122204325687e-08}. Best is trial 181 with value: -0.9360705907673996.
[I 2025-08-02 08:41:13,297] Trial 443 finished with value: -0.9308854531082544 and parameters: {'learning_rate': 0.14584203433903992, 'num_leaves': 21, 'max_depth': 14, 'min_child_samples': 17, 'feature_fraction': 0.9844151563594756, 'bagging_fraction': 0.9380720336689587, 'reg_alpha': 0.2239926213070778, 'reg_lambda': 2.7000063191903084e-08}. Best is trial 181 with value: -0.9360705907673996.
[I 2025-08-02 08:41:24,028] Trial 444 finished with value: -0.9347561323728335 and parameters: {'learning_rate': 0.03142709533234531, 'num_leaves': 38, 'max_depth': 15, 'min_child_samples': 11, 'feature_fraction': 0.6912640654689164, 'bagging_fraction': 0.730685091303467, 'reg_alpha': 3.073287428410267, 'reg_lambda': 1.9899705873587127e-08}. Best is trial 181 with value: -0.9360705907673996.
[I 2025-08-02 08:41:36,139] Trial 445 finished with value: -0.9343880989263503 and parameters: {'learning_rate': 0.037328388767096474, 'num_leaves': 50, 'max_depth': 15, 'min_child_samples': 13, 'feature_fraction': 0.5276188011009226, 'bagging_fraction': 0.6834674833838922, 'reg_alpha': 5.812861232382854, 'reg_lambda': 1.442942428170748e-08}. Best is trial 181 with value: -0.9360705907673996.
[I 2025-08-02 08:41:44,831] Trial 446 finished with value: -0.9353104404103284 and parameters: {'learning_rate': 0.04133164455228897, 'num_leaves': 32, 'max_depth': 15, 'min_child_samples': 10, 'feature_fraction': 0.5364516689139082, 'bagging_fraction': 0.7127623455017682, 'reg_alpha': 0.15759345607851205, 'reg_lambda': 1.006013176022759e-08}. Best is trial 181 with value: -0.9360705907673996.
[I 2025-08-02 08:41:56,357] Trial 447 finished with value: -0.9342712179976991 and parameters: {'learning_rate': 0.03358145180823663, 'num_leaves': 44, 'max_depth': 12, 'min_child_samples': 12, 'feature_fraction': 0.517861904804926, 'bagging_fraction': 0.6987952697549762, 'reg_alpha': 0.6812934958510817, 'reg_lambda': 2.7188543850775353e-08}. Best is trial 181 with value: -0.9360705907673996.
[I 2025-08-02 08:42:04,027] Trial 448 finished with value: -0.9331896234151362 and parameters: {'learning_rate': 0.030802046158552258, 'num_leaves': 24, 'max_depth': 15, 'min_child_samples': 14, 'feature_fraction': 0.5596886158197418, 'bagging_fraction': 0.7214742280799291, 'reg_alpha': 4.346587448105853e-05, 'reg_lambda': 1.4281464907244846e-08}. Best is trial 181 with value: -0.9360705907673996.
[I 2025-08-02 08:42:33,442] Trial 449 finished with value: -0.932693677290763 and parameters: {'learning_rate': 0.03494717539674085, 'num_leaves': 222, 'max_depth': 14, 'min_child_samples': 10, 'feature_fraction': 0.5449057503101347, 'bagging_fraction': 0.7060768188597033, 'reg_alpha': 1.2249703277111743, 'reg_lambda': 0.0003568570671668123}. Best is trial 181 with value: -0.9360705907673996.
2025-08-02 08:42:34 [INFO] Model selection complete. Validation metrics: {'val_catboost': 0.9189381278326872, 'val_lightgbm': 0.9091975695613692, 'val_ensemble': 0.9162272836680849}
2025-08-02 08:42:34 [INFO] Selected best model 'catboost' with validation R²=0.9189
2025-08-02 08:42:34 [INFO] Retraining best model 'catboost' on full dataset
2025-08-02 08:42:35 [INFO] Retraining completed
2025-08-02 08:42:35 [INFO] Saved final model to '/work/dlclarge2/alidemaa-dl_lab/automl/automl-exam-ss25-tabular-freiburg-template/modelsFinal/final_catboost.pkl'
2025-08-02 08:42:35 [INFO] Tree-based → /work/dlclarge2/alidemaa-dl_lab/automl/automl-exam-ss25-tabular-freiburg-template/modelsFinal/final_catboost.pkl (R²=0.9189)
2025-08-02 08:42:35 [INFO] Training TabNet model...
[I 2025-08-02 08:42:35,815] A new study created in memory with name: no-name-76b01d1b-ee62-4272-9da1-9196e593531a
/work/dlclarge2/alidemaa-dl_lab/automl/automl-exam-ss25-tabular-freiburg-template/automl-tabular-env/lib/python3.10/site-packages/pytorch_tabnet/callbacks.py:172: UserWarning: Best weights from best epoch are automatically used!
  warnings.warn(wrn_msg)
[I 2025-08-02 08:44:04,144] Trial 0 finished with value: 0.890462800366633 and parameters: {'n_d': 55, 'n_a': 28, 'n_steps': 6, 'gamma': 1.0535193921183756, 'lambda_sparse': 0.004365959304313505, 'lr': 0.010867293039830622, 'weight_decay': 0.0002870535542419275}. Best is trial 0 with value: 0.890462800366633.
/work/dlclarge2/alidemaa-dl_lab/automl/automl-exam-ss25-tabular-freiburg-template/automl-tabular-env/lib/python3.10/site-packages/pytorch_tabnet/callbacks.py:172: UserWarning: Best weights from best epoch are automatically used!
  warnings.warn(wrn_msg)
[I 2025-08-02 08:45:17,550] Trial 1 finished with value: 0.8386443157536523 and parameters: {'n_d': 59, 'n_a': 55, 'n_steps': 4, 'gamma': 1.5670439830053198, 'lambda_sparse': 0.0001106350025813826, 'lr': 0.00039704363233317034, 'weight_decay': 0.0005068741414542507}. Best is trial 0 with value: 0.890462800366633.
/work/dlclarge2/alidemaa-dl_lab/automl/automl-exam-ss25-tabular-freiburg-template/automl-tabular-env/lib/python3.10/site-packages/pytorch_tabnet/callbacks.py:172: UserWarning: Best weights from best epoch are automatically used!
  warnings.warn(wrn_msg)
[I 2025-08-02 08:45:36,422] Trial 2 finished with value: 0.09443493545348625 and parameters: {'n_d': 9, 'n_a': 19, 'n_steps': 3, 'gamma': 1.5552980006577681, 'lambda_sparse': 0.0007590294841871854, 'lr': 0.021789876456540673, 'weight_decay': 0.00018358557292376588}. Best is trial 0 with value: 0.890462800366633.
/work/dlclarge2/alidemaa-dl_lab/automl/automl-exam-ss25-tabular-freiburg-template/automl-tabular-env/lib/python3.10/site-packages/pytorch_tabnet/callbacks.py:172: UserWarning: Best weights from best epoch are automatically used!
  warnings.warn(wrn_msg)
[I 2025-08-02 08:46:58,127] Trial 3 finished with value: 0.7982619418784813 and parameters: {'n_d': 26, 'n_a': 21, 'n_steps': 4, 'gamma': 1.657255091053313, 'lambda_sparse': 0.00032209629894428834, 'lr': 0.000523364644579955, 'weight_decay': 1.0599473361155201e-05}. Best is trial 0 with value: 0.890462800366633.
/work/dlclarge2/alidemaa-dl_lab/automl/automl-exam-ss25-tabular-freiburg-template/automl-tabular-env/lib/python3.10/site-packages/pytorch_tabnet/callbacks.py:172: UserWarning: Best weights from best epoch are automatically used!
  warnings.warn(wrn_msg)
[I 2025-08-02 08:48:59,096] Trial 4 finished with value: 0.8855870662572365 and parameters: {'n_d': 9, 'n_a': 19, 'n_steps': 10, 'gamma': 1.398125307748648, 'lambda_sparse': 0.0015453855195293315, 'lr': 0.04778312102907919, 'weight_decay': 2.113149439789945e-05}. Best is trial 0 with value: 0.890462800366633.
/work/dlclarge2/alidemaa-dl_lab/automl/automl-exam-ss25-tabular-freiburg-template/automl-tabular-env/lib/python3.10/site-packages/pytorch_tabnet/callbacks.py:172: UserWarning: Best weights from best epoch are automatically used!
  warnings.warn(wrn_msg)
[I 2025-08-02 08:50:51,087] Trial 5 finished with value: 0.8687102534910784 and parameters: {'n_d': 52, 'n_a': 53, 'n_steps': 8, 'gamma': 1.686424803378976, 'lambda_sparse': 0.007061972047273277, 'lr': 0.011750952656607838, 'weight_decay': 1.6401811988746448e-05}. Best is trial 0 with value: 0.890462800366633.
/work/dlclarge2/alidemaa-dl_lab/automl/automl-exam-ss25-tabular-freiburg-template/automl-tabular-env/lib/python3.10/site-packages/pytorch_tabnet/callbacks.py:172: UserWarning: Best weights from best epoch are automatically used!
  warnings.warn(wrn_msg)
[I 2025-08-02 08:52:12,245] Trial 6 finished with value: 0.698340955698964 and parameters: {'n_d': 43, 'n_a': 19, 'n_steps': 5, 'gamma': 1.7579661421231934, 'lambda_sparse': 1.8842714927724572e-05, 'lr': 0.0003292369203825682, 'weight_decay': 2.1177272166187213e-06}. Best is trial 0 with value: 0.890462800366633.
/work/dlclarge2/alidemaa-dl_lab/automl/automl-exam-ss25-tabular-freiburg-template/automl-tabular-env/lib/python3.10/site-packages/pytorch_tabnet/callbacks.py:172: UserWarning: Best weights from best epoch are automatically used!
  warnings.warn(wrn_msg)
[I 2025-08-02 08:54:15,182] Trial 7 finished with value: 0.8858409220415981 and parameters: {'n_d': 39, 'n_a': 8, 'n_steps': 9, 'gamma': 1.0238539637689672, 'lambda_sparse': 0.003037296120636304, 'lr': 0.04168194768457274, 'weight_decay': 0.0002725670925342879}. Best is trial 0 with value: 0.890462800366633.
/work/dlclarge2/alidemaa-dl_lab/automl/automl-exam-ss25-tabular-freiburg-template/automl-tabular-env/lib/python3.10/site-packages/pytorch_tabnet/callbacks.py:172: UserWarning: Best weights from best epoch are automatically used!
  warnings.warn(wrn_msg)
[I 2025-08-02 08:56:20,074] Trial 8 finished with value: 0.6424406606127067 and parameters: {'n_d': 58, 'n_a': 15, 'n_steps': 9, 'gamma': 1.2175434674563061, 'lambda_sparse': 0.004384880127224968, 'lr': 0.00041160762594192403, 'weight_decay': 2.6705829951146647e-06}. Best is trial 0 with value: 0.890462800366633.
/work/dlclarge2/alidemaa-dl_lab/automl/automl-exam-ss25-tabular-freiburg-template/automl-tabular-env/lib/python3.10/site-packages/pytorch_tabnet/callbacks.py:172: UserWarning: Best weights from best epoch are automatically used!
  warnings.warn(wrn_msg)
[I 2025-08-02 08:56:56,074] Trial 9 finished with value: 0.37450209835165194 and parameters: {'n_d': 45, 'n_a': 58, 'n_steps': 5, 'gamma': 1.8534744880308867, 'lambda_sparse': 0.0016355576889977468, 'lr': 0.01591601596297381, 'weight_decay': 8.504654761263757e-06}. Best is trial 0 with value: 0.890462800366633.
/work/dlclarge2/alidemaa-dl_lab/automl/automl-exam-ss25-tabular-freiburg-template/automl-tabular-env/lib/python3.10/site-packages/pytorch_tabnet/callbacks.py:172: UserWarning: Best weights from best epoch are automatically used!
  warnings.warn(wrn_msg)
[I 2025-08-02 08:58:37,959] Trial 10 finished with value: 0.8900302838779486 and parameters: {'n_d': 26, 'n_a': 37, 'n_steps': 7, 'gamma': 1.018915598746713, 'lambda_sparse': 9.271545998294172e-05, 'lr': 0.0024893659140139343, 'weight_decay': 6.395701931496705e-05}. Best is trial 0 with value: 0.890462800366633.
/work/dlclarge2/alidemaa-dl_lab/automl/automl-exam-ss25-tabular-freiburg-template/automl-tabular-env/lib/python3.10/site-packages/pytorch_tabnet/callbacks.py:172: UserWarning: Best weights from best epoch are automatically used!
  warnings.warn(wrn_msg)
[I 2025-08-02 09:00:20,200] Trial 11 finished with value: 0.8846756926514772 and parameters: {'n_d': 28, 'n_a': 36, 'n_steps': 7, 'gamma': 1.0032517983188967, 'lambda_sparse': 6.568313212793273e-05, 'lr': 0.0040380061926853965, 'weight_decay': 8.298105719099799e-05}. Best is trial 0 with value: 0.890462800366633.
/work/dlclarge2/alidemaa-dl_lab/automl/automl-exam-ss25-tabular-freiburg-template/automl-tabular-env/lib/python3.10/site-packages/pytorch_tabnet/callbacks.py:172: UserWarning: Best weights from best epoch are automatically used!
  warnings.warn(wrn_msg)
[I 2025-08-02 09:01:51,823] Trial 12 finished with value: 0.8903988339144459 and parameters: {'n_d': 24, 'n_a': 35, 'n_steps': 6, 'gamma': 1.2321188223425485, 'lambda_sparse': 8.863484651716811e-05, 'lr': 0.0021391997282025964, 'weight_decay': 7.517898786292653e-05}. Best is trial 0 with value: 0.890462800366633.
/work/dlclarge2/alidemaa-dl_lab/automl/automl-exam-ss25-tabular-freiburg-template/automl-tabular-env/lib/python3.10/site-packages/pytorch_tabnet/callbacks.py:172: UserWarning: Best weights from best epoch are automatically used!
  warnings.warn(wrn_msg)
[I 2025-08-02 09:03:23,462] Trial 13 finished with value: 0.8825838320367739 and parameters: {'n_d': 19, 'n_a': 34, 'n_steps': 6, 'gamma': 1.274896918034776, 'lambda_sparse': 1.5880120956628035e-05, 'lr': 0.0021508865777235633, 'weight_decay': 0.0007108344211814063}. Best is trial 0 with value: 0.890462800366633.
/work/dlclarge2/alidemaa-dl_lab/automl/automl-exam-ss25-tabular-freiburg-template/automl-tabular-env/lib/python3.10/site-packages/pytorch_tabnet/callbacks.py:172: UserWarning: Best weights from best epoch are automatically used!
  warnings.warn(wrn_msg)
[I 2025-08-02 09:04:41,406] Trial 14 finished with value: 0.8875951957130279 and parameters: {'n_d': 33, 'n_a': 44, 'n_steps': 6, 'gamma': 1.2618513134142595, 'lambda_sparse': 0.00033362777655066993, 'lr': 0.005735207849737437, 'weight_decay': 7.747428506484426e-05}. Best is trial 0 with value: 0.890462800366633.
/work/dlclarge2/alidemaa-dl_lab/automl/automl-exam-ss25-tabular-freiburg-template/automl-tabular-env/lib/python3.10/site-packages/pytorch_tabnet/callbacks.py:172: UserWarning: Best weights from best epoch are automatically used!
  warnings.warn(wrn_msg)
[I 2025-08-02 09:05:44,676] Trial 15 finished with value: 0.8613449639344428 and parameters: {'n_d': 19, 'n_a': 28, 'n_steps': 5, 'gamma': 1.173844454919416, 'lambda_sparse': 4.350551871812507e-05, 'lr': 0.00109617861109499, 'weight_decay': 0.00020025686110645383}. Best is trial 0 with value: 0.890462800366633.
/work/dlclarge2/alidemaa-dl_lab/automl/automl-exam-ss25-tabular-freiburg-template/automl-tabular-env/lib/python3.10/site-packages/pytorch_tabnet/callbacks.py:172: UserWarning: Best weights from best epoch are automatically used!
  warnings.warn(wrn_msg)
[I 2025-08-02 09:07:09,885] Trial 16 finished with value: 0.8728454188002307 and parameters: {'n_d': 49, 'n_a': 45, 'n_steps': 7, 'gamma': 1.4006769744047254, 'lambda_sparse': 0.00019308430512308012, 'lr': 0.007414001801804082, 'weight_decay': 4.43617823877515e-05}. Best is trial 0 with value: 0.890462800366633.
/work/dlclarge2/alidemaa-dl_lab/automl/automl-exam-ss25-tabular-freiburg-template/automl-tabular-env/lib/python3.10/site-packages/pytorch_tabnet/callbacks.py:172: UserWarning: Best weights from best epoch are automatically used!
  warnings.warn(wrn_msg)
[I 2025-08-02 09:09:00,267] Trial 17 finished with value: 0.49987887341085147 and parameters: {'n_d': 62, 'n_a': 29, 'n_steps': 8, 'gamma': 1.1430282534691427, 'lambda_sparse': 0.0006399573169222393, 'lr': 0.00016967147261325822, 'weight_decay': 0.0003722769712128708}. Best is trial 0 with value: 0.890462800366633.
/work/dlclarge2/alidemaa-dl_lab/automl/automl-exam-ss25-tabular-freiburg-template/automl-tabular-env/lib/python3.10/site-packages/pytorch_tabnet/callbacks.py:172: UserWarning: Best weights from best epoch are automatically used!
  warnings.warn(wrn_msg)
[I 2025-08-02 09:10:31,641] Trial 18 finished with value: 0.8626000275651876 and parameters: {'n_d': 18, 'n_a': 44, 'n_steps': 6, 'gamma': 1.375094293566823, 'lambda_sparse': 3.193203602554306e-05, 'lr': 0.0014015223777829788, 'weight_decay': 0.0009597981452003075}. Best is trial 0 with value: 0.890462800366633.
/work/dlclarge2/alidemaa-dl_lab/automl/automl-exam-ss25-tabular-freiburg-template/automl-tabular-env/lib/python3.10/site-packages/pytorch_tabnet/callbacks.py:172: UserWarning: Best weights from best epoch are automatically used!
  warnings.warn(wrn_msg)
[I 2025-08-02 09:10:56,064] Trial 19 finished with value: 0.2040544311898861 and parameters: {'n_d': 35, 'n_a': 28, 'n_steps': 3, 'gamma': 1.1004623949149461, 'lambda_sparse': 0.008662513647512905, 'lr': 0.0935980627226121, 'weight_decay': 0.0001318315404529128}. Best is trial 0 with value: 0.890462800366633.
/work/dlclarge2/alidemaa-dl_lab/automl/automl-exam-ss25-tabular-freiburg-template/automl-tabular-env/lib/python3.10/site-packages/pytorch_tabnet/callbacks.py:172: UserWarning: Best weights from best epoch are automatically used!
  warnings.warn(wrn_msg)
[I 2025-08-02 09:12:56,240] A new study created in memory with name: no-name-5095421c-5243-4e29-93f5-a8cab73d82fa
/work/dlclarge2/alidemaa-dl_lab/automl/automl-exam-ss25-tabular-freiburg-template/automl-tabular-env/lib/python3.10/site-packages/pytorch_tabnet/callbacks.py:172: UserWarning: Best weights from best epoch are automatically used!
  warnings.warn(wrn_msg)
[I 2025-08-02 09:13:41,988] Trial 0 finished with value: 0.90008920721527 and parameters: {'n_d': 22, 'n_a': 12, 'n_steps': 3, 'gamma': 1.964079579216877, 'lambda_sparse': 0.002430778185479248, 'lr': 0.001340402371541086, 'weight_decay': 0.0008522368124644633}. Best is trial 0 with value: 0.90008920721527.
/work/dlclarge2/alidemaa-dl_lab/automl/automl-exam-ss25-tabular-freiburg-template/automl-tabular-env/lib/python3.10/site-packages/pytorch_tabnet/callbacks.py:172: UserWarning: Best weights from best epoch are automatically used!
  warnings.warn(wrn_msg)
[I 2025-08-02 09:14:45,327] Trial 1 finished with value: 0.8656730060208118 and parameters: {'n_d': 41, 'n_a': 36, 'n_steps': 5, 'gamma': 1.6181547132162257, 'lambda_sparse': 0.0038528427999005785, 'lr': 0.0015132260721097512, 'weight_decay': 1.2055319332371614e-06}. Best is trial 0 with value: 0.90008920721527.
/work/dlclarge2/alidemaa-dl_lab/automl/automl-exam-ss25-tabular-freiburg-template/automl-tabular-env/lib/python3.10/site-packages/pytorch_tabnet/callbacks.py:172: UserWarning: Best weights from best epoch are automatically used!
  warnings.warn(wrn_msg)
[I 2025-08-02 09:16:55,098] Trial 2 finished with value: 0.8676240052339853 and parameters: {'n_d': 53, 'n_a': 12, 'n_steps': 10, 'gamma': 1.928561631664854, 'lambda_sparse': 0.0010183343795909273, 'lr': 0.006616831012622286, 'weight_decay': 2.3565228370709017e-05}. Best is trial 0 with value: 0.90008920721527.
/work/dlclarge2/alidemaa-dl_lab/automl/automl-exam-ss25-tabular-freiburg-template/automl-tabular-env/lib/python3.10/site-packages/pytorch_tabnet/callbacks.py:172: UserWarning: Best weights from best epoch are automatically used!
  warnings.warn(wrn_msg)
[I 2025-08-02 09:18:04,283] Trial 3 finished with value: 0.8489360481068905 and parameters: {'n_d': 19, 'n_a': 53, 'n_steps': 3, 'gamma': 1.2747329185142626, 'lambda_sparse': 6.497126216317912e-05, 'lr': 0.0006529286496643541, 'weight_decay': 1.2948275206584666e-06}. Best is trial 0 with value: 0.90008920721527.
/work/dlclarge2/alidemaa-dl_lab/automl/automl-exam-ss25-tabular-freiburg-template/automl-tabular-env/lib/python3.10/site-packages/pytorch_tabnet/callbacks.py:172: UserWarning: Best weights from best epoch are automatically used!
  warnings.warn(wrn_msg)
[I 2025-08-02 09:20:04,029] Trial 4 finished with value: 0.9089154977859929 and parameters: {'n_d': 60, 'n_a': 32, 'n_steps': 9, 'gamma': 1.8604156680483315, 'lambda_sparse': 0.008690498013801217, 'lr': 0.09253162265033373, 'weight_decay': 1.1401403761577792e-06}. Best is trial 4 with value: 0.9089154977859929.
/work/dlclarge2/alidemaa-dl_lab/automl/automl-exam-ss25-tabular-freiburg-template/automl-tabular-env/lib/python3.10/site-packages/pytorch_tabnet/callbacks.py:172: UserWarning: Best weights from best epoch are automatically used!
  warnings.warn(wrn_msg)
[I 2025-08-02 09:22:06,213] Trial 5 finished with value: 0.9143711720732661 and parameters: {'n_d': 37, 'n_a': 50, 'n_steps': 9, 'gamma': 1.0943713038565037, 'lambda_sparse': 0.00012110943139416614, 'lr': 0.036302036872617405, 'weight_decay': 6.0318185119074225e-06}. Best is trial 5 with value: 0.9143711720732661.
/work/dlclarge2/alidemaa-dl_lab/automl/automl-exam-ss25-tabular-freiburg-template/automl-tabular-env/lib/python3.10/site-packages/pytorch_tabnet/callbacks.py:172: UserWarning: Best weights from best epoch are automatically used!
  warnings.warn(wrn_msg)
[I 2025-08-02 09:23:05,557] Trial 6 finished with value: 0.7985534534678453 and parameters: {'n_d': 20, 'n_a': 16, 'n_steps': 3, 'gamma': 1.7637095049867324, 'lambda_sparse': 0.0001467615259544588, 'lr': 0.0003669747146992638, 'weight_decay': 0.00020258873937284677}. Best is trial 5 with value: 0.9143711720732661.
/work/dlclarge2/alidemaa-dl_lab/automl/automl-exam-ss25-tabular-freiburg-template/automl-tabular-env/lib/python3.10/site-packages/pytorch_tabnet/callbacks.py:172: UserWarning: Best weights from best epoch are automatically used!
  warnings.warn(wrn_msg)
