[I 2025-08-04 07:15:05,995] Trial 118 finished with value: -0.0902051175528601 and parameters: {'learning_rate': 0.01995073981852218, 'num_leaves': 110, 'max_depth': 13, 'min_child_samples': 27, 'feature_fraction': 0.6345942349646916, 'bagging_fraction': 0.5615844897399392, 'reg_alpha': 0.0038587789542153337, 'reg_lambda': 4.843762606782131e-07}. Best is trial 102 with value: -0.0949217032687709.
[I 2025-08-04 07:15:15,185] Trial 119 finished with value: -0.08671538600721057 and parameters: {'learning_rate': 0.015856988900738195, 'num_leaves': 127, 'max_depth': 12, 'min_child_samples': 29, 'feature_fraction': 0.6603694202440921, 'bagging_fraction': 0.5734259955628647, 'reg_alpha': 0.01011517224156579, 'reg_lambda': 7.518775693318138e-07}. Best is trial 102 with value: -0.0949217032687709.
[I 2025-08-04 07:15:27,418] Trial 120 finished with value: -0.09058577682185094 and parameters: {'learning_rate': 0.014411519657257638, 'num_leaves': 87, 'max_depth': 13, 'min_child_samples': 16, 'feature_fraction': 0.5996664815924492, 'bagging_fraction': 0.9898135011473204, 'reg_alpha': 0.008643828704971258, 'reg_lambda': 1.4096573931199876e-07}. Best is trial 102 with value: -0.0949217032687709.
[I 2025-08-04 07:15:41,275] Trial 121 finished with value: -0.09072182085085966 and parameters: {'learning_rate': 0.015150465206177629, 'num_leaves': 105, 'max_depth': 12, 'min_child_samples': 20, 'feature_fraction': 0.616784009216273, 'bagging_fraction': 0.5477268070808885, 'reg_alpha': 0.06420135807987505, 'reg_lambda': 3.5959188407077634e-07}. Best is trial 102 with value: -0.0949217032687709.
[I 2025-08-04 07:15:52,642] Trial 122 finished with value: -0.09118995474448366 and parameters: {'learning_rate': 0.013779878003950117, 'num_leaves': 111, 'max_depth': 12, 'min_child_samples': 21, 'feature_fraction': 0.6227501479999515, 'bagging_fraction': 0.5338586103616644, 'reg_alpha': 0.006993271739844585, 'reg_lambda': 1.1820106772081486e-06}. Best is trial 102 with value: -0.0949217032687709.
[I 2025-08-04 07:16:02,356] Trial 123 finished with value: -0.08905366550501474 and parameters: {'learning_rate': 0.01651760183343341, 'num_leaves': 120, 'max_depth': 12, 'min_child_samples': 24, 'feature_fraction': 0.6281816898617242, 'bagging_fraction': 0.5341839622068189, 'reg_alpha': 0.0054166575178367085, 'reg_lambda': 9.817633015552623e-07}. Best is trial 102 with value: -0.0949217032687709.
[I 2025-08-04 07:16:07,639] Trial 124 finished with value: -0.07918510130658787 and parameters: {'learning_rate': 0.013788592477499731, 'num_leaves': 101, 'max_depth': 5, 'min_child_samples': 21, 'feature_fraction': 0.6111023519384151, 'bagging_fraction': 0.5113035066650394, 'reg_alpha': 0.0016958271590126524, 'reg_lambda': 5.156868635275629e-07}. Best is trial 102 with value: -0.0949217032687709.
[I 2025-08-04 07:16:17,115] Trial 125 finished with value: -0.08954339566703036 and parameters: {'learning_rate': 0.01906747362356417, 'num_leaves': 113, 'max_depth': 13, 'min_child_samples': 26, 'feature_fraction': 0.5982960925298818, 'bagging_fraction': 0.563231946582708, 'reg_alpha': 0.028992472757673842, 'reg_lambda': 2.4586452968748267e-07}. Best is trial 102 with value: -0.0949217032687709.
[I 2025-08-04 07:16:31,612] Trial 126 finished with value: -0.0906219149341059 and parameters: {'learning_rate': 0.013142659361444875, 'num_leaves': 134, 'max_depth': 12, 'min_child_samples': 17, 'feature_fraction': 0.6382748093128043, 'bagging_fraction': 0.5911496910903886, 'reg_alpha': 0.017548455785360132, 'reg_lambda': 0.01147893368696456}. Best is trial 102 with value: -0.0949217032687709.
[I 2025-08-04 07:16:35,486] Trial 127 finished with value: -0.07776551847966906 and parameters: {'learning_rate': 0.021882347866368418, 'num_leaves': 126, 'max_depth': 4, 'min_child_samples': 14, 'feature_fraction': 0.6225809186821939, 'bagging_fraction': 0.6162480290097334, 'reg_alpha': 1.134006297498583e-05, 'reg_lambda': 1.4171210819140628e-06}. Best is trial 102 with value: -0.0949217032687709.
[I 2025-08-04 07:16:44,176] Trial 128 finished with value: -0.08908468353884959 and parameters: {'learning_rate': 0.018070783644586197, 'num_leaves': 109, 'max_depth': 11, 'min_child_samples': 23, 'feature_fraction': 0.5928802196330286, 'bagging_fraction': 0.5829862004469126, 'reg_alpha': 0.0034360086984973745, 'reg_lambda': 8.797266738000193e-08}. Best is trial 102 with value: -0.0949217032687709.
[I 2025-08-04 07:16:55,077] Trial 129 finished with value: -0.0908878811037526 and parameters: {'learning_rate': 0.01688753163331937, 'num_leaves': 97, 'max_depth': 12, 'min_child_samples': 19, 'feature_fraction': 0.5785346910440684, 'bagging_fraction': 0.530814302239682, 'reg_alpha': 2.896781023507285e-05, 'reg_lambda': 6.223117431474709e-07}. Best is trial 102 with value: -0.0949217032687709.
[I 2025-08-04 07:17:06,075] Trial 130 finished with value: -0.08944754435315548 and parameters: {'learning_rate': 0.019925705058530807, 'num_leaves': 120, 'max_depth': 13, 'min_child_samples': 16, 'feature_fraction': 0.6562613324754231, 'bagging_fraction': 0.5976649554767934, 'reg_alpha': 0.007117171192265739, 'reg_lambda': 1.4269273484476645e-07}. Best is trial 102 with value: -0.0949217032687709.
[I 2025-08-04 07:17:18,051] Trial 131 finished with value: -0.08824138028763905 and parameters: {'learning_rate': 0.014806430582722888, 'num_leaves': 109, 'max_depth': 8, 'min_child_samples': 21, 'feature_fraction': 0.6187837716189281, 'bagging_fraction': 0.5558714562695606, 'reg_alpha': 0.1629906528843248, 'reg_lambda': 4.4773249319421464e-07}. Best is trial 102 with value: -0.0949217032687709.
[I 2025-08-04 07:17:28,946] Trial 132 finished with value: -0.09366489492992455 and parameters: {'learning_rate': 0.015934472494923062, 'num_leaves': 106, 'max_depth': 12, 'min_child_samples': 20, 'feature_fraction': 0.6085341231821507, 'bagging_fraction': 0.5512981432997703, 'reg_alpha': 0.0010417291160667397, 'reg_lambda': 2.666270211125822e-07}. Best is trial 102 with value: -0.0949217032687709.
[I 2025-08-04 07:17:38,057] Trial 133 finished with value: -0.08923514611349433 and parameters: {'learning_rate': 0.016056998126401937, 'num_leaves': 102, 'max_depth': 12, 'min_child_samples': 25, 'feature_fraction': 0.6044027572359914, 'bagging_fraction': 0.5427425456290693, 'reg_alpha': 0.0008727766999478575, 'reg_lambda': 2.8639398807804003e-07}. Best is trial 102 with value: -0.0949217032687709.
[I 2025-08-04 07:17:50,477] Trial 134 finished with value: -0.09058158140430844 and parameters: {'learning_rate': 0.0139654155584626, 'num_leaves': 117, 'max_depth': 12, 'min_child_samples': 19, 'feature_fraction': 0.5862000847381332, 'bagging_fraction': 0.5703664000686084, 'reg_alpha': 0.0024656410778126528, 'reg_lambda': 5.997826837314208e-06}. Best is trial 102 with value: -0.0949217032687709.
[I 2025-08-04 07:17:59,841] Trial 135 finished with value: -0.09082112166600617 and parameters: {'learning_rate': 0.02074986062160845, 'num_leaves': 93, 'max_depth': 11, 'min_child_samples': 17, 'feature_fraction': 0.566091485640836, 'bagging_fraction': 0.8647437675288968, 'reg_alpha': 5.462677866065489e-05, 'reg_lambda': 1.2962169193977928e-06}. Best is trial 102 with value: -0.0949217032687709.
[I 2025-08-04 07:18:08,377] Trial 136 finished with value: -0.08697623409143304 and parameters: {'learning_rate': 0.01747849715286188, 'num_leaves': 139, 'max_depth': 13, 'min_child_samples': 43, 'feature_fraction': 0.6070779283915284, 'bagging_fraction': 0.5219516359890006, 'reg_alpha': 0.000977501133404482, 'reg_lambda': 2.126410470535776e-07}. Best is trial 102 with value: -0.0949217032687709.
[I 2025-08-04 07:18:19,009] Trial 137 finished with value: -0.09114489953031599 and parameters: {'learning_rate': 0.013194476442196368, 'num_leaves': 85, 'max_depth': 12, 'min_child_samples': 21, 'feature_fraction': 0.6409894559568131, 'bagging_fraction': 0.5082751238951073, 'reg_alpha': 0.01595583535373173, 'reg_lambda': 8.890381070947579e-08}. Best is trial 102 with value: -0.0949217032687709.
[I 2025-08-04 07:18:28,734] Trial 138 finished with value: -0.08812104634442515 and parameters: {'learning_rate': 0.01575846051592806, 'num_leaves': 130, 'max_depth': 11, 'min_child_samples': 23, 'feature_fraction': 0.5956961296812843, 'bagging_fraction': 0.5542566637438396, 'reg_alpha': 9.692391111672279e-05, 'reg_lambda': 7.067684303505506e-07}. Best is trial 102 with value: -0.0949217032687709.
[I 2025-08-04 07:18:40,012] Trial 139 finished with value: -0.09197554970674325 and parameters: {'learning_rate': 0.0185806912857192, 'num_leaves': 114, 'max_depth': 13, 'min_child_samples': 14, 'feature_fraction': 0.5545155306647451, 'bagging_fraction': 0.5362289946848394, 'reg_alpha': 0.005590965902966225, 'reg_lambda': 2.6556746277987865e-08}. Best is trial 102 with value: -0.0949217032687709.
[I 2025-08-04 07:18:50,932] Trial 140 finished with value: -0.09447738052371095 and parameters: {'learning_rate': 0.022612564781885842, 'num_leaves': 124, 'max_depth': 14, 'min_child_samples': 14, 'feature_fraction': 0.5544026378144584, 'bagging_fraction': 0.5655945731657936, 'reg_alpha': 0.00306275625885995, 'reg_lambda': 3.585923339649695e-08}. Best is trial 102 with value: -0.0949217032687709.
[I 2025-08-04 07:19:02,222] Trial 141 finished with value: -0.09096897114482558 and parameters: {'learning_rate': 0.023636558211608445, 'num_leaves': 121, 'max_depth': 15, 'min_child_samples': 14, 'feature_fraction': 0.5608604668207415, 'bagging_fraction': 0.5666059822928698, 'reg_alpha': 0.001671742629472957, 'reg_lambda': 2.245046296850157e-08}. Best is trial 102 with value: -0.0949217032687709.
[I 2025-08-04 07:19:14,890] Trial 142 finished with value: -0.09040451422742497 and parameters: {'learning_rate': 0.018499056226085428, 'num_leaves': 115, 'max_depth': 14, 'min_child_samples': 12, 'feature_fraction': 0.5530209673185026, 'bagging_fraction': 0.5861197348338829, 'reg_alpha': 0.003437339434143813, 'reg_lambda': 3.846281003091964e-08}. Best is trial 102 with value: -0.0949217032687709.
[I 2025-08-04 07:19:26,704] Trial 143 finished with value: -0.09099797541750045 and parameters: {'learning_rate': 0.02237553923582262, 'num_leaves': 128, 'max_depth': 14, 'min_child_samples': 15, 'feature_fraction': 0.5710395627354632, 'bagging_fraction': 0.5990350144838608, 'reg_alpha': 0.005184617399804602, 'reg_lambda': 1.2210937027276093e-08}. Best is trial 102 with value: -0.0949217032687709.
[I 2025-08-04 07:19:36,982] Trial 144 finished with value: -0.09175628047123631 and parameters: {'learning_rate': 0.020861682196310072, 'num_leaves': 135, 'max_depth': 13, 'min_child_samples': 18, 'feature_fraction': 0.5821681916008528, 'bagging_fraction': 0.5498479220600058, 'reg_alpha': 0.0012313367171564679, 'reg_lambda': 6.389540670557827e-08}. Best is trial 102 with value: -0.0949217032687709.
[I 2025-08-04 07:19:44,019] Trial 145 finished with value: -0.08689769245782371 and parameters: {'learning_rate': 0.026140143110482957, 'num_leaves': 136, 'max_depth': 14, 'min_child_samples': 94, 'feature_fraction': 0.5815978816106948, 'bagging_fraction': 0.5469048636080979, 'reg_alpha': 0.0011570603104382267, 'reg_lambda': 2.729194047899074e-08}. Best is trial 102 with value: -0.0949217032687709.
[I 2025-08-04 07:19:52,640] Trial 146 finished with value: -0.08992727411448677 and parameters: {'learning_rate': 0.02811607956818529, 'num_leaves': 126, 'max_depth': 13, 'min_child_samples': 17, 'feature_fraction': 0.5431738959085751, 'bagging_fraction': 0.5799109608379175, 'reg_alpha': 0.002229261223563774, 'reg_lambda': 5.695809220129659e-08}. Best is trial 102 with value: -0.0949217032687709.
[I 2025-08-04 07:20:03,779] Trial 147 finished with value: -0.09079280188658383 and parameters: {'learning_rate': 0.02023805861485512, 'num_leaves': 104, 'max_depth': 14, 'min_child_samples': 13, 'feature_fraction': 0.5345850503923412, 'bagging_fraction': 0.5595990508559586, 'reg_alpha': 0.0005265724778387102, 'reg_lambda': 3.7039386794911644e-08}. Best is trial 102 with value: -0.0949217032687709.
[I 2025-08-04 07:20:13,893] Trial 148 finished with value: -0.09127216846540855 and parameters: {'learning_rate': 0.02089230974401541, 'num_leaves': 133, 'max_depth': 13, 'min_child_samples': 18, 'feature_fraction': 0.5528524504474137, 'bagging_fraction': 0.5371755727318893, 'reg_alpha': 3.5713547766795716e-05, 'reg_lambda': 1.2139982964691745e-07}. Best is trial 102 with value: -0.0949217032687709.
[I 2025-08-04 07:20:23,086] Trial 149 finished with value: -0.09041834002192166 and parameters: {'learning_rate': 0.02504226001708015, 'num_leaves': 143, 'max_depth': 13, 'min_child_samples': 18, 'feature_fraction': 0.5503371843768888, 'bagging_fraction': 0.537231177239385, 'reg_alpha': 3.0975149555725654e-05, 'reg_lambda': 1.230064575673841e-07}. Best is trial 102 with value: -0.0949217032687709.
[I 2025-08-04 07:20:31,276] Trial 150 finished with value: -0.08809418475214745 and parameters: {'learning_rate': 0.021102811018524285, 'num_leaves': 135, 'max_depth': 13, 'min_child_samples': 59, 'feature_fraction': 0.5577564377724458, 'bagging_fraction': 0.5232640391853859, 'reg_alpha': 2.0351557182162532e-05, 'reg_lambda': 7.328692002631333e-08}. Best is trial 102 with value: -0.0949217032687709.
[I 2025-08-04 07:20:42,258] Trial 151 finished with value: -0.09091557513892991 and parameters: {'learning_rate': 0.022811646634024605, 'num_leaves': 124, 'max_depth': 13, 'min_child_samples': 15, 'feature_fraction': 0.565731950877003, 'bagging_fraction': 0.5677332266758338, 'reg_alpha': 5.904641197706588e-05, 'reg_lambda': 1.6980623622036617e-07}. Best is trial 102 with value: -0.0949217032687709.
[I 2025-08-04 07:20:53,199] Trial 152 finished with value: -0.08978438242848015 and parameters: {'learning_rate': 0.017260995300086686, 'num_leaves': 130, 'max_depth': 13, 'min_child_samples': 18, 'feature_fraction': 0.5740877779377941, 'bagging_fraction': 0.5497438183668744, 'reg_alpha': 4.115607677903368e-05, 'reg_lambda': 9.295264894810497e-08}. Best is trial 102 with value: -0.0949217032687709.
[I 2025-08-04 07:21:04,494] Trial 153 finished with value: -0.09074185058732592 and parameters: {'learning_rate': 0.019401717925163254, 'num_leaves': 115, 'max_depth': 13, 'min_child_samples': 10, 'feature_fraction': 0.5993977675580469, 'bagging_fraction': 0.5402541109177692, 'reg_alpha': 0.00155337263392823, 'reg_lambda': 4.785121468009609e-08}. Best is trial 102 with value: -0.0949217032687709.
[I 2025-08-04 07:21:17,968] Trial 154 finished with value: -0.09262967411389582 and parameters: {'learning_rate': 0.01663530224627153, 'num_leaves': 188, 'max_depth': 14, 'min_child_samples': 16, 'feature_fraction': 0.5849440900215958, 'bagging_fraction': 0.5148959255468971, 'reg_alpha': 0.004694909652112831, 'reg_lambda': 1.7937303877164127e-08}. Best is trial 102 with value: -0.0949217032687709.
[I 2025-08-04 07:21:24,735] Trial 155 finished with value: -0.07708319148532501 and parameters: {'learning_rate': 0.11887106897619293, 'num_leaves': 162, 'max_depth': 14, 'min_child_samples': 16, 'feature_fraction': 0.5443456245501762, 'bagging_fraction': 0.5145544625674441, 'reg_alpha': 8.225827987071221e-06, 'reg_lambda': 1.3765334503352806e-08}. Best is trial 102 with value: -0.0949217032687709.
[I 2025-08-04 07:21:39,531] Trial 156 finished with value: -0.09287072683533348 and parameters: {'learning_rate': 0.015133002162154172, 'num_leaves': 139, 'max_depth': 15, 'min_child_samples': 14, 'feature_fraction': 0.5845854273352465, 'bagging_fraction': 0.5000122847194706, 'reg_alpha': 4.559882611927403e-06, 'reg_lambda': 2.7150781230736522e-08}. Best is trial 102 with value: -0.0949217032687709.
[I 2025-08-04 07:21:54,823] Trial 157 finished with value: -0.09365765846413784 and parameters: {'learning_rate': 0.01516960108606026, 'num_leaves': 138, 'max_depth': 15, 'min_child_samples': 13, 'feature_fraction': 0.5846685836546529, 'bagging_fraction': 0.5094394781681902, 'reg_alpha': 0.002736390370501611, 'reg_lambda': 1.831463104940992e-08}. Best is trial 102 with value: -0.0949217032687709.
[I 2025-08-04 07:22:09,983] Trial 158 finished with value: -0.08960634249441994 and parameters: {'learning_rate': 0.01717933967435203, 'num_leaves': 204, 'max_depth': 15, 'min_child_samples': 12, 'feature_fraction': 0.585318710085845, 'bagging_fraction': 0.5113113959985245, 'reg_alpha': 2.3439423324645594e-06, 'reg_lambda': 1.9175956801815998e-08}. Best is trial 102 with value: -0.0949217032687709.
[I 2025-08-04 07:22:25,920] Trial 159 finished with value: -0.09299914211702422 and parameters: {'learning_rate': 0.015958108727454037, 'num_leaves': 151, 'max_depth': 15, 'min_child_samples': 13, 'feature_fraction': 0.5772544039635534, 'bagging_fraction': 0.5024764152257342, 'reg_alpha': 0.0024353977780566956, 'reg_lambda': 1.1308867661714367e-08}. Best is trial 102 with value: -0.0949217032687709.
[I 2025-08-04 07:22:42,031] Trial 160 finished with value: -0.09160143787409583 and parameters: {'learning_rate': 0.015989020071283448, 'num_leaves': 157, 'max_depth': 15, 'min_child_samples': 12, 'feature_fraction': 0.5729858553214726, 'bagging_fraction': 0.5036067444643252, 'reg_alpha': 0.0006991738065573473, 'reg_lambda': 1.694254404473733e-08}. Best is trial 102 with value: -0.0949217032687709.
[I 2025-08-04 07:22:56,551] Trial 161 finished with value: -0.09343540642443914 and parameters: {'learning_rate': 0.016166321243654143, 'num_leaves': 157, 'max_depth': 15, 'min_child_samples': 13, 'feature_fraction': 0.5699723465503083, 'bagging_fraction': 0.5071357444939182, 'reg_alpha': 0.000632579640551532, 'reg_lambda': 1.0520139948856813e-08}. Best is trial 102 with value: -0.0949217032687709.
[I 2025-08-04 07:23:11,101] Trial 162 finished with value: -0.09261938604885019 and parameters: {'learning_rate': 0.01617268023952145, 'num_leaves': 152, 'max_depth': 15, 'min_child_samples': 10, 'feature_fraction': 0.5755598271116461, 'bagging_fraction': 0.5016362879918527, 'reg_alpha': 0.0006115555625648567, 'reg_lambda': 1.1446662734849169e-08}. Best is trial 102 with value: -0.0949217032687709.
[I 2025-08-04 07:23:27,306] Trial 163 finished with value: -0.09061691647476804 and parameters: {'learning_rate': 0.016268942110930915, 'num_leaves': 189, 'max_depth': 15, 'min_child_samples': 10, 'feature_fraction': 0.5794295659180333, 'bagging_fraction': 0.5010497039665621, 'reg_alpha': 0.0006044151351856719, 'reg_lambda': 1.1411348034672854e-08}. Best is trial 102 with value: -0.0949217032687709.
[I 2025-08-04 07:23:42,021] Trial 164 finished with value: -0.09251177383098268 and parameters: {'learning_rate': 0.017640336937574465, 'num_leaves': 147, 'max_depth': 15, 'min_child_samples': 14, 'feature_fraction': 0.5897115952508523, 'bagging_fraction': 0.528469338382433, 'reg_alpha': 0.0022416535449333594, 'reg_lambda': 1.024720570605417e-08}. Best is trial 102 with value: -0.0949217032687709.
[I 2025-08-04 07:23:56,397] Trial 165 finished with value: -0.08998844817024192 and parameters: {'learning_rate': 0.017763020432442034, 'num_leaves': 165, 'max_depth': 15, 'min_child_samples': 14, 'feature_fraction': 0.5918221899017959, 'bagging_fraction': 0.5185162811461734, 'reg_alpha': 0.0003536445140267858, 'reg_lambda': 1.014702256779665e-08}. Best is trial 102 with value: -0.0949217032687709.
[I 2025-08-04 07:24:11,878] Trial 166 finished with value: -0.09037402980443844 and parameters: {'learning_rate': 0.016350544625239286, 'num_leaves': 150, 'max_depth': 15, 'min_child_samples': 12, 'feature_fraction': 0.5685369414880174, 'bagging_fraction': 0.5014396484896266, 'reg_alpha': 0.0021896945114438103, 'reg_lambda': 2.7592813709186568e-08}. Best is trial 102 with value: -0.0949217032687709.
[I 2025-08-04 07:24:27,405] Trial 167 finished with value: -0.09255618859515181 and parameters: {'learning_rate': 0.014417232496326385, 'num_leaves': 153, 'max_depth': 15, 'min_child_samples': 10, 'feature_fraction': 0.5905722291278523, 'bagging_fraction': 0.5257369370060178, 'reg_alpha': 0.002692821736740448, 'reg_lambda': 1.7116774323092417e-08}. Best is trial 102 with value: -0.0949217032687709.
[I 2025-08-04 07:24:43,655] Trial 168 finished with value: -0.0919361014370932 and parameters: {'learning_rate': 0.014642148635905726, 'num_leaves': 151, 'max_depth': 15, 'min_child_samples': 10, 'feature_fraction': 0.58826526431171, 'bagging_fraction': 0.5232061065952919, 'reg_alpha': 0.0026745784147068304, 'reg_lambda': 1.6879466612770205e-08}. Best is trial 102 with value: -0.0949217032687709.
[I 2025-08-04 07:24:58,189] Trial 169 finished with value: -0.09280688088778088 and parameters: {'learning_rate': 0.016875486524692132, 'num_leaves': 156, 'max_depth': 15, 'min_child_samples': 14, 'feature_fraction': 0.5738838120331833, 'bagging_fraction': 0.5139376515023213, 'reg_alpha': 0.00019191933372445218, 'reg_lambda': 3.007783231044171e-08}. Best is trial 102 with value: -0.0949217032687709.
[I 2025-08-04 07:25:14,931] Trial 170 finished with value: -0.09165572716741259 and parameters: {'learning_rate': 0.012827676063729296, 'num_leaves': 157, 'max_depth': 15, 'min_child_samples': 13, 'feature_fraction': 0.575350682985873, 'bagging_fraction': 0.5116440845117032, 'reg_alpha': 0.0003295873531516535, 'reg_lambda': 1.0771075210441688e-08}. Best is trial 102 with value: -0.0949217032687709.
[I 2025-08-04 07:25:30,506] Trial 171 finished with value: -0.09349644808935893 and parameters: {'learning_rate': 0.015395905012727865, 'num_leaves': 173, 'max_depth': 15, 'min_child_samples': 14, 'feature_fraction': 0.561725448995588, 'bagging_fraction': 0.5272897820528927, 'reg_alpha': 0.00017185594993591107, 'reg_lambda': 2.7434903285014853e-08}. Best is trial 102 with value: -0.0949217032687709.
