[I 2025-08-04 21:46:42,711] Trial 80 finished with value: -0.9279642216624058 and parameters: {'learning_rate': 0.09907870174196502, 'num_leaves': 62, 'max_depth': 6, 'min_child_samples': 13, 'feature_fraction': 0.9881056930724993, 'bagging_fraction': 0.6717702585395179, 'reg_alpha': 0.3551477527259214, 'reg_lambda': 9.882675599092101}. Best is trial 47 with value: -0.9335925141942159.
[I 2025-08-04 21:46:46,632] Trial 81 finished with value: -0.9322253981795073 and parameters: {'learning_rate': 0.11106030463863235, 'num_leaves': 27, 'max_depth': 7, 'min_child_samples': 10, 'feature_fraction': 0.8471168478198772, 'bagging_fraction': 0.7892470581335724, 'reg_alpha': 2.1967762947951477, 'reg_lambda': 0.11392485018380068}. Best is trial 47 with value: -0.9335925141942159.
[I 2025-08-04 21:46:50,747] Trial 82 finished with value: -0.9272490076510032 and parameters: {'learning_rate': 0.13752426708402213, 'num_leaves': 139, 'max_depth': 8, 'min_child_samples': 12, 'feature_fraction': 0.8429331068429633, 'bagging_fraction': 0.7374862511054959, 'reg_alpha': 5.909845753304321, 'reg_lambda': 0.380367363920059}. Best is trial 47 with value: -0.9335925141942159.
[I 2025-08-04 21:46:53,181] Trial 83 finished with value: -0.9286829400536372 and parameters: {'learning_rate': 0.12239646861526292, 'num_leaves': 8, 'max_depth': 7, 'min_child_samples': 15, 'feature_fraction': 0.9058899234329245, 'bagging_fraction': 0.7720248842390873, 'reg_alpha': 1.462473240565974, 'reg_lambda': 0.09237077235391432}. Best is trial 47 with value: -0.9335925141942159.
[I 2025-08-04 21:46:56,457] Trial 84 finished with value: -0.9320197442626439 and parameters: {'learning_rate': 0.10729630909246536, 'num_leaves': 39, 'max_depth': 6, 'min_child_samples': 10, 'feature_fraction': 0.9598485660908723, 'bagging_fraction': 0.7074871957905918, 'reg_alpha': 2.9201533495352887, 'reg_lambda': 0.03947136230763612}. Best is trial 47 with value: -0.9335925141942159.
[I 2025-08-04 21:46:59,940] Trial 85 finished with value: -0.9283908542442652 and parameters: {'learning_rate': 0.10836125521482733, 'num_leaves': 36, 'max_depth': 5, 'min_child_samples': 27, 'feature_fraction': 0.9591240133460468, 'bagging_fraction': 0.7044687907635966, 'reg_alpha': 2.4925057492130515e-06, 'reg_lambda': 0.013184412476561082}. Best is trial 47 with value: -0.9335925141942159.
[I 2025-08-04 21:47:03,668] Trial 86 finished with value: -0.9314985803037761 and parameters: {'learning_rate': 0.08635899158858057, 'num_leaves': 23, 'max_depth': 6, 'min_child_samples': 18, 'feature_fraction': 0.9506140409796088, 'bagging_fraction': 0.741999783859552, 'reg_alpha': 3.0198884545850606, 'reg_lambda': 1.2626528393345318e-06}. Best is trial 47 with value: -0.9335925141942159.
[I 2025-08-04 21:47:07,289] Trial 87 finished with value: -0.9310542500456267 and parameters: {'learning_rate': 0.09494539040561079, 'num_leaves': 15, 'max_depth': 6, 'min_child_samples': 15, 'feature_fraction': 0.9293431522939762, 'bagging_fraction': 0.7189030486518848, 'reg_alpha': 0.8638092124267505, 'reg_lambda': 0.029207322861191667}. Best is trial 47 with value: -0.9335925141942159.
[I 2025-08-04 21:47:12,293] Trial 88 finished with value: -0.9309254904585689 and parameters: {'learning_rate': 0.0367063577048648, 'num_leaves': 19, 'max_depth': 8, 'min_child_samples': 13, 'feature_fraction': 0.965253737135232, 'bagging_fraction': 0.7615210569983083, 'reg_alpha': 5.57986892026944, 'reg_lambda': 0.9450843099785537}. Best is trial 47 with value: -0.9335925141942159.
[I 2025-08-04 21:47:15,966] Trial 89 finished with value: -0.9299032948014497 and parameters: {'learning_rate': 0.10500579185760546, 'num_leaves': 123, 'max_depth': 5, 'min_child_samples': 26, 'feature_fraction': 0.8147407729558737, 'bagging_fraction': 0.6813238866779256, 'reg_alpha': 0.0009198931625390137, 'reg_lambda': 0.04702329589109057}. Best is trial 47 with value: -0.9335925141942159.
[I 2025-08-04 21:47:20,813] Trial 90 finished with value: -0.9288456023109317 and parameters: {'learning_rate': 0.05070739507230711, 'num_leaves': 50, 'max_depth': 7, 'min_child_samples': 61, 'feature_fraction': 0.702541427325036, 'bagging_fraction': 0.7020590423401668, 'reg_alpha': 2.794340569329785, 'reg_lambda': 0.007434449342441043}. Best is trial 47 with value: -0.9335925141942159.
[I 2025-08-04 21:47:24,741] Trial 91 finished with value: -0.9287041233277373 and parameters: {'learning_rate': 0.11554856722848271, 'num_leaves': 42, 'max_depth': 7, 'min_child_samples': 10, 'feature_fraction': 0.6581187430045187, 'bagging_fraction': 0.7927197762450651, 'reg_alpha': 1.707230419945309, 'reg_lambda': 0.21818981294883752}. Best is trial 47 with value: -0.9335925141942159.
[I 2025-08-04 21:47:27,637] Trial 92 finished with value: -0.9291772965858204 and parameters: {'learning_rate': 0.1288161650726821, 'num_leaves': 26, 'max_depth': 6, 'min_child_samples': 41, 'feature_fraction': 0.6339648458577817, 'bagging_fraction': 0.8133551752559858, 'reg_alpha': 0.6023828168397007, 'reg_lambda': 0.07811456464915988}. Best is trial 47 with value: -0.9335925141942159.
[I 2025-08-04 21:47:32,148] Trial 93 finished with value: -0.9297675285449187 and parameters: {'learning_rate': 0.09040029233809642, 'num_leaves': 30, 'max_depth': 8, 'min_child_samples': 68, 'feature_fraction': 0.8421605296337805, 'bagging_fraction': 0.7769776763714452, 'reg_alpha': 7.054762043390045, 'reg_lambda': 0.03604369203160173}. Best is trial 47 with value: -0.9335925141942159.
[I 2025-08-04 21:47:34,717] Trial 94 finished with value: -0.9310893644626688 and parameters: {'learning_rate': 0.14355862588559856, 'num_leaves': 11, 'max_depth': 7, 'min_child_samples': 12, 'feature_fraction': 0.7977669148814016, 'bagging_fraction': 0.7264465465115658, 'reg_alpha': 1.1940386611686, 'reg_lambda': 0.01416828652036975}. Best is trial 47 with value: -0.9335925141942159.
[I 2025-08-04 21:47:37,052] Trial 95 finished with value: -0.929307773151303 and parameters: {'learning_rate': 0.1606007986552731, 'num_leaves': 21, 'max_depth': 7, 'min_child_samples': 10, 'feature_fraction': 0.7936946216749714, 'bagging_fraction': 0.7631972645621767, 'reg_alpha': 4.472980116309301, 'reg_lambda': 0.4744158377818043}. Best is trial 47 with value: -0.9335925141942159.
[I 2025-08-04 21:47:40,622] Trial 96 finished with value: -0.9305963745480588 and parameters: {'learning_rate': 0.11149477577714231, 'num_leaves': 38, 'max_depth': 6, 'min_child_samples': 16, 'feature_fraction': 0.8807168360479105, 'bagging_fraction': 0.7463105804593879, 'reg_alpha': 2.7154286850362164, 'reg_lambda': 0.003967601682423393}. Best is trial 47 with value: -0.9335925141942159.
[I 2025-08-04 21:47:45,444] Trial 97 finished with value: -0.9243223835514748 and parameters: {'learning_rate': 0.016269458536358902, 'num_leaves': 14, 'max_depth': 8, 'min_child_samples': 12, 'feature_fraction': 0.7172091731220495, 'bagging_fraction': 0.8295630921745443, 'reg_alpha': 3.221272679858322e-05, 'reg_lambda': 0.11539889117145455}. Best is trial 47 with value: -0.9335925141942159.
[I 2025-08-04 21:47:48,687] Trial 98 finished with value: -0.9313372052453055 and parameters: {'learning_rate': 0.12360574536698543, 'num_leaves': 26, 'max_depth': 7, 'min_child_samples': 20, 'feature_fraction': 0.7472705299680854, 'bagging_fraction': 0.8501878537607567, 'reg_alpha': 8.824432672805846, 'reg_lambda': 0.021692696076154035}. Best is trial 47 with value: -0.9335925141942159.
[I 2025-08-04 21:47:54,712] Trial 99 finished with value: -0.9258619367181893 and parameters: {'learning_rate': 0.08141260415072209, 'num_leaves': 204, 'max_depth': 9, 'min_child_samples': 14, 'feature_fraction': 0.9828347771300242, 'bagging_fraction': 0.7953181306202777, 'reg_alpha': 0.1412324418445226, 'reg_lambda': 0.16898009564421293}. Best is trial 47 with value: -0.9335925141942159.
[I 2025-08-04 21:47:58,595] Trial 100 finished with value: -0.9297331003495246 and parameters: {'learning_rate': 0.10173976967818292, 'num_leaves': 57, 'max_depth': 6, 'min_child_samples': 17, 'feature_fraction': 0.760918622608756, 'bagging_fraction': 0.7164839997710968, 'reg_alpha': 2.115378060977715, 'reg_lambda': 2.5789512757556157}. Best is trial 47 with value: -0.9335925141942159.
[I 2025-08-04 21:48:02,786] Trial 101 finished with value: -0.9293009226530984 and parameters: {'learning_rate': 0.08681774653714261, 'num_leaves': 100, 'max_depth': 6, 'min_child_samples': 18, 'feature_fraction': 0.953642638954028, 'bagging_fraction': 0.744075880736297, 'reg_alpha': 3.6434957534420036, 'reg_lambda': 1.1380958327791145e-06}. Best is trial 47 with value: -0.9335925141942159.
[I 2025-08-04 21:48:05,425] Trial 102 finished with value: -0.9282832885286668 and parameters: {'learning_rate': 0.1335459270465905, 'num_leaves': 23, 'max_depth': 6, 'min_child_samples': 12, 'feature_fraction': 0.9432740559905325, 'bagging_fraction': 0.6611123132913544, 'reg_alpha': 0.9577531828837389, 'reg_lambda': 0.29092911250580433}. Best is trial 47 with value: -0.9335925141942159.
[I 2025-08-04 21:48:09,186] Trial 103 finished with value: -0.9301468374072925 and parameters: {'learning_rate': 0.11686578874743389, 'num_leaves': 18, 'max_depth': 7, 'min_child_samples': 56, 'feature_fraction': 0.9672714720796443, 'bagging_fraction': 0.7553912024670405, 'reg_alpha': 6.135777942532418, 'reg_lambda': 5.319511199657163e-06}. Best is trial 47 with value: -0.9335925141942159.
[I 2025-08-04 21:48:14,779] Trial 104 finished with value: -0.9226676476362776 and parameters: {'learning_rate': 0.011118203949804705, 'num_leaves': 32, 'max_depth': 5, 'min_child_samples': 10, 'feature_fraction': 0.9291049277642037, 'bagging_fraction': 0.739189535859, 'reg_alpha': 2.1918956872168787, 'reg_lambda': 9.749311265805631e-05}. Best is trial 47 with value: -0.9335925141942159.
[I 2025-08-04 21:48:18,012] Trial 105 finished with value: -0.9303199282334681 and parameters: {'learning_rate': 0.07303975999370235, 'num_leaves': 11, 'max_depth': 7, 'min_child_samples': 15, 'feature_fraction': 0.9198324475449908, 'bagging_fraction': 0.7087900219179437, 'reg_alpha': 0.45007949030313354, 'reg_lambda': 3.3427210669033186e-05}. Best is trial 47 with value: -0.9335925141942159.
[I 2025-08-04 21:48:21,855] Trial 106 finished with value: -0.93070256656798 and parameters: {'learning_rate': 0.09616483187193142, 'num_leaves': 26, 'max_depth': 7, 'min_child_samples': 18, 'feature_fraction': 0.6081141264785268, 'bagging_fraction': 0.7839924984661079, 'reg_alpha': 3.9228656869300926, 'reg_lambda': 0.001004657121014039}. Best is trial 47 with value: -0.9335925141942159.
[I 2025-08-04 21:48:24,691] Trial 107 finished with value: -0.9268654070138999 and parameters: {'learning_rate': 0.1699127997506999, 'num_leaves': 44, 'max_depth': 6, 'min_child_samples': 12, 'feature_fraction': 0.9057093536175562, 'bagging_fraction': 0.7689803172897844, 'reg_alpha': 1.2701074775667776, 'reg_lambda': 0.0023402323551967837}. Best is trial 47 with value: -0.9335925141942159.
[I 2025-08-04 21:48:30,002] Trial 108 finished with value: -0.9294173326714903 and parameters: {'learning_rate': 0.08776852553254974, 'num_leaves': 182, 'max_depth': 8, 'min_child_samples': 14, 'feature_fraction': 0.6885265502244438, 'bagging_fraction': 0.6958847732869788, 'reg_alpha': 3.3282631627288595, 'reg_lambda': 0.7486890498952169}. Best is trial 47 with value: -0.9335925141942159.
[I 2025-08-04 21:48:32,758] Trial 109 finished with value: -0.9275108957105289 and parameters: {'learning_rate': 0.15291353346959338, 'num_leaves': 19, 'max_depth': 7, 'min_child_samples': 22, 'feature_fraction': 0.9988220130490056, 'bagging_fraction': 0.7273515802822238, 'reg_alpha': 9.92802154071222, 'reg_lambda': 1.2226102316754615e-08}. Best is trial 47 with value: -0.9335925141942159.
[I 2025-08-04 21:48:35,926] Trial 110 finished with value: -0.9313613643700714 and parameters: {'learning_rate': 0.13959763594471966, 'num_leaves': 85, 'max_depth': 6, 'min_child_samples': 11, 'feature_fraction': 0.9724094857308215, 'bagging_fraction': 0.8078050807077453, 'reg_alpha': 5.648655462436173, 'reg_lambda': 1.4434081859455554}. Best is trial 47 with value: -0.9335925141942159.
[I 2025-08-04 21:48:39,798] Trial 111 finished with value: -0.9317038181628327 and parameters: {'learning_rate': 0.10538805496053773, 'num_leaves': 30, 'max_depth': 7, 'min_child_samples': 10, 'feature_fraction': 0.8657632186546311, 'bagging_fraction': 0.7889001575694897, 'reg_alpha': 1.7394144222549495, 'reg_lambda': 0.12414414556762994}. Best is trial 47 with value: -0.9335925141942159.
[I 2025-08-04 21:48:44,341] Trial 112 finished with value: -0.9322519649129852 and parameters: {'learning_rate': 0.10816561784885793, 'num_leaves': 33, 'max_depth': 8, 'min_child_samples': 10, 'feature_fraction': 0.858697596230926, 'bagging_fraction': 0.8239463306309434, 'reg_alpha': 1.8689527835376318, 'reg_lambda': 1.3431570469165077e-07}. Best is trial 47 with value: -0.9335925141942159.
[I 2025-08-04 21:48:47,795] Trial 113 finished with value: -0.9313881568836647 and parameters: {'learning_rate': 0.12279798056273634, 'num_leaves': 33, 'max_depth': 8, 'min_child_samples': 10, 'feature_fraction': 0.855444209525309, 'bagging_fraction': 0.830924590857922, 'reg_alpha': 0.6406792131796256, 'reg_lambda': 0.09184771326205254}. Best is trial 47 with value: -0.9335925141942159.
[I 2025-08-04 21:48:51,787] Trial 114 finished with value: -0.9300929622943281 and parameters: {'learning_rate': 0.110399325226685, 'num_leaves': 38, 'max_depth': 9, 'min_child_samples': 14, 'feature_fraction': 0.8345188113867756, 'bagging_fraction': 0.8002616899426641, 'reg_alpha': 1.7590817509592147, 'reg_lambda': 1.481610035758484e-07}. Best is trial 47 with value: -0.9335925141942159.
[I 2025-08-04 21:48:54,785] Trial 115 finished with value: -0.9304040282287793 and parameters: {'learning_rate': 0.10389254585669927, 'num_leaves': 14, 'max_depth': 8, 'min_child_samples': 12, 'feature_fraction': 0.8180047699834928, 'bagging_fraction': 0.7822475468391794, 'reg_alpha': 1.0153122502208431, 'reg_lambda': 0.03917516135212321}. Best is trial 47 with value: -0.9335925141942159.
[I 2025-08-04 21:48:58,805] Trial 116 finished with value: -0.9293277539476031 and parameters: {'learning_rate': 0.1175084384576577, 'num_leaves': 29, 'max_depth': 7, 'min_child_samples': 16, 'feature_fraction': 0.8724838306442046, 'bagging_fraction': 0.8212792693487267, 'reg_alpha': 0.3012092897241138, 'reg_lambda': 0.06639708380359484}. Best is trial 47 with value: -0.9335925141942159.
[I 2025-08-04 21:49:02,017] Trial 117 finished with value: -0.9298419245667793 and parameters: {'learning_rate': 0.1278721289541258, 'num_leaves': 11, 'max_depth': 7, 'min_child_samples': 86, 'feature_fraction': 0.8657616644385624, 'bagging_fraction': 0.8088974296828956, 'reg_alpha': 0.0001950590563335355, 'reg_lambda': 0.17097747992433698}. Best is trial 47 with value: -0.9335925141942159.
[I 2025-08-04 21:49:07,002] Trial 118 finished with value: -0.9326557124264376 and parameters: {'learning_rate': 0.030555422481770966, 'num_leaves': 19, 'max_depth': 8, 'min_child_samples': 10, 'feature_fraction': 0.8866928173784201, 'bagging_fraction': 0.7713943514353409, 'reg_alpha': 0.006112701552660187, 'reg_lambda': 0.000471327098755175}. Best is trial 47 with value: -0.9335925141942159.
[I 2025-08-04 21:49:12,048] Trial 119 finished with value: -0.9309896554479309 and parameters: {'learning_rate': 0.032772400641311525, 'num_leaves': 19, 'max_depth': 9, 'min_child_samples': 14, 'feature_fraction': 0.8928779578860766, 'bagging_fraction': 0.876630173708171, 'reg_alpha': 0.0064556911427700635, 'reg_lambda': 0.0005076424777233899}. Best is trial 47 with value: -0.9335925141942159.
[I 2025-08-04 21:49:15,140] Trial 120 finished with value: -0.9266432347930879 and parameters: {'learning_rate': 0.0415332466159165, 'num_leaves': 9, 'max_depth': 8, 'min_child_samples': 20, 'feature_fraction': 0.8330258291392578, 'bagging_fraction': 0.8389972886567709, 'reg_alpha': 0.03378234736838146, 'reg_lambda': 0.018525545687256714}. Best is trial 47 with value: -0.9335925141942159.
[I 2025-08-04 21:49:20,897] Trial 121 finished with value: -0.9309569477165681 and parameters: {'learning_rate': 0.022457969301225462, 'num_leaves': 23, 'max_depth': 8, 'min_child_samples': 10, 'feature_fraction': 0.8501316194041657, 'bagging_fraction': 0.7553737621000733, 'reg_alpha': 0.00045788083278891495, 'reg_lambda': 0.01057579053759264}. Best is trial 47 with value: -0.9335925141942159.
[I 2025-08-04 21:49:28,200] Trial 122 finished with value: -0.9317363228013642 and parameters: {'learning_rate': 0.0208274972855635, 'num_leaves': 35, 'max_depth': 7, 'min_child_samples': 11, 'feature_fraction': 0.8839630227327128, 'bagging_fraction': 0.7722599398778462, 'reg_alpha': 2.0592017534267266, 'reg_lambda': 0.4334551636887732}. Best is trial 47 with value: -0.9335925141942159.
[I 2025-08-04 21:49:36,503] Trial 123 finished with value: -0.9297641000379142 and parameters: {'learning_rate': 0.022615057809344224, 'num_leaves': 42, 'max_depth': 8, 'min_child_samples': 12, 'feature_fraction': 0.8729856198383039, 'bagging_fraction': 0.7747263099751227, 'reg_alpha': 4.414041170184156, 'reg_lambda': 6.1452824213400685}. Best is trial 47 with value: -0.9335925141942159.
[I 2025-08-04 21:49:43,233] Trial 124 finished with value: -0.9309088885353338 and parameters: {'learning_rate': 0.029194485262953308, 'num_leaves': 36, 'max_depth': 7, 'min_child_samples': 16, 'feature_fraction': 0.8854862845476539, 'bagging_fraction': 0.73361135911499, 'reg_alpha': 2.527734121968921, 'reg_lambda': 0.46868397697733544}. Best is trial 47 with value: -0.9335925141942159.
[I 2025-08-04 21:49:46,380] Trial 125 finished with value: -0.9168408528192942 and parameters: {'learning_rate': 0.017793321213543975, 'num_leaves': 8, 'max_depth': 7, 'min_child_samples': 12, 'feature_fraction': 0.9054375391449175, 'bagging_fraction': 0.7649905903221501, 'reg_alpha': 6.850972018625532, 'reg_lambda': 1.0854001449168618e-05}. Best is trial 47 with value: -0.9335925141942159.
[I 2025-08-04 21:49:57,611] Trial 126 finished with value: -0.9281634594056397 and parameters: {'learning_rate': 0.024544034182905607, 'num_leaves': 256, 'max_depth': 8, 'min_child_samples': 14, 'feature_fraction': 0.9269479948393532, 'bagging_fraction': 0.7985475869248447, 'reg_alpha': 1.4652877036181635, 'reg_lambda': 0.3171318514074972}. Best is trial 47 with value: -0.9335925141942159.
[I 2025-08-04 21:50:02,337] Trial 127 finished with value: -0.9296725567170714 and parameters: {'learning_rate': 0.020981618286257837, 'num_leaves': 16, 'max_depth': 9, 'min_child_samples': 10, 'feature_fraction': 0.9418789481907781, 'bagging_fraction': 0.6880659523937335, 'reg_alpha': 0.6698827559114822, 'reg_lambda': 0.0003190365073170942}. Best is trial 47 with value: -0.9335925141942159.
[I 2025-08-04 21:50:12,613] Trial 128 finished with value: -0.9206326141146034 and parameters: {'learning_rate': 0.015021081368705402, 'num_leaves': 72, 'max_depth': 15, 'min_child_samples': 76, 'feature_fraction': 0.78815540720166, 'bagging_fraction': 0.7907831656795877, 'reg_alpha': 0.007492626855592249, 'reg_lambda': 0.61483118958676}. Best is trial 47 with value: -0.9335925141942159.
[I 2025-08-04 21:50:18,763] Trial 129 finished with value: -0.9287808126046795 and parameters: {'learning_rate': 0.09256561044365584, 'num_leaves': 94, 'max_depth': 7, 'min_child_samples': 13, 'feature_fraction': 0.8568079936592051, 'bagging_fraction': 0.7216112598156988, 'reg_alpha': 8.926337079907002e-06, 'reg_lambda': 2.9023912583177034}. Best is trial 47 with value: -0.9335925141942159.
[I 2025-08-04 21:50:27,610] Trial 130 finished with value: -0.9311035556048939 and parameters: {'learning_rate': 0.03222217452145805, 'num_leaves': 49, 'max_depth': 7, 'min_child_samples': 16, 'feature_fraction': 0.6637757653617176, 'bagging_fraction': 0.7464655576432583, 'reg_alpha': 6.240008247378574e-07, 'reg_lambda': 1.0746389794199647}. Best is trial 47 with value: -0.9335925141942159.
[I 2025-08-04 21:50:31,810] Trial 131 finished with value: -0.9310340394717066 and parameters: {'learning_rate': 0.10785522619551158, 'num_leaves': 27, 'max_depth': 7, 'min_child_samples': 10, 'feature_fraction': 0.8603106635325516, 'bagging_fraction': 0.773758360976164, 'reg_alpha': 5.159589945718969, 'reg_lambda': 0.2479767337010547}. Best is trial 47 with value: -0.9335925141942159.
[I 2025-08-04 21:50:38,472] Trial 132 finished with value: -0.9323135688092451 and parameters: {'learning_rate': 0.027911431617373268, 'num_leaves': 31, 'max_depth': 7, 'min_child_samples': 12, 'feature_fraction': 0.8441179644973799, 'bagging_fraction': 0.8252920858069093, 'reg_alpha': 2.4408491051765737, 'reg_lambda': 0.12262974252334746}. Best is trial 47 with value: -0.9335925141942159.
[I 2025-08-04 21:50:45,275] Trial 133 finished with value: -0.9323388183639487 and parameters: {'learning_rate': 0.027659486473172647, 'num_leaves': 31, 'max_depth': 8, 'min_child_samples': 12, 'feature_fraction': 0.8404157529360712, 'bagging_fraction': 0.7122041893278721, 'reg_alpha': 2.7391504904234165, 'reg_lambda': 0.07129676465396506}. Best is trial 47 with value: -0.9335925141942159.
[I 2025-08-04 21:50:52,497] Trial 134 finished with value: -0.9310086486867606 and parameters: {'learning_rate': 0.01902974744639056, 'num_leaves': 33, 'max_depth': 8, 'min_child_samples': 12, 'feature_fraction': 0.8218679383647145, 'bagging_fraction': 0.8512581865794983, 'reg_alpha': 2.5181217254048303, 'reg_lambda': 0.11377276181315917}. Best is trial 47 with value: -0.9335925141942159.
[I 2025-08-04 21:50:57,680] Trial 135 finished with value: -0.9305941594183444 and parameters: {'learning_rate': 0.027322323486530378, 'num_leaves': 20, 'max_depth': 8, 'min_child_samples': 14, 'feature_fraction': 0.8427832573590899, 'bagging_fraction': 0.8647437675288968, 'reg_alpha': 3.8901604295250474, 'reg_lambda': 0.02770452405789421}. Best is trial 47 with value: -0.9335925141942159.
