[I 2025-08-05 18:30:01,313] Trial 123 finished with value: -0.38805583420706713 and parameters: {'learning_rate': 0.02740893777678065, 'depth': 8, 'l2_leaf_reg': 9.99615848667766, 'border_count': 142}. Best is trial 17 with value: -0.392554523596341.
[I 2025-08-05 18:30:15,836] Trial 124 finished with value: -0.3862974102216036 and parameters: {'learning_rate': 0.022704016217297784, 'depth': 9, 'l2_leaf_reg': 5.299370628567689, 'border_count': 168}. Best is trial 17 with value: -0.392554523596341.
[I 2025-08-05 18:30:35,828] Trial 125 finished with value: -0.38613189858694846 and parameters: {'learning_rate': 0.03623623095861153, 'depth': 10, 'l2_leaf_reg': 7.1786226612023585, 'border_count': 112}. Best is trial 17 with value: -0.392554523596341.
[I 2025-08-05 18:30:42,936] Trial 126 finished with value: -0.38598511116608447 and parameters: {'learning_rate': 0.024131047274722484, 'depth': 7, 'l2_leaf_reg': 6.548144060626345, 'border_count': 158}. Best is trial 17 with value: -0.392554523596341.
[I 2025-08-05 18:30:53,554] Trial 127 finished with value: -0.38744384880009586 and parameters: {'learning_rate': 0.050538364097050856, 'depth': 9, 'l2_leaf_reg': 6.2980903711796605, 'border_count': 151}. Best is trial 17 with value: -0.392554523596341.
[I 2025-08-05 18:31:34,707] Trial 128 finished with value: -0.38942128850099217 and parameters: {'learning_rate': 0.039284307625629636, 'depth': 11, 'l2_leaf_reg': 5.616487144679822, 'border_count': 136}. Best is trial 17 with value: -0.392554523596341.
[I 2025-08-05 18:31:49,330] Trial 129 finished with value: -0.38765899868189496 and parameters: {'learning_rate': 0.02875252001794216, 'depth': 9, 'l2_leaf_reg': 5.9292300365490735, 'border_count': 162}. Best is trial 17 with value: -0.392554523596341.
[I 2025-08-05 18:32:13,407] Trial 130 finished with value: -0.3856191899024478 and parameters: {'learning_rate': 0.03064502601978782, 'depth': 10, 'l2_leaf_reg': 8.294447198357084, 'border_count': 123}. Best is trial 17 with value: -0.392554523596341.
[I 2025-08-05 18:33:34,282] Trial 131 finished with value: -0.3876044450555265 and parameters: {'learning_rate': 0.04022870844187405, 'depth': 12, 'l2_leaf_reg': 5.105681941458278, 'border_count': 139}. Best is trial 17 with value: -0.392554523596341.
[I 2025-08-05 18:34:09,650] Trial 132 finished with value: -0.38335298248094063 and parameters: {'learning_rate': 0.04555770946268561, 'depth': 11, 'l2_leaf_reg': 4.550398085003506, 'border_count': 131}. Best is trial 17 with value: -0.392554523596341.
[I 2025-08-05 18:34:51,255] Trial 133 finished with value: -0.38784077773624326 and parameters: {'learning_rate': 0.03407863382448819, 'depth': 11, 'l2_leaf_reg': 5.511977943735819, 'border_count': 134}. Best is trial 17 with value: -0.392554523596341.
[I 2025-08-05 18:35:16,577] Trial 134 finished with value: -0.3668890922443223 and parameters: {'learning_rate': 0.29866373378393146, 'depth': 12, 'l2_leaf_reg': 5.594556330476891, 'border_count': 143}. Best is trial 17 with value: -0.392554523596341.
[I 2025-08-05 18:35:20,481] Trial 135 finished with value: -0.38020170770679523 and parameters: {'learning_rate': 0.03880269850359399, 'depth': 5, 'l2_leaf_reg': 7.056940395244628, 'border_count': 154}. Best is trial 17 with value: -0.392554523596341.
[I 2025-08-05 18:35:38,705] Trial 136 finished with value: -0.38561928558734476 and parameters: {'learning_rate': 0.021198746316064707, 'depth': 11, 'l2_leaf_reg': 6.8169744453420575, 'border_count': 32}. Best is trial 17 with value: -0.392554523596341.
[I 2025-08-05 18:35:46,621] Trial 137 finished with value: -0.3699623878790713 and parameters: {'learning_rate': 0.15116081026577535, 'depth': 10, 'l2_leaf_reg': 3.2157143727148925, 'border_count': 179}. Best is trial 17 with value: -0.392554523596341.
[I 2025-08-05 18:36:05,189] Trial 138 finished with value: -0.3866088588332515 and parameters: {'learning_rate': 0.0254224187884613, 'depth': 10, 'l2_leaf_reg': 7.269643995826569, 'border_count': 75}. Best is trial 17 with value: -0.392554523596341.
[I 2025-08-05 18:36:55,127] Trial 139 finished with value: -0.38856318163155545 and parameters: {'learning_rate': 0.03591431646423872, 'depth': 11, 'l2_leaf_reg': 7.660390423606196, 'border_count': 149}. Best is trial 17 with value: -0.392554523596341.
[I 2025-08-05 18:37:24,977] Trial 140 finished with value: -0.3889835523745747 and parameters: {'learning_rate': 0.03265683221377616, 'depth': 10, 'l2_leaf_reg': 5.874926903057644, 'border_count': 223}. Best is trial 17 with value: -0.392554523596341.
[I 2025-08-05 18:37:55,783] Trial 141 finished with value: -0.38658498121715634 and parameters: {'learning_rate': 0.022500471381086067, 'depth': 10, 'l2_leaf_reg': 6.096132656007831, 'border_count': 165}. Best is trial 17 with value: -0.392554523596341.
[I 2025-08-05 18:38:25,475] Trial 142 finished with value: -0.3892167886372263 and parameters: {'learning_rate': 0.02711537708949034, 'depth': 10, 'l2_leaf_reg': 7.493228997365518, 'border_count': 160}. Best is trial 17 with value: -0.392554523596341.
[I 2025-08-05 18:39:25,861] Trial 143 finished with value: -0.38626638217874226 and parameters: {'learning_rate': 0.02445744820795937, 'depth': 11, 'l2_leaf_reg': 6.93952564981243, 'border_count': 174}. Best is trial 17 with value: -0.392554523596341.
[I 2025-08-05 18:39:52,828] Trial 144 finished with value: -0.3912154110819599 and parameters: {'learning_rate': 0.02908899049102916, 'depth': 10, 'l2_leaf_reg': 7.223549061484254, 'border_count': 167}. Best is trial 17 with value: -0.392554523596341.
[I 2025-08-05 18:40:24,115] Trial 145 finished with value: -0.3895522776007116 and parameters: {'learning_rate': 0.030120618055074735, 'depth': 10, 'l2_leaf_reg': 7.8879825567221, 'border_count': 190}. Best is trial 17 with value: -0.392554523596341.
[I 2025-08-05 18:40:52,545] Trial 146 finished with value: -0.3870054168524281 and parameters: {'learning_rate': 0.02937296672797856, 'depth': 10, 'l2_leaf_reg': 7.909298227975602, 'border_count': 184}. Best is trial 17 with value: -0.392554523596341.
[I 2025-08-05 18:41:01,551] Trial 147 finished with value: -0.3865914083638671 and parameters: {'learning_rate': 0.0314008209862038, 'depth': 8, 'l2_leaf_reg': 8.198432994189982, 'border_count': 189}. Best is trial 17 with value: -0.392554523596341.
[I 2025-08-05 18:41:33,211] Trial 148 finished with value: -0.386458296093501 and parameters: {'learning_rate': 0.027659106055210905, 'depth': 10, 'l2_leaf_reg': 7.263228734014302, 'border_count': 195}. Best is trial 17 with value: -0.392554523596341.
[I 2025-08-05 18:42:02,643] Trial 149 finished with value: -0.38686790302574803 and parameters: {'learning_rate': 0.025810128257969238, 'depth': 10, 'l2_leaf_reg': 7.806990288077225, 'border_count': 171}. Best is trial 17 with value: -0.392554523596341.
[I 2025-08-05 18:42:07,298] A new study created in memory with name: no-name-c002bdb8-abf3-4a8e-9c49-6442d78b2816
[I 2025-08-05 18:42:08,910] Trial 0 finished with value: -0.3753897946140961 and parameters: {'learning_rate': 0.030710573677773714, 'num_leaves': 244, 'max_depth': 12, 'min_child_samples': 64, 'feature_fraction': 0.5780093202212182, 'bagging_fraction': 0.5779972601681014, 'reg_alpha': 3.3323645788192616e-08, 'reg_lambda': 0.6245760287469893}. Best is trial 0 with value: -0.3753897946140961.
[I 2025-08-05 18:42:09,461] Trial 1 finished with value: -0.36283069448154703 and parameters: {'learning_rate': 0.06054365855469246, 'num_leaves': 184, 'max_depth': 3, 'min_child_samples': 98, 'feature_fraction': 0.9162213204002109, 'bagging_fraction': 0.6061695553391381, 'reg_alpha': 4.329370014459266e-07, 'reg_lambda': 4.4734294104626844e-07}. Best is trial 0 with value: -0.3753897946140961.
[I 2025-08-05 18:42:10,745] Trial 2 finished with value: -0.37370587906574804 and parameters: {'learning_rate': 0.024878734419814436, 'num_leaves': 138, 'max_depth': 8, 'min_child_samples': 36, 'feature_fraction': 0.8059264473611898, 'bagging_fraction': 0.569746930326021, 'reg_alpha': 4.258943089524393e-06, 'reg_lambda': 1.9826980964985924e-05}. Best is trial 0 with value: -0.3753897946140961.
[I 2025-08-05 18:42:11,484] Trial 3 finished with value: -0.3687684150791843 and parameters: {'learning_rate': 0.03920673972242137, 'num_leaves': 203, 'max_depth': 5, 'min_child_samples': 56, 'feature_fraction': 0.7962072844310213, 'bagging_fraction': 0.5232252063599989, 'reg_alpha': 0.0029369981104377003, 'reg_lambda': 3.425445902633376e-07}. Best is trial 0 with value: -0.3753897946140961.
[I 2025-08-05 18:42:13,991] Trial 4 finished with value: -0.37273963854586517 and parameters: {'learning_rate': 0.012151617026673379, 'num_leaves': 244, 'max_depth': 15, 'min_child_samples': 83, 'feature_fraction': 0.6523068845866853, 'bagging_fraction': 0.5488360570031919, 'reg_alpha': 0.014391207615728067, 'reg_lambda': 9.148975058772307e-05}. Best is trial 0 with value: -0.3753897946140961.
[I 2025-08-05 18:42:15,158] Trial 5 finished with value: -0.36388797423381486 and parameters: {'learning_rate': 0.014413697528610409, 'num_leaves': 131, 'max_depth': 3, 'min_child_samples': 92, 'feature_fraction': 0.6293899908000085, 'bagging_fraction': 0.831261142176991, 'reg_alpha': 6.388511557344611e-06, 'reg_lambda': 0.0004793052550782129}. Best is trial 0 with value: -0.3753897946140961.
[I 2025-08-05 18:42:16,143] Trial 6 finished with value: -0.3771570854873271 and parameters: {'learning_rate': 0.05143828405076928, 'num_leaves': 54, 'max_depth': 15, 'min_child_samples': 80, 'feature_fraction': 0.9697494707820946, 'bagging_fraction': 0.9474136752138245, 'reg_alpha': 0.002404915432737351, 'reg_lambda': 1.9809253750493907}. Best is trial 6 with value: -0.3771570854873271.
[I 2025-08-05 18:42:17,331] Trial 7 finished with value: -0.3637813133157222 and parameters: {'learning_rate': 0.01303561122512888, 'num_leaves': 56, 'max_depth': 3, 'min_child_samples': 39, 'feature_fraction': 0.6943386448447411, 'bagging_fraction': 0.6356745158869479, 'reg_alpha': 0.28749982347407854, 'reg_lambda': 1.6247252885719427e-05}. Best is trial 6 with value: -0.3771570854873271.
[I 2025-08-05 18:42:18,380] Trial 8 finished with value: -0.3714480501298571 and parameters: {'learning_rate': 0.023200867504756827, 'num_leaves': 143, 'max_depth': 4, 'min_child_samples': 82, 'feature_fraction': 0.5372753218398854, 'bagging_fraction': 0.9934434683002586, 'reg_alpha': 0.08916674715636537, 'reg_lambda': 6.143857495033091e-07}. Best is trial 6 with value: -0.3771570854873271.
[I 2025-08-05 18:42:21,164] Trial 9 finished with value: -0.37460132604230034 and parameters: {'learning_rate': 0.010166803740022877, 'num_leaves': 211, 'max_depth': 12, 'min_child_samples': 76, 'feature_fraction': 0.8856351733429728, 'bagging_fraction': 0.5370223258670452, 'reg_alpha': 1.683416412018213e-05, 'reg_lambda': 1.1036250149900698e-07}. Best is trial 6 with value: -0.3771570854873271.
[I 2025-08-05 18:42:21,686] Trial 10 finished with value: -0.36949848153695236 and parameters: {'learning_rate': 0.16917635629157515, 'num_leaves': 9, 'max_depth': 15, 'min_child_samples': 11, 'feature_fraction': 0.9919371080730972, 'bagging_fraction': 0.9538323976412588, 'reg_alpha': 4.344469108550396, 'reg_lambda': 6.178893500921428}. Best is trial 6 with value: -0.3771570854873271.
[I 2025-08-05 18:42:22,543] Trial 11 finished with value: -0.37618498538522954 and parameters: {'learning_rate': 0.06916991586734614, 'num_leaves': 84, 'max_depth': 12, 'min_child_samples': 63, 'feature_fraction': 0.5123526693065024, 'bagging_fraction': 0.7373700149333828, 'reg_alpha': 4.077391468444027e-08, 'reg_lambda': 3.602467050688373}. Best is trial 6 with value: -0.3771570854873271.
[I 2025-08-05 18:42:23,289] Trial 12 finished with value: -0.3745590721913696 and parameters: {'learning_rate': 0.0776318788877595, 'num_leaves': 68, 'max_depth': 12, 'min_child_samples': 68, 'feature_fraction': 0.7410047127517462, 'bagging_fraction': 0.7412611217277166, 'reg_alpha': 0.0001653282123997984, 'reg_lambda': 0.04303750200552889}. Best is trial 6 with value: -0.3771570854873271.
[I 2025-08-05 18:42:23,990] Trial 13 finished with value: -0.3681693769443884 and parameters: {'learning_rate': 0.1030491031460727, 'num_leaves': 74, 'max_depth': 10, 'min_child_samples': 44, 'feature_fraction': 0.990864652622508, 'bagging_fraction': 0.8304278626461433, 'reg_alpha': 1.0741482674311923e-08, 'reg_lambda': 0.016221457261966058}. Best is trial 6 with value: -0.3771570854873271.
[I 2025-08-05 18:42:24,817] Trial 14 finished with value: -0.371291776135283 and parameters: {'learning_rate': 0.05484650991094599, 'num_leaves': 22, 'max_depth': 14, 'min_child_samples': 53, 'feature_fraction': 0.5065701578589041, 'bagging_fraction': 0.7582426583781776, 'reg_alpha': 0.00044744916469555666, 'reg_lambda': 9.207736961357908}. Best is trial 6 with value: -0.3771570854873271.
[I 2025-08-05 18:42:25,546] Trial 15 finished with value: -0.3678337810589342 and parameters: {'learning_rate': 0.12178219527414726, 'num_leaves': 108, 'max_depth': 9, 'min_child_samples': 25, 'feature_fraction': 0.8705765955899738, 'bagging_fraction': 0.6924745509172271, 'reg_alpha': 2.919597813584135e-07, 'reg_lambda': 0.14184312049385903}. Best is trial 6 with value: -0.3771570854873271.
[I 2025-08-05 18:42:26,292] Trial 16 finished with value: -0.37303750099316024 and parameters: {'learning_rate': 0.08112800548442753, 'num_leaves': 98, 'max_depth': 13, 'min_child_samples': 69, 'feature_fraction': 0.7353633180161125, 'bagging_fraction': 0.8931545219308259, 'reg_alpha': 0.0007927681334771194, 'reg_lambda': 0.005691361824137166}. Best is trial 6 with value: -0.3771570854873271.
[I 2025-08-05 18:42:27,269] Trial 17 finished with value: -0.37233278208325093 and parameters: {'learning_rate': 0.04271985406828157, 'num_leaves': 41, 'max_depth': 10, 'min_child_samples': 56, 'feature_fraction': 0.5988931784281101, 'bagging_fraction': 0.8331992991671378, 'reg_alpha': 9.362980685090288e-05, 'reg_lambda': 0.5668530561601127}. Best is trial 6 with value: -0.3771570854873271.
[I 2025-08-05 18:42:27,749] Trial 18 finished with value: -0.36445685867000577 and parameters: {'learning_rate': 0.16827449065528377, 'num_leaves': 86, 'max_depth': 13, 'min_child_samples': 84, 'feature_fraction': 0.8214237152952776, 'bagging_fraction': 0.9069968527889158, 'reg_alpha': 9.523809667436613, 'reg_lambda': 0.0020222602671843134}. Best is trial 6 with value: -0.3771570854873271.
[I 2025-08-05 18:42:28,481] Trial 19 finished with value: -0.37394715874064965 and parameters: {'learning_rate': 0.0608386577641701, 'num_leaves': 41, 'max_depth': 7, 'min_child_samples': 74, 'feature_fraction': 0.9409297232753795, 'bagging_fraction': 0.6745519836646499, 'reg_alpha': 0.012448991695575087, 'reg_lambda': 1.1011406956052172}. Best is trial 6 with value: -0.3771570854873271.
[I 2025-08-05 18:42:29,599] Trial 20 finished with value: -0.37239794336337984 and parameters: {'learning_rate': 0.03307457821768994, 'num_leaves': 110, 'max_depth': 11, 'min_child_samples': 94, 'feature_fraction': 0.6505152466626335, 'bagging_fraction': 0.7710019007538126, 'reg_alpha': 1.1517603332498132e-06, 'reg_lambda': 0.08131727611381873}. Best is trial 6 with value: -0.3771570854873271.
[I 2025-08-05 18:42:31,167] Trial 21 finished with value: -0.3753067077497237 and parameters: {'learning_rate': 0.0272839044530764, 'num_leaves': 163, 'max_depth': 14, 'min_child_samples': 62, 'feature_fraction': 0.5736306798333981, 'bagging_fraction': 0.7050853791947314, 'reg_alpha': 1.3651831039275445e-08, 'reg_lambda': 1.0767673259374158}. Best is trial 6 with value: -0.3771570854873271.
[I 2025-08-05 18:42:33,029] Trial 22 finished with value: -0.3747710097569422 and parameters: {'learning_rate': 0.01984647910865896, 'num_leaves': 252, 'max_depth': 12, 'min_child_samples': 62, 'feature_fraction': 0.550726687289138, 'bagging_fraction': 0.6242933866914708, 'reg_alpha': 9.114144697754132e-08, 'reg_lambda': 0.3369697825090328}. Best is trial 6 with value: -0.3771570854873271.
[I 2025-08-05 18:42:34,287] Trial 23 finished with value: -0.37395667188458515 and parameters: {'learning_rate': 0.03427466277366038, 'num_leaves': 38, 'max_depth': 14, 'min_child_samples': 48, 'feature_fraction': 0.5942572915365154, 'bagging_fraction': 0.7940272276538385, 'reg_alpha': 6.189776343666488e-08, 'reg_lambda': 2.5544649607427528}. Best is trial 6 with value: -0.3771570854873271.
[I 2025-08-05 18:42:35,283] Trial 24 finished with value: -0.37286894570894 and parameters: {'learning_rate': 0.05086914479811271, 'num_leaves': 227, 'max_depth': 11, 'min_child_samples': 66, 'feature_fraction': 0.5125028387598817, 'bagging_fraction': 0.9036787212142235, 'reg_alpha': 2.8089508266239567e-05, 'reg_lambda': 8.979510276363522}. Best is trial 6 with value: -0.3771570854873271.
[I 2025-08-05 18:42:36,026] Trial 25 finished with value: -0.37061480767928884 and parameters: {'learning_rate': 0.09065457864737839, 'num_leaves': 164, 'max_depth': 13, 'min_child_samples': 75, 'feature_fraction': 0.6795348888537289, 'bagging_fraction': 0.5916786987346601, 'reg_alpha': 1.5145009361984525e-06, 'reg_lambda': 1.4984260363555144e-08}. Best is trial 6 with value: -0.3771570854873271.
[I 2025-08-05 18:42:37,529] Trial 26 finished with value: -0.37238070813241253 and parameters: {'learning_rate': 0.018388716872544925, 'num_leaves': 82, 'max_depth': 7, 'min_child_samples': 86, 'feature_fraction': 0.5500133587339106, 'bagging_fraction': 0.7184934342461644, 'reg_alpha': 0.002568442120100501, 'reg_lambda': 0.025642668958924805}. Best is trial 6 with value: -0.3771570854873271.
[I 2025-08-05 18:42:38,272] Trial 27 finished with value: -0.3742283939862188 and parameters: {'learning_rate': 0.0735618113844205, 'num_leaves': 55, 'max_depth': 11, 'min_child_samples': 61, 'feature_fraction': 0.6200714947944089, 'bagging_fraction': 0.6559032873370649, 'reg_alpha': 5.570907652570733e-08, 'reg_lambda': 0.22616183249685495}. Best is trial 6 with value: -0.3771570854873271.
[I 2025-08-05 18:42:38,961] Trial 28 finished with value: -0.37344825293890876 and parameters: {'learning_rate': 0.12833421588230168, 'num_leaves': 115, 'max_depth': 15, 'min_child_samples': 76, 'feature_fraction': 0.6925833286699146, 'bagging_fraction': 0.9954888318934101, 'reg_alpha': 0.2850837587297831, 'reg_lambda': 1.8697428543863892}. Best is trial 6 with value: -0.3771570854873271.
[I 2025-08-05 18:42:39,888] Trial 29 finished with value: -0.3759153143187936 and parameters: {'learning_rate': 0.05773880310436543, 'num_leaves': 194, 'max_depth': 9, 'min_child_samples': 98, 'feature_fraction': 0.9466439146886472, 'bagging_fraction': 0.5013635728721908, 'reg_alpha': 3.043938196474693e-07, 'reg_lambda': 0.009327579955292337}. Best is trial 6 with value: -0.3771570854873271.
[I 2025-08-05 18:42:40,788] Trial 30 finished with value: -0.3744483340599963 and parameters: {'learning_rate': 0.04429664901182597, 'num_leaves': 167, 'max_depth': 9, 'min_child_samples': 94, 'feature_fraction': 0.9656118250018491, 'bagging_fraction': 0.5088871925540099, 'reg_alpha': 2.0325271925810961e-07, 'reg_lambda': 0.0014140915068769782}. Best is trial 6 with value: -0.3771570854873271.
[I 2025-08-05 18:42:41,637] Trial 31 finished with value: -0.37511726223828046 and parameters: {'learning_rate': 0.057116896485214626, 'num_leaves': 192, 'max_depth': 8, 'min_child_samples': 89, 'feature_fraction': 0.9040767307303658, 'bagging_fraction': 0.5938241184019404, 'reg_alpha': 7.970724606358874e-07, 'reg_lambda': 0.008341024441952475}. Best is trial 6 with value: -0.3771570854873271.
[I 2025-08-05 18:42:42,487] Trial 32 finished with value: -0.37508679791986704 and parameters: {'learning_rate': 0.0665377625563212, 'num_leaves': 232, 'max_depth': 10, 'min_child_samples': 98, 'feature_fraction': 0.8479370129439808, 'bagging_fraction': 0.5718483132468063, 'reg_alpha': 2.735226109395271e-08, 'reg_lambda': 0.11559398345516102}. Best is trial 6 with value: -0.3771570854873271.
[I 2025-08-05 18:42:43,686] Trial 33 finished with value: -0.37415897058468484 and parameters: {'learning_rate': 0.03315769151763737, 'num_leaves': 213, 'max_depth': 8, 'min_child_samples': 81, 'feature_fraction': 0.9334554428005234, 'bagging_fraction': 0.5516769716275587, 'reg_alpha': 2.485056270781598e-07, 'reg_lambda': 3.0832301836018328}. Best is trial 6 with value: -0.3771570854873271.
[I 2025-08-05 18:42:44,425] Trial 34 finished with value: -0.3730350540149553 and parameters: {'learning_rate': 0.048254059140196356, 'num_leaves': 188, 'max_depth': 6, 'min_child_samples': 100, 'feature_fraction': 0.782059737020208, 'bagging_fraction': 0.5005958786716447, 'reg_alpha': 2.8531488180806046e-06, 'reg_lambda': 0.3527067338181995}. Best is trial 6 with value: -0.3771570854873271.
[I 2025-08-05 18:42:45,571] Trial 35 finished with value: -0.3758183395012088 and parameters: {'learning_rate': 0.03858586389697502, 'num_leaves': 229, 'max_depth': 9, 'min_child_samples': 49, 'feature_fraction': 0.9438919321363888, 'bagging_fraction': 0.8567069358345403, 'reg_alpha': 1.457786178529654e-05, 'reg_lambda': 4.774127651300796e-05}. Best is trial 6 with value: -0.3771570854873271.
[I 2025-08-05 18:42:46,775] Trial 36 finished with value: -0.367978012827898 and parameters: {'learning_rate': 0.04119562834878582, 'num_leaves': 226, 'max_depth': 9, 'min_child_samples': 27, 'feature_fraction': 0.9485225254209876, 'bagging_fraction': 0.9446713041292545, 'reg_alpha': 2.595683518020655e-05, 'reg_lambda': 2.8199875051992592e-05}. Best is trial 6 with value: -0.3771570854873271.
[I 2025-08-05 18:42:47,397] Trial 37 finished with value: -0.3746095682660804 and parameters: {'learning_rate': 0.10065366730499624, 'num_leaves': 150, 'max_depth': 8, 'min_child_samples': 51, 'feature_fraction': 0.9025544357424381, 'bagging_fraction': 0.8565795808189244, 'reg_alpha': 6.220670073336869e-06, 'reg_lambda': 4.376504968483133e-05}. Best is trial 6 with value: -0.3771570854873271.
