[I 2025-08-05 18:44:09,922] Trial 93 finished with value: -0.37751340787533544 and parameters: {'learning_rate': 0.058006693428746973, 'num_leaves': 24, 'max_depth': 15, 'min_child_samples': 68, 'feature_fraction': 0.7409580066320787, 'bagging_fraction': 0.8002587539392312, 'reg_alpha': 0.7177885973163933, 'reg_lambda': 2.2350899402898604e-05}. Best is trial 76 with value: -0.3780862354908613.
[I 2025-08-05 18:44:10,642] Trial 94 finished with value: -0.3733521523793133 and parameters: {'learning_rate': 0.0641447588700549, 'num_leaves': 12, 'max_depth': 14, 'min_child_samples': 70, 'feature_fraction': 0.7398149709968587, 'bagging_fraction': 0.8077793494328025, 'reg_alpha': 0.6818583937533593, 'reg_lambda': 8.379191483059778e-05}. Best is trial 76 with value: -0.3780862354908613.
[I 2025-08-05 18:44:11,675] Trial 95 finished with value: -0.3760305978529004 and parameters: {'learning_rate': 0.05747679199384326, 'num_leaves': 29, 'max_depth': 15, 'min_child_samples': 56, 'feature_fraction': 0.7550648586359394, 'bagging_fraction': 0.8229602456975366, 'reg_alpha': 1.2496818520044708, 'reg_lambda': 3.0317893811658785e-05}. Best is trial 76 with value: -0.3780862354908613.
[I 2025-08-05 18:44:12,771] Trial 96 finished with value: -0.37301489176938857 and parameters: {'learning_rate': 0.04024094406171783, 'num_leaves': 22, 'max_depth': 15, 'min_child_samples': 74, 'feature_fraction': 0.7698225928393712, 'bagging_fraction': 0.6463518641996956, 'reg_alpha': 0.13041036923626553, 'reg_lambda': 0.00012390007336327498}. Best is trial 76 with value: -0.3780862354908613.
[I 2025-08-05 18:44:13,608] Trial 97 finished with value: -0.37365739967302264 and parameters: {'learning_rate': 0.08274664356412753, 'num_leaves': 93, 'max_depth': 14, 'min_child_samples': 66, 'feature_fraction': 0.7026449987784591, 'bagging_fraction': 0.797668473723748, 'reg_alpha': 0.35814400041821826, 'reg_lambda': 2.0390141444787272e-05}. Best is trial 76 with value: -0.3780862354908613.
[I 2025-08-05 18:44:14,591] Trial 98 finished with value: -0.3738022783622844 and parameters: {'learning_rate': 0.056970308249045115, 'num_leaves': 23, 'max_depth': 15, 'min_child_samples': 77, 'feature_fraction': 0.8332080639519727, 'bagging_fraction': 0.8603513780703592, 'reg_alpha': 3.364099955908541, 'reg_lambda': 0.0010361691995298408}. Best is trial 76 with value: -0.3780862354908613.
[I 2025-08-05 18:44:15,618] Trial 99 finished with value: -0.3709693104846985 and parameters: {'learning_rate': 0.04983191936868141, 'num_leaves': 105, 'max_depth': 14, 'min_child_samples': 82, 'feature_fraction': 0.7632459623408856, 'bagging_fraction': 0.6837639971561694, 'reg_alpha': 1.2534732239193493, 'reg_lambda': 0.00030387287581285785}. Best is trial 76 with value: -0.3780862354908613.
[I 2025-08-05 18:44:16,568] Trial 100 finished with value: -0.37123795150216427 and parameters: {'learning_rate': 0.07269405399025997, 'num_leaves': 60, 'max_depth': 15, 'min_child_samples': 68, 'feature_fraction': 0.8572153980719799, 'bagging_fraction': 0.786113589180448, 'reg_alpha': 5.781159069011095, 'reg_lambda': 6.560509844653911e-05}. Best is trial 76 with value: -0.3780862354908613.
[I 2025-08-05 18:44:18,416] Trial 101 finished with value: -0.3761913846708398 and parameters: {'learning_rate': 0.016938718994794055, 'num_leaves': 65, 'max_depth': 9, 'min_child_samples': 63, 'feature_fraction': 0.808678621070715, 'bagging_fraction': 0.7252436750139196, 'reg_alpha': 0.0006279925189708907, 'reg_lambda': 5.585870485652065e-06}. Best is trial 76 with value: -0.3780862354908613.
[I 2025-08-05 18:44:20,611] Trial 102 finished with value: -0.37052433068812507 and parameters: {'learning_rate': 0.017598124637753426, 'num_leaves': 43, 'max_depth': 15, 'min_child_samples': 17, 'feature_fraction': 0.9388888207988713, 'bagging_fraction': 0.7014087275582012, 'reg_alpha': 0.001487532119250641, 'reg_lambda': 5.109065229055666e-07}. Best is trial 76 with value: -0.3780862354908613.
[I 2025-08-05 18:44:21,375] Trial 103 finished with value: -0.3762118833913548 and parameters: {'learning_rate': 0.06619716770501503, 'num_leaves': 51, 'max_depth': 9, 'min_child_samples': 59, 'feature_fraction': 0.8787223243319678, 'bagging_fraction': 0.7400662168914701, 'reg_alpha': 0.0017656714084076238, 'reg_lambda': 9.13568241357167e-06}. Best is trial 76 with value: -0.3780862354908613.
[I 2025-08-05 18:44:22,867] Trial 104 finished with value: -0.3761325900294168 and parameters: {'learning_rate': 0.024783033806217932, 'num_leaves': 88, 'max_depth': 14, 'min_child_samples': 69, 'feature_fraction': 0.7441393212098505, 'bagging_fraction': 0.7649199242077128, 'reg_alpha': 0.013471749482123825, 'reg_lambda': 2.8752420644471497e-06}. Best is trial 76 with value: -0.3780862354908613.
[I 2025-08-05 18:44:25,233] Trial 105 finished with value: -0.37701444369452775 and parameters: {'learning_rate': 0.015805703300039196, 'num_leaves': 234, 'max_depth': 15, 'min_child_samples': 62, 'feature_fraction': 0.7922804706006089, 'bagging_fraction': 0.8106127595894883, 'reg_alpha': 0.010563940561622623, 'reg_lambda': 3.3427210669033186e-05}. Best is trial 76 with value: -0.3780862354908613.
[I 2025-08-05 18:44:27,588] Trial 106 finished with value: -0.37532674025869517 and parameters: {'learning_rate': 0.015324014130297702, 'num_leaves': 232, 'max_depth': 15, 'min_child_samples': 66, 'feature_fraction': 0.7900636556584582, 'bagging_fraction': 0.8334577675491959, 'reg_alpha': 0.009957311168058411, 'reg_lambda': 3.7946981131375693e-05}. Best is trial 76 with value: -0.3780862354908613.
[I 2025-08-05 18:44:30,511] Trial 107 finished with value: -0.37883060756583875 and parameters: {'learning_rate': 0.011595645346859803, 'num_leaves': 114, 'max_depth': 15, 'min_child_samples': 61, 'feature_fraction': 0.7786051286692286, 'bagging_fraction': 0.8736020521198906, 'reg_alpha': 0.4777340917171173, 'reg_lambda': 0.0004929258644587612}. Best is trial 107 with value: -0.37883060756583875.
[I 2025-08-05 18:44:33,350] Trial 108 finished with value: -0.3764101080188552 and parameters: {'learning_rate': 0.011321044189183258, 'num_leaves': 119, 'max_depth': 13, 'min_child_samples': 57, 'feature_fraction': 0.7254672680114372, 'bagging_fraction': 0.8861261415852792, 'reg_alpha': 0.3306199409261376, 'reg_lambda': 0.0002216861974409424}. Best is trial 107 with value: -0.37883060756583875.
[I 2025-08-05 18:44:36,053] Trial 109 finished with value: -0.3766360355455392 and parameters: {'learning_rate': 0.012772905399977897, 'num_leaves': 241, 'max_depth': 14, 'min_child_samples': 60, 'feature_fraction': 0.7774683225770423, 'bagging_fraction': 0.872314792675529, 'reg_alpha': 0.025211097462192678, 'reg_lambda': 0.02767065194018781}. Best is trial 107 with value: -0.37883060756583875.
[I 2025-08-05 18:44:38,566] Trial 110 finished with value: -0.3760197717558916 and parameters: {'learning_rate': 0.013985697762891327, 'num_leaves': 100, 'max_depth': 15, 'min_child_samples': 72, 'feature_fraction': 0.8669999981479602, 'bagging_fraction': 0.8134944473138679, 'reg_alpha': 0.1525392112420032, 'reg_lambda': 0.0001288555690712639}. Best is trial 107 with value: -0.37883060756583875.
[I 2025-08-05 18:44:41,082] Trial 111 finished with value: -0.3780075121933125 and parameters: {'learning_rate': 0.016027761581384168, 'num_leaves': 250, 'max_depth': 15, 'min_child_samples': 61, 'feature_fraction': 0.8248839247275499, 'bagging_fraction': 0.8385049943948528, 'reg_alpha': 1.1891938106249265, 'reg_lambda': 7.841105714271139e-05}. Best is trial 107 with value: -0.37883060756583875.
[I 2025-08-05 18:44:43,480] Trial 112 finished with value: -0.37631577575814046 and parameters: {'learning_rate': 0.015752010570948497, 'num_leaves': 256, 'max_depth': 15, 'min_child_samples': 61, 'feature_fraction': 0.8260742570649624, 'bagging_fraction': 0.8960764521861426, 'reg_alpha': 0.480680466847543, 'reg_lambda': 0.00044448634996160756}. Best is trial 107 with value: -0.37883060756583875.
[I 2025-08-05 18:44:45,783] Trial 113 finished with value: -0.37425751765896875 and parameters: {'learning_rate': 0.019404104340742637, 'num_leaves': 237, 'max_depth': 14, 'min_child_samples': 52, 'feature_fraction': 0.8440623175536702, 'bagging_fraction': 0.8392314734825814, 'reg_alpha': 2.192575276082551, 'reg_lambda': 1.9157427580035753e-05}. Best is trial 107 with value: -0.37883060756583875.
[I 2025-08-05 18:44:49,034] Trial 114 finished with value: -0.3761263455963131 and parameters: {'learning_rate': 0.010164797642607006, 'num_leaves': 249, 'max_depth': 15, 'min_child_samples': 65, 'feature_fraction': 0.7827599389640689, 'bagging_fraction': 0.8501285958934716, 'reg_alpha': 1.5008273909793075e-05, 'reg_lambda': 8.634724461361322e-05}. Best is trial 107 with value: -0.37883060756583875.
[I 2025-08-05 18:44:49,733] Trial 115 finished with value: -0.3714046432424699 and parameters: {'learning_rate': 0.19720485258888784, 'num_leaves': 251, 'max_depth': 15, 'min_child_samples': 58, 'feature_fraction': 0.8040614247080314, 'bagging_fraction': 0.8265050706038839, 'reg_alpha': 0.017742934700028884, 'reg_lambda': 3.80073397037711e-05}. Best is trial 107 with value: -0.37883060756583875.
[I 2025-08-05 18:44:52,389] Trial 116 finished with value: -0.37400211049592746 and parameters: {'learning_rate': 0.012146340087041832, 'num_leaves': 227, 'max_depth': 14, 'min_child_samples': 55, 'feature_fraction': 0.8187800161510509, 'bagging_fraction': 0.7942722352592939, 'reg_alpha': 1.4956134554997068e-08, 'reg_lambda': 1.133312659811048e-05}. Best is trial 107 with value: -0.37883060756583875.
[I 2025-08-05 18:44:54,526] Trial 117 finished with value: -0.37564141571427834 and parameters: {'learning_rate': 0.016279442283817922, 'num_leaves': 221, 'max_depth': 15, 'min_child_samples': 68, 'feature_fraction': 0.7674150733092494, 'bagging_fraction': 0.8155013643395408, 'reg_alpha': 0.0036552485114284775, 'reg_lambda': 2.3122627040856904e-05}. Best is trial 107 with value: -0.37883060756583875.
[I 2025-08-05 18:44:56,445] Trial 118 finished with value: -0.3790857700504716 and parameters: {'learning_rate': 0.02067276298567349, 'num_leaves': 234, 'max_depth': 14, 'min_child_samples': 61, 'feature_fraction': 0.8419565672255138, 'bagging_fraction': 0.8615151466144517, 'reg_alpha': 0.23744285762860545, 'reg_lambda': 0.0554318415281263}. Best is trial 118 with value: -0.3790857700504716.
[I 2025-08-05 18:44:58,309] Trial 119 finished with value: -0.37723141816465344 and parameters: {'learning_rate': 0.02080304976448287, 'num_leaves': 233, 'max_depth': 14, 'min_child_samples': 62, 'feature_fraction': 0.8084705908182418, 'bagging_fraction': 0.8616726203157732, 'reg_alpha': 0.22523141554698237, 'reg_lambda': 0.09327771026544131}. Best is trial 118 with value: -0.3790857700504716.
[I 2025-08-05 18:44:59,599] Trial 120 finished with value: -0.37278705530562123 and parameters: {'learning_rate': 0.02080966234551002, 'num_leaves': 16, 'max_depth': 13, 'min_child_samples': 58, 'feature_fraction': 0.8372780771820865, 'bagging_fraction': 0.8606825389284402, 'reg_alpha': 0.24292806900635502, 'reg_lambda': 1.2323331976821212}. Best is trial 118 with value: -0.3790857700504716.
[I 2025-08-05 18:45:02,069] Trial 121 finished with value: -0.37815667871914027 and parameters: {'learning_rate': 0.017915588815326934, 'num_leaves': 233, 'max_depth': 14, 'min_child_samples': 61, 'feature_fraction': 0.8097172566985759, 'bagging_fraction': 0.8660688695837552, 'reg_alpha': 0.11418098163599676, 'reg_lambda': 0.25468337725840173}. Best is trial 118 with value: -0.3790857700504716.
[I 2025-08-05 18:45:04,543] Trial 122 finished with value: -0.3751390228263608 and parameters: {'learning_rate': 0.014488962289721484, 'num_leaves': 240, 'max_depth': 14, 'min_child_samples': 60, 'feature_fraction': 0.80829660667619, 'bagging_fraction': 0.9121801633277611, 'reg_alpha': 0.11522006905131238, 'reg_lambda': 0.07820804327362002}. Best is trial 118 with value: -0.3790857700504716.
[I 2025-08-05 18:45:06,808] Trial 123 finished with value: -0.37675585370953485 and parameters: {'learning_rate': 0.01842348741065267, 'num_leaves': 246, 'max_depth': 14, 'min_child_samples': 67, 'feature_fraction': 0.8116501619411531, 'bagging_fraction': 0.8963813806570713, 'reg_alpha': 0.2331359755921449, 'reg_lambda': 4.747938704759808}. Best is trial 118 with value: -0.3790857700504716.
[I 2025-08-05 18:45:08,918] Trial 124 finished with value: -0.3779386789106489 and parameters: {'learning_rate': 0.018123185603071513, 'num_leaves': 132, 'max_depth': 14, 'min_child_samples': 61, 'feature_fraction': 0.8254986841202706, 'bagging_fraction': 0.8749201694762414, 'reg_alpha': 0.42186997096400086, 'reg_lambda': 0.4871005621880035}. Best is trial 118 with value: -0.3790857700504716.
[I 2025-08-05 18:45:10,789] Trial 125 finished with value: -0.3764893900809156 and parameters: {'learning_rate': 0.01911194767297325, 'num_leaves': 131, 'max_depth': 13, 'min_child_samples': 55, 'feature_fraction': 0.8295916350940986, 'bagging_fraction': 0.8714582073591133, 'reg_alpha': 0.4531978805351955, 'reg_lambda': 0.395849298519087}. Best is trial 118 with value: -0.3790857700504716.
[I 2025-08-05 18:45:12,583] Trial 126 finished with value: -0.37692006373076564 and parameters: {'learning_rate': 0.020968863955854473, 'num_leaves': 136, 'max_depth': 14, 'min_child_samples': 62, 'feature_fraction': 0.7764467559216589, 'bagging_fraction': 0.8881492711561424, 'reg_alpha': 0.8605034098428667, 'reg_lambda': 0.22406814281319412}. Best is trial 118 with value: -0.3790857700504716.
[I 2025-08-05 18:45:14,420] Trial 127 finished with value: -0.3762068588439734 and parameters: {'learning_rate': 0.021882347866368418, 'num_leaves': 115, 'max_depth': 14, 'min_child_samples': 50, 'feature_fraction': 0.8182992283308173, 'bagging_fraction': 0.9226913416024509, 'reg_alpha': 0.05622494970533591, 'reg_lambda': 0.6258917385012734}. Best is trial 118 with value: -0.3790857700504716.
[I 2025-08-05 18:45:15,857] Trial 128 finished with value: -0.37676170869002 and parameters: {'learning_rate': 0.02866931941871432, 'num_leaves': 38, 'max_depth': 15, 'min_child_samples': 64, 'feature_fraction': 0.7874511560377666, 'bagging_fraction': 0.8673683333157544, 'reg_alpha': 0.08799727030001689, 'reg_lambda': 0.06135637277724056}. Best is trial 118 with value: -0.3790857700504716.
[I 2025-08-05 18:45:18,115] Trial 129 finished with value: -0.37609176950961665 and parameters: {'learning_rate': 0.017913473476183932, 'num_leaves': 77, 'max_depth': 14, 'min_child_samples': 53, 'feature_fraction': 0.800114323748655, 'bagging_fraction': 0.8525983320624139, 'reg_alpha': 0.1691739992808146, 'reg_lambda': 1.5416880350446835}. Best is trial 118 with value: -0.3790857700504716.
[I 2025-08-05 18:45:19,878] Trial 130 finished with value: -0.37654729806855214 and parameters: {'learning_rate': 0.023315425878448717, 'num_leaves': 148, 'max_depth': 15, 'min_child_samples': 59, 'feature_fraction': 0.7503762507116737, 'bagging_fraction': 0.8780877273143842, 'reg_alpha': 1.638935526354224, 'reg_lambda': 0.11871123334071734}. Best is trial 118 with value: -0.3790857700504716.
[I 2025-08-05 18:45:21,870] Trial 131 finished with value: -0.37938395163064437 and parameters: {'learning_rate': 0.02013377656171136, 'num_leaves': 159, 'max_depth': 15, 'min_child_samples': 61, 'feature_fraction': 0.8451145350830436, 'bagging_fraction': 0.8379712112519223, 'reg_alpha': 0.5426902685434405, 'reg_lambda': 0.7750488021663446}. Best is trial 131 with value: -0.37938395163064437.
[I 2025-08-05 18:45:23,824] Trial 132 finished with value: -0.3784281337593747 and parameters: {'learning_rate': 0.020467444541808936, 'num_leaves': 156, 'max_depth': 15, 'min_child_samples': 61, 'feature_fraction': 0.8482403991837251, 'bagging_fraction': 0.9427124825752294, 'reg_alpha': 0.5025982734053785, 'reg_lambda': 0.7731207265370359}. Best is trial 131 with value: -0.37938395163064437.
[I 2025-08-05 18:45:25,982] Trial 133 finished with value: -0.3778437139083941 and parameters: {'learning_rate': 0.01991404575394197, 'num_leaves': 163, 'max_depth': 15, 'min_child_samples': 61, 'feature_fraction': 0.8453276122308213, 'bagging_fraction': 0.8411673158577255, 'reg_alpha': 0.5456640055267045, 'reg_lambda': 0.6720643526998236}. Best is trial 131 with value: -0.37938395163064437.
[I 2025-08-05 18:45:27,849] Trial 134 finished with value: -0.37645227103665696 and parameters: {'learning_rate': 0.019791843975812965, 'num_leaves': 158, 'max_depth': 15, 'min_child_samples': 56, 'feature_fraction': 0.849431655689168, 'bagging_fraction': 0.8426148570088094, 'reg_alpha': 0.5338321170948013, 'reg_lambda': 0.5843472356443781}. Best is trial 131 with value: -0.37938395163064437.
[I 2025-08-05 18:45:29,512] Trial 135 finished with value: -0.37733451808896323 and parameters: {'learning_rate': 0.02574592562263901, 'num_leaves': 168, 'max_depth': 15, 'min_child_samples': 60, 'feature_fraction': 0.8258999360922954, 'bagging_fraction': 0.9804641677863342, 'reg_alpha': 0.8344757297767933, 'reg_lambda': 0.18991688911576365}. Best is trial 131 with value: -0.37938395163064437.
[I 2025-08-05 18:45:31,559] Trial 136 finished with value: -0.37408748884167725 and parameters: {'learning_rate': 0.02235888957306645, 'num_leaves': 158, 'max_depth': 15, 'min_child_samples': 60, 'feature_fraction': 0.837877531557956, 'bagging_fraction': 0.9820491114841903, 'reg_alpha': 3.0327846968447365, 'reg_lambda': 0.23907780057470207}. Best is trial 131 with value: -0.37938395163064437.
[I 2025-08-05 18:45:33,195] Trial 137 finished with value: -0.3757135700234821 and parameters: {'learning_rate': 0.02600525336987869, 'num_leaves': 162, 'max_depth': 15, 'min_child_samples': 57, 'feature_fraction': 0.8592089247833531, 'bagging_fraction': 0.9581838874841754, 'reg_alpha': 0.9281148169650586, 'reg_lambda': 0.6960928700546792}. Best is trial 131 with value: -0.37938395163064437.
[I 2025-08-05 18:45:35,283] Trial 138 finished with value: -0.3773710386749386 and parameters: {'learning_rate': 0.01831086110952102, 'num_leaves': 174, 'max_depth': 15, 'min_child_samples': 64, 'feature_fraction': 0.8274232535600928, 'bagging_fraction': 0.8376156144856578, 'reg_alpha': 0.3959245645213101, 'reg_lambda': 0.9432946289636022}. Best is trial 131 with value: -0.37938395163064437.
[I 2025-08-05 18:45:37,433] Trial 139 finished with value: -0.3756376948393362 and parameters: {'learning_rate': 0.01791723905560797, 'num_leaves': 179, 'max_depth': 15, 'min_child_samples': 65, 'feature_fraction': 0.848124803506544, 'bagging_fraction': 0.8375720059478925, 'reg_alpha': 0.3980621441192401, 'reg_lambda': 2.184447161296405}. Best is trial 131 with value: -0.37938395163064437.
[I 2025-08-05 18:45:40,004] Trial 140 finished with value: -0.37654609294605956 and parameters: {'learning_rate': 0.016609166373270798, 'num_leaves': 174, 'max_depth': 14, 'min_child_samples': 67, 'feature_fraction': 0.8256499184697371, 'bagging_fraction': 0.8561387501352458, 'reg_alpha': 1.5172799968564612, 'reg_lambda': 1.1522971119558483}. Best is trial 131 with value: -0.37938395163064437.
[I 2025-08-05 18:45:41,976] Trial 141 finished with value: -0.3769755868853645 and parameters: {'learning_rate': 0.01986176682295558, 'num_leaves': 186, 'max_depth': 15, 'min_child_samples': 63, 'feature_fraction': 0.837943500372294, 'bagging_fraction': 0.8496311253521333, 'reg_alpha': 0.5874853181973222, 'reg_lambda': 0.38666407793451785}. Best is trial 131 with value: -0.37938395163064437.
[I 2025-08-05 18:45:43,714] Trial 142 finished with value: -0.375995272597809 and parameters: {'learning_rate': 0.02390951230310838, 'num_leaves': 170, 'max_depth': 15, 'min_child_samples': 60, 'feature_fraction': 0.8247669286172339, 'bagging_fraction': 0.9907537531128419, 'reg_alpha': 0.34801976757732456, 'reg_lambda': 0.20811819474336732}. Best is trial 131 with value: -0.37938395163064437.
[I 2025-08-05 18:45:45,588] Trial 143 finished with value: -0.375177711986135 and parameters: {'learning_rate': 0.028128196312201686, 'num_leaves': 166, 'max_depth': 15, 'min_child_samples': 65, 'feature_fraction': 0.8685407319323314, 'bagging_fraction': 0.9034948295509536, 'reg_alpha': 4.500502039787951, 'reg_lambda': 0.7066197088133176}. Best is trial 131 with value: -0.37938395163064437.
[I 2025-08-05 18:45:47,857] Trial 144 finished with value: -0.37529084591490863 and parameters: {'learning_rate': 0.018611923245285756, 'num_leaves': 153, 'max_depth': 15, 'min_child_samples': 58, 'feature_fraction': 0.8164409556405423, 'bagging_fraction': 0.5480570021168897, 'reg_alpha': 0.8459272262656578, 'reg_lambda': 4.246030298391505}. Best is trial 131 with value: -0.37938395163064437.
[I 2025-08-05 18:45:50,181] Trial 145 finished with value: -0.37861484393064065 and parameters: {'learning_rate': 0.017171064424374553, 'num_leaves': 172, 'max_depth': 15, 'min_child_samples': 64, 'feature_fraction': 0.8436356965340336, 'bagging_fraction': 0.9446266340649057, 'reg_alpha': 1.140799911227478, 'reg_lambda': 2.6668623944341534}. Best is trial 131 with value: -0.37938395163064437.
[I 2025-08-05 18:45:52,770] Trial 146 finished with value: -0.3756795001104659 and parameters: {'learning_rate': 0.014863706900887372, 'num_leaves': 145, 'max_depth': 14, 'min_child_samples': 69, 'feature_fraction': 0.8530177877239425, 'bagging_fraction': 0.9392266197062873, 'reg_alpha': 1.9144048866209302, 'reg_lambda': 1.7286371403084606}. Best is trial 131 with value: -0.37938395163064437.
[I 2025-08-05 18:45:55,172] Trial 147 finished with value: -0.3783807186039209 and parameters: {'learning_rate': 0.01699705962394955, 'num_leaves': 172, 'max_depth': 15, 'min_child_samples': 64, 'feature_fraction': 0.8417420275416087, 'bagging_fraction': 0.8233512901671021, 'reg_alpha': 1.2113100030750303, 'reg_lambda': 0.9216999671287971}. Best is trial 131 with value: -0.37938395163064437.
