[I 2025-08-03 03:38:49,815] Trial 189 finished with value: -0.939253016692071 and parameters: {'learning_rate': 0.0968953071837954, 'depth': 6, 'l2_leaf_reg': 1.9545118836446864, 'border_count': 151}. Best is trial 158 with value: -0.9402104811575211.
[I 2025-08-03 03:39:20,031] Trial 190 finished with value: -0.9391709893719474 and parameters: {'learning_rate': 0.09817783938086216, 'depth': 6, 'l2_leaf_reg': 2.3341865652213802, 'border_count': 150}. Best is trial 158 with value: -0.9402104811575211.
[I 2025-08-03 03:39:49,183] Trial 191 finished with value: -0.9382471967311982 and parameters: {'learning_rate': 0.09756325366738876, 'depth': 6, 'l2_leaf_reg': 2.384284944111192, 'border_count': 148}. Best is trial 158 with value: -0.9402104811575211.
[I 2025-08-03 03:40:20,003] Trial 192 finished with value: -0.9387951629949358 and parameters: {'learning_rate': 0.10705179027078135, 'depth': 6, 'l2_leaf_reg': 2.7493337713664743, 'border_count': 151}. Best is trial 158 with value: -0.9402104811575211.
[I 2025-08-03 03:40:48,431] Trial 193 finished with value: -0.9373443597910761 and parameters: {'learning_rate': 0.1159948754983274, 'depth': 6, 'l2_leaf_reg': 1.972075128804353, 'border_count': 144}. Best is trial 158 with value: -0.9402104811575211.
[I 2025-08-03 03:41:15,819] Trial 194 finished with value: -0.9370647201402895 and parameters: {'learning_rate': 0.12441821525614183, 'depth': 6, 'l2_leaf_reg': 2.281544738110227, 'border_count': 137}. Best is trial 158 with value: -0.9402104811575211.
[I 2025-08-03 03:41:46,897] Trial 195 finished with value: -0.9401498713310066 and parameters: {'learning_rate': 0.09537461886986859, 'depth': 6, 'l2_leaf_reg': 2.1332464462359284, 'border_count': 156}. Best is trial 158 with value: -0.9402104811575211.
[I 2025-08-03 03:42:17,592] Trial 196 finished with value: -0.939009969299562 and parameters: {'learning_rate': 0.0984055447482144, 'depth': 6, 'l2_leaf_reg': 2.1351917271043925, 'border_count': 157}. Best is trial 158 with value: -0.9402104811575211.
[I 2025-08-03 03:42:46,372] Trial 197 finished with value: -0.9376653673081067 and parameters: {'learning_rate': 0.0988824105823868, 'depth': 6, 'l2_leaf_reg': 2.454840399774713, 'border_count': 152}. Best is trial 158 with value: -0.9402104811575211.
[I 2025-08-03 03:43:16,243] Trial 198 finished with value: -0.9381472862796031 and parameters: {'learning_rate': 0.09145253813304043, 'depth': 6, 'l2_leaf_reg': 2.9546279590609004, 'border_count': 159}. Best is trial 158 with value: -0.9402104811575211.
[I 2025-08-03 03:43:41,818] Trial 199 finished with value: -0.9375003258142521 and parameters: {'learning_rate': 0.10960306455102406, 'depth': 5, 'l2_leaf_reg': 1.970718894912627, 'border_count': 167}. Best is trial 158 with value: -0.9402104811575211.
[I 2025-08-03 03:44:16,108] Trial 200 finished with value: -0.9377607234491835 and parameters: {'learning_rate': 0.10128474925628307, 'depth': 7, 'l2_leaf_reg': 2.269186975741395, 'border_count': 150}. Best is trial 158 with value: -0.9402104811575211.
[I 2025-08-03 03:44:48,205] Trial 201 finished with value: -0.9387816613923767 and parameters: {'learning_rate': 0.09495750897299729, 'depth': 6, 'l2_leaf_reg': 2.005094764252937, 'border_count': 158}. Best is trial 158 with value: -0.9402104811575211.
[I 2025-08-03 03:45:19,972] Trial 202 finished with value: -0.9390551276534328 and parameters: {'learning_rate': 0.10319082158566625, 'depth': 6, 'l2_leaf_reg': 2.2220396023626123, 'border_count': 157}. Best is trial 158 with value: -0.9402104811575211.
[I 2025-08-03 03:45:49,327] Trial 203 finished with value: -0.9381372763329898 and parameters: {'learning_rate': 0.10650535399787664, 'depth': 6, 'l2_leaf_reg': 2.640361556126541, 'border_count': 147}. Best is trial 158 with value: -0.9402104811575211.
[I 2025-08-03 03:46:19,633] Trial 204 finished with value: -0.9379291890266396 and parameters: {'learning_rate': 0.11611151901559254, 'depth': 6, 'l2_leaf_reg': 2.1925783210142433, 'border_count': 154}. Best is trial 158 with value: -0.9402104811575211.
[I 2025-08-03 03:46:51,744] Trial 205 finished with value: -0.9380687200995524 and parameters: {'learning_rate': 0.08730384717510364, 'depth': 6, 'l2_leaf_reg': 2.3948131660938343, 'border_count': 163}. Best is trial 158 with value: -0.9402104811575211.
[I 2025-08-03 03:47:23,237] Trial 206 finished with value: -0.9397323862455925 and parameters: {'learning_rate': 0.08417772917057066, 'depth': 6, 'l2_leaf_reg': 1.8753003359509894, 'border_count': 145}. Best is trial 158 with value: -0.9402104811575211.
[I 2025-08-03 03:47:53,987] Trial 207 finished with value: -0.9384076449991304 and parameters: {'learning_rate': 0.08412247508488067, 'depth': 6, 'l2_leaf_reg': 1.88391035586478, 'border_count': 153}. Best is trial 158 with value: -0.9402104811575211.
[I 2025-08-03 03:48:24,605] Trial 208 finished with value: -0.9386718909526721 and parameters: {'learning_rate': 0.10303606075320049, 'depth': 6, 'l2_leaf_reg': 1.7216927769805983, 'border_count': 162}. Best is trial 158 with value: -0.9402104811575211.
[I 2025-08-03 03:50:05,075] Trial 209 finished with value: -0.9276802225630564 and parameters: {'learning_rate': 0.09065658723354522, 'depth': 10, 'l2_leaf_reg': 1.5748018826351657, 'border_count': 175}. Best is trial 158 with value: -0.9402104811575211.
[I 2025-08-03 03:50:35,711] Trial 210 finished with value: -0.9391536911003473 and parameters: {'learning_rate': 0.0956320017950343, 'depth': 6, 'l2_leaf_reg': 2.1061670470420104, 'border_count': 148}. Best is trial 158 with value: -0.9402104811575211.
[I 2025-08-03 03:51:07,286] Trial 211 finished with value: -0.9387061423646103 and parameters: {'learning_rate': 0.09744291726757572, 'depth': 6, 'l2_leaf_reg': 2.149741113054868, 'border_count': 146}. Best is trial 158 with value: -0.9402104811575211.
[I 2025-08-03 03:51:38,853] Trial 212 finished with value: -0.9397638893658293 and parameters: {'learning_rate': 0.09144946196176745, 'depth': 6, 'l2_leaf_reg': 1.892898246442302, 'border_count': 156}. Best is trial 158 with value: -0.9402104811575211.
[I 2025-08-03 03:52:11,844] Trial 213 finished with value: -0.9387247302192011 and parameters: {'learning_rate': 0.08402152863268969, 'depth': 6, 'l2_leaf_reg': 1.9007782218379012, 'border_count': 152}. Best is trial 158 with value: -0.9402104811575211.
[I 2025-08-03 03:52:43,952] Trial 214 finished with value: -0.9394266412857275 and parameters: {'learning_rate': 0.09253813332622045, 'depth': 6, 'l2_leaf_reg': 1.6857105832977723, 'border_count': 148}. Best is trial 158 with value: -0.9402104811575211.
[I 2025-08-03 03:53:13,827] Trial 215 finished with value: -0.937496582978957 and parameters: {'learning_rate': 0.09159757374456035, 'depth': 6, 'l2_leaf_reg': 1.6554492718066638, 'border_count': 141}. Best is trial 158 with value: -0.9402104811575211.
[I 2025-08-03 03:53:46,078] Trial 216 finished with value: -0.9392657597287627 and parameters: {'learning_rate': 0.0862204119158551, 'depth': 6, 'l2_leaf_reg': 1.8247791611513209, 'border_count': 149}. Best is trial 158 with value: -0.9402104811575211.
[I 2025-08-03 03:54:17,815] Trial 217 finished with value: -0.9396108442293797 and parameters: {'learning_rate': 0.08186021446093332, 'depth': 6, 'l2_leaf_reg': 1.4564143424929938, 'border_count': 147}. Best is trial 158 with value: -0.9402104811575211.
[I 2025-08-03 03:59:02,338] Trial 218 finished with value: -0.9111722990031108 and parameters: {'learning_rate': 0.08222654165342895, 'depth': 12, 'l2_leaf_reg': 1.5154927173156023, 'border_count': 145}. Best is trial 158 with value: -0.9402104811575211.
[I 2025-08-03 03:59:33,333] Trial 219 finished with value: -0.9393631973562084 and parameters: {'learning_rate': 0.08649174285240019, 'depth': 6, 'l2_leaf_reg': 1.2741764479570363, 'border_count': 141}. Best is trial 158 with value: -0.9402104811575211.
[I 2025-08-03 04:00:05,556] Trial 220 finished with value: -0.9398754722532847 and parameters: {'learning_rate': 0.08714116701708317, 'depth': 6, 'l2_leaf_reg': 1.1495554883580903, 'border_count': 139}. Best is trial 158 with value: -0.9402104811575211.
[I 2025-08-03 04:00:37,362] Trial 221 finished with value: -0.9387215068802705 and parameters: {'learning_rate': 0.08831747660771874, 'depth': 6, 'l2_leaf_reg': 1.2207293383013105, 'border_count': 140}. Best is trial 158 with value: -0.9402104811575211.
[I 2025-08-03 04:01:09,344] Trial 222 finished with value: -0.9387021465139863 and parameters: {'learning_rate': 0.08606963820152823, 'depth': 6, 'l2_leaf_reg': 1.1492178310601635, 'border_count': 140}. Best is trial 158 with value: -0.9402104811575211.
[I 2025-08-03 04:01:40,807] Trial 223 finished with value: -0.9392582329142324 and parameters: {'learning_rate': 0.08978249332413625, 'depth': 6, 'l2_leaf_reg': 1.328633962276852, 'border_count': 145}. Best is trial 158 with value: -0.9402104811575211.
[I 2025-08-03 04:02:11,883] Trial 224 finished with value: -0.9397650719024718 and parameters: {'learning_rate': 0.09118645481041762, 'depth': 6, 'l2_leaf_reg': 1.3564432803468651, 'border_count': 147}. Best is trial 158 with value: -0.9402104811575211.
[I 2025-08-03 04:02:44,357] Trial 225 finished with value: -0.9387074657633285 and parameters: {'learning_rate': 0.08967791758713362, 'depth': 6, 'l2_leaf_reg': 1.2869707594955058, 'border_count': 144}. Best is trial 158 with value: -0.9402104811575211.
[I 2025-08-03 04:03:15,167] Trial 226 finished with value: -0.9392774147339152 and parameters: {'learning_rate': 0.09162526640843906, 'depth': 6, 'l2_leaf_reg': 1.005161318693493, 'border_count': 147}. Best is trial 158 with value: -0.9402104811575211.
[I 2025-08-03 04:03:44,834] Trial 227 finished with value: -0.9380044868835945 and parameters: {'learning_rate': 0.09244551760324567, 'depth': 6, 'l2_leaf_reg': 1.0014063178634258, 'border_count': 147}. Best is trial 158 with value: -0.9402104811575211.
[I 2025-08-03 04:04:15,374] Trial 228 finished with value: -0.9386542667385976 and parameters: {'learning_rate': 0.08564472571984358, 'depth': 6, 'l2_leaf_reg': 1.2085849484350224, 'border_count': 142}. Best is trial 158 with value: -0.9402104811575211.
[I 2025-08-03 04:04:45,591] Trial 229 finished with value: -0.9385164183113133 and parameters: {'learning_rate': 0.09217252674358464, 'depth': 6, 'l2_leaf_reg': 1.3746198976912507, 'border_count': 155}. Best is trial 158 with value: -0.9402104811575211.
[I 2025-08-03 04:05:16,501] Trial 230 finished with value: -0.9387197989543312 and parameters: {'learning_rate': 0.08474066982101175, 'depth': 6, 'l2_leaf_reg': 1.5146634524876286, 'border_count': 137}. Best is trial 158 with value: -0.9402104811575211.
[I 2025-08-03 04:05:47,999] Trial 231 finished with value: -0.9387372810479754 and parameters: {'learning_rate': 0.09141393088047632, 'depth': 6, 'l2_leaf_reg': 1.1277188121962165, 'border_count': 150}. Best is trial 158 with value: -0.9402104811575211.
[I 2025-08-03 04:06:20,844] Trial 232 finished with value: -0.9390069541403129 and parameters: {'learning_rate': 0.08084946603409433, 'depth': 6, 'l2_leaf_reg': 1.3967365245023355, 'border_count': 146}. Best is trial 158 with value: -0.9402104811575211.
[I 2025-08-03 04:06:52,757] Trial 233 finished with value: -0.9387825414683972 and parameters: {'learning_rate': 0.10976902578768746, 'depth': 6, 'l2_leaf_reg': 1.675037435355394, 'border_count': 152}. Best is trial 158 with value: -0.9402104811575211.
[I 2025-08-03 04:07:24,823] Trial 234 finished with value: -0.9384814936715583 and parameters: {'learning_rate': 0.08343648148449291, 'depth': 6, 'l2_leaf_reg': 1.2279092161177776, 'border_count': 153}. Best is trial 158 with value: -0.9402104811575211.
[I 2025-08-03 04:07:53,820] Trial 235 finished with value: -0.9388909105361154 and parameters: {'learning_rate': 0.09407331468985862, 'depth': 6, 'l2_leaf_reg': 1.481271260789748, 'border_count': 148}. Best is trial 158 with value: -0.9402104811575211.
[I 2025-08-03 04:08:25,734] Trial 236 finished with value: -0.9412786767017213 and parameters: {'learning_rate': 0.1025246337934536, 'depth': 6, 'l2_leaf_reg': 1.773971571026084, 'border_count': 156}. Best is trial 236 with value: -0.9412786767017213.
[I 2025-08-03 04:08:58,160] Trial 237 finished with value: -0.939649638157805 and parameters: {'learning_rate': 0.10341484338391237, 'depth': 6, 'l2_leaf_reg': 1.6536246892336317, 'border_count': 160}. Best is trial 236 with value: -0.9412786767017213.
[I 2025-08-03 04:09:28,793] Trial 238 finished with value: -0.9382049929550226 and parameters: {'learning_rate': 0.10506509761912035, 'depth': 6, 'l2_leaf_reg': 1.6633156007492016, 'border_count': 160}. Best is trial 236 with value: -0.9412786767017213.
[I 2025-08-03 04:10:01,150] Trial 239 finished with value: -0.9391027317352985 and parameters: {'learning_rate': 0.10393203102072793, 'depth': 6, 'l2_leaf_reg': 1.787347193993675, 'border_count': 159}. Best is trial 236 with value: -0.9412786767017213.
[I 2025-08-03 04:10:33,753] Trial 240 finished with value: -0.9389469497986009 and parameters: {'learning_rate': 0.0870826406368553, 'depth': 6, 'l2_leaf_reg': 1.360592138670192, 'border_count': 165}. Best is trial 236 with value: -0.9412786767017213.
[I 2025-08-03 04:11:04,492] Trial 241 finished with value: -0.9387160006795315 and parameters: {'learning_rate': 0.11216543481973039, 'depth': 6, 'l2_leaf_reg': 1.8175294079768198, 'border_count': 155}. Best is trial 236 with value: -0.9412786767017213.
[I 2025-08-03 04:11:35,150] Trial 242 finished with value: -0.9392922568105836 and parameters: {'learning_rate': 0.09877580283359887, 'depth': 6, 'l2_leaf_reg': 1.5651637448557973, 'border_count': 156}. Best is trial 236 with value: -0.9412786767017213.
[I 2025-08-03 04:12:06,993] Trial 243 finished with value: -0.9385873230888393 and parameters: {'learning_rate': 0.09758473943793433, 'depth': 6, 'l2_leaf_reg': 1.5441929010854367, 'border_count': 160}. Best is trial 236 with value: -0.9412786767017213.
[I 2025-08-03 04:12:36,294] Trial 244 finished with value: -0.9374414566872715 and parameters: {'learning_rate': 0.10092876391859194, 'depth': 6, 'l2_leaf_reg': 1.029508648274144, 'border_count': 64}. Best is trial 236 with value: -0.9412786767017213.
[I 2025-08-03 04:13:07,969] Trial 245 finished with value: -0.9396055463452253 and parameters: {'learning_rate': 0.08959320552726438, 'depth': 6, 'l2_leaf_reg': 1.3941205245433907, 'border_count': 156}. Best is trial 236 with value: -0.9412786767017213.
[I 2025-08-03 04:13:38,448] Trial 246 finished with value: -0.9393670511807815 and parameters: {'learning_rate': 0.11280441398954254, 'depth': 6, 'l2_leaf_reg': 1.5604741368386474, 'border_count': 157}. Best is trial 236 with value: -0.9412786767017213.
[I 2025-08-03 04:14:09,154] Trial 247 finished with value: -0.9376193800550183 and parameters: {'learning_rate': 0.11787660739046482, 'depth': 6, 'l2_leaf_reg': 1.5707950125984187, 'border_count': 156}. Best is trial 236 with value: -0.9412786767017213.
[I 2025-08-03 04:14:40,055] Trial 248 finished with value: -0.9382567743210537 and parameters: {'learning_rate': 0.10913674897213145, 'depth': 6, 'l2_leaf_reg': 1.2044006733313328, 'border_count': 163}. Best is trial 236 with value: -0.9412786767017213.
[I 2025-08-03 04:15:12,811] Trial 249 finished with value: -0.9386937004970919 and parameters: {'learning_rate': 0.10026746792280425, 'depth': 6, 'l2_leaf_reg': 1.4438509530871957, 'border_count': 167}. Best is trial 236 with value: -0.9412786767017213.
[I 2025-08-03 04:15:42,414] Trial 250 finished with value: -0.9377787102826965 and parameters: {'learning_rate': 0.11376122655680204, 'depth': 6, 'l2_leaf_reg': 1.6165882917833467, 'border_count': 158}. Best is trial 236 with value: -0.9412786767017213.
[I 2025-08-03 04:16:11,342] Trial 251 finished with value: -0.9382113111962564 and parameters: {'learning_rate': 0.12653796197677392, 'depth': 6, 'l2_leaf_reg': 1.3373259290133477, 'border_count': 162}. Best is trial 236 with value: -0.9412786767017213.
[I 2025-08-03 04:16:43,308] Trial 252 finished with value: -0.9391562034366726 and parameters: {'learning_rate': 0.10511406849103974, 'depth': 6, 'l2_leaf_reg': 1.678025177086577, 'border_count': 155}. Best is trial 236 with value: -0.9412786767017213.
[I 2025-08-03 04:17:14,535] Trial 253 finished with value: -0.9398281287875264 and parameters: {'learning_rate': 0.09575445601217199, 'depth': 6, 'l2_leaf_reg': 1.1870676446058521, 'border_count': 159}. Best is trial 236 with value: -0.9412786767017213.
[I 2025-08-03 04:17:47,822] Trial 254 finished with value: -0.9391589446834916 and parameters: {'learning_rate': 0.0820891392513839, 'depth': 6, 'l2_leaf_reg': 1.1238059849229385, 'border_count': 168}. Best is trial 236 with value: -0.9412786767017213.
[I 2025-08-03 04:18:20,959] Trial 255 finished with value: -0.9386389244233849 and parameters: {'learning_rate': 0.09570490691718157, 'depth': 6, 'l2_leaf_reg': 1.435511257582529, 'border_count': 160}. Best is trial 236 with value: -0.9412786767017213.
[I 2025-08-03 04:21:24,448] Trial 256 finished with value: -0.9194774541530332 and parameters: {'learning_rate': 0.09290079278328006, 'depth': 11, 'l2_leaf_reg': 1.209809852671246, 'border_count': 164}. Best is trial 236 with value: -0.9412786767017213.
[I 2025-08-03 04:21:56,717] Trial 257 finished with value: -0.9390155633115326 and parameters: {'learning_rate': 0.07092140387620126, 'depth': 6, 'l2_leaf_reg': 1.355669628421853, 'border_count': 156}. Best is trial 236 with value: -0.9412786767017213.
[I 2025-08-03 04:22:29,352] Trial 258 finished with value: -0.9392213387467602 and parameters: {'learning_rate': 0.08951382370040485, 'depth': 6, 'l2_leaf_reg': 1.6134559863610178, 'border_count': 158}. Best is trial 236 with value: -0.9412786767017213.
[I 2025-08-03 04:23:00,608] Trial 259 finished with value: -0.9391780354829512 and parameters: {'learning_rate': 0.09587852549945065, 'depth': 6, 'l2_leaf_reg': 1.0251512927482367, 'border_count': 153}. Best is trial 236 with value: -0.9412786767017213.
[I 2025-08-03 04:23:32,495] Trial 260 finished with value: -0.9386921812604265 and parameters: {'learning_rate': 0.08235419161823311, 'depth': 6, 'l2_leaf_reg': 1.520184203307227, 'border_count': 159}. Best is trial 236 with value: -0.9412786767017213.
[I 2025-08-03 04:24:02,174] Trial 261 finished with value: -0.9384323881357093 and parameters: {'learning_rate': 0.12037756555811388, 'depth': 6, 'l2_leaf_reg': 1.2382801583787555, 'border_count': 162}. Best is trial 236 with value: -0.9412786767017213.
[I 2025-08-03 04:24:34,058] Trial 262 finished with value: -0.937802599337753 and parameters: {'learning_rate': 0.0800204122625871, 'depth': 6, 'l2_leaf_reg': 1.808133617019609, 'border_count': 153}. Best is trial 236 with value: -0.9412786767017213.
[I 2025-08-03 04:25:04,186] Trial 263 finished with value: -0.9384208701406023 and parameters: {'learning_rate': 0.1083785719637819, 'depth': 6, 'l2_leaf_reg': 1.481676581284904, 'border_count': 155}. Best is trial 236 with value: -0.9412786767017213.
[I 2025-08-03 04:25:36,547] Trial 264 finished with value: -0.939235115931628 and parameters: {'learning_rate': 0.08908828598071196, 'depth': 6, 'l2_leaf_reg': 1.0006148954705063, 'border_count': 166}. Best is trial 236 with value: -0.9412786767017213.
[I 2025-08-03 04:26:08,519] Trial 265 finished with value: -0.937343135591095 and parameters: {'learning_rate': 0.0733210106250208, 'depth': 6, 'l2_leaf_reg': 1.7440178849332018, 'border_count': 144}. Best is trial 236 with value: -0.9412786767017213.
[I 2025-08-03 04:26:38,167] Trial 266 finished with value: -0.9387687743519157 and parameters: {'learning_rate': 0.09789295938374604, 'depth': 6, 'l2_leaf_reg': 1.3120805005592553, 'border_count': 161}. Best is trial 236 with value: -0.9412786767017213.
[I 2025-08-03 04:27:10,023] Trial 267 finished with value: -0.9389051471479756 and parameters: {'learning_rate': 0.0872620967648909, 'depth': 6, 'l2_leaf_reg': 1.6662651193821716, 'border_count': 170}. Best is trial 236 with value: -0.9412786767017213.
[I 2025-08-03 04:27:41,431] Trial 268 finished with value: -0.9402222265689036 and parameters: {'learning_rate': 0.10318286129129182, 'depth': 6, 'l2_leaf_reg': 1.186238503274638, 'border_count': 148}. Best is trial 236 with value: -0.9412786767017213.
[I 2025-08-03 04:28:12,777] Trial 269 finished with value: -0.9383940693109623 and parameters: {'learning_rate': 0.10931689809625858, 'depth': 6, 'l2_leaf_reg': 1.470415678999579, 'border_count': 154}. Best is trial 236 with value: -0.9412786767017213.
[I 2025-08-03 04:28:44,600] Trial 270 finished with value: -0.938145139054731 and parameters: {'learning_rate': 0.10131942306202028, 'depth': 6, 'l2_leaf_reg': 1.8302399123031834, 'border_count': 139}. Best is trial 236 with value: -0.9412786767017213.
[I 2025-08-03 04:29:16,544] Trial 271 finished with value: -0.9385294212876657 and parameters: {'learning_rate': 0.11200091845337022, 'depth': 6, 'l2_leaf_reg': 1.2572398300158907, 'border_count': 150}. Best is trial 236 with value: -0.9412786767017213.
[I 2025-08-03 04:29:49,292] Trial 272 finished with value: -0.9391261715699308 and parameters: {'learning_rate': 0.06722086945699504, 'depth': 6, 'l2_leaf_reg': 1.5591716812821927, 'border_count': 158}. Best is trial 236 with value: -0.9412786767017213.
[I 2025-08-03 04:30:19,022] Trial 273 finished with value: -0.9376418052637825 and parameters: {'learning_rate': 0.07999772685001955, 'depth': 6, 'l2_leaf_reg': 1.390749737083354, 'border_count': 82}. Best is trial 236 with value: -0.9412786767017213.
[I 2025-08-03 04:31:00,005] Trial 274 finished with value: -0.9378552675158907 and parameters: {'learning_rate': 0.10485440848289299, 'depth': 7, 'l2_leaf_reg': 1.7134478704917995, 'border_count': 166}. Best is trial 236 with value: -0.9412786767017213.
