[I 2025-08-02 07:26:56,077] Trial 447 finished with value: -0.937961703127903 and parameters: {'learning_rate': 0.08102908206444334, 'depth': 5, 'l2_leaf_reg': 1.1861977170742932, 'border_count': 154}. Best is trial 236 with value: -0.9412786767017213.
[I 2025-08-02 07:27:14,187] Trial 448 finished with value: -0.9390633722038939 and parameters: {'learning_rate': 0.10236498733546613, 'depth': 6, 'l2_leaf_reg': 1.6289767562179014, 'border_count': 149}. Best is trial 236 with value: -0.9412786767017213.
[I 2025-08-02 07:27:36,439] Trial 449 finished with value: -0.9377263417341267 and parameters: {'learning_rate': 0.058729206766610254, 'depth': 6, 'l2_leaf_reg': 1.3635702733893373, 'border_count': 229}. Best is trial 236 with value: -0.9412786767017213.
[I 2025-08-02 07:27:37,769] A new study created in memory with name: no-name-4bf5b223-2d20-457c-bc4f-b0ec6ce908ff
[I 2025-08-02 07:27:50,551] Trial 0 finished with value: -0.9296489422415345 and parameters: {'learning_rate': 0.030710573677773714, 'num_leaves': 244, 'max_depth': 12, 'min_child_samples': 64, 'feature_fraction': 0.5780093202212182, 'bagging_fraction': 0.5779972601681014, 'reg_alpha': 3.3323645788192616e-08, 'reg_lambda': 0.6245760287469893}. Best is trial 0 with value: -0.9296489422415345.
[I 2025-08-02 07:27:54,237] Trial 1 finished with value: -0.9192499746440662 and parameters: {'learning_rate': 0.06054365855469246, 'num_leaves': 184, 'max_depth': 3, 'min_child_samples': 98, 'feature_fraction': 0.9162213204002109, 'bagging_fraction': 0.6061695553391381, 'reg_alpha': 4.329370014459266e-07, 'reg_lambda': 4.4734294104626844e-07}. Best is trial 0 with value: -0.9296489422415345.
[I 2025-08-02 07:28:05,309] Trial 2 finished with value: -0.9295953871349146 and parameters: {'learning_rate': 0.024878734419814436, 'num_leaves': 138, 'max_depth': 8, 'min_child_samples': 36, 'feature_fraction': 0.8059264473611898, 'bagging_fraction': 0.569746930326021, 'reg_alpha': 4.258943089524393e-06, 'reg_lambda': 1.9826980964985924e-05}. Best is trial 0 with value: -0.9296489422415345.
[I 2025-08-02 07:28:11,244] Trial 3 finished with value: -0.9260232770070455 and parameters: {'learning_rate': 0.03920673972242137, 'num_leaves': 203, 'max_depth': 5, 'min_child_samples': 56, 'feature_fraction': 0.7962072844310213, 'bagging_fraction': 0.5232252063599989, 'reg_alpha': 0.0029369981104377003, 'reg_lambda': 3.425445902633376e-07}. Best is trial 0 with value: -0.9296489422415345.
[I 2025-08-02 07:28:27,982] Trial 4 finished with value: -0.9185732217319685 and parameters: {'learning_rate': 0.012151617026673379, 'num_leaves': 244, 'max_depth': 15, 'min_child_samples': 83, 'feature_fraction': 0.6523068845866853, 'bagging_fraction': 0.5488360570031919, 'reg_alpha': 0.014391207615728067, 'reg_lambda': 9.148975058772307e-05}. Best is trial 0 with value: -0.9296489422415345.
[I 2025-08-02 07:28:31,468] Trial 5 finished with value: -0.8979919569394438 and parameters: {'learning_rate': 0.014413697528610409, 'num_leaves': 131, 'max_depth': 3, 'min_child_samples': 92, 'feature_fraction': 0.6293899908000085, 'bagging_fraction': 0.831261142176991, 'reg_alpha': 6.388511557344611e-06, 'reg_lambda': 0.0004793052550782129}. Best is trial 0 with value: -0.9296489422415345.
[I 2025-08-02 07:28:43,133] Trial 6 finished with value: -0.9262905149296325 and parameters: {'learning_rate': 0.05143828405076928, 'num_leaves': 54, 'max_depth': 15, 'min_child_samples': 80, 'feature_fraction': 0.9697494707820946, 'bagging_fraction': 0.9474136752138245, 'reg_alpha': 0.002404915432737351, 'reg_lambda': 1.9809253750493907}. Best is trial 0 with value: -0.9296489422415345.
[I 2025-08-02 07:28:46,772] Trial 7 finished with value: -0.9021307709766746 and parameters: {'learning_rate': 0.01303561122512888, 'num_leaves': 56, 'max_depth': 3, 'min_child_samples': 39, 'feature_fraction': 0.6943386448447411, 'bagging_fraction': 0.6356745158869479, 'reg_alpha': 0.28749982347407854, 'reg_lambda': 1.6247252885719427e-05}. Best is trial 0 with value: -0.9296489422415345.
[I 2025-08-02 07:28:50,996] Trial 8 finished with value: -0.9174576483649517 and parameters: {'learning_rate': 0.023200867504756827, 'num_leaves': 143, 'max_depth': 4, 'min_child_samples': 82, 'feature_fraction': 0.5372753218398854, 'bagging_fraction': 0.9934434683002586, 'reg_alpha': 0.08916674715636537, 'reg_lambda': 6.143857495033091e-07}. Best is trial 0 with value: -0.9296489422415345.
[I 2025-08-02 07:29:06,388] Trial 9 finished with value: -0.9167334161621988 and parameters: {'learning_rate': 0.010166803740022877, 'num_leaves': 211, 'max_depth': 12, 'min_child_samples': 76, 'feature_fraction': 0.8856351733429728, 'bagging_fraction': 0.5370223258670452, 'reg_alpha': 1.683416412018213e-05, 'reg_lambda': 1.1036250149900698e-07}. Best is trial 0 with value: -0.9296489422415345.
[I 2025-08-02 07:29:10,154] Trial 10 finished with value: -0.9333108588669554 and parameters: {'learning_rate': 0.1461184609693756, 'num_leaves': 9, 'max_depth': 11, 'min_child_samples': 11, 'feature_fraction': 0.5076838686640521, 'bagging_fraction': 0.7190404637309149, 'reg_alpha': 1.3686680646913219e-08, 'reg_lambda': 6.0990065353308305}. Best is trial 10 with value: -0.9333108588669554.
[I 2025-08-02 07:29:13,671] Trial 11 finished with value: -0.9323497596144095 and parameters: {'learning_rate': 0.17061837680423544, 'num_leaves': 9, 'max_depth': 11, 'min_child_samples': 11, 'feature_fraction': 0.5123526693065024, 'bagging_fraction': 0.7171781358782056, 'reg_alpha': 1.4232159661562427e-08, 'reg_lambda': 5.19864215740603}. Best is trial 10 with value: -0.9333108588669554.
[I 2025-08-02 07:29:16,799] Trial 12 finished with value: -0.9305170751645307 and parameters: {'learning_rate': 0.18413559883361694, 'num_leaves': 9, 'max_depth': 10, 'min_child_samples': 10, 'feature_fraction': 0.5225230855336822, 'bagging_fraction': 0.7351309251739944, 'reg_alpha': 2.0458168147483614e-08, 'reg_lambda': 0.055485863009831396}. Best is trial 10 with value: -0.9333108588669554.
[I 2025-08-02 07:29:20,428] Trial 13 finished with value: -0.9291335986108306 and parameters: {'learning_rate': 0.19416552625841807, 'num_leaves': 16, 'max_depth': 9, 'min_child_samples': 11, 'feature_fraction': 0.5937663157166836, 'bagging_fraction': 0.7184628468385728, 'reg_alpha': 9.86874546485378, 'reg_lambda': 0.026273305371297274}. Best is trial 10 with value: -0.9333108588669554.
[I 2025-08-02 07:29:29,709] Trial 14 finished with value: -0.9300932236811763 and parameters: {'learning_rate': 0.10632746242224578, 'num_leaves': 68, 'max_depth': 11, 'min_child_samples': 26, 'feature_fraction': 0.5065701578589041, 'bagging_fraction': 0.8130884565089302, 'reg_alpha': 2.3502902430317068e-07, 'reg_lambda': 9.207736961357908}. Best is trial 10 with value: -0.9333108588669554.
[I 2025-08-02 07:29:37,575] Trial 15 finished with value: -0.9305399431579624 and parameters: {'learning_rate': 0.10468345169209065, 'num_leaves': 80, 'max_depth': 7, 'min_child_samples': 25, 'feature_fraction': 0.7261631564388041, 'bagging_fraction': 0.6924745509172271, 'reg_alpha': 6.561131700458375e-05, 'reg_lambda': 0.011357974415609666}. Best is trial 10 with value: -0.9333108588669554.
[I 2025-08-02 07:29:47,769] Trial 16 finished with value: -0.9293463136021513 and parameters: {'learning_rate': 0.10696355595474458, 'num_leaves': 100, 'max_depth': 13, 'min_child_samples': 21, 'feature_fraction': 0.5707921208261755, 'bagging_fraction': 0.8100308334813918, 'reg_alpha': 1.103217333805366e-08, 'reg_lambda': 0.2818936773599525}. Best is trial 10 with value: -0.9333108588669554.
[I 2025-08-02 07:29:55,326] Trial 17 finished with value: -0.9321681477356224 and parameters: {'learning_rate': 0.07657581103832431, 'num_leaves': 32, 'max_depth': 7, 'min_child_samples': 44, 'feature_fraction': 0.6553447098489982, 'bagging_fraction': 0.6707750474677461, 'reg_alpha': 3.7174233531789037e-07, 'reg_lambda': 0.002493260173300581}. Best is trial 10 with value: -0.9333108588669554.
[I 2025-08-02 07:30:01,749] Trial 18 finished with value: -0.9296631836163839 and parameters: {'learning_rate': 0.14584365323126963, 'num_leaves': 38, 'max_depth': 13, 'min_child_samples': 17, 'feature_fraction': 0.7733205230569608, 'bagging_fraction': 0.8794818816915129, 'reg_alpha': 6.075545401373081e-07, 'reg_lambda': 9.69811869743224}. Best is trial 10 with value: -0.9333108588669554.
[I 2025-08-02 07:30:09,062] Trial 19 finished with value: -0.9284562933240957 and parameters: {'learning_rate': 0.13940127601485913, 'num_leaves': 101, 'max_depth': 10, 'min_child_samples': 30, 'feature_fraction': 0.5049516018861933, 'bagging_fraction': 0.7507285077111834, 'reg_alpha': 9.91997817811405e-08, 'reg_lambda': 0.18915362097264535}. Best is trial 10 with value: -0.9333108588669554.
[I 2025-08-02 07:30:13,083] Trial 20 finished with value: -0.9289815250500574 and parameters: {'learning_rate': 0.06827853812991018, 'num_leaves': 8, 'max_depth': 14, 'min_child_samples': 47, 'feature_fraction': 0.6092798302198211, 'bagging_fraction': 0.7737053867811918, 'reg_alpha': 0.00010396761370918967, 'reg_lambda': 1.5622348472380745}. Best is trial 10 with value: -0.9333108588669554.
[I 2025-08-02 07:30:20,338] Trial 21 finished with value: -0.9306571991479969 and parameters: {'learning_rate': 0.08234375007768877, 'num_leaves': 34, 'max_depth': 7, 'min_child_samples': 45, 'feature_fraction': 0.6642431482973057, 'bagging_fraction': 0.663476297802019, 'reg_alpha': 7.263526411707138e-07, 'reg_lambda': 0.0017047827275227234}. Best is trial 10 with value: -0.9333108588669554.
[I 2025-08-02 07:30:25,685] Trial 22 finished with value: -0.9286390168946034 and parameters: {'learning_rate': 0.13810695545699023, 'num_leaves': 32, 'max_depth': 6, 'min_child_samples': 17, 'feature_fraction': 0.5515685574879525, 'bagging_fraction': 0.6719619733911685, 'reg_alpha': 6.918619980122821e-08, 'reg_lambda': 1.3317066373504764e-08}. Best is trial 10 with value: -0.9333108588669554.
[I 2025-08-02 07:30:33,096] Trial 23 finished with value: -0.9292734064803017 and parameters: {'learning_rate': 0.08611953811044991, 'num_leaves': 40, 'max_depth': 9, 'min_child_samples': 66, 'feature_fraction': 0.713422276360528, 'bagging_fraction': 0.6282221555974891, 'reg_alpha': 1.0155443877159402e-07, 'reg_lambda': 0.0060139232659868}. Best is trial 10 with value: -0.9333108588669554.
[I 2025-08-02 07:30:39,637] Trial 24 finished with value: -0.9276480161865385 and parameters: {'learning_rate': 0.1502089207538033, 'num_leaves': 88, 'max_depth': 11, 'min_child_samples': 32, 'feature_fraction': 0.6251025611328982, 'bagging_fraction': 0.6834169718623797, 'reg_alpha': 2.397985700339648e-06, 'reg_lambda': 0.09015118712751347}. Best is trial 10 with value: -0.9333108588669554.
[I 2025-08-02 07:30:45,898] Trial 25 finished with value: -0.9324749283730415 and parameters: {'learning_rate': 0.07889506653661935, 'num_leaves': 23, 'max_depth': 8, 'min_child_samples': 49, 'feature_fraction': 0.5662348501366643, 'bagging_fraction': 0.7779795372994887, 'reg_alpha': 1.606457901282244e-08, 'reg_lambda': 1.885598894628672}. Best is trial 10 with value: -0.9333108588669554.
[I 2025-08-02 07:30:53,537] Trial 26 finished with value: -0.9306290383019967 and parameters: {'learning_rate': 0.11974037695176143, 'num_leaves': 55, 'max_depth': 10, 'min_child_samples': 55, 'feature_fraction': 0.5633313176279902, 'bagging_fraction': 0.8726160779551502, 'reg_alpha': 1.3569320422559495e-08, 'reg_lambda': 2.0912929933195845}. Best is trial 10 with value: -0.9333108588669554.
[I 2025-08-02 07:30:58,108] Trial 27 finished with value: -0.9305480384308631 and parameters: {'learning_rate': 0.17923841769606658, 'num_leaves': 20, 'max_depth': 9, 'min_child_samples': 18, 'feature_fraction': 0.5001980968325078, 'bagging_fraction': 0.8571032942159467, 'reg_alpha': 1.9839923440674837e-06, 'reg_lambda': 8.774052901447902}. Best is trial 10 with value: -0.9333108588669554.
[I 2025-08-02 07:31:10,058] Trial 28 finished with value: -0.9291743843087118 and parameters: {'learning_rate': 0.09086578665927474, 'num_leaves': 115, 'max_depth': 11, 'min_child_samples': 11, 'feature_fraction': 0.5452863102587361, 'bagging_fraction': 0.7771431587433939, 'reg_alpha': 1.053171303044327e-08, 'reg_lambda': 0.6499624054252254}. Best is trial 10 with value: -0.9333108588669554.
[I 2025-08-02 07:31:20,769] Trial 29 finished with value: -0.9300454403183481 and parameters: {'learning_rate': 0.04336916626266124, 'num_leaves': 68, 'max_depth': 12, 'min_child_samples': 63, 'feature_fraction': 0.5848998037048261, 'bagging_fraction': 0.910799742594645, 'reg_alpha': 5.8385313652180363e-08, 'reg_lambda': 0.5885761266835914}. Best is trial 10 with value: -0.9333108588669554.
[I 2025-08-02 07:31:31,730] Trial 30 finished with value: -0.9313927337476642 and parameters: {'learning_rate': 0.05311286445389737, 'num_leaves': 159, 'max_depth': 8, 'min_child_samples': 27, 'feature_fraction': 0.849546226415591, 'bagging_fraction': 0.7109837975668049, 'reg_alpha': 4.6471906398086107e-08, 'reg_lambda': 3.118648918080539}. Best is trial 10 with value: -0.9333108588669554.
[I 2025-08-02 07:31:38,710] Trial 31 finished with value: -0.9311944282186259 and parameters: {'learning_rate': 0.07788540751343033, 'num_leaves': 25, 'max_depth': 7, 'min_child_samples': 45, 'feature_fraction': 0.665659688610648, 'bagging_fraction': 0.7739919359371534, 'reg_alpha': 2.0058942552472675e-07, 'reg_lambda': 0.0028310960808078903}. Best is trial 10 with value: -0.9333108588669554.
[I 2025-08-02 07:31:46,634] Trial 32 finished with value: -0.9313914091796157 and parameters: {'learning_rate': 0.06967890649270342, 'num_leaves': 49, 'max_depth': 8, 'min_child_samples': 53, 'feature_fraction': 0.591709019546871, 'bagging_fraction': 0.6107919941624335, 'reg_alpha': 3.432248430496115e-08, 'reg_lambda': 0.20219686166307155}. Best is trial 10 with value: -0.9333108588669554.
[I 2025-08-02 07:31:52,831] Trial 33 finished with value: -0.9311413783778008 and parameters: {'learning_rate': 0.03350620453241364, 'num_leaves': 19, 'max_depth': 6, 'min_child_samples': 38, 'feature_fraction': 0.5399075735061328, 'bagging_fraction': 0.6545408632692329, 'reg_alpha': 3.3816935289760113e-07, 'reg_lambda': 0.6990995044804889}. Best is trial 10 with value: -0.9333108588669554.
[I 2025-08-02 07:31:59,214] Trial 34 finished with value: -0.9308442483458088 and parameters: {'learning_rate': 0.05975660131373902, 'num_leaves': 32, 'max_depth': 6, 'min_child_samples': 65, 'feature_fraction': 0.6340718683619792, 'bagging_fraction': 0.7477528131142287, 'reg_alpha': 8.528605170509435e-07, 'reg_lambda': 9.110272512812378e-06}. Best is trial 10 with value: -0.9333108588669554.
[I 2025-08-02 07:32:05,963] Trial 35 finished with value: -0.9266630116387101 and parameters: {'learning_rate': 0.16308733916834112, 'num_leaves': 71, 'max_depth': 12, 'min_child_samples': 50, 'feature_fraction': 0.5729309221891542, 'bagging_fraction': 0.5909831373194376, 'reg_alpha': 2.8924504618759768e-08, 'reg_lambda': 9.395516318534388e-05}. Best is trial 10 with value: -0.9333108588669554.
[I 2025-08-02 07:32:13,434] Trial 36 finished with value: -0.9294032129387174 and parameters: {'learning_rate': 0.09603957668562564, 'num_leaves': 46, 'max_depth': 8, 'min_child_samples': 35, 'feature_fraction': 0.6842900064402708, 'bagging_fraction': 0.6972468151400346, 'reg_alpha': 1.333405411396594e-05, 'reg_lambda': 0.027710704613742528}. Best is trial 10 with value: -0.9333108588669554.
[I 2025-08-02 07:32:18,125] Trial 37 finished with value: -0.9304369298737571 and parameters: {'learning_rate': 0.11927712326601288, 'num_leaves': 255, 'max_depth': 5, 'min_child_samples': 60, 'feature_fraction': 0.5285725924044746, 'bagging_fraction': 0.8017267130410887, 'reg_alpha': 2.1900667591541745e-07, 'reg_lambda': 3.399714940817894}. Best is trial 10 with value: -0.9333108588669554.
[I 2025-08-02 07:32:22,150] Trial 38 finished with value: -0.9316754828633775 and parameters: {'learning_rate': 0.11791904259576616, 'num_leaves': 9, 'max_depth': 10, 'min_child_samples': 42, 'feature_fraction': 0.6092709337190011, 'bagging_fraction': 0.5013339806386407, 'reg_alpha': 0.0010438560409938528, 'reg_lambda': 0.0012616393080595186}. Best is trial 10 with value: -0.9333108588669554.
[I 2025-08-02 07:32:30,113] Trial 39 finished with value: -0.9238509610173263 and parameters: {'learning_rate': 0.02695393258989714, 'num_leaves': 25, 'max_depth': 8, 'min_child_samples': 73, 'feature_fraction': 0.9899226356996809, 'bagging_fraction': 0.5715921050932261, 'reg_alpha': 1.3315926275093543e-06, 'reg_lambda': 4.3553404595663186e-06}. Best is trial 10 with value: -0.9333108588669554.
[I 2025-08-02 07:32:40,815] Trial 40 finished with value: -0.927187247706921 and parameters: {'learning_rate': 0.06980526747211349, 'num_leaves': 181, 'max_depth': 13, 'min_child_samples': 96, 'feature_fraction': 0.7522840397955358, 'bagging_fraction': 0.7341443659315855, 'reg_alpha': 5.119245142855714e-06, 'reg_lambda': 0.00014218375931406368}. Best is trial 10 with value: -0.9333108588669554.
[I 2025-08-02 07:32:44,452] Trial 41 finished with value: -0.9323872556104909 and parameters: {'learning_rate': 0.12846776628968218, 'num_leaves': 8, 'max_depth': 10, 'min_child_samples': 39, 'feature_fraction': 0.6085989410162765, 'bagging_fraction': 0.5503916288348017, 'reg_alpha': 0.0009341844388050163, 'reg_lambda': 0.0006803055651312175}. Best is trial 10 with value: -0.9333108588669554.
[I 2025-08-02 07:32:49,867] Trial 42 finished with value: -0.9297200940851115 and parameters: {'learning_rate': 0.16977961038176928, 'num_leaves': 25, 'max_depth': 9, 'min_child_samples': 22, 'feature_fraction': 0.6401709119154068, 'bagging_fraction': 0.638962886072237, 'reg_alpha': 0.014035332290804428, 'reg_lambda': 0.00048619339133572435}. Best is trial 10 with value: -0.9333108588669554.
[I 2025-08-02 07:32:53,869] Trial 43 finished with value: -0.9307671798524845 and parameters: {'learning_rate': 0.13515456003842757, 'num_leaves': 9, 'max_depth': 11, 'min_child_samples': 41, 'feature_fraction': 0.6096587258068511, 'bagging_fraction': 0.5492903046147741, 'reg_alpha': 0.00034537699025849575, 'reg_lambda': 1.2218002429594095}. Best is trial 10 with value: -0.9333108588669554.
[I 2025-08-02 07:33:04,817] Trial 44 finished with value: -0.930665933415148 and parameters: {'learning_rate': 0.01869296065815932, 'num_leaves': 45, 'max_depth': 10, 'min_child_samples': 34, 'feature_fraction': 0.5240730701367702, 'bagging_fraction': 0.7132910687014743, 'reg_alpha': 0.007810786186498372, 'reg_lambda': 0.000476608710759108}. Best is trial 10 with value: -0.9333108588669554.
[I 2025-08-02 07:33:10,251] Trial 45 finished with value: -0.9234748991792066 and parameters: {'learning_rate': 0.19874869046307966, 'num_leaves': 60, 'max_depth': 11, 'min_child_samples': 14, 'feature_fraction': 0.5602948356372489, 'bagging_fraction': 0.6157830697437754, 'reg_alpha': 0.0008130750827894251, 'reg_lambda': 4.245995695690757e-05}. Best is trial 10 with value: -0.9333108588669554.
[I 2025-08-02 07:33:16,258] Trial 46 finished with value: -0.9321140397134456 and parameters: {'learning_rate': 0.12440607301910313, 'num_leaves': 23, 'max_depth': 9, 'min_child_samples': 58, 'feature_fraction': 0.5195913015912941, 'bagging_fraction': 0.75869865307179, 'reg_alpha': 4.714772432088224e-05, 'reg_lambda': 0.008382763940749943}. Best is trial 10 with value: -0.9333108588669554.
[I 2025-08-02 07:33:21,320] Trial 47 finished with value: -0.9281885790400721 and parameters: {'learning_rate': 0.16642578581187267, 'num_leaves': 32, 'max_depth': 7, 'min_child_samples': 50, 'feature_fraction': 0.5841476440258551, 'bagging_fraction': 0.8388009650452389, 'reg_alpha': 0.07861606957207275, 'reg_lambda': 0.07615874347489797}. Best is trial 10 with value: -0.9333108588669554.
[I 2025-08-02 07:33:30,115] Trial 48 finished with value: -0.9299011799191761 and parameters: {'learning_rate': 0.09903780569741977, 'num_leaves': 223, 'max_depth': 10, 'min_child_samples': 70, 'feature_fraction': 0.6819478747503419, 'bagging_fraction': 0.7965949702350477, 'reg_alpha': 2.938748607512436e-08, 'reg_lambda': 4.0180453370148}. Best is trial 10 with value: -0.9333108588669554.
[I 2025-08-02 07:33:35,070] Trial 49 finished with value: -0.9318900663564776 and parameters: {'learning_rate': 0.049743632407101404, 'num_leaves': 14, 'max_depth': 5, 'min_child_samples': 29, 'feature_fraction': 0.5497806604297668, 'bagging_fraction': 0.5889027656925213, 'reg_alpha': 1.2609838739849926, 'reg_lambda': 0.017463223713896484}. Best is trial 10 with value: -0.9333108588669554.
[I 2025-08-02 07:33:41,156] Trial 50 finished with value: -0.9268789220500262 and parameters: {'learning_rate': 0.15653032929941985, 'num_leaves': 61, 'max_depth': 14, 'min_child_samples': 23, 'feature_fraction': 0.6084324705356249, 'bagging_fraction': 0.7290272303678572, 'reg_alpha': 1.315210303834104e-07, 'reg_lambda': 0.26800841488536487}. Best is trial 10 with value: -0.9333108588669554.
[I 2025-08-02 07:33:47,081] Trial 51 finished with value: -0.9319919221548265 and parameters: {'learning_rate': 0.12177115663578728, 'num_leaves': 22, 'max_depth': 9, 'min_child_samples': 58, 'feature_fraction': 0.5161755519012073, 'bagging_fraction': 0.7603749955938752, 'reg_alpha': 4.534822515957619e-05, 'reg_lambda': 0.006388787278980237}. Best is trial 10 with value: -0.9333108588669554.
[I 2025-08-02 07:33:53,092] Trial 52 finished with value: -0.9295094950149184 and parameters: {'learning_rate': 0.13217966353067537, 'num_leaves': 40, 'max_depth': 8, 'min_child_samples': 52, 'feature_fraction': 0.525150823560518, 'bagging_fraction': 0.829599849898257, 'reg_alpha': 0.00016922393666744971, 'reg_lambda': 0.0012202697297700002}. Best is trial 10 with value: -0.9333108588669554.
