[I 2025-08-04 23:29:23,262] Trial 3 finished with value: 0.9245636587070227 and parameters: {'n_d': 50, 'n_a': 21, 'n_steps': 3, 'gamma': 1.2521557733732405, 'lambda_sparse': 1.231873890444073e-05, 'lr': 0.004654884411050589, 'weight_decay': 1.1200188722050353e-05}. Best is trial 3 with value: 0.9245636587070227.
/work/dlclarge2/alidemaa-dl_lab/automl/automl-exam-ss25-tabular-freiburg-template/automl-tabular-env/lib/python3.10/site-packages/pytorch_tabnet/callbacks.py:172: UserWarning: Best weights from best epoch are automatically used!
  warnings.warn(wrn_msg)
[I 2025-08-04 23:31:15,089] Trial 4 finished with value: 0.8240042987839004 and parameters: {'n_d': 28, 'n_a': 38, 'n_steps': 8, 'gamma': 1.3881219613807891, 'lambda_sparse': 3.300072671311487e-05, 'lr': 0.0014940880590974162, 'weight_decay': 0.0002243329508765931}. Best is trial 3 with value: 0.9245636587070227.
/work/dlclarge2/alidemaa-dl_lab/automl/automl-exam-ss25-tabular-freiburg-template/automl-tabular-env/lib/python3.10/site-packages/pytorch_tabnet/callbacks.py:172: UserWarning: Best weights from best epoch are automatically used!
  warnings.warn(wrn_msg)
[I 2025-08-04 23:31:47,145] Trial 5 finished with value: 0.5206470251258267 and parameters: {'n_d': 43, 'n_a': 61, 'n_steps': 3, 'gamma': 1.052344365023723, 'lambda_sparse': 0.00018483264421973415, 'lr': 0.04705813663844404, 'weight_decay': 0.0003569491019810348}. Best is trial 3 with value: 0.9245636587070227.
/work/dlclarge2/alidemaa-dl_lab/automl/automl-exam-ss25-tabular-freiburg-template/automl-tabular-env/lib/python3.10/site-packages/pytorch_tabnet/callbacks.py:172: UserWarning: Best weights from best epoch are automatically used!
  warnings.warn(wrn_msg)
[I 2025-08-04 23:34:01,298] Trial 6 finished with value: 0.8308759298420468 and parameters: {'n_d': 62, 'n_a': 19, 'n_steps': 10, 'gamma': 1.5374276859933498, 'lambda_sparse': 0.007607933114283824, 'lr': 0.007687246388414901, 'weight_decay': 3.233344992517392e-06}. Best is trial 3 with value: 0.9245636587070227.
/work/dlclarge2/alidemaa-dl_lab/automl/automl-exam-ss25-tabular-freiburg-template/automl-tabular-env/lib/python3.10/site-packages/pytorch_tabnet/callbacks.py:172: UserWarning: Best weights from best epoch are automatically used!
  warnings.warn(wrn_msg)
[I 2025-08-04 23:35:10,655] Trial 7 finished with value: 0.8810068487239201 and parameters: {'n_d': 15, 'n_a': 50, 'n_steps': 3, 'gamma': 1.734329438768913, 'lambda_sparse': 0.002683615198734617, 'lr': 0.0005485661905501999, 'weight_decay': 0.0007064992838192374}. Best is trial 3 with value: 0.9245636587070227.
/work/dlclarge2/alidemaa-dl_lab/automl/automl-exam-ss25-tabular-freiburg-template/automl-tabular-env/lib/python3.10/site-packages/pytorch_tabnet/callbacks.py:172: UserWarning: Best weights from best epoch are automatically used!
  warnings.warn(wrn_msg)
[I 2025-08-04 23:36:32,126] Trial 8 finished with value: 0.7542065329284822 and parameters: {'n_d': 15, 'n_a': 37, 'n_steps': 4, 'gamma': 1.4746401665109516, 'lambda_sparse': 0.001072251886899959, 'lr': 0.00016012259301837023, 'weight_decay': 0.00010130315706681282}. Best is trial 3 with value: 0.9245636587070227.
/work/dlclarge2/alidemaa-dl_lab/automl/automl-exam-ss25-tabular-freiburg-template/automl-tabular-env/lib/python3.10/site-packages/pytorch_tabnet/callbacks.py:172: UserWarning: Best weights from best epoch are automatically used!
  warnings.warn(wrn_msg)
[I 2025-08-04 23:36:49,392] Trial 9 finished with value: -5316.609850688235 and parameters: {'n_d': 42, 'n_a': 12, 'n_steps': 5, 'gamma': 1.878780705051612, 'lambda_sparse': 0.00022398109637667113, 'lr': 0.00011408354083533324, 'weight_decay': 1.2093748870791519e-05}. Best is trial 3 with value: 0.9245636587070227.
/work/dlclarge2/alidemaa-dl_lab/automl/automl-exam-ss25-tabular-freiburg-template/automl-tabular-env/lib/python3.10/site-packages/pytorch_tabnet/callbacks.py:172: UserWarning: Best weights from best epoch are automatically used!
  warnings.warn(wrn_msg)
[I 2025-08-04 23:37:30,066] Trial 10 finished with value: 0.5938116220056724 and parameters: {'n_d': 62, 'n_a': 25, 'n_steps': 5, 'gamma': 1.2620007267522007, 'lambda_sparse': 1.424152155698376e-05, 'lr': 0.07985976048736122, 'weight_decay': 1.224606944439478e-06}. Best is trial 3 with value: 0.9245636587070227.
/work/dlclarge2/alidemaa-dl_lab/automl/automl-exam-ss25-tabular-freiburg-template/automl-tabular-env/lib/python3.10/site-packages/pytorch_tabnet/callbacks.py:172: UserWarning: Best weights from best epoch are automatically used!
  warnings.warn(wrn_msg)
[I 2025-08-04 23:38:37,041] Trial 11 finished with value: 0.8873138982114775 and parameters: {'n_d': 52, 'n_a': 52, 'n_steps': 3, 'gamma': 1.6596202522748307, 'lambda_sparse': 0.002183555876114026, 'lr': 0.0005547558782764803, 'weight_decay': 0.0007806571333611033}. Best is trial 3 with value: 0.9245636587070227.
/work/dlclarge2/alidemaa-dl_lab/automl/automl-exam-ss25-tabular-freiburg-template/automl-tabular-env/lib/python3.10/site-packages/pytorch_tabnet/callbacks.py:172: UserWarning: Best weights from best epoch are automatically used!
  warnings.warn(wrn_msg)
[I 2025-08-04 23:40:00,581] Trial 12 finished with value: 0.9136983510522614 and parameters: {'n_d': 51, 'n_a': 52, 'n_steps': 4, 'gamma': 1.6433561353692592, 'lambda_sparse': 4.479895205149025e-05, 'lr': 0.014151224649690193, 'weight_decay': 6.646684670886883e-06}. Best is trial 3 with value: 0.9245636587070227.
/work/dlclarge2/alidemaa-dl_lab/automl/automl-exam-ss25-tabular-freiburg-template/automl-tabular-env/lib/python3.10/site-packages/pytorch_tabnet/callbacks.py:172: UserWarning: Best weights from best epoch are automatically used!
  warnings.warn(wrn_msg)
[I 2025-08-04 23:40:34,958] Trial 13 finished with value: 0.3450328480150985 and parameters: {'n_d': 52, 'n_a': 48, 'n_steps': 5, 'gamma': 1.3667584864361193, 'lambda_sparse': 4.83790025357258e-05, 'lr': 0.017853760936593473, 'weight_decay': 3.7428685038282927e-06}. Best is trial 3 with value: 0.9245636587070227.
/work/dlclarge2/alidemaa-dl_lab/automl/automl-exam-ss25-tabular-freiburg-template/automl-tabular-env/lib/python3.10/site-packages/pytorch_tabnet/callbacks.py:172: UserWarning: Best weights from best epoch are automatically used!
  warnings.warn(wrn_msg)
[I 2025-08-04 23:42:05,146] Trial 14 finished with value: 0.9180891554377308 and parameters: {'n_d': 52, 'n_a': 63, 'n_steps': 6, 'gamma': 1.22489531062965, 'lambda_sparse': 1.4188459667448428e-05, 'lr': 0.018504781015411427, 'weight_decay': 6.697395413252819e-06}. Best is trial 3 with value: 0.9245636587070227.
/work/dlclarge2/alidemaa-dl_lab/automl/automl-exam-ss25-tabular-freiburg-template/automl-tabular-env/lib/python3.10/site-packages/pytorch_tabnet/callbacks.py:172: UserWarning: Best weights from best epoch are automatically used!
  warnings.warn(wrn_msg)
[I 2025-08-04 23:43:35,061] Trial 15 finished with value: 0.9216378548449419 and parameters: {'n_d': 43, 'n_a': 8, 'n_steps': 6, 'gamma': 1.0215636355992272, 'lambda_sparse': 1.0499551622580476e-05, 'lr': 0.0031559256666590933, 'weight_decay': 1.4062054526244287e-05}. Best is trial 3 with value: 0.9245636587070227.
/work/dlclarge2/alidemaa-dl_lab/automl/automl-exam-ss25-tabular-freiburg-template/automl-tabular-env/lib/python3.10/site-packages/pytorch_tabnet/callbacks.py:172: UserWarning: Best weights from best epoch are automatically used!
  warnings.warn(wrn_msg)
[I 2025-08-04 23:45:14,159] Trial 16 finished with value: 0.9073166224964974 and parameters: {'n_d': 41, 'n_a': 8, 'n_steps': 7, 'gamma': 1.000850879019756, 'lambda_sparse': 1.1257146045593463e-05, 'lr': 0.002932471427214061, 'weight_decay': 1.8744017268428023e-05}. Best is trial 3 with value: 0.9245636587070227.
/work/dlclarge2/alidemaa-dl_lab/automl/automl-exam-ss25-tabular-freiburg-template/automl-tabular-env/lib/python3.10/site-packages/pytorch_tabnet/callbacks.py:172: UserWarning: Best weights from best epoch are automatically used!
  warnings.warn(wrn_msg)
[I 2025-08-04 23:46:46,287] Trial 17 finished with value: 0.9086763172938034 and parameters: {'n_d': 45, 'n_a': 26, 'n_steps': 6, 'gamma': 1.1231372479675403, 'lambda_sparse': 7.701986054537746e-05, 'lr': 0.0035743647710322598, 'weight_decay': 6.988739460596194e-05}. Best is trial 3 with value: 0.9245636587070227.
/work/dlclarge2/alidemaa-dl_lab/automl/automl-exam-ss25-tabular-freiburg-template/automl-tabular-env/lib/python3.10/site-packages/pytorch_tabnet/callbacks.py:172: UserWarning: Best weights from best epoch are automatically used!
  warnings.warn(wrn_msg)
[I 2025-08-04 23:48:08,947] Trial 18 finished with value: 0.891876536561567 and parameters: {'n_d': 36, 'n_a': 15, 'n_steps': 4, 'gamma': 1.306462158507811, 'lambda_sparse': 2.8270539744812442e-05, 'lr': 0.0016870537055074949, 'weight_decay': 1.1398355377055375e-06}. Best is trial 3 with value: 0.9245636587070227.
/work/dlclarge2/alidemaa-dl_lab/automl/automl-exam-ss25-tabular-freiburg-template/automl-tabular-env/lib/python3.10/site-packages/pytorch_tabnet/callbacks.py:172: UserWarning: Best weights from best epoch are automatically used!
  warnings.warn(wrn_msg)
[I 2025-08-04 23:50:20,558] Trial 19 finished with value: 0.7383313383847162 and parameters: {'n_d': 22, 'n_a': 8, 'n_steps': 10, 'gamma': 1.1003237492916957, 'lambda_sparse': 7.268157465107227e-05, 'lr': 0.0005396989516125126, 'weight_decay': 1.2696039344347259e-05}. Best is trial 3 with value: 0.9245636587070227.
/work/dlclarge2/alidemaa-dl_lab/automl/automl-exam-ss25-tabular-freiburg-template/automl-tabular-env/lib/python3.10/site-packages/pytorch_tabnet/callbacks.py:172: UserWarning: Best weights from best epoch are automatically used!
  warnings.warn(wrn_msg)
[I 2025-08-04 23:51:40,677] A new study created in memory with name: no-name-950f2c76-4ed1-4b45-89b4-6444f3e1992a
/work/dlclarge2/alidemaa-dl_lab/automl/automl-exam-ss25-tabular-freiburg-template/automl-tabular-env/lib/python3.10/site-packages/pytorch_tabnet/callbacks.py:172: UserWarning: Best weights from best epoch are automatically used!
  warnings.warn(wrn_msg)
[I 2025-08-04 23:53:00,994] Trial 0 finished with value: 0.8802490069192308 and parameters: {'n_d': 23, 'n_a': 19, 'n_steps': 4, 'gamma': 1.9645171611783367, 'lambda_sparse': 5.066027064087969e-05, 'lr': 0.00873408623337733, 'weight_decay': 5.377966620136309e-06}. Best is trial 0 with value: 0.8802490069192308.
/work/dlclarge2/alidemaa-dl_lab/automl/automl-exam-ss25-tabular-freiburg-template/automl-tabular-env/lib/python3.10/site-packages/pytorch_tabnet/callbacks.py:172: UserWarning: Best weights from best epoch are automatically used!
  warnings.warn(wrn_msg)
[I 2025-08-04 23:55:11,311] Trial 1 finished with value: 0.5748830428943368 and parameters: {'n_d': 27, 'n_a': 51, 'n_steps': 10, 'gamma': 1.1978213527112596, 'lambda_sparse': 0.0006277140530177894, 'lr': 0.0002440519702425115, 'weight_decay': 3.4419090058890318e-06}. Best is trial 0 with value: 0.8802490069192308.
/work/dlclarge2/alidemaa-dl_lab/automl/automl-exam-ss25-tabular-freiburg-template/automl-tabular-env/lib/python3.10/site-packages/pytorch_tabnet/callbacks.py:172: UserWarning: Best weights from best epoch are automatically used!
  warnings.warn(wrn_msg)
[I 2025-08-04 23:55:40,555] Trial 2 finished with value: 0.7243262055067404 and parameters: {'n_d': 29, 'n_a': 57, 'n_steps': 7, 'gamma': 1.2810118488475735, 'lambda_sparse': 9.22180575635214e-05, 'lr': 0.06710402881553333, 'weight_decay': 0.0003082361727549179}. Best is trial 0 with value: 0.8802490069192308.
/work/dlclarge2/alidemaa-dl_lab/automl/automl-exam-ss25-tabular-freiburg-template/automl-tabular-env/lib/python3.10/site-packages/pytorch_tabnet/callbacks.py:172: UserWarning: Best weights from best epoch are automatically used!
  warnings.warn(wrn_msg)
[I 2025-08-04 23:56:36,104] Trial 3 finished with value: 0.5313956672509987 and parameters: {'n_d': 17, 'n_a': 29, 'n_steps': 9, 'gamma': 1.9043237060594924, 'lambda_sparse': 0.0024867050017839685, 'lr': 0.0297394118451028, 'weight_decay': 2.025117650324989e-05}. Best is trial 0 with value: 0.8802490069192308.
/work/dlclarge2/alidemaa-dl_lab/automl/automl-exam-ss25-tabular-freiburg-template/automl-tabular-env/lib/python3.10/site-packages/pytorch_tabnet/callbacks.py:172: UserWarning: Best weights from best epoch are automatically used!
  warnings.warn(wrn_msg)
[I 2025-08-04 23:58:48,804] Trial 4 finished with value: 0.47776292331438774 and parameters: {'n_d': 45, 'n_a': 59, 'n_steps': 10, 'gamma': 1.8720891803097983, 'lambda_sparse': 5.009871567846323e-05, 'lr': 0.00034758342880108616, 'weight_decay': 4.67869018291959e-05}. Best is trial 0 with value: 0.8802490069192308.
/work/dlclarge2/alidemaa-dl_lab/automl/automl-exam-ss25-tabular-freiburg-template/automl-tabular-env/lib/python3.10/site-packages/pytorch_tabnet/callbacks.py:172: UserWarning: Best weights from best epoch are automatically used!
  warnings.warn(wrn_msg)
[I 2025-08-05 00:00:29,659] Trial 5 finished with value: 0.8471132531436716 and parameters: {'n_d': 50, 'n_a': 58, 'n_steps': 7, 'gamma': 1.620816662963069, 'lambda_sparse': 0.0024103425824184245, 'lr': 0.0016169944620759874, 'weight_decay': 6.016808608564665e-06}. Best is trial 0 with value: 0.8802490069192308.
/work/dlclarge2/alidemaa-dl_lab/automl/automl-exam-ss25-tabular-freiburg-template/automl-tabular-env/lib/python3.10/site-packages/pytorch_tabnet/callbacks.py:172: UserWarning: Best weights from best epoch are automatically used!
  warnings.warn(wrn_msg)
[I 2025-08-05 00:01:50,748] Trial 6 finished with value: 0.8882495331886883 and parameters: {'n_d': 46, 'n_a': 59, 'n_steps': 5, 'gamma': 1.8167528132408308, 'lambda_sparse': 2.4148805064721996e-05, 'lr': 0.0009130897330427558, 'weight_decay': 2.17171733332748e-06}. Best is trial 6 with value: 0.8882495331886883.
/work/dlclarge2/alidemaa-dl_lab/automl/automl-exam-ss25-tabular-freiburg-template/automl-tabular-env/lib/python3.10/site-packages/pytorch_tabnet/callbacks.py:172: UserWarning: Best weights from best epoch are automatically used!
  warnings.warn(wrn_msg)
[I 2025-08-05 00:02:23,939] Trial 7 finished with value: 0.5777036353973306 and parameters: {'n_d': 31, 'n_a': 41, 'n_steps': 4, 'gamma': 1.7953975700369127, 'lambda_sparse': 0.008815210762562208, 'lr': 0.06819947169521674, 'weight_decay': 0.0004602388790293918}. Best is trial 6 with value: 0.8882495331886883.
/work/dlclarge2/alidemaa-dl_lab/automl/automl-exam-ss25-tabular-freiburg-template/automl-tabular-env/lib/python3.10/site-packages/pytorch_tabnet/callbacks.py:172: UserWarning: Best weights from best epoch are automatically used!
  warnings.warn(wrn_msg)
[I 2025-08-05 00:03:37,054] Trial 8 finished with value: 0.86789413176812 and parameters: {'n_d': 23, 'n_a': 56, 'n_steps': 4, 'gamma': 1.7373570440160262, 'lambda_sparse': 0.0019146684480854735, 'lr': 0.000957521271315048, 'weight_decay': 0.00020480973022095531}. Best is trial 6 with value: 0.8882495331886883.
/work/dlclarge2/alidemaa-dl_lab/automl/automl-exam-ss25-tabular-freiburg-template/automl-tabular-env/lib/python3.10/site-packages/pytorch_tabnet/callbacks.py:172: UserWarning: Best weights from best epoch are automatically used!
  warnings.warn(wrn_msg)
[I 2025-08-05 00:04:57,418] Trial 9 finished with value: 0.9044249108004229 and parameters: {'n_d': 23, 'n_a': 13, 'n_steps': 4, 'gamma': 1.1343480972640174, 'lambda_sparse': 0.009714141258659157, 'lr': 0.08248115830282399, 'weight_decay': 9.756274741922354e-06}. Best is trial 9 with value: 0.9044249108004229.
/work/dlclarge2/alidemaa-dl_lab/automl/automl-exam-ss25-tabular-freiburg-template/automl-tabular-env/lib/python3.10/site-packages/pytorch_tabnet/callbacks.py:172: UserWarning: Best weights from best epoch are automatically used!
  warnings.warn(wrn_msg)
[I 2025-08-05 00:06:05,210] Trial 10 finished with value: 0.9180529413175436 and parameters: {'n_d': 9, 'n_a': 8, 'n_steps': 3, 'gamma': 1.0218733299021645, 'lambda_sparse': 0.009699649766212497, 'lr': 0.012651972303965097, 'weight_decay': 4.4748677292883025e-05}. Best is trial 10 with value: 0.9180529413175436.
/work/dlclarge2/alidemaa-dl_lab/automl/automl-exam-ss25-tabular-freiburg-template/automl-tabular-env/lib/python3.10/site-packages/pytorch_tabnet/callbacks.py:172: UserWarning: Best weights from best epoch are automatically used!
  warnings.warn(wrn_msg)
[I 2025-08-05 00:07:15,721] Trial 11 finished with value: 0.8996597845918709 and parameters: {'n_d': 10, 'n_a': 8, 'n_steps': 3, 'gamma': 1.0063664218689183, 'lambda_sparse': 0.009866471896156125, 'lr': 0.008684994221941198, 'weight_decay': 3.928372775704573e-05}. Best is trial 10 with value: 0.9180529413175436.
/work/dlclarge2/alidemaa-dl_lab/automl/automl-exam-ss25-tabular-freiburg-template/automl-tabular-env/lib/python3.10/site-packages/pytorch_tabnet/callbacks.py:172: UserWarning: Best weights from best epoch are automatically used!
  warnings.warn(wrn_msg)
[I 2025-08-05 00:08:23,891] Trial 12 finished with value: 0.906694903887246 and parameters: {'n_d': 10, 'n_a': 10, 'n_steps': 3, 'gamma': 1.044842099229068, 'lambda_sparse': 0.0005338880031264965, 'lr': 0.013802016881928086, 'weight_decay': 1.4969528997828596e-05}. Best is trial 10 with value: 0.9180529413175436.
/work/dlclarge2/alidemaa-dl_lab/automl/automl-exam-ss25-tabular-freiburg-template/automl-tabular-env/lib/python3.10/site-packages/pytorch_tabnet/callbacks.py:172: UserWarning: Best weights from best epoch are automatically used!
  warnings.warn(wrn_msg)
[I 2025-08-05 00:09:54,609] Trial 13 finished with value: 0.9078794055721539 and parameters: {'n_d': 8, 'n_a': 23, 'n_steps': 6, 'gamma': 1.4106465207493897, 'lambda_sparse': 0.0002536322438738021, 'lr': 0.008855778995115455, 'weight_decay': 9.242112238450614e-05}. Best is trial 10 with value: 0.9180529413175436.
/work/dlclarge2/alidemaa-dl_lab/automl/automl-exam-ss25-tabular-freiburg-template/automl-tabular-env/lib/python3.10/site-packages/pytorch_tabnet/callbacks.py:172: UserWarning: Best weights from best epoch are automatically used!
  warnings.warn(wrn_msg)
[I 2025-08-05 00:11:23,808] Trial 14 finished with value: 0.8906357802050678 and parameters: {'n_d': 61, 'n_a': 24, 'n_steps': 6, 'gamma': 1.3994154934062237, 'lambda_sparse': 0.00016696146962935128, 'lr': 0.002994167251519415, 'weight_decay': 0.00011475100982782193}. Best is trial 10 with value: 0.9180529413175436.
/work/dlclarge2/alidemaa-dl_lab/automl/automl-exam-ss25-tabular-freiburg-template/automl-tabular-env/lib/python3.10/site-packages/pytorch_tabnet/callbacks.py:172: UserWarning: Best weights from best epoch are automatically used!
  warnings.warn(wrn_msg)
[I 2025-08-05 00:13:07,959] Trial 15 finished with value: 0.898962292703228 and parameters: {'n_d': 8, 'n_a': 35, 'n_steps': 8, 'gamma': 1.4797660006737279, 'lambda_sparse': 0.0002916396067047587, 'lr': 0.018693268775189165, 'weight_decay': 0.0008713316226952765}. Best is trial 10 with value: 0.9180529413175436.
/work/dlclarge2/alidemaa-dl_lab/automl/automl-exam-ss25-tabular-freiburg-template/automl-tabular-env/lib/python3.10/site-packages/pytorch_tabnet/callbacks.py:172: UserWarning: Best weights from best epoch are automatically used!
  warnings.warn(wrn_msg)
[I 2025-08-05 00:14:36,997] Trial 16 finished with value: 0.9003753482889388 and parameters: {'n_d': 15, 'n_a': 18, 'n_steps': 6, 'gamma': 1.3376870101301526, 'lambda_sparse': 1.0757365461341857e-05, 'lr': 0.002886186909962281, 'weight_decay': 9.07353274077756e-05}. Best is trial 10 with value: 0.9180529413175436.
/work/dlclarge2/alidemaa-dl_lab/automl/automl-exam-ss25-tabular-freiburg-template/automl-tabular-env/lib/python3.10/site-packages/pytorch_tabnet/callbacks.py:172: UserWarning: Best weights from best epoch are automatically used!
  warnings.warn(wrn_msg)
[I 2025-08-05 00:15:56,206] Trial 17 finished with value: 0.9033346474877837 and parameters: {'n_d': 16, 'n_a': 28, 'n_steps': 5, 'gamma': 1.5430484339604427, 'lambda_sparse': 0.0009484592683502292, 'lr': 0.007274131799763563, 'weight_decay': 8.590940538630034e-05}. Best is trial 10 with value: 0.9180529413175436.
/work/dlclarge2/alidemaa-dl_lab/automl/automl-exam-ss25-tabular-freiburg-template/automl-tabular-env/lib/python3.10/site-packages/pytorch_tabnet/callbacks.py:172: UserWarning: Best weights from best epoch are automatically used!
  warnings.warn(wrn_msg)
[I 2025-08-05 00:17:49,051] Trial 18 finished with value: 0.24938149805219145 and parameters: {'n_d': 36, 'n_a': 17, 'n_steps': 8, 'gamma': 1.6427011590238159, 'lambda_sparse': 0.00019990394888239776, 'lr': 0.00011603578043755448, 'weight_decay': 3.145372243187399e-05}. Best is trial 10 with value: 0.9180529413175436.
/work/dlclarge2/alidemaa-dl_lab/automl/automl-exam-ss25-tabular-freiburg-template/automl-tabular-env/lib/python3.10/site-packages/pytorch_tabnet/callbacks.py:172: UserWarning: Best weights from best epoch are automatically used!
  warnings.warn(wrn_msg)
[I 2025-08-05 00:19:09,497] Trial 19 finished with value: 0.9050850383204107 and parameters: {'n_d': 17, 'n_a': 37, 'n_steps': 5, 'gamma': 1.1852787375745744, 'lambda_sparse': 0.0011451298420782365, 'lr': 0.03553233242976734, 'weight_decay': 0.00016913220041112973}. Best is trial 10 with value: 0.9180529413175436.
/work/dlclarge2/alidemaa-dl_lab/automl/automl-exam-ss25-tabular-freiburg-template/automl-tabular-env/lib/python3.10/site-packages/pytorch_tabnet/callbacks.py:172: UserWarning: Best weights from best epoch are automatically used!
  warnings.warn(wrn_msg)
[I 2025-08-05 00:20:48,539] A new study created in memory with name: no-name-e8b64bde-8e16-4110-851f-2bdde5b8371c
/work/dlclarge2/alidemaa-dl_lab/automl/automl-exam-ss25-tabular-freiburg-template/automl-tabular-env/lib/python3.10/site-packages/pytorch_tabnet/callbacks.py:172: UserWarning: Best weights from best epoch are automatically used!
  warnings.warn(wrn_msg)
