[I 2025-08-05 18:45:57,530] Trial 148 finished with value: -0.3768106398974431 and parameters: {'learning_rate': 0.017014271227413395, 'num_leaves': 199, 'max_depth': 14, 'min_child_samples': 66, 'feature_fraction': 0.8414036884096635, 'bagging_fraction': 0.828208956110721, 'reg_alpha': 1.1719127230045256, 'reg_lambda': 0.34251789334128707}. Best is trial 131 with value: -0.37938395163064437.
[I 2025-08-05 18:46:00,497] Trial 149 finished with value: -0.3731955564761406 and parameters: {'learning_rate': 0.013429538004158607, 'num_leaves': 192, 'max_depth': 12, 'min_child_samples': 62, 'feature_fraction': 0.8854193995526823, 'bagging_fraction': 0.9525142031242954, 'reg_alpha': 4.164658020407134, 'reg_lambda': 9.611403882021714}. Best is trial 131 with value: -0.37938395163064437.
2025-08-05 18:46:00 [INFO] Model selection complete. Validation metrics: {'val_catboost': 0.40303157013342905, 'val_lightgbm': 0.3885738547842924, 'val_ensemble': 0.40727281489111977}
2025-08-05 18:46:00 [INFO] Selected best model 'ensemble' with validation R²=0.4073
2025-08-05 18:46:01 [INFO] Retraining best model 'ensemble' on full dataset
2025-08-05 18:46:06 [INFO] Retraining completed in 5.30s
2025-08-05 18:46:06 [INFO] Saved final model to '/work/dlclarge2/latifajr-dl_lab_project/autoML/automl-exam-ss25-tabular-freiburg-template/modelsFinal-wine_quality_rona/final_ensemble.pkl'
2025-08-05 18:46:06 [INFO] Tree-based → /work/dlclarge2/latifajr-dl_lab_project/autoML/automl-exam-ss25-tabular-freiburg-template/modelsFinal-wine_quality_rona/final_ensemble.pkl (R²=0.4073)
2025-08-05 18:46:06 [INFO] Training TabNet model...
/work/dlclarge2/latifajr-dl_lab_project/autoML/automl-exam-ss25-tabular-freiburg-template/src/models/tabnet/tabnet_train.py:37: FutureWarning: DataFrame.fillna with 'method' is deprecated and will raise in a future version. Use obj.ffill() or obj.bfill() instead.
  df = df.fillna(method="ffill").fillna(method="bfill").fillna(0)
/work/dlclarge2/latifajr-dl_lab_project/autoML/automl-exam-ss25-tabular-freiburg-template/src/models/tabnet/tabnet_train.py:37: FutureWarning: DataFrame.fillna with 'method' is deprecated and will raise in a future version. Use obj.ffill() or obj.bfill() instead.
  df = df.fillna(method="ffill").fillna(method="bfill").fillna(0)
[I 2025-08-05 18:46:06,950] A new study created in memory with name: no-name-56051444-7ce1-493f-8f93-f8a17c588e43
/work/dlclarge2/latifajr-dl_lab_project/autoML/automl-exam-ss25-tabular-freiburg-template/automl-tabular-env/lib/python3.10/site-packages/pytorch_tabnet/callbacks.py:172: UserWarning: Best weights from best epoch are automatically used!
  warnings.warn(wrn_msg)
[I 2025-08-05 18:46:41,563] Trial 0 finished with value: 0.314807362678158 and parameters: {'n_d': 57, 'n_a': 32, 'n_steps': 6, 'gamma': 1.9127237419594216, 'lambda_sparse': 1.0813157972083917e-05, 'lr': 0.004061580571048607, 'weight_decay': 0.00022594802545885257}. Best is trial 0 with value: 0.314807362678158.
/work/dlclarge2/latifajr-dl_lab_project/autoML/automl-exam-ss25-tabular-freiburg-template/automl-tabular-env/lib/python3.10/site-packages/pytorch_tabnet/callbacks.py:172: UserWarning: Best weights from best epoch are automatically used!
  warnings.warn(wrn_msg)
[I 2025-08-05 18:47:23,034] Trial 1 finished with value: -2.403495334611619 and parameters: {'n_d': 24, 'n_a': 37, 'n_steps': 9, 'gamma': 1.194693810181912, 'lambda_sparse': 7.345013332935562e-05, 'lr': 0.00011494253449516327, 'weight_decay': 0.0007415940897849391}. Best is trial 0 with value: 0.314807362678158.
/work/dlclarge2/latifajr-dl_lab_project/autoML/automl-exam-ss25-tabular-freiburg-template/automl-tabular-env/lib/python3.10/site-packages/pytorch_tabnet/callbacks.py:172: UserWarning: Best weights from best epoch are automatically used!
  warnings.warn(wrn_msg)
[I 2025-08-05 18:47:48,952] Trial 2 finished with value: 0.32366392292502655 and parameters: {'n_d': 50, 'n_a': 21, 'n_steps': 4, 'gamma': 1.8966394555720039, 'lambda_sparse': 6.227512290494734e-05, 'lr': 0.007386193516395093, 'weight_decay': 0.0003851817915786762}. Best is trial 2 with value: 0.32366392292502655.
/work/dlclarge2/latifajr-dl_lab_project/autoML/automl-exam-ss25-tabular-freiburg-template/automl-tabular-env/lib/python3.10/site-packages/pytorch_tabnet/callbacks.py:172: UserWarning: Best weights from best epoch are automatically used!
  warnings.warn(wrn_msg)
[I 2025-08-05 18:48:14,897] Trial 3 finished with value: 0.2921706912519205 and parameters: {'n_d': 57, 'n_a': 62, 'n_steps': 4, 'gamma': 1.487356161056895, 'lambda_sparse': 0.0023346297223746596, 'lr': 0.001110324920555219, 'weight_decay': 1.1831059454827291e-05}. Best is trial 2 with value: 0.32366392292502655.
/work/dlclarge2/latifajr-dl_lab_project/autoML/automl-exam-ss25-tabular-freiburg-template/automl-tabular-env/lib/python3.10/site-packages/pytorch_tabnet/callbacks.py:172: UserWarning: Best weights from best epoch are automatically used!
  warnings.warn(wrn_msg)
[I 2025-08-05 18:48:44,957] Trial 4 finished with value: 0.3396521864786859 and parameters: {'n_d': 47, 'n_a': 10, 'n_steps': 6, 'gamma': 1.6357403553686785, 'lambda_sparse': 9.096961388514235e-05, 'lr': 0.0029257716679087515, 'weight_decay': 5.482979725800118e-06}. Best is trial 4 with value: 0.3396521864786859.
/work/dlclarge2/latifajr-dl_lab_project/autoML/automl-exam-ss25-tabular-freiburg-template/automl-tabular-env/lib/python3.10/site-packages/pytorch_tabnet/callbacks.py:172: UserWarning: Best weights from best epoch are automatically used!
  warnings.warn(wrn_msg)
[I 2025-08-05 18:49:16,814] Trial 5 finished with value: -1.845875856152952 and parameters: {'n_d': 37, 'n_a': 15, 'n_steps': 9, 'gamma': 1.8812027915990468, 'lambda_sparse': 5.157639476455683e-05, 'lr': 0.0003326146657496228, 'weight_decay': 0.0006751738537521158}. Best is trial 4 with value: 0.3396521864786859.
/work/dlclarge2/latifajr-dl_lab_project/autoML/automl-exam-ss25-tabular-freiburg-template/automl-tabular-env/lib/python3.10/site-packages/pytorch_tabnet/callbacks.py:172: UserWarning: Best weights from best epoch are automatically used!
  warnings.warn(wrn_msg)
[I 2025-08-05 18:49:22,289] Trial 6 finished with value: -0.22789666433287636 and parameters: {'n_d': 18, 'n_a': 35, 'n_steps': 3, 'gamma': 1.5483799126067255, 'lambda_sparse': 3.918012432037273e-05, 'lr': 0.02706873072025961, 'weight_decay': 5.4479448251839026e-05}. Best is trial 4 with value: 0.3396521864786859.
/work/dlclarge2/latifajr-dl_lab_project/autoML/automl-exam-ss25-tabular-freiburg-template/automl-tabular-env/lib/python3.10/site-packages/pytorch_tabnet/callbacks.py:172: UserWarning: Best weights from best epoch are automatically used!
  warnings.warn(wrn_msg)
[I 2025-08-05 18:49:52,920] Trial 7 finished with value: 0.3049163807430363 and parameters: {'n_d': 58, 'n_a': 35, 'n_steps': 7, 'gamma': 1.4894405391780556, 'lambda_sparse': 1.0704723880258274e-05, 'lr': 0.007239111544691012, 'weight_decay': 2.3456414634309984e-05}. Best is trial 4 with value: 0.3396521864786859.
/work/dlclarge2/latifajr-dl_lab_project/autoML/automl-exam-ss25-tabular-freiburg-template/automl-tabular-env/lib/python3.10/site-packages/pytorch_tabnet/callbacks.py:172: UserWarning: Best weights from best epoch are automatically used!
  warnings.warn(wrn_msg)
[I 2025-08-05 18:50:00,143] Trial 8 finished with value: 0.006201716738450713 and parameters: {'n_d': 45, 'n_a': 49, 'n_steps': 5, 'gamma': 1.3491215235260319, 'lambda_sparse': 0.005158426236147618, 'lr': 0.06658598882250003, 'weight_decay': 0.0001662192396205474}. Best is trial 4 with value: 0.3396521864786859.
/work/dlclarge2/latifajr-dl_lab_project/autoML/automl-exam-ss25-tabular-freiburg-template/automl-tabular-env/lib/python3.10/site-packages/pytorch_tabnet/callbacks.py:172: UserWarning: Best weights from best epoch are automatically used!
  warnings.warn(wrn_msg)
[I 2025-08-05 18:50:25,878] Trial 9 finished with value: 0.2459491117183371 and parameters: {'n_d': 11, 'n_a': 13, 'n_steps': 5, 'gamma': 1.4703837213583708, 'lambda_sparse': 0.004159673048853748, 'lr': 0.003791544169964069, 'weight_decay': 1.2270963996620118e-06}. Best is trial 4 with value: 0.3396521864786859.
/work/dlclarge2/latifajr-dl_lab_project/autoML/automl-exam-ss25-tabular-freiburg-template/automl-tabular-env/lib/python3.10/site-packages/pytorch_tabnet/callbacks.py:172: UserWarning: Best weights from best epoch are automatically used!
  warnings.warn(wrn_msg)
[I 2025-08-05 18:50:59,560] Trial 10 finished with value: 0.20910919436083175 and parameters: {'n_d': 32, 'n_a': 8, 'n_steps': 7, 'gamma': 1.6859179821061314, 'lambda_sparse': 0.0005555166558210584, 'lr': 0.0009384333690991923, 'weight_decay': 3.113930782898749e-06}. Best is trial 4 with value: 0.3396521864786859.
/work/dlclarge2/latifajr-dl_lab_project/autoML/automl-exam-ss25-tabular-freiburg-template/automl-tabular-env/lib/python3.10/site-packages/pytorch_tabnet/callbacks.py:172: UserWarning: Best weights from best epoch are automatically used!
  warnings.warn(wrn_msg)
[I 2025-08-05 18:51:21,515] Trial 11 finished with value: 0.3721702583296679 and parameters: {'n_d': 46, 'n_a': 21, 'n_steps': 3, 'gamma': 1.7307185479347817, 'lambda_sparse': 0.00018422095971292726, 'lr': 0.01397056821631116, 'weight_decay': 6.4922463108197635e-06}. Best is trial 11 with value: 0.3721702583296679.
/work/dlclarge2/latifajr-dl_lab_project/autoML/automl-exam-ss25-tabular-freiburg-template/automl-tabular-env/lib/python3.10/site-packages/pytorch_tabnet/callbacks.py:172: UserWarning: Best weights from best epoch are automatically used!
  warnings.warn(wrn_msg)
[I 2025-08-05 18:51:42,955] Trial 12 finished with value: 0.35713775302638573 and parameters: {'n_d': 43, 'n_a': 24, 'n_steps': 3, 'gamma': 1.7464786074849408, 'lambda_sparse': 0.0004773104526483612, 'lr': 0.020845890185475054, 'weight_decay': 5.6106173309895675e-06}. Best is trial 11 with value: 0.3721702583296679.
/work/dlclarge2/latifajr-dl_lab_project/autoML/automl-exam-ss25-tabular-freiburg-template/automl-tabular-env/lib/python3.10/site-packages/pytorch_tabnet/callbacks.py:172: UserWarning: Best weights from best epoch are automatically used!
  warnings.warn(wrn_msg)
[I 2025-08-05 18:52:04,432] Trial 13 finished with value: 0.3286189891976544 and parameters: {'n_d': 37, 'n_a': 24, 'n_steps': 3, 'gamma': 1.7514952254144156, 'lambda_sparse': 0.0005067492550645442, 'lr': 0.022131391251016503, 'weight_decay': 5.671360278972318e-06}. Best is trial 11 with value: 0.3721702583296679.
/work/dlclarge2/latifajr-dl_lab_project/autoML/automl-exam-ss25-tabular-freiburg-template/automl-tabular-env/lib/python3.10/site-packages/pytorch_tabnet/callbacks.py:172: UserWarning: Best weights from best epoch are automatically used!
  warnings.warn(wrn_msg)
[I 2025-08-05 18:52:11,338] Trial 14 finished with value: -0.142721461829582 and parameters: {'n_d': 64, 'n_a': 24, 'n_steps': 3, 'gamma': 1.7913387275077384, 'lambda_sparse': 0.001442503592054285, 'lr': 0.02300453564622012, 'weight_decay': 1.0911027407516846e-06}. Best is trial 11 with value: 0.3721702583296679.
/work/dlclarge2/latifajr-dl_lab_project/autoML/automl-exam-ss25-tabular-freiburg-template/automl-tabular-env/lib/python3.10/site-packages/pytorch_tabnet/callbacks.py:172: UserWarning: Best weights from best epoch are automatically used!
  warnings.warn(wrn_msg)
[I 2025-08-05 18:52:18,468] Trial 15 finished with value: -0.2536511877979022 and parameters: {'n_d': 41, 'n_a': 45, 'n_steps': 4, 'gamma': 1.9820226962504177, 'lambda_sparse': 0.00024563147785435093, 'lr': 0.041366403999182, 'weight_decay': 4.7671505381192276e-05}. Best is trial 11 with value: 0.3721702583296679.
/work/dlclarge2/latifajr-dl_lab_project/autoML/automl-exam-ss25-tabular-freiburg-template/automl-tabular-env/lib/python3.10/site-packages/pytorch_tabnet/callbacks.py:172: UserWarning: Best weights from best epoch are automatically used!
  warnings.warn(wrn_msg)
[I 2025-08-05 18:53:03,239] Trial 16 finished with value: 0.36522512049525757 and parameters: {'n_d': 27, 'n_a': 19, 'n_steps': 10, 'gamma': 1.0507362415570483, 'lambda_sparse': 0.00022879134496711924, 'lr': 0.012646938316864835, 'weight_decay': 1.592905024673452e-05}. Best is trial 11 with value: 0.3721702583296679.
/work/dlclarge2/latifajr-dl_lab_project/autoML/automl-exam-ss25-tabular-freiburg-template/automl-tabular-env/lib/python3.10/site-packages/pytorch_tabnet/callbacks.py:172: UserWarning: Best weights from best epoch are automatically used!
  warnings.warn(wrn_msg)
[I 2025-08-05 18:53:47,922] Trial 17 finished with value: 0.351505701291972 and parameters: {'n_d': 27, 'n_a': 19, 'n_steps': 10, 'gamma': 1.047353290977295, 'lambda_sparse': 0.00023527498368904756, 'lr': 0.010819006907056596, 'weight_decay': 1.5137572466686017e-05}. Best is trial 11 with value: 0.3721702583296679.
/work/dlclarge2/latifajr-dl_lab_project/autoML/automl-exam-ss25-tabular-freiburg-template/automl-tabular-env/lib/python3.10/site-packages/pytorch_tabnet/callbacks.py:172: UserWarning: Best weights from best epoch are automatically used!
  warnings.warn(wrn_msg)
[I 2025-08-05 18:54:25,145] Trial 18 finished with value: 0.2799051720403388 and parameters: {'n_d': 30, 'n_a': 30, 'n_steps': 8, 'gamma': 1.3104423399521947, 'lambda_sparse': 0.00015349304206289398, 'lr': 0.001552678596507777, 'weight_decay': 8.63954518889835e-05}. Best is trial 11 with value: 0.3721702583296679.
/work/dlclarge2/latifajr-dl_lab_project/autoML/automl-exam-ss25-tabular-freiburg-template/automl-tabular-env/lib/python3.10/site-packages/pytorch_tabnet/callbacks.py:172: UserWarning: Best weights from best epoch are automatically used!
  warnings.warn(wrn_msg)
[I 2025-08-05 18:54:44,569] Trial 19 finished with value: -0.08830950703286544 and parameters: {'n_d': 20, 'n_a': 43, 'n_steps': 10, 'gamma': 1.0820426910065446, 'lambda_sparse': 2.3122685790001582e-05, 'lr': 0.07765055563869165, 'weight_decay': 2.389019893592545e-06}. Best is trial 11 with value: 0.3721702583296679.
/work/dlclarge2/latifajr-dl_lab_project/autoML/automl-exam-ss25-tabular-freiburg-template/automl-tabular-env/lib/python3.10/site-packages/pytorch_tabnet/callbacks.py:172: UserWarning: Best weights from best epoch are automatically used!
  warnings.warn(wrn_msg)
/work/dlclarge2/latifajr-dl_lab_project/autoML/automl-exam-ss25-tabular-freiburg-template/src/models/tabnet/tabnet_train.py:37: FutureWarning: DataFrame.fillna with 'method' is deprecated and will raise in a future version. Use obj.ffill() or obj.bfill() instead.
  df = df.fillna(method="ffill").fillna(method="bfill").fillna(0)
/work/dlclarge2/latifajr-dl_lab_project/autoML/automl-exam-ss25-tabular-freiburg-template/src/models/tabnet/tabnet_train.py:37: FutureWarning: DataFrame.fillna with 'method' is deprecated and will raise in a future version. Use obj.ffill() or obj.bfill() instead.
  df = df.fillna(method="ffill").fillna(method="bfill").fillna(0)
[I 2025-08-05 18:55:11,525] A new study created in memory with name: no-name-fc80218c-6d57-4079-b663-30ee288a3c56
/work/dlclarge2/latifajr-dl_lab_project/autoML/automl-exam-ss25-tabular-freiburg-template/automl-tabular-env/lib/python3.10/site-packages/pytorch_tabnet/callbacks.py:172: UserWarning: Best weights from best epoch are automatically used!
  warnings.warn(wrn_msg)
[I 2025-08-05 18:55:50,739] Trial 0 finished with value: 0.30047278257539756 and parameters: {'n_d': 16, 'n_a': 17, 'n_steps': 9, 'gamma': 1.3234011933664045, 'lambda_sparse': 0.0013064414608004332, 'lr': 0.002888233235386529, 'weight_decay': 7.829659020093581e-05}. Best is trial 0 with value: 0.30047278257539756.
/work/dlclarge2/latifajr-dl_lab_project/autoML/automl-exam-ss25-tabular-freiburg-template/automl-tabular-env/lib/python3.10/site-packages/pytorch_tabnet/callbacks.py:172: UserWarning: Best weights from best epoch are automatically used!
  warnings.warn(wrn_msg)
[I 2025-08-05 18:56:12,229] Trial 1 finished with value: 0.3395133336061805 and parameters: {'n_d': 13, 'n_a': 42, 'n_steps': 3, 'gamma': 1.0127537981187986, 'lambda_sparse': 0.0001306316301681951, 'lr': 0.0023798142379384555, 'weight_decay': 0.0003008271553716286}. Best is trial 1 with value: 0.3395133336061805.
/work/dlclarge2/latifajr-dl_lab_project/autoML/automl-exam-ss25-tabular-freiburg-template/automl-tabular-env/lib/python3.10/site-packages/pytorch_tabnet/callbacks.py:172: UserWarning: Best weights from best epoch are automatically used!
  warnings.warn(wrn_msg)
[I 2025-08-05 18:56:42,558] Trial 2 finished with value: 0.38461346578618294 and parameters: {'n_d': 26, 'n_a': 28, 'n_steps': 6, 'gamma': 1.5593374255660777, 'lambda_sparse': 0.001173150925410537, 'lr': 0.015396307499603875, 'weight_decay': 1.5574554395838472e-05}. Best is trial 2 with value: 0.38461346578618294.
/work/dlclarge2/latifajr-dl_lab_project/autoML/automl-exam-ss25-tabular-freiburg-template/automl-tabular-env/lib/python3.10/site-packages/pytorch_tabnet/callbacks.py:172: UserWarning: Best weights from best epoch are automatically used!
  warnings.warn(wrn_msg)
[I 2025-08-05 18:57:01,966] Trial 3 finished with value: 0.27569499261581487 and parameters: {'n_d': 35, 'n_a': 15, 'n_steps': 3, 'gamma': 1.9582899331605401, 'lambda_sparse': 2.897137368359732e-05, 'lr': 0.012018345918131503, 'weight_decay': 0.00010115386836016024}. Best is trial 2 with value: 0.38461346578618294.
/work/dlclarge2/latifajr-dl_lab_project/autoML/automl-exam-ss25-tabular-freiburg-template/automl-tabular-env/lib/python3.10/site-packages/pytorch_tabnet/callbacks.py:172: UserWarning: Best weights from best epoch are automatically used!
  warnings.warn(wrn_msg)
[I 2025-08-05 18:57:09,651] Trial 4 finished with value: -0.017084690776830502 and parameters: {'n_d': 10, 'n_a': 58, 'n_steps': 3, 'gamma': 1.978538559800978, 'lambda_sparse': 0.0005318546822184339, 'lr': 0.07435592543072124, 'weight_decay': 3.6268763955025805e-05}. Best is trial 2 with value: 0.38461346578618294.
/work/dlclarge2/latifajr-dl_lab_project/autoML/automl-exam-ss25-tabular-freiburg-template/automl-tabular-env/lib/python3.10/site-packages/pytorch_tabnet/callbacks.py:172: UserWarning: Best weights from best epoch are automatically used!
  warnings.warn(wrn_msg)
[I 2025-08-05 18:57:55,064] Trial 5 finished with value: 0.18654611598295656 and parameters: {'n_d': 35, 'n_a': 49, 'n_steps': 10, 'gamma': 1.0949362609701045, 'lambda_sparse': 0.0011330632050020524, 'lr': 0.0009228503102796597, 'weight_decay': 1.2414293656039923e-05}. Best is trial 2 with value: 0.38461346578618294.
/work/dlclarge2/latifajr-dl_lab_project/autoML/automl-exam-ss25-tabular-freiburg-template/automl-tabular-env/lib/python3.10/site-packages/pytorch_tabnet/callbacks.py:172: UserWarning: Best weights from best epoch are automatically used!
  warnings.warn(wrn_msg)
[I 2025-08-05 18:58:16,545] Trial 6 finished with value: 0.314418904173163 and parameters: {'n_d': 21, 'n_a': 15, 'n_steps': 3, 'gamma': 1.8291633804730454, 'lambda_sparse': 0.0019137466473885761, 'lr': 0.009371170518507667, 'weight_decay': 2.698252781861111e-06}. Best is trial 2 with value: 0.38461346578618294.
/work/dlclarge2/latifajr-dl_lab_project/autoML/automl-exam-ss25-tabular-freiburg-template/automl-tabular-env/lib/python3.10/site-packages/pytorch_tabnet/callbacks.py:172: UserWarning: Best weights from best epoch are automatically used!
  warnings.warn(wrn_msg)
[I 2025-08-05 18:58:57,776] Trial 7 finished with value: -0.9353904584124952 and parameters: {'n_d': 22, 'n_a': 41, 'n_steps': 9, 'gamma': 1.981381377549517, 'lambda_sparse': 0.00674932768421638, 'lr': 0.00034736224589861634, 'weight_decay': 1.8249952675673434e-05}. Best is trial 2 with value: 0.38461346578618294.
/work/dlclarge2/latifajr-dl_lab_project/autoML/automl-exam-ss25-tabular-freiburg-template/automl-tabular-env/lib/python3.10/site-packages/pytorch_tabnet/callbacks.py:172: UserWarning: Best weights from best epoch are automatically used!
  warnings.warn(wrn_msg)
[I 2025-08-05 18:59:19,433] Trial 8 finished with value: 0.24909375712456205 and parameters: {'n_d': 9, 'n_a': 12, 'n_steps': 3, 'gamma': 1.7577733292538045, 'lambda_sparse': 0.00011581250908326188, 'lr': 0.000548817763847608, 'weight_decay': 4.782485598645321e-05}. Best is trial 2 with value: 0.38461346578618294.
/work/dlclarge2/latifajr-dl_lab_project/autoML/automl-exam-ss25-tabular-freiburg-template/automl-tabular-env/lib/python3.10/site-packages/pytorch_tabnet/callbacks.py:172: UserWarning: Best weights from best epoch are automatically used!
  warnings.warn(wrn_msg)
[I 2025-08-05 19:00:00,100] Trial 9 finished with value: 0.2791822606431429 and parameters: {'n_d': 30, 'n_a': 34, 'n_steps': 9, 'gamma': 1.771211944636683, 'lambda_sparse': 0.004933814073153864, 'lr': 0.005808747475713189, 'weight_decay': 3.335715784859606e-06}. Best is trial 2 with value: 0.38461346578618294.
/work/dlclarge2/latifajr-dl_lab_project/autoML/automl-exam-ss25-tabular-freiburg-template/automl-tabular-env/lib/python3.10/site-packages/pytorch_tabnet/callbacks.py:172: UserWarning: Best weights from best epoch are automatically used!
  warnings.warn(wrn_msg)
[I 2025-08-05 19:00:30,272] Trial 10 finished with value: 0.3436150195934724 and parameters: {'n_d': 54, 'n_a': 28, 'n_steps': 6, 'gamma': 1.5164274194976322, 'lambda_sparse': 1.5039458847408292e-05, 'lr': 0.038283420105964354, 'weight_decay': 0.0009058876347149096}. Best is trial 2 with value: 0.38461346578618294.
/work/dlclarge2/latifajr-dl_lab_project/autoML/automl-exam-ss25-tabular-freiburg-template/automl-tabular-env/lib/python3.10/site-packages/pytorch_tabnet/callbacks.py:172: UserWarning: Best weights from best epoch are automatically used!
  warnings.warn(wrn_msg)
