[I 2025-08-04 09:49:55,086] Trial 4 finished with value: -0.014540418028160085 and parameters: {'n_d': 58, 'n_a': 39, 'n_steps': 6, 'gamma': 1.401388916929896, 'lambda_sparse': 0.00032413771699455916, 'lr': 0.0004105442269616059, 'weight_decay': 9.632800021282405e-05}. Best is trial 2 with value: 0.09879641110752746.
/work/dlclarge2/alidemaa-dl_lab/automl/automl-exam-ss25-tabular-freiburg-template/automl-tabular-env/lib/python3.10/site-packages/pytorch_tabnet/callbacks.py:172: UserWarning: Best weights from best epoch are automatically used!
  warnings.warn(wrn_msg)
[I 2025-08-04 09:50:27,309] Trial 5 finished with value: -0.09978465477459864 and parameters: {'n_d': 54, 'n_a': 33, 'n_steps': 9, 'gamma': 1.53059248170046, 'lambda_sparse': 4.8842056351926114e-05, 'lr': 0.00011366261442019918, 'weight_decay': 1.6166555251525287e-06}. Best is trial 2 with value: 0.09879641110752746.
/work/dlclarge2/alidemaa-dl_lab/automl/automl-exam-ss25-tabular-freiburg-template/automl-tabular-env/lib/python3.10/site-packages/pytorch_tabnet/callbacks.py:172: UserWarning: Best weights from best epoch are automatically used!
  warnings.warn(wrn_msg)
[I 2025-08-04 09:51:46,173] Trial 6 finished with value: 0.0812315377409849 and parameters: {'n_d': 59, 'n_a': 18, 'n_steps': 10, 'gamma': 1.9161096764677374, 'lambda_sparse': 0.009999703337325161, 'lr': 0.03866706156790405, 'weight_decay': 6.146428571562665e-05}. Best is trial 2 with value: 0.09879641110752746.
/work/dlclarge2/alidemaa-dl_lab/automl/automl-exam-ss25-tabular-freiburg-template/automl-tabular-env/lib/python3.10/site-packages/pytorch_tabnet/callbacks.py:172: UserWarning: Best weights from best epoch are automatically used!
  warnings.warn(wrn_msg)
[I 2025-08-04 09:52:52,336] Trial 7 finished with value: 0.06392254474527326 and parameters: {'n_d': 14, 'n_a': 21, 'n_steps': 9, 'gamma': 1.3582240954289158, 'lambda_sparse': 0.0011690870386004226, 'lr': 0.04104525258817171, 'weight_decay': 2.431560369495442e-06}. Best is trial 2 with value: 0.09879641110752746.
/work/dlclarge2/alidemaa-dl_lab/automl/automl-exam-ss25-tabular-freiburg-template/automl-tabular-env/lib/python3.10/site-packages/pytorch_tabnet/callbacks.py:172: UserWarning: Best weights from best epoch are automatically used!
  warnings.warn(wrn_msg)
[I 2025-08-04 09:53:40,119] Trial 8 finished with value: 0.08080254364226447 and parameters: {'n_d': 21, 'n_a': 44, 'n_steps': 5, 'gamma': 1.0169875607234071, 'lambda_sparse': 0.0058325413792851295, 'lr': 0.003510500928024281, 'weight_decay': 7.385438534888835e-06}. Best is trial 2 with value: 0.09879641110752746.
/work/dlclarge2/alidemaa-dl_lab/automl/automl-exam-ss25-tabular-freiburg-template/automl-tabular-env/lib/python3.10/site-packages/pytorch_tabnet/callbacks.py:172: UserWarning: Best weights from best epoch are automatically used!
  warnings.warn(wrn_msg)
[I 2025-08-04 09:54:29,436] Trial 9 finished with value: 0.022871137741544034 and parameters: {'n_d': 30, 'n_a': 37, 'n_steps': 9, 'gamma': 1.2715737958816833, 'lambda_sparse': 0.0016040313450139212, 'lr': 0.0010605635813103502, 'weight_decay': 0.0004746684290515332}. Best is trial 2 with value: 0.09879641110752746.
/work/dlclarge2/alidemaa-dl_lab/automl/automl-exam-ss25-tabular-freiburg-template/automl-tabular-env/lib/python3.10/site-packages/pytorch_tabnet/callbacks.py:172: UserWarning: Best weights from best epoch are automatically used!
  warnings.warn(wrn_msg)
[I 2025-08-04 09:54:54,713] Trial 10 finished with value: 0.08019264233173673 and parameters: {'n_d': 44, 'n_a': 58, 'n_steps': 3, 'gamma': 1.8537263275512146, 'lambda_sparse': 0.00019692798508601589, 'lr': 0.011293933412496116, 'weight_decay': 1.7760340290169882e-05}. Best is trial 2 with value: 0.09879641110752746.
/work/dlclarge2/alidemaa-dl_lab/automl/automl-exam-ss25-tabular-freiburg-template/automl-tabular-env/lib/python3.10/site-packages/pytorch_tabnet/callbacks.py:172: UserWarning: Best weights from best epoch are automatically used!
  warnings.warn(wrn_msg)
[I 2025-08-04 09:55:24,203] Trial 11 finished with value: 0.08513822590603437 and parameters: {'n_d': 44, 'n_a': 9, 'n_steps': 3, 'gamma': 1.9762126096070314, 'lambda_sparse': 0.009653445264468973, 'lr': 0.014172103343865303, 'weight_decay': 0.00011177180796334094}. Best is trial 2 with value: 0.09879641110752746.
/work/dlclarge2/alidemaa-dl_lab/automl/automl-exam-ss25-tabular-freiburg-template/automl-tabular-env/lib/python3.10/site-packages/pytorch_tabnet/callbacks.py:172: UserWarning: Best weights from best epoch are automatically used!
  warnings.warn(wrn_msg)
[I 2025-08-04 09:55:51,215] Trial 12 finished with value: 0.058588452407992375 and parameters: {'n_d': 45, 'n_a': 9, 'n_steps': 3, 'gamma': 1.7379876218086372, 'lambda_sparse': 0.001956998456509835, 'lr': 0.010352414641979453, 'weight_decay': 0.0001423230371654877}. Best is trial 2 with value: 0.09879641110752746.
/work/dlclarge2/alidemaa-dl_lab/automl/automl-exam-ss25-tabular-freiburg-template/automl-tabular-env/lib/python3.10/site-packages/pytorch_tabnet/callbacks.py:172: UserWarning: Best weights from best epoch are automatically used!
  warnings.warn(wrn_msg)
[I 2025-08-04 09:56:20,337] Trial 13 finished with value: 0.09138899086436758 and parameters: {'n_d': 44, 'n_a': 55, 'n_steps': 3, 'gamma': 1.9999482456284647, 'lambda_sparse': 0.0004555829352527409, 'lr': 0.00932813024917088, 'weight_decay': 0.0006770578418921725}. Best is trial 2 with value: 0.09879641110752746.
/work/dlclarge2/alidemaa-dl_lab/automl/automl-exam-ss25-tabular-freiburg-template/automl-tabular-env/lib/python3.10/site-packages/pytorch_tabnet/callbacks.py:172: UserWarning: Best weights from best epoch are automatically used!
  warnings.warn(wrn_msg)
[I 2025-08-04 09:57:01,976] Trial 14 finished with value: 0.06519401230713273 and parameters: {'n_d': 37, 'n_a': 53, 'n_steps': 4, 'gamma': 1.6770136131188862, 'lambda_sparse': 0.00037030313749119307, 'lr': 0.0032554495479945066, 'weight_decay': 0.000777546646915787}. Best is trial 2 with value: 0.09879641110752746.
/work/dlclarge2/alidemaa-dl_lab/automl/automl-exam-ss25-tabular-freiburg-template/automl-tabular-env/lib/python3.10/site-packages/pytorch_tabnet/callbacks.py:172: UserWarning: Best weights from best epoch are automatically used!
  warnings.warn(wrn_msg)
[I 2025-08-04 09:57:51,422] Trial 15 finished with value: 0.06801527583595146 and parameters: {'n_d': 27, 'n_a': 50, 'n_steps': 7, 'gamma': 1.7710298955362525, 'lambda_sparse': 9.407109332098417e-05, 'lr': 0.006638883539582669, 'weight_decay': 0.0009690182636087323}. Best is trial 2 with value: 0.09879641110752746.
/work/dlclarge2/alidemaa-dl_lab/automl/automl-exam-ss25-tabular-freiburg-template/automl-tabular-env/lib/python3.10/site-packages/pytorch_tabnet/callbacks.py:172: UserWarning: Best weights from best epoch are automatically used!
  warnings.warn(wrn_msg)
[I 2025-08-04 09:58:04,574] Trial 16 finished with value: -0.024861330943603877 and parameters: {'n_d': 51, 'n_a': 60, 'n_steps': 7, 'gamma': 1.1799995341382323, 'lambda_sparse': 0.0005254694342257263, 'lr': 0.0012811708228082023, 'weight_decay': 8.181434882528177e-06}. Best is trial 2 with value: 0.09879641110752746.
/work/dlclarge2/alidemaa-dl_lab/automl/automl-exam-ss25-tabular-freiburg-template/automl-tabular-env/lib/python3.10/site-packages/pytorch_tabnet/callbacks.py:172: UserWarning: Best weights from best epoch are automatically used!
  warnings.warn(wrn_msg)
[I 2025-08-04 09:58:35,801] Trial 17 finished with value: 0.07601460496065504 and parameters: {'n_d': 37, 'n_a': 29, 'n_steps': 4, 'gamma': 1.4849570032880106, 'lambda_sparse': 1.2649847967134073e-05, 'lr': 0.023443664891656713, 'weight_decay': 0.0002909586885076121}. Best is trial 2 with value: 0.09879641110752746.
/work/dlclarge2/alidemaa-dl_lab/automl/automl-exam-ss25-tabular-freiburg-template/automl-tabular-env/lib/python3.10/site-packages/pytorch_tabnet/callbacks.py:172: UserWarning: Best weights from best epoch are automatically used!
  warnings.warn(wrn_msg)
[I 2025-08-04 09:59:10,489] Trial 18 finished with value: 0.0693298331967469 and parameters: {'n_d': 63, 'n_a': 48, 'n_steps': 4, 'gamma': 1.9861710852159185, 'lambda_sparse': 0.0008171969917220349, 'lr': 0.0051678827485888154, 'weight_decay': 4.650703928443056e-05}. Best is trial 2 with value: 0.09879641110752746.
/work/dlclarge2/alidemaa-dl_lab/automl/automl-exam-ss25-tabular-freiburg-template/automl-tabular-env/lib/python3.10/site-packages/pytorch_tabnet/callbacks.py:172: UserWarning: Best weights from best epoch are automatically used!
  warnings.warn(wrn_msg)
[I 2025-08-04 09:59:31,497] Trial 19 finished with value: 0.026320766280542918 and parameters: {'n_d': 49, 'n_a': 64, 'n_steps': 6, 'gamma': 1.8074866116215036, 'lambda_sparse': 0.00016017864534650743, 'lr': 0.0880670091266983, 'weight_decay': 9.595976022982728e-06}. Best is trial 2 with value: 0.09879641110752746.
/work/dlclarge2/alidemaa-dl_lab/automl/automl-exam-ss25-tabular-freiburg-template/automl-tabular-env/lib/python3.10/site-packages/pytorch_tabnet/callbacks.py:172: UserWarning: Best weights from best epoch are automatically used!
  warnings.warn(wrn_msg)
[I 2025-08-04 10:00:01,216] A new study created in memory with name: no-name-35b30fc7-449d-41f6-a12f-2cbbb9c0d1b0
/work/dlclarge2/alidemaa-dl_lab/automl/automl-exam-ss25-tabular-freiburg-template/automl-tabular-env/lib/python3.10/site-packages/pytorch_tabnet/callbacks.py:172: UserWarning: Best weights from best epoch are automatically used!
  warnings.warn(wrn_msg)
[I 2025-08-04 10:00:40,711] Trial 0 finished with value: 0.047730639974140066 and parameters: {'n_d': 23, 'n_a': 28, 'n_steps': 6, 'gamma': 1.625072362439072, 'lambda_sparse': 0.00019220924012524322, 'lr': 0.0036261997694443282, 'weight_decay': 4.691982962666779e-05}. Best is trial 0 with value: 0.047730639974140066.
/work/dlclarge2/alidemaa-dl_lab/automl/automl-exam-ss25-tabular-freiburg-template/automl-tabular-env/lib/python3.10/site-packages/pytorch_tabnet/callbacks.py:172: UserWarning: Best weights from best epoch are automatically used!
  warnings.warn(wrn_msg)
[I 2025-08-04 10:01:13,170] Trial 1 finished with value: 0.0886220103821963 and parameters: {'n_d': 36, 'n_a': 38, 'n_steps': 4, 'gamma': 1.3585212451075297, 'lambda_sparse': 1.655444680898649e-05, 'lr': 0.03242726259383366, 'weight_decay': 0.00042725418303114884}. Best is trial 1 with value: 0.0886220103821963.
/work/dlclarge2/alidemaa-dl_lab/automl/automl-exam-ss25-tabular-freiburg-template/automl-tabular-env/lib/python3.10/site-packages/pytorch_tabnet/callbacks.py:172: UserWarning: Best weights from best epoch are automatically used!
  warnings.warn(wrn_msg)
[I 2025-08-04 10:01:52,111] Trial 2 finished with value: 0.08724962716485507 and parameters: {'n_d': 40, 'n_a': 54, 'n_steps': 4, 'gamma': 1.2564115110626717, 'lambda_sparse': 0.0052825101581005715, 'lr': 0.005236104230110323, 'weight_decay': 5.813768575207021e-06}. Best is trial 1 with value: 0.0886220103821963.
/work/dlclarge2/alidemaa-dl_lab/automl/automl-exam-ss25-tabular-freiburg-template/automl-tabular-env/lib/python3.10/site-packages/pytorch_tabnet/callbacks.py:172: UserWarning: Best weights from best epoch are automatically used!
  warnings.warn(wrn_msg)
[I 2025-08-04 10:03:06,270] Trial 3 finished with value: 0.06799392020866402 and parameters: {'n_d': 28, 'n_a': 48, 'n_steps': 9, 'gamma': 1.9841583857235727, 'lambda_sparse': 2.7668289940641313e-05, 'lr': 0.008732759985466017, 'weight_decay': 0.00014228759081218184}. Best is trial 1 with value: 0.0886220103821963.
/work/dlclarge2/alidemaa-dl_lab/automl/automl-exam-ss25-tabular-freiburg-template/automl-tabular-env/lib/python3.10/site-packages/pytorch_tabnet/callbacks.py:172: UserWarning: Best weights from best epoch are automatically used!
  warnings.warn(wrn_msg)
[I 2025-08-04 10:03:56,660] Trial 4 finished with value: 0.035496926241933346 and parameters: {'n_d': 31, 'n_a': 22, 'n_steps': 8, 'gamma': 1.6995224187374236, 'lambda_sparse': 0.0032101748840659143, 'lr': 0.0054785168269489756, 'weight_decay': 8.894923421292885e-06}. Best is trial 1 with value: 0.0886220103821963.
/work/dlclarge2/alidemaa-dl_lab/automl/automl-exam-ss25-tabular-freiburg-template/automl-tabular-env/lib/python3.10/site-packages/pytorch_tabnet/callbacks.py:172: UserWarning: Best weights from best epoch are automatically used!
  warnings.warn(wrn_msg)
[I 2025-08-04 10:04:12,137] Trial 5 finished with value: -0.013078463742744573 and parameters: {'n_d': 41, 'n_a': 28, 'n_steps': 9, 'gamma': 1.2675622658429329, 'lambda_sparse': 0.002983303269292917, 'lr': 0.00015335715786286304, 'weight_decay': 2.59582652650555e-05}. Best is trial 1 with value: 0.0886220103821963.
/work/dlclarge2/alidemaa-dl_lab/automl/automl-exam-ss25-tabular-freiburg-template/automl-tabular-env/lib/python3.10/site-packages/pytorch_tabnet/callbacks.py:172: UserWarning: Best weights from best epoch are automatically used!
  warnings.warn(wrn_msg)
[I 2025-08-04 10:05:26,446] Trial 6 finished with value: 0.0729657962576381 and parameters: {'n_d': 28, 'n_a': 20, 'n_steps': 9, 'gamma': 1.5363586338501092, 'lambda_sparse': 0.0023392899236295427, 'lr': 0.008393028050598538, 'weight_decay': 5.279901322619503e-05}. Best is trial 1 with value: 0.0886220103821963.
/work/dlclarge2/alidemaa-dl_lab/automl/automl-exam-ss25-tabular-freiburg-template/automl-tabular-env/lib/python3.10/site-packages/pytorch_tabnet/callbacks.py:172: UserWarning: Best weights from best epoch are automatically used!
  warnings.warn(wrn_msg)
[I 2025-08-04 10:05:32,357] Trial 7 finished with value: -0.0029261383151870657 and parameters: {'n_d': 16, 'n_a': 30, 'n_steps': 3, 'gamma': 1.1661201799253869, 'lambda_sparse': 0.008786616926527893, 'lr': 0.00035055607479907294, 'weight_decay': 8.121776043047707e-06}. Best is trial 1 with value: 0.0886220103821963.
/work/dlclarge2/alidemaa-dl_lab/automl/automl-exam-ss25-tabular-freiburg-template/automl-tabular-env/lib/python3.10/site-packages/pytorch_tabnet/callbacks.py:172: UserWarning: Best weights from best epoch are automatically used!
  warnings.warn(wrn_msg)
[I 2025-08-04 10:05:45,200] Trial 8 finished with value: 0.014934680635542485 and parameters: {'n_d': 57, 'n_a': 17, 'n_steps': 5, 'gamma': 1.8928733988989213, 'lambda_sparse': 8.469299719297482e-05, 'lr': 0.0017737756575149487, 'weight_decay': 4.9446305202480544e-05}. Best is trial 1 with value: 0.0886220103821963.
/work/dlclarge2/alidemaa-dl_lab/automl/automl-exam-ss25-tabular-freiburg-template/automl-tabular-env/lib/python3.10/site-packages/pytorch_tabnet/callbacks.py:172: UserWarning: Best weights from best epoch are automatically used!
  warnings.warn(wrn_msg)
[I 2025-08-04 10:06:09,236] Trial 9 finished with value: 0.07676281425390985 and parameters: {'n_d': 63, 'n_a': 63, 'n_steps': 3, 'gamma': 1.6465469955127974, 'lambda_sparse': 0.0034876213897879834, 'lr': 0.001145186120066341, 'weight_decay': 5.779475966624451e-06}. Best is trial 1 with value: 0.0886220103821963.
/work/dlclarge2/alidemaa-dl_lab/automl/automl-exam-ss25-tabular-freiburg-template/automl-tabular-env/lib/python3.10/site-packages/pytorch_tabnet/callbacks.py:172: UserWarning: Best weights from best epoch are automatically used!
  warnings.warn(wrn_msg)
[I 2025-08-04 10:06:46,140] Trial 10 finished with value: 0.05652637645934344 and parameters: {'n_d': 9, 'n_a': 42, 'n_steps': 7, 'gamma': 1.0185695220539397, 'lambda_sparse': 1.645985883905288e-05, 'lr': 0.07663365329533689, 'weight_decay': 0.0006580430747402533}. Best is trial 1 with value: 0.0886220103821963.
/work/dlclarge2/alidemaa-dl_lab/automl/automl-exam-ss25-tabular-freiburg-template/automl-tabular-env/lib/python3.10/site-packages/pytorch_tabnet/callbacks.py:172: UserWarning: Best weights from best epoch are automatically used!
  warnings.warn(wrn_msg)
[I 2025-08-04 10:07:32,783] Trial 11 finished with value: 0.12229760177456939 and parameters: {'n_d': 46, 'n_a': 58, 'n_steps': 5, 'gamma': 1.358390915327553, 'lambda_sparse': 0.0004776917075091991, 'lr': 0.03657314055627895, 'weight_decay': 1.402506752230148e-06}. Best is trial 11 with value: 0.12229760177456939.
/work/dlclarge2/alidemaa-dl_lab/automl/automl-exam-ss25-tabular-freiburg-template/automl-tabular-env/lib/python3.10/site-packages/pytorch_tabnet/callbacks.py:172: UserWarning: Best weights from best epoch are automatically used!
  warnings.warn(wrn_msg)
[I 2025-08-04 10:08:15,350] Trial 12 finished with value: 0.12501607507678014 and parameters: {'n_d': 50, 'n_a': 61, 'n_steps': 5, 'gamma': 1.4018354505148038, 'lambda_sparse': 0.0007387840622224854, 'lr': 0.07258821334706592, 'weight_decay': 1.0217885477984024e-06}. Best is trial 12 with value: 0.12501607507678014.
/work/dlclarge2/alidemaa-dl_lab/automl/automl-exam-ss25-tabular-freiburg-template/automl-tabular-env/lib/python3.10/site-packages/pytorch_tabnet/callbacks.py:172: UserWarning: Best weights from best epoch are automatically used!
  warnings.warn(wrn_msg)
[I 2025-08-04 10:08:57,184] Trial 13 finished with value: 0.08637433763127222 and parameters: {'n_d': 50, 'n_a': 64, 'n_steps': 6, 'gamma': 1.4180788957476655, 'lambda_sparse': 0.0006926192213920196, 'lr': 0.09465049977347414, 'weight_decay': 1.3652222680965096e-06}. Best is trial 12 with value: 0.12501607507678014.
/work/dlclarge2/alidemaa-dl_lab/automl/automl-exam-ss25-tabular-freiburg-template/automl-tabular-env/lib/python3.10/site-packages/pytorch_tabnet/callbacks.py:172: UserWarning: Best weights from best epoch are automatically used!
  warnings.warn(wrn_msg)
[I 2025-08-04 10:09:22,395] Trial 14 finished with value: 0.06057494508134664 and parameters: {'n_d': 50, 'n_a': 55, 'n_steps': 5, 'gamma': 1.4820998451427234, 'lambda_sparse': 0.0006696506798379772, 'lr': 0.025507484459727166, 'weight_decay': 1.0815234628422217e-06}. Best is trial 12 with value: 0.12501607507678014.
/work/dlclarge2/alidemaa-dl_lab/automl/automl-exam-ss25-tabular-freiburg-template/automl-tabular-env/lib/python3.10/site-packages/pytorch_tabnet/callbacks.py:172: UserWarning: Best weights from best epoch are automatically used!
  warnings.warn(wrn_msg)
[I 2025-08-04 10:10:12,332] Trial 15 finished with value: 0.0929078607691568 and parameters: {'n_d': 49, 'n_a': 56, 'n_steps': 7, 'gamma': 1.082782329276367, 'lambda_sparse': 0.0007175546433526084, 'lr': 0.02255598068325611, 'weight_decay': 1.971366504413797e-06}. Best is trial 12 with value: 0.12501607507678014.
/work/dlclarge2/alidemaa-dl_lab/automl/automl-exam-ss25-tabular-freiburg-template/automl-tabular-env/lib/python3.10/site-packages/pytorch_tabnet/callbacks.py:172: UserWarning: Best weights from best epoch are automatically used!
  warnings.warn(wrn_msg)
[I 2025-08-04 10:10:57,199] Trial 16 finished with value: 0.10480060367998478 and parameters: {'n_d': 45, 'n_a': 46, 'n_steps': 5, 'gamma': 1.3462332110645332, 'lambda_sparse': 0.00019725952619549386, 'lr': 0.047715027223817014, 'weight_decay': 2.905904653052707e-06}. Best is trial 12 with value: 0.12501607507678014.
/work/dlclarge2/alidemaa-dl_lab/automl/automl-exam-ss25-tabular-freiburg-template/automl-tabular-env/lib/python3.10/site-packages/pytorch_tabnet/callbacks.py:172: UserWarning: Best weights from best epoch are automatically used!
  warnings.warn(wrn_msg)
[I 2025-08-04 10:11:32,856] Trial 17 finished with value: 0.07416377035594357 and parameters: {'n_d': 58, 'n_a': 8, 'n_steps': 4, 'gamma': 1.7811033130593388, 'lambda_sparse': 0.0011419824563533442, 'lr': 0.014225687667325826, 'weight_decay': 3.0690942245184627e-06}. Best is trial 12 with value: 0.12501607507678014.
/work/dlclarge2/alidemaa-dl_lab/automl/automl-exam-ss25-tabular-freiburg-template/automl-tabular-env/lib/python3.10/site-packages/pytorch_tabnet/callbacks.py:172: UserWarning: Best weights from best epoch are automatically used!
  warnings.warn(wrn_msg)
[I 2025-08-04 10:12:15,408] Trial 18 finished with value: 0.1053760723407473 and parameters: {'n_d': 56, 'n_a': 59, 'n_steps': 6, 'gamma': 1.522998531103399, 'lambda_sparse': 7.896265367787036e-05, 'lr': 0.05162353052516306, 'weight_decay': 1.795171102330198e-05}. Best is trial 12 with value: 0.12501607507678014.
/work/dlclarge2/alidemaa-dl_lab/automl/automl-exam-ss25-tabular-freiburg-template/automl-tabular-env/lib/python3.10/site-packages/pytorch_tabnet/callbacks.py:172: UserWarning: Best weights from best epoch are automatically used!
  warnings.warn(wrn_msg)
[I 2025-08-04 10:13:34,762] Trial 19 finished with value: 0.06256523806565994 and parameters: {'n_d': 44, 'n_a': 49, 'n_steps': 10, 'gamma': 1.207285525896067, 'lambda_sparse': 0.0002691709282257581, 'lr': 0.015627040977099743, 'weight_decay': 3.143661240111419e-06}. Best is trial 12 with value: 0.12501607507678014.
/work/dlclarge2/alidemaa-dl_lab/automl/automl-exam-ss25-tabular-freiburg-template/automl-tabular-env/lib/python3.10/site-packages/pytorch_tabnet/callbacks.py:172: UserWarning: Best weights from best epoch are automatically used!
  warnings.warn(wrn_msg)
[I 2025-08-04 10:14:23,286] A new study created in memory with name: no-name-ee419220-7d85-4565-a1f8-774ee1884387
/work/dlclarge2/alidemaa-dl_lab/automl/automl-exam-ss25-tabular-freiburg-template/automl-tabular-env/lib/python3.10/site-packages/pytorch_tabnet/callbacks.py:172: UserWarning: Best weights from best epoch are automatically used!
  warnings.warn(wrn_msg)
[I 2025-08-04 10:15:21,038] Trial 0 finished with value: 0.040511418512091946 and parameters: {'n_d': 53, 'n_a': 41, 'n_steps': 7, 'gamma': 1.311438117135154, 'lambda_sparse': 0.0025414182394114006, 'lr': 0.004369117667964735, 'weight_decay': 7.266980531407982e-06}. Best is trial 0 with value: 0.040511418512091946.
/work/dlclarge2/alidemaa-dl_lab/automl/automl-exam-ss25-tabular-freiburg-template/automl-tabular-env/lib/python3.10/site-packages/pytorch_tabnet/callbacks.py:172: UserWarning: Best weights from best epoch are automatically used!
  warnings.warn(wrn_msg)
