[I 2025-08-03 07:49:18,428] Trial 273 finished with value: -0.9312413357560321 and parameters: {'learning_rate': 0.035364429655634674, 'num_leaves': 20, 'max_depth': 15, 'min_child_samples': 62, 'feature_fraction': 0.5453454783142114, 'bagging_fraction': 0.7137970473262878, 'reg_alpha': 0.030803336768182386, 'reg_lambda': 1.95462728722034e-08}. Best is trial 181 with value: -0.9360705907673996.
[I 2025-08-03 07:49:44,004] Trial 274 finished with value: -0.9338574869322648 and parameters: {'learning_rate': 0.033149628973386844, 'num_leaves': 50, 'max_depth': 15, 'min_child_samples': 13, 'feature_fraction': 0.5193006994819442, 'bagging_fraction': 0.7698883527365437, 'reg_alpha': 6.7801714744790225, 'reg_lambda': 1.5883805169326468e-08}. Best is trial 181 with value: -0.9360705907673996.
[I 2025-08-03 07:50:01,799] Trial 275 finished with value: -0.9351528203168424 and parameters: {'learning_rate': 0.029353276010245854, 'num_leaves': 30, 'max_depth': 14, 'min_child_samples': 10, 'feature_fraction': 0.5354472122035902, 'bagging_fraction': 0.736031357097603, 'reg_alpha': 0.013358742203428422, 'reg_lambda': 2.9112649765244132e-08}. Best is trial 181 with value: -0.9360705907673996.
[I 2025-08-03 07:50:49,239] Trial 276 finished with value: -0.9322183661109733 and parameters: {'learning_rate': 0.036903557036191866, 'num_leaves': 186, 'max_depth': 15, 'min_child_samples': 14, 'feature_fraction': 0.5734359835088177, 'bagging_fraction': 0.7086075228914782, 'reg_alpha': 0.03833640749164244, 'reg_lambda': 1.0008695281140819e-08}. Best is trial 181 with value: -0.9360705907673996.
[I 2025-08-03 07:50:58,545] Trial 277 finished with value: -0.9299713543843289 and parameters: {'learning_rate': 0.0274052084675501, 'num_leaves': 12, 'max_depth': 15, 'min_child_samples': 12, 'feature_fraction': 0.5528309798173225, 'bagging_fraction': 0.7273880719936636, 'reg_alpha': 5.316362619866866, 'reg_lambda': 5.042850879129594e-08}. Best is trial 181 with value: -0.9360705907673996.
[I 2025-08-03 07:51:14,068] Trial 278 finished with value: -0.9352475361866723 and parameters: {'learning_rate': 0.034643251127225716, 'num_leaves': 25, 'max_depth': 15, 'min_child_samples': 10, 'feature_fraction': 0.5122608941429965, 'bagging_fraction': 0.6972156356501109, 'reg_alpha': 0.007252871181874284, 'reg_lambda': 1.5166600172077487e-08}. Best is trial 181 with value: -0.9360705907673996.
[I 2025-08-03 07:51:36,193] Trial 279 finished with value: -0.9336344853510037 and parameters: {'learning_rate': 0.029994945675250476, 'num_leaves': 39, 'max_depth': 15, 'min_child_samples': 16, 'feature_fraction': 0.7122465412391006, 'bagging_fraction': 0.9970868104383408, 'reg_alpha': 0.05061067498591407, 'reg_lambda': 2.4579499080418213e-08}. Best is trial 181 with value: -0.9360705907673996.
[I 2025-08-03 07:51:56,350] Trial 280 finished with value: -0.9286499647766918 and parameters: {'learning_rate': 0.03256156908737188, 'num_leaves': 34, 'max_depth': 14, 'min_child_samples': 54, 'feature_fraction': 0.7326124193772204, 'bagging_fraction': 0.7534768752550847, 'reg_alpha': 3.548851161107044, 'reg_lambda': 1.4955206209787866e-08}. Best is trial 181 with value: -0.9360705907673996.
[I 2025-08-03 07:52:19,515] Trial 281 finished with value: -0.9335644263163912 and parameters: {'learning_rate': 0.033972434838955096, 'num_leaves': 44, 'max_depth': 15, 'min_child_samples': 12, 'feature_fraction': 0.5394060201134484, 'bagging_fraction': 0.7163471214934833, 'reg_alpha': 0.02452427945526799, 'reg_lambda': 3.284440534181453e-08}. Best is trial 181 with value: -0.9360705907673996.
[I 2025-08-03 07:52:36,484] Trial 282 finished with value: -0.9346613481674185 and parameters: {'learning_rate': 0.04024719483529845, 'num_leaves': 30, 'max_depth': 15, 'min_child_samples': 10, 'feature_fraction': 0.525916451049473, 'bagging_fraction': 0.6882290275270596, 'reg_alpha': 0.09571810481702703, 'reg_lambda': 2.1699735964737748e-08}. Best is trial 181 with value: -0.9360705907673996.
[I 2025-08-03 07:52:56,969] Trial 283 finished with value: -0.9342445924749022 and parameters: {'learning_rate': 0.031124504311692135, 'num_leaves': 37, 'max_depth': 14, 'min_child_samples': 14, 'feature_fraction': 0.5601729186310009, 'bagging_fraction': 0.7006833294795894, 'reg_alpha': 7.4418687616480845, 'reg_lambda': 1.4529091123476962e-08}. Best is trial 181 with value: -0.9360705907673996.
[I 2025-08-03 07:53:20,439] Trial 284 finished with value: -0.933382592135302 and parameters: {'learning_rate': 0.046849513336169, 'num_leaves': 48, 'max_depth': 15, 'min_child_samples': 12, 'feature_fraction': 0.5466985990247536, 'bagging_fraction': 0.7403523653555162, 'reg_alpha': 0.013178630005891052, 'reg_lambda': 6.815893379710688e-08}. Best is trial 181 with value: -0.9360705907673996.
[I 2025-08-03 07:53:36,779] Trial 285 finished with value: -0.9355692409044762 and parameters: {'learning_rate': 0.03666411678575174, 'num_leaves': 27, 'max_depth': 15, 'min_child_samples': 10, 'feature_fraction': 0.5185592952700177, 'bagging_fraction': 0.8192626841874138, 'reg_alpha': 2.9653244413296136, 'reg_lambda': 4.458113464503802e-08}. Best is trial 181 with value: -0.9360705907673996.
[I 2025-08-03 07:53:48,616] Trial 286 finished with value: -0.9324714206350052 and parameters: {'learning_rate': 0.03936506564636037, 'num_leaves': 17, 'max_depth': 15, 'min_child_samples': 28, 'feature_fraction': 0.5333387544787931, 'bagging_fraction': 0.7961299695476829, 'reg_alpha': 8.281924676602834e-06, 'reg_lambda': 4.391452520500876e-08}. Best is trial 181 with value: -0.9360705907673996.
[I 2025-08-03 07:54:02,917] Trial 287 finished with value: -0.9348945056390986 and parameters: {'learning_rate': 0.037139706440076956, 'num_leaves': 23, 'max_depth': 15, 'min_child_samples': 11, 'feature_fraction': 0.5115861481981867, 'bagging_fraction': 0.7657195175451589, 'reg_alpha': 2.0926634461406968, 'reg_lambda': 1.3656484445470734e-08}. Best is trial 181 with value: -0.9360705907673996.
[I 2025-08-03 07:54:18,562] Trial 288 finished with value: -0.9344812667016859 and parameters: {'learning_rate': 0.0354934499707507, 'num_leaves': 28, 'max_depth': 7, 'min_child_samples': 13, 'feature_fraction': 0.5262028038331628, 'bagging_fraction': 0.9210645038886472, 'reg_alpha': 0.022019057624913338, 'reg_lambda': 1.0127393316930157e-08}. Best is trial 181 with value: -0.9360705907673996.
[I 2025-08-03 07:54:27,515] Trial 289 finished with value: -0.9338588130816933 and parameters: {'learning_rate': 0.05145645692146509, 'num_leaves': 26, 'max_depth': 4, 'min_child_samples': 10, 'feature_fraction': 0.5663455470224414, 'bagging_fraction': 0.8445755702478437, 'reg_alpha': 4.2992710157136, 'reg_lambda': 2.1288919353356103e-08}. Best is trial 181 with value: -0.9360705907673996.
[I 2025-08-03 07:54:46,829] Trial 290 finished with value: -0.9330736400583852 and parameters: {'learning_rate': 0.027983651032514687, 'num_leaves': 34, 'max_depth': 14, 'min_child_samples': 15, 'feature_fraction': 0.5410699697808051, 'bagging_fraction': 0.7258719929552702, 'reg_alpha': 9.939289635685922, 'reg_lambda': 3.1928603464218256e-08}. Best is trial 181 with value: -0.9360705907673996.
[I 2025-08-03 07:55:00,439] Trial 291 finished with value: -0.9341501988051141 and parameters: {'learning_rate': 0.037136042296353505, 'num_leaves': 21, 'max_depth': 15, 'min_child_samples': 12, 'feature_fraction': 0.5518410224160261, 'bagging_fraction': 0.8141950784450489, 'reg_alpha': 0.009076225223181793, 'reg_lambda': 1.4250303391509121e-05}. Best is trial 181 with value: -0.9360705907673996.
[I 2025-08-03 07:55:18,041] Trial 292 finished with value: -0.9354205871459259 and parameters: {'learning_rate': 0.03431055718096152, 'num_leaves': 31, 'max_depth': 15, 'min_child_samples': 10, 'feature_fraction': 0.5205130948717493, 'bagging_fraction': 0.8289496282794384, 'reg_alpha': 0.06849367018260376, 'reg_lambda': 0.11866658098050434}. Best is trial 181 with value: -0.9360705907673996.
[I 2025-08-03 07:55:30,778] Trial 293 finished with value: -0.9331684906414512 and parameters: {'learning_rate': 0.039838596710000174, 'num_leaves': 17, 'max_depth': 15, 'min_child_samples': 10, 'feature_fraction': 0.8486197238097275, 'bagging_fraction': 0.8287356463192651, 'reg_alpha': 0.126368996481799, 'reg_lambda': 1.2852731192024782}. Best is trial 181 with value: -0.9360705907673996.
[I 2025-08-03 07:55:48,400] Trial 294 finished with value: -0.9347428390605027 and parameters: {'learning_rate': 0.035142406352774894, 'num_leaves': 30, 'max_depth': 14, 'min_child_samples': 12, 'feature_fraction': 0.5089204895091026, 'bagging_fraction': 0.8752034014472768, 'reg_alpha': 0.06294308372651866, 'reg_lambda': 0.0035342180625885394}. Best is trial 181 with value: -0.9360705907673996.
[I 2025-08-03 07:56:03,649] Trial 295 finished with value: -0.9343804900078851 and parameters: {'learning_rate': 0.033560656358109904, 'num_leaves': 25, 'max_depth': 13, 'min_child_samples': 14, 'feature_fraction': 0.5198415816663507, 'bagging_fraction': 0.8890585884744133, 'reg_alpha': 0.045780300330687744, 'reg_lambda': 0.001552419782433976}. Best is trial 181 with value: -0.9360705907673996.
[I 2025-08-03 07:56:11,291] Trial 296 finished with value: -0.932208430715029 and parameters: {'learning_rate': 0.04263866741947575, 'num_leaves': 9, 'max_depth': 15, 'min_child_samples': 10, 'feature_fraction': 0.535529719316993, 'bagging_fraction': 0.8086975211851527, 'reg_alpha': 0.16796285421037152, 'reg_lambda': 0.0004394444373911328}. Best is trial 181 with value: -0.9360705907673996.
[I 2025-08-03 07:56:29,175] Trial 297 finished with value: -0.9338187224479014 and parameters: {'learning_rate': 0.03698039020573676, 'num_leaves': 31, 'max_depth': 15, 'min_child_samples': 16, 'feature_fraction': 0.5257361267657352, 'bagging_fraction': 0.7121146892741982, 'reg_alpha': 0.10325628248864129, 'reg_lambda': 2.185053796752961e-08}. Best is trial 181 with value: -0.9360705907673996.
[I 2025-08-03 07:56:48,313] Trial 298 finished with value: -0.9351536299537384 and parameters: {'learning_rate': 0.03473727618572206, 'num_leaves': 34, 'max_depth': 15, 'min_child_samples': 12, 'feature_fraction': 0.5011638495144503, 'bagging_fraction': 0.7849306266145286, 'reg_alpha': 0.24024022973132533, 'reg_lambda': 6.699955479703171e-05}. Best is trial 181 with value: -0.9360705907673996.
[I 2025-08-03 07:57:03,867] Trial 299 finished with value: -0.9359048657772621 and parameters: {'learning_rate': 0.03218586159590649, 'num_leaves': 25, 'max_depth': 15, 'min_child_samples': 10, 'feature_fraction': 0.5482188171211143, 'bagging_fraction': 0.8619656024628073, 'reg_alpha': 2.9150828943036933, 'reg_lambda': 0.01104296594489997}. Best is trial 181 with value: -0.9360705907673996.
[I 2025-08-03 07:57:25,189] Trial 300 finished with value: -0.9338346204439223 and parameters: {'learning_rate': 0.031593875964473384, 'num_leaves': 39, 'max_depth': 14, 'min_child_samples': 13, 'feature_fraction': 0.5610823331452932, 'bagging_fraction': 0.8505333255172902, 'reg_alpha': 1.7854700025682861, 'reg_lambda': 0.2357652118029625}. Best is trial 181 with value: -0.9360705907673996.
[I 2025-08-03 07:57:38,978] Trial 301 finished with value: -0.9337658077507032 and parameters: {'learning_rate': 0.029823421929076412, 'num_leaves': 21, 'max_depth': 15, 'min_child_samples': 11, 'feature_fraction': 0.5506491359614124, 'bagging_fraction': 0.8630763439443387, 'reg_alpha': 2.882380517475616, 'reg_lambda': 0.06327625944254092}. Best is trial 181 with value: -0.9360705907673996.
[I 2025-08-03 07:57:57,189] Trial 302 finished with value: -0.9340161338383195 and parameters: {'learning_rate': 0.02596261255834411, 'num_leaves': 29, 'max_depth': 15, 'min_child_samples': 14, 'feature_fraction': 0.6946440643880389, 'bagging_fraction': 0.8211033265584696, 'reg_alpha': 1.3918461120626875, 'reg_lambda': 0.49502733848992886}. Best is trial 181 with value: -0.9360705907673996.
[I 2025-08-03 07:58:17,081] Trial 303 finished with value: -0.9273982081100463 and parameters: {'learning_rate': 0.032924475612583, 'num_leaves': 34, 'max_depth': 15, 'min_child_samples': 93, 'feature_fraction': 0.5436088360205532, 'bagging_fraction': 0.906319434605594, 'reg_alpha': 0.06678460797725132, 'reg_lambda': 0.04593844269920941}. Best is trial 181 with value: -0.9360705907673996.
[I 2025-08-03 07:59:19,145] Trial 304 finished with value: -0.9304079322597363 and parameters: {'learning_rate': 0.030860449840367194, 'num_leaves': 225, 'max_depth': 14, 'min_child_samples': 10, 'feature_fraction': 0.5696682408961649, 'bagging_fraction': 0.8658499334016976, 'reg_alpha': 2.4273499634533797, 'reg_lambda': 0.14093748977301576}. Best is trial 181 with value: -0.9360705907673996.
[I 2025-08-03 07:59:40,599] Trial 305 finished with value: -0.9334728664114195 and parameters: {'learning_rate': 0.038101937951034885, 'num_leaves': 43, 'max_depth': 15, 'min_child_samples': 13, 'feature_fraction': 0.5538781119208879, 'bagging_fraction': 0.931266496409202, 'reg_alpha': 5.885648837650715, 'reg_lambda': 0.009210165722611257}. Best is trial 181 with value: -0.9360705907673996.
[I 2025-08-03 08:00:29,794] Trial 306 finished with value: -0.9333959033768356 and parameters: {'learning_rate': 0.028927200651491847, 'num_leaves': 131, 'max_depth': 15, 'min_child_samples': 12, 'feature_fraction': 0.536799238760446, 'bagging_fraction': 0.9473659528499518, 'reg_alpha': 1.409000698887873, 'reg_lambda': 0.018044032071060253}. Best is trial 181 with value: -0.9360705907673996.
[I 2025-08-03 08:00:50,530] Trial 307 finished with value: -0.9348650005863328 and parameters: {'learning_rate': 0.03270302470301375, 'num_leaves': 37, 'max_depth': 15, 'min_child_samples': 10, 'feature_fraction': 0.5773271442428012, 'bagging_fraction': 0.722283653271552, 'reg_alpha': 0.038179120261507674, 'reg_lambda': 0.015423662456663592}. Best is trial 181 with value: -0.9360705907673996.
[I 2025-08-03 08:01:05,197] Trial 308 finished with value: -0.933903265227421 and parameters: {'learning_rate': 0.05586291371792497, 'num_leaves': 28, 'max_depth': 14, 'min_child_samples': 12, 'feature_fraction': 0.5447341289952212, 'bagging_fraction': 0.7443249234372714, 'reg_alpha': 0.09305302104015833, 'reg_lambda': 0.15585608211473026}. Best is trial 181 with value: -0.9360705907673996.
[I 2025-08-03 08:01:19,411] Trial 309 finished with value: -0.9328803106105332 and parameters: {'learning_rate': 0.03586989338629297, 'num_leaves': 23, 'max_depth': 15, 'min_child_samples': 17, 'feature_fraction': 0.5614364292034485, 'bagging_fraction': 0.8235470710551983, 'reg_alpha': 2.7068033243899454, 'reg_lambda': 0.04187278563024462}. Best is trial 181 with value: -0.9360705907673996.
[I 2025-08-03 08:01:44,116] Trial 310 finished with value: -0.934318051848718 and parameters: {'learning_rate': 0.024514512062333123, 'num_leaves': 46, 'max_depth': 15, 'min_child_samples': 10, 'feature_fraction': 0.5302343583769046, 'bagging_fraction': 0.7049147713806102, 'reg_alpha': 0.18021502898709085, 'reg_lambda': 0.11246219708446271}. Best is trial 181 with value: -0.9360705907673996.
[I 2025-08-03 08:01:54,863] Trial 311 finished with value: -0.9314404912407496 and parameters: {'learning_rate': 0.03159201157955805, 'num_leaves': 15, 'max_depth': 14, 'min_child_samples': 15, 'feature_fraction': 0.551066467300124, 'bagging_fraction': 0.9851069491564468, 'reg_alpha': 4.204457628326442, 'reg_lambda': 7.665985040059756e-08}. Best is trial 181 with value: -0.9360705907673996.
[I 2025-08-03 08:02:15,930] Trial 312 finished with value: -0.9279690334872707 and parameters: {'learning_rate': 0.027831667620277237, 'num_leaves': 33, 'max_depth': 15, 'min_child_samples': 42, 'feature_fraction': 0.9675444483651551, 'bagging_fraction': 0.8320030231320538, 'reg_alpha': 6.912199042313216, 'reg_lambda': 4.232680945901276e-08}. Best is trial 181 with value: -0.9360705907673996.
[I 2025-08-03 08:02:36,749] Trial 313 finished with value: -0.9298171830955275 and parameters: {'learning_rate': 0.03430875747685143, 'num_leaves': 38, 'max_depth': 15, 'min_child_samples': 74, 'feature_fraction': 0.5365573005247015, 'bagging_fraction': 0.719941856409588, 'reg_alpha': 1.785465137335309, 'reg_lambda': 0.00472332832789443}. Best is trial 181 with value: -0.9360705907673996.
[I 2025-08-03 08:03:02,446] Trial 314 finished with value: -0.9340022588849046 and parameters: {'learning_rate': 0.03874488931880396, 'num_leaves': 53, 'max_depth': 15, 'min_child_samples': 12, 'feature_fraction': 0.5264039664805019, 'bagging_fraction': 0.9692052287274981, 'reg_alpha': 0.00018738054923740147, 'reg_lambda': 1.0108676231516054e-08}. Best is trial 181 with value: -0.9360705907673996.
[I 2025-08-03 08:03:25,609] Trial 315 finished with value: -0.9342983978688 and parameters: {'learning_rate': 0.02961468289884127, 'num_leaves': 42, 'max_depth': 15, 'min_child_samples': 10, 'feature_fraction': 0.5437296123488514, 'bagging_fraction': 0.8349642179636803, 'reg_alpha': 0.06469488518817006, 'reg_lambda': 2.769953465656393}. Best is trial 181 with value: -0.9360705907673996.
[I 2025-08-03 08:03:55,030] Trial 316 finished with value: -0.9302365823397926 and parameters: {'learning_rate': 0.03298168313008221, 'num_leaves': 157, 'max_depth': 15, 'min_child_samples': 57, 'feature_fraction': 0.5175995044072295, 'bagging_fraction': 0.7328744414037652, 'reg_alpha': 0.3089152168512264, 'reg_lambda': 3.596901526619423e-07}. Best is trial 181 with value: -0.9360705907673996.
[I 2025-08-03 08:04:38,289] Trial 317 finished with value: -0.9330323074491708 and parameters: {'learning_rate': 0.031246797157640484, 'num_leaves': 107, 'max_depth': 14, 'min_child_samples': 14, 'feature_fraction': 0.5546284112917987, 'bagging_fraction': 0.7908088375914485, 'reg_alpha': 9.772023671204542, 'reg_lambda': 0.0009117704186247194}. Best is trial 181 with value: -0.9360705907673996.
[I 2025-08-03 08:04:55,518] Trial 318 finished with value: -0.9347657132627027 and parameters: {'learning_rate': 0.03640075299258105, 'num_leaves': 31, 'max_depth': 15, 'min_child_samples': 12, 'feature_fraction': 0.5348529591773451, 'bagging_fraction': 0.8813468299831709, 'reg_alpha': 0.02889374190462604, 'reg_lambda': 0.027915336640908422}. Best is trial 181 with value: -0.9360705907673996.
[I 2025-08-03 08:05:08,753] Trial 319 finished with value: -0.9339335182344256 and parameters: {'learning_rate': 0.034246432480780506, 'num_leaves': 20, 'max_depth': 15, 'min_child_samples': 10, 'feature_fraction': 0.5674262532998178, 'bagging_fraction': 0.925658419404483, 'reg_alpha': 3.3704130261981335, 'reg_lambda': 1.815195428895901e-06}. Best is trial 181 with value: -0.9360705907673996.
[I 2025-08-03 08:05:28,455] Trial 320 finished with value: -0.9340350758759942 and parameters: {'learning_rate': 0.030281740492834375, 'num_leaves': 37, 'max_depth': 12, 'min_child_samples': 12, 'feature_fraction': 0.5430802008316558, 'bagging_fraction': 0.8034665516706827, 'reg_alpha': 1.0977862110697, 'reg_lambda': 2.216834951120243e-08}. Best is trial 181 with value: -0.9360705907673996.
[I 2025-08-03 08:05:44,585] Trial 321 finished with value: -0.9340429005800224 and parameters: {'learning_rate': 0.044851290362843674, 'num_leaves': 28, 'max_depth': 14, 'min_child_samples': 14, 'feature_fraction': 0.526175742491279, 'bagging_fraction': 0.850615674742131, 'reg_alpha': 0.018219285133219625, 'reg_lambda': 3.526901350719398e-08}. Best is trial 181 with value: -0.9360705907673996.
[I 2025-08-03 08:06:09,090] Trial 322 finished with value: -0.935225328318444 and parameters: {'learning_rate': 0.026322105745031663, 'num_leaves': 46, 'max_depth': 15, 'min_child_samples': 10, 'feature_fraction': 0.5166453817990831, 'bagging_fraction': 0.6925816623348559, 'reg_alpha': 5.231505298748336, 'reg_lambda': 4.20701269028245e-06}. Best is trial 181 with value: -0.9360705907673996.
[I 2025-08-03 08:06:27,114] Trial 323 finished with value: -0.9339871695495157 and parameters: {'learning_rate': 0.04022870484544494, 'num_leaves': 33, 'max_depth': 15, 'min_child_samples': 12, 'feature_fraction': 0.5587361085909331, 'bagging_fraction': 0.7131144129460145, 'reg_alpha': 0.12129781723517703, 'reg_lambda': 1.5645253617586158e-08}. Best is trial 181 with value: -0.9360705907673996.
[I 2025-08-03 08:06:55,818] Trial 324 finished with value: -0.9350628925475544 and parameters: {'learning_rate': 0.03257824515146592, 'num_leaves': 58, 'max_depth': 15, 'min_child_samples': 10, 'feature_fraction': 0.5333682184105679, 'bagging_fraction': 0.6970408665829465, 'reg_alpha': 2.7150004324716153, 'reg_lambda': 1.5550042134368682e-07}. Best is trial 181 with value: -0.9360705907673996.
[I 2025-08-03 08:07:17,353] Trial 325 finished with value: -0.9335668300900664 and parameters: {'learning_rate': 0.03547940504027687, 'num_leaves': 41, 'max_depth': 15, 'min_child_samples': 16, 'feature_fraction': 0.5483847617929983, 'bagging_fraction': 0.6817293489730599, 'reg_alpha': 0.2162188313266267, 'reg_lambda': 2.6062803845013035e-08}. Best is trial 181 with value: -0.9360705907673996.
[I 2025-08-03 08:07:34,125] Trial 326 finished with value: -0.9330979286680099 and parameters: {'learning_rate': 0.02930019797110608, 'num_leaves': 26, 'max_depth': 14, 'min_child_samples': 13, 'feature_fraction': 0.7770014408491741, 'bagging_fraction': 0.7273555276546776, 'reg_alpha': 0.04602996762539998, 'reg_lambda': 1.4236793453718858e-08}. Best is trial 181 with value: -0.9360705907673996.
[I 2025-08-03 08:07:52,861] Trial 327 finished with value: -0.9350147343615879 and parameters: {'learning_rate': 0.03291567012801528, 'num_leaves': 35, 'max_depth': 14, 'min_child_samples': 11, 'feature_fraction': 0.5239548445878994, 'bagging_fraction': 0.7546981318411966, 'reg_alpha': 1.4225571194627722, 'reg_lambda': 5.517982297579119e-08}. Best is trial 181 with value: -0.9360705907673996.
