[I 2025-08-04 21:43:21,132] Trial 24 finished with value: -0.9266181308857331 and parameters: {'learning_rate': 0.1502089207538033, 'num_leaves': 88, 'max_depth': 13, 'min_child_samples': 16, 'feature_fraction': 0.7165450002607957, 'bagging_fraction': 0.6857451940424342, 'reg_alpha': 0.14877709671190803, 'reg_lambda': 0.00015237282916574538}. Best is trial 11 with value: -0.9326232293316193.
[I 2025-08-04 21:43:25,523] Trial 25 finished with value: -0.9311804948959402 and parameters: {'learning_rate': 0.07889506653661935, 'num_leaves': 23, 'max_depth': 7, 'min_child_samples': 65, 'feature_fraction': 0.7872531104702358, 'bagging_fraction': 0.7705362811579022, 'reg_alpha': 2.2568909856733703, 'reg_lambda': 0.026718635088575797}. Best is trial 11 with value: -0.9326232293316193.
[I 2025-08-04 21:43:29,778] Trial 26 finished with value: -0.9295876166858108 and parameters: {'learning_rate': 0.11870002064662485, 'num_leaves': 55, 'max_depth': 7, 'min_child_samples': 66, 'feature_fraction': 0.8460236691844591, 'bagging_fraction': 0.8726160779551502, 'reg_alpha': 3.1702108544588574, 'reg_lambda': 1.8203071015057385e-05}. Best is trial 11 with value: -0.9326232293316193.
[I 2025-08-04 21:43:32,256] Trial 27 finished with value: -0.9297887867177594 and parameters: {'learning_rate': 0.17923841769606658, 'num_leaves': 20, 'max_depth': 5, 'min_child_samples': 59, 'feature_fraction': 0.7390135402481219, 'bagging_fraction': 0.7253718634982701, 'reg_alpha': 0.8530709993085848, 'reg_lambda': 0.0030641454227052687}. Best is trial 11 with value: -0.9326232293316193.
[I 2025-08-04 21:43:37,131] Trial 28 finished with value: -0.92837410317762 and parameters: {'learning_rate': 0.05449420304014894, 'num_leaves': 115, 'max_depth': 7, 'min_child_samples': 71, 'feature_fraction': 0.8968771588167361, 'bagging_fraction': 0.7787588257864038, 'reg_alpha': 8.427473817598928, 'reg_lambda': 0.027656598087602693}. Best is trial 11 with value: -0.9326232293316193.
[I 2025-08-04 21:43:40,986] Trial 29 finished with value: -0.9291050169968542 and parameters: {'learning_rate': 0.04336916626266124, 'num_leaves': 68, 'max_depth': 5, 'min_child_samples': 50, 'feature_fraction': 0.5898374005315236, 'bagging_fraction': 0.864012693783303, 'reg_alpha': 3.043938196474693e-07, 'reg_lambda': 0.5585966658289305}. Best is trial 11 with value: -0.9326232293316193.
[I 2025-08-04 21:43:45,787] Trial 30 finished with value: -0.9310780609802796 and parameters: {'learning_rate': 0.09011100227963116, 'num_leaves': 159, 'max_depth': 7, 'min_child_samples': 66, 'feature_fraction': 0.6720316394318787, 'bagging_fraction': 0.7643080707754748, 'reg_alpha': 2.4249713988677598e-08, 'reg_lambda': 2.0293261529724993}. Best is trial 11 with value: -0.9326232293316193.
[I 2025-08-04 21:43:50,413] Trial 31 finished with value: -0.9315912829003873 and parameters: {'learning_rate': 0.09584985731696036, 'num_leaves': 183, 'max_depth': 7, 'min_child_samples': 63, 'feature_fraction': 0.6620115466051189, 'bagging_fraction': 0.775523345103255, 'reg_alpha': 3.023531518734761e-08, 'reg_lambda': 4.255402825005155}. Best is trial 11 with value: -0.9326232293316193.
[I 2025-08-04 21:43:55,909] Trial 32 finished with value: -0.9300612923157903 and parameters: {'learning_rate': 0.06967890649270342, 'num_leaves': 174, 'max_depth': 9, 'min_child_samples': 72, 'feature_fraction': 0.5917037946427761, 'bagging_fraction': 0.706558656720526, 'reg_alpha': 2.864197319471123, 'reg_lambda': 8.55614824543317}. Best is trial 11 with value: -0.9326232293316193.
[I 2025-08-04 21:44:00,304] Trial 33 finished with value: -0.9294364841004477 and parameters: {'learning_rate': 0.12131069962597554, 'num_leaves': 252, 'max_depth': 8, 'min_child_samples': 57, 'feature_fraction': 0.6305221789473104, 'bagging_fraction': 0.7919210436332718, 'reg_alpha': 8.518237757762891e-07, 'reg_lambda': 0.1997565063916904}. Best is trial 11 with value: -0.9326232293316193.
[I 2025-08-04 21:44:04,160] Trial 34 finished with value: -0.9297723441697681 and parameters: {'learning_rate': 0.09684409668416581, 'num_leaves': 228, 'max_depth': 6, 'min_child_samples': 60, 'feature_fraction': 0.8107371168752, 'bagging_fraction': 0.84385147666225, 'reg_alpha': 1.2613593911945544e-07, 'reg_lambda': 1.551165792966824}. Best is trial 11 with value: -0.9326232293316193.
[I 2025-08-04 21:44:06,894] Trial 35 finished with value: -0.927447101014913 and parameters: {'learning_rate': 0.16308733916834112, 'num_leaves': 184, 'max_depth': 5, 'min_child_samples': 53, 'feature_fraction': 0.7841748023685646, 'bagging_fraction': 0.5932474184974728, 'reg_alpha': 0.01681067790194756, 'reg_lambda': 0.0017580216317886637}. Best is trial 11 with value: -0.9326232293316193.
[I 2025-08-04 21:44:12,001] Trial 36 finished with value: -0.928155766073506 and parameters: {'learning_rate': 0.0359334721003579, 'num_leaves': 25, 'max_depth': 8, 'min_child_samples': 63, 'feature_fraction': 0.70820419615924, 'bagging_fraction': 0.8998618587941228, 'reg_alpha': 0.2752111098977866, 'reg_lambda': 0.0002495346832039776}. Best is trial 11 with value: -0.9326232293316193.
[I 2025-08-04 21:44:14,665] Trial 37 finished with value: -0.9256848305268907 and parameters: {'learning_rate': 0.06142750073851609, 'num_leaves': 202, 'max_depth': 4, 'min_child_samples': 92, 'feature_fraction': 0.548411554685583, 'bagging_fraction': 0.7454291696298938, 'reg_alpha': 0.00013154044909501937, 'reg_lambda': 4.723513603961402e-06}. Best is trial 11 with value: -0.9326232293316193.
[I 2025-08-04 21:44:18,090] Trial 38 finished with value: -0.9284603491511044 and parameters: {'learning_rate': 0.12386732708514225, 'num_leaves': 161, 'max_depth': 7, 'min_child_samples': 29, 'feature_fraction': 0.6499419807275955, 'bagging_fraction': 0.5013339806386407, 'reg_alpha': 0.0010438560409938528, 'reg_lambda': 0.027327997116568494}. Best is trial 11 with value: -0.9326232293316193.
[I 2025-08-04 21:44:21,427] Trial 39 finished with value: -0.9217841929611434 and parameters: {'learning_rate': 0.02695393258989714, 'num_leaves': 48, 'max_depth': 4, 'min_child_samples': 44, 'feature_fraction': 0.804657285729722, 'bagging_fraction': 0.6248778971701563, 'reg_alpha': 6.006928541035471e-08, 'reg_lambda': 0.3353284394882826}. Best is trial 11 with value: -0.9326232293316193.
[I 2025-08-04 21:44:24,506] Trial 40 finished with value: -0.9271364352286492 and parameters: {'learning_rate': 0.16195769109257846, 'num_leaves': 131, 'max_depth': 6, 'min_child_samples': 89, 'feature_fraction': 0.7581011923903223, 'bagging_fraction': 0.8052775710596803, 'reg_alpha': 7.703681668328621e-06, 'reg_lambda': 6.11200763140353e-05}. Best is trial 11 with value: -0.9326232293316193.
[I 2025-08-04 21:44:28,962] Trial 41 finished with value: -0.9298345148955187 and parameters: {'learning_rate': 0.09043086039230255, 'num_leaves': 153, 'max_depth': 7, 'min_child_samples': 67, 'feature_fraction': 0.6800505032647716, 'bagging_fraction': 0.7615499005724335, 'reg_alpha': 2.5322617904473502e-08, 'reg_lambda': 2.204422202371421}. Best is trial 11 with value: -0.9326232293316193.
[I 2025-08-04 21:44:33,403] Trial 42 finished with value: -0.9301901321175375 and parameters: {'learning_rate': 0.07481487680958111, 'num_leaves': 169, 'max_depth': 8, 'min_child_samples': 71, 'feature_fraction': 0.5025524239120907, 'bagging_fraction': 0.769827539127413, 'reg_alpha': 1.5412897352327233e-08, 'reg_lambda': 2.039440014951944}. Best is trial 11 with value: -0.9326232293316193.
[I 2025-08-04 21:44:38,029] Trial 43 finished with value: -0.929734490790206 and parameters: {'learning_rate': 0.05976494364925911, 'num_leaves': 192, 'max_depth': 7, 'min_child_samples': 77, 'feature_fraction': 0.6236026370162361, 'bagging_fraction': 0.8380417085915601, 'reg_alpha': 1.018356193294236e-06, 'reg_lambda': 0.0004920961506900474}. Best is trial 11 with value: -0.9326232293316193.
[I 2025-08-04 21:44:42,737] Trial 44 finished with value: -0.9225309558897508 and parameters: {'learning_rate': 0.01869296065815932, 'num_leaves': 117, 'max_depth': 6, 'min_child_samples': 63, 'feature_fraction': 0.6732800815168527, 'bagging_fraction': 0.7121831930698759, 'reg_alpha': 6.108700964841709e-08, 'reg_lambda': 4.072908126446562}. Best is trial 11 with value: -0.9326232293316193.
[I 2025-08-04 21:44:45,270] Trial 45 finished with value: -0.9279296560759862 and parameters: {'learning_rate': 0.19874869046307966, 'num_leaves': 218, 'max_depth': 5, 'min_child_samples': 100, 'feature_fraction': 0.7389270595325426, 'bagging_fraction': 0.7378700370812161, 'reg_alpha': 1.7579173903488288e-07, 'reg_lambda': 0.006664776629837565}. Best is trial 11 with value: -0.9326232293316193.
[I 2025-08-04 21:44:49,666] Trial 46 finished with value: -0.9289923377569693 and parameters: {'learning_rate': 0.09722023735017092, 'num_leaves': 153, 'max_depth': 8, 'min_child_samples': 52, 'feature_fraction': 0.655117919646726, 'bagging_fraction': 0.8006000998455877, 'reg_alpha': 1.3317516216079845e-08, 'reg_lambda': 0.8869289158190443}. Best is trial 11 with value: -0.9326232293316193.
[I 2025-08-04 21:44:52,671] Trial 47 finished with value: -0.9335925141942159 and parameters: {'learning_rate': 0.11708818014643872, 'num_leaves': 18, 'max_depth': 7, 'min_child_samples': 10, 'feature_fraction': 0.7041778120298744, 'bagging_fraction': 0.697448806582189, 'reg_alpha': 4.5021313189421654, 'reg_lambda': 0.04151145750160436}. Best is trial 47 with value: -0.9335925141942159.
[I 2025-08-04 21:44:55,704] Trial 48 finished with value: -0.9313838933545995 and parameters: {'learning_rate': 0.11501438069926845, 'num_leaves': 17, 'max_depth': 9, 'min_child_samples': 11, 'feature_fraction': 0.7769510662250949, 'bagging_fraction': 0.6478091901498046, 'reg_alpha': 4.1261212774530245, 'reg_lambda': 0.02334433922232406}. Best is trial 47 with value: -0.9335925141942159.
[I 2025-08-04 21:44:58,185] Trial 49 finished with value: -0.929938746548461 and parameters: {'learning_rate': 0.11449175317707151, 'num_leaves': 9, 'max_depth': 11, 'min_child_samples': 12, 'feature_fraction': 0.7054884773723784, 'bagging_fraction': 0.5817147621039089, 'reg_alpha': 0.40305082755305394, 'reg_lambda': 0.04699883783335638}. Best is trial 47 with value: -0.9335925141942159.
[I 2025-08-04 21:45:01,153] Trial 50 finished with value: -0.9247343075778858 and parameters: {'learning_rate': 0.16593061151089497, 'num_leaves': 47, 'max_depth': 9, 'min_child_samples': 14, 'feature_fraction': 0.7331553426925765, 'bagging_fraction': 0.6433355077265688, 'reg_alpha': 6.619664039426575, 'reg_lambda': 0.010134523859985117}. Best is trial 47 with value: -0.9335925141942159.
[I 2025-08-04 21:45:04,241] Trial 51 finished with value: -0.9289341443357673 and parameters: {'learning_rate': 0.12676333263331888, 'num_leaves': 22, 'max_depth': 6, 'min_child_samples': 20, 'feature_fraction': 0.7787413097535243, 'bagging_fraction': 0.6958730724010137, 'reg_alpha': 0.8795527270886163, 'reg_lambda': 0.003581125508325938}. Best is trial 47 with value: -0.9335925141942159.
[I 2025-08-04 21:45:07,241] Trial 52 finished with value: -0.9301744732164654 and parameters: {'learning_rate': 0.14132489604917817, 'num_leaves': 19, 'max_depth': 9, 'min_child_samples': 10, 'feature_fraction': 0.8278571114963875, 'bagging_fraction': 0.6457943909283859, 'reg_alpha': 4.148589418882324, 'reg_lambda': 0.19400116461088868}. Best is trial 47 with value: -0.9335925141942159.
[I 2025-08-04 21:45:10,925] Trial 53 finished with value: -0.9298007692191266 and parameters: {'learning_rate': 0.10174275487905038, 'num_leaves': 27, 'max_depth': 8, 'min_child_samples': 21, 'feature_fraction': 0.8024115892230136, 'bagging_fraction': 0.6097600746474022, 'reg_alpha': 1.6686927402472385, 'reg_lambda': 0.0008548828657257396}. Best is trial 47 with value: -0.9335925141942159.
[I 2025-08-04 21:45:15,114] Trial 54 finished with value: -0.927563159083215 and parameters: {'learning_rate': 0.10928544414455421, 'num_leaves': 63, 'max_depth': 14, 'min_child_samples': 14, 'feature_fraction': 0.752777859351113, 'bagging_fraction': 0.724545386598475, 'reg_alpha': 0.12089038279414326, 'reg_lambda': 0.028514372070809403}. Best is trial 47 with value: -0.9335925141942159.
[I 2025-08-04 21:45:17,681] Trial 55 finished with value: -0.9303728289290554 and parameters: {'learning_rate': 0.13039705721604652, 'num_leaves': 8, 'max_depth': 10, 'min_child_samples': 24, 'feature_fraction': 0.8526632933364486, 'bagging_fraction': 0.5571047430979031, 'reg_alpha': 1.0695261221491232, 'reg_lambda': 0.00934268444005161}. Best is trial 47 with value: -0.9335925141942159.
[I 2025-08-04 21:45:22,245] Trial 56 finished with value: -0.9307026967971102 and parameters: {'learning_rate': 0.07712107322149576, 'num_leaves': 43, 'max_depth': 7, 'min_child_samples': 17, 'feature_fraction': 0.7740750700807855, 'bagging_fraction': 0.6566789726233456, 'reg_alpha': 4.733719453543678, 'reg_lambda': 0.06031182454364148}. Best is trial 47 with value: -0.9335925141942159.
[I 2025-08-04 21:45:24,972] Trial 57 finished with value: -0.9299391017296662 and parameters: {'learning_rate': 0.15148696241234183, 'num_leaves': 17, 'max_depth': 9, 'min_child_samples': 27, 'feature_fraction': 0.6922543371720171, 'bagging_fraction': 0.680167433781008, 'reg_alpha': 0.2284227776043902, 'reg_lambda': 0.0022501356628224513}. Best is trial 47 with value: -0.9335925141942159.
[I 2025-08-04 21:45:27,409] Trial 58 finished with value: -0.9264282418480867 and parameters: {'learning_rate': 0.17688658722862965, 'num_leaves': 78, 'max_depth': 6, 'min_child_samples': 13, 'feature_fraction': 0.8245284814105734, 'bagging_fraction': 0.7030754467704599, 'reg_alpha': 0.5025082329817327, 'reg_lambda': 3.4799247778076824e-08}. Best is trial 47 with value: -0.9335925141942159.
[I 2025-08-04 21:45:32,164] Trial 59 finished with value: -0.9291558961796648 and parameters: {'learning_rate': 0.08473820356621595, 'num_leaves': 33, 'max_depth': 11, 'min_child_samples': 21, 'feature_fraction': 0.7278812565968453, 'bagging_fraction': 0.7293556786856445, 'reg_alpha': 2.786141402383698e-05, 'reg_lambda': 0.016015772825401974}. Best is trial 47 with value: -0.9335925141942159.
[I 2025-08-04 21:45:38,054] Trial 60 finished with value: -0.931498043419342 and parameters: {'learning_rate': 0.10954777175921075, 'num_leaves': 27, 'max_depth': 7, 'min_child_samples': 10, 'feature_fraction': 0.8666924690855702, 'bagging_fraction': 0.7866076683480797, 'reg_alpha': 1.9989547980791798, 'reg_lambda': 0.1274190596290912}. Best is trial 47 with value: -0.9335925141942159.
[I 2025-08-04 21:45:41,419] Trial 61 finished with value: -0.9331963955741038 and parameters: {'learning_rate': 0.11501830401101515, 'num_leaves': 15, 'max_depth': 7, 'min_child_samples': 10, 'feature_fraction': 0.9306115265134505, 'bagging_fraction': 0.7531157392316215, 'reg_alpha': 3.2726129476863783, 'reg_lambda': 0.3244667238616087}. Best is trial 47 with value: -0.9335925141942159.
[I 2025-08-04 21:45:44,906] Trial 62 finished with value: -0.9323608363766633 and parameters: {'learning_rate': 0.11321054664864469, 'num_leaves': 14, 'max_depth': 8, 'min_child_samples': 10, 'feature_fraction': 0.9423576082411145, 'bagging_fraction': 0.7456204300648367, 'reg_alpha': 5.326610136306561, 'reg_lambda': 0.3110556696726189}. Best is trial 47 with value: -0.9335925141942159.
[I 2025-08-04 21:45:48,143] Trial 63 finished with value: -0.9289089116979483 and parameters: {'learning_rate': 0.14735458598012896, 'num_leaves': 29, 'max_depth': 8, 'min_child_samples': 16, 'feature_fraction': 0.9369918841495862, 'bagging_fraction': 0.7883815046899839, 'reg_alpha': 1.5382264908247507, 'reg_lambda': 0.12838682890061076}. Best is trial 47 with value: -0.9335925141942159.
[I 2025-08-04 21:45:50,748] Trial 64 finished with value: -0.9318192794206597 and parameters: {'learning_rate': 0.13406367129079688, 'num_leaves': 8, 'max_depth': 7, 'min_child_samples': 10, 'feature_fraction': 0.9576949297138274, 'bagging_fraction': 0.8201199906929513, 'reg_alpha': 8.551879965296692, 'reg_lambda': 0.27770706226548947}. Best is trial 47 with value: -0.9335925141942159.
[I 2025-08-04 21:45:53,188] Trial 65 finished with value: -0.9290069747492489 and parameters: {'learning_rate': 0.13102871917948875, 'num_leaves': 8, 'max_depth': 8, 'min_child_samples': 17, 'feature_fraction': 0.9735727280617753, 'bagging_fraction': 0.8303320379264449, 'reg_alpha': 6.957311563645314, 'reg_lambda': 0.9017103176109458}. Best is trial 47 with value: -0.9335925141942159.
[I 2025-08-04 21:45:55,671] Trial 66 finished with value: -0.9285482518913959 and parameters: {'learning_rate': 0.17850671929281645, 'num_leaves': 15, 'max_depth': 6, 'min_child_samples': 13, 'feature_fraction': 0.9472131453556978, 'bagging_fraction': 0.7519221936960301, 'reg_alpha': 9.986220707212702, 'reg_lambda': 0.3702316105097294}. Best is trial 47 with value: -0.9335925141942159.
[I 2025-08-04 21:45:58,679] Trial 67 finished with value: -0.9271154172535978 and parameters: {'learning_rate': 0.16166834198409227, 'num_leaves': 37, 'max_depth': 7, 'min_child_samples': 22, 'feature_fraction': 0.9963800395481486, 'bagging_fraction': 0.7516215654704528, 'reg_alpha': 0.588293357740989, 'reg_lambda': 4.88860562763201}. Best is trial 47 with value: -0.9335925141942159.
[I 2025-08-04 21:46:01,565] Trial 68 finished with value: -0.9296379615186169 and parameters: {'learning_rate': 0.13724253089677954, 'num_leaves': 53, 'max_depth': 5, 'min_child_samples': 18, 'feature_fraction': 0.9064741621162569, 'bagging_fraction': 0.8202785749670009, 'reg_alpha': 3.0889326411958473, 'reg_lambda': 0.2815108677006235}. Best is trial 47 with value: -0.9335925141942159.
[I 2025-08-04 21:46:05,945] Trial 69 finished with value: -0.9288470293983903 and parameters: {'learning_rate': 0.09378399382098716, 'num_leaves': 39, 'max_depth': 7, 'min_child_samples': 33, 'feature_fraction': 0.9593014077876234, 'bagging_fraction': 0.7168191416697859, 'reg_alpha': 0.002283776460079378, 'reg_lambda': 0.8638379840735255}. Best is trial 47 with value: -0.9335925141942159.
[I 2025-08-04 21:46:09,230] Trial 70 finished with value: -0.9307067634133407 and parameters: {'learning_rate': 0.10320117824627881, 'num_leaves': 13, 'max_depth': 8, 'min_child_samples': 15, 'feature_fraction': 0.8882041218474472, 'bagging_fraction': 0.8570450463343546, 'reg_alpha': 0.01839395847074128, 'reg_lambda': 0.0817481579037151}. Best is trial 47 with value: -0.9335925141942159.
[I 2025-08-04 21:46:12,850] Trial 71 finished with value: -0.9315908604913435 and parameters: {'learning_rate': 0.11900704850635443, 'num_leaves': 27, 'max_depth': 7, 'min_child_samples': 10, 'feature_fraction': 0.865954123414865, 'bagging_fraction': 0.7837110916125064, 'reg_alpha': 1.7998587980903928, 'reg_lambda': 0.155475637656986}. Best is trial 47 with value: -0.9335925141942159.
[I 2025-08-04 21:46:15,556] Trial 72 finished with value: -0.9296384686544542 and parameters: {'learning_rate': 0.12106204123681276, 'num_leaves': 21, 'max_depth': 6, 'min_child_samples': 10, 'feature_fraction': 0.9171195112392827, 'bagging_fraction': 0.7337989926810097, 'reg_alpha': 1.316807253344019, 'reg_lambda': 0.5417430411425413}. Best is trial 47 with value: -0.9335925141942159.
[I 2025-08-04 21:46:18,613] Trial 73 finished with value: -0.9287064149928584 and parameters: {'learning_rate': 0.147135221201674, 'num_leaves': 30, 'max_depth': 7, 'min_child_samples': 14, 'feature_fraction': 0.919271533852599, 'bagging_fraction': 0.6900136966425756, 'reg_alpha': 5.051335549353959, 'reg_lambda': 0.23357412695883878}. Best is trial 47 with value: -0.9335925141942159.
[I 2025-08-04 21:46:21,506] Trial 74 finished with value: -0.9301518971935587 and parameters: {'learning_rate': 0.13102315325460792, 'num_leaves': 13, 'max_depth': 8, 'min_child_samples': 19, 'feature_fraction': 0.9791822943558435, 'bagging_fraction': 0.8185250170980464, 'reg_alpha': 9.856872174529078, 'reg_lambda': 0.05096029445146006}. Best is trial 47 with value: -0.9335925141942159.
[I 2025-08-04 21:46:25,987] Trial 75 finished with value: -0.929430100882889 and parameters: {'learning_rate': 0.11487270285904769, 'num_leaves': 46, 'max_depth': 7, 'min_child_samples': 12, 'feature_fraction': 0.9477960490452074, 'bagging_fraction': 0.9155429188929195, 'reg_alpha': 0.7555694091086441, 'reg_lambda': 3.9481259368281405}. Best is trial 47 with value: -0.9335925141942159.
[I 2025-08-04 21:46:28,504] Trial 76 finished with value: -0.9282492587019979 and parameters: {'learning_rate': 0.19097077905870374, 'num_leaves': 237, 'max_depth': 6, 'min_child_samples': 23, 'feature_fraction': 0.8666824412151088, 'bagging_fraction': 0.7582722532206645, 'reg_alpha': 0.20807183626281894, 'reg_lambda': 1.4581748003965969}. Best is trial 47 with value: -0.9335925141942159.
[I 2025-08-04 21:46:31,278] Trial 77 finished with value: -0.928110681025311 and parameters: {'learning_rate': 0.1549250681644655, 'num_leaves': 23, 'max_depth': 8, 'min_child_samples': 16, 'feature_fraction': 0.936170668144496, 'bagging_fraction': 0.7801261917730086, 'reg_alpha': 2.290260378444363, 'reg_lambda': 0.05166543830804311}. Best is trial 47 with value: -0.9335925141942159.
[I 2025-08-04 21:46:33,966] Trial 78 finished with value: -0.9287115617454326 and parameters: {'learning_rate': 0.1748989842029231, 'num_leaves': 33, 'max_depth': 7, 'min_child_samples': 10, 'feature_fraction': 0.8806476516969757, 'bagging_fraction': 0.9887698355368885, 'reg_alpha': 3.5271629390813204, 'reg_lambda': 0.005567718328042488}. Best is trial 47 with value: -0.9335925141942159.
[I 2025-08-04 21:46:37,782] Trial 79 finished with value: -0.9313872850737106 and parameters: {'learning_rate': 0.0684970051119825, 'num_leaves': 15, 'max_depth': 7, 'min_child_samples': 19, 'feature_fraction': 0.8978788895185832, 'bagging_fraction': 0.8008872788481445, 'reg_alpha': 0.06422055362710619, 'reg_lambda': 0.15016309686132384}. Best is trial 47 with value: -0.9335925141942159.
