[I 2025-08-04 01:46:33,356] Trial 294 finished with value: -0.10017271215473984 and parameters: {'learning_rate': 0.021039492424449864, 'depth': 12, 'l2_leaf_reg': 2.3290573864285795, 'border_count': 50}. Best is trial 159 with value: -0.10492384152542526.
[I 2025-08-04 01:48:24,689] Trial 295 finished with value: -0.1005651677864668 and parameters: {'learning_rate': 0.022356681774422547, 'depth': 12, 'l2_leaf_reg': 1.2874202263780798, 'border_count': 61}. Best is trial 159 with value: -0.10492384152542526.
[I 2025-08-04 01:50:50,138] Trial 296 finished with value: -0.10115787814539459 and parameters: {'learning_rate': 0.017361855817173682, 'depth': 12, 'l2_leaf_reg': 1.4734282094863713, 'border_count': 72}. Best is trial 159 with value: -0.10492384152542526.
[I 2025-08-04 01:52:31,652] Trial 297 finished with value: -0.09907745162042533 and parameters: {'learning_rate': 0.019290914826788238, 'depth': 12, 'l2_leaf_reg': 1.1235907486068213, 'border_count': 44}. Best is trial 159 with value: -0.10492384152542526.
[I 2025-08-04 01:54:19,637] Trial 298 finished with value: -0.10325744497365091 and parameters: {'learning_rate': 0.024600925348696453, 'depth': 12, 'l2_leaf_reg': 1.6280990072065147, 'border_count': 53}. Best is trial 159 with value: -0.10492384152542526.
[I 2025-08-04 01:56:07,331] Trial 299 finished with value: -0.10009418643612265 and parameters: {'learning_rate': 0.02744408220939429, 'depth': 12, 'l2_leaf_reg': 1.9008230075749233, 'border_count': 55}. Best is trial 159 with value: -0.10492384152542526.
[I 2025-08-04 01:57:43,266] Trial 300 finished with value: -0.09876509416957778 and parameters: {'learning_rate': 0.024815358134126615, 'depth': 12, 'l2_leaf_reg': 1.6949036487566682, 'border_count': 51}. Best is trial 159 with value: -0.10492384152542526.
[I 2025-08-04 01:59:01,200] Trial 301 finished with value: -0.10290746054938313 and parameters: {'learning_rate': 0.016220803024718684, 'depth': 11, 'l2_leaf_reg': 2.059709030304828, 'border_count': 57}. Best is trial 159 with value: -0.10492384152542526.
[I 2025-08-04 02:00:23,866] Trial 302 finished with value: -0.10072408488961254 and parameters: {'learning_rate': 0.016088836280309042, 'depth': 11, 'l2_leaf_reg': 2.027108483795392, 'border_count': 65}. Best is trial 159 with value: -0.10492384152542526.
[I 2025-08-04 02:01:46,546] Trial 303 finished with value: -0.09887614854073297 and parameters: {'learning_rate': 0.01576279527453693, 'depth': 11, 'l2_leaf_reg': 2.172341231841684, 'border_count': 59}. Best is trial 159 with value: -0.10492384152542526.
[I 2025-08-04 02:03:00,159] Trial 304 finished with value: -0.09848607178706334 and parameters: {'learning_rate': 0.01480814763698505, 'depth': 11, 'l2_leaf_reg': 1.5029927861151249, 'border_count': 55}. Best is trial 159 with value: -0.10492384152542526.
[I 2025-08-04 02:04:15,056] Trial 305 finished with value: -0.09912155376492397 and parameters: {'learning_rate': 0.016734823809812525, 'depth': 11, 'l2_leaf_reg': 1.0261352924346314, 'border_count': 61}. Best is trial 159 with value: -0.10492384152542526.
[I 2025-08-04 02:05:15,714] Trial 306 finished with value: -0.09892474160218777 and parameters: {'learning_rate': 0.024992127466000474, 'depth': 11, 'l2_leaf_reg': 1.8939497285750873, 'border_count': 47}. Best is trial 159 with value: -0.10492384152542526.
[I 2025-08-04 02:06:03,204] Trial 307 finished with value: -0.09824202822419965 and parameters: {'learning_rate': 0.017871362606904303, 'depth': 10, 'l2_leaf_reg': 1.2673792332769866, 'border_count': 56}. Best is trial 159 with value: -0.10492384152542526.
[I 2025-08-04 02:07:49,015] Trial 308 finished with value: -0.09904686000346921 and parameters: {'learning_rate': 0.023850744869594494, 'depth': 11, 'l2_leaf_reg': 1.6638570312446692, 'border_count': 136}. Best is trial 159 with value: -0.10492384152542526.
[I 2025-08-04 02:10:19,831] Trial 309 finished with value: -0.10101419254637994 and parameters: {'learning_rate': 0.014515386822403846, 'depth': 12, 'l2_leaf_reg': 1.4840659833627652, 'border_count': 68}. Best is trial 159 with value: -0.10492384152542526.
[I 2025-08-04 02:16:01,360] Trial 310 finished with value: -0.10219391585954495 and parameters: {'learning_rate': 0.016005979204036784, 'depth': 12, 'l2_leaf_reg': 1.842616296167852, 'border_count': 234}. Best is trial 159 with value: -0.10492384152542526.
[I 2025-08-04 02:16:10,974] Trial 311 finished with value: -0.0674208408999004 and parameters: {'learning_rate': 0.0224025812266956, 'depth': 4, 'l2_leaf_reg': 2.0802991195714142, 'border_count': 53}. Best is trial 159 with value: -0.10492384152542526.
[I 2025-08-04 02:18:24,959] Trial 312 finished with value: -0.10039247086257695 and parameters: {'learning_rate': 0.017388130992920525, 'depth': 12, 'l2_leaf_reg': 1.1901844588741621, 'border_count': 64}. Best is trial 159 with value: -0.10492384152542526.
[I 2025-08-04 02:19:55,186] Trial 313 finished with value: -0.09799135610773926 and parameters: {'learning_rate': 0.026593061705750824, 'depth': 12, 'l2_leaf_reg': 1.37518884369369, 'border_count': 47}. Best is trial 159 with value: -0.10492384152542526.
[I 2025-08-04 02:22:08,073] Trial 314 finished with value: -0.10026754492997673 and parameters: {'learning_rate': 0.018582952327622762, 'depth': 12, 'l2_leaf_reg': 1.6432972452809194, 'border_count': 59}. Best is trial 159 with value: -0.10492384152542526.
[I 2025-08-04 02:23:08,392] Trial 315 finished with value: -0.09792492348681968 and parameters: {'learning_rate': 0.020801582080820193, 'depth': 11, 'l2_leaf_reg': 1.0252305546080156, 'border_count': 52}. Best is trial 159 with value: -0.10492384152542526.
[I 2025-08-04 02:27:21,249] Trial 316 finished with value: -0.10074117200074213 and parameters: {'learning_rate': 0.013253454400691596, 'depth': 12, 'l2_leaf_reg': 1.2660195488333073, 'border_count': 153}. Best is trial 159 with value: -0.10492384152542526.
[I 2025-08-04 02:29:54,133] Trial 317 finished with value: -0.10043664778228818 and parameters: {'learning_rate': 0.016143240633696276, 'depth': 12, 'l2_leaf_reg': 1.5520677465039705, 'border_count': 77}. Best is trial 159 with value: -0.10492384152542526.
[I 2025-08-04 02:32:03,429] Trial 318 finished with value: -0.1023860672429349 and parameters: {'learning_rate': 0.022547771299600398, 'depth': 12, 'l2_leaf_reg': 2.251271467103737, 'border_count': 72}. Best is trial 159 with value: -0.10492384152542526.
[I 2025-08-04 02:33:56,491] Trial 319 finished with value: -0.10157339584673507 and parameters: {'learning_rate': 0.019285163930550797, 'depth': 12, 'l2_leaf_reg': 1.8476137038299847, 'border_count': 44}. Best is trial 159 with value: -0.10492384152542526.
[I 2025-08-04 02:36:06,951] Trial 320 finished with value: -0.10147987089815048 and parameters: {'learning_rate': 0.017759499097303476, 'depth': 12, 'l2_leaf_reg': 1.4423068035090012, 'border_count': 57}. Best is trial 159 with value: -0.10492384152542526.
[I 2025-08-04 02:36:23,114] Trial 321 finished with value: -0.08622459794106671 and parameters: {'learning_rate': 0.021310394872765603, 'depth': 7, 'l2_leaf_reg': 1.0005916366031071, 'border_count': 48}. Best is trial 159 with value: -0.10492384152542526.
[I 2025-08-04 02:38:24,262] Trial 322 finished with value: -0.09634506384247166 and parameters: {'learning_rate': 0.019877710547877608, 'depth': 12, 'l2_leaf_reg': 1.2669244828600141, 'border_count': 63}. Best is trial 159 with value: -0.10492384152542526.
[I 2025-08-04 02:41:20,256] Trial 323 finished with value: -0.10451037649186064 and parameters: {'learning_rate': 0.014226830005761634, 'depth': 12, 'l2_leaf_reg': 1.6563705897680778, 'border_count': 82}. Best is trial 159 with value: -0.10492384152542526.
[I 2025-08-04 02:42:55,397] Trial 324 finished with value: -0.10070737568439687 and parameters: {'learning_rate': 0.014079672120528176, 'depth': 11, 'l2_leaf_reg': 2.487283879558899, 'border_count': 81}. Best is trial 159 with value: -0.10492384152542526.
[I 2025-08-04 02:45:58,879] Trial 325 finished with value: -0.10029323553918086 and parameters: {'learning_rate': 0.012028183454219828, 'depth': 12, 'l2_leaf_reg': 2.024432869477029, 'border_count': 89}. Best is trial 159 with value: -0.10492384152542526.
[I 2025-08-04 02:46:32,981] Trial 326 finished with value: -0.09194697676152663 and parameters: {'learning_rate': 0.01399361780237465, 'depth': 9, 'l2_leaf_reg': 1.7392880515606428, 'border_count': 72}. Best is trial 159 with value: -0.10492384152542526.
[I 2025-08-04 02:49:05,397] Trial 327 finished with value: -0.10195665059106401 and parameters: {'learning_rate': 0.015223127722434842, 'depth': 12, 'l2_leaf_reg': 1.6768401105396262, 'border_count': 74}. Best is trial 159 with value: -0.10492384152542526.
[I 2025-08-04 02:51:31,928] Trial 328 finished with value: -0.09926354312987534 and parameters: {'learning_rate': 0.016970096375970918, 'depth': 12, 'l2_leaf_reg': 1.9223577224910335, 'border_count': 67}. Best is trial 159 with value: -0.10492384152542526.
[I 2025-08-04 02:54:19,685] Trial 329 finished with value: -0.10039596353174544 and parameters: {'learning_rate': 0.01632137148597073, 'depth': 12, 'l2_leaf_reg': 1.5296726380554275, 'border_count': 79}. Best is trial 159 with value: -0.10492384152542526.
[I 2025-08-04 02:56:19,008] Trial 330 finished with value: -0.10134303827702106 and parameters: {'learning_rate': 0.014920559442735121, 'depth': 12, 'l2_leaf_reg': 1.6151382199628856, 'border_count': 41}. Best is trial 159 with value: -0.10492384152542526.
[I 2025-08-04 02:58:04,517] Trial 331 finished with value: -0.09974132803253276 and parameters: {'learning_rate': 0.028207999264295965, 'depth': 12, 'l2_leaf_reg': 1.825702364160782, 'border_count': 63}. Best is trial 159 with value: -0.10492384152542526.
[I 2025-08-04 03:00:01,571] Trial 332 finished with value: -0.09992142419637678 and parameters: {'learning_rate': 0.012525530651983138, 'depth': 11, 'l2_leaf_reg': 1.412002549281121, 'border_count': 120}. Best is trial 159 with value: -0.10492384152542526.
[I 2025-08-04 03:02:35,772] Trial 333 finished with value: -0.10294499091042789 and parameters: {'learning_rate': 0.018604045954222145, 'depth': 12, 'l2_leaf_reg': 2.1530224859458507, 'border_count': 68}. Best is trial 159 with value: -0.10492384152542526.
[I 2025-08-04 03:05:19,579] Trial 334 finished with value: -0.1001711545128061 and parameters: {'learning_rate': 0.018011287358252054, 'depth': 12, 'l2_leaf_reg': 2.228852193078211, 'border_count': 85}. Best is trial 159 with value: -0.10492384152542526.
[I 2025-08-04 03:07:43,659] Trial 335 finished with value: -0.10473129720753492 and parameters: {'learning_rate': 0.015775212928039635, 'depth': 12, 'l2_leaf_reg': 1.204033542318269, 'border_count': 68}. Best is trial 159 with value: -0.10492384152542526.
[I 2025-08-04 03:10:24,813] Trial 336 finished with value: -0.10192283471371114 and parameters: {'learning_rate': 0.013543458703853683, 'depth': 12, 'l2_leaf_reg': 1.1574374953852287, 'border_count': 70}. Best is trial 159 with value: -0.10492384152542526.
[I 2025-08-04 03:13:00,577] Trial 337 finished with value: -0.09929142990617419 and parameters: {'learning_rate': 0.01554683757977428, 'depth': 12, 'l2_leaf_reg': 1.5537363354772047, 'border_count': 74}. Best is trial 159 with value: -0.10492384152542526.
[I 2025-08-04 03:15:38,306] Trial 338 finished with value: -0.09537664686878694 and parameters: {'learning_rate': 0.014592277070544361, 'depth': 12, 'l2_leaf_reg': 5.390043155764673, 'border_count': 67}. Best is trial 159 with value: -0.10492384152542526.
[I 2025-08-04 03:18:13,934] Trial 339 finished with value: -0.10080592557472766 and parameters: {'learning_rate': 0.01615602538121519, 'depth': 12, 'l2_leaf_reg': 2.074665401626441, 'border_count': 78}. Best is trial 159 with value: -0.10492384152542526.
[I 2025-08-04 03:19:01,209] Trial 340 finished with value: -0.09915054859330642 and parameters: {'learning_rate': 0.01682431919662885, 'depth': 10, 'l2_leaf_reg': 1.2429589027413068, 'border_count': 70}. Best is trial 159 with value: -0.10492384152542526.
[I 2025-08-04 03:20:25,195] Trial 341 finished with value: -0.10434336947939761 and parameters: {'learning_rate': 0.018573078642129762, 'depth': 11, 'l2_leaf_reg': 1.4342291684153836, 'border_count': 67}. Best is trial 159 with value: -0.10492384152542526.
[I 2025-08-04 03:21:44,285] Trial 342 finished with value: -0.09903218318077843 and parameters: {'learning_rate': 0.018647100164271773, 'depth': 11, 'l2_leaf_reg': 1.6530728525895446, 'border_count': 74}. Best is trial 159 with value: -0.10492384152542526.
[I 2025-08-04 03:23:07,469] Trial 343 finished with value: -0.100275929279401 and parameters: {'learning_rate': 0.015720084674120102, 'depth': 11, 'l2_leaf_reg': 1.4522257293225322, 'border_count': 67}. Best is trial 159 with value: -0.10492384152542526.
[I 2025-08-04 03:24:20,914] Trial 344 finished with value: -0.10152626164108411 and parameters: {'learning_rate': 0.017377870661670985, 'depth': 11, 'l2_leaf_reg': 1.734406354384104, 'border_count': 61}. Best is trial 159 with value: -0.10492384152542526.
[I 2025-08-04 03:25:34,161] Trial 345 finished with value: -0.0985817863147412 and parameters: {'learning_rate': 0.018993612720897026, 'depth': 11, 'l2_leaf_reg': 1.4325729398364988, 'border_count': 68}. Best is trial 159 with value: -0.10492384152542526.
[I 2025-08-04 03:27:03,523] Trial 346 finished with value: -0.09975909166288183 and parameters: {'learning_rate': 0.016602217044604385, 'depth': 11, 'l2_leaf_reg': 1.8320589605955908, 'border_count': 81}. Best is trial 159 with value: -0.10492384152542526.
[I 2025-08-04 03:28:13,862] Trial 347 finished with value: -0.10072295839762889 and parameters: {'learning_rate': 0.01968205093808374, 'depth': 11, 'l2_leaf_reg': 1.5884479032544736, 'border_count': 63}. Best is trial 159 with value: -0.10492384152542526.
[I 2025-08-04 03:29:27,782] Trial 348 finished with value: -0.09999716316299227 and parameters: {'learning_rate': 0.018196896851488672, 'depth': 11, 'l2_leaf_reg': 2.39341770304788, 'border_count': 58}. Best is trial 159 with value: -0.10492384152542526.
[I 2025-08-04 03:32:08,733] Trial 349 finished with value: -0.10021247442758989 and parameters: {'learning_rate': 0.015634441249985347, 'depth': 12, 'l2_leaf_reg': 1.9631146283536833, 'border_count': 75}. Best is trial 159 with value: -0.10492384152542526.
[I 2025-08-04 03:34:45,694] Trial 350 finished with value: -0.10256948429870337 and parameters: {'learning_rate': 0.017205692359720578, 'depth': 12, 'l2_leaf_reg': 1.317800837711469, 'border_count': 71}. Best is trial 159 with value: -0.10492384152542526.
[I 2025-08-04 03:35:08,509] Trial 351 finished with value: -0.08794838086386259 and parameters: {'learning_rate': 0.014544583920050631, 'depth': 8, 'l2_leaf_reg': 1.7339512516988769, 'border_count': 60}. Best is trial 159 with value: -0.10492384152542526.
[I 2025-08-04 03:35:58,832] Trial 352 finished with value: -0.09673468578706079 and parameters: {'learning_rate': 0.01309676605274908, 'depth': 10, 'l2_leaf_reg': 1.49291964932647, 'border_count': 51}. Best is trial 159 with value: -0.10492384152542526.
[I 2025-08-04 03:38:06,903] Trial 353 finished with value: -0.1003078094152268 and parameters: {'learning_rate': 0.01934144284695712, 'depth': 12, 'l2_leaf_reg': 2.1381002132903077, 'border_count': 67}. Best is trial 159 with value: -0.10492384152542526.
[I 2025-08-04 03:40:09,937] Trial 354 finished with value: -0.10024005649747295 and parameters: {'learning_rate': 0.018097597523114333, 'depth': 12, 'l2_leaf_reg': 1.1903971813821173, 'border_count': 56}. Best is trial 159 with value: -0.10492384152542526.
[I 2025-08-04 03:42:05,566] Trial 355 finished with value: -0.10382104618732967 and parameters: {'learning_rate': 0.020310635346581056, 'depth': 12, 'l2_leaf_reg': 1.6125566675387542, 'border_count': 45}. Best is trial 159 with value: -0.10492384152542526.
[I 2025-08-04 03:43:57,364] Trial 356 finished with value: -0.10181350614701573 and parameters: {'learning_rate': 0.020298622135908342, 'depth': 12, 'l2_leaf_reg': 1.401823494753348, 'border_count': 45}. Best is trial 159 with value: -0.10492384152542526.
[I 2025-08-04 03:45:44,978] Trial 357 finished with value: -0.10097263215418227 and parameters: {'learning_rate': 0.02016665603245796, 'depth': 12, 'l2_leaf_reg': 1.675022442378851, 'border_count': 43}. Best is trial 159 with value: -0.10492384152542526.
[I 2025-08-04 03:46:47,972] Trial 358 finished with value: -0.0955878205995723 and parameters: {'learning_rate': 0.08744271341951289, 'depth': 12, 'l2_leaf_reg': 6.880712683436039, 'border_count': 47}. Best is trial 159 with value: -0.10492384152542526.
[I 2025-08-04 03:48:22,306] Trial 359 finished with value: -0.10110324817084496 and parameters: {'learning_rate': 0.021951248941908533, 'depth': 12, 'l2_leaf_reg': 1.4596889749449768, 'border_count': 41}. Best is trial 159 with value: -0.10492384152542526.
[I 2025-08-04 03:50:15,675] Trial 360 finished with value: -0.10164446926486001 and parameters: {'learning_rate': 0.018791096280040085, 'depth': 12, 'l2_leaf_reg': 1.2694417275919303, 'border_count': 50}. Best is trial 159 with value: -0.10492384152542526.
[I 2025-08-04 03:51:48,212] Trial 361 finished with value: -0.10034494037170266 and parameters: {'learning_rate': 0.023623047142476917, 'depth': 12, 'l2_leaf_reg': 1.5978805854903093, 'border_count': 38}. Best is trial 159 with value: -0.10492384152542526.
[I 2025-08-04 03:53:50,885] Trial 362 finished with value: -0.10095752387018393 and parameters: {'learning_rate': 0.020527717846290674, 'depth': 12, 'l2_leaf_reg': 1.7899236506308904, 'border_count': 52}. Best is trial 159 with value: -0.10492384152542526.
[I 2025-08-04 03:56:00,738] Trial 363 finished with value: -0.09985631602299752 and parameters: {'learning_rate': 0.018260688540608118, 'depth': 12, 'l2_leaf_reg': 1.1431726283466106, 'border_count': 63}. Best is trial 159 with value: -0.10492384152542526.
[I 2025-08-04 03:57:30,300] Trial 364 finished with value: -0.10041755168397895 and parameters: {'learning_rate': 0.05251492404250702, 'depth': 12, 'l2_leaf_reg': 6.0098067074751995, 'border_count': 47}. Best is trial 159 with value: -0.10492384152542526.
[I 2025-08-04 04:01:16,774] Trial 365 finished with value: -0.10297894756683004 and parameters: {'learning_rate': 0.021625317620822336, 'depth': 12, 'l2_leaf_reg': 1.3404476651893933, 'border_count': 177}. Best is trial 159 with value: -0.10492384152542526.
[I 2025-08-04 04:05:00,302] Trial 366 finished with value: -0.09922622867238456 and parameters: {'learning_rate': 0.022713680936541285, 'depth': 12, 'l2_leaf_reg': 1.3301510175068298, 'border_count': 173}. Best is trial 159 with value: -0.10492384152542526.
[I 2025-08-04 04:06:32,222] Trial 367 finished with value: -0.09969622201137887 and parameters: {'learning_rate': 0.02145759240744056, 'depth': 12, 'l2_leaf_reg': 1.165202617543339, 'border_count': 38}. Best is trial 159 with value: -0.10492384152542526.
[I 2025-08-04 04:11:58,474] Trial 368 finished with value: -0.09900138875585984 and parameters: {'learning_rate': 0.011251357176401614, 'depth': 12, 'l2_leaf_reg': 1.390456989063573, 'border_count': 191}. Best is trial 159 with value: -0.10492384152542526.
[I 2025-08-04 04:16:08,120] Trial 369 finished with value: -0.10244557774367438 and parameters: {'learning_rate': 0.0239466166365136, 'depth': 12, 'l2_leaf_reg': 1.4927095200516054, 'border_count': 201}. Best is trial 159 with value: -0.10492384152542526.
[I 2025-08-04 04:20:57,190] Trial 370 finished with value: -0.09961237221687741 and parameters: {'learning_rate': 0.020445497198266202, 'depth': 12, 'l2_leaf_reg': 1.1522322682264607, 'border_count': 216}. Best is trial 159 with value: -0.10492384152542526.
[I 2025-08-04 04:24:25,046] Trial 371 finished with value: -0.10241199586746717 and parameters: {'learning_rate': 0.021784969987373788, 'depth': 12, 'l2_leaf_reg': 1.406753978262915, 'border_count': 149}. Best is trial 159 with value: -0.10492384152542526.
[I 2025-08-04 04:26:11,604] Trial 372 finished with value: -0.10082947706450958 and parameters: {'learning_rate': 0.019593327843945612, 'depth': 12, 'l2_leaf_reg': 1.628285235058549, 'border_count': 43}. Best is trial 159 with value: -0.10492384152542526.
[I 2025-08-04 04:28:01,492] Trial 373 finished with value: -0.09950806519752717 and parameters: {'learning_rate': 0.023024092268581396, 'depth': 12, 'l2_leaf_reg': 4.359753243418076, 'border_count': 37}. Best is trial 159 with value: -0.10492384152542526.
[I 2025-08-04 04:30:07,967] Trial 374 finished with value: -0.1029804444557702 and parameters: {'learning_rate': 0.02519767620207121, 'depth': 12, 'l2_leaf_reg': 1.2245398615875938, 'border_count': 84}. Best is trial 159 with value: -0.10492384152542526.
[I 2025-08-04 04:32:43,789] Trial 375 finished with value: -0.10167376683531287 and parameters: {'learning_rate': 0.017159357760294255, 'depth': 12, 'l2_leaf_reg': 1.0059834961220542, 'border_count': 82}. Best is trial 159 with value: -0.10492384152542526.
[I 2025-08-04 04:35:22,435] Trial 376 finished with value: -0.10563905611258098 and parameters: {'learning_rate': 0.024507043895913353, 'depth': 12, 'l2_leaf_reg': 1.322319819798864, 'border_count': 96}. Best is trial 376 with value: -0.10563905611258098.
[I 2025-08-04 04:37:40,346] Trial 377 finished with value: -0.09910255414415112 and parameters: {'learning_rate': 0.025043502382408198, 'depth': 12, 'l2_leaf_reg': 1.2099364602757783, 'border_count': 97}. Best is trial 376 with value: -0.10563905611258098.
[I 2025-08-04 04:39:26,410] Trial 378 finished with value: -0.09506169328086185 and parameters: {'learning_rate': 0.02898370101065288, 'depth': 12, 'l2_leaf_reg': 1.318043754112277, 'border_count': 79}. Best is trial 376 with value: -0.10563905611258098.
