cpu-bind=MASK - dlcgpu02, task  0  0 [1775076]: mask 0xf0000000f set
/var/spool/slurm/job20917812/slurm_script: line 11: module: command not found
/var/spool/slurm/job20917812/slurm_script: line 14: cd: /work/dlclarge2/latifajr-dl_lab_project/autoML/automl-exam-ss25-tabular-freiburg-template: Permission denied
2025-08-04 20:00:06 [INFO] Using device: cuda
2025-08-04 20:00:06 [INFO] Training TabPFN model...
[I 2025-08-04 20:00:06,316] A new study created in memory with name: no-name-18298bce-0950-46ba-a8f0-c101bd561988
2025-08-04 20:00:06 [INFO] 🔍 Trial 0: n_bootstrap=14, sample_frac=0.89
2025-08-04 20:00:06 [WARNING] y_test not found at /work/dlclarge2/alidemaa-dl_lab/automl/automl-exam-ss25-tabular-freiburg-template/data/exam_dataset/1/y_test.parquet, returning empty DataFrame
[I 2025-08-04 20:03:20,901] Trial 0 finished with value: 0.9260572256148073 and parameters: {'n_bootstrap': 14, 'sample_frac': 0.8852142919229748}. Best is trial 0 with value: 0.9260572256148073.
2025-08-04 20:03:20 [INFO] 🔍 Trial 1: n_bootstrap=18, sample_frac=0.78
2025-08-04 20:03:20 [WARNING] y_test not found at /work/dlclarge2/alidemaa-dl_lab/automl/automl-exam-ss25-tabular-freiburg-template/data/exam_dataset/1/y_test.parquet, returning empty DataFrame
[I 2025-08-04 20:06:58,062] Trial 1 finished with value: 0.9262889835026962 and parameters: {'n_bootstrap': 18, 'sample_frac': 0.779597545259111}. Best is trial 1 with value: 0.9262889835026962.
2025-08-04 20:06:58 [INFO] 🔍 Trial 2: n_bootstrap=11, sample_frac=0.65
2025-08-04 20:06:58 [WARNING] y_test not found at /work/dlclarge2/alidemaa-dl_lab/automl/automl-exam-ss25-tabular-freiburg-template/data/exam_dataset/1/y_test.parquet, returning empty DataFrame
[I 2025-08-04 20:11:04,990] Trial 2 finished with value: 0.9240255091562499 and parameters: {'n_bootstrap': 11, 'sample_frac': 0.6467983561008608}. Best is trial 1 with value: 0.9262889835026962.
2025-08-04 20:11:04 [INFO] 🔍 Trial 3: n_bootstrap=10, sample_frac=0.86
2025-08-04 20:11:05 [WARNING] y_test not found at /work/dlclarge2/alidemaa-dl_lab/automl/automl-exam-ss25-tabular-freiburg-template/data/exam_dataset/1/y_test.parquet, returning empty DataFrame
[I 2025-08-04 20:13:18,658] Trial 3 finished with value: 0.9252326124326563 and parameters: {'n_bootstrap': 10, 'sample_frac': 0.8598528437324806}. Best is trial 1 with value: 0.9262889835026962.
2025-08-04 20:13:18 [INFO] 🔍 Trial 4: n_bootstrap=16, sample_frac=0.81
2025-08-04 20:13:18 [WARNING] y_test not found at /work/dlclarge2/alidemaa-dl_lab/automl/automl-exam-ss25-tabular-freiburg-template/data/exam_dataset/1/y_test.parquet, returning empty DataFrame
[I 2025-08-04 20:16:39,939] Trial 4 finished with value: 0.9259055239950397 and parameters: {'n_bootstrap': 16, 'sample_frac': 0.8124217733388137}. Best is trial 1 with value: 0.9262889835026962.
2025-08-04 20:16:39 [INFO] 🔍 Trial 5: n_bootstrap=10, sample_frac=0.89
2025-08-04 20:16:39 [WARNING] y_test not found at /work/dlclarge2/alidemaa-dl_lab/automl/automl-exam-ss25-tabular-freiburg-template/data/exam_dataset/1/y_test.parquet, returning empty DataFrame
2025-08-04 20:17:49 [INFO] ⏸️ Pruned trial 5 at step 5 (R²=0.9252)
[I 2025-08-04 20:17:49,589] Trial 5 pruned. 
2025-08-04 20:17:49 [INFO] 🔍 Trial 6: n_bootstrap=19, sample_frac=0.66
2025-08-04 20:17:49 [WARNING] y_test not found at /work/dlclarge2/alidemaa-dl_lab/automl/automl-exam-ss25-tabular-freiburg-template/data/exam_dataset/1/y_test.parquet, returning empty DataFrame
2025-08-04 20:19:44 [INFO] ⏸️ Pruned trial 6 at step 5 (R²=0.9246)
[I 2025-08-04 20:19:44,587] Trial 6 pruned. 
2025-08-04 20:19:44 [INFO] 🔍 Trial 7: n_bootstrap=12, sample_frac=0.66
2025-08-04 20:19:44 [WARNING] y_test not found at /work/dlclarge2/alidemaa-dl_lab/automl/automl-exam-ss25-tabular-freiburg-template/data/exam_dataset/1/y_test.parquet, returning empty DataFrame
2025-08-04 20:21:37 [INFO] ⏸️ Pruned trial 7 at step 5 (R²=0.9246)
[I 2025-08-04 20:21:37,589] Trial 7 pruned. 
2025-08-04 20:21:37 [INFO] 🔍 Trial 8: n_bootstrap=13, sample_frac=0.76
2025-08-04 20:21:37 [WARNING] y_test not found at /work/dlclarge2/alidemaa-dl_lab/automl/automl-exam-ss25-tabular-freiburg-template/data/exam_dataset/1/y_test.parquet, returning empty DataFrame
2025-08-04 20:22:03 [INFO] ⏸️ Pruned trial 8 at step 1 (R²=0.9173)
[I 2025-08-04 20:22:03,748] Trial 8 pruned. 
2025-08-04 20:22:03 [INFO] 🔍 Trial 9: n_bootstrap=14, sample_frac=0.69
2025-08-04 20:22:03 [WARNING] y_test not found at /work/dlclarge2/alidemaa-dl_lab/automl/automl-exam-ss25-tabular-freiburg-template/data/exam_dataset/1/y_test.parquet, returning empty DataFrame
2025-08-04 20:24:02 [INFO] ⏸️ Pruned trial 9 at step 5 (R²=0.9251)
[I 2025-08-04 20:24:02,996] Trial 9 pruned. 
2025-08-04 20:24:03 [INFO] 🔍 Trial 10: n_bootstrap=20, sample_frac=0.74
2025-08-04 20:24:03 [WARNING] y_test not found at /work/dlclarge2/alidemaa-dl_lab/automl/automl-exam-ss25-tabular-freiburg-template/data/exam_dataset/1/y_test.parquet, returning empty DataFrame
2025-08-04 20:24:28 [INFO] ⏸️ Pruned trial 10 at step 1 (R²=0.9174)
[I 2025-08-04 20:24:28,434] Trial 10 pruned. 
2025-08-04 20:24:28 [INFO] 🔍 Trial 11: n_bootstrap=17, sample_frac=0.81
2025-08-04 20:24:28 [WARNING] y_test not found at /work/dlclarge2/alidemaa-dl_lab/automl/automl-exam-ss25-tabular-freiburg-template/data/exam_dataset/1/y_test.parquet, returning empty DataFrame
2025-08-04 20:24:40 [INFO] ⏸️ Pruned trial 11 at step 1 (R²=0.9165)
[I 2025-08-04 20:24:40,893] Trial 11 pruned. 
2025-08-04 20:24:40 [INFO] 🔍 Trial 12: n_bootstrap=18, sample_frac=0.83
2025-08-04 20:24:40 [WARNING] y_test not found at /work/dlclarge2/alidemaa-dl_lab/automl/automl-exam-ss25-tabular-freiburg-template/data/exam_dataset/1/y_test.parquet, returning empty DataFrame
2025-08-04 20:24:53 [INFO] ⏸️ Pruned trial 12 at step 1 (R²=0.9173)
[I 2025-08-04 20:24:53,567] Trial 12 pruned. 
2025-08-04 20:24:53 [INFO] 🔍 Trial 13: n_bootstrap=15, sample_frac=0.74
2025-08-04 20:24:53 [WARNING] y_test not found at /work/dlclarge2/alidemaa-dl_lab/automl/automl-exam-ss25-tabular-freiburg-template/data/exam_dataset/1/y_test.parquet, returning empty DataFrame
2025-08-04 20:25:19 [INFO] ⏸️ Pruned trial 13 at step 1 (R²=0.9171)
[I 2025-08-04 20:25:19,243] Trial 13 pruned. 
2025-08-04 20:25:19 [INFO] 🔍 Trial 14: n_bootstrap=16, sample_frac=0.60
2025-08-04 20:25:19 [WARNING] y_test not found at /work/dlclarge2/alidemaa-dl_lab/automl/automl-exam-ss25-tabular-freiburg-template/data/exam_dataset/1/y_test.parquet, returning empty DataFrame
2025-08-04 20:25:39 [INFO] ⏸️ Pruned trial 14 at step 1 (R²=0.9171)
[I 2025-08-04 20:25:39,838] Trial 14 pruned. 
2025-08-04 20:25:39 [INFO] 🔍 Trial 15: n_bootstrap=14, sample_frac=0.88
2025-08-04 20:25:39 [WARNING] y_test not found at /work/dlclarge2/alidemaa-dl_lab/automl/automl-exam-ss25-tabular-freiburg-template/data/exam_dataset/1/y_test.parquet, returning empty DataFrame
2025-08-04 20:26:35 [INFO] ⏸️ Pruned trial 15 at step 4 (R²=0.9234)
[I 2025-08-04 20:26:35,448] Trial 15 pruned. 
2025-08-04 20:26:35 [INFO] 🔍 Trial 16: n_bootstrap=18, sample_frac=0.78
2025-08-04 20:26:35 [WARNING] y_test not found at /work/dlclarge2/alidemaa-dl_lab/automl/automl-exam-ss25-tabular-freiburg-template/data/exam_dataset/1/y_test.parquet, returning empty DataFrame
2025-08-04 20:26:47 [INFO] ⏸️ Pruned trial 16 at step 1 (R²=0.9169)
[I 2025-08-04 20:26:47,443] Trial 16 pruned. 
2025-08-04 20:26:47 [INFO] 🔍 Trial 17: n_bootstrap=20, sample_frac=0.84
2025-08-04 20:26:47 [WARNING] y_test not found at /work/dlclarge2/alidemaa-dl_lab/automl/automl-exam-ss25-tabular-freiburg-template/data/exam_dataset/1/y_test.parquet, returning empty DataFrame
2025-08-04 20:27:39 [INFO] ⏸️ Pruned trial 17 at step 4 (R²=0.9230)
[I 2025-08-04 20:27:39,784] Trial 17 pruned. 
2025-08-04 20:27:39 [INFO] 🔍 Trial 18: n_bootstrap=16, sample_frac=0.78
2025-08-04 20:27:39 [WARNING] y_test not found at /work/dlclarge2/alidemaa-dl_lab/automl/automl-exam-ss25-tabular-freiburg-template/data/exam_dataset/1/y_test.parquet, returning empty DataFrame
2025-08-04 20:27:51 [INFO] ⏸️ Pruned trial 18 at step 1 (R²=0.9174)
[I 2025-08-04 20:27:51,713] Trial 18 pruned. 
2025-08-04 20:27:51 [INFO] 🔍 Trial 19: n_bootstrap=13, sample_frac=0.72
2025-08-04 20:27:51 [WARNING] y_test not found at /work/dlclarge2/alidemaa-dl_lab/automl/automl-exam-ss25-tabular-freiburg-template/data/exam_dataset/1/y_test.parquet, returning empty DataFrame
2025-08-04 20:29:56 [INFO] ⏸️ Pruned trial 19 at step 5 (R²=0.9251)
[I 2025-08-04 20:29:56,046] Trial 19 pruned. 
2025-08-04 20:29:56 [INFO] 🔍 Trial 20: n_bootstrap=18, sample_frac=0.86
2025-08-04 20:29:56 [WARNING] y_test not found at /work/dlclarge2/alidemaa-dl_lab/automl/automl-exam-ss25-tabular-freiburg-template/data/exam_dataset/1/y_test.parquet, returning empty DataFrame
2025-08-04 20:30:49 [INFO] ⏸️ Pruned trial 20 at step 4 (R²=0.9229)
[I 2025-08-04 20:30:49,456] Trial 20 pruned. 
2025-08-04 20:30:49 [INFO] 🔍 Trial 21: n_bootstrap=16, sample_frac=0.81
2025-08-04 20:30:49 [WARNING] y_test not found at /work/dlclarge2/alidemaa-dl_lab/automl/automl-exam-ss25-tabular-freiburg-template/data/exam_dataset/1/y_test.parquet, returning empty DataFrame
2025-08-04 20:31:01 [INFO] ⏸️ Pruned trial 21 at step 1 (R²=0.9167)
[I 2025-08-04 20:31:01,911] Trial 21 pruned. 
2025-08-04 20:31:01 [INFO] 🔍 Trial 22: n_bootstrap=15, sample_frac=0.83
2025-08-04 20:31:01 [WARNING] y_test not found at /work/dlclarge2/alidemaa-dl_lab/automl/automl-exam-ss25-tabular-freiburg-template/data/exam_dataset/1/y_test.parquet, returning empty DataFrame
2025-08-04 20:31:14 [INFO] ⏸️ Pruned trial 22 at step 1 (R²=0.9175)
[I 2025-08-04 20:31:14,759] Trial 22 pruned. 
2025-08-04 20:31:14 [INFO] 🔍 Trial 23: n_bootstrap=17, sample_frac=0.79
2025-08-04 20:31:14 [WARNING] y_test not found at /work/dlclarge2/alidemaa-dl_lab/automl/automl-exam-ss25-tabular-freiburg-template/data/exam_dataset/1/y_test.parquet, returning empty DataFrame
2025-08-04 20:31:26 [INFO] ⏸️ Pruned trial 23 at step 1 (R²=0.9168)
[I 2025-08-04 20:31:26,832] Trial 23 pruned. 
2025-08-04 20:31:26 [INFO] 🔍 Trial 24: n_bootstrap=17, sample_frac=0.90
2025-08-04 20:31:26 [WARNING] y_test not found at /work/dlclarge2/alidemaa-dl_lab/automl/automl-exam-ss25-tabular-freiburg-template/data/exam_dataset/1/y_test.parquet, returning empty DataFrame
2025-08-04 20:32:23 [INFO] ⏸️ Pruned trial 24 at step 4 (R²=0.9235)
[I 2025-08-04 20:32:23,396] Trial 24 pruned. 
2025-08-04 20:32:23 [INFO] 🔍 Trial 25: n_bootstrap=14, sample_frac=0.86
2025-08-04 20:32:23 [WARNING] y_test not found at /work/dlclarge2/alidemaa-dl_lab/automl/automl-exam-ss25-tabular-freiburg-template/data/exam_dataset/1/y_test.parquet, returning empty DataFrame
2025-08-04 20:32:36 [INFO] ⏸️ Pruned trial 25 at step 1 (R²=0.9170)
[I 2025-08-04 20:32:36,771] Trial 25 pruned. 
2025-08-04 20:32:36 [INFO] 🔍 Trial 26: n_bootstrap=15, sample_frac=0.81
2025-08-04 20:32:36 [WARNING] y_test not found at /work/dlclarge2/alidemaa-dl_lab/automl/automl-exam-ss25-tabular-freiburg-template/data/exam_dataset/1/y_test.parquet, returning empty DataFrame
2025-08-04 20:32:49 [INFO] ⏸️ Pruned trial 26 at step 1 (R²=0.9166)
[I 2025-08-04 20:32:49,101] Trial 26 pruned. 
2025-08-04 20:32:49 [INFO] 🔍 Trial 27: n_bootstrap=19, sample_frac=0.72
2025-08-04 20:32:49 [WARNING] y_test not found at /work/dlclarge2/alidemaa-dl_lab/automl/automl-exam-ss25-tabular-freiburg-template/data/exam_dataset/1/y_test.parquet, returning empty DataFrame
2025-08-04 20:34:53 [INFO] ⏸️ Pruned trial 27 at step 5 (R²=0.9250)
[I 2025-08-04 20:34:53,159] Trial 27 pruned. 
2025-08-04 20:34:53 [INFO] 🔍 Trial 28: n_bootstrap=13, sample_frac=0.76
2025-08-04 20:34:53 [WARNING] y_test not found at /work/dlclarge2/alidemaa-dl_lab/automl/automl-exam-ss25-tabular-freiburg-template/data/exam_dataset/1/y_test.parquet, returning empty DataFrame
2025-08-04 20:35:19 [INFO] ⏸️ Pruned trial 28 at step 1 (R²=0.9170)
[I 2025-08-04 20:35:19,362] Trial 28 pruned. 
2025-08-04 20:35:19 [INFO] 🔍 Trial 29: n_bootstrap=12, sample_frac=0.72
2025-08-04 20:35:19 [WARNING] y_test not found at /work/dlclarge2/alidemaa-dl_lab/automl/automl-exam-ss25-tabular-freiburg-template/data/exam_dataset/1/y_test.parquet, returning empty DataFrame
2025-08-04 20:35:43 [INFO] ⏸️ Pruned trial 29 at step 1 (R²=0.9175)
[I 2025-08-04 20:35:43,930] Trial 29 pruned. 
2025-08-04 20:35:43 [INFO] 🏆 Best Params: {'n_bootstrap': 18, 'sample_frac': 0.779597545259111}, R²=0.92629
2025-08-04 20:35:43 [INFO] Bootstrap training → dataset=exam_dataset, device=cuda
2025-08-04 20:35:43 [WARNING] y_test not found at /work/dlclarge2/alidemaa-dl_lab/automl/automl-exam-ss25-tabular-freiburg-template/data/exam_dataset/1/y_test.parquet, returning empty DataFrame
2025-08-04 20:35:43 [INFO] [1/18] bootstrap sample size=9665
2025-08-04 20:35:56 [INFO] Saved model → /work/dlclarge2/alidemaa-dl_lab/automl/automl-exam-ss25-tabular-freiburg-template/modelsFinal-exam/exam_dataset/bootstrap_1.pkl
2025-08-04 20:35:56 [INFO] [2/18] bootstrap sample size=9665
2025-08-04 20:36:08 [INFO] Saved model → /work/dlclarge2/alidemaa-dl_lab/automl/automl-exam-ss25-tabular-freiburg-template/modelsFinal-exam/exam_dataset/bootstrap_2.pkl
2025-08-04 20:36:08 [INFO] [3/18] bootstrap sample size=9665
2025-08-04 20:36:20 [INFO] Saved model → /work/dlclarge2/alidemaa-dl_lab/automl/automl-exam-ss25-tabular-freiburg-template/modelsFinal-exam/exam_dataset/bootstrap_3.pkl
2025-08-04 20:36:20 [INFO] [4/18] bootstrap sample size=9665
2025-08-04 20:36:32 [INFO] Saved model → /work/dlclarge2/alidemaa-dl_lab/automl/automl-exam-ss25-tabular-freiburg-template/modelsFinal-exam/exam_dataset/bootstrap_4.pkl
2025-08-04 20:36:33 [INFO] [5/18] bootstrap sample size=9665
2025-08-04 20:36:45 [INFO] Saved model → /work/dlclarge2/alidemaa-dl_lab/automl/automl-exam-ss25-tabular-freiburg-template/modelsFinal-exam/exam_dataset/bootstrap_5.pkl
2025-08-04 20:36:45 [INFO] [6/18] bootstrap sample size=9665
2025-08-04 20:36:57 [INFO] Saved model → /work/dlclarge2/alidemaa-dl_lab/automl/automl-exam-ss25-tabular-freiburg-template/modelsFinal-exam/exam_dataset/bootstrap_6.pkl
2025-08-04 20:36:57 [INFO] [7/18] bootstrap sample size=9665
2025-08-04 20:37:09 [INFO] Saved model → /work/dlclarge2/alidemaa-dl_lab/automl/automl-exam-ss25-tabular-freiburg-template/modelsFinal-exam/exam_dataset/bootstrap_7.pkl
2025-08-04 20:37:09 [INFO] [8/18] bootstrap sample size=9665
2025-08-04 20:37:21 [INFO] Saved model → /work/dlclarge2/alidemaa-dl_lab/automl/automl-exam-ss25-tabular-freiburg-template/modelsFinal-exam/exam_dataset/bootstrap_8.pkl
2025-08-04 20:37:22 [INFO] [9/18] bootstrap sample size=9665
2025-08-04 20:37:34 [INFO] Saved model → /work/dlclarge2/alidemaa-dl_lab/automl/automl-exam-ss25-tabular-freiburg-template/modelsFinal-exam/exam_dataset/bootstrap_9.pkl
2025-08-04 20:37:34 [INFO] [10/18] bootstrap sample size=9665
2025-08-04 20:37:46 [INFO] Saved model → /work/dlclarge2/alidemaa-dl_lab/automl/automl-exam-ss25-tabular-freiburg-template/modelsFinal-exam/exam_dataset/bootstrap_10.pkl
2025-08-04 20:37:46 [INFO] [11/18] bootstrap sample size=9665
2025-08-04 20:37:58 [INFO] Saved model → /work/dlclarge2/alidemaa-dl_lab/automl/automl-exam-ss25-tabular-freiburg-template/modelsFinal-exam/exam_dataset/bootstrap_11.pkl
2025-08-04 20:37:58 [INFO] [12/18] bootstrap sample size=9665
2025-08-04 20:38:11 [INFO] Saved model → /work/dlclarge2/alidemaa-dl_lab/automl/automl-exam-ss25-tabular-freiburg-template/modelsFinal-exam/exam_dataset/bootstrap_12.pkl
2025-08-04 20:38:11 [INFO] [13/18] bootstrap sample size=9665
2025-08-04 20:38:23 [INFO] Saved model → /work/dlclarge2/alidemaa-dl_lab/automl/automl-exam-ss25-tabular-freiburg-template/modelsFinal-exam/exam_dataset/bootstrap_13.pkl
2025-08-04 20:38:23 [INFO] [14/18] bootstrap sample size=9665
2025-08-04 20:38:35 [INFO] Saved model → /work/dlclarge2/alidemaa-dl_lab/automl/automl-exam-ss25-tabular-freiburg-template/modelsFinal-exam/exam_dataset/bootstrap_14.pkl
2025-08-04 20:38:35 [INFO] [15/18] bootstrap sample size=9665
2025-08-04 20:38:47 [INFO] Saved model → /work/dlclarge2/alidemaa-dl_lab/automl/automl-exam-ss25-tabular-freiburg-template/modelsFinal-exam/exam_dataset/bootstrap_15.pkl
2025-08-04 20:38:48 [INFO] [16/18] bootstrap sample size=9665
2025-08-04 20:39:00 [INFO] Saved model → /work/dlclarge2/alidemaa-dl_lab/automl/automl-exam-ss25-tabular-freiburg-template/modelsFinal-exam/exam_dataset/bootstrap_16.pkl
2025-08-04 20:39:00 [INFO] [17/18] bootstrap sample size=9665
2025-08-04 20:39:12 [INFO] Saved model → /work/dlclarge2/alidemaa-dl_lab/automl/automl-exam-ss25-tabular-freiburg-template/modelsFinal-exam/exam_dataset/bootstrap_17.pkl
2025-08-04 20:39:12 [INFO] [18/18] bootstrap sample size=9665
2025-08-04 20:39:24 [INFO] Saved model → /work/dlclarge2/alidemaa-dl_lab/automl/automl-exam-ss25-tabular-freiburg-template/modelsFinal-exam/exam_dataset/bootstrap_18.pkl
2025-08-04 20:39:24 [INFO] 📊 Final OOB R² = 0.92629
2025-08-04 20:39:32 [INFO] Saved ensemble → /work/dlclarge2/alidemaa-dl_lab/automl/automl-exam-ss25-tabular-freiburg-template/modelsFinal-exam/exam_dataset/ensemble.pkl
2025-08-04 20:39:32 [WARNING] get_test_data failed or unavailable; skipping test R² logging
2025-08-04 20:39:32 [INFO] Total time: 228.6s
2025-08-04 20:39:32 [INFO] TabPFN →      /work/dlclarge2/alidemaa-dl_lab/automl/automl-exam-ss25-tabular-freiburg-template/modelsFinal-exam/exam_dataset/ensemble.pkl (R²=0.9263)
2025-08-04 20:39:32 [INFO] Training tree-based model...
2025-08-04 20:39:32 [INFO] AutoML pipeline started
2025-08-04 20:39:32 [INFO] Output directory '/work/dlclarge2/alidemaa-dl_lab/automl/automl-exam-ss25-tabular-freiburg-template/modelsFinal-exam' is ready and logging is configured.
2025-08-04 20:39:32 [INFO] Merged training data: 12398 rows
2025-08-04 20:39:32 [INFO] Split data into pool (11158 rows) and validation (1240 rows)
2025-08-04 20:39:32 [INFO] Feature engineering completed: 15 features
[I 2025-08-04 20:39:32,554] A new study created in memory with name: no-name-f420c47b-67ca-4aa0-bf01-48d8abe486d7
TBB Warning: The number of workers is currently limited to 7. The request for 63 workers is ignored. Further requests for more workers will be silently ignored until the limit changes.

[I 2025-08-04 20:48:11,897] Trial 0 finished with value: -0.9164100287424646 and parameters: {'learning_rate': 0.03574712922600244, 'depth': 12, 'l2_leaf_reg': 7.587945476302646, 'border_count': 166}. Best is trial 0 with value: -0.9164100287424646.
[I 2025-08-04 20:48:23,399] Trial 1 finished with value: -0.9245196154026717 and parameters: {'learning_rate': 0.01700037298921102, 'depth': 5, 'l2_leaf_reg': 1.5227525095137953, 'border_count': 226}. Best is trial 1 with value: -0.9245196154026717.
[I 2025-08-04 20:49:57,190] Trial 2 finished with value: -0.9274053522300518 and parameters: {'learning_rate': 0.07725378389307355, 'depth': 10, 'l2_leaf_reg': 1.185260448662222, 'border_count': 249}. Best is trial 2 with value: -0.9274053522300518.
[I 2025-08-04 20:50:05,120] Trial 3 finished with value: -0.9346163301487718 and parameters: {'learning_rate': 0.16967533607196555, 'depth': 5, 'l2_leaf_reg': 2.636424704863906, 'border_count': 73}. Best is trial 3 with value: -0.9346163301487718.
[I 2025-08-04 20:50:24,930] Trial 4 finished with value: -0.9314149100758451 and parameters: {'learning_rate': 0.028145092716060652, 'depth': 8, 'l2_leaf_reg': 4.887505167779041, 'border_count': 97}. Best is trial 3 with value: -0.9346163301487718.
[I 2025-08-04 20:50:34,657] Trial 5 finished with value: -0.9365145554317158 and parameters: {'learning_rate': 0.08012737503998542, 'depth': 5, 'l2_leaf_reg': 3.629301836816963, 'border_count': 114}. Best is trial 5 with value: -0.9365145554317158.
[I 2025-08-04 20:53:19,233] Trial 6 finished with value: -0.9208795579715405 and parameters: {'learning_rate': 0.04717052037625178, 'depth': 11, 'l2_leaf_reg': 2.7970640394252375, 'border_count': 147}. Best is trial 5 with value: -0.9365145554317158.
[I 2025-08-04 20:53:27,690] Trial 7 finished with value: -0.9338207628826083 and parameters: {'learning_rate': 0.07500118950416987, 'depth': 4, 'l2_leaf_reg': 6.467903667112945, 'border_count': 70}. Best is trial 5 with value: -0.9365145554317158.
[I 2025-08-04 21:03:08,789] Trial 8 finished with value: -0.9069448262169507 and parameters: {'learning_rate': 0.012476394272569451, 'depth': 12, 'l2_leaf_reg': 9.690688297671034, 'border_count': 213}. Best is trial 5 with value: -0.9365145554317158.
[I 2025-08-04 21:03:17,664] Trial 9 finished with value: -0.9234276502104131 and parameters: {'learning_rate': 0.028180680291847244, 'depth': 4, 'l2_leaf_reg': 7.158097238609412, 'border_count': 130}. Best is trial 5 with value: -0.9365145554317158.
[I 2025-08-04 21:03:22,957] Trial 10 finished with value: -0.9258796217630637 and parameters: {'learning_rate': 0.25802800909330637, 'depth': 7, 'l2_leaf_reg': 4.3528391851812, 'border_count': 36}. Best is trial 5 with value: -0.9365145554317158.
[I 2025-08-04 21:03:31,773] Trial 11 finished with value: -0.9346633034095774 and parameters: {'learning_rate': 0.1634682281229447, 'depth': 6, 'l2_leaf_reg': 3.2989911288867892, 'border_count': 95}. Best is trial 5 with value: -0.9365145554317158.
[I 2025-08-04 21:03:42,011] Trial 12 finished with value: -0.935889340413145 and parameters: {'learning_rate': 0.1306466769020582, 'depth': 6, 'l2_leaf_reg': 3.579111995814171, 'border_count': 111}. Best is trial 5 with value: -0.9365145554317158.
[I 2025-08-04 21:03:56,999] Trial 13 finished with value: -0.9359820141363432 and parameters: {'learning_rate': 0.11037742138434228, 'depth': 7, 'l2_leaf_reg': 4.082643943639809, 'border_count': 177}. Best is trial 5 with value: -0.9365145554317158.
[I 2025-08-04 21:04:39,264] Trial 14 finished with value: -0.9315470450876612 and parameters: {'learning_rate': 0.09843718089120507, 'depth': 9, 'l2_leaf_reg': 5.845581037329155, 'border_count': 182}. Best is trial 5 with value: -0.9365145554317158.
