[I 2025-08-03 18:43:33,606] Trial 38 finished with value: -0.09437243379362403 and parameters: {'learning_rate': 0.07042301129905362, 'depth': 12, 'l2_leaf_reg': 3.1776473768351035, 'border_count': 120}. Best is trial 21 with value: -0.09760885857242618.
[I 2025-08-03 18:44:16,652] Trial 39 finished with value: -0.09906584306536866 and parameters: {'learning_rate': 0.03409696250318443, 'depth': 10, 'l2_leaf_reg': 2.6142008342892975, 'border_count': 93}. Best is trial 39 with value: -0.09906584306536866.
[I 2025-08-03 18:45:02,707] Trial 40 finished with value: -0.10170066464050348 and parameters: {'learning_rate': 0.03282691041209928, 'depth': 10, 'l2_leaf_reg': 2.5078724081270263, 'border_count': 102}. Best is trial 40 with value: -0.10170066464050348.
[I 2025-08-03 18:45:46,927] Trial 41 finished with value: -0.09791888300519153 and parameters: {'learning_rate': 0.03159804778743023, 'depth': 10, 'l2_leaf_reg': 1.1133471953615033, 'border_count': 94}. Best is trial 40 with value: -0.10170066464050348.
[I 2025-08-03 18:46:13,924] Trial 42 finished with value: -0.09500940084558264 and parameters: {'learning_rate': 0.03186798589922312, 'depth': 9, 'l2_leaf_reg': 1.1222549355864633, 'border_count': 96}. Best is trial 40 with value: -0.10170066464050348.
[I 2025-08-03 18:46:34,811] Trial 43 finished with value: -0.0903635122364164 and parameters: {'learning_rate': 0.024367468219773068, 'depth': 8, 'l2_leaf_reg': 2.0374771851686417, 'border_count': 71}. Best is trial 40 with value: -0.10170066464050348.
[I 2025-08-03 18:47:12,727] Trial 44 finished with value: -0.0987135043331838 and parameters: {'learning_rate': 0.03799050188313981, 'depth': 10, 'l2_leaf_reg': 1.592996860158801, 'border_count': 92}. Best is trial 40 with value: -0.10170066464050348.
[I 2025-08-03 18:47:52,261] Trial 45 finished with value: -0.09737465846108008 and parameters: {'learning_rate': 0.03701612937968974, 'depth': 10, 'l2_leaf_reg': 1.7459259593369594, 'border_count': 94}. Best is trial 40 with value: -0.10170066464050348.
[I 2025-08-03 18:48:18,005] Trial 46 finished with value: -0.0932015862842506 and parameters: {'learning_rate': 0.030780225968933636, 'depth': 9, 'l2_leaf_reg': 2.6657292284638054, 'border_count': 80}. Best is trial 40 with value: -0.10170066464050348.
[I 2025-08-03 18:48:58,347] Trial 47 finished with value: -0.09785992700901187 and parameters: {'learning_rate': 0.023508971408731146, 'depth': 10, 'l2_leaf_reg': 1.2447187815162586, 'border_count': 54}. Best is trial 40 with value: -0.10170066464050348.
[I 2025-08-03 18:49:38,065] Trial 48 finished with value: -0.10100813843416635 and parameters: {'learning_rate': 0.02363468798899499, 'depth': 10, 'l2_leaf_reg': 1.4796824723926245, 'border_count': 44}. Best is trial 40 with value: -0.10170066464050348.
[I 2025-08-03 18:49:58,636] Trial 49 finished with value: -0.09018364507431752 and parameters: {'learning_rate': 0.014719888752875403, 'depth': 8, 'l2_leaf_reg': 1.5484245669259618, 'border_count': 35}. Best is trial 40 with value: -0.10170066464050348.
[I 2025-08-03 18:50:55,963] Trial 50 finished with value: -0.09852862653973862 and parameters: {'learning_rate': 0.02031644809343991, 'depth': 10, 'l2_leaf_reg': 2.4520643562623006, 'border_count': 106}. Best is trial 40 with value: -0.10170066464050348.
[I 2025-08-03 18:51:51,423] Trial 51 finished with value: -0.09696477302489084 and parameters: {'learning_rate': 0.020675898238734492, 'depth': 10, 'l2_leaf_reg': 2.3683942982474946, 'border_count': 105}. Best is trial 40 with value: -0.10170066464050348.
[I 2025-08-03 18:52:18,371] Trial 52 finished with value: -0.09618318139305938 and parameters: {'learning_rate': 0.032602311472248215, 'depth': 9, 'l2_leaf_reg': 1.715539414354188, 'border_count': 107}. Best is trial 40 with value: -0.10170066464050348.
[I 2025-08-03 18:53:13,706] Trial 53 finished with value: -0.09708761342562487 and parameters: {'learning_rate': 0.016695592672334024, 'depth': 10, 'l2_leaf_reg': 2.833073420647806, 'border_count': 85}. Best is trial 40 with value: -0.10170066464050348.
[I 2025-08-03 18:53:51,713] Trial 54 finished with value: -0.09687614898714705 and parameters: {'learning_rate': 0.02380449305383952, 'depth': 10, 'l2_leaf_reg': 1.0931359507218659, 'border_count': 59}. Best is trial 40 with value: -0.10170066464050348.
[I 2025-08-03 18:54:21,919] Trial 55 finished with value: -0.09373591316502534 and parameters: {'learning_rate': 0.02614032360047345, 'depth': 9, 'l2_leaf_reg': 2.4261387002301578, 'border_count': 84}. Best is trial 40 with value: -0.10170066464050348.
[I 2025-08-03 18:55:07,330] Trial 56 finished with value: -0.09884861635472669 and parameters: {'learning_rate': 0.020002784752187634, 'depth': 10, 'l2_leaf_reg': 1.9388881795534432, 'border_count': 63}. Best is trial 40 with value: -0.10170066464050348.
[I 2025-08-03 18:55:38,357] Trial 57 finished with value: -0.09557083495628899 and parameters: {'learning_rate': 0.017429739923465724, 'depth': 9, 'l2_leaf_reg': 1.8370814006476182, 'border_count': 62}. Best is trial 40 with value: -0.10170066464050348.
[I 2025-08-03 18:55:57,983] Trial 58 finished with value: -0.08828058497486144 and parameters: {'learning_rate': 0.020241592544518242, 'depth': 8, 'l2_leaf_reg': 3.4486600400680625, 'border_count': 40}. Best is trial 40 with value: -0.10170066464050348.
[I 2025-08-03 18:56:16,482] Trial 59 finished with value: -0.07661714427776188 and parameters: {'learning_rate': 0.010072136103684867, 'depth': 7, 'l2_leaf_reg': 2.880611488732438, 'border_count': 77}. Best is trial 40 with value: -0.10170066464050348.
[I 2025-08-03 18:56:56,215] Trial 60 finished with value: -0.09509266253676171 and parameters: {'learning_rate': 0.041250053295948864, 'depth': 10, 'l2_leaf_reg': 1.3932865109122199, 'border_count': 127}. Best is trial 40 with value: -0.10170066464050348.
[I 2025-08-03 18:57:41,186] Trial 61 finished with value: -0.09973700239126729 and parameters: {'learning_rate': 0.028579904516147475, 'depth': 10, 'l2_leaf_reg': 1.4983700593774398, 'border_count': 91}. Best is trial 40 with value: -0.10170066464050348.
[I 2025-08-03 18:57:54,112] Trial 62 finished with value: -0.08093308056330395 and parameters: {'learning_rate': 0.027560388584249827, 'depth': 6, 'l2_leaf_reg': 2.1182903660383308, 'border_count': 107}. Best is trial 40 with value: -0.10170066464050348.
[I 2025-08-03 18:58:30,550] Trial 63 finished with value: -0.09754306013106001 and parameters: {'learning_rate': 0.03511463302863279, 'depth': 10, 'l2_leaf_reg': 2.518353815177719, 'border_count': 64}. Best is trial 40 with value: -0.10170066464050348.
[I 2025-08-03 18:58:54,035] Trial 64 finished with value: -0.09582900148488255 and parameters: {'learning_rate': 0.02186862396099578, 'depth': 9, 'l2_leaf_reg': 1.4935361844084087, 'border_count': 45}. Best is trial 40 with value: -0.10170066464050348.
[I 2025-08-03 18:59:49,624] Trial 65 finished with value: -0.09772545099041213 and parameters: {'learning_rate': 0.01623888499921037, 'depth': 10, 'l2_leaf_reg': 1.841860704823954, 'border_count': 88}. Best is trial 40 with value: -0.10170066464050348.
[I 2025-08-03 19:01:18,446] Trial 66 finished with value: -0.10195114707195434 and parameters: {'learning_rate': 0.028681895382979352, 'depth': 11, 'l2_leaf_reg': 2.782552577771585, 'border_count': 101}. Best is trial 66 with value: -0.10195114707195434.
[I 2025-08-03 19:02:26,823] Trial 67 finished with value: -0.09711497260614452 and parameters: {'learning_rate': 0.028694114842077005, 'depth': 11, 'l2_leaf_reg': 3.0303399137639033, 'border_count': 68}. Best is trial 66 with value: -0.10195114707195434.
[I 2025-08-03 19:03:29,212] Trial 68 finished with value: -0.10207113020613144 and parameters: {'learning_rate': 0.03475249077956616, 'depth': 11, 'l2_leaf_reg': 3.5997511078691127, 'border_count': 52}. Best is trial 68 with value: -0.10207113020613144.
[I 2025-08-03 19:04:40,881] Trial 69 finished with value: -0.0993071807373132 and parameters: {'learning_rate': 0.018047097832980107, 'depth': 11, 'l2_leaf_reg': 2.792723955489886, 'border_count': 51}. Best is trial 68 with value: -0.10207113020613144.
[I 2025-08-03 19:05:40,415] Trial 70 finished with value: -0.09633843329946676 and parameters: {'learning_rate': 0.02549465421365334, 'depth': 11, 'l2_leaf_reg': 3.5709273736714104, 'border_count': 49}. Best is trial 68 with value: -0.10207113020613144.
[I 2025-08-03 19:06:47,522] Trial 71 finished with value: -0.09720533072678396 and parameters: {'learning_rate': 0.012301664571356771, 'depth': 11, 'l2_leaf_reg': 2.754548970724178, 'border_count': 32}. Best is trial 68 with value: -0.10207113020613144.
[I 2025-08-03 19:08:11,108] Trial 72 finished with value: -0.09962336798184608 and parameters: {'learning_rate': 0.018667822189814054, 'depth': 11, 'l2_leaf_reg': 2.202366397385695, 'border_count': 76}. Best is trial 68 with value: -0.10207113020613144.
[I 2025-08-03 19:09:22,858] Trial 73 finished with value: -0.09994114994220761 and parameters: {'learning_rate': 0.018227154439486096, 'depth': 11, 'l2_leaf_reg': 2.201232061957378, 'border_count': 53}. Best is trial 68 with value: -0.10207113020613144.
[I 2025-08-03 19:10:43,283] Trial 74 finished with value: -0.09914408975434101 and parameters: {'learning_rate': 0.012836926242870215, 'depth': 11, 'l2_leaf_reg': 2.1525005743243275, 'border_count': 55}. Best is trial 68 with value: -0.10207113020613144.
[I 2025-08-03 19:12:17,162] Trial 75 finished with value: -0.09755785213696064 and parameters: {'learning_rate': 0.014486845796271927, 'depth': 11, 'l2_leaf_reg': 3.6978993915542104, 'border_count': 76}. Best is trial 68 with value: -0.10207113020613144.
[I 2025-08-03 19:13:24,003] Trial 76 finished with value: -0.09916069942357136 and parameters: {'learning_rate': 0.018064133756219857, 'depth': 11, 'l2_leaf_reg': 3.074331860005448, 'border_count': 40}. Best is trial 68 with value: -0.10207113020613144.
[I 2025-08-03 19:14:37,581] Trial 77 finished with value: -0.09915791705946621 and parameters: {'learning_rate': 0.015122108592269532, 'depth': 11, 'l2_leaf_reg': 2.2204947013369547, 'border_count': 53}. Best is trial 68 with value: -0.10207113020613144.
[I 2025-08-03 19:15:55,751] Trial 78 finished with value: -0.10354248844067412 and parameters: {'learning_rate': 0.01829492711507947, 'depth': 11, 'l2_leaf_reg': 1.3176957710579822, 'border_count': 70}. Best is trial 78 with value: -0.10354248844067412.
[I 2025-08-03 19:17:54,726] Trial 79 finished with value: -0.10031430650987144 and parameters: {'learning_rate': 0.02229899930477302, 'depth': 12, 'l2_leaf_reg': 1.4136604538212532, 'border_count': 72}. Best is trial 78 with value: -0.10354248844067412.
[I 2025-08-03 19:19:56,225] Trial 80 finished with value: -0.10365123870621788 and parameters: {'learning_rate': 0.022371133114933436, 'depth': 12, 'l2_leaf_reg': 1.2976581611728855, 'border_count': 69}. Best is trial 80 with value: -0.10365123870621788.
[I 2025-08-03 19:21:41,930] Trial 81 finished with value: -0.09862555046368454 and parameters: {'learning_rate': 0.02970566873944049, 'depth': 12, 'l2_leaf_reg': 1.3793145136103393, 'border_count': 69}. Best is trial 80 with value: -0.10365123870621788.
[I 2025-08-03 19:24:13,600] Trial 82 finished with value: -0.09981889523778513 and parameters: {'learning_rate': 0.02293925400642185, 'depth': 12, 'l2_leaf_reg': 1.0487083114803204, 'border_count': 100}. Best is trial 80 with value: -0.10365123870621788.
[I 2025-08-03 19:26:11,449] Trial 83 finished with value: -0.1009470752060033 and parameters: {'learning_rate': 0.021912374310760135, 'depth': 12, 'l2_leaf_reg': 1.215193777350828, 'border_count': 58}. Best is trial 80 with value: -0.10365123870621788.
[I 2025-08-03 19:27:48,942] Trial 84 finished with value: -0.10325694293227497 and parameters: {'learning_rate': 0.022748834206278212, 'depth': 12, 'l2_leaf_reg': 1.33645482629477, 'border_count': 43}. Best is trial 80 with value: -0.10365123870621788.
[I 2025-08-03 19:29:29,976] Trial 85 finished with value: -0.1029389494153265 and parameters: {'learning_rate': 0.02161725650803811, 'depth': 12, 'l2_leaf_reg': 1.286438216546966, 'border_count': 45}. Best is trial 80 with value: -0.10365123870621788.
[I 2025-08-03 19:30:58,743] Trial 86 finished with value: -0.10048849870284758 and parameters: {'learning_rate': 0.02632383111756225, 'depth': 12, 'l2_leaf_reg': 1.2501736827029526, 'border_count': 40}. Best is trial 80 with value: -0.10365123870621788.
[I 2025-08-03 19:32:41,993] Trial 87 finished with value: -0.1015681262303693 and parameters: {'learning_rate': 0.021991518328238008, 'depth': 12, 'l2_leaf_reg': 1.6974247174508825, 'border_count': 41}. Best is trial 80 with value: -0.10365123870621788.
[I 2025-08-03 19:34:19,119] Trial 88 finished with value: -0.09847230566703677 and parameters: {'learning_rate': 0.024666431157654618, 'depth': 12, 'l2_leaf_reg': 1.647138116366385, 'border_count': 45}. Best is trial 80 with value: -0.10365123870621788.
[I 2025-08-03 19:35:29,142] Trial 89 finished with value: -0.09895013603628083 and parameters: {'learning_rate': 0.03384792469921079, 'depth': 12, 'l2_leaf_reg': 1.6656054706856747, 'border_count': 34}. Best is trial 80 with value: -0.10365123870621788.
[I 2025-08-03 19:37:26,294] Trial 90 finished with value: -0.09947719142695685 and parameters: {'learning_rate': 0.015859591514545118, 'depth': 12, 'l2_leaf_reg': 1.9229610480355908, 'border_count': 44}. Best is trial 80 with value: -0.10365123870621788.
[I 2025-08-03 19:39:20,851] Trial 91 finished with value: -0.10122500076180939 and parameters: {'learning_rate': 0.020730124210922025, 'depth': 12, 'l2_leaf_reg': 1.3045170231401044, 'border_count': 59}. Best is trial 80 with value: -0.10365123870621788.
[I 2025-08-03 19:41:06,133] Trial 92 finished with value: -0.10287786363352319 and parameters: {'learning_rate': 0.02628893797557224, 'depth': 12, 'l2_leaf_reg': 1.0129328507055102, 'border_count': 65}. Best is trial 80 with value: -0.10365123870621788.
[I 2025-08-03 19:43:07,200] Trial 93 finished with value: -0.09726834638792344 and parameters: {'learning_rate': 0.020937155259515138, 'depth': 12, 'l2_leaf_reg': 1.0318448550879804, 'border_count': 65}. Best is trial 80 with value: -0.10365123870621788.
[I 2025-08-03 19:43:43,197] Trial 94 finished with value: -0.06157971526921132 and parameters: {'learning_rate': 0.29704325056516656, 'depth': 12, 'l2_leaf_reg': 1.2475279977017808, 'border_count': 58}. Best is trial 80 with value: -0.10365123870621788.
[I 2025-08-03 19:45:15,282] Trial 95 finished with value: -0.10010100448304768 and parameters: {'learning_rate': 0.027489406952004126, 'depth': 12, 'l2_leaf_reg': 1.7457545020815806, 'border_count': 49}. Best is trial 80 with value: -0.10365123870621788.
[I 2025-08-03 19:46:57,746] Trial 96 finished with value: -0.10115401331857404 and parameters: {'learning_rate': 0.01920656940433989, 'depth': 12, 'l2_leaf_reg': 1.0276801466824756, 'border_count': 37}. Best is trial 80 with value: -0.10365123870621788.
[I 2025-08-03 19:49:14,564] Trial 97 finished with value: -0.09998978529056582 and parameters: {'learning_rate': 0.026065038645114388, 'depth': 12, 'l2_leaf_reg': 1.924941499078998, 'border_count': 81}. Best is trial 80 with value: -0.10365123870621788.
[I 2025-08-03 19:50:32,219] Trial 98 finished with value: -0.09934868573848418 and parameters: {'learning_rate': 0.04551732153732879, 'depth': 12, 'l2_leaf_reg': 1.3177688846668634, 'border_count': 59}. Best is trial 80 with value: -0.10365123870621788.
[I 2025-08-03 19:52:39,893] Trial 99 finished with value: -0.0992064952420717 and parameters: {'learning_rate': 0.03941499671675378, 'depth': 12, 'l2_leaf_reg': 2.360981857077233, 'border_count': 114}. Best is trial 80 with value: -0.10365123870621788.
[I 2025-08-03 19:53:39,693] Trial 100 finished with value: -0.09884702805562087 and parameters: {'learning_rate': 0.03099082124090023, 'depth': 11, 'l2_leaf_reg': 1.5985681627084225, 'border_count': 66}. Best is trial 80 with value: -0.10365123870621788.
[I 2025-08-03 19:55:20,504] Trial 101 finished with value: -0.10014669840849752 and parameters: {'learning_rate': 0.019744500364111277, 'depth': 12, 'l2_leaf_reg': 1.0232285564008299, 'border_count': 41}. Best is trial 80 with value: -0.10365123870621788.
[I 2025-08-03 19:56:58,120] Trial 102 finished with value: -0.10199000416724838 and parameters: {'learning_rate': 0.02163397066071987, 'depth': 12, 'l2_leaf_reg': 1.3165105268007316, 'border_count': 37}. Best is trial 80 with value: -0.10365123870621788.
[I 2025-08-03 19:58:36,326] Trial 103 finished with value: -0.09879646384225342 and parameters: {'learning_rate': 0.022108573077860457, 'depth': 12, 'l2_leaf_reg': 1.3582748009020023, 'border_count': 47}. Best is trial 80 with value: -0.10365123870621788.
[I 2025-08-03 19:59:55,573] Trial 104 finished with value: -0.09741528161349819 and parameters: {'learning_rate': 0.02532128340094265, 'depth': 12, 'l2_leaf_reg': 1.8126423377949448, 'border_count': 36}. Best is trial 80 with value: -0.10365123870621788.
[I 2025-08-03 20:03:15,633] Trial 105 finished with value: -0.09893888974476805 and parameters: {'learning_rate': 0.02116855932894771, 'depth': 12, 'l2_leaf_reg': 1.5893265159184702, 'border_count': 136}. Best is trial 80 with value: -0.10365123870621788.
[I 2025-08-03 20:03:25,857] Trial 106 finished with value: -0.0656967779962005 and parameters: {'learning_rate': 0.016641731518467828, 'depth': 4, 'l2_leaf_reg': 1.9918829158181781, 'border_count': 56}. Best is trial 80 with value: -0.10365123870621788.
[I 2025-08-03 20:04:26,907] Trial 107 finished with value: -0.09509524555663407 and parameters: {'learning_rate': 0.02364468972879267, 'depth': 11, 'l2_leaf_reg': 1.2480635330557552, 'border_count': 62}. Best is trial 80 with value: -0.10365123870621788.
[I 2025-08-03 20:05:26,132] Trial 108 finished with value: -0.09651408273184932 and parameters: {'learning_rate': 0.029910431365239992, 'depth': 11, 'l2_leaf_reg': 3.317826712717756, 'border_count': 50}. Best is trial 80 with value: -0.10365123870621788.
[I 2025-08-03 20:07:00,278] Trial 109 finished with value: -0.0951681484335474 and parameters: {'learning_rate': 0.051925289943304295, 'depth': 12, 'l2_leaf_reg': 4.445003153981912, 'border_count': 73}. Best is trial 80 with value: -0.10365123870621788.
[I 2025-08-03 20:07:09,612] Trial 110 finished with value: -0.07679291978598062 and parameters: {'learning_rate': 0.03271235499624902, 'depth': 5, 'l2_leaf_reg': 2.544407538373517, 'border_count': 32}. Best is trial 80 with value: -0.10365123870621788.
[I 2025-08-03 20:08:54,410] Trial 111 finished with value: -0.1018417375994245 and parameters: {'learning_rate': 0.019256087784134297, 'depth': 12, 'l2_leaf_reg': 1.011720004658795, 'border_count': 40}. Best is trial 80 with value: -0.10365123870621788.
[I 2025-08-03 20:10:16,961] Trial 112 finished with value: -0.10109031923626353 and parameters: {'learning_rate': 0.02737743994029645, 'depth': 12, 'l2_leaf_reg': 1.4426677455575463, 'border_count': 42}. Best is trial 80 with value: -0.10365123870621788.
[I 2025-08-03 20:11:50,110] Trial 113 finished with value: -0.10029468115605636 and parameters: {'learning_rate': 0.019256288605623662, 'depth': 12, 'l2_leaf_reg': 1.149455250200219, 'border_count': 37}. Best is trial 80 with value: -0.10365123870621788.
[I 2025-08-03 20:13:57,861] Trial 114 finished with value: -0.09850226293748898 and parameters: {'learning_rate': 0.013867472365514331, 'depth': 12, 'l2_leaf_reg': 1.747317598963896, 'border_count': 48}. Best is trial 80 with value: -0.10365123870621788.
[I 2025-08-03 20:15:09,027] Trial 115 finished with value: -0.09736236014275153 and parameters: {'learning_rate': 0.03601227316695661, 'depth': 11, 'l2_leaf_reg': 9.090998946654427, 'border_count': 60}. Best is trial 80 with value: -0.10365123870621788.
[I 2025-08-03 20:16:24,120] Trial 116 finished with value: -0.10371396192203744 and parameters: {'learning_rate': 0.017477276058489786, 'depth': 11, 'l2_leaf_reg': 1.5647757071074364, 'border_count': 53}. Best is trial 116 with value: -0.10371396192203744.
[I 2025-08-03 20:17:37,850] Trial 117 finished with value: -0.09962195310571645 and parameters: {'learning_rate': 0.01714891446752732, 'depth': 11, 'l2_leaf_reg': 1.5485447509771364, 'border_count': 53}. Best is trial 116 with value: -0.10371396192203744.
[I 2025-08-03 20:19:01,278] Trial 118 finished with value: -0.09979881137116955 and parameters: {'learning_rate': 0.015300898035021411, 'depth': 11, 'l2_leaf_reg': 1.0169793925378436, 'border_count': 68}. Best is trial 116 with value: -0.10371396192203744.
[I 2025-08-03 20:20:09,167] Trial 119 finished with value: -0.09675671933646751 and parameters: {'learning_rate': 0.023406432837765622, 'depth': 11, 'l2_leaf_reg': 6.682006957062267, 'border_count': 44}. Best is trial 116 with value: -0.10371396192203744.
[I 2025-08-03 20:20:45,790] Trial 120 finished with value: -0.09793616527386238 and parameters: {'learning_rate': 0.04198276818497382, 'depth': 11, 'l2_leaf_reg': 2.0091653152643203, 'border_count': 38}. Best is trial 116 with value: -0.10371396192203744.
[I 2025-08-03 20:22:34,570] Trial 121 finished with value: -0.10284473921586008 and parameters: {'learning_rate': 0.021134835008491122, 'depth': 12, 'l2_leaf_reg': 1.2894690317844693, 'border_count': 51}. Best is trial 116 with value: -0.10371396192203744.
[I 2025-08-03 20:24:34,317] Trial 122 finished with value: -0.10005885039596597 and parameters: {'learning_rate': 0.01752367360355401, 'depth': 12, 'l2_leaf_reg': 1.5278842680831635, 'border_count': 51}. Best is trial 116 with value: -0.10371396192203744.
[I 2025-08-03 20:24:46,430] Trial 123 finished with value: -0.0804307421844241 and parameters: {'learning_rate': 0.024963248921587, 'depth': 6, 'l2_leaf_reg': 1.2311194059387076, 'border_count': 47}. Best is trial 116 with value: -0.10371396192203744.
