[I 2025-08-05 12:41:39,601] Trial 36 finished with value: -0.9894313680821238 and parameters: {'learning_rate': 0.06637088038450864, 'depth': 4, 'l2_leaf_reg': 1.1562256315519184, 'border_count': 228}. Best is trial 35 with value: -0.9912749589890518.
[I 2025-08-05 12:42:03,095] Trial 37 finished with value: -0.9851497433824834 and parameters: {'learning_rate': 0.03783235435214252, 'depth': 9, 'l2_leaf_reg': 2.1606625031814826, 'border_count': 192}. Best is trial 35 with value: -0.9912749589890518.
[I 2025-08-05 12:42:09,017] Trial 38 finished with value: -0.988781595211775 and parameters: {'learning_rate': 0.28029656436703526, 'depth': 5, 'l2_leaf_reg': 2.3603387125583275, 'border_count': 255}. Best is trial 35 with value: -0.9912749589890518.
[I 2025-08-05 12:42:13,910] Trial 39 finished with value: -0.9905835584560612 and parameters: {'learning_rate': 0.09967369743653258, 'depth': 4, 'l2_leaf_reg': 1.6824399155666263, 'border_count': 210}. Best is trial 35 with value: -0.9912749589890518.
[I 2025-08-05 12:44:21,308] Trial 40 finished with value: -0.9828918759739119 and parameters: {'learning_rate': 0.09765723519629871, 'depth': 11, 'l2_leaf_reg': 1.6137794177875469, 'border_count': 233}. Best is trial 35 with value: -0.9912749589890518.
[I 2025-08-05 12:44:26,041] Trial 41 finished with value: -0.9902188802049592 and parameters: {'learning_rate': 0.14632978137200253, 'depth': 4, 'l2_leaf_reg': 2.9782990472695077, 'border_count': 162}. Best is trial 35 with value: -0.9912749589890518.
[I 2025-08-05 12:44:30,938] Trial 42 finished with value: -0.9903284782591808 and parameters: {'learning_rate': 0.07713582695477122, 'depth': 4, 'l2_leaf_reg': 2.533345117695543, 'border_count': 210}. Best is trial 35 with value: -0.9912749589890518.
[I 2025-08-05 12:44:36,820] Trial 43 finished with value: -0.9898155063521452 and parameters: {'learning_rate': 0.0748334310474749, 'depth': 5, 'l2_leaf_reg': 2.7580485985712784, 'border_count': 214}. Best is trial 35 with value: -0.9912749589890518.
[I 2025-08-05 12:44:41,696] Trial 44 finished with value: -0.9904400657537634 and parameters: {'learning_rate': 0.08613907326243302, 'depth': 4, 'l2_leaf_reg': 1.7821883308729478, 'border_count': 208}. Best is trial 35 with value: -0.9912749589890518.
[I 2025-08-05 12:44:46,578] Trial 45 finished with value: -0.9900035573115487 and parameters: {'learning_rate': 0.08352081515252029, 'depth': 4, 'l2_leaf_reg': 1.812731097726318, 'border_count': 208}. Best is trial 35 with value: -0.9912749589890518.
[I 2025-08-05 12:44:52,506] Trial 46 finished with value: -0.9884387292722783 and parameters: {'learning_rate': 0.09872370683183171, 'depth': 5, 'l2_leaf_reg': 1.0567185223553839, 'border_count': 239}. Best is trial 35 with value: -0.9912749589890518.
[I 2025-08-05 12:44:57,343] Trial 47 finished with value: -0.9910155436484696 and parameters: {'learning_rate': 0.07718283286866867, 'depth': 4, 'l2_leaf_reg': 2.5333108108441276, 'border_count': 200}. Best is trial 35 with value: -0.9912749589890518.
[I 2025-08-05 12:45:03,256] Trial 48 finished with value: -0.9892412260653641 and parameters: {'learning_rate': 0.06963778588914839, 'depth': 5, 'l2_leaf_reg': 2.4087432503165256, 'border_count': 219}. Best is trial 35 with value: -0.9912749589890518.
[I 2025-08-05 12:45:08,105] Trial 49 finished with value: -0.9903883592626059 and parameters: {'learning_rate': 0.060924473428840144, 'depth': 4, 'l2_leaf_reg': 1.8705795459258323, 'border_count': 204}. Best is trial 35 with value: -0.9912749589890518.
[I 2025-08-05 12:45:32,384] Trial 50 finished with value: -0.9850701257185775 and parameters: {'learning_rate': 0.10645501074520745, 'depth': 9, 'l2_leaf_reg': 1.3457301493587808, 'border_count': 199}. Best is trial 35 with value: -0.9912749589890518.
[I 2025-08-05 12:45:37,273] Trial 51 finished with value: -0.9901291743995616 and parameters: {'learning_rate': 0.06041869597748931, 'depth': 4, 'l2_leaf_reg': 2.0165423024795235, 'border_count': 203}. Best is trial 35 with value: -0.9912749589890518.
[I 2025-08-05 12:45:42,251] Trial 52 finished with value: -0.9902296642705952 and parameters: {'learning_rate': 0.07257543392730571, 'depth': 4, 'l2_leaf_reg': 2.561870640508954, 'border_count': 242}. Best is trial 35 with value: -0.9912749589890518.
[I 2025-08-05 12:45:47,844] Trial 53 finished with value: -0.9887578893046556 and parameters: {'learning_rate': 0.0830551642184434, 'depth': 5, 'l2_leaf_reg': 1.5408111770251711, 'border_count': 186}. Best is trial 35 with value: -0.9912749589890518.
[I 2025-08-05 12:45:52,734] Trial 54 finished with value: -0.9906509282511087 and parameters: {'learning_rate': 0.053873047784201974, 'depth': 4, 'l2_leaf_reg': 1.9450121852618725, 'border_count': 221}. Best is trial 35 with value: -0.9912749589890518.
[I 2025-08-05 12:45:57,226] Trial 55 finished with value: -0.9894396901121814 and parameters: {'learning_rate': 0.05142512487606263, 'depth': 4, 'l2_leaf_reg': 1.8645019047354299, 'border_count': 176}. Best is trial 35 with value: -0.9912749589890518.
[I 2025-08-05 12:46:03,184] Trial 56 finished with value: -0.9891697354237283 and parameters: {'learning_rate': 0.04047131582012417, 'depth': 5, 'l2_leaf_reg': 1.3341049623833388, 'border_count': 223}. Best is trial 35 with value: -0.9912749589890518.
[I 2025-08-05 12:46:07,925] Trial 57 finished with value: -0.9884949709261331 and parameters: {'learning_rate': 0.011609930160367014, 'depth': 4, 'l2_leaf_reg': 2.177588313105877, 'border_count': 188}. Best is trial 35 with value: -0.9912749589890518.
[I 2025-08-05 12:46:13,828] Trial 58 finished with value: -0.9894423758755269 and parameters: {'learning_rate': 0.029126146979250485, 'depth': 5, 'l2_leaf_reg': 1.546806937436294, 'border_count': 219}. Best is trial 35 with value: -0.9912749589890518.
[I 2025-08-05 12:49:25,723] Trial 59 finished with value: -0.9817527346970207 and parameters: {'learning_rate': 0.06103520728119887, 'depth': 12, 'l2_leaf_reg': 2.917557519145487, 'border_count': 172}. Best is trial 35 with value: -0.9912749589890518.
[I 2025-08-05 12:49:30,713] Trial 60 finished with value: -0.9887987432619582 and parameters: {'learning_rate': 0.04469964582841724, 'depth': 4, 'l2_leaf_reg': 1.022917573570061, 'border_count': 234}. Best is trial 35 with value: -0.9912749589890518.
[I 2025-08-05 12:49:35,596] Trial 61 finished with value: -0.9902163012657897 and parameters: {'learning_rate': 0.07873102149786142, 'depth': 4, 'l2_leaf_reg': 2.3932796534129412, 'border_count': 208}. Best is trial 35 with value: -0.9912749589890518.
[I 2025-08-05 12:49:40,510] Trial 62 finished with value: -0.9907817476122951 and parameters: {'learning_rate': 0.08638158175645762, 'depth': 4, 'l2_leaf_reg': 2.651332398103982, 'border_count': 211}. Best is trial 35 with value: -0.9912749589890518.
[I 2025-08-05 12:49:45,155] Trial 63 finished with value: -0.99007251295722 and parameters: {'learning_rate': 0.10824296663951714, 'depth': 4, 'l2_leaf_reg': 2.0128337904720897, 'border_count': 196}. Best is trial 35 with value: -0.9912749589890518.
[I 2025-08-05 12:49:51,121] Trial 64 finished with value: -0.9899970346861812 and parameters: {'learning_rate': 0.08906364469061084, 'depth': 5, 'l2_leaf_reg': 3.814657302619673, 'border_count': 226}. Best is trial 35 with value: -0.9912749589890518.
[I 2025-08-05 12:49:55,985] Trial 65 finished with value: -0.9905604196207577 and parameters: {'learning_rate': 0.0595415354706779, 'depth': 4, 'l2_leaf_reg': 2.730260568640568, 'border_count': 203}. Best is trial 35 with value: -0.9912749589890518.
[I 2025-08-05 12:50:03,418] Trial 66 finished with value: -0.9895716704567585 and parameters: {'learning_rate': 0.0540847194678496, 'depth': 6, 'l2_leaf_reg': 2.5933301166925893, 'border_count': 215}. Best is trial 35 with value: -0.9912749589890518.
[I 2025-08-05 12:50:08,430] Trial 67 finished with value: -0.9905390544280804 and parameters: {'learning_rate': 0.11859158872377654, 'depth': 4, 'l2_leaf_reg': 2.7906983735983637, 'border_count': 242}. Best is trial 35 with value: -0.9912749589890518.
[I 2025-08-05 12:50:14,512] Trial 68 finished with value: -0.9896224717231952 and parameters: {'learning_rate': 0.11449055856467757, 'depth': 5, 'l2_leaf_reg': 3.3209450002082512, 'border_count': 245}. Best is trial 35 with value: -0.9912749589890518.
[I 2025-08-05 12:50:22,200] Trial 69 finished with value: -0.9876989365294216 and parameters: {'learning_rate': 0.014888463560777308, 'depth': 6, 'l2_leaf_reg': 3.661721529788761, 'border_count': 255}. Best is trial 35 with value: -0.9912749589890518.
[I 2025-08-05 12:50:27,165] Trial 70 finished with value: -0.9903639042998357 and parameters: {'learning_rate': 0.06722930320465444, 'depth': 4, 'l2_leaf_reg': 2.900930983197482, 'border_count': 231}. Best is trial 35 with value: -0.9912749589890518.
[I 2025-08-05 12:50:31,447] Trial 71 finished with value: -0.9904722263893266 and parameters: {'learning_rate': 0.12357650909738935, 'depth': 4, 'l2_leaf_reg': 2.7052642540682883, 'border_count': 221}. Best is trial 35 with value: -0.9912749589890518.
[I 2025-08-05 12:50:36,380] Trial 72 finished with value: -0.9912418879437265 and parameters: {'learning_rate': 0.1314005112680107, 'depth': 4, 'l2_leaf_reg': 3.169590735976461, 'border_count': 222}. Best is trial 35 with value: -0.9912749589890518.
[I 2025-08-05 12:50:41,271] Trial 73 finished with value: -0.9905188706983907 and parameters: {'learning_rate': 0.14632998622110432, 'depth': 4, 'l2_leaf_reg': 3.1794315395389976, 'border_count': 249}. Best is trial 35 with value: -0.9912749589890518.
[I 2025-08-05 12:50:47,016] Trial 74 finished with value: -0.9896378594856566 and parameters: {'learning_rate': 0.09523524242132046, 'depth': 5, 'l2_leaf_reg': 3.1692293121125683, 'border_count': 190}. Best is trial 35 with value: -0.9912749589890518.
[I 2025-08-05 12:51:53,259] Trial 75 finished with value: -0.9841848841930814 and parameters: {'learning_rate': 0.13471663940552486, 'depth': 10, 'l2_leaf_reg': 4.070703871987812, 'border_count': 236}. Best is trial 35 with value: -0.9912749589890518.
[I 2025-08-05 12:51:58,257] Trial 76 finished with value: -0.9912141690090707 and parameters: {'learning_rate': 0.16321769011026604, 'depth': 4, 'l2_leaf_reg': 3.5415407476409344, 'border_count': 226}. Best is trial 35 with value: -0.9912749589890518.
[I 2025-08-05 12:52:03,014] Trial 77 finished with value: -0.9911406998278297 and parameters: {'learning_rate': 0.2063717003569693, 'depth': 4, 'l2_leaf_reg': 3.5619766944767877, 'border_count': 199}. Best is trial 35 with value: -0.9912749589890518.
[I 2025-08-05 12:52:08,575] Trial 78 finished with value: -0.9894428215951299 and parameters: {'learning_rate': 0.19239476410409145, 'depth': 5, 'l2_leaf_reg': 4.379075511061603, 'border_count': 181}. Best is trial 35 with value: -0.9912749589890518.
[I 2025-08-05 12:52:13,226] Trial 79 finished with value: -0.9901155238150879 and parameters: {'learning_rate': 0.23110974822492386, 'depth': 4, 'l2_leaf_reg': 3.6140876963404014, 'border_count': 227}. Best is trial 35 with value: -0.9912749589890518.
[I 2025-08-05 12:52:18,915] Trial 80 finished with value: -0.9899860041701805 and parameters: {'learning_rate': 0.15807335682179727, 'depth': 5, 'l2_leaf_reg': 7.240204839770766, 'border_count': 195}. Best is trial 35 with value: -0.9912749589890518.
[I 2025-08-05 12:52:23,623] Trial 81 finished with value: -0.9907814406134487 and parameters: {'learning_rate': 0.2018288804355402, 'depth': 4, 'l2_leaf_reg': 2.2111254966048373, 'border_count': 202}. Best is trial 35 with value: -0.9912749589890518.
[I 2025-08-05 12:52:28,045] Trial 82 finished with value: -0.9897019707135826 and parameters: {'learning_rate': 0.20371892590117957, 'depth': 4, 'l2_leaf_reg': 2.4185975127366675, 'border_count': 214}. Best is trial 35 with value: -0.9912749589890518.
[I 2025-08-05 12:52:32,695] Trial 83 finished with value: -0.9902347888915418 and parameters: {'learning_rate': 0.25172629463237217, 'depth': 4, 'l2_leaf_reg': 2.162266078667419, 'border_count': 200}. Best is trial 35 with value: -0.9912749589890518.
[I 2025-08-05 12:52:37,463] Trial 84 finished with value: -0.9907346139514406 and parameters: {'learning_rate': 0.16299139993529788, 'depth': 4, 'l2_leaf_reg': 3.4419542004956143, 'border_count': 216}. Best is trial 35 with value: -0.9912749589890518.
[I 2025-08-05 12:52:42,380] Trial 85 finished with value: -0.9903768550782065 and parameters: {'learning_rate': 0.18235464592777523, 'depth': 4, 'l2_leaf_reg': 3.491966327899771, 'border_count': 217}. Best is trial 35 with value: -0.9912749589890518.
[I 2025-08-05 12:52:47,334] Trial 86 finished with value: -0.9905793926190147 and parameters: {'learning_rate': 0.16592023751672846, 'depth': 4, 'l2_leaf_reg': 4.764402912829105, 'border_count': 224}. Best is trial 35 with value: -0.9912749589890518.
[I 2025-08-05 12:52:53,206] Trial 87 finished with value: -0.9901731441239277 and parameters: {'learning_rate': 0.20811979774119307, 'depth': 5, 'l2_leaf_reg': 3.7840020821123943, 'border_count': 205}. Best is trial 35 with value: -0.9912749589890518.
[I 2025-08-05 12:52:57,932] Trial 88 finished with value: -0.990603982497178 and parameters: {'learning_rate': 0.22507804108026577, 'depth': 4, 'l2_leaf_reg': 5.822341971277818, 'border_count': 183}. Best is trial 35 with value: -0.9912749589890518.
[I 2025-08-05 12:53:11,904] Trial 89 finished with value: -0.9860190828910523 and parameters: {'learning_rate': 0.1359208053871254, 'depth': 8, 'l2_leaf_reg': 3.0442868691664633, 'border_count': 230}. Best is trial 35 with value: -0.9912749589890518.
[I 2025-08-05 12:53:17,685] Trial 90 finished with value: -0.9895960762814017 and parameters: {'learning_rate': 0.1574276302243018, 'depth': 5, 'l2_leaf_reg': 4.02550779553221, 'border_count': 192}. Best is trial 35 with value: -0.9912749589890518.
[I 2025-08-05 12:53:22,336] Trial 91 finished with value: -0.9907056581721886 and parameters: {'learning_rate': 0.24306760125650667, 'depth': 4, 'l2_leaf_reg': 3.228575046533984, 'border_count': 211}. Best is trial 35 with value: -0.9912749589890518.
[I 2025-08-05 12:53:26,931] Trial 92 finished with value: -0.990775999861601 and parameters: {'learning_rate': 0.24426441214152317, 'depth': 4, 'l2_leaf_reg': 3.2897055257161005, 'border_count': 212}. Best is trial 35 with value: -0.9912749589890518.
[I 2025-08-05 12:53:31,776] Trial 93 finished with value: -0.990441308831523 and parameters: {'learning_rate': 0.24427549943950425, 'depth': 4, 'l2_leaf_reg': 3.2783838400358603, 'border_count': 209}. Best is trial 35 with value: -0.9912749589890518.
[I 2025-08-05 12:53:36,470] Trial 94 finished with value: -0.9901963278715276 and parameters: {'learning_rate': 0.28677572853637595, 'depth': 4, 'l2_leaf_reg': 3.4183800946591214, 'border_count': 212}. Best is trial 35 with value: -0.9912749589890518.
[I 2025-08-05 12:53:41,235] Trial 95 finished with value: -0.9911339245526849 and parameters: {'learning_rate': 0.19073066265821512, 'depth': 4, 'l2_leaf_reg': 4.24410743345012, 'border_count': 199}. Best is trial 35 with value: -0.9912749589890518.
[I 2025-08-05 12:53:46,077] Trial 96 finished with value: -0.9915853113835247 and parameters: {'learning_rate': 0.18457985778167543, 'depth': 4, 'l2_leaf_reg': 3.7995310639985314, 'border_count': 200}. Best is trial 96 with value: -0.9915853113835247.
[I 2025-08-05 12:53:51,533] Trial 97 finished with value: -0.9891529095667126 and parameters: {'learning_rate': 0.19398840970186768, 'depth': 5, 'l2_leaf_reg': 4.262009072031541, 'border_count': 166}. Best is trial 96 with value: -0.9915853113835247.
[I 2025-08-05 12:53:56,328] Trial 98 finished with value: -0.9911424510728752 and parameters: {'learning_rate': 0.17919760192331344, 'depth': 4, 'l2_leaf_reg': 5.25842324125762, 'border_count': 197}. Best is trial 96 with value: -0.9915853113835247.
[I 2025-08-05 12:54:01,115] Trial 99 finished with value: -0.9910098672531781 and parameters: {'learning_rate': 0.1824048136411049, 'depth': 4, 'l2_leaf_reg': 3.775106815754635, 'border_count': 198}. Best is trial 96 with value: -0.9915853113835247.
[I 2025-08-05 12:54:06,815] Trial 100 finished with value: -0.9891632345456612 and parameters: {'learning_rate': 0.17482816962670344, 'depth': 5, 'l2_leaf_reg': 5.186138156623258, 'border_count': 175}. Best is trial 96 with value: -0.9915853113835247.
[I 2025-08-05 12:54:11,630] Trial 101 finished with value: -0.9900835663444777 and parameters: {'learning_rate': 0.18566035453745927, 'depth': 4, 'l2_leaf_reg': 4.506755853893747, 'border_count': 186}. Best is trial 96 with value: -0.9915853113835247.
[I 2025-08-05 12:54:16,211] Trial 102 finished with value: -0.9906774411329506 and parameters: {'learning_rate': 0.21373102361692814, 'depth': 4, 'l2_leaf_reg': 4.726112336751238, 'border_count': 199}. Best is trial 96 with value: -0.9915853113835247.
[I 2025-08-05 12:54:20,854] Trial 103 finished with value: -0.9909303663399198 and parameters: {'learning_rate': 0.15001661995864954, 'depth': 4, 'l2_leaf_reg': 4.214816334568546, 'border_count': 195}. Best is trial 96 with value: -0.9915853113835247.
[I 2025-08-05 12:54:25,687] Trial 104 finished with value: -0.9900202010476452 and parameters: {'learning_rate': 0.14190547334987139, 'depth': 4, 'l2_leaf_reg': 4.1652341991807855, 'border_count': 194}. Best is trial 96 with value: -0.9915853113835247.
[I 2025-08-05 12:54:30,348] Trial 105 finished with value: -0.9901812925297765 and parameters: {'learning_rate': 0.10592999784148338, 'depth': 4, 'l2_leaf_reg': 3.8102262927912895, 'border_count': 191}. Best is trial 96 with value: -0.9915853113835247.
[I 2025-08-05 12:54:35,106] Trial 106 finished with value: -0.9902078976862159 and parameters: {'learning_rate': 0.1742388860862839, 'depth': 4, 'l2_leaf_reg': 5.737601716070634, 'border_count': 182}. Best is trial 96 with value: -0.9915853113835247.
[I 2025-08-05 12:54:44,582] Trial 107 finished with value: -0.9879364541722279 and parameters: {'learning_rate': 0.1460645659892246, 'depth': 7, 'l2_leaf_reg': 3.674163874060443, 'border_count': 205}. Best is trial 96 with value: -0.9915853113835247.
[I 2025-08-05 12:54:48,896] Trial 108 finished with value: -0.9902275487982871 and parameters: {'learning_rate': 0.12028210740808096, 'depth': 4, 'l2_leaf_reg': 6.164802961512898, 'border_count': 196}. Best is trial 96 with value: -0.9915853113835247.
[I 2025-08-05 12:54:54,551] Trial 109 finished with value: -0.9899795950475181 and parameters: {'learning_rate': 0.15535036084347517, 'depth': 5, 'l2_leaf_reg': 5.034389230862326, 'border_count': 188}. Best is trial 96 with value: -0.9915853113835247.
[I 2025-08-05 12:54:59,390] Trial 110 finished with value: -0.9915691875452491 and parameters: {'learning_rate': 0.12761763897649395, 'depth': 4, 'l2_leaf_reg': 4.374256114675471, 'border_count': 201}. Best is trial 96 with value: -0.9915853113835247.
[I 2025-08-05 12:55:04,242] Trial 111 finished with value: -0.9911666856807182 and parameters: {'learning_rate': 0.13092131586397324, 'depth': 4, 'l2_leaf_reg': 3.978029213080267, 'border_count': 199}. Best is trial 96 with value: -0.9915853113835247.
[I 2025-08-05 12:55:09,024] Trial 112 finished with value: -0.9903851388584444 and parameters: {'learning_rate': 0.1305805158557615, 'depth': 4, 'l2_leaf_reg': 3.958992252052686, 'border_count': 179}. Best is trial 96 with value: -0.9915853113835247.
[I 2025-08-05 12:55:13,668] Trial 113 finished with value: -0.9904582975863108 and parameters: {'learning_rate': 0.2670497710820697, 'depth': 4, 'l2_leaf_reg': 4.433736236354906, 'border_count': 200}. Best is trial 96 with value: -0.9915853113835247.
[I 2025-08-05 12:55:18,158] Trial 114 finished with value: -0.9893738008383808 and parameters: {'learning_rate': 0.16913548414303625, 'depth': 4, 'l2_leaf_reg': 4.243402071215975, 'border_count': 171}. Best is trial 96 with value: -0.9915853113835247.
[I 2025-08-05 12:55:22,966] Trial 115 finished with value: -0.9903075697641522 and parameters: {'learning_rate': 0.12782917882814074, 'depth': 4, 'l2_leaf_reg': 4.680131310391002, 'border_count': 187}. Best is trial 96 with value: -0.9915853113835247.
[I 2025-08-05 12:55:27,749] Trial 116 finished with value: -0.9906372975050644 and parameters: {'learning_rate': 0.14950121130021293, 'depth': 4, 'l2_leaf_reg': 4.932651471816018, 'border_count': 205}. Best is trial 96 with value: -0.9915853113835247.
[I 2025-08-05 12:55:33,529] Trial 117 finished with value: -0.9899310950422564 and parameters: {'learning_rate': 0.13888362947789493, 'depth': 5, 'l2_leaf_reg': 3.853693773949847, 'border_count': 196}. Best is trial 96 with value: -0.9915853113835247.
[I 2025-08-05 12:55:38,164] Trial 118 finished with value: -0.9899735007205963 and parameters: {'learning_rate': 0.19049864945271433, 'depth': 4, 'l2_leaf_reg': 5.594827529957806, 'border_count': 193}. Best is trial 96 with value: -0.9915853113835247.
[I 2025-08-05 12:55:42,972] Trial 119 finished with value: -0.9907395885249077 and parameters: {'learning_rate': 0.11164560232424234, 'depth': 4, 'l2_leaf_reg': 3.6351601678898224, 'border_count': 200}. Best is trial 96 with value: -0.9915853113835247.
[I 2025-08-05 12:55:48,554] Trial 120 finished with value: -0.9903550127214299 and parameters: {'learning_rate': 0.15394479941773132, 'depth': 5, 'l2_leaf_reg': 5.266067660918778, 'border_count': 205}. Best is trial 96 with value: -0.9915853113835247.
[I 2025-08-05 12:55:53,475] Trial 121 finished with value: -0.9910009566851787 and parameters: {'learning_rate': 0.09327427994074522, 'depth': 4, 'l2_leaf_reg': 3.035464421561083, 'border_count': 220}. Best is trial 96 with value: -0.9915853113835247.
[I 2025-08-05 12:55:58,402] Trial 122 finished with value: -0.9913818104092407 and parameters: {'learning_rate': 0.10535653013936488, 'depth': 4, 'l2_leaf_reg': 3.9370937982574583, 'border_count': 224}. Best is trial 96 with value: -0.9915853113835247.
