[I 2025-08-04 08:06:04,536] Trial 334 finished with value: -0.09208194847346345 and parameters: {'learning_rate': 0.018048362074427754, 'num_leaves': 196, 'max_depth': 15, 'min_child_samples': 12, 'feature_fraction': 0.5201528486933138, 'bagging_fraction': 0.5272148483313797, 'reg_alpha': 6.851298925540832e-06, 'reg_lambda': 5.532644082844042}. Best is trial 223 with value: -0.09532691268294306.
[I 2025-08-04 08:06:22,038] Trial 335 finished with value: -0.0895065173925933 and parameters: {'learning_rate': 0.012022241590380487, 'num_leaves': 188, 'max_depth': 14, 'min_child_samples': 20, 'feature_fraction': 0.5402201337494289, 'bagging_fraction': 0.5166769957283965, 'reg_alpha': 9.134108368842029e-07, 'reg_lambda': 4.187371829298472}. Best is trial 223 with value: -0.09532691268294306.
[I 2025-08-04 08:06:37,301] Trial 336 finished with value: -0.09412979451098895 and parameters: {'learning_rate': 0.019930132989503805, 'num_leaves': 212, 'max_depth': 15, 'min_child_samples': 14, 'feature_fraction': 0.5279222101578928, 'bagging_fraction': 0.7889821412960629, 'reg_alpha': 8.532724487638908e-08, 'reg_lambda': 1.3410657659151577}. Best is trial 223 with value: -0.09532691268294306.
[I 2025-08-04 08:06:53,179] Trial 337 finished with value: -0.09369053453694486 and parameters: {'learning_rate': 0.020395097206115858, 'num_leaves': 212, 'max_depth': 15, 'min_child_samples': 12, 'feature_fraction': 0.5560362828237951, 'bagging_fraction': 0.508618188947615, 'reg_alpha': 6.399819682935652e-08, 'reg_lambda': 1.373482142779194}. Best is trial 223 with value: -0.09532691268294306.
[I 2025-08-04 08:07:03,314] Trial 338 finished with value: -0.0915883260969935 and parameters: {'learning_rate': 0.04514843761667801, 'num_leaves': 220, 'max_depth': 15, 'min_child_samples': 14, 'feature_fraction': 0.5456098920387616, 'bagging_fraction': 0.7971468814876841, 'reg_alpha': 2.774405202029319e-07, 'reg_lambda': 0.9229557350184832}. Best is trial 223 with value: -0.09532691268294306.
[I 2025-08-04 08:07:07,592] Trial 339 finished with value: -0.07440403404376764 and parameters: {'learning_rate': 0.023119014931734672, 'num_leaves': 204, 'max_depth': 4, 'min_child_samples': 10, 'feature_fraction': 0.5354760278458403, 'bagging_fraction': 0.7514512807663049, 'reg_alpha': 1.358514706109719e-07, 'reg_lambda': 0.7067224109772496}. Best is trial 223 with value: -0.09532691268294306.
[I 2025-08-04 08:07:23,235] Trial 340 finished with value: -0.09169264595352503 and parameters: {'learning_rate': 0.02088439177263688, 'num_leaves': 216, 'max_depth': 15, 'min_child_samples': 12, 'feature_fraction': 0.5178927201287092, 'bagging_fraction': 0.76801531596752, 'reg_alpha': 6.16203555137643e-07, 'reg_lambda': 2.314485925583762}. Best is trial 223 with value: -0.09532691268294306.
[I 2025-08-04 08:07:37,783] Trial 341 finished with value: -0.09364320428019678 and parameters: {'learning_rate': 0.019544664055048244, 'num_leaves': 147, 'max_depth': 14, 'min_child_samples': 15, 'feature_fraction': 0.527995636533703, 'bagging_fraction': 0.5213724725206071, 'reg_alpha': 4.238973081838472e-06, 'reg_lambda': 9.94914894722328}. Best is trial 223 with value: -0.09532691268294306.
[I 2025-08-04 08:07:59,456] Trial 342 finished with value: -0.09099666169975289 and parameters: {'learning_rate': 0.012790776036756879, 'num_leaves': 212, 'max_depth': 15, 'min_child_samples': 14, 'feature_fraction': 0.5151485585852122, 'bagging_fraction': 0.78018784032441, 'reg_alpha': 1.8789728905674895e-06, 'reg_lambda': 3.623477919832453}. Best is trial 223 with value: -0.09532691268294306.
[I 2025-08-04 08:08:15,531] Trial 343 finished with value: -0.0922528796021175 and parameters: {'learning_rate': 0.01659304443364566, 'num_leaves': 162, 'max_depth': 15, 'min_child_samples': 12, 'feature_fraction': 0.5299949913017135, 'bagging_fraction': 0.810457289548835, 'reg_alpha': 3.2983080618811315e-07, 'reg_lambda': 1.5156872010109854}. Best is trial 223 with value: -0.09532691268294306.
[I 2025-08-04 08:08:29,980] Trial 344 finished with value: -0.0944771531969941 and parameters: {'learning_rate': 0.01894688268128731, 'num_leaves': 182, 'max_depth': 15, 'min_child_samples': 10, 'feature_fraction': 0.5449892884822936, 'bagging_fraction': 0.8210490595887953, 'reg_alpha': 1.9300714577851118e-07, 'reg_lambda': 0.39000945827101796}. Best is trial 223 with value: -0.09532691268294306.
[I 2025-08-04 08:08:45,765] Trial 345 finished with value: -0.08843663678953813 and parameters: {'learning_rate': 0.01885847065613064, 'num_leaves': 208, 'max_depth': 15, 'min_child_samples': 10, 'feature_fraction': 0.5592348077274526, 'bagging_fraction': 0.5089672752924879, 'reg_alpha': 2.1101399556112968e-07, 'reg_lambda': 0.22522557641905536}. Best is trial 223 with value: -0.09532691268294306.
[I 2025-08-04 08:08:54,057] Trial 346 finished with value: -0.08662981596058555 and parameters: {'learning_rate': 0.020490919446519328, 'num_leaves': 198, 'max_depth': 14, 'min_child_samples': 57, 'feature_fraction': 0.5478101065874954, 'bagging_fraction': 0.8299409584204684, 'reg_alpha': 1.5022387356325997e-07, 'reg_lambda': 0.42988790327173715}. Best is trial 223 with value: -0.09532691268294306.
[I 2025-08-04 08:09:08,437] Trial 347 finished with value: -0.09064650814385651 and parameters: {'learning_rate': 0.021500334278847472, 'num_leaves': 184, 'max_depth': 15, 'min_child_samples': 10, 'feature_fraction': 0.5645444641942291, 'bagging_fraction': 0.8073347431546299, 'reg_alpha': 4.184593882250135e-07, 'reg_lambda': 0.3498429564230275}. Best is trial 223 with value: -0.09532691268294306.
[I 2025-08-04 08:09:22,497] Trial 348 finished with value: -0.09263102816038751 and parameters: {'learning_rate': 0.017694914685494095, 'num_leaves': 141, 'max_depth': 15, 'min_child_samples': 12, 'feature_fraction': 0.542425880037517, 'bagging_fraction': 0.829458276730324, 'reg_alpha': 2.4255792719647524e-07, 'reg_lambda': 0.6546577190732645}. Best is trial 223 with value: -0.09532691268294306.
[I 2025-08-04 08:09:37,006] Trial 349 finished with value: -0.0917886948540012 and parameters: {'learning_rate': 0.01907022719826765, 'num_leaves': 181, 'max_depth': 14, 'min_child_samples': 11, 'feature_fraction': 0.5360783090178759, 'bagging_fraction': 0.7740486022235208, 'reg_alpha': 8.465377762591595e-08, 'reg_lambda': 0.9399560251991451}. Best is trial 223 with value: -0.09532691268294306.
[I 2025-08-04 08:09:52,461] Trial 350 finished with value: -0.0925540132614 and parameters: {'learning_rate': 0.016995574458067556, 'num_leaves': 186, 'max_depth': 15, 'min_child_samples': 13, 'feature_fraction': 0.5462829013476932, 'bagging_fraction': 0.7971414672739021, 'reg_alpha': 7.670646288663922e-07, 'reg_lambda': 2.7644614418854202e-05}. Best is trial 223 with value: -0.09532691268294306.
[I 2025-08-04 08:10:08,195] Trial 351 finished with value: -0.09386318675996362 and parameters: {'learning_rate': 0.016249268699103623, 'num_leaves': 204, 'max_depth': 15, 'min_child_samples': 15, 'feature_fraction': 0.5235869939478145, 'bagging_fraction': 0.73965675518284, 'reg_alpha': 4.4673531804226264e-08, 'reg_lambda': 0.0165084300843509}. Best is trial 223 with value: -0.09532691268294306.
[I 2025-08-04 08:10:18,239] Trial 352 finished with value: -0.08668942241987822 and parameters: {'learning_rate': 0.01825358101448196, 'num_leaves': 154, 'max_depth': 15, 'min_child_samples': 36, 'feature_fraction': 0.5353625805220609, 'bagging_fraction': 0.8038452606014506, 'reg_alpha': 1.331024140824923e-07, 'reg_lambda': 0.4146769886210365}. Best is trial 223 with value: -0.09532691268294306.
[I 2025-08-04 08:10:26,884] Trial 353 finished with value: -0.08678611005068164 and parameters: {'learning_rate': 0.01972045851275275, 'num_leaves': 194, 'max_depth': 15, 'min_child_samples': 95, 'feature_fraction': 0.525421837303672, 'bagging_fraction': 0.7919952729559672, 'reg_alpha': 3.0192668283899205e-07, 'reg_lambda': 0.1576850280751161}. Best is trial 223 with value: -0.09532691268294306.
[I 2025-08-04 08:10:41,019] Trial 354 finished with value: -0.08926185426803566 and parameters: {'learning_rate': 0.01605718073133639, 'num_leaves': 227, 'max_depth': 14, 'min_child_samples': 18, 'feature_fraction': 0.5480045769238191, 'bagging_fraction': 0.8210386082864853, 'reg_alpha': 4.7172650708244525e-07, 'reg_lambda': 1.9017478383774977}. Best is trial 223 with value: -0.09532691268294306.
[I 2025-08-04 08:10:56,623] Trial 355 finished with value: -0.09134781150742984 and parameters: {'learning_rate': 0.0176277454208772, 'num_leaves': 180, 'max_depth': 15, 'min_child_samples': 10, 'feature_fraction': 0.5361338282333136, 'bagging_fraction': 0.8418969699505265, 'reg_alpha': 1.8340587477054088e-07, 'reg_lambda': 1.1748638187873097}. Best is trial 223 with value: -0.09532691268294306.
[I 2025-08-04 08:11:05,112] Trial 356 finished with value: -0.08709090211315887 and parameters: {'learning_rate': 0.01872575321618986, 'num_leaves': 168, 'max_depth': 15, 'min_child_samples': 89, 'feature_fraction': 0.5202027192630113, 'bagging_fraction': 0.8584212838286375, 'reg_alpha': 9.514540053762091e-08, 'reg_lambda': 0.031852288423163795}. Best is trial 223 with value: -0.09532691268294306.
[I 2025-08-04 08:11:21,650] Trial 357 finished with value: -0.09251141132176173 and parameters: {'learning_rate': 0.015010618758032493, 'num_leaves': 189, 'max_depth': 15, 'min_child_samples': 13, 'feature_fraction': 0.5588347992004039, 'bagging_fraction': 0.5013054712076834, 'reg_alpha': 9.939385814597617e-07, 'reg_lambda': 0.012046920119282817}. Best is trial 223 with value: -0.09532691268294306.
[I 2025-08-04 08:11:37,592] Trial 358 finished with value: -0.09464804702144125 and parameters: {'learning_rate': 0.01712183971950497, 'num_leaves': 198, 'max_depth': 15, 'min_child_samples': 15, 'feature_fraction': 0.5151863584989196, 'bagging_fraction': 0.5428827249240185, 'reg_alpha': 5.423068866101389e-07, 'reg_lambda': 0.6511002018032662}. Best is trial 223 with value: -0.09532691268294306.
[I 2025-08-04 08:11:52,070] Trial 359 finished with value: -0.09553885975288429 and parameters: {'learning_rate': 0.01692771404640214, 'num_leaves': 203, 'max_depth': 14, 'min_child_samples': 16, 'feature_fraction': 0.5131690571749482, 'bagging_fraction': 0.5582418534553322, 'reg_alpha': 5.038538695600947e-07, 'reg_lambda': 0.2571515739177172}. Best is trial 359 with value: -0.09553885975288429.
[I 2025-08-04 08:12:05,425] Trial 360 finished with value: -0.08934535468793608 and parameters: {'learning_rate': 0.016878214531475186, 'num_leaves': 198, 'max_depth': 14, 'min_child_samples': 19, 'feature_fraction': 0.5145468250883507, 'bagging_fraction': 0.5541314212611242, 'reg_alpha': 6.893546940596879e-07, 'reg_lambda': 0.3378424633242722}. Best is trial 359 with value: -0.09553885975288429.
[I 2025-08-04 08:12:19,563] Trial 361 finished with value: -0.09343108568540118 and parameters: {'learning_rate': 0.015898519324841206, 'num_leaves': 203, 'max_depth': 14, 'min_child_samples': 17, 'feature_fraction': 0.5135482280976754, 'bagging_fraction': 0.557786321990702, 'reg_alpha': 4.822003295131271e-07, 'reg_lambda': 0.20354108686466846}. Best is trial 359 with value: -0.09553885975288429.
[I 2025-08-04 08:12:33,500] Trial 362 finished with value: -0.09168618784538965 and parameters: {'learning_rate': 0.016878735635024053, 'num_leaves': 195, 'max_depth': 14, 'min_child_samples': 18, 'feature_fraction': 0.5086190098841484, 'bagging_fraction': 0.5628394414851604, 'reg_alpha': 1.2922792715943346e-06, 'reg_lambda': 0.13926422813815606}. Best is trial 359 with value: -0.09553885975288429.
[I 2025-08-04 08:12:48,360] Trial 363 finished with value: -0.09122907263458864 and parameters: {'learning_rate': 0.015894264366488258, 'num_leaves': 200, 'max_depth': 14, 'min_child_samples': 16, 'feature_fraction': 0.5003227317499415, 'bagging_fraction': 0.5441490068073739, 'reg_alpha': 6.835527788479027e-07, 'reg_lambda': 0.48519877694396046}. Best is trial 359 with value: -0.09553885975288429.
[I 2025-08-04 08:13:02,130] Trial 364 finished with value: -0.0944830627823315 and parameters: {'learning_rate': 0.01764189431214388, 'num_leaves': 204, 'max_depth': 14, 'min_child_samples': 16, 'feature_fraction': 0.5210135184941249, 'bagging_fraction': 0.5438539497213678, 'reg_alpha': 3.723953577760971e-07, 'reg_lambda': 0.2844873141784787}. Best is trial 359 with value: -0.09553885975288429.
[I 2025-08-04 08:13:13,586] Trial 365 finished with value: -0.08239869583261969 and parameters: {'learning_rate': 0.01742399708948546, 'num_leaves': 194, 'max_depth': 14, 'min_child_samples': 19, 'feature_fraction': 0.8904328691868029, 'bagging_fraction': 0.5547097030545274, 'reg_alpha': 4.889308309923639e-07, 'reg_lambda': 0.25075524059816745}. Best is trial 359 with value: -0.09553885975288429.
[I 2025-08-04 08:13:29,447] Trial 366 finished with value: -0.09282249424251814 and parameters: {'learning_rate': 0.015518959759311404, 'num_leaves': 207, 'max_depth': 15, 'min_child_samples': 16, 'feature_fraction': 0.5153551534802104, 'bagging_fraction': 0.5672912380108708, 'reg_alpha': 9.806360108355556e-07, 'reg_lambda': 0.29307670353415227}. Best is trial 359 with value: -0.09553885975288429.
[I 2025-08-04 08:13:42,381] Trial 367 finished with value: -0.0880076674416254 and parameters: {'learning_rate': 0.016579153889427038, 'num_leaves': 189, 'max_depth': 15, 'min_child_samples': 21, 'feature_fraction': 0.5100180641912826, 'bagging_fraction': 0.5402756185646311, 'reg_alpha': 1.324085910975201e-06, 'reg_lambda': 0.20811849981773461}. Best is trial 359 with value: -0.09553885975288429.
[I 2025-08-04 08:13:56,359] Trial 368 finished with value: -0.09274650781205211 and parameters: {'learning_rate': 0.014574426051043943, 'num_leaves': 158, 'max_depth': 15, 'min_child_samples': 17, 'feature_fraction': 0.5206534430098607, 'bagging_fraction': 0.5463301288451416, 'reg_alpha': 3.809434438741317e-07, 'reg_lambda': 0.11180124829970293}. Best is trial 359 with value: -0.09553885975288429.
[I 2025-08-04 08:14:10,996] Trial 369 finished with value: -0.09183500873603075 and parameters: {'learning_rate': 0.01783173848552778, 'num_leaves': 183, 'max_depth': 14, 'min_child_samples': 15, 'feature_fraction': 0.5216641394892192, 'bagging_fraction': 0.5325956981570791, 'reg_alpha': 7.731383222350696e-07, 'reg_lambda': 0.39586010950125045}. Best is trial 359 with value: -0.09553885975288429.
[I 2025-08-04 08:14:18,619] Trial 370 finished with value: -0.08546837310565358 and parameters: {'learning_rate': 0.015962641726722748, 'num_leaves': 198, 'max_depth': 7, 'min_child_samples': 16, 'feature_fraction': 0.5081497505285603, 'bagging_fraction': 0.5270287140144645, 'reg_alpha': 4.1763098025067694e-07, 'reg_lambda': 0.6898733580116896}. Best is trial 359 with value: -0.09553885975288429.
[I 2025-08-04 08:14:25,022] Trial 371 finished with value: -0.0834143295219203 and parameters: {'learning_rate': 0.015175063583890204, 'num_leaves': 206, 'max_depth': 6, 'min_child_samples': 20, 'feature_fraction': 0.5249951475629255, 'bagging_fraction': 0.54696993940729, 'reg_alpha': 6.422260687879848e-07, 'reg_lambda': 0.0008549932136724306}. Best is trial 359 with value: -0.09553885975288429.
[I 2025-08-04 08:14:34,502] Trial 372 finished with value: -0.09065514150021367 and parameters: {'learning_rate': 0.017028977456178637, 'num_leaves': 65, 'max_depth': 15, 'min_child_samples': 18, 'feature_fraction': 0.512367626017983, 'bagging_fraction': 0.517554012403367, 'reg_alpha': 1.5627425145118645e-06, 'reg_lambda': 0.28362079515106947}. Best is trial 359 with value: -0.09553885975288429.
[I 2025-08-04 08:14:47,274] Trial 373 finished with value: -0.09101293097914699 and parameters: {'learning_rate': 0.014208498351700804, 'num_leaves': 146, 'max_depth': 14, 'min_child_samples': 22, 'feature_fraction': 0.5304947750820792, 'bagging_fraction': 0.5325162672132179, 'reg_alpha': 2.652088828082883e-07, 'reg_lambda': 0.043490614172525706}. Best is trial 359 with value: -0.09553885975288429.
[I 2025-08-04 08:15:02,035] Trial 374 finished with value: -0.0908255428257064 and parameters: {'learning_rate': 0.01641802529903147, 'num_leaves': 192, 'max_depth': 15, 'min_child_samples': 15, 'feature_fraction': 0.5688720345477271, 'bagging_fraction': 0.560971995454554, 'reg_alpha': 1.892440841258153e-07, 'reg_lambda': 0.021705376163722912}. Best is trial 359 with value: -0.09553885975288429.
[I 2025-08-04 08:15:16,233] Trial 375 finished with value: -0.09329219416918079 and parameters: {'learning_rate': 0.01806609063325999, 'num_leaves': 186, 'max_depth': 15, 'min_child_samples': 14, 'feature_fraction': 0.5420649396453702, 'bagging_fraction': 0.5102283065805849, 'reg_alpha': 4.4051970898454057e-07, 'reg_lambda': 0.5447691332647687}. Best is trial 359 with value: -0.09553885975288429.
[I 2025-08-04 08:15:30,949] Trial 376 finished with value: -0.09403578711501151 and parameters: {'learning_rate': 0.015220890063572025, 'num_leaves': 170, 'max_depth': 15, 'min_child_samples': 17, 'feature_fraction': 0.5224975695121623, 'bagging_fraction': 0.5257168846110113, 'reg_alpha': 9.550478667451367e-07, 'reg_lambda': 0.007594096691154286}. Best is trial 359 with value: -0.09553885975288429.
[I 2025-08-04 08:15:45,399] Trial 377 finished with value: -0.09413618173880134 and parameters: {'learning_rate': 0.017398419415435632, 'num_leaves': 180, 'max_depth': 15, 'min_child_samples': 15, 'feature_fraction': 0.517538860934559, 'bagging_fraction': 0.5407028864027481, 'reg_alpha': 5.539513800383181e-07, 'reg_lambda': 0.18085890796653697}. Best is trial 359 with value: -0.09553885975288429.
[I 2025-08-04 08:16:00,011] Trial 378 finished with value: -0.0913613146618203 and parameters: {'learning_rate': 0.014515320077514264, 'num_leaves': 163, 'max_depth': 14, 'min_child_samples': 13, 'feature_fraction': 0.5524501384138083, 'bagging_fraction': 0.5008642061766057, 'reg_alpha': 1.3783536145869254e-05, 'reg_lambda': 0.06618828146444936}. Best is trial 359 with value: -0.09553885975288429.
[I 2025-08-04 08:16:13,588] Trial 379 finished with value: -0.09059508618084147 and parameters: {'learning_rate': 0.01608646871944382, 'num_leaves': 173, 'max_depth': 15, 'min_child_samples': 19, 'feature_fraction': 0.5016074542579526, 'bagging_fraction': 0.5160195088471811, 'reg_alpha': 2.847267648600007e-07, 'reg_lambda': 1.497103838617835e-08}. Best is trial 359 with value: -0.09553885975288429.
[I 2025-08-04 08:16:27,059] Trial 380 finished with value: -0.09335152652178476 and parameters: {'learning_rate': 0.017038244274476817, 'num_leaves': 191, 'max_depth': 15, 'min_child_samples': 16, 'feature_fraction': 0.5344821696274074, 'bagging_fraction': 0.5247703771068211, 'reg_alpha': 2.285040452736383e-06, 'reg_lambda': 0.0005363740582769319}. Best is trial 359 with value: -0.09553885975288429.
[I 2025-08-04 08:16:41,227] Trial 381 finished with value: -0.09428500100760218 and parameters: {'learning_rate': 0.018748587304275584, 'num_leaves': 179, 'max_depth': 15, 'min_child_samples': 13, 'feature_fraction': 0.5283752256101982, 'bagging_fraction': 0.5715986310492092, 'reg_alpha': 1.7737263939226614e-07, 'reg_lambda': 0.011451045532182664}. Best is trial 359 with value: -0.09553885975288429.
[I 2025-08-04 08:16:53,899] Trial 382 finished with value: -0.0886205003764552 and parameters: {'learning_rate': 0.01924510695566973, 'num_leaves': 180, 'max_depth': 15, 'min_child_samples': 14, 'feature_fraction': 0.7112868370647347, 'bagging_fraction': 0.5774907207940585, 'reg_alpha': 1.4634731369095427e-07, 'reg_lambda': 0.012779272113754367}. Best is trial 359 with value: -0.09553885975288429.
[I 2025-08-04 08:17:00,714] Trial 383 finished with value: -0.08064456108478749 and parameters: {'learning_rate': 0.018495327524856144, 'num_leaves': 186, 'max_depth': 15, 'min_child_samples': 72, 'feature_fraction': 0.9900371946040163, 'bagging_fraction': 0.5604938133151087, 'reg_alpha': 2.1322656523041357e-07, 'reg_lambda': 0.009294235008062797}. Best is trial 359 with value: -0.09553885975288429.
[I 2025-08-04 08:17:15,578] Trial 384 finished with value: -0.09331567831987332 and parameters: {'learning_rate': 0.013741626161748382, 'num_leaves': 177, 'max_depth': 14, 'min_child_samples': 17, 'feature_fraction': 0.5271121105108388, 'bagging_fraction': 0.5683809352856787, 'reg_alpha': 3.2191126518216024e-07, 'reg_lambda': 0.01895912242863173}. Best is trial 359 with value: -0.09553885975288429.
[I 2025-08-04 08:17:29,410] Trial 385 finished with value: -0.09224397896745043 and parameters: {'learning_rate': 0.01842850772109114, 'num_leaves': 183, 'max_depth': 14, 'min_child_samples': 12, 'feature_fraction': 0.5115559588349449, 'bagging_fraction': 0.5784636812186463, 'reg_alpha': 1.3691756299186977e-07, 'reg_lambda': 0.006053004660240326}. Best is trial 359 with value: -0.09553885975288429.
[I 2025-08-04 08:17:41,591] Trial 386 finished with value: -0.09246528755322192 and parameters: {'learning_rate': 0.022282701125982227, 'num_leaves': 172, 'max_depth': 15, 'min_child_samples': 15, 'feature_fraction': 0.5383265806417588, 'bagging_fraction': 0.5524544601793926, 'reg_alpha': 1.8890465785219888e-07, 'reg_lambda': 0.0013158726282560126}. Best is trial 359 with value: -0.09553885975288429.
[I 2025-08-04 08:17:58,101] Trial 387 finished with value: -0.08799469889779596 and parameters: {'learning_rate': 0.015233636081018045, 'num_leaves': 202, 'max_depth': 15, 'min_child_samples': 19, 'feature_fraction': 0.5197529945947278, 'bagging_fraction': 0.5733608208012343, 'reg_alpha': 0.36347004505207214, 'reg_lambda': 0.4601197483973453}. Best is trial 359 with value: -0.09553885975288429.
[I 2025-08-04 08:18:11,476] Trial 388 finished with value: -0.09421053750946372 and parameters: {'learning_rate': 0.01958289487297193, 'num_leaves': 167, 'max_depth': 15, 'min_child_samples': 13, 'feature_fraction': 0.5270080517393877, 'bagging_fraction': 0.5475208944069481, 'reg_alpha': 5.44077621643085e-07, 'reg_lambda': 0.09803836127613413}. Best is trial 359 with value: -0.09553885975288429.
