[I 2025-08-05 14:02:45,583] Trial 6 finished with value: 0.8285280070202329 and parameters: {'n_d': 30, 'n_a': 58, 'n_steps': 4, 'gamma': 1.3853414117242888, 'lambda_sparse': 1.9124661423750915e-05, 'lr': 0.00038680294745984365, 'weight_decay': 1.725962547628459e-05}. Best is trial 2 with value: 0.9321603310780897.
/work/dlclarge2/latifajr-dl_lab_project/autoML/automl-exam-ss25-tabular-freiburg-template/automl-tabular-env/lib/python3.10/site-packages/pytorch_tabnet/callbacks.py:172: UserWarning: Best weights from best epoch are automatically used!
  warnings.warn(wrn_msg)
[I 2025-08-05 14:03:11,922] Trial 7 finished with value: 0.903942190348052 and parameters: {'n_d': 52, 'n_a': 38, 'n_steps': 4, 'gamma': 1.007832958506158, 'lambda_sparse': 3.9243875859335156e-05, 'lr': 0.002654328235628838, 'weight_decay': 0.0005696568569739856}. Best is trial 2 with value: 0.9321603310780897.
/work/dlclarge2/latifajr-dl_lab_project/autoML/automl-exam-ss25-tabular-freiburg-template/automl-tabular-env/lib/python3.10/site-packages/pytorch_tabnet/callbacks.py:172: UserWarning: Best weights from best epoch are automatically used!
  warnings.warn(wrn_msg)
[I 2025-08-05 14:03:38,668] Trial 8 finished with value: 0.8725356337178698 and parameters: {'n_d': 25, 'n_a': 37, 'n_steps': 5, 'gamma': 1.8877478592397208, 'lambda_sparse': 1.7832300338472874e-05, 'lr': 0.0009316637695539951, 'weight_decay': 1.2514901882003635e-05}. Best is trial 2 with value: 0.9321603310780897.
/work/dlclarge2/latifajr-dl_lab_project/autoML/automl-exam-ss25-tabular-freiburg-template/automl-tabular-env/lib/python3.10/site-packages/pytorch_tabnet/callbacks.py:172: UserWarning: Best weights from best epoch are automatically used!
  warnings.warn(wrn_msg)
[I 2025-08-05 14:04:02,283] Trial 9 finished with value: 0.8573349256830982 and parameters: {'n_d': 9, 'n_a': 43, 'n_steps': 3, 'gamma': 1.1629048627064664, 'lambda_sparse': 1.3588599482931676e-05, 'lr': 0.0004134392209147983, 'weight_decay': 1.8128739374037288e-06}. Best is trial 2 with value: 0.9321603310780897.
/work/dlclarge2/latifajr-dl_lab_project/autoML/automl-exam-ss25-tabular-freiburg-template/automl-tabular-env/lib/python3.10/site-packages/pytorch_tabnet/callbacks.py:172: UserWarning: Best weights from best epoch are automatically used!
  warnings.warn(wrn_msg)
[I 2025-08-05 14:04:51,913] Trial 10 finished with value: -20.04347982310558 and parameters: {'n_d': 11, 'n_a': 14, 'n_steps': 10, 'gamma': 1.6815741873433279, 'lambda_sparse': 0.008010417899604796, 'lr': 0.00010369967868397406, 'weight_decay': 1.060450087037737e-06}. Best is trial 2 with value: 0.9321603310780897.
/work/dlclarge2/latifajr-dl_lab_project/autoML/automl-exam-ss25-tabular-freiburg-template/automl-tabular-env/lib/python3.10/site-packages/pytorch_tabnet/callbacks.py:172: UserWarning: Best weights from best epoch are automatically used!
  warnings.warn(wrn_msg)
[I 2025-08-05 14:05:41,214] Trial 11 finished with value: 0.9388147636893436 and parameters: {'n_d': 41, 'n_a': 64, 'n_steps': 10, 'gamma': 1.5888521635484016, 'lambda_sparse': 0.009981352080060214, 'lr': 0.09387789082813092, 'weight_decay': 3.760190344950997e-06}. Best is trial 11 with value: 0.9388147636893436.
/work/dlclarge2/latifajr-dl_lab_project/autoML/automl-exam-ss25-tabular-freiburg-template/automl-tabular-env/lib/python3.10/site-packages/pytorch_tabnet/callbacks.py:172: UserWarning: Best weights from best epoch are automatically used!
  warnings.warn(wrn_msg)
[I 2025-08-05 14:06:22,822] Trial 12 finished with value: 0.9386575978391332 and parameters: {'n_d': 38, 'n_a': 23, 'n_steps': 9, 'gamma': 1.618022292720073, 'lambda_sparse': 0.009492228074840361, 'lr': 0.05585255105888836, 'weight_decay': 3.210215488660045e-06}. Best is trial 11 with value: 0.9388147636893436.
/work/dlclarge2/latifajr-dl_lab_project/autoML/automl-exam-ss25-tabular-freiburg-template/automl-tabular-env/lib/python3.10/site-packages/pytorch_tabnet/callbacks.py:172: UserWarning: Best weights from best epoch are automatically used!
  warnings.warn(wrn_msg)
[I 2025-08-05 14:07:06,503] Trial 13 finished with value: 0.9392532101537989 and parameters: {'n_d': 41, 'n_a': 24, 'n_steps': 9, 'gamma': 1.6921934705428607, 'lambda_sparse': 0.001748941981999692, 'lr': 0.08499075859128832, 'weight_decay': 4.914044310878099e-06}. Best is trial 13 with value: 0.9392532101537989.
/work/dlclarge2/latifajr-dl_lab_project/autoML/automl-exam-ss25-tabular-freiburg-template/automl-tabular-env/lib/python3.10/site-packages/pytorch_tabnet/callbacks.py:172: UserWarning: Best weights from best epoch are automatically used!
  warnings.warn(wrn_msg)
[I 2025-08-05 14:07:42,342] Trial 14 finished with value: 0.9293107938056744 and parameters: {'n_d': 44, 'n_a': 26, 'n_steps': 9, 'gamma': 1.753668905421389, 'lambda_sparse': 0.0017036676031170926, 'lr': 0.026955888786904147, 'weight_decay': 5.182043244151419e-06}. Best is trial 13 with value: 0.9392532101537989.
/work/dlclarge2/latifajr-dl_lab_project/autoML/automl-exam-ss25-tabular-freiburg-template/automl-tabular-env/lib/python3.10/site-packages/pytorch_tabnet/callbacks.py:172: UserWarning: Best weights from best epoch are automatically used!
  warnings.warn(wrn_msg)
[I 2025-08-05 14:08:27,466] Trial 15 finished with value: 0.9298764702455955 and parameters: {'n_d': 44, 'n_a': 27, 'n_steps': 9, 'gamma': 1.2939389511120027, 'lambda_sparse': 0.0018423749296024965, 'lr': 0.02694399915491776, 'weight_decay': 6.2435646607515325e-06}. Best is trial 13 with value: 0.9392532101537989.
/work/dlclarge2/latifajr-dl_lab_project/autoML/automl-exam-ss25-tabular-freiburg-template/automl-tabular-env/lib/python3.10/site-packages/pytorch_tabnet/callbacks.py:172: UserWarning: Best weights from best epoch are automatically used!
  warnings.warn(wrn_msg)
[I 2025-08-05 14:08:59,511] Trial 16 finished with value: 0.9466083662859819 and parameters: {'n_d': 31, 'n_a': 13, 'n_steps': 10, 'gamma': 1.9369349227425032, 'lambda_sparse': 0.0017549477154779319, 'lr': 0.08584899839116776, 'weight_decay': 4.756797529570425e-05}. Best is trial 16 with value: 0.9466083662859819.
/work/dlclarge2/latifajr-dl_lab_project/autoML/automl-exam-ss25-tabular-freiburg-template/automl-tabular-env/lib/python3.10/site-packages/pytorch_tabnet/callbacks.py:172: UserWarning: Best weights from best epoch are automatically used!
  warnings.warn(wrn_msg)
[I 2025-08-05 14:09:28,920] Trial 17 finished with value: 0.9079900843472171 and parameters: {'n_d': 31, 'n_a': 8, 'n_steps': 8, 'gamma': 1.994040813625104, 'lambda_sparse': 0.0011228430172643365, 'lr': 0.01223815152064178, 'weight_decay': 5.902253234876696e-05}. Best is trial 16 with value: 0.9466083662859819.
/work/dlclarge2/latifajr-dl_lab_project/autoML/automl-exam-ss25-tabular-freiburg-template/automl-tabular-env/lib/python3.10/site-packages/pytorch_tabnet/callbacks.py:172: UserWarning: Best weights from best epoch are automatically used!
  warnings.warn(wrn_msg)
[I 2025-08-05 14:10:01,947] Trial 18 finished with value: 0.8930015251447182 and parameters: {'n_d': 18, 'n_a': 17, 'n_steps': 7, 'gamma': 1.9958926375320043, 'lambda_sparse': 0.003128842200131388, 'lr': 0.035068850831332904, 'weight_decay': 5.957309867974868e-05}. Best is trial 16 with value: 0.9466083662859819.
/work/dlclarge2/latifajr-dl_lab_project/autoML/automl-exam-ss25-tabular-freiburg-template/automl-tabular-env/lib/python3.10/site-packages/pytorch_tabnet/callbacks.py:172: UserWarning: Best weights from best epoch are automatically used!
  warnings.warn(wrn_msg)
[I 2025-08-05 14:10:28,642] Trial 19 finished with value: 0.8807981447972221 and parameters: {'n_d': 32, 'n_a': 30, 'n_steps': 9, 'gamma': 1.8276108403415376, 'lambda_sparse': 0.0011016137688031778, 'lr': 0.041181338429041627, 'weight_decay': 0.000176842267730118}. Best is trial 16 with value: 0.9466083662859819.
/work/dlclarge2/latifajr-dl_lab_project/autoML/automl-exam-ss25-tabular-freiburg-template/automl-tabular-env/lib/python3.10/site-packages/pytorch_tabnet/callbacks.py:172: UserWarning: Best weights from best epoch are automatically used!
  warnings.warn(wrn_msg)
[I 2025-08-05 14:11:04,766] A new study created in memory with name: no-name-6f27222d-ad19-4709-b7fd-3602514a6e4b
/work/dlclarge2/latifajr-dl_lab_project/autoML/automl-exam-ss25-tabular-freiburg-template/automl-tabular-env/lib/python3.10/site-packages/pytorch_tabnet/callbacks.py:172: UserWarning: Best weights from best epoch are automatically used!
  warnings.warn(wrn_msg)
[I 2025-08-05 14:11:27,721] Trial 0 finished with value: 0.7303867083037351 and parameters: {'n_d': 37, 'n_a': 37, 'n_steps': 7, 'gamma': 1.1314014303600266, 'lambda_sparse': 1.8479283093269137e-05, 'lr': 0.00104697074738142, 'weight_decay': 1.2341414518439058e-06}. Best is trial 0 with value: 0.7303867083037351.
/work/dlclarge2/latifajr-dl_lab_project/autoML/automl-exam-ss25-tabular-freiburg-template/automl-tabular-env/lib/python3.10/site-packages/pytorch_tabnet/callbacks.py:172: UserWarning: Best weights from best epoch are automatically used!
  warnings.warn(wrn_msg)
[I 2025-08-05 14:12:11,981] Trial 1 finished with value: 0.9212703011510052 and parameters: {'n_d': 62, 'n_a': 30, 'n_steps': 9, 'gamma': 1.5561097397293722, 'lambda_sparse': 2.8098963616753317e-05, 'lr': 0.020385500893435823, 'weight_decay': 1.1735365419787432e-05}. Best is trial 1 with value: 0.9212703011510052.
/work/dlclarge2/latifajr-dl_lab_project/autoML/automl-exam-ss25-tabular-freiburg-template/automl-tabular-env/lib/python3.10/site-packages/pytorch_tabnet/callbacks.py:172: UserWarning: Best weights from best epoch are automatically used!
  warnings.warn(wrn_msg)
[I 2025-08-05 14:12:52,863] Trial 2 finished with value: 0.8830975221754187 and parameters: {'n_d': 51, 'n_a': 20, 'n_steps': 8, 'gamma': 1.9238915587144905, 'lambda_sparse': 0.00019388813261121844, 'lr': 0.0035937042612629853, 'weight_decay': 6.061341857298923e-05}. Best is trial 1 with value: 0.9212703011510052.
/work/dlclarge2/latifajr-dl_lab_project/autoML/automl-exam-ss25-tabular-freiburg-template/automl-tabular-env/lib/python3.10/site-packages/pytorch_tabnet/callbacks.py:172: UserWarning: Best weights from best epoch are automatically used!
  warnings.warn(wrn_msg)
[I 2025-08-05 14:13:09,550] Trial 3 finished with value: 0.863217441557887 and parameters: {'n_d': 60, 'n_a': 16, 'n_steps': 3, 'gamma': 1.3201811913360928, 'lambda_sparse': 1.8783536481090197e-05, 'lr': 0.03969925334823383, 'weight_decay': 0.00011883732941083628}. Best is trial 1 with value: 0.9212703011510052.
/work/dlclarge2/latifajr-dl_lab_project/autoML/automl-exam-ss25-tabular-freiburg-template/automl-tabular-env/lib/python3.10/site-packages/pytorch_tabnet/callbacks.py:172: UserWarning: Best weights from best epoch are automatically used!
  warnings.warn(wrn_msg)
[I 2025-08-05 14:13:50,012] Trial 4 finished with value: 0.8334173930955286 and parameters: {'n_d': 61, 'n_a': 12, 'n_steps': 8, 'gamma': 1.586796256211711, 'lambda_sparse': 0.00044984224577405507, 'lr': 0.0014842410861021723, 'weight_decay': 1.0734752702673615e-05}. Best is trial 1 with value: 0.9212703011510052.
/work/dlclarge2/latifajr-dl_lab_project/autoML/automl-exam-ss25-tabular-freiburg-template/automl-tabular-env/lib/python3.10/site-packages/pytorch_tabnet/callbacks.py:172: UserWarning: Best weights from best epoch are automatically used!
  warnings.warn(wrn_msg)
[I 2025-08-05 14:14:14,647] Trial 5 finished with value: 0.9039576203199002 and parameters: {'n_d': 27, 'n_a': 33, 'n_steps': 4, 'gamma': 1.7624070402775147, 'lambda_sparse': 1.2811025368161976e-05, 'lr': 0.0026691202943090447, 'weight_decay': 4.883895970277845e-06}. Best is trial 1 with value: 0.9212703011510052.
/work/dlclarge2/latifajr-dl_lab_project/autoML/automl-exam-ss25-tabular-freiburg-template/automl-tabular-env/lib/python3.10/site-packages/pytorch_tabnet/callbacks.py:172: UserWarning: Best weights from best epoch are automatically used!
  warnings.warn(wrn_msg)
[I 2025-08-05 14:14:49,586] Trial 6 finished with value: 0.3938567438926903 and parameters: {'n_d': 45, 'n_a': 19, 'n_steps': 7, 'gamma': 1.2380164926988455, 'lambda_sparse': 6.486779222891994e-05, 'lr': 0.00016363202725530888, 'weight_decay': 1.041493142959026e-05}. Best is trial 1 with value: 0.9212703011510052.
/work/dlclarge2/latifajr-dl_lab_project/autoML/automl-exam-ss25-tabular-freiburg-template/automl-tabular-env/lib/python3.10/site-packages/pytorch_tabnet/callbacks.py:172: UserWarning: Best weights from best epoch are automatically used!
  warnings.warn(wrn_msg)
[I 2025-08-05 14:15:14,093] Trial 7 finished with value: 0.8310534213909463 and parameters: {'n_d': 41, 'n_a': 36, 'n_steps': 4, 'gamma': 1.4632598824021998, 'lambda_sparse': 0.0009252092750513706, 'lr': 0.0003750656146826942, 'weight_decay': 1.3056673416001125e-06}. Best is trial 1 with value: 0.9212703011510052.
/work/dlclarge2/latifajr-dl_lab_project/autoML/automl-exam-ss25-tabular-freiburg-template/automl-tabular-env/lib/python3.10/site-packages/pytorch_tabnet/callbacks.py:172: UserWarning: Best weights from best epoch are automatically used!
  warnings.warn(wrn_msg)
[I 2025-08-05 14:15:42,390] Trial 8 finished with value: 0.845932946467727 and parameters: {'n_d': 17, 'n_a': 8, 'n_steps': 5, 'gamma': 1.6695296260685462, 'lambda_sparse': 4.266452110920225e-05, 'lr': 0.0011183117836294125, 'weight_decay': 4.213218536230045e-06}. Best is trial 1 with value: 0.9212703011510052.
/work/dlclarge2/latifajr-dl_lab_project/autoML/automl-exam-ss25-tabular-freiburg-template/automl-tabular-env/lib/python3.10/site-packages/pytorch_tabnet/callbacks.py:172: UserWarning: Best weights from best epoch are automatically used!
  warnings.warn(wrn_msg)
[I 2025-08-05 14:16:31,343] Trial 9 finished with value: 0.8880693878150167 and parameters: {'n_d': 41, 'n_a': 32, 'n_steps': 10, 'gamma': 1.7589223290237945, 'lambda_sparse': 2.06210836386775e-05, 'lr': 0.0026079274990975063, 'weight_decay': 4.805456872705785e-05}. Best is trial 1 with value: 0.9212703011510052.
/work/dlclarge2/latifajr-dl_lab_project/autoML/automl-exam-ss25-tabular-freiburg-template/automl-tabular-env/lib/python3.10/site-packages/pytorch_tabnet/callbacks.py:172: UserWarning: Best weights from best epoch are automatically used!
  warnings.warn(wrn_msg)
[I 2025-08-05 14:17:09,380] Trial 10 finished with value: 0.9395902817026226 and parameters: {'n_d': 10, 'n_a': 59, 'n_steps': 10, 'gamma': 1.4162345337063051, 'lambda_sparse': 0.006102359608227491, 'lr': 0.08323153990997614, 'weight_decay': 0.0009782731343986621}. Best is trial 10 with value: 0.9395902817026226.
/work/dlclarge2/latifajr-dl_lab_project/autoML/automl-exam-ss25-tabular-freiburg-template/automl-tabular-env/lib/python3.10/site-packages/pytorch_tabnet/callbacks.py:172: UserWarning: Best weights from best epoch are automatically used!
  warnings.warn(wrn_msg)
[I 2025-08-05 14:17:32,090] Trial 11 finished with value: 0.8361069411572374 and parameters: {'n_d': 11, 'n_a': 63, 'n_steps': 10, 'gamma': 1.4330085520775289, 'lambda_sparse': 0.00840865598609659, 'lr': 0.0992958201484576, 'weight_decay': 0.0007608685837437994}. Best is trial 10 with value: 0.9395902817026226.
/work/dlclarge2/latifajr-dl_lab_project/autoML/automl-exam-ss25-tabular-freiburg-template/automl-tabular-env/lib/python3.10/site-packages/pytorch_tabnet/callbacks.py:172: UserWarning: Best weights from best epoch are automatically used!
  warnings.warn(wrn_msg)
[I 2025-08-05 14:18:13,703] Trial 12 finished with value: 0.9005157529970383 and parameters: {'n_d': 24, 'n_a': 64, 'n_steps': 9, 'gamma': 1.346005390376399, 'lambda_sparse': 0.008985775430379322, 'lr': 0.014937581107205895, 'weight_decay': 0.0007764598727018878}. Best is trial 10 with value: 0.9395902817026226.
/work/dlclarge2/latifajr-dl_lab_project/autoML/automl-exam-ss25-tabular-freiburg-template/automl-tabular-env/lib/python3.10/site-packages/pytorch_tabnet/callbacks.py:172: UserWarning: Best weights from best epoch are automatically used!
  warnings.warn(wrn_msg)
[I 2025-08-05 14:18:58,430] Trial 13 finished with value: 0.9262302959846176 and parameters: {'n_d': 29, 'n_a': 50, 'n_steps': 9, 'gamma': 1.531321443964044, 'lambda_sparse': 0.0015477922203700244, 'lr': 0.013420436142072868, 'weight_decay': 0.0002466322286021495}. Best is trial 10 with value: 0.9395902817026226.
/work/dlclarge2/latifajr-dl_lab_project/autoML/automl-exam-ss25-tabular-freiburg-template/automl-tabular-env/lib/python3.10/site-packages/pytorch_tabnet/callbacks.py:172: UserWarning: Best weights from best epoch are automatically used!
  warnings.warn(wrn_msg)
[I 2025-08-05 14:19:43,653] Trial 14 finished with value: 0.8722785109909144 and parameters: {'n_d': 28, 'n_a': 52, 'n_steps': 10, 'gamma': 1.007266134034571, 'lambda_sparse': 0.0025705170259452473, 'lr': 0.007909769025429891, 'weight_decay': 0.00028536260757352637}. Best is trial 10 with value: 0.9395902817026226.
/work/dlclarge2/latifajr-dl_lab_project/autoML/automl-exam-ss25-tabular-freiburg-template/automl-tabular-env/lib/python3.10/site-packages/pytorch_tabnet/callbacks.py:172: UserWarning: Best weights from best epoch are automatically used!
  warnings.warn(wrn_msg)
[I 2025-08-05 14:20:09,101] Trial 15 finished with value: 0.8465323430191976 and parameters: {'n_d': 13, 'n_a': 51, 'n_steps': 9, 'gamma': 1.1961028035399903, 'lambda_sparse': 0.0025183404188897007, 'lr': 0.07304382475398641, 'weight_decay': 0.00028256063193174245}. Best is trial 10 with value: 0.9395902817026226.
/work/dlclarge2/latifajr-dl_lab_project/autoML/automl-exam-ss25-tabular-freiburg-template/automl-tabular-env/lib/python3.10/site-packages/pytorch_tabnet/callbacks.py:172: UserWarning: Best weights from best epoch are automatically used!
  warnings.warn(wrn_msg)
[I 2025-08-05 14:20:30,039] Trial 16 finished with value: 0.8459460675088563 and parameters: {'n_d': 20, 'n_a': 52, 'n_steps': 6, 'gamma': 1.9311706510852318, 'lambda_sparse': 0.002673469254391691, 'lr': 0.025503709370205442, 'weight_decay': 0.00024509202370025885}. Best is trial 10 with value: 0.9395902817026226.
/work/dlclarge2/latifajr-dl_lab_project/autoML/automl-exam-ss25-tabular-freiburg-template/automl-tabular-env/lib/python3.10/site-packages/pytorch_tabnet/callbacks.py:172: UserWarning: Best weights from best epoch are automatically used!
  warnings.warn(wrn_msg)
[I 2025-08-05 14:20:50,717] Trial 17 finished with value: 0.7740569263566441 and parameters: {'n_d': 9, 'n_a': 45, 'n_steps': 8, 'gamma': 1.3663732073747323, 'lambda_sparse': 0.0009238934638373209, 'lr': 0.047952707893731246, 'weight_decay': 0.0009208505235810066}. Best is trial 10 with value: 0.9395902817026226.
/work/dlclarge2/latifajr-dl_lab_project/autoML/automl-exam-ss25-tabular-freiburg-template/automl-tabular-env/lib/python3.10/site-packages/pytorch_tabnet/callbacks.py:172: UserWarning: Best weights from best epoch are automatically used!
  warnings.warn(wrn_msg)
[I 2025-08-05 14:21:35,762] Trial 18 finished with value: 0.8897940125027702 and parameters: {'n_d': 33, 'n_a': 57, 'n_steps': 9, 'gamma': 1.648638427596797, 'lambda_sparse': 0.004669502642541024, 'lr': 0.009944524286627524, 'weight_decay': 0.00013826045711844593}. Best is trial 10 with value: 0.9395902817026226.
/work/dlclarge2/latifajr-dl_lab_project/autoML/automl-exam-ss25-tabular-freiburg-template/automl-tabular-env/lib/python3.10/site-packages/pytorch_tabnet/callbacks.py:172: UserWarning: Best weights from best epoch are automatically used!
  warnings.warn(wrn_msg)
[I 2025-08-05 14:22:08,117] Trial 19 finished with value: 0.8763496637145267 and parameters: {'n_d': 19, 'n_a': 46, 'n_steps': 6, 'gamma': 1.4821704692236803, 'lambda_sparse': 0.00092176976292323, 'lr': 0.005671321958320408, 'weight_decay': 0.0004342553145913767}. Best is trial 10 with value: 0.9395902817026226.
/work/dlclarge2/latifajr-dl_lab_project/autoML/automl-exam-ss25-tabular-freiburg-template/automl-tabular-env/lib/python3.10/site-packages/pytorch_tabnet/callbacks.py:172: UserWarning: Best weights from best epoch are automatically used!
  warnings.warn(wrn_msg)
[I 2025-08-05 14:22:52,293] A new study created in memory with name: no-name-54e228be-ffa7-4c9c-85b9-72ad1df18f0f
/work/dlclarge2/latifajr-dl_lab_project/autoML/automl-exam-ss25-tabular-freiburg-template/automl-tabular-env/lib/python3.10/site-packages/pytorch_tabnet/callbacks.py:172: UserWarning: Best weights from best epoch are automatically used!
  warnings.warn(wrn_msg)
[I 2025-08-05 14:23:18,754] Trial 0 finished with value: 0.9190434395845128 and parameters: {'n_d': 56, 'n_a': 52, 'n_steps': 5, 'gamma': 1.5776472983285703, 'lambda_sparse': 0.0011152175185579392, 'lr': 0.08815750624303133, 'weight_decay': 4.51776451687369e-06}. Best is trial 0 with value: 0.9190434395845128.
/work/dlclarge2/latifajr-dl_lab_project/autoML/automl-exam-ss25-tabular-freiburg-template/automl-tabular-env/lib/python3.10/site-packages/pytorch_tabnet/callbacks.py:172: UserWarning: Best weights from best epoch are automatically used!
  warnings.warn(wrn_msg)
[I 2025-08-05 14:23:43,843] Trial 1 finished with value: 0.8795345493282232 and parameters: {'n_d': 32, 'n_a': 61, 'n_steps': 4, 'gamma': 1.948498993757862, 'lambda_sparse': 3.821424501985156e-05, 'lr': 0.0010730031670688242, 'weight_decay': 4.699709799986832e-05}. Best is trial 0 with value: 0.9190434395845128.
/work/dlclarge2/latifajr-dl_lab_project/autoML/automl-exam-ss25-tabular-freiburg-template/automl-tabular-env/lib/python3.10/site-packages/pytorch_tabnet/callbacks.py:172: UserWarning: Best weights from best epoch are automatically used!
  warnings.warn(wrn_msg)
