[I 2025-08-03 08:43:55,096] Trial 438 finished with value: -0.9341946739240878 and parameters: {'learning_rate': 0.03189896485090942, 'num_leaves': 26, 'max_depth': 14, 'min_child_samples': 12, 'feature_fraction': 0.5381874775441575, 'bagging_fraction': 0.7008048267260895, 'reg_alpha': 2.671480841187635, 'reg_lambda': 1.2012697249462994e-06}. Best is trial 181 with value: -0.9360705907673996.
[I 2025-08-03 08:44:16,022] Trial 439 finished with value: -0.9335061405216495 and parameters: {'learning_rate': 0.03733935892908327, 'num_leaves': 35, 'max_depth': 13, 'min_child_samples': 14, 'feature_fraction': 0.8735722090200773, 'bagging_fraction': 0.7191208991057099, 'reg_alpha': 4.459960684148825, 'reg_lambda': 2.37645207639355e-08}. Best is trial 181 with value: -0.9360705907673996.
[I 2025-08-03 08:44:39,188] Trial 440 finished with value: -0.933764008516038 and parameters: {'learning_rate': 0.03317334207476547, 'num_leaves': 43, 'max_depth': 14, 'min_child_samples': 19, 'feature_fraction': 0.6290985890389585, 'bagging_fraction': 0.6918516058415627, 'reg_alpha': 0.44801795880877293, 'reg_lambda': 1.0021419998833031e-08}. Best is trial 181 with value: -0.9360705907673996.
[I 2025-08-03 08:44:56,378] Trial 441 finished with value: -0.9351375520634124 and parameters: {'learning_rate': 0.029222825335072863, 'num_leaves': 29, 'max_depth': 13, 'min_child_samples': 10, 'feature_fraction': 0.5462735197383293, 'bagging_fraction': 0.6715728767996635, 'reg_alpha': 1.9328547811745798, 'reg_lambda': 1.6329401160062207e-08}. Best is trial 181 with value: -0.9360705907673996.
[I 2025-08-03 08:45:31,921] Trial 442 finished with value: -0.9338693803927212 and parameters: {'learning_rate': 0.03483773109306458, 'num_leaves': 81, 'max_depth': 15, 'min_child_samples': 12, 'feature_fraction': 0.5092359969259068, 'bagging_fraction': 0.707560798522934, 'reg_alpha': 9.653991902921883, 'reg_lambda': 1.4560122204325687e-08}. Best is trial 181 with value: -0.9360705907673996.
[I 2025-08-03 08:45:41,593] Trial 443 finished with value: -0.9308854531082544 and parameters: {'learning_rate': 0.14584203433903992, 'num_leaves': 21, 'max_depth': 14, 'min_child_samples': 17, 'feature_fraction': 0.9844151563594756, 'bagging_fraction': 0.9380720336689587, 'reg_alpha': 0.2239926213070778, 'reg_lambda': 2.7000063191903084e-08}. Best is trial 181 with value: -0.9360705907673996.
[I 2025-08-03 08:46:02,822] Trial 444 finished with value: -0.9347561323728335 and parameters: {'learning_rate': 0.03142709533234531, 'num_leaves': 38, 'max_depth': 15, 'min_child_samples': 11, 'feature_fraction': 0.6912640654689164, 'bagging_fraction': 0.730685091303467, 'reg_alpha': 3.073287428410267, 'reg_lambda': 1.9899705873587127e-08}. Best is trial 181 with value: -0.9360705907673996.
[I 2025-08-03 08:46:28,237] Trial 445 finished with value: -0.9343880989263503 and parameters: {'learning_rate': 0.037328388767096474, 'num_leaves': 50, 'max_depth': 15, 'min_child_samples': 13, 'feature_fraction': 0.5276188011009226, 'bagging_fraction': 0.6834674833838922, 'reg_alpha': 5.812861232382854, 'reg_lambda': 1.442942428170748e-08}. Best is trial 181 with value: -0.9360705907673996.
[I 2025-08-03 08:46:45,990] Trial 446 finished with value: -0.9353104404103284 and parameters: {'learning_rate': 0.04133164455228897, 'num_leaves': 32, 'max_depth': 15, 'min_child_samples': 10, 'feature_fraction': 0.5364516689139082, 'bagging_fraction': 0.7127623455017682, 'reg_alpha': 0.15759345607851205, 'reg_lambda': 1.006013176022759e-08}. Best is trial 181 with value: -0.9360705907673996.
[I 2025-08-03 08:47:09,512] Trial 447 finished with value: -0.9342712179976991 and parameters: {'learning_rate': 0.03358145180823663, 'num_leaves': 44, 'max_depth': 12, 'min_child_samples': 12, 'feature_fraction': 0.517861904804926, 'bagging_fraction': 0.6987952697549762, 'reg_alpha': 0.6812934958510817, 'reg_lambda': 2.7188543850775353e-08}. Best is trial 181 with value: -0.9360705907673996.
[I 2025-08-03 08:47:24,641] Trial 448 finished with value: -0.9331896234151362 and parameters: {'learning_rate': 0.030802046158552258, 'num_leaves': 24, 'max_depth': 15, 'min_child_samples': 14, 'feature_fraction': 0.5596886158197418, 'bagging_fraction': 0.7214742280799291, 'reg_alpha': 4.346587448105853e-05, 'reg_lambda': 1.4281464907244846e-08}. Best is trial 181 with value: -0.9360705907673996.
[I 2025-08-03 08:48:26,148] Trial 449 finished with value: -0.932693677290763 and parameters: {'learning_rate': 0.03494717539674085, 'num_leaves': 222, 'max_depth': 14, 'min_child_samples': 10, 'feature_fraction': 0.5449057503101347, 'bagging_fraction': 0.7060768188597033, 'reg_alpha': 1.2249703277111743, 'reg_lambda': 0.0003568570671668123}. Best is trial 181 with value: -0.9360705907673996.
2025-08-03 08:48:27 [INFO] Model selection complete. Validation metrics: {'val_catboost': 0.9189381278326872, 'val_lightgbm': 0.9091975695613692, 'val_ensemble': 0.9162272836680849}
2025-08-03 08:48:27 [INFO] Selected best model 'catboost' with validation R²=0.9189
2025-08-03 08:48:27 [INFO] Retraining best model 'catboost' on full dataset
2025-08-03 08:48:29 [INFO] Retraining completed in 2.25s
2025-08-03 08:48:29 [INFO] Saved final model to '/work/dlclarge2/alidemaa-dl_lab/automl/automl-exam-ss25-tabular-freiburg-template/modelsFinal/final_catboost.pkl'
2025-08-03 08:48:29 [INFO] Tree-based → /work/dlclarge2/alidemaa-dl_lab/automl/automl-exam-ss25-tabular-freiburg-template/modelsFinal/final_catboost.pkl (R²=0.9189)
2025-08-03 08:48:29 [INFO] Training TabNet model...
[I 2025-08-03 08:48:29,745] A new study created in memory with name: no-name-666dc37a-cd8c-4871-b122-15536be1219c
/work/dlclarge2/alidemaa-dl_lab/automl/automl-exam-ss25-tabular-freiburg-template/automl-tabular-env/lib/python3.10/site-packages/pytorch_tabnet/callbacks.py:172: UserWarning: Best weights from best epoch are automatically used!
  warnings.warn(wrn_msg)
[I 2025-08-03 08:50:37,924] Trial 0 finished with value: 0.8845388697405338 and parameters: {'n_d': 12, 'n_a': 14, 'n_steps': 10, 'gamma': 1.1070635403203115, 'lambda_sparse': 0.00849847742524474, 'lr': 0.0018117740481246732, 'weight_decay': 0.00024902339602697696}. Best is trial 0 with value: 0.8845388697405338.
/work/dlclarge2/alidemaa-dl_lab/automl/automl-exam-ss25-tabular-freiburg-template/automl-tabular-env/lib/python3.10/site-packages/pytorch_tabnet/callbacks.py:172: UserWarning: Best weights from best epoch are automatically used!
  warnings.warn(wrn_msg)
[I 2025-08-03 08:51:35,214] Trial 1 finished with value: 0.5982579030912932 and parameters: {'n_d': 8, 'n_a': 16, 'n_steps': 9, 'gamma': 1.9576234985195953, 'lambda_sparse': 0.001311649874390586, 'lr': 0.03957470909044419, 'weight_decay': 0.0008709118215542928}. Best is trial 0 with value: 0.8845388697405338.
/work/dlclarge2/alidemaa-dl_lab/automl/automl-exam-ss25-tabular-freiburg-template/automl-tabular-env/lib/python3.10/site-packages/pytorch_tabnet/callbacks.py:172: UserWarning: Best weights from best epoch are automatically used!
  warnings.warn(wrn_msg)
[I 2025-08-03 08:52:54,696] Trial 2 finished with value: 0.821695752731297 and parameters: {'n_d': 49, 'n_a': 61, 'n_steps': 5, 'gamma': 1.697216255761425, 'lambda_sparse': 0.0029305744527816373, 'lr': 0.0003549801848854165, 'weight_decay': 1.573108238155313e-06}. Best is trial 0 with value: 0.8845388697405338.
/work/dlclarge2/alidemaa-dl_lab/automl/automl-exam-ss25-tabular-freiburg-template/automl-tabular-env/lib/python3.10/site-packages/pytorch_tabnet/callbacks.py:172: UserWarning: Best weights from best epoch are automatically used!
  warnings.warn(wrn_msg)
[I 2025-08-03 08:53:59,802] Trial 3 finished with value: 0.7091171344447259 and parameters: {'n_d': 23, 'n_a': 19, 'n_steps': 5, 'gamma': 1.331541113025036, 'lambda_sparse': 1.188604624437803e-05, 'lr': 0.0001729817519107217, 'weight_decay': 6.0543317974456965e-05}. Best is trial 0 with value: 0.8845388697405338.
/work/dlclarge2/alidemaa-dl_lab/automl/automl-exam-ss25-tabular-freiburg-template/automl-tabular-env/lib/python3.10/site-packages/pytorch_tabnet/callbacks.py:172: UserWarning: Best weights from best epoch are automatically used!
  warnings.warn(wrn_msg)
[I 2025-08-03 08:55:50,882] Trial 4 finished with value: 0.8757267780546929 and parameters: {'n_d': 21, 'n_a': 20, 'n_steps': 10, 'gamma': 1.2218037721344, 'lambda_sparse': 0.0006860406783514651, 'lr': 0.003250192134775437, 'weight_decay': 0.00028093408099542173}. Best is trial 0 with value: 0.8845388697405338.
/work/dlclarge2/alidemaa-dl_lab/automl/automl-exam-ss25-tabular-freiburg-template/automl-tabular-env/lib/python3.10/site-packages/pytorch_tabnet/callbacks.py:172: UserWarning: Best weights from best epoch are automatically used!
  warnings.warn(wrn_msg)
[I 2025-08-03 08:56:55,950] Trial 5 finished with value: 0.8736565201005186 and parameters: {'n_d': 8, 'n_a': 56, 'n_steps': 5, 'gamma': 1.6349075389333203, 'lambda_sparse': 0.005616835135697473, 'lr': 0.00853940435188277, 'weight_decay': 8.94068142764282e-06}. Best is trial 0 with value: 0.8845388697405338.
/work/dlclarge2/alidemaa-dl_lab/automl/automl-exam-ss25-tabular-freiburg-template/automl-tabular-env/lib/python3.10/site-packages/pytorch_tabnet/callbacks.py:172: UserWarning: Best weights from best epoch are automatically used!
  warnings.warn(wrn_msg)
[I 2025-08-03 08:58:01,854] Trial 6 finished with value: 0.751813591325508 and parameters: {'n_d': 25, 'n_a': 12, 'n_steps': 5, 'gamma': 1.4253676532280344, 'lambda_sparse': 0.0005007940811425479, 'lr': 0.0003670590634515244, 'weight_decay': 0.0006176115450907979}. Best is trial 0 with value: 0.8845388697405338.
/work/dlclarge2/alidemaa-dl_lab/automl/automl-exam-ss25-tabular-freiburg-template/automl-tabular-env/lib/python3.10/site-packages/pytorch_tabnet/callbacks.py:172: UserWarning: Best weights from best epoch are automatically used!
  warnings.warn(wrn_msg)
[I 2025-08-03 08:59:07,377] Trial 7 finished with value: 0.8631835687829883 and parameters: {'n_d': 33, 'n_a': 31, 'n_steps': 5, 'gamma': 1.695496973166986, 'lambda_sparse': 0.0002253355968451882, 'lr': 0.001569220843835998, 'weight_decay': 9.539622325346495e-06}. Best is trial 0 with value: 0.8845388697405338.
/work/dlclarge2/alidemaa-dl_lab/automl/automl-exam-ss25-tabular-freiburg-template/automl-tabular-env/lib/python3.10/site-packages/pytorch_tabnet/callbacks.py:172: UserWarning: Best weights from best epoch are automatically used!
  warnings.warn(wrn_msg)
[I 2025-08-03 09:01:01,067] Trial 8 finished with value: 0.8385448364973591 and parameters: {'n_d': 39, 'n_a': 11, 'n_steps': 10, 'gamma': 1.2683755895946267, 'lambda_sparse': 0.0018210027595806626, 'lr': 0.005941270974966975, 'weight_decay': 1.3731582122260744e-06}. Best is trial 0 with value: 0.8845388697405338.
/work/dlclarge2/alidemaa-dl_lab/automl/automl-exam-ss25-tabular-freiburg-template/automl-tabular-env/lib/python3.10/site-packages/pytorch_tabnet/callbacks.py:172: UserWarning: Best weights from best epoch are automatically used!
  warnings.warn(wrn_msg)
[I 2025-08-03 09:01:57,176] Trial 9 finished with value: 0.8915736436920648 and parameters: {'n_d': 48, 'n_a': 25, 'n_steps': 4, 'gamma': 1.3077098720028706, 'lambda_sparse': 6.041202378233446e-05, 'lr': 0.00620644005503677, 'weight_decay': 9.285212998129657e-06}. Best is trial 9 with value: 0.8915736436920648.
/work/dlclarge2/alidemaa-dl_lab/automl/automl-exam-ss25-tabular-freiburg-template/automl-tabular-env/lib/python3.10/site-packages/pytorch_tabnet/callbacks.py:172: UserWarning: Best weights from best epoch are automatically used!
  warnings.warn(wrn_msg)
[I 2025-08-03 09:02:11,228] Trial 10 finished with value: 0.35542449204768733 and parameters: {'n_d': 64, 'n_a': 44, 'n_steps': 3, 'gamma': 1.0200992556192092, 'lambda_sparse': 5.754611509202972e-05, 'lr': 0.09911654780934909, 'weight_decay': 2.6799303929693677e-05}. Best is trial 9 with value: 0.8915736436920648.
/work/dlclarge2/alidemaa-dl_lab/automl/automl-exam-ss25-tabular-freiburg-template/automl-tabular-env/lib/python3.10/site-packages/pytorch_tabnet/callbacks.py:172: UserWarning: Best weights from best epoch are automatically used!
  warnings.warn(wrn_msg)
[I 2025-08-03 09:03:45,689] Trial 11 finished with value: 0.8750229007342178 and parameters: {'n_d': 52, 'n_a': 30, 'n_steps': 8, 'gamma': 1.1057390157940439, 'lambda_sparse': 8.949788472671223e-05, 'lr': 0.0011982669301389447, 'weight_decay': 0.00010152081597885205}. Best is trial 9 with value: 0.8915736436920648.
/work/dlclarge2/alidemaa-dl_lab/automl/automl-exam-ss25-tabular-freiburg-template/automl-tabular-env/lib/python3.10/site-packages/pytorch_tabnet/callbacks.py:172: UserWarning: Best weights from best epoch are automatically used!
  warnings.warn(wrn_msg)
[I 2025-08-03 09:05:09,575] Trial 12 finished with value: 0.896306382024518 and parameters: {'n_d': 45, 'n_a': 26, 'n_steps': 7, 'gamma': 1.1543519839086391, 'lambda_sparse': 1.6476969688730374e-05, 'lr': 0.020562777839157716, 'weight_decay': 7.712768398746719e-06}. Best is trial 12 with value: 0.896306382024518.
/work/dlclarge2/alidemaa-dl_lab/automl/automl-exam-ss25-tabular-freiburg-template/automl-tabular-env/lib/python3.10/site-packages/pytorch_tabnet/callbacks.py:172: UserWarning: Best weights from best epoch are automatically used!
  warnings.warn(wrn_msg)
[I 2025-08-03 09:06:33,709] Trial 13 finished with value: 0.8847764658547053 and parameters: {'n_d': 47, 'n_a': 36, 'n_steps': 7, 'gamma': 1.499549227840976, 'lambda_sparse': 1.5066272491404804e-05, 'lr': 0.016786261201722417, 'weight_decay': 5.401923664992254e-06}. Best is trial 12 with value: 0.896306382024518.
/work/dlclarge2/alidemaa-dl_lab/automl/automl-exam-ss25-tabular-freiburg-template/automl-tabular-env/lib/python3.10/site-packages/pytorch_tabnet/callbacks.py:172: UserWarning: Best weights from best epoch are automatically used!
  warnings.warn(wrn_msg)
[I 2025-08-03 09:07:20,273] Trial 14 finished with value: 0.9030117319164005 and parameters: {'n_d': 63, 'n_a': 25, 'n_steps': 3, 'gamma': 1.3543580975062726, 'lambda_sparse': 3.5504055445698316e-05, 'lr': 0.02223421131088081, 'weight_decay': 3.824422709160912e-06}. Best is trial 14 with value: 0.9030117319164005.
/work/dlclarge2/alidemaa-dl_lab/automl/automl-exam-ss25-tabular-freiburg-template/automl-tabular-env/lib/python3.10/site-packages/pytorch_tabnet/callbacks.py:172: UserWarning: Best weights from best epoch are automatically used!
  warnings.warn(wrn_msg)
[I 2025-08-03 09:08:54,691] Trial 15 finished with value: 0.9045902561741828 and parameters: {'n_d': 64, 'n_a': 43, 'n_steps': 8, 'gamma': 1.1691127694836725, 'lambda_sparse': 2.0572196397232518e-05, 'lr': 0.031095976459017665, 'weight_decay': 3.4065084107950375e-06}. Best is trial 15 with value: 0.9045902561741828.
/work/dlclarge2/alidemaa-dl_lab/automl/automl-exam-ss25-tabular-freiburg-template/automl-tabular-env/lib/python3.10/site-packages/pytorch_tabnet/callbacks.py:172: UserWarning: Best weights from best epoch are automatically used!
  warnings.warn(wrn_msg)
[I 2025-08-03 09:10:29,189] Trial 16 finished with value: 0.8791999528908454 and parameters: {'n_d': 64, 'n_a': 46, 'n_steps': 8, 'gamma': 1.4086293680245694, 'lambda_sparse': 3.261114580248214e-05, 'lr': 0.09613892989593928, 'weight_decay': 2.523269958167352e-06}. Best is trial 15 with value: 0.9045902561741828.
/work/dlclarge2/alidemaa-dl_lab/automl/automl-exam-ss25-tabular-freiburg-template/automl-tabular-env/lib/python3.10/site-packages/pytorch_tabnet/callbacks.py:172: UserWarning: Best weights from best epoch are automatically used!
  warnings.warn(wrn_msg)
[I 2025-08-03 09:11:15,493] Trial 17 finished with value: 0.8993228911246032 and parameters: {'n_d': 57, 'n_a': 45, 'n_steps': 3, 'gamma': 1.0075444849785664, 'lambda_sparse': 0.0001431187225594422, 'lr': 0.033063717132422274, 'weight_decay': 3.241410916981243e-06}. Best is trial 15 with value: 0.9045902561741828.
/work/dlclarge2/alidemaa-dl_lab/automl/automl-exam-ss25-tabular-freiburg-template/automl-tabular-env/lib/python3.10/site-packages/pytorch_tabnet/callbacks.py:172: UserWarning: Best weights from best epoch are automatically used!
  warnings.warn(wrn_msg)
[I 2025-08-03 09:11:47,128] Trial 18 finished with value: -0.42967178246090443 and parameters: {'n_d': 57, 'n_a': 52, 'n_steps': 6, 'gamma': 1.5685342140464549, 'lambda_sparse': 3.2760661199038376e-05, 'lr': 0.04012274175024814, 'weight_decay': 1.9503488340353784e-05}. Best is trial 15 with value: 0.9045902561741828.
/work/dlclarge2/alidemaa-dl_lab/automl/automl-exam-ss25-tabular-freiburg-template/automl-tabular-env/lib/python3.10/site-packages/pytorch_tabnet/callbacks.py:172: UserWarning: Best weights from best epoch are automatically used!
  warnings.warn(wrn_msg)
[I 2025-08-03 09:13:21,463] Trial 19 finished with value: 0.8629397798233309 and parameters: {'n_d': 57, 'n_a': 39, 'n_steps': 8, 'gamma': 1.8370434805608966, 'lambda_sparse': 3.5596178710042305e-05, 'lr': 0.012235353404337687, 'weight_decay': 3.4465436939141505e-06}. Best is trial 15 with value: 0.9045902561741828.
/work/dlclarge2/alidemaa-dl_lab/automl/automl-exam-ss25-tabular-freiburg-template/automl-tabular-env/lib/python3.10/site-packages/pytorch_tabnet/callbacks.py:172: UserWarning: Best weights from best epoch are automatically used!
  warnings.warn(wrn_msg)
[I 2025-08-03 09:15:47,787] A new study created in memory with name: no-name-fb97dd95-2684-4bf5-8509-39d8ec812e15
/work/dlclarge2/alidemaa-dl_lab/automl/automl-exam-ss25-tabular-freiburg-template/automl-tabular-env/lib/python3.10/site-packages/pytorch_tabnet/callbacks.py:172: UserWarning: Best weights from best epoch are automatically used!
  warnings.warn(wrn_msg)
[I 2025-08-03 09:17:40,420] Trial 0 finished with value: 0.881976700181852 and parameters: {'n_d': 12, 'n_a': 18, 'n_steps': 10, 'gamma': 1.7588158680475077, 'lambda_sparse': 2.1052842926172168e-05, 'lr': 0.011928058295672998, 'weight_decay': 4.8650980721321515e-06}. Best is trial 0 with value: 0.881976700181852.
/work/dlclarge2/alidemaa-dl_lab/automl/automl-exam-ss25-tabular-freiburg-template/automl-tabular-env/lib/python3.10/site-packages/pytorch_tabnet/callbacks.py:172: UserWarning: Best weights from best epoch are automatically used!
  warnings.warn(wrn_msg)
[I 2025-08-03 09:18:03,234] Trial 1 finished with value: 0.5582416714619238 and parameters: {'n_d': 39, 'n_a': 16, 'n_steps': 5, 'gamma': 1.125276503579188, 'lambda_sparse': 0.00015729218649351175, 'lr': 0.06415738986281468, 'weight_decay': 8.175411511283356e-05}. Best is trial 0 with value: 0.881976700181852.
/work/dlclarge2/alidemaa-dl_lab/automl/automl-exam-ss25-tabular-freiburg-template/automl-tabular-env/lib/python3.10/site-packages/pytorch_tabnet/callbacks.py:172: UserWarning: Best weights from best epoch are automatically used!
  warnings.warn(wrn_msg)
[I 2025-08-03 09:18:59,293] Trial 2 finished with value: 0.8935872073677554 and parameters: {'n_d': 37, 'n_a': 47, 'n_steps': 4, 'gamma': 1.3810390737331306, 'lambda_sparse': 0.00027253006784894195, 'lr': 0.07210280094153498, 'weight_decay': 0.0004521957039553363}. Best is trial 2 with value: 0.8935872073677554.
/work/dlclarge2/alidemaa-dl_lab/automl/automl-exam-ss25-tabular-freiburg-template/automl-tabular-env/lib/python3.10/site-packages/pytorch_tabnet/callbacks.py:172: UserWarning: Best weights from best epoch are automatically used!
  warnings.warn(wrn_msg)
[I 2025-08-03 09:20:04,693] Trial 3 finished with value: 0.9008172564944588 and parameters: {'n_d': 47, 'n_a': 22, 'n_steps': 5, 'gamma': 1.1760670610252313, 'lambda_sparse': 9.845496643441853e-05, 'lr': 0.0014285133391876911, 'weight_decay': 1.4154450859631456e-05}. Best is trial 3 with value: 0.9008172564944588.
/work/dlclarge2/alidemaa-dl_lab/automl/automl-exam-ss25-tabular-freiburg-template/automl-tabular-env/lib/python3.10/site-packages/pytorch_tabnet/callbacks.py:172: UserWarning: Best weights from best epoch are automatically used!
  warnings.warn(wrn_msg)
[I 2025-08-03 09:20:45,178] Trial 4 finished with value: 0.7818953853321701 and parameters: {'n_d': 45, 'n_a': 57, 'n_steps': 9, 'gamma': 1.7931092633229926, 'lambda_sparse': 0.000926979421105954, 'lr': 0.0801566646104809, 'weight_decay': 0.0003046523812122265}. Best is trial 3 with value: 0.9008172564944588.
/work/dlclarge2/alidemaa-dl_lab/automl/automl-exam-ss25-tabular-freiburg-template/automl-tabular-env/lib/python3.10/site-packages/pytorch_tabnet/callbacks.py:172: UserWarning: Best weights from best epoch are automatically used!
  warnings.warn(wrn_msg)
[I 2025-08-03 09:22:37,974] Trial 5 finished with value: 0.900947272502546 and parameters: {'n_d': 20, 'n_a': 60, 'n_steps': 10, 'gamma': 1.4054855958806902, 'lambda_sparse': 0.004850258755995853, 'lr': 0.019642235545721615, 'weight_decay': 5.332636965174875e-05}. Best is trial 5 with value: 0.900947272502546.
/work/dlclarge2/alidemaa-dl_lab/automl/automl-exam-ss25-tabular-freiburg-template/automl-tabular-env/lib/python3.10/site-packages/pytorch_tabnet/callbacks.py:172: UserWarning: Best weights from best epoch are automatically used!
  warnings.warn(wrn_msg)
[I 2025-08-03 09:24:11,621] Trial 6 finished with value: 0.9193126592848105 and parameters: {'n_d': 63, 'n_a': 64, 'n_steps': 8, 'gamma': 1.6044182121288002, 'lambda_sparse': 0.004599173679737728, 'lr': 0.032829958244650105, 'weight_decay': 4.7718397619897924e-05}. Best is trial 6 with value: 0.9193126592848105.
/work/dlclarge2/alidemaa-dl_lab/automl/automl-exam-ss25-tabular-freiburg-template/automl-tabular-env/lib/python3.10/site-packages/pytorch_tabnet/callbacks.py:172: UserWarning: Best weights from best epoch are automatically used!
  warnings.warn(wrn_msg)
