[I 2025-08-04 10:36:56,910] Trial 18 finished with value: 0.02042905471182599 and parameters: {'n_d': 8, 'n_a': 44, 'n_steps': 5, 'gamma': 1.180951721011683, 'lambda_sparse': 0.0003168246795898841, 'lr': 0.04343138620530711, 'weight_decay': 0.00044702438117396996}. Best is trial 13 with value: 0.06150573533972559.
/work/dlclarge2/alidemaa-dl_lab/automl/automl-exam-ss25-tabular-freiburg-template/automl-tabular-env/lib/python3.10/site-packages/pytorch_tabnet/callbacks.py:172: UserWarning: Best weights from best epoch are automatically used!
  warnings.warn(wrn_msg)
[I 2025-08-04 10:37:29,099] Trial 19 finished with value: 0.03897591752561813 and parameters: {'n_d': 39, 'n_a': 56, 'n_steps': 6, 'gamma': 1.60359489028448, 'lambda_sparse': 4.475822859166832e-05, 'lr': 0.020433680563002047, 'weight_decay': 0.0005654981177774435}. Best is trial 13 with value: 0.06150573533972559.
/work/dlclarge2/alidemaa-dl_lab/automl/automl-exam-ss25-tabular-freiburg-template/automl-tabular-env/lib/python3.10/site-packages/pytorch_tabnet/callbacks.py:172: UserWarning: Best weights from best epoch are automatically used!
  warnings.warn(wrn_msg)
[I 2025-08-04 10:37:55,527] A new study created in memory with name: no-name-1fc977bd-374d-4828-80e7-f82400eb81b4
/work/dlclarge2/alidemaa-dl_lab/automl/automl-exam-ss25-tabular-freiburg-template/automl-tabular-env/lib/python3.10/site-packages/pytorch_tabnet/callbacks.py:172: UserWarning: Best weights from best epoch are automatically used!
  warnings.warn(wrn_msg)
[I 2025-08-04 10:38:53,494] Trial 0 finished with value: 0.05033993970924 and parameters: {'n_d': 64, 'n_a': 31, 'n_steps': 9, 'gamma': 1.4832480927937808, 'lambda_sparse': 4.849440381782067e-05, 'lr': 0.07137373349272509, 'weight_decay': 0.00012740338733703742}. Best is trial 0 with value: 0.05033993970924.
/work/dlclarge2/alidemaa-dl_lab/automl/automl-exam-ss25-tabular-freiburg-template/automl-tabular-env/lib/python3.10/site-packages/pytorch_tabnet/callbacks.py:172: UserWarning: Best weights from best epoch are automatically used!
  warnings.warn(wrn_msg)
[I 2025-08-04 10:40:07,696] Trial 1 finished with value: 0.029944569434434354 and parameters: {'n_d': 10, 'n_a': 27, 'n_steps': 9, 'gamma': 1.8747771757945968, 'lambda_sparse': 0.0001385756458106741, 'lr': 0.04304539881116697, 'weight_decay': 8.779147191767815e-05}. Best is trial 0 with value: 0.05033993970924.
/work/dlclarge2/alidemaa-dl_lab/automl/automl-exam-ss25-tabular-freiburg-template/automl-tabular-env/lib/python3.10/site-packages/pytorch_tabnet/callbacks.py:172: UserWarning: Best weights from best epoch are automatically used!
  warnings.warn(wrn_msg)
[I 2025-08-04 10:40:31,325] Trial 2 finished with value: -0.007400100074174576 and parameters: {'n_d': 37, 'n_a': 22, 'n_steps': 8, 'gamma': 1.2712772706882838, 'lambda_sparse': 0.000855471587991232, 'lr': 0.00010466243643774709, 'weight_decay': 4.105960738369484e-06}. Best is trial 0 with value: 0.05033993970924.
/work/dlclarge2/alidemaa-dl_lab/automl/automl-exam-ss25-tabular-freiburg-template/automl-tabular-env/lib/python3.10/site-packages/pytorch_tabnet/callbacks.py:172: UserWarning: Best weights from best epoch are automatically used!
  warnings.warn(wrn_msg)
[I 2025-08-04 10:40:42,464] Trial 3 finished with value: 0.0015461492675975519 and parameters: {'n_d': 53, 'n_a': 29, 'n_steps': 4, 'gamma': 1.6754464417503252, 'lambda_sparse': 0.0012571655447852854, 'lr': 0.0001460587580861399, 'weight_decay': 0.00018942042331922295}. Best is trial 0 with value: 0.05033993970924.
/work/dlclarge2/alidemaa-dl_lab/automl/automl-exam-ss25-tabular-freiburg-template/automl-tabular-env/lib/python3.10/site-packages/pytorch_tabnet/callbacks.py:172: UserWarning: Best weights from best epoch are automatically used!
  warnings.warn(wrn_msg)
[I 2025-08-04 10:40:58,408] Trial 4 finished with value: -0.0003073717551747013 and parameters: {'n_d': 30, 'n_a': 38, 'n_steps': 5, 'gamma': 1.4851248217750521, 'lambda_sparse': 5.5573268867094765e-05, 'lr': 0.0002275484003394031, 'weight_decay': 0.0007615583070234141}. Best is trial 0 with value: 0.05033993970924.
/work/dlclarge2/alidemaa-dl_lab/automl/automl-exam-ss25-tabular-freiburg-template/automl-tabular-env/lib/python3.10/site-packages/pytorch_tabnet/callbacks.py:172: UserWarning: Best weights from best epoch are automatically used!
  warnings.warn(wrn_msg)
[I 2025-08-04 10:42:05,953] Trial 5 finished with value: 0.05870831836710744 and parameters: {'n_d': 12, 'n_a': 59, 'n_steps': 8, 'gamma': 1.921115119222693, 'lambda_sparse': 0.004612878069608179, 'lr': 0.04511141756515824, 'weight_decay': 0.00021641484112579413}. Best is trial 5 with value: 0.05870831836710744.
/work/dlclarge2/alidemaa-dl_lab/automl/automl-exam-ss25-tabular-freiburg-template/automl-tabular-env/lib/python3.10/site-packages/pytorch_tabnet/callbacks.py:172: UserWarning: Best weights from best epoch are automatically used!
  warnings.warn(wrn_msg)
[I 2025-08-04 10:42:40,691] Trial 6 finished with value: 0.04884525189505917 and parameters: {'n_d': 18, 'n_a': 54, 'n_steps': 4, 'gamma': 1.4157183120364776, 'lambda_sparse': 0.0006855173980166928, 'lr': 0.030730674336921983, 'weight_decay': 0.00053820668588825}. Best is trial 5 with value: 0.05870831836710744.
/work/dlclarge2/alidemaa-dl_lab/automl/automl-exam-ss25-tabular-freiburg-template/automl-tabular-env/lib/python3.10/site-packages/pytorch_tabnet/callbacks.py:172: UserWarning: Best weights from best epoch are automatically used!
  warnings.warn(wrn_msg)
[I 2025-08-04 10:42:58,530] Trial 7 finished with value: -0.017488299960678466 and parameters: {'n_d': 20, 'n_a': 50, 'n_steps': 9, 'gamma': 1.6717760532913566, 'lambda_sparse': 8.516441035128355e-05, 'lr': 0.0001979471178298259, 'weight_decay': 1.1272243783958462e-05}. Best is trial 5 with value: 0.05870831836710744.
/work/dlclarge2/alidemaa-dl_lab/automl/automl-exam-ss25-tabular-freiburg-template/automl-tabular-env/lib/python3.10/site-packages/pytorch_tabnet/callbacks.py:172: UserWarning: Best weights from best epoch are automatically used!
  warnings.warn(wrn_msg)
[I 2025-08-04 10:43:42,796] Trial 8 finished with value: 0.06317475182025811 and parameters: {'n_d': 48, 'n_a': 31, 'n_steps': 5, 'gamma': 1.6852301759847432, 'lambda_sparse': 0.00413385037884906, 'lr': 0.025160041947110048, 'weight_decay': 0.00033012944043447033}. Best is trial 8 with value: 0.06317475182025811.
/work/dlclarge2/alidemaa-dl_lab/automl/automl-exam-ss25-tabular-freiburg-template/automl-tabular-env/lib/python3.10/site-packages/pytorch_tabnet/callbacks.py:172: UserWarning: Best weights from best epoch are automatically used!
  warnings.warn(wrn_msg)
[I 2025-08-04 10:43:58,551] Trial 9 finished with value: 0.006574843953522813 and parameters: {'n_d': 52, 'n_a': 42, 'n_steps': 9, 'gamma': 1.889875753002606, 'lambda_sparse': 0.004299664665784603, 'lr': 0.0003652555679357865, 'weight_decay': 0.00031545836043113076}. Best is trial 8 with value: 0.06317475182025811.
/work/dlclarge2/alidemaa-dl_lab/automl/automl-exam-ss25-tabular-freiburg-template/automl-tabular-env/lib/python3.10/site-packages/pytorch_tabnet/callbacks.py:172: UserWarning: Best weights from best epoch are automatically used!
  warnings.warn(wrn_msg)
[I 2025-08-04 10:44:40,858] Trial 10 finished with value: 0.034960477549107805 and parameters: {'n_d': 41, 'n_a': 14, 'n_steps': 6, 'gamma': 1.047680457515499, 'lambda_sparse': 0.008918366556770089, 'lr': 0.006991929871502795, 'weight_decay': 3.113668658264839e-05}. Best is trial 8 with value: 0.06317475182025811.
/work/dlclarge2/alidemaa-dl_lab/automl/automl-exam-ss25-tabular-freiburg-template/automl-tabular-env/lib/python3.10/site-packages/pytorch_tabnet/callbacks.py:172: UserWarning: Best weights from best epoch are automatically used!
  warnings.warn(wrn_msg)
[I 2025-08-04 10:45:36,162] Trial 11 finished with value: 0.034216154378812424 and parameters: {'n_d': 47, 'n_a': 64, 'n_steps': 7, 'gamma': 1.9968266380481279, 'lambda_sparse': 1.053527374038282e-05, 'lr': 0.01043946353300591, 'weight_decay': 5.7998654048805725e-05}. Best is trial 8 with value: 0.06317475182025811.
/work/dlclarge2/alidemaa-dl_lab/automl/automl-exam-ss25-tabular-freiburg-template/automl-tabular-env/lib/python3.10/site-packages/pytorch_tabnet/callbacks.py:172: UserWarning: Best weights from best epoch are automatically used!
  warnings.warn(wrn_msg)
[I 2025-08-04 10:45:47,260] Trial 12 finished with value: -0.004220523515257701 and parameters: {'n_d': 27, 'n_a': 64, 'n_steps': 6, 'gamma': 1.7103148584201993, 'lambda_sparse': 0.0026460956639045453, 'lr': 0.0011582288966671954, 'weight_decay': 1.090759257279707e-06}. Best is trial 8 with value: 0.06317475182025811.
/work/dlclarge2/alidemaa-dl_lab/automl/automl-exam-ss25-tabular-freiburg-template/automl-tabular-env/lib/python3.10/site-packages/pytorch_tabnet/callbacks.py:172: UserWarning: Best weights from best epoch are automatically used!
  warnings.warn(wrn_msg)
[I 2025-08-04 10:46:11,810] Trial 13 finished with value: 0.03608124716123018 and parameters: {'n_d': 63, 'n_a': 8, 'n_steps': 3, 'gamma': 1.7884754037847919, 'lambda_sparse': 0.009830434506432536, 'lr': 0.014944765936816666, 'weight_decay': 0.0002887942356277757}. Best is trial 8 with value: 0.06317475182025811.
/work/dlclarge2/alidemaa-dl_lab/automl/automl-exam-ss25-tabular-freiburg-template/automl-tabular-env/lib/python3.10/site-packages/pytorch_tabnet/callbacks.py:172: UserWarning: Best weights from best epoch are automatically used!
  warnings.warn(wrn_msg)
[I 2025-08-04 10:47:07,112] Trial 14 finished with value: 0.030368514335663566 and parameters: {'n_d': 10, 'n_a': 45, 'n_steps': 7, 'gamma': 1.627965118619687, 'lambda_sparse': 0.002575209493502583, 'lr': 0.003096187702579195, 'weight_decay': 3.328990947843193e-05}. Best is trial 8 with value: 0.06317475182025811.
/work/dlclarge2/alidemaa-dl_lab/automl/automl-exam-ss25-tabular-freiburg-template/automl-tabular-env/lib/python3.10/site-packages/pytorch_tabnet/callbacks.py:172: UserWarning: Best weights from best epoch are automatically used!
  warnings.warn(wrn_msg)
[I 2025-08-04 10:48:10,461] Trial 15 finished with value: 0.02694094483658549 and parameters: {'n_d': 44, 'n_a': 56, 'n_steps': 10, 'gamma': 1.9228595191354947, 'lambda_sparse': 0.00036097323676827805, 'lr': 0.09188788371389567, 'weight_decay': 0.0008539401162284173}. Best is trial 8 with value: 0.06317475182025811.
/work/dlclarge2/alidemaa-dl_lab/automl/automl-exam-ss25-tabular-freiburg-template/automl-tabular-env/lib/python3.10/site-packages/pytorch_tabnet/callbacks.py:172: UserWarning: Best weights from best epoch are automatically used!
  warnings.warn(wrn_msg)
[I 2025-08-04 10:48:58,368] Trial 16 finished with value: 0.036715255089444065 and parameters: {'n_d': 30, 'n_a': 20, 'n_steps': 5, 'gamma': 1.7835801827719455, 'lambda_sparse': 0.004009976633027136, 'lr': 0.003021640555491306, 'weight_decay': 0.0003122371637841022}. Best is trial 8 with value: 0.06317475182025811.
/work/dlclarge2/alidemaa-dl_lab/automl/automl-exam-ss25-tabular-freiburg-template/automl-tabular-env/lib/python3.10/site-packages/pytorch_tabnet/callbacks.py:172: UserWarning: Best weights from best epoch are automatically used!
  warnings.warn(wrn_msg)
[I 2025-08-04 10:50:05,863] Trial 17 finished with value: 0.05306873559530367 and parameters: {'n_d': 55, 'n_a': 36, 'n_steps': 8, 'gamma': 1.5846777198074866, 'lambda_sparse': 0.0013096108154382095, 'lr': 0.025982649019876392, 'weight_decay': 4.5090463273893006e-05}. Best is trial 8 with value: 0.06317475182025811.
/work/dlclarge2/alidemaa-dl_lab/automl/automl-exam-ss25-tabular-freiburg-template/automl-tabular-env/lib/python3.10/site-packages/pytorch_tabnet/callbacks.py:172: UserWarning: Best weights from best epoch are automatically used!
  warnings.warn(wrn_msg)
[I 2025-08-04 10:50:50,406] Trial 18 finished with value: 0.044286658333541395 and parameters: {'n_d': 19, 'n_a': 47, 'n_steps': 5, 'gamma': 1.3424464882352396, 'lambda_sparse': 0.00045137801567450895, 'lr': 0.0058938056040763135, 'weight_decay': 1.8981460827645046e-05}. Best is trial 8 with value: 0.06317475182025811.
/work/dlclarge2/alidemaa-dl_lab/automl/automl-exam-ss25-tabular-freiburg-template/automl-tabular-env/lib/python3.10/site-packages/pytorch_tabnet/callbacks.py:172: UserWarning: Best weights from best epoch are automatically used!
  warnings.warn(wrn_msg)
[I 2025-08-04 10:51:18,642] Trial 19 finished with value: 0.04633837574355004 and parameters: {'n_d': 37, 'n_a': 37, 'n_steps': 3, 'gamma': 1.1880603733940955, 'lambda_sparse': 0.004352309749033565, 'lr': 0.018536671732502816, 'weight_decay': 0.00012275276944529465}. Best is trial 8 with value: 0.06317475182025811.
/work/dlclarge2/alidemaa-dl_lab/automl/automl-exam-ss25-tabular-freiburg-template/automl-tabular-env/lib/python3.10/site-packages/pytorch_tabnet/callbacks.py:172: UserWarning: Best weights from best epoch are automatically used!
  warnings.warn(wrn_msg)
2025-08-04 10:52:10 [INFO] TabNet →      /work/dlclarge2/alidemaa-dl_lab/automl/automl-exam-ss25-tabular-freiburg-template/modelsFinal-YProp/tabnet (mean R²=0.0962)
2025-08-04 10:52:10 [INFO] Ensemble weights: TabPFN=0.299, Tree=0.388, TabNet=0.313
2025-08-04 10:52:10 [INFO] Loading individual models into memory...
/work/dlclarge2/alidemaa-dl_lab/automl/automl-exam-ss25-tabular-freiburg-template/automl-tabular-env/lib/python3.10/site-packages/pytorch_tabnet/abstract_model.py:82: UserWarning: Device used : cuda
  warnings.warn(f"Device used : {self.device}")
2025-08-04 10:52:16 [INFO] Saved weighted ensemble to /work/dlclarge2/alidemaa-dl_lab/automl/automl-exam-ss25-tabular-freiburg-template/modelsFinal-YProp/final_model.pkl
