[I 2025-08-05 01:21:26,771] Trial 18 finished with value: 0.892302299755979 and parameters: {'n_d': 32, 'n_a': 39, 'n_steps': 8, 'gamma': 1.5260229665069651, 'lambda_sparse': 0.0006970943438704189, 'lr': 0.008860484131069046, 'weight_decay': 0.0003384474938640664}. Best is trial 11 with value: 0.9303102187289346.
/work/dlclarge2/alidemaa-dl_lab/automl/automl-exam-ss25-tabular-freiburg-template/automl-tabular-env/lib/python3.10/site-packages/pytorch_tabnet/callbacks.py:172: UserWarning: Best weights from best epoch are automatically used!
  warnings.warn(wrn_msg)
[I 2025-08-05 01:23:15,026] Trial 19 finished with value: 0.9206026429621663 and parameters: {'n_d': 19, 'n_a': 14, 'n_steps': 8, 'gamma': 1.1424219564413418, 'lambda_sparse': 0.0001927098409414978, 'lr': 0.0339705563504061, 'weight_decay': 5.10554558900444e-06}. Best is trial 11 with value: 0.9303102187289346.
/work/dlclarge2/alidemaa-dl_lab/automl/automl-exam-ss25-tabular-freiburg-template/automl-tabular-env/lib/python3.10/site-packages/pytorch_tabnet/callbacks.py:172: UserWarning: Best weights from best epoch are automatically used!
  warnings.warn(wrn_msg)
[I 2025-08-05 01:25:48,264] A new study created in memory with name: no-name-098a70bd-c9e9-47e3-849a-7db99c5b0b59
/work/dlclarge2/alidemaa-dl_lab/automl/automl-exam-ss25-tabular-freiburg-template/automl-tabular-env/lib/python3.10/site-packages/pytorch_tabnet/callbacks.py:172: UserWarning: Best weights from best epoch are automatically used!
  warnings.warn(wrn_msg)
[I 2025-08-05 01:27:29,294] Trial 0 finished with value: 0.9176723613722028 and parameters: {'n_d': 52, 'n_a': 52, 'n_steps': 7, 'gamma': 1.1318924272862965, 'lambda_sparse': 5.911457821414611e-05, 'lr': 0.07198301391243468, 'weight_decay': 3.3923286363029835e-06}. Best is trial 0 with value: 0.9176723613722028.
/work/dlclarge2/alidemaa-dl_lab/automl/automl-exam-ss25-tabular-freiburg-template/automl-tabular-env/lib/python3.10/site-packages/pytorch_tabnet/callbacks.py:172: UserWarning: Best weights from best epoch are automatically used!
  warnings.warn(wrn_msg)
[I 2025-08-05 01:28:37,359] Trial 1 finished with value: 0.8957803201470338 and parameters: {'n_d': 39, 'n_a': 25, 'n_steps': 3, 'gamma': 1.4279635399648698, 'lambda_sparse': 4.947101077794035e-05, 'lr': 0.0007693435593815522, 'weight_decay': 2.286216218334639e-06}. Best is trial 0 with value: 0.9176723613722028.
/work/dlclarge2/alidemaa-dl_lab/automl/automl-exam-ss25-tabular-freiburg-template/automl-tabular-env/lib/python3.10/site-packages/pytorch_tabnet/callbacks.py:172: UserWarning: Best weights from best epoch are automatically used!
  warnings.warn(wrn_msg)
[I 2025-08-05 01:30:40,232] Trial 2 finished with value: 0.4502455064268519 and parameters: {'n_d': 24, 'n_a': 16, 'n_steps': 9, 'gamma': 1.8411991573455064, 'lambda_sparse': 9.315485443054174e-05, 'lr': 0.00040063007339595296, 'weight_decay': 0.00017151300004590372}. Best is trial 0 with value: 0.9176723613722028.
/work/dlclarge2/alidemaa-dl_lab/automl/automl-exam-ss25-tabular-freiburg-template/automl-tabular-env/lib/python3.10/site-packages/pytorch_tabnet/callbacks.py:172: UserWarning: Best weights from best epoch are automatically used!
  warnings.warn(wrn_msg)
[I 2025-08-05 01:32:00,851] Trial 3 finished with value: 0.9204013988081426 and parameters: {'n_d': 59, 'n_a': 11, 'n_steps': 5, 'gamma': 1.8122371963189847, 'lambda_sparse': 5.090040874362857e-05, 'lr': 0.0313100531725142, 'weight_decay': 0.00028155935067572996}. Best is trial 3 with value: 0.9204013988081426.
/work/dlclarge2/alidemaa-dl_lab/automl/automl-exam-ss25-tabular-freiburg-template/automl-tabular-env/lib/python3.10/site-packages/pytorch_tabnet/callbacks.py:172: UserWarning: Best weights from best epoch are automatically used!
  warnings.warn(wrn_msg)
[I 2025-08-05 01:33:31,399] Trial 4 finished with value: 0.8594378220150177 and parameters: {'n_d': 50, 'n_a': 30, 'n_steps': 6, 'gamma': 1.2831731898923906, 'lambda_sparse': 4.557334742357625e-05, 'lr': 0.0005101808575020564, 'weight_decay': 9.929789199507564e-05}. Best is trial 3 with value: 0.9204013988081426.
/work/dlclarge2/alidemaa-dl_lab/automl/automl-exam-ss25-tabular-freiburg-template/automl-tabular-env/lib/python3.10/site-packages/pytorch_tabnet/callbacks.py:172: UserWarning: Best weights from best epoch are automatically used!
  warnings.warn(wrn_msg)
[I 2025-08-05 01:35:11,549] Trial 5 finished with value: 0.8896505751102397 and parameters: {'n_d': 46, 'n_a': 15, 'n_steps': 7, 'gamma': 1.7860037905378938, 'lambda_sparse': 2.784911115177834e-05, 'lr': 0.04886765408503192, 'weight_decay': 6.082151826531856e-06}. Best is trial 3 with value: 0.9204013988081426.
/work/dlclarge2/alidemaa-dl_lab/automl/automl-exam-ss25-tabular-freiburg-template/automl-tabular-env/lib/python3.10/site-packages/pytorch_tabnet/callbacks.py:172: UserWarning: Best weights from best epoch are automatically used!
  warnings.warn(wrn_msg)
[I 2025-08-05 01:37:15,717] Trial 6 finished with value: 0.9036946606392221 and parameters: {'n_d': 17, 'n_a': 57, 'n_steps': 9, 'gamma': 1.7977571633734828, 'lambda_sparse': 0.0001020083252355957, 'lr': 0.013871506032395314, 'weight_decay': 0.00015869901941304636}. Best is trial 3 with value: 0.9204013988081426.
/work/dlclarge2/alidemaa-dl_lab/automl/automl-exam-ss25-tabular-freiburg-template/automl-tabular-env/lib/python3.10/site-packages/pytorch_tabnet/callbacks.py:172: UserWarning: Best weights from best epoch are automatically used!
  warnings.warn(wrn_msg)
[I 2025-08-05 01:38:45,525] Trial 7 finished with value: 0.9213329219882904 and parameters: {'n_d': 8, 'n_a': 48, 'n_steps': 6, 'gamma': 1.2698422745512934, 'lambda_sparse': 0.00033081065064522396, 'lr': 0.007349343419987441, 'weight_decay': 0.0003005530661625933}. Best is trial 7 with value: 0.9213329219882904.
/work/dlclarge2/alidemaa-dl_lab/automl/automl-exam-ss25-tabular-freiburg-template/automl-tabular-env/lib/python3.10/site-packages/pytorch_tabnet/callbacks.py:172: UserWarning: Best weights from best epoch are automatically used!
  warnings.warn(wrn_msg)
[I 2025-08-05 01:40:36,156] Trial 8 finished with value: 0.8972442393353683 and parameters: {'n_d': 39, 'n_a': 55, 'n_steps': 8, 'gamma': 1.5868166294864894, 'lambda_sparse': 1.391860996914809e-05, 'lr': 0.0027527958049797397, 'weight_decay': 0.0007074712054890064}. Best is trial 7 with value: 0.9213329219882904.
/work/dlclarge2/alidemaa-dl_lab/automl/automl-exam-ss25-tabular-freiburg-template/automl-tabular-env/lib/python3.10/site-packages/pytorch_tabnet/callbacks.py:172: UserWarning: Best weights from best epoch are automatically used!
  warnings.warn(wrn_msg)
[I 2025-08-05 01:41:56,346] Trial 9 finished with value: 0.8992677346055873 and parameters: {'n_d': 17, 'n_a': 10, 'n_steps': 5, 'gamma': 1.2665539180946275, 'lambda_sparse': 0.00033401807003799504, 'lr': 0.0020572949173788637, 'weight_decay': 2.845568806078142e-06}. Best is trial 7 with value: 0.9213329219882904.
/work/dlclarge2/alidemaa-dl_lab/automl/automl-exam-ss25-tabular-freiburg-template/automl-tabular-env/lib/python3.10/site-packages/pytorch_tabnet/callbacks.py:172: UserWarning: Best weights from best epoch are automatically used!
  warnings.warn(wrn_msg)
[I 2025-08-05 01:43:07,075] Trial 10 finished with value: 0.9283016261872349 and parameters: {'n_d': 10, 'n_a': 42, 'n_steps': 3, 'gamma': 1.0299988854302922, 'lambda_sparse': 0.003099297034562831, 'lr': 0.012830326818818596, 'weight_decay': 1.8818570689253983e-05}. Best is trial 10 with value: 0.9283016261872349.
/work/dlclarge2/alidemaa-dl_lab/automl/automl-exam-ss25-tabular-freiburg-template/automl-tabular-env/lib/python3.10/site-packages/pytorch_tabnet/callbacks.py:172: UserWarning: Best weights from best epoch are automatically used!
  warnings.warn(wrn_msg)
[I 2025-08-05 01:44:15,833] Trial 11 finished with value: 0.9330672520703711 and parameters: {'n_d': 8, 'n_a': 42, 'n_steps': 3, 'gamma': 1.1017866444531008, 'lambda_sparse': 0.00331634730484517, 'lr': 0.009309000402330674, 'weight_decay': 2.255735925680766e-05}. Best is trial 11 with value: 0.9330672520703711.
/work/dlclarge2/alidemaa-dl_lab/automl/automl-exam-ss25-tabular-freiburg-template/automl-tabular-env/lib/python3.10/site-packages/pytorch_tabnet/callbacks.py:172: UserWarning: Best weights from best epoch are automatically used!
  warnings.warn(wrn_msg)
[I 2025-08-05 01:45:23,457] Trial 12 finished with value: 0.7879899247328335 and parameters: {'n_d': 9, 'n_a': 41, 'n_steps': 3, 'gamma': 1.0150749212518664, 'lambda_sparse': 0.004504293201766045, 'lr': 0.00011391522432399227, 'weight_decay': 1.9395925754736033e-05}. Best is trial 11 with value: 0.9330672520703711.
/work/dlclarge2/alidemaa-dl_lab/automl/automl-exam-ss25-tabular-freiburg-template/automl-tabular-env/lib/python3.10/site-packages/pytorch_tabnet/callbacks.py:172: UserWarning: Best weights from best epoch are automatically used!
  warnings.warn(wrn_msg)
[I 2025-08-05 01:46:45,035] Trial 13 finished with value: 0.9205546368303842 and parameters: {'n_d': 25, 'n_a': 40, 'n_steps': 4, 'gamma': 1.010396147857058, 'lambda_sparse': 0.0053961133725682646, 'lr': 0.008450095399670766, 'weight_decay': 2.02846428901405e-05}. Best is trial 11 with value: 0.9330672520703711.
/work/dlclarge2/alidemaa-dl_lab/automl/automl-exam-ss25-tabular-freiburg-template/automl-tabular-env/lib/python3.10/site-packages/pytorch_tabnet/callbacks.py:172: UserWarning: Best weights from best epoch are automatically used!
  warnings.warn(wrn_msg)
[I 2025-08-05 01:47:03,328] Trial 14 finished with value: -39.795552646502074 and parameters: {'n_d': 28, 'n_a': 64, 'n_steps': 4, 'gamma': 1.1409024964576113, 'lambda_sparse': 0.0016319761505741671, 'lr': 0.017965876807943055, 'weight_decay': 4.057711896434899e-05}. Best is trial 11 with value: 0.9330672520703711.
/work/dlclarge2/alidemaa-dl_lab/automl/automl-exam-ss25-tabular-freiburg-template/automl-tabular-env/lib/python3.10/site-packages/pytorch_tabnet/callbacks.py:172: UserWarning: Best weights from best epoch are automatically used!
  warnings.warn(wrn_msg)
[I 2025-08-05 01:48:10,898] Trial 15 finished with value: 0.9271476568240747 and parameters: {'n_d': 16, 'n_a': 34, 'n_steps': 3, 'gamma': 1.572130152320163, 'lambda_sparse': 0.002195335834847585, 'lr': 0.005594217704100148, 'weight_decay': 1.0930597219971582e-05}. Best is trial 11 with value: 0.9330672520703711.
/work/dlclarge2/alidemaa-dl_lab/automl/automl-exam-ss25-tabular-freiburg-template/automl-tabular-env/lib/python3.10/site-packages/pytorch_tabnet/callbacks.py:172: UserWarning: Best weights from best epoch are automatically used!
  warnings.warn(wrn_msg)
[I 2025-08-05 01:49:32,945] Trial 16 finished with value: 0.9335020556543777 and parameters: {'n_d': 32, 'n_a': 45, 'n_steps': 4, 'gamma': 1.4310497520745145, 'lambda_sparse': 0.0011501259610298311, 'lr': 0.023786647668141172, 'weight_decay': 4.891713221929396e-05}. Best is trial 16 with value: 0.9335020556543777.
/work/dlclarge2/alidemaa-dl_lab/automl/automl-exam-ss25-tabular-freiburg-template/automl-tabular-env/lib/python3.10/site-packages/pytorch_tabnet/callbacks.py:172: UserWarning: Best weights from best epoch are automatically used!
  warnings.warn(wrn_msg)
[I 2025-08-05 01:50:56,067] Trial 17 finished with value: 0.9271722380417661 and parameters: {'n_d': 31, 'n_a': 46, 'n_steps': 4, 'gamma': 1.4247240167176065, 'lambda_sparse': 0.000901859805270901, 'lr': 0.0304213546251201, 'weight_decay': 5.850154317240757e-05}. Best is trial 16 with value: 0.9335020556543777.
/work/dlclarge2/alidemaa-dl_lab/automl/automl-exam-ss25-tabular-freiburg-template/automl-tabular-env/lib/python3.10/site-packages/pytorch_tabnet/callbacks.py:172: UserWarning: Best weights from best epoch are automatically used!
  warnings.warn(wrn_msg)
[I 2025-08-05 01:52:18,003] Trial 18 finished with value: 0.8765673672445553 and parameters: {'n_d': 35, 'n_a': 26, 'n_steps': 5, 'gamma': 1.9919311906096713, 'lambda_sparse': 0.00796693408606253, 'lr': 0.0016925752277955034, 'weight_decay': 6.327091604425354e-05}. Best is trial 16 with value: 0.9335020556543777.
/work/dlclarge2/alidemaa-dl_lab/automl/automl-exam-ss25-tabular-freiburg-template/automl-tabular-env/lib/python3.10/site-packages/pytorch_tabnet/callbacks.py:172: UserWarning: Best weights from best epoch are automatically used!
  warnings.warn(wrn_msg)
[I 2025-08-05 01:54:31,959] Trial 19 finished with value: 0.908480626806855 and parameters: {'n_d': 64, 'n_a': 35, 'n_steps': 10, 'gamma': 1.6398745217865733, 'lambda_sparse': 0.000816191078641177, 'lr': 0.09385545960745909, 'weight_decay': 1.2951843297767331e-06}. Best is trial 16 with value: 0.9335020556543777.
/work/dlclarge2/alidemaa-dl_lab/automl/automl-exam-ss25-tabular-freiburg-template/automl-tabular-env/lib/python3.10/site-packages/pytorch_tabnet/callbacks.py:172: UserWarning: Best weights from best epoch are automatically used!
  warnings.warn(wrn_msg)
[I 2025-08-05 01:56:13,646] A new study created in memory with name: no-name-ed9852be-d4e1-40db-8e1e-56fbb45cfdfb
/work/dlclarge2/alidemaa-dl_lab/automl/automl-exam-ss25-tabular-freiburg-template/automl-tabular-env/lib/python3.10/site-packages/pytorch_tabnet/callbacks.py:172: UserWarning: Best weights from best epoch are automatically used!
  warnings.warn(wrn_msg)
[I 2025-08-05 01:57:28,824] Trial 0 finished with value: 0.9009315587359471 and parameters: {'n_d': 50, 'n_a': 59, 'n_steps': 4, 'gamma': 1.2772624543140298, 'lambda_sparse': 0.0016761110629575859, 'lr': 0.0008831168516032432, 'weight_decay': 0.0007594976133143829}. Best is trial 0 with value: 0.9009315587359471.
/work/dlclarge2/alidemaa-dl_lab/automl/automl-exam-ss25-tabular-freiburg-template/automl-tabular-env/lib/python3.10/site-packages/pytorch_tabnet/callbacks.py:172: UserWarning: Best weights from best epoch are automatically used!
  warnings.warn(wrn_msg)
[I 2025-08-05 01:59:11,584] Trial 1 finished with value: -0.4584185405077075 and parameters: {'n_d': 56, 'n_a': 58, 'n_steps': 7, 'gamma': 1.9250466365820846, 'lambda_sparse': 0.00017760086149302292, 'lr': 0.00010004485365809103, 'weight_decay': 0.0003022360213984187}. Best is trial 0 with value: 0.9009315587359471.
/work/dlclarge2/alidemaa-dl_lab/automl/automl-exam-ss25-tabular-freiburg-template/automl-tabular-env/lib/python3.10/site-packages/pytorch_tabnet/callbacks.py:172: UserWarning: Best weights from best epoch are automatically used!
  warnings.warn(wrn_msg)
[I 2025-08-05 02:01:03,484] Trial 2 finished with value: 0.8449752501446434 and parameters: {'n_d': 10, 'n_a': 22, 'n_steps': 8, 'gamma': 1.711491266016199, 'lambda_sparse': 0.0052279419453797275, 'lr': 0.005309089426600555, 'weight_decay': 0.0008170170324216364}. Best is trial 0 with value: 0.9009315587359471.
/work/dlclarge2/alidemaa-dl_lab/automl/automl-exam-ss25-tabular-freiburg-template/automl-tabular-env/lib/python3.10/site-packages/pytorch_tabnet/callbacks.py:172: UserWarning: Best weights from best epoch are automatically used!
  warnings.warn(wrn_msg)
[I 2025-08-05 02:03:18,804] Trial 3 finished with value: 0.891924003714069 and parameters: {'n_d': 49, 'n_a': 27, 'n_steps': 10, 'gamma': 1.4010005435459085, 'lambda_sparse': 3.427645852279527e-05, 'lr': 0.01310744918122293, 'weight_decay': 0.0008484688949783091}. Best is trial 0 with value: 0.9009315587359471.
/work/dlclarge2/alidemaa-dl_lab/automl/automl-exam-ss25-tabular-freiburg-template/automl-tabular-env/lib/python3.10/site-packages/pytorch_tabnet/callbacks.py:172: UserWarning: Best weights from best epoch are automatically used!
  warnings.warn(wrn_msg)
[I 2025-08-05 02:04:38,945] Trial 4 finished with value: 0.862191701273297 and parameters: {'n_d': 54, 'n_a': 22, 'n_steps': 5, 'gamma': 1.8927682932719905, 'lambda_sparse': 0.00141159943319534, 'lr': 0.0028528342207995386, 'weight_decay': 1.2254037255021972e-06}. Best is trial 0 with value: 0.9009315587359471.
/work/dlclarge2/alidemaa-dl_lab/automl/automl-exam-ss25-tabular-freiburg-template/automl-tabular-env/lib/python3.10/site-packages/pytorch_tabnet/callbacks.py:172: UserWarning: Best weights from best epoch are automatically used!
  warnings.warn(wrn_msg)
[I 2025-08-05 02:06:19,296] Trial 5 finished with value: 0.8955963640311331 and parameters: {'n_d': 58, 'n_a': 17, 'n_steps': 7, 'gamma': 1.7634930558850614, 'lambda_sparse': 0.0006112059230441674, 'lr': 0.02719307241780128, 'weight_decay': 6.975876453330569e-06}. Best is trial 0 with value: 0.9009315587359471.
/work/dlclarge2/alidemaa-dl_lab/automl/automl-exam-ss25-tabular-freiburg-template/automl-tabular-env/lib/python3.10/site-packages/pytorch_tabnet/callbacks.py:172: UserWarning: Best weights from best epoch are automatically used!
  warnings.warn(wrn_msg)
[I 2025-08-05 02:08:24,496] Trial 6 finished with value: 0.8110484385636301 and parameters: {'n_d': 15, 'n_a': 35, 'n_steps': 9, 'gamma': 1.7354956040027565, 'lambda_sparse': 3.187607657952901e-05, 'lr': 0.002956327243516036, 'weight_decay': 0.00019290220359720797}. Best is trial 0 with value: 0.9009315587359471.
/work/dlclarge2/alidemaa-dl_lab/automl/automl-exam-ss25-tabular-freiburg-template/automl-tabular-env/lib/python3.10/site-packages/pytorch_tabnet/callbacks.py:172: UserWarning: Best weights from best epoch are automatically used!
  warnings.warn(wrn_msg)
[I 2025-08-05 02:10:07,151] Trial 7 finished with value: 0.8857858517087094 and parameters: {'n_d': 53, 'n_a': 16, 'n_steps': 7, 'gamma': 1.1598978869019656, 'lambda_sparse': 0.0024212618595774206, 'lr': 0.0016913845909925348, 'weight_decay': 3.919390248804861e-05}. Best is trial 0 with value: 0.9009315587359471.
/work/dlclarge2/alidemaa-dl_lab/automl/automl-exam-ss25-tabular-freiburg-template/automl-tabular-env/lib/python3.10/site-packages/pytorch_tabnet/callbacks.py:172: UserWarning: Best weights from best epoch are automatically used!
  warnings.warn(wrn_msg)
[I 2025-08-05 02:11:06,504] Trial 8 finished with value: 0.5720800348106428 and parameters: {'n_d': 11, 'n_a': 46, 'n_steps': 9, 'gamma': 1.8630900658694338, 'lambda_sparse': 1.6577976736758257e-05, 'lr': 0.07126498585232914, 'weight_decay': 5.414647523437967e-06}. Best is trial 0 with value: 0.9009315587359471.
/work/dlclarge2/alidemaa-dl_lab/automl/automl-exam-ss25-tabular-freiburg-template/automl-tabular-env/lib/python3.10/site-packages/pytorch_tabnet/callbacks.py:172: UserWarning: Best weights from best epoch are automatically used!
  warnings.warn(wrn_msg)
[I 2025-08-05 02:12:22,575] Trial 9 finished with value: 0.9063083868022436 and parameters: {'n_d': 35, 'n_a': 24, 'n_steps': 5, 'gamma': 1.1445365114080273, 'lambda_sparse': 0.0015679744482905592, 'lr': 0.043160480241932954, 'weight_decay': 3.9315458807486976e-05}. Best is trial 9 with value: 0.9063083868022436.
/work/dlclarge2/alidemaa-dl_lab/automl/automl-exam-ss25-tabular-freiburg-template/automl-tabular-env/lib/python3.10/site-packages/pytorch_tabnet/callbacks.py:172: UserWarning: Best weights from best epoch are automatically used!
  warnings.warn(wrn_msg)
[I 2025-08-05 02:13:00,666] Trial 10 finished with value: 0.8251477900028215 and parameters: {'n_d': 31, 'n_a': 9, 'n_steps': 3, 'gamma': 1.034083202180653, 'lambda_sparse': 0.00014751428725540117, 'lr': 0.08861030295772356, 'weight_decay': 3.111511455831476e-05}. Best is trial 9 with value: 0.9063083868022436.
/work/dlclarge2/alidemaa-dl_lab/automl/automl-exam-ss25-tabular-freiburg-template/automl-tabular-env/lib/python3.10/site-packages/pytorch_tabnet/callbacks.py:172: UserWarning: Best weights from best epoch are automatically used!
  warnings.warn(wrn_msg)
[I 2025-08-05 02:14:23,417] Trial 11 finished with value: 0.8720017360047887 and parameters: {'n_d': 38, 'n_a': 64, 'n_steps': 4, 'gamma': 1.2992969173361608, 'lambda_sparse': 0.006854081351849445, 'lr': 0.0004787927986023832, 'weight_decay': 5.9999411370133615e-05}. Best is trial 9 with value: 0.9063083868022436.
/work/dlclarge2/alidemaa-dl_lab/automl/automl-exam-ss25-tabular-freiburg-template/automl-tabular-env/lib/python3.10/site-packages/pytorch_tabnet/callbacks.py:172: UserWarning: Best weights from best epoch are automatically used!
  warnings.warn(wrn_msg)
[I 2025-08-05 02:15:45,976] Trial 12 finished with value: 0.8679429763518018 and parameters: {'n_d': 40, 'n_a': 48, 'n_steps': 5, 'gamma': 1.2433689041220033, 'lambda_sparse': 0.0007015402965891829, 'lr': 0.0005828505001984476, 'weight_decay': 0.00013477060937538632}. Best is trial 9 with value: 0.9063083868022436.
/work/dlclarge2/alidemaa-dl_lab/automl/automl-exam-ss25-tabular-freiburg-template/automl-tabular-env/lib/python3.10/site-packages/pytorch_tabnet/callbacks.py:172: UserWarning: Best weights from best epoch are automatically used!
  warnings.warn(wrn_msg)
[I 2025-08-05 02:16:58,652] Trial 13 finished with value: 0.8242126211091352 and parameters: {'n_d': 27, 'n_a': 33, 'n_steps': 5, 'gamma': 1.4868377426289163, 'lambda_sparse': 0.0021839244731523847, 'lr': 0.0006892403408588432, 'weight_decay': 1.7876020287602605e-05}. Best is trial 9 with value: 0.9063083868022436.
/work/dlclarge2/alidemaa-dl_lab/automl/automl-exam-ss25-tabular-freiburg-template/automl-tabular-env/lib/python3.10/site-packages/pytorch_tabnet/callbacks.py:172: UserWarning: Best weights from best epoch are automatically used!
  warnings.warn(wrn_msg)
[I 2025-08-05 02:18:04,052] Trial 14 finished with value: 0.8330245919156739 and parameters: {'n_d': 45, 'n_a': 45, 'n_steps': 3, 'gamma': 1.0073634687575481, 'lambda_sparse': 0.00045389079742337904, 'lr': 0.0001661547265318781, 'weight_decay': 1.1161853464485495e-06}. Best is trial 9 with value: 0.9063083868022436.
/work/dlclarge2/alidemaa-dl_lab/automl/automl-exam-ss25-tabular-freiburg-template/automl-tabular-env/lib/python3.10/site-packages/pytorch_tabnet/callbacks.py:172: UserWarning: Best weights from best epoch are automatically used!
  warnings.warn(wrn_msg)
