[I 2025-08-05 23:41:57,324] Trial 1 finished with value: 0.8140680283770592 and parameters: {'n_d': 55, 'n_a': 62, 'n_steps': 9, 'gamma': 1.259848931184547, 'lambda_sparse': 0.0051003754917493425, 'lr': 0.0033545616205606613, 'weight_decay': 4.680409421355368e-05}. Best is trial 1 with value: 0.8140680283770592.
/work/dlclarge2/alidemaa-dl_lab/automl/automl-exam-ss25-tabular-freiburg-template/automl-tabular-env/lib/python3.10/site-packages/pytorch_tabnet/callbacks.py:172: UserWarning: Best weights from best epoch are automatically used!
  warnings.warn(wrn_msg)
[I 2025-08-05 23:43:09,760] Trial 2 finished with value: 0.8393216690962999 and parameters: {'n_d': 30, 'n_a': 18, 'n_steps': 7, 'gamma': 1.146605059968665, 'lambda_sparse': 0.00848357658587225, 'lr': 0.019276137446406896, 'weight_decay': 2.0403842778041254e-05}. Best is trial 2 with value: 0.8393216690962999.
/work/dlclarge2/alidemaa-dl_lab/automl/automl-exam-ss25-tabular-freiburg-template/automl-tabular-env/lib/python3.10/site-packages/pytorch_tabnet/callbacks.py:172: UserWarning: Best weights from best epoch are automatically used!
  warnings.warn(wrn_msg)
[I 2025-08-05 23:44:06,911] Trial 3 finished with value: -0.3151164751357731 and parameters: {'n_d': 36, 'n_a': 37, 'n_steps': 5, 'gamma': 1.6267663972359925, 'lambda_sparse': 3.0039334506224106e-05, 'lr': 0.000260820826475561, 'weight_decay': 0.0005970664049145005}. Best is trial 2 with value: 0.8393216690962999.
/work/dlclarge2/alidemaa-dl_lab/automl/automl-exam-ss25-tabular-freiburg-template/automl-tabular-env/lib/python3.10/site-packages/pytorch_tabnet/callbacks.py:172: UserWarning: Best weights from best epoch are automatically used!
  warnings.warn(wrn_msg)
[I 2025-08-05 23:45:12,937] Trial 4 finished with value: 0.8324601479862015 and parameters: {'n_d': 40, 'n_a': 61, 'n_steps': 7, 'gamma': 1.246430387217843, 'lambda_sparse': 0.001998959233415612, 'lr': 0.010300635698149815, 'weight_decay': 2.2667451728882464e-06}. Best is trial 2 with value: 0.8393216690962999.
/work/dlclarge2/alidemaa-dl_lab/automl/automl-exam-ss25-tabular-freiburg-template/automl-tabular-env/lib/python3.10/site-packages/pytorch_tabnet/callbacks.py:172: UserWarning: Best weights from best epoch are automatically used!
  warnings.warn(wrn_msg)
[I 2025-08-05 23:46:32,710] Trial 5 finished with value: -1.203603509388199 and parameters: {'n_d': 46, 'n_a': 32, 'n_steps': 8, 'gamma': 1.1402055949699492, 'lambda_sparse': 0.0005855142647952712, 'lr': 0.00015800742674509672, 'weight_decay': 2.9366162349401356e-06}. Best is trial 2 with value: 0.8393216690962999.
/work/dlclarge2/alidemaa-dl_lab/automl/automl-exam-ss25-tabular-freiburg-template/automl-tabular-env/lib/python3.10/site-packages/pytorch_tabnet/callbacks.py:172: UserWarning: Best weights from best epoch are automatically used!
  warnings.warn(wrn_msg)
[I 2025-08-05 23:47:45,211] Trial 6 finished with value: -0.18998646954832776 and parameters: {'n_d': 44, 'n_a': 49, 'n_steps': 7, 'gamma': 1.1770222832010155, 'lambda_sparse': 0.00011368947990750828, 'lr': 0.000213946917400918, 'weight_decay': 7.5272589202157655e-06}. Best is trial 2 with value: 0.8393216690962999.
/work/dlclarge2/alidemaa-dl_lab/automl/automl-exam-ss25-tabular-freiburg-template/automl-tabular-env/lib/python3.10/site-packages/pytorch_tabnet/callbacks.py:172: UserWarning: Best weights from best epoch are automatically used!
  warnings.warn(wrn_msg)
[I 2025-08-05 23:49:04,776] Trial 7 finished with value: -1.9712200169527039 and parameters: {'n_d': 41, 'n_a': 14, 'n_steps': 8, 'gamma': 1.9830098252467339, 'lambda_sparse': 0.0010917392400590811, 'lr': 0.00016905102317349907, 'weight_decay': 5.14729425554137e-05}. Best is trial 2 with value: 0.8393216690962999.
/work/dlclarge2/alidemaa-dl_lab/automl/automl-exam-ss25-tabular-freiburg-template/automl-tabular-env/lib/python3.10/site-packages/pytorch_tabnet/callbacks.py:172: UserWarning: Best weights from best epoch are automatically used!
  warnings.warn(wrn_msg)
[I 2025-08-05 23:50:32,825] Trial 8 finished with value: 0.8229185073203726 and parameters: {'n_d': 53, 'n_a': 12, 'n_steps': 9, 'gamma': 1.839767371475733, 'lambda_sparse': 2.2834922010614462e-05, 'lr': 0.01594151481939654, 'weight_decay': 3.807207127003089e-06}. Best is trial 2 with value: 0.8393216690962999.
/work/dlclarge2/alidemaa-dl_lab/automl/automl-exam-ss25-tabular-freiburg-template/automl-tabular-env/lib/python3.10/site-packages/pytorch_tabnet/callbacks.py:172: UserWarning: Best weights from best epoch are automatically used!
  warnings.warn(wrn_msg)
[I 2025-08-05 23:51:37,306] Trial 9 finished with value: 0.8442437111442579 and parameters: {'n_d': 37, 'n_a': 49, 'n_steps': 6, 'gamma': 1.8553148667920878, 'lambda_sparse': 4.690551620254609e-05, 'lr': 0.023507999294353002, 'weight_decay': 0.00020341292177765332}. Best is trial 9 with value: 0.8442437111442579.
/work/dlclarge2/alidemaa-dl_lab/automl/automl-exam-ss25-tabular-freiburg-template/automl-tabular-env/lib/python3.10/site-packages/pytorch_tabnet/callbacks.py:172: UserWarning: Best weights from best epoch are automatically used!
  warnings.warn(wrn_msg)
[I 2025-08-05 23:52:00,016] Trial 10 finished with value: 0.8003223409145752 and parameters: {'n_d': 10, 'n_a': 51, 'n_steps': 3, 'gamma': 1.543587538765149, 'lambda_sparse': 0.00011836670371354955, 'lr': 0.09099123641506628, 'weight_decay': 0.0004465545123903652}. Best is trial 9 with value: 0.8442437111442579.
/work/dlclarge2/alidemaa-dl_lab/automl/automl-exam-ss25-tabular-freiburg-template/automl-tabular-env/lib/python3.10/site-packages/pytorch_tabnet/callbacks.py:172: UserWarning: Best weights from best epoch are automatically used!
  warnings.warn(wrn_msg)
[I 2025-08-05 23:52:49,654] Trial 11 finished with value: 0.8347147165404549 and parameters: {'n_d': 27, 'n_a': 28, 'n_steps': 5, 'gamma': 1.7146776390794944, 'lambda_sparse': 0.0001858013869676263, 'lr': 0.04802548067793069, 'weight_decay': 1.7748128795426988e-05}. Best is trial 9 with value: 0.8442437111442579.
/work/dlclarge2/alidemaa-dl_lab/automl/automl-exam-ss25-tabular-freiburg-template/automl-tabular-env/lib/python3.10/site-packages/pytorch_tabnet/callbacks.py:172: UserWarning: Best weights from best epoch are automatically used!
  warnings.warn(wrn_msg)
[I 2025-08-05 23:53:46,495] Trial 12 finished with value: 0.8598078238319722 and parameters: {'n_d': 27, 'n_a': 23, 'n_steps': 5, 'gamma': 1.0205965565498922, 'lambda_sparse': 1.1000121741308566e-05, 'lr': 0.015810839688236832, 'weight_decay': 0.00016463587355975285}. Best is trial 12 with value: 0.8598078238319722.
/work/dlclarge2/alidemaa-dl_lab/automl/automl-exam-ss25-tabular-freiburg-template/automl-tabular-env/lib/python3.10/site-packages/pytorch_tabnet/callbacks.py:172: UserWarning: Best weights from best epoch are automatically used!
  warnings.warn(wrn_msg)
[I 2025-08-05 23:54:31,678] Trial 13 finished with value: 0.8561641220120488 and parameters: {'n_d': 16, 'n_a': 24, 'n_steps': 3, 'gamma': 1.4119349619625035, 'lambda_sparse': 1.070212060095797e-05, 'lr': 0.003806150192073227, 'weight_decay': 0.00018784524445810395}. Best is trial 12 with value: 0.8598078238319722.
/work/dlclarge2/alidemaa-dl_lab/automl/automl-exam-ss25-tabular-freiburg-template/automl-tabular-env/lib/python3.10/site-packages/pytorch_tabnet/callbacks.py:172: UserWarning: Best weights from best epoch are automatically used!
  warnings.warn(wrn_msg)
[I 2025-08-05 23:55:16,543] Trial 14 finished with value: 0.8548923532656466 and parameters: {'n_d': 14, 'n_a': 25, 'n_steps': 3, 'gamma': 1.402375087873862, 'lambda_sparse': 1.5123557477412019e-05, 'lr': 0.004541715047574814, 'weight_decay': 0.00016527075300896548}. Best is trial 12 with value: 0.8598078238319722.
/work/dlclarge2/alidemaa-dl_lab/automl/automl-exam-ss25-tabular-freiburg-template/automl-tabular-env/lib/python3.10/site-packages/pytorch_tabnet/callbacks.py:172: UserWarning: Best weights from best epoch are automatically used!
  warnings.warn(wrn_msg)
[I 2025-08-05 23:56:06,663] Trial 15 finished with value: 0.7300583431880299 and parameters: {'n_d': 18, 'n_a': 21, 'n_steps': 4, 'gamma': 1.0023505614028339, 'lambda_sparse': 1.0005096851863592e-05, 'lr': 0.0005673719146296867, 'weight_decay': 0.00015128024520574482}. Best is trial 12 with value: 0.8598078238319722.
/work/dlclarge2/alidemaa-dl_lab/automl/automl-exam-ss25-tabular-freiburg-template/automl-tabular-env/lib/python3.10/site-packages/pytorch_tabnet/callbacks.py:172: UserWarning: Best weights from best epoch are automatically used!
  warnings.warn(wrn_msg)
[I 2025-08-05 23:56:56,957] Trial 16 finished with value: 0.8024839696141969 and parameters: {'n_d': 19, 'n_a': 8, 'n_steps': 4, 'gamma': 1.3688255611972804, 'lambda_sparse': 5.715489086788987e-05, 'lr': 0.0013291293188505615, 'weight_decay': 0.0008766011205060504}. Best is trial 12 with value: 0.8598078238319722.
/work/dlclarge2/alidemaa-dl_lab/automl/automl-exam-ss25-tabular-freiburg-template/automl-tabular-env/lib/python3.10/site-packages/pytorch_tabnet/callbacks.py:172: UserWarning: Best weights from best epoch are automatically used!
  warnings.warn(wrn_msg)
[I 2025-08-05 23:57:43,788] Trial 17 finished with value: 0.8612590175818883 and parameters: {'n_d': 23, 'n_a': 23, 'n_steps': 4, 'gamma': 1.0098332345787056, 'lambda_sparse': 1.1112732251241736e-05, 'lr': 0.006761764423172574, 'weight_decay': 0.0001049843133323637}. Best is trial 17 with value: 0.8612590175818883.
/work/dlclarge2/alidemaa-dl_lab/automl/automl-exam-ss25-tabular-freiburg-template/automl-tabular-env/lib/python3.10/site-packages/pytorch_tabnet/callbacks.py:172: UserWarning: Best weights from best epoch are automatically used!
  warnings.warn(wrn_msg)
[I 2025-08-05 23:58:40,870] Trial 18 finished with value: 0.8583187700407057 and parameters: {'n_d': 23, 'n_a': 31, 'n_steps': 5, 'gamma': 1.0043941469259312, 'lambda_sparse': 5.454926835066261e-05, 'lr': 0.007389089046524505, 'weight_decay': 8.0804372298207e-05}. Best is trial 17 with value: 0.8612590175818883.
/work/dlclarge2/alidemaa-dl_lab/automl/automl-exam-ss25-tabular-freiburg-template/automl-tabular-env/lib/python3.10/site-packages/pytorch_tabnet/callbacks.py:172: UserWarning: Best weights from best epoch are automatically used!
  warnings.warn(wrn_msg)
[I 2025-08-05 23:59:19,704] Trial 19 finished with value: 0.8274797457264685 and parameters: {'n_d': 64, 'n_a': 37, 'n_steps': 4, 'gamma': 1.0781685230337308, 'lambda_sparse': 0.0004739267830854703, 'lr': 0.04445347148916183, 'weight_decay': 0.00042837171523722495}. Best is trial 17 with value: 0.8612590175818883.
/work/dlclarge2/alidemaa-dl_lab/automl/automl-exam-ss25-tabular-freiburg-template/automl-tabular-env/lib/python3.10/site-packages/pytorch_tabnet/callbacks.py:172: UserWarning: Best weights from best epoch are automatically used!
  warnings.warn(wrn_msg)
[I 2025-08-06 00:00:34,761] A new study created in memory with name: no-name-7cb40b19-8e0e-46a4-8de6-67e8fa1c891c
/work/dlclarge2/alidemaa-dl_lab/automl/automl-exam-ss25-tabular-freiburg-template/automl-tabular-env/lib/python3.10/site-packages/pytorch_tabnet/callbacks.py:172: UserWarning: Best weights from best epoch are automatically used!
  warnings.warn(wrn_msg)
[I 2025-08-06 00:01:18,018] Trial 0 finished with value: 0.8203854884729955 and parameters: {'n_d': 23, 'n_a': 35, 'n_steps': 4, 'gamma': 1.9607093966964546, 'lambda_sparse': 0.000192572446746287, 'lr': 0.07103122496563063, 'weight_decay': 0.00013405955901311817}. Best is trial 0 with value: 0.8203854884729955.
/work/dlclarge2/alidemaa-dl_lab/automl/automl-exam-ss25-tabular-freiburg-template/automl-tabular-env/lib/python3.10/site-packages/pytorch_tabnet/callbacks.py:172: UserWarning: Best weights from best epoch are automatically used!
  warnings.warn(wrn_msg)
[I 2025-08-06 00:02:20,571] Trial 1 finished with value: 0.8100773445994613 and parameters: {'n_d': 38, 'n_a': 28, 'n_steps': 7, 'gamma': 1.2422507127598879, 'lambda_sparse': 0.0053087701654198705, 'lr': 0.019706870977281913, 'weight_decay': 1.8705586175418949e-06}. Best is trial 0 with value: 0.8203854884729955.
/work/dlclarge2/alidemaa-dl_lab/automl/automl-exam-ss25-tabular-freiburg-template/automl-tabular-env/lib/python3.10/site-packages/pytorch_tabnet/callbacks.py:172: UserWarning: Best weights from best epoch are automatically used!
  warnings.warn(wrn_msg)
[I 2025-08-06 00:03:04,548] Trial 2 finished with value: -3.0996141238241126 and parameters: {'n_d': 63, 'n_a': 45, 'n_steps': 8, 'gamma': 1.595013989709805, 'lambda_sparse': 0.002076428795163196, 'lr': 0.00021886475945492417, 'weight_decay': 0.0001289550669953761}. Best is trial 0 with value: 0.8203854884729955.
/work/dlclarge2/alidemaa-dl_lab/automl/automl-exam-ss25-tabular-freiburg-template/automl-tabular-env/lib/python3.10/site-packages/pytorch_tabnet/callbacks.py:172: UserWarning: Best weights from best epoch are automatically used!
  warnings.warn(wrn_msg)
[I 2025-08-06 00:04:16,915] Trial 3 finished with value: -0.7770865793083506 and parameters: {'n_d': 11, 'n_a': 38, 'n_steps': 7, 'gamma': 1.8391603508310044, 'lambda_sparse': 0.0037677035852904214, 'lr': 0.0001381684277738208, 'weight_decay': 0.0003028735552954726}. Best is trial 0 with value: 0.8203854884729955.
/work/dlclarge2/alidemaa-dl_lab/automl/automl-exam-ss25-tabular-freiburg-template/automl-tabular-env/lib/python3.10/site-packages/pytorch_tabnet/callbacks.py:172: UserWarning: Best weights from best epoch are automatically used!
  warnings.warn(wrn_msg)
[I 2025-08-06 00:05:35,561] Trial 4 finished with value: 0.8179821508677565 and parameters: {'n_d': 28, 'n_a': 35, 'n_steps': 9, 'gamma': 1.6142166275107552, 'lambda_sparse': 0.00018057466869360905, 'lr': 0.023879872137647216, 'weight_decay': 4.410555142058364e-06}. Best is trial 0 with value: 0.8203854884729955.
/work/dlclarge2/alidemaa-dl_lab/automl/automl-exam-ss25-tabular-freiburg-template/automl-tabular-env/lib/python3.10/site-packages/pytorch_tabnet/callbacks.py:172: UserWarning: Best weights from best epoch are automatically used!
  warnings.warn(wrn_msg)
[I 2025-08-06 00:06:39,827] Trial 5 finished with value: -0.01469764868514467 and parameters: {'n_d': 34, 'n_a': 62, 'n_steps': 6, 'gamma': 1.0153766327474858, 'lambda_sparse': 0.0009736303499102646, 'lr': 0.0001513611495676494, 'weight_decay': 2.0037861653944743e-05}. Best is trial 0 with value: 0.8203854884729955.
/work/dlclarge2/alidemaa-dl_lab/automl/automl-exam-ss25-tabular-freiburg-template/automl-tabular-env/lib/python3.10/site-packages/pytorch_tabnet/callbacks.py:172: UserWarning: Best weights from best epoch are automatically used!
  warnings.warn(wrn_msg)
[I 2025-08-06 00:08:02,443] Trial 6 finished with value: 0.7804991491841771 and parameters: {'n_d': 16, 'n_a': 64, 'n_steps': 10, 'gamma': 1.3527097968247723, 'lambda_sparse': 0.00035272706390692993, 'lr': 0.003625608462977013, 'weight_decay': 1.7427122761306597e-05}. Best is trial 0 with value: 0.8203854884729955.
/work/dlclarge2/alidemaa-dl_lab/automl/automl-exam-ss25-tabular-freiburg-template/automl-tabular-env/lib/python3.10/site-packages/pytorch_tabnet/callbacks.py:172: UserWarning: Best weights from best epoch are automatically used!
  warnings.warn(wrn_msg)
[I 2025-08-06 00:09:15,500] Trial 7 finished with value: 0.796313981366235 and parameters: {'n_d': 18, 'n_a': 22, 'n_steps': 10, 'gamma': 1.1217825061299282, 'lambda_sparse': 0.007300934133682199, 'lr': 0.07806596516735854, 'weight_decay': 1.3405072863082093e-06}. Best is trial 0 with value: 0.8203854884729955.
/work/dlclarge2/alidemaa-dl_lab/automl/automl-exam-ss25-tabular-freiburg-template/automl-tabular-env/lib/python3.10/site-packages/pytorch_tabnet/callbacks.py:172: UserWarning: Best weights from best epoch are automatically used!
  warnings.warn(wrn_msg)
[I 2025-08-06 00:10:05,136] Trial 8 finished with value: 0.5546090248841844 and parameters: {'n_d': 53, 'n_a': 25, 'n_steps': 4, 'gamma': 1.0235358037717512, 'lambda_sparse': 1.2858318511149311e-05, 'lr': 0.00021740664476821545, 'weight_decay': 0.00021274146934479847}. Best is trial 0 with value: 0.8203854884729955.
/work/dlclarge2/alidemaa-dl_lab/automl/automl-exam-ss25-tabular-freiburg-template/automl-tabular-env/lib/python3.10/site-packages/pytorch_tabnet/callbacks.py:172: UserWarning: Best weights from best epoch are automatically used!
  warnings.warn(wrn_msg)
[I 2025-08-06 00:10:53,086] Trial 9 finished with value: 0.7124243866225033 and parameters: {'n_d': 49, 'n_a': 59, 'n_steps': 4, 'gamma': 1.737209861645308, 'lambda_sparse': 3.2052145072293484e-05, 'lr': 0.0005259211026542025, 'weight_decay': 0.00017100198536470866}. Best is trial 0 with value: 0.8203854884729955.
/work/dlclarge2/alidemaa-dl_lab/automl/automl-exam-ss25-tabular-freiburg-template/automl-tabular-env/lib/python3.10/site-packages/pytorch_tabnet/callbacks.py:172: UserWarning: Best weights from best epoch are automatically used!
  warnings.warn(wrn_msg)
[I 2025-08-06 00:11:34,002] Trial 10 finished with value: 0.847325208714124 and parameters: {'n_d': 25, 'n_a': 10, 'n_steps': 3, 'gamma': 1.9302288651720776, 'lambda_sparse': 9.537198324696985e-05, 'lr': 0.002583768661292347, 'weight_decay': 0.0006940824465106409}. Best is trial 10 with value: 0.847325208714124.
/work/dlclarge2/alidemaa-dl_lab/automl/automl-exam-ss25-tabular-freiburg-template/automl-tabular-env/lib/python3.10/site-packages/pytorch_tabnet/callbacks.py:172: UserWarning: Best weights from best epoch are automatically used!
  warnings.warn(wrn_msg)
[I 2025-08-06 00:12:06,180] Trial 11 finished with value: 0.8127162154298456 and parameters: {'n_d': 24, 'n_a': 9, 'n_steps': 3, 'gamma': 1.9471269877329895, 'lambda_sparse': 9.016699502464776e-05, 'lr': 0.0014269583030563021, 'weight_decay': 0.0008908089468168035}. Best is trial 10 with value: 0.847325208714124.
/work/dlclarge2/alidemaa-dl_lab/automl/automl-exam-ss25-tabular-freiburg-template/automl-tabular-env/lib/python3.10/site-packages/pytorch_tabnet/callbacks.py:172: UserWarning: Best weights from best epoch are automatically used!
  warnings.warn(wrn_msg)
[I 2025-08-06 00:12:57,144] Trial 12 finished with value: 0.8311538770018796 and parameters: {'n_d': 27, 'n_a': 8, 'n_steps': 5, 'gamma': 1.9968953452447615, 'lambda_sparse': 7.412026322549431e-05, 'lr': 0.004529266381791261, 'weight_decay': 0.0009157790854444872}. Best is trial 10 with value: 0.847325208714124.
/work/dlclarge2/alidemaa-dl_lab/automl/automl-exam-ss25-tabular-freiburg-template/automl-tabular-env/lib/python3.10/site-packages/pytorch_tabnet/callbacks.py:172: UserWarning: Best weights from best epoch are automatically used!
  warnings.warn(wrn_msg)
[I 2025-08-06 00:13:50,419] Trial 13 finished with value: 0.8364963088294715 and parameters: {'n_d': 36, 'n_a': 8, 'n_steps': 5, 'gamma': 1.8012490796962866, 'lambda_sparse': 5.8886508118913635e-05, 'lr': 0.004112740880635873, 'weight_decay': 0.000665598153540999}. Best is trial 10 with value: 0.847325208714124.
/work/dlclarge2/alidemaa-dl_lab/automl/automl-exam-ss25-tabular-freiburg-template/automl-tabular-env/lib/python3.10/site-packages/pytorch_tabnet/callbacks.py:172: UserWarning: Best weights from best epoch are automatically used!
  warnings.warn(wrn_msg)
[I 2025-08-06 00:14:27,157] Trial 14 finished with value: 0.8224832874882386 and parameters: {'n_d': 45, 'n_a': 17, 'n_steps': 3, 'gamma': 1.7733778856615774, 'lambda_sparse': 2.192286880571868e-05, 'lr': 0.001245205993268631, 'weight_decay': 0.00045345858059507506}. Best is trial 10 with value: 0.847325208714124.
/work/dlclarge2/alidemaa-dl_lab/automl/automl-exam-ss25-tabular-freiburg-template/automl-tabular-env/lib/python3.10/site-packages/pytorch_tabnet/callbacks.py:172: UserWarning: Best weights from best epoch are automatically used!
  warnings.warn(wrn_msg)
[I 2025-08-06 00:15:14,067] Trial 15 finished with value: 0.8468651077624582 and parameters: {'n_d': 37, 'n_a': 16, 'n_steps': 5, 'gamma': 1.4683447650099812, 'lambda_sparse': 5.1638967785039285e-05, 'lr': 0.009942025652364257, 'weight_decay': 5.0506189191615344e-05}. Best is trial 10 with value: 0.847325208714124.
/work/dlclarge2/alidemaa-dl_lab/automl/automl-exam-ss25-tabular-freiburg-template/automl-tabular-env/lib/python3.10/site-packages/pytorch_tabnet/callbacks.py:172: UserWarning: Best weights from best epoch are automatically used!
  warnings.warn(wrn_msg)
[I 2025-08-06 00:16:10,784] Trial 16 finished with value: 0.8529781779545268 and parameters: {'n_d': 44, 'n_a': 16, 'n_steps': 5, 'gamma': 1.4316195874412267, 'lambda_sparse': 0.0004960192112724544, 'lr': 0.013479533976389336, 'weight_decay': 4.7350892136001256e-05}. Best is trial 16 with value: 0.8529781779545268.
/work/dlclarge2/alidemaa-dl_lab/automl/automl-exam-ss25-tabular-freiburg-template/automl-tabular-env/lib/python3.10/site-packages/pytorch_tabnet/callbacks.py:172: UserWarning: Best weights from best epoch are automatically used!
  warnings.warn(wrn_msg)
[I 2025-08-06 00:16:46,749] Trial 17 finished with value: 0.8778721113153339 and parameters: {'n_d': 57, 'n_a': 17, 'n_steps': 3, 'gamma': 1.4420164717271169, 'lambda_sparse': 0.0006254674131620595, 'lr': 0.013318204283693215, 'weight_decay': 5.0366884281670625e-05}. Best is trial 17 with value: 0.8778721113153339.
/work/dlclarge2/alidemaa-dl_lab/automl/automl-exam-ss25-tabular-freiburg-template/automl-tabular-env/lib/python3.10/site-packages/pytorch_tabnet/callbacks.py:172: UserWarning: Best weights from best epoch are automatically used!
  warnings.warn(wrn_msg)
