[I 2025-08-04 08:50:50,531] Trial 10 finished with value: 0.05539827150094978 and parameters: {'n_d': 46, 'n_a': 55, 'n_steps': 8, 'gamma': 1.3043748116703358, 'lambda_sparse': 0.0002951944036886126, 'lr': 0.016205967099247643, 'weight_decay': 0.00042065964708832876}. Best is trial 1 with value: 0.06654935947837415.
/work/dlclarge2/alidemaa-dl_lab/automl/automl-exam-ss25-tabular-freiburg-template/automl-tabular-env/lib/python3.10/site-packages/pytorch_tabnet/callbacks.py:172: UserWarning: Best weights from best epoch are automatically used!
  warnings.warn(wrn_msg)
[I 2025-08-04 08:51:27,357] Trial 11 finished with value: 0.07478458921409925 and parameters: {'n_d': 42, 'n_a': 48, 'n_steps': 5, 'gamma': 1.9941681121436816, 'lambda_sparse': 0.0016022794889580616, 'lr': 0.011339922897695306, 'weight_decay': 0.0009902727965337347}. Best is trial 11 with value: 0.07478458921409925.
/work/dlclarge2/alidemaa-dl_lab/automl/automl-exam-ss25-tabular-freiburg-template/automl-tabular-env/lib/python3.10/site-packages/pytorch_tabnet/callbacks.py:172: UserWarning: Best weights from best epoch are automatically used!
  warnings.warn(wrn_msg)
[I 2025-08-04 08:52:29,202] Trial 12 finished with value: 0.08538066299525471 and parameters: {'n_d': 45, 'n_a': 50, 'n_steps': 7, 'gamma': 1.7673244883716153, 'lambda_sparse': 0.0011473558394225181, 'lr': 0.017205567656621214, 'weight_decay': 0.0009714728642859647}. Best is trial 12 with value: 0.08538066299525471.
/work/dlclarge2/alidemaa-dl_lab/automl/automl-exam-ss25-tabular-freiburg-template/automl-tabular-env/lib/python3.10/site-packages/pytorch_tabnet/callbacks.py:172: UserWarning: Best weights from best epoch are automatically used!
  warnings.warn(wrn_msg)
[I 2025-08-04 08:53:30,792] Trial 13 finished with value: 0.0775411547205328 and parameters: {'n_d': 41, 'n_a': 53, 'n_steps': 7, 'gamma': 1.9998020191252057, 'lambda_sparse': 0.0008714849566265953, 'lr': 0.009719909928310571, 'weight_decay': 0.0009304053451281424}. Best is trial 12 with value: 0.08538066299525471.
/work/dlclarge2/alidemaa-dl_lab/automl/automl-exam-ss25-tabular-freiburg-template/automl-tabular-env/lib/python3.10/site-packages/pytorch_tabnet/callbacks.py:172: UserWarning: Best weights from best epoch are automatically used!
  warnings.warn(wrn_msg)
[I 2025-08-04 08:53:47,975] Trial 14 finished with value: 0.020191049136382255 and parameters: {'n_d': 23, 'n_a': 54, 'n_steps': 8, 'gamma': 1.7209597803441037, 'lambda_sparse': 0.000688581031125566, 'lr': 0.0026560878923628612, 'weight_decay': 0.00013809860856426007}. Best is trial 12 with value: 0.08538066299525471.
/work/dlclarge2/alidemaa-dl_lab/automl/automl-exam-ss25-tabular-freiburg-template/automl-tabular-env/lib/python3.10/site-packages/pytorch_tabnet/callbacks.py:172: UserWarning: Best weights from best epoch are automatically used!
  warnings.warn(wrn_msg)
[I 2025-08-04 08:54:48,473] Trial 15 finished with value: 0.08531334180985672 and parameters: {'n_d': 39, 'n_a': 62, 'n_steps': 7, 'gamma': 1.7005389859408917, 'lambda_sparse': 0.00011059951495578398, 'lr': 0.019948960983471486, 'weight_decay': 0.0009296867569286727}. Best is trial 12 with value: 0.08538066299525471.
/work/dlclarge2/alidemaa-dl_lab/automl/automl-exam-ss25-tabular-freiburg-template/automl-tabular-env/lib/python3.10/site-packages/pytorch_tabnet/callbacks.py:172: UserWarning: Best weights from best epoch are automatically used!
  warnings.warn(wrn_msg)
[I 2025-08-04 08:55:21,616] Trial 16 finished with value: 0.05907912410873106 and parameters: {'n_d': 38, 'n_a': 63, 'n_steps': 7, 'gamma': 1.6793258151259038, 'lambda_sparse': 0.00013591232113117698, 'lr': 0.02051243696138081, 'weight_decay': 0.00013544330987126177}. Best is trial 12 with value: 0.08538066299525471.
/work/dlclarge2/alidemaa-dl_lab/automl/automl-exam-ss25-tabular-freiburg-template/automl-tabular-env/lib/python3.10/site-packages/pytorch_tabnet/callbacks.py:172: UserWarning: Best weights from best epoch are automatically used!
  warnings.warn(wrn_msg)
[I 2025-08-04 08:56:13,313] Trial 17 finished with value: 0.04648647772736947 and parameters: {'n_d': 54, 'n_a': 59, 'n_steps': 8, 'gamma': 1.6386796097180447, 'lambda_sparse': 7.383115521006047e-05, 'lr': 0.004859560624202948, 'weight_decay': 0.0001550465334711436}. Best is trial 12 with value: 0.08538066299525471.
/work/dlclarge2/alidemaa-dl_lab/automl/automl-exam-ss25-tabular-freiburg-template/automl-tabular-env/lib/python3.10/site-packages/pytorch_tabnet/callbacks.py:172: UserWarning: Best weights from best epoch are automatically used!
  warnings.warn(wrn_msg)
[I 2025-08-04 08:56:58,774] Trial 18 finished with value: 0.054302755129383984 and parameters: {'n_d': 24, 'n_a': 30, 'n_steps': 9, 'gamma': 1.8320171060906987, 'lambda_sparse': 5.5067132334358396e-05, 'lr': 0.02660761990152245, 'weight_decay': 0.0004253299677070816}. Best is trial 12 with value: 0.08538066299525471.
/work/dlclarge2/alidemaa-dl_lab/automl/automl-exam-ss25-tabular-freiburg-template/automl-tabular-env/lib/python3.10/site-packages/pytorch_tabnet/callbacks.py:172: UserWarning: Best weights from best epoch are automatically used!
  warnings.warn(wrn_msg)
[I 2025-08-04 08:57:11,484] Trial 19 finished with value: 5.761475995735843e-06 and parameters: {'n_d': 35, 'n_a': 49, 'n_steps': 6, 'gamma': 1.5968075935139188, 'lambda_sparse': 0.0005637130195912499, 'lr': 0.0012416816838273085, 'weight_decay': 7.364700503659543e-05}. Best is trial 12 with value: 0.08538066299525471.
/work/dlclarge2/alidemaa-dl_lab/automl/automl-exam-ss25-tabular-freiburg-template/automl-tabular-env/lib/python3.10/site-packages/pytorch_tabnet/callbacks.py:172: UserWarning: Best weights from best epoch are automatically used!
  warnings.warn(wrn_msg)
[I 2025-08-04 08:58:31,536] A new study created in memory with name: no-name-b4ae53f0-bda8-4a3c-bbd5-9f840471a2df
/work/dlclarge2/alidemaa-dl_lab/automl/automl-exam-ss25-tabular-freiburg-template/automl-tabular-env/lib/python3.10/site-packages/pytorch_tabnet/callbacks.py:172: UserWarning: Best weights from best epoch are automatically used!
  warnings.warn(wrn_msg)
[I 2025-08-04 08:59:23,338] Trial 0 finished with value: 0.06628381623204838 and parameters: {'n_d': 13, 'n_a': 11, 'n_steps': 6, 'gamma': 1.1074553472709567, 'lambda_sparse': 0.0007976687144482501, 'lr': 0.019158157832921047, 'weight_decay': 0.00042974445616853304}. Best is trial 0 with value: 0.06628381623204838.
/work/dlclarge2/alidemaa-dl_lab/automl/automl-exam-ss25-tabular-freiburg-template/automl-tabular-env/lib/python3.10/site-packages/pytorch_tabnet/callbacks.py:172: UserWarning: Best weights from best epoch are automatically used!
  warnings.warn(wrn_msg)
[I 2025-08-04 09:00:35,467] Trial 1 finished with value: 0.07595050981401907 and parameters: {'n_d': 59, 'n_a': 10, 'n_steps': 9, 'gamma': 1.1726314349049125, 'lambda_sparse': 0.009985526356473757, 'lr': 0.005523984871250267, 'weight_decay': 0.0007108178340430673}. Best is trial 1 with value: 0.07595050981401907.
/work/dlclarge2/alidemaa-dl_lab/automl/automl-exam-ss25-tabular-freiburg-template/automl-tabular-env/lib/python3.10/site-packages/pytorch_tabnet/callbacks.py:172: UserWarning: Best weights from best epoch are automatically used!
  warnings.warn(wrn_msg)
[I 2025-08-04 09:01:01,087] Trial 2 finished with value: 0.04016137948947829 and parameters: {'n_d': 14, 'n_a': 46, 'n_steps': 3, 'gamma': 1.5495967077681778, 'lambda_sparse': 0.00013495114163132905, 'lr': 0.0026970020560481834, 'weight_decay': 0.0008271040842908635}. Best is trial 1 with value: 0.07595050981401907.
/work/dlclarge2/alidemaa-dl_lab/automl/automl-exam-ss25-tabular-freiburg-template/automl-tabular-env/lib/python3.10/site-packages/pytorch_tabnet/callbacks.py:172: UserWarning: Best weights from best epoch are automatically used!
  warnings.warn(wrn_msg)
[I 2025-08-04 09:01:31,566] Trial 3 finished with value: 0.0734073315342405 and parameters: {'n_d': 53, 'n_a': 36, 'n_steps': 3, 'gamma': 1.61301752106781, 'lambda_sparse': 0.0009677640256696347, 'lr': 0.09333681733576743, 'weight_decay': 0.00024107904904801145}. Best is trial 1 with value: 0.07595050981401907.
/work/dlclarge2/alidemaa-dl_lab/automl/automl-exam-ss25-tabular-freiburg-template/automl-tabular-env/lib/python3.10/site-packages/pytorch_tabnet/callbacks.py:172: UserWarning: Best weights from best epoch are automatically used!
  warnings.warn(wrn_msg)
[I 2025-08-04 09:02:15,085] Trial 4 finished with value: 0.047352837312139906 and parameters: {'n_d': 44, 'n_a': 36, 'n_steps': 5, 'gamma': 1.440347990632747, 'lambda_sparse': 0.0023414410635802315, 'lr': 0.03594766382422295, 'weight_decay': 0.00015404318488883786}. Best is trial 1 with value: 0.07595050981401907.
/work/dlclarge2/alidemaa-dl_lab/automl/automl-exam-ss25-tabular-freiburg-template/automl-tabular-env/lib/python3.10/site-packages/pytorch_tabnet/callbacks.py:172: UserWarning: Best weights from best epoch are automatically used!
  warnings.warn(wrn_msg)
[I 2025-08-04 09:03:27,193] Trial 5 finished with value: 0.06645568740448804 and parameters: {'n_d': 44, 'n_a': 29, 'n_steps': 10, 'gamma': 1.918609056658655, 'lambda_sparse': 3.804677475374879e-05, 'lr': 0.04655227022570807, 'weight_decay': 0.000709825138947411}. Best is trial 1 with value: 0.07595050981401907.
/work/dlclarge2/alidemaa-dl_lab/automl/automl-exam-ss25-tabular-freiburg-template/automl-tabular-env/lib/python3.10/site-packages/pytorch_tabnet/callbacks.py:172: UserWarning: Best weights from best epoch are automatically used!
  warnings.warn(wrn_msg)
[I 2025-08-04 09:03:57,163] Trial 6 finished with value: 0.05152982723574895 and parameters: {'n_d': 36, 'n_a': 12, 'n_steps': 4, 'gamma': 1.7344669577922929, 'lambda_sparse': 0.009789209739788356, 'lr': 0.05846514623569194, 'weight_decay': 3.7534510257277034e-05}. Best is trial 1 with value: 0.07595050981401907.
/work/dlclarge2/alidemaa-dl_lab/automl/automl-exam-ss25-tabular-freiburg-template/automl-tabular-env/lib/python3.10/site-packages/pytorch_tabnet/callbacks.py:172: UserWarning: Best weights from best epoch are automatically used!
  warnings.warn(wrn_msg)
[I 2025-08-04 09:04:29,015] Trial 7 finished with value: 0.03994265438317146 and parameters: {'n_d': 58, 'n_a': 46, 'n_steps': 4, 'gamma': 1.338054876615963, 'lambda_sparse': 0.00742567831502968, 'lr': 0.013269474519067528, 'weight_decay': 2.895260061314807e-05}. Best is trial 1 with value: 0.07595050981401907.
/work/dlclarge2/alidemaa-dl_lab/automl/automl-exam-ss25-tabular-freiburg-template/automl-tabular-env/lib/python3.10/site-packages/pytorch_tabnet/callbacks.py:172: UserWarning: Best weights from best epoch are automatically used!
  warnings.warn(wrn_msg)
[I 2025-08-04 09:05:02,588] Trial 8 finished with value: 0.02343200917907806 and parameters: {'n_d': 10, 'n_a': 23, 'n_steps': 3, 'gamma': 1.314923505912244, 'lambda_sparse': 0.009102072253766448, 'lr': 0.0006829858170378558, 'weight_decay': 4.057187436249658e-06}. Best is trial 1 with value: 0.07595050981401907.
/work/dlclarge2/alidemaa-dl_lab/automl/automl-exam-ss25-tabular-freiburg-template/automl-tabular-env/lib/python3.10/site-packages/pytorch_tabnet/callbacks.py:172: UserWarning: Best weights from best epoch are automatically used!
  warnings.warn(wrn_msg)
[I 2025-08-04 09:05:56,994] Trial 9 finished with value: 0.041507088027590844 and parameters: {'n_d': 13, 'n_a': 26, 'n_steps': 6, 'gamma': 1.6677292687182041, 'lambda_sparse': 1.0674587686738693e-05, 'lr': 0.006775618602146569, 'weight_decay': 2.9146845323928154e-05}. Best is trial 1 with value: 0.07595050981401907.
/work/dlclarge2/alidemaa-dl_lab/automl/automl-exam-ss25-tabular-freiburg-template/automl-tabular-env/lib/python3.10/site-packages/pytorch_tabnet/callbacks.py:172: UserWarning: Best weights from best epoch are automatically used!
  warnings.warn(wrn_msg)
[I 2025-08-04 09:06:16,440] Trial 10 finished with value: 0.0022090489936565927 and parameters: {'n_d': 64, 'n_a': 58, 'n_steps': 9, 'gamma': 1.0206013738543032, 'lambda_sparse': 0.0002215748659860655, 'lr': 0.00018108042388523366, 'weight_decay': 1.1215931729493257e-06}. Best is trial 1 with value: 0.07595050981401907.
/work/dlclarge2/alidemaa-dl_lab/automl/automl-exam-ss25-tabular-freiburg-template/automl-tabular-env/lib/python3.10/site-packages/pytorch_tabnet/callbacks.py:172: UserWarning: Best weights from best epoch are automatically used!
  warnings.warn(wrn_msg)
[I 2025-08-04 09:07:30,832] Trial 11 finished with value: 0.08395968620982797 and parameters: {'n_d': 53, 'n_a': 63, 'n_steps': 9, 'gamma': 1.1582379876780342, 'lambda_sparse': 0.0012606502512084831, 'lr': 0.0018505494873379666, 'weight_decay': 0.00018564135497593505}. Best is trial 11 with value: 0.08395968620982797.
/work/dlclarge2/alidemaa-dl_lab/automl/automl-exam-ss25-tabular-freiburg-template/automl-tabular-env/lib/python3.10/site-packages/pytorch_tabnet/callbacks.py:172: UserWarning: Best weights from best epoch are automatically used!
  warnings.warn(wrn_msg)
[I 2025-08-04 09:08:38,539] Trial 12 finished with value: 0.08513469557505304 and parameters: {'n_d': 50, 'n_a': 63, 'n_steps': 8, 'gamma': 1.1908106128611065, 'lambda_sparse': 0.0021739952272249122, 'lr': 0.0020127619796109263, 'weight_decay': 0.0001011564080793769}. Best is trial 12 with value: 0.08513469557505304.
/work/dlclarge2/alidemaa-dl_lab/automl/automl-exam-ss25-tabular-freiburg-template/automl-tabular-env/lib/python3.10/site-packages/pytorch_tabnet/callbacks.py:172: UserWarning: Best weights from best epoch are automatically used!
  warnings.warn(wrn_msg)
[I 2025-08-04 09:09:45,930] Trial 13 finished with value: 0.05012830489938014 and parameters: {'n_d': 32, 'n_a': 64, 'n_steps': 8, 'gamma': 1.1768827552802168, 'lambda_sparse': 0.0018112711263073614, 'lr': 0.0012141623641701517, 'weight_decay': 8.468635403803185e-05}. Best is trial 12 with value: 0.08513469557505304.
/work/dlclarge2/alidemaa-dl_lab/automl/automl-exam-ss25-tabular-freiburg-template/automl-tabular-env/lib/python3.10/site-packages/pytorch_tabnet/callbacks.py:172: UserWarning: Best weights from best epoch are automatically used!
  warnings.warn(wrn_msg)
[I 2025-08-04 09:10:00,253] Trial 14 finished with value: -0.0064839972640715615 and parameters: {'n_d': 47, 'n_a': 54, 'n_steps': 8, 'gamma': 1.2964743655411273, 'lambda_sparse': 0.0003948111411683862, 'lr': 0.0004615310452086177, 'weight_decay': 9.34495170340431e-05}. Best is trial 12 with value: 0.08513469557505304.
/work/dlclarge2/alidemaa-dl_lab/automl/automl-exam-ss25-tabular-freiburg-template/automl-tabular-env/lib/python3.10/site-packages/pytorch_tabnet/callbacks.py:172: UserWarning: Best weights from best epoch are automatically used!
  warnings.warn(wrn_msg)
[I 2025-08-04 09:11:01,309] Trial 15 finished with value: 0.049258600864701685 and parameters: {'n_d': 27, 'n_a': 64, 'n_steps': 7, 'gamma': 1.087339452614921, 'lambda_sparse': 0.0029109421307907217, 'lr': 0.0017543331662988864, 'weight_decay': 7.473903738315996e-06}. Best is trial 12 with value: 0.08513469557505304.
/work/dlclarge2/alidemaa-dl_lab/automl/automl-exam-ss25-tabular-freiburg-template/automl-tabular-env/lib/python3.10/site-packages/pytorch_tabnet/callbacks.py:172: UserWarning: Best weights from best epoch are automatically used!
  warnings.warn(wrn_msg)
[I 2025-08-04 09:11:33,958] Trial 16 finished with value: -0.08967159611573994 and parameters: {'n_d': 50, 'n_a': 50, 'n_steps': 10, 'gamma': 1.2306116913462795, 'lambda_sparse': 0.0006131356097315776, 'lr': 0.0001359359426970279, 'weight_decay': 6.168457593677475e-05}. Best is trial 12 with value: 0.08513469557505304.
/work/dlclarge2/alidemaa-dl_lab/automl/automl-exam-ss25-tabular-freiburg-template/automl-tabular-env/lib/python3.10/site-packages/pytorch_tabnet/callbacks.py:172: UserWarning: Best weights from best epoch are automatically used!
  warnings.warn(wrn_msg)
[I 2025-08-04 09:11:55,790] Trial 17 finished with value: -0.04626225887121027 and parameters: {'n_d': 40, 'n_a': 57, 'n_steps': 8, 'gamma': 1.4244427277211504, 'lambda_sparse': 0.00010475091550977328, 'lr': 0.00036896238851107056, 'weight_decay': 1.1883962502334473e-05}. Best is trial 12 with value: 0.08513469557505304.
/work/dlclarge2/alidemaa-dl_lab/automl/automl-exam-ss25-tabular-freiburg-template/automl-tabular-env/lib/python3.10/site-packages/pytorch_tabnet/callbacks.py:172: UserWarning: Best weights from best epoch are automatically used!
  warnings.warn(wrn_msg)
[I 2025-08-04 09:12:57,684] Trial 18 finished with value: 0.09965173850557985 and parameters: {'n_d': 55, 'n_a': 42, 'n_steps': 7, 'gamma': 1.0099250437774066, 'lambda_sparse': 0.004344635124617683, 'lr': 0.004648348481071654, 'weight_decay': 0.00023071331875048053}. Best is trial 18 with value: 0.09965173850557985.
/work/dlclarge2/alidemaa-dl_lab/automl/automl-exam-ss25-tabular-freiburg-template/automl-tabular-env/lib/python3.10/site-packages/pytorch_tabnet/callbacks.py:172: UserWarning: Best weights from best epoch are automatically used!
  warnings.warn(wrn_msg)
[I 2025-08-04 09:13:51,846] Trial 19 finished with value: 0.0770385285991162 and parameters: {'n_d': 25, 'n_a': 42, 'n_steps': 7, 'gamma': 1.0552565191930885, 'lambda_sparse': 0.003860083132468038, 'lr': 0.004972130288941574, 'weight_decay': 0.00033951506865020307}. Best is trial 18 with value: 0.09965173850557985.
/work/dlclarge2/alidemaa-dl_lab/automl/automl-exam-ss25-tabular-freiburg-template/automl-tabular-env/lib/python3.10/site-packages/pytorch_tabnet/callbacks.py:172: UserWarning: Best weights from best epoch are automatically used!
  warnings.warn(wrn_msg)
[I 2025-08-04 09:15:04,790] A new study created in memory with name: no-name-37a38c2d-b5a1-414b-a09e-ecfcf7e62b91
/work/dlclarge2/alidemaa-dl_lab/automl/automl-exam-ss25-tabular-freiburg-template/automl-tabular-env/lib/python3.10/site-packages/pytorch_tabnet/callbacks.py:172: UserWarning: Best weights from best epoch are automatically used!
  warnings.warn(wrn_msg)
[I 2025-08-04 09:15:43,016] Trial 0 finished with value: 0.10596603911848446 and parameters: {'n_d': 45, 'n_a': 48, 'n_steps': 4, 'gamma': 1.5074028031532005, 'lambda_sparse': 0.008049975212801192, 'lr': 0.01162567071360272, 'weight_decay': 0.0005705015655347898}. Best is trial 0 with value: 0.10596603911848446.
/work/dlclarge2/alidemaa-dl_lab/automl/automl-exam-ss25-tabular-freiburg-template/automl-tabular-env/lib/python3.10/site-packages/pytorch_tabnet/callbacks.py:172: UserWarning: Best weights from best epoch are automatically used!
  warnings.warn(wrn_msg)
[I 2025-08-04 09:15:55,112] Trial 1 finished with value: 0.0011809878495736559 and parameters: {'n_d': 34, 'n_a': 53, 'n_steps': 3, 'gamma': 1.1635636752375258, 'lambda_sparse': 1.942543985006347e-05, 'lr': 0.0004198093858583141, 'weight_decay': 0.0004982988419473978}. Best is trial 0 with value: 0.10596603911848446.
/work/dlclarge2/alidemaa-dl_lab/automl/automl-exam-ss25-tabular-freiburg-template/automl-tabular-env/lib/python3.10/site-packages/pytorch_tabnet/callbacks.py:172: UserWarning: Best weights from best epoch are automatically used!
  warnings.warn(wrn_msg)
[I 2025-08-04 09:16:05,156] Trial 2 finished with value: -0.042577159025996014 and parameters: {'n_d': 15, 'n_a': 26, 'n_steps': 5, 'gamma': 1.9090844323890914, 'lambda_sparse': 1.6254651873504422e-05, 'lr': 0.0004598224139187861, 'weight_decay': 5.18178157328158e-05}. Best is trial 0 with value: 0.10596603911848446.
/work/dlclarge2/alidemaa-dl_lab/automl/automl-exam-ss25-tabular-freiburg-template/automl-tabular-env/lib/python3.10/site-packages/pytorch_tabnet/callbacks.py:172: UserWarning: Best weights from best epoch are automatically used!
  warnings.warn(wrn_msg)
[I 2025-08-04 09:16:44,272] Trial 3 finished with value: 0.10056340970256428 and parameters: {'n_d': 59, 'n_a': 37, 'n_steps': 5, 'gamma': 1.7843948716019353, 'lambda_sparse': 6.759793620557251e-05, 'lr': 0.06544505941643047, 'weight_decay': 2.500456685813464e-05}. Best is trial 0 with value: 0.10596603911848446.
/work/dlclarge2/alidemaa-dl_lab/automl/automl-exam-ss25-tabular-freiburg-template/automl-tabular-env/lib/python3.10/site-packages/pytorch_tabnet/callbacks.py:172: UserWarning: Best weights from best epoch are automatically used!
  warnings.warn(wrn_msg)
[I 2025-08-04 09:17:51,805] Trial 4 finished with value: 0.10758599541166614 and parameters: {'n_d': 64, 'n_a': 34, 'n_steps': 8, 'gamma': 1.0503971459290766, 'lambda_sparse': 0.000808156463352341, 'lr': 0.004839522246313971, 'weight_decay': 0.00013532742378831358}. Best is trial 4 with value: 0.10758599541166614.
/work/dlclarge2/alidemaa-dl_lab/automl/automl-exam-ss25-tabular-freiburg-template/automl-tabular-env/lib/python3.10/site-packages/pytorch_tabnet/callbacks.py:172: UserWarning: Best weights from best epoch are automatically used!
  warnings.warn(wrn_msg)
[I 2025-08-04 09:18:06,229] Trial 5 finished with value: 0.002996062100811381 and parameters: {'n_d': 37, 'n_a': 35, 'n_steps': 7, 'gamma': 1.595874171528266, 'lambda_sparse': 7.901813751330529e-05, 'lr': 0.000617483750229815, 'weight_decay': 5.360254477302148e-06}. Best is trial 4 with value: 0.10758599541166614.
/work/dlclarge2/alidemaa-dl_lab/automl/automl-exam-ss25-tabular-freiburg-template/automl-tabular-env/lib/python3.10/site-packages/pytorch_tabnet/callbacks.py:172: UserWarning: Best weights from best epoch are automatically used!
  warnings.warn(wrn_msg)
[I 2025-08-04 09:18:40,351] Trial 6 finished with value: -0.06560592373882379 and parameters: {'n_d': 9, 'n_a': 40, 'n_steps': 9, 'gamma': 1.293220595375458, 'lambda_sparse': 1.4863553734151464e-05, 'lr': 0.00014457920043904282, 'weight_decay': 4.725605016781292e-06}. Best is trial 4 with value: 0.10758599541166614.
/work/dlclarge2/alidemaa-dl_lab/automl/automl-exam-ss25-tabular-freiburg-template/automl-tabular-env/lib/python3.10/site-packages/pytorch_tabnet/callbacks.py:172: UserWarning: Best weights from best epoch are automatically used!
  warnings.warn(wrn_msg)
