[I 2025-08-05 13:00:40,224] Trial 38 finished with value: -0.9846497122909987 and parameters: {'learning_rate': 0.1293301361489344, 'num_leaves': 123, 'max_depth': 4, 'min_child_samples': 67, 'feature_fraction': 0.8130472788619331, 'bagging_fraction': 0.5013339806386407, 'reg_alpha': 1.9585985092618524e-05, 'reg_lambda': 0.0002480235864678539}. Best is trial 31 with value: -0.9879990328860193.
[I 2025-08-05 13:00:41,350] Trial 39 finished with value: -0.9857606091594502 and parameters: {'learning_rate': 0.1956018137717553, 'num_leaves': 145, 'max_depth': 7, 'min_child_samples': 22, 'feature_fraction': 0.9899226356996809, 'bagging_fraction': 0.9630947936090172, 'reg_alpha': 8.878948278543989e-07, 'reg_lambda': 3.586764912589282e-06}. Best is trial 31 with value: -0.9879990328860193.
[I 2025-08-05 13:00:42,717] Trial 40 finished with value: -0.9861483532402211 and parameters: {'learning_rate': 0.04823714040678821, 'num_leaves': 200, 'max_depth': 4, 'min_child_samples': 32, 'feature_fraction': 0.6164032825930349, 'bagging_fraction': 0.8455193484576664, 'reg_alpha': 0.0006121496593029671, 'reg_lambda': 4.3052016214873256e-05}. Best is trial 31 with value: -0.9879990328860193.
[I 2025-08-05 13:00:44,863] Trial 41 finished with value: -0.9865794002314029 and parameters: {'learning_rate': 0.12736882276726205, 'num_leaves': 180, 'max_depth': 9, 'min_child_samples': 14, 'feature_fraction': 0.5543932613164914, 'bagging_fraction': 0.8619141949295612, 'reg_alpha': 1.3835144728584246e-06, 'reg_lambda': 4.308564258342925}. Best is trial 31 with value: -0.9879990328860193.
[I 2025-08-05 13:00:46,640] Trial 42 finished with value: -0.9864899707571642 and parameters: {'learning_rate': 0.11640543831565052, 'num_leaves': 169, 'max_depth': 8, 'min_child_samples': 11, 'feature_fraction': 0.64851332992864, 'bagging_fraction': 0.887105135671054, 'reg_alpha': 4.151554040019469e-07, 'reg_lambda': 0.05702044679692784}. Best is trial 31 with value: -0.9879990328860193.
[I 2025-08-05 13:00:47,828] Trial 43 finished with value: -0.9862233792450693 and parameters: {'learning_rate': 0.15319460975861438, 'num_leaves': 138, 'max_depth': 9, 'min_child_samples': 15, 'feature_fraction': 0.785517566476569, 'bagging_fraction': 0.8574320686468996, 'reg_alpha': 8.940710679335368e-06, 'reg_lambda': 0.9883732589095742}. Best is trial 31 with value: -0.9879990328860193.
[I 2025-08-05 13:00:52,092] Trial 44 finished with value: -0.9868981763819231 and parameters: {'learning_rate': 0.09696556666025834, 'num_leaves': 159, 'max_depth': 11, 'min_child_samples': 10, 'feature_fraction': 0.6714746757944438, 'bagging_fraction': 0.8150557744500045, 'reg_alpha': 3.3011828431753455e-08, 'reg_lambda': 0.000476608710759108}. Best is trial 31 with value: -0.9879990328860193.
[I 2025-08-05 13:00:55,031] Trial 45 finished with value: -0.9860571625314061 and parameters: {'learning_rate': 0.17593167061879617, 'num_leaves': 176, 'max_depth': 10, 'min_child_samples': 60, 'feature_fraction': 0.5752124059107432, 'bagging_fraction': 0.9279885353236574, 'reg_alpha': 7.339348514738463e-08, 'reg_lambda': 0.031355207515892373}. Best is trial 31 with value: -0.9879990328860193.
[I 2025-08-05 13:00:56,154] Trial 46 finished with value: -0.9840973573572528 and parameters: {'learning_rate': 0.13876286943444374, 'num_leaves': 197, 'max_depth': 5, 'min_child_samples': 92, 'feature_fraction': 0.6083811284380387, 'bagging_fraction': 0.8759438685792194, 'reg_alpha': 2.8647682482129344e-06, 'reg_lambda': 0.0037985902638350256}. Best is trial 31 with value: -0.9879990328860193.
[I 2025-08-05 13:00:58,555] Trial 47 finished with value: -0.9856961992260367 and parameters: {'learning_rate': 0.039003521725171166, 'num_leaves': 149, 'max_depth': 8, 'min_child_samples': 22, 'feature_fraction': 0.9153163866399331, 'bagging_fraction': 0.6088435881640017, 'reg_alpha': 2.340559173163026e-08, 'reg_lambda': 0.0010420611415106447}. Best is trial 31 with value: -0.9879990328860193.
[I 2025-08-05 13:01:01,407] Trial 48 finished with value: -0.9859231856306682 and parameters: {'learning_rate': 0.028707747283418756, 'num_leaves': 133, 'max_depth': 7, 'min_child_samples': 17, 'feature_fraction': 0.638569301262528, 'bagging_fraction': 0.7309306946570661, 'reg_alpha': 3.981335059637075e-07, 'reg_lambda': 3.4199189046230976e-05}. Best is trial 31 with value: -0.9879990328860193.
[I 2025-08-05 13:01:04,237] Trial 49 finished with value: -0.9850878184182384 and parameters: {'learning_rate': 0.08644262967346897, 'num_leaves': 209, 'max_depth': 9, 'min_child_samples': 71, 'feature_fraction': 0.5322849656343382, 'bagging_fraction': 0.9967411011074679, 'reg_alpha': 0.006820610536238465, 'reg_lambda': 8.49747687871126e-06}. Best is trial 31 with value: -0.9879990328860193.
[I 2025-08-05 13:01:05,273] Trial 50 finished with value: -0.9868086545759398 and parameters: {'learning_rate': 0.17611677471844353, 'num_leaves': 116, 'max_depth': 6, 'min_child_samples': 14, 'feature_fraction': 0.7010928088414482, 'bagging_fraction': 0.8311428059899459, 'reg_alpha': 7.633786478083986e-06, 'reg_lambda': 1.4187206847345547e-06}. Best is trial 31 with value: -0.9879990328860193.
[I 2025-08-05 13:01:06,397] Trial 51 finished with value: -0.9859528247099071 and parameters: {'learning_rate': 0.15794745050281928, 'num_leaves': 159, 'max_depth': 6, 'min_child_samples': 23, 'feature_fraction': 0.5290889479515248, 'bagging_fraction': 0.8452467592363159, 'reg_alpha': 7.964377944743309e-07, 'reg_lambda': 0.0006874711021097879}. Best is trial 31 with value: -0.9879990328860193.
[I 2025-08-05 13:01:07,911] Trial 52 finished with value: -0.9860303203515295 and parameters: {'learning_rate': 0.12091008150921699, 'num_leaves': 171, 'max_depth': 7, 'min_child_samples': 18, 'feature_fraction': 0.5728600724279137, 'bagging_fraction': 0.9043299205858639, 'reg_alpha': 3.0737742058414563e-07, 'reg_lambda': 0.0001756704386077031}. Best is trial 31 with value: -0.9879990328860193.
[I 2025-08-05 13:01:09,667] Trial 53 finished with value: -0.9869744370261804 and parameters: {'learning_rate': 0.10450368357430939, 'num_leaves': 144, 'max_depth': 6, 'min_child_samples': 13, 'feature_fraction': 0.5282116926663796, 'bagging_fraction': 0.7805890581570856, 'reg_alpha': 3.6763545437465525e-05, 'reg_lambda': 0.0065828901954720735}. Best is trial 31 with value: -0.9879990328860193.
[I 2025-08-05 13:01:11,953] Trial 54 finished with value: -0.9861739657720145 and parameters: {'learning_rate': 0.17346430749328517, 'num_leaves': 51, 'max_depth': 14, 'min_child_samples': 27, 'feature_fraction': 0.5586372355187991, 'bagging_fraction': 0.8437207969732806, 'reg_alpha': 6.651653534495644e-08, 'reg_lambda': 4.211720601546369}. Best is trial 31 with value: -0.9879990328860193.
[I 2025-08-05 13:01:15,099] Trial 55 finished with value: -0.9867922566082991 and parameters: {'learning_rate': 0.14695326196203293, 'num_leaves': 151, 'max_depth': 10, 'min_child_samples': 10, 'feature_fraction': 0.5137239743203557, 'bagging_fraction': 0.8912459499674709, 'reg_alpha': 6.279820835382187e-07, 'reg_lambda': 0.0018549568812067433}. Best is trial 31 with value: -0.9879990328860193.
[I 2025-08-05 13:01:16,071] Trial 56 finished with value: -0.9866797631801487 and parameters: {'learning_rate': 0.13303901645539085, 'num_leaves': 189, 'max_depth': 5, 'min_child_samples': 20, 'feature_fraction': 0.5922201819706935, 'bagging_fraction': 0.9164243485538224, 'reg_alpha': 2.542834341437061e-07, 'reg_lambda': 2.0516877237188335e-07}. Best is trial 31 with value: -0.9879990328860193.
[I 2025-08-05 13:01:17,389] Trial 57 finished with value: -0.9870198212294377 and parameters: {'learning_rate': 0.18261644280272346, 'num_leaves': 162, 'max_depth': 4, 'min_child_samples': 17, 'feature_fraction': 0.5036768786693336, 'bagging_fraction': 0.8062873092440409, 'reg_alpha': 2.2527525222606647e-08, 'reg_lambda': 3.7150222972156575e-05}. Best is trial 31 with value: -0.9879990328860193.
[I 2025-08-05 13:01:19,776] Trial 58 finished with value: -0.9860048656918409 and parameters: {'learning_rate': 0.0944728525336205, 'num_leaves': 26, 'max_depth': 11, 'min_child_samples': 35, 'feature_fraction': 0.7610439157522915, 'bagging_fraction': 0.8658528332085295, 'reg_alpha': 2.076340832487175e-06, 'reg_lambda': 0.0005207068844824646}. Best is trial 31 with value: -0.9879990328860193.
[I 2025-08-05 13:01:20,543] Trial 59 finished with value: -0.9865971119045289 and parameters: {'learning_rate': 0.16143840835512058, 'num_leaves': 102, 'max_depth': 3, 'min_child_samples': 13, 'feature_fraction': 0.7168195167847097, 'bagging_fraction': 0.8478687831381345, 'reg_alpha': 0.8980992068116294, 'reg_lambda': 0.2676367874653128}. Best is trial 31 with value: -0.9879990328860193.
[I 2025-08-05 13:01:26,260] Trial 60 finished with value: -0.9856623108711224 and parameters: {'learning_rate': 0.01789528035385612, 'num_leaves': 130, 'max_depth': 9, 'min_child_samples': 24, 'feature_fraction': 0.6057841410755372, 'bagging_fraction': 0.7701032823057072, 'reg_alpha': 1.5471825695098408e-07, 'reg_lambda': 0.00015132472931856096}. Best is trial 31 with value: -0.9879990328860193.
[I 2025-08-05 13:01:27,525] Trial 61 finished with value: -0.987249451222706 and parameters: {'learning_rate': 0.16415773876964443, 'num_leaves': 228, 'max_depth': 7, 'min_child_samples': 11, 'feature_fraction': 0.8406984342342535, 'bagging_fraction': 0.8168930520458646, 'reg_alpha': 5.983644109070899e-06, 'reg_lambda': 0.00033998519690463236}. Best is trial 31 with value: -0.9879990328860193.
[I 2025-08-05 13:01:28,585] Trial 62 finished with value: -0.9865416072114511 and parameters: {'learning_rate': 0.14246319567203172, 'num_leaves': 227, 'max_depth': 7, 'min_child_samples': 13, 'feature_fraction': 0.8778707736338811, 'bagging_fraction': 0.8296414708519048, 'reg_alpha': 3.752611972213392e-06, 'reg_lambda': 9.557392762464854e-05}. Best is trial 31 with value: -0.9879990328860193.
[I 2025-08-05 13:01:30,651] Trial 63 finished with value: -0.9874602794736784 and parameters: {'learning_rate': 0.11459526526004513, 'num_leaves': 177, 'max_depth': 8, 'min_child_samples': 10, 'feature_fraction': 0.899379129967788, 'bagging_fraction': 0.8731130182292134, 'reg_alpha': 1.3777214736498081e-06, 'reg_lambda': 0.001025087767541426}. Best is trial 31 with value: -0.9879990328860193.
[I 2025-08-05 13:01:32,071] Trial 64 finished with value: -0.9859176475700137 and parameters: {'learning_rate': 0.11446406057269488, 'num_leaves': 181, 'max_depth': 8, 'min_child_samples': 17, 'feature_fraction': 0.9494792080665542, 'bagging_fraction': 0.9427867879597246, 'reg_alpha': 8.368323337946462e-07, 'reg_lambda': 0.022639786869083935}. Best is trial 31 with value: -0.9879990328860193.
[I 2025-08-05 13:01:33,762] Trial 65 finished with value: -0.9856585946906307 and parameters: {'learning_rate': 0.19949171709945593, 'num_leaves': 173, 'max_depth': 8, 'min_child_samples': 29, 'feature_fraction': 0.904103923644936, 'bagging_fraction': 0.8816719309217209, 'reg_alpha': 1.2198078484296486e-07, 'reg_lambda': 0.008641979786038092}. Best is trial 31 with value: -0.9879990328860193.
[I 2025-08-05 13:01:35,730] Trial 66 finished with value: -0.9860189781020375 and parameters: {'learning_rate': 0.10389105384747896, 'num_leaves': 205, 'max_depth': 9, 'min_child_samples': 21, 'feature_fraction': 0.6687902451328799, 'bagging_fraction': 0.8689175929385188, 'reg_alpha': 1.0684253104097143e-08, 'reg_lambda': 0.0008642450619887948}. Best is trial 31 with value: -0.9879990328860193.
[I 2025-08-05 13:01:38,108] Trial 67 finished with value: -0.9861847685604086 and parameters: {'learning_rate': 0.12171848546992174, 'num_leaves': 193, 'max_depth': 6, 'min_child_samples': 50, 'feature_fraction': 0.5438477398750303, 'bagging_fraction': 0.9131552692974101, 'reg_alpha': 1.4654780335936827e-05, 'reg_lambda': 0.0034467067500832936}. Best is trial 31 with value: -0.9879990328860193.
[I 2025-08-05 13:01:40,984] Trial 68 finished with value: -0.9853973892607086 and parameters: {'learning_rate': 0.07480295181373106, 'num_leaves': 139, 'max_depth': 8, 'min_child_samples': 41, 'feature_fraction': 0.7251951364720742, 'bagging_fraction': 0.9010767403359924, 'reg_alpha': 1.697523636802676e-06, 'reg_lambda': 1.5659781171024014e-08}. Best is trial 31 with value: -0.9879990328860193.
[I 2025-08-05 13:01:42,670] Trial 69 finished with value: -0.9867531723113971 and parameters: {'learning_rate': 0.14822118386328037, 'num_leaves': 165, 'max_depth': 10, 'min_child_samples': 13, 'feature_fraction': 0.8281519289712604, 'bagging_fraction': 0.796585054492928, 'reg_alpha': 0.00013888114874143444, 'reg_lambda': 0.5679888110580483}. Best is trial 31 with value: -0.9879990328860193.
[I 2025-08-05 13:01:44,393] Trial 70 finished with value: -0.9864671799655558 and parameters: {'learning_rate': 0.1313812129415191, 'num_leaves': 156, 'max_depth': 8, 'min_child_samples': 19, 'feature_fraction': 0.569625359318856, 'bagging_fraction': 0.9536606871826898, 'reg_alpha': 6.235727706877531e-08, 'reg_lambda': 2.5222853747444245}. Best is trial 31 with value: -0.9879990328860193.
[I 2025-08-05 13:01:45,625] Trial 71 finished with value: -0.98763484664321 and parameters: {'learning_rate': 0.16615763927474433, 'num_leaves': 215, 'max_depth': 7, 'min_child_samples': 10, 'feature_fraction': 0.8904522637914591, 'bagging_fraction': 0.8213260229096735, 'reg_alpha': 3.905895197493586e-06, 'reg_lambda': 0.00026270614529808436}. Best is trial 31 with value: -0.9879990328860193.
[I 2025-08-05 13:01:47,713] Trial 72 finished with value: -0.9883720183415127 and parameters: {'learning_rate': 0.18056080344222483, 'num_leaves': 219, 'max_depth': 7, 'min_child_samples': 10, 'feature_fraction': 0.9521349495066572, 'bagging_fraction': 0.8514734970258908, 'reg_alpha': 1.0536122334861126e-06, 'reg_lambda': 8.751163903031449}. Best is trial 72 with value: -0.9883720183415127.
[I 2025-08-05 13:01:49,089] Trial 73 finished with value: -0.9882622567663993 and parameters: {'learning_rate': 0.18947338820982654, 'num_leaves': 184, 'max_depth': 7, 'min_child_samples': 10, 'feature_fraction': 0.9514951125821989, 'bagging_fraction': 0.8510858430078347, 'reg_alpha': 1.325861121917445e-06, 'reg_lambda': 3.7338263475247464}. Best is trial 72 with value: -0.9883720183415127.
[I 2025-08-05 13:01:49,964] Trial 74 finished with value: -0.9864516976157051 and parameters: {'learning_rate': 0.18279017669887043, 'num_leaves': 247, 'max_depth': 7, 'min_child_samples': 15, 'feature_fraction': 0.9510566336291827, 'bagging_fraction': 0.8381791698312648, 'reg_alpha': 1.310691897260012e-05, 'reg_lambda': 7.043898119289713}. Best is trial 72 with value: -0.9883720183415127.
[I 2025-08-05 13:01:51,192] Trial 75 finished with value: -0.9870540187218367 and parameters: {'learning_rate': 0.18703605351195268, 'num_leaves': 237, 'max_depth': 7, 'min_child_samples': 12, 'feature_fraction': 0.9983139247218186, 'bagging_fraction': 0.8918860917327313, 'reg_alpha': 1.1723806622667706e-06, 'reg_lambda': 1.5374411649423436}. Best is trial 72 with value: -0.9883720183415127.
[I 2025-08-05 13:01:52,344] Trial 76 finished with value: -0.9865323826029837 and parameters: {'learning_rate': 0.15266555836306253, 'num_leaves': 214, 'max_depth': 7, 'min_child_samples': 16, 'feature_fraction': 0.9711370693829077, 'bagging_fraction': 0.8568036302327512, 'reg_alpha': 3.6870060183813194e-06, 'reg_lambda': 9.809340707206351}. Best is trial 72 with value: -0.9883720183415127.
[I 2025-08-05 13:01:53,883] Trial 77 finished with value: -0.9882840864322608 and parameters: {'learning_rate': 0.167989453276013, 'num_leaves': 219, 'max_depth': 6, 'min_child_samples': 10, 'feature_fraction': 0.9390785208970333, 'bagging_fraction': 0.8748692354636461, 'reg_alpha': 6.79197189722548e-05, 'reg_lambda': 6.176871920301797}. Best is trial 72 with value: -0.9883720183415127.
[I 2025-08-05 13:01:55,073] Trial 78 finished with value: -0.9871286829583414 and parameters: {'learning_rate': 0.19956551678515083, 'num_leaves': 214, 'max_depth': 5, 'min_child_samples': 10, 'feature_fraction': 0.9422722954431024, 'bagging_fraction': 0.8082334276932376, 'reg_alpha': 4.907350346881099e-05, 'reg_lambda': 0.8358838734471404}. Best is trial 72 with value: -0.9883720183415127.
[I 2025-08-05 13:01:55,976] Trial 79 finished with value: -0.9859171759735805 and parameters: {'learning_rate': 0.16880366538215555, 'num_leaves': 237, 'max_depth': 6, 'min_child_samples': 18, 'feature_fraction': 0.8815792648366843, 'bagging_fraction': 0.8229112254685218, 'reg_alpha': 0.00042237334918299825, 'reg_lambda': 0.15291416422679163}. Best is trial 72 with value: -0.9883720183415127.
[I 2025-08-05 13:01:56,804] Trial 80 finished with value: -0.9860310239541258 and parameters: {'learning_rate': 0.14240377193769863, 'num_leaves': 221, 'max_depth': 5, 'min_child_samples': 15, 'feature_fraction': 0.9030975144765824, 'bagging_fraction': 0.7846633980001139, 'reg_alpha': 2.6487959770736792e-05, 'reg_lambda': 0.0013543553804423213}. Best is trial 72 with value: -0.9883720183415127.
[I 2025-08-05 13:01:58,056] Trial 81 finished with value: -0.987027257449423 and parameters: {'learning_rate': 0.15688606738383584, 'num_leaves': 203, 'max_depth': 8, 'min_child_samples': 12, 'feature_fraction': 0.9734569619826393, 'bagging_fraction': 0.8770316127038411, 'reg_alpha': 0.0002294452437106921, 'reg_lambda': 5.441769114380621}. Best is trial 72 with value: -0.9883720183415127.
[I 2025-08-05 13:01:59,113] Trial 82 finished with value: -0.9876129141957783 and parameters: {'learning_rate': 0.17355902085004823, 'num_leaves': 197, 'max_depth': 6, 'min_child_samples': 10, 'feature_fraction': 0.9296398247956568, 'bagging_fraction': 0.8552453664424593, 'reg_alpha': 7.51698379964411e-06, 'reg_lambda': 1.9147608687847522}. Best is trial 72 with value: -0.9883720183415127.
[I 2025-08-05 13:02:00,141] Trial 83 finished with value: -0.9873435715156083 and parameters: {'learning_rate': 0.17857255775523181, 'num_leaves': 187, 'max_depth': 6, 'min_child_samples': 12, 'feature_fraction': 0.9292056559705985, 'bagging_fraction': 0.858352400720043, 'reg_alpha': 3.328594287281763e-05, 'reg_lambda': 1.2976012895129139}. Best is trial 72 with value: -0.9883720183415127.
[I 2025-08-05 13:02:01,012] Trial 84 finished with value: -0.9860509978946667 and parameters: {'learning_rate': 0.16757129710382335, 'num_leaves': 194, 'max_depth': 7, 'min_child_samples': 16, 'feature_fraction': 0.8974825262665204, 'bagging_fraction': 0.8372744626077447, 'reg_alpha': 8.979587488315609e-05, 'reg_lambda': 6.422778759791608e-05}. Best is trial 72 with value: -0.9883720183415127.
[I 2025-08-05 13:02:02,129] Trial 85 finished with value: -0.9877487904680982 and parameters: {'learning_rate': 0.18823068170686336, 'num_leaves': 219, 'max_depth': 6, 'min_child_samples': 10, 'feature_fraction': 0.8651742987767396, 'bagging_fraction': 0.9200313349924366, 'reg_alpha': 9.520889463047119e-06, 'reg_lambda': 2.4587418914523433}. Best is trial 72 with value: -0.9883720183415127.
[I 2025-08-05 13:02:03,112] Trial 86 finished with value: -0.9858245347285071 and parameters: {'learning_rate': 0.18773561604706263, 'num_leaves': 221, 'max_depth': 6, 'min_child_samples': 21, 'feature_fraction': 0.86452808750862, 'bagging_fraction': 0.9162718186552167, 'reg_alpha': 0.0013596737832744714, 'reg_lambda': 2.5320593089472863}. Best is trial 72 with value: -0.9883720183415127.
[I 2025-08-05 13:02:03,786] Trial 87 finished with value: -0.9857860535467683 and parameters: {'learning_rate': 0.1527729932512767, 'num_leaves': 208, 'max_depth': 5, 'min_child_samples': 14, 'feature_fraction': 0.9300367873538115, 'bagging_fraction': 0.8948389189246599, 'reg_alpha': 1.0916662503326015e-05, 'reg_lambda': 0.6287606671262345}. Best is trial 72 with value: -0.9883720183415127.
[I 2025-08-05 13:02:04,692] Trial 88 finished with value: -0.9870330253803836 and parameters: {'learning_rate': 0.17004357154521146, 'num_leaves': 254, 'max_depth': 6, 'min_child_samples': 13, 'feature_fraction': 0.963503554161085, 'bagging_fraction': 0.9221968761904931, 'reg_alpha': 4.579623874356345e-06, 'reg_lambda': 3.5778883824665404}. Best is trial 72 with value: -0.9883720183415127.
[I 2025-08-05 13:02:05,725] Trial 89 finished with value: -0.9859024215739247 and parameters: {'learning_rate': 0.18973735449369364, 'num_leaves': 239, 'max_depth': 7, 'min_child_samples': 18, 'feature_fraction': 0.919346750005544, 'bagging_fraction': 0.9415955285115627, 'reg_alpha': 8.815066075388036e-06, 'reg_lambda': 0.37715871583687205}. Best is trial 72 with value: -0.9883720183415127.
[I 2025-08-05 13:02:07,036] Trial 90 finished with value: -0.985960636240884 and parameters: {'learning_rate': 0.12539133153062804, 'num_leaves': 215, 'max_depth': 6, 'min_child_samples': 23, 'feature_fraction': 0.8025408728226828, 'bagging_fraction': 0.9708549146617322, 'reg_alpha': 2.0732125854209135e-05, 'reg_lambda': 2.131087274257325}. Best is trial 72 with value: -0.9883720183415127.
[I 2025-08-05 13:02:08,588] Trial 91 finished with value: -0.9876174505285494 and parameters: {'learning_rate': 0.14004998569338126, 'num_leaves': 201, 'max_depth': 7, 'min_child_samples': 10, 'feature_fraction': 0.867022960046228, 'bagging_fraction': 0.8490517343323919, 'reg_alpha': 5.39999332705708e-05, 'reg_lambda': 0.00031407930332873234}. Best is trial 72 with value: -0.9883720183415127.
[I 2025-08-05 13:02:10,001] Trial 92 finished with value: -0.9873837599382128 and parameters: {'learning_rate': 0.1376834719836902, 'num_leaves': 201, 'max_depth': 7, 'min_child_samples': 10, 'feature_fraction': 0.8682244664874781, 'bagging_fraction': 0.8528765614206484, 'reg_alpha': 5.374580325087787e-05, 'reg_lambda': 0.0001207187206281133}. Best is trial 72 with value: -0.9883720183415127.
