cpu-bind=MASK - dlcgpu02, task  0  0 [3466835]: mask 0x8402200084022000 set
/var/spool/slurm/job20910268/slurm_script: line 11: module: command not found
2025-08-03 00:37:51 [INFO] Using device: cuda
2025-08-03 00:37:51 [INFO] Training TabPFN model...
[I 2025-08-03 00:37:51,396] A new study created in memory with name: no-name-82e7c9d0-bcde-44cf-a7fe-29655dcc0d77
2025-08-03 00:37:51 [INFO] 🔍 Trial 0: n_bootstrap=14, sample_frac=0.89
2025-08-03 00:37:51 [WARNING] y_test not found at /work/dlclarge2/alidemaa-dl_lab/automl/automl-exam-ss25-tabular-freiburg-template/data/exam_dataset/1/y_test.parquet, returning empty DataFrame
[I 2025-08-03 00:41:16,316] Trial 0 finished with value: 0.9260572256148073 and parameters: {'n_bootstrap': 14, 'sample_frac': 0.8852142919229748}. Best is trial 0 with value: 0.9260572256148073.
2025-08-03 00:41:16 [INFO] 🔍 Trial 1: n_bootstrap=18, sample_frac=0.78
2025-08-03 00:41:16 [WARNING] y_test not found at /work/dlclarge2/alidemaa-dl_lab/automl/automl-exam-ss25-tabular-freiburg-template/data/exam_dataset/1/y_test.parquet, returning empty DataFrame
[I 2025-08-03 00:45:36,762] Trial 1 finished with value: 0.9262889835026962 and parameters: {'n_bootstrap': 18, 'sample_frac': 0.779597545259111}. Best is trial 1 with value: 0.9262889835026962.
2025-08-03 00:45:36 [INFO] 🔍 Trial 2: n_bootstrap=11, sample_frac=0.65
2025-08-03 00:45:36 [WARNING] y_test not found at /work/dlclarge2/alidemaa-dl_lab/automl/automl-exam-ss25-tabular-freiburg-template/data/exam_dataset/1/y_test.parquet, returning empty DataFrame
[I 2025-08-03 00:51:03,741] Trial 2 finished with value: 0.9240255091562499 and parameters: {'n_bootstrap': 11, 'sample_frac': 0.6467983561008608}. Best is trial 1 with value: 0.9262889835026962.
2025-08-03 00:51:03 [INFO] 🔍 Trial 3: n_bootstrap=10, sample_frac=0.86
2025-08-03 00:51:03 [WARNING] y_test not found at /work/dlclarge2/alidemaa-dl_lab/automl/automl-exam-ss25-tabular-freiburg-template/data/exam_dataset/1/y_test.parquet, returning empty DataFrame
[I 2025-08-03 00:53:46,107] Trial 3 finished with value: 0.9252326124326563 and parameters: {'n_bootstrap': 10, 'sample_frac': 0.8598528437324806}. Best is trial 1 with value: 0.9262889835026962.
2025-08-03 00:53:46 [INFO] 🔍 Trial 4: n_bootstrap=16, sample_frac=0.81
2025-08-03 00:53:46 [WARNING] y_test not found at /work/dlclarge2/alidemaa-dl_lab/automl/automl-exam-ss25-tabular-freiburg-template/data/exam_dataset/1/y_test.parquet, returning empty DataFrame
[I 2025-08-03 00:57:49,774] Trial 4 finished with value: 0.9259055239950397 and parameters: {'n_bootstrap': 16, 'sample_frac': 0.8124217733388137}. Best is trial 1 with value: 0.9262889835026962.
2025-08-03 00:57:49 [INFO] 🔍 Trial 5: n_bootstrap=10, sample_frac=0.89
2025-08-03 00:57:49 [WARNING] y_test not found at /work/dlclarge2/alidemaa-dl_lab/automl/automl-exam-ss25-tabular-freiburg-template/data/exam_dataset/1/y_test.parquet, returning empty DataFrame
2025-08-03 00:59:15 [INFO] ⏸️ Pruned trial 5 at step 5 (R²=0.9252)
[I 2025-08-03 00:59:15,018] Trial 5 pruned. 
2025-08-03 00:59:15 [INFO] 🔍 Trial 6: n_bootstrap=19, sample_frac=0.66
2025-08-03 00:59:15 [WARNING] y_test not found at /work/dlclarge2/alidemaa-dl_lab/automl/automl-exam-ss25-tabular-freiburg-template/data/exam_dataset/1/y_test.parquet, returning empty DataFrame
2025-08-03 01:01:47 [INFO] ⏸️ Pruned trial 6 at step 5 (R²=0.9246)
[I 2025-08-03 01:01:47,056] Trial 6 pruned. 
2025-08-03 01:01:47 [INFO] 🔍 Trial 7: n_bootstrap=12, sample_frac=0.66
2025-08-03 01:01:47 [WARNING] y_test not found at /work/dlclarge2/alidemaa-dl_lab/automl/automl-exam-ss25-tabular-freiburg-template/data/exam_dataset/1/y_test.parquet, returning empty DataFrame
2025-08-03 01:04:15 [INFO] ⏸️ Pruned trial 7 at step 5 (R²=0.9246)
[I 2025-08-03 01:04:15,222] Trial 7 pruned. 
2025-08-03 01:04:15 [INFO] 🔍 Trial 8: n_bootstrap=13, sample_frac=0.76
2025-08-03 01:04:15 [WARNING] y_test not found at /work/dlclarge2/alidemaa-dl_lab/automl/automl-exam-ss25-tabular-freiburg-template/data/exam_dataset/1/y_test.parquet, returning empty DataFrame
2025-08-03 01:04:49 [INFO] ⏸️ Pruned trial 8 at step 1 (R²=0.9173)
[I 2025-08-03 01:04:49,594] Trial 8 pruned. 
2025-08-03 01:04:49 [INFO] 🔍 Trial 9: n_bootstrap=14, sample_frac=0.69
2025-08-03 01:04:49 [WARNING] y_test not found at /work/dlclarge2/alidemaa-dl_lab/automl/automl-exam-ss25-tabular-freiburg-template/data/exam_dataset/1/y_test.parquet, returning empty DataFrame
2025-08-03 01:07:25 [INFO] ⏸️ Pruned trial 9 at step 5 (R²=0.9251)
[I 2025-08-03 01:07:25,363] Trial 9 pruned. 
2025-08-03 01:07:25 [INFO] 🔍 Trial 10: n_bootstrap=20, sample_frac=0.74
2025-08-03 01:07:25 [WARNING] y_test not found at /work/dlclarge2/alidemaa-dl_lab/automl/automl-exam-ss25-tabular-freiburg-template/data/exam_dataset/1/y_test.parquet, returning empty DataFrame
2025-08-03 01:07:58 [INFO] ⏸️ Pruned trial 10 at step 1 (R²=0.9174)
[I 2025-08-03 01:07:58,639] Trial 10 pruned. 
2025-08-03 01:07:58 [INFO] 🔍 Trial 11: n_bootstrap=17, sample_frac=0.81
2025-08-03 01:07:58 [WARNING] y_test not found at /work/dlclarge2/alidemaa-dl_lab/automl/automl-exam-ss25-tabular-freiburg-template/data/exam_dataset/1/y_test.parquet, returning empty DataFrame
2025-08-03 01:08:13 [INFO] ⏸️ Pruned trial 11 at step 1 (R²=0.9165)
[I 2025-08-03 01:08:13,796] Trial 11 pruned. 
2025-08-03 01:08:13 [INFO] 🔍 Trial 12: n_bootstrap=18, sample_frac=0.83
2025-08-03 01:08:13 [WARNING] y_test not found at /work/dlclarge2/alidemaa-dl_lab/automl/automl-exam-ss25-tabular-freiburg-template/data/exam_dataset/1/y_test.parquet, returning empty DataFrame
2025-08-03 01:08:28 [INFO] ⏸️ Pruned trial 12 at step 1 (R²=0.9173)
[I 2025-08-03 01:08:28,719] Trial 12 pruned. 
2025-08-03 01:08:28 [INFO] 🔍 Trial 13: n_bootstrap=15, sample_frac=0.74
2025-08-03 01:08:28 [WARNING] y_test not found at /work/dlclarge2/alidemaa-dl_lab/automl/automl-exam-ss25-tabular-freiburg-template/data/exam_dataset/1/y_test.parquet, returning empty DataFrame
2025-08-03 01:09:02 [INFO] ⏸️ Pruned trial 13 at step 1 (R²=0.9171)
[I 2025-08-03 01:09:02,491] Trial 13 pruned. 
2025-08-03 01:09:02 [INFO] 🔍 Trial 14: n_bootstrap=16, sample_frac=0.60
2025-08-03 01:09:02 [WARNING] y_test not found at /work/dlclarge2/alidemaa-dl_lab/automl/automl-exam-ss25-tabular-freiburg-template/data/exam_dataset/1/y_test.parquet, returning empty DataFrame
2025-08-03 01:09:29 [INFO] ⏸️ Pruned trial 14 at step 1 (R²=0.9171)
[I 2025-08-03 01:09:29,628] Trial 14 pruned. 
2025-08-03 01:09:29 [INFO] 🔍 Trial 15: n_bootstrap=14, sample_frac=0.88
2025-08-03 01:09:29 [WARNING] y_test not found at /work/dlclarge2/alidemaa-dl_lab/automl/automl-exam-ss25-tabular-freiburg-template/data/exam_dataset/1/y_test.parquet, returning empty DataFrame
2025-08-03 01:10:36 [INFO] ⏸️ Pruned trial 15 at step 4 (R²=0.9234)
[I 2025-08-03 01:10:36,102] Trial 15 pruned. 
2025-08-03 01:10:36 [INFO] 🔍 Trial 16: n_bootstrap=18, sample_frac=0.78
2025-08-03 01:10:36 [WARNING] y_test not found at /work/dlclarge2/alidemaa-dl_lab/automl/automl-exam-ss25-tabular-freiburg-template/data/exam_dataset/1/y_test.parquet, returning empty DataFrame
2025-08-03 01:10:50 [INFO] ⏸️ Pruned trial 16 at step 1 (R²=0.9169)
[I 2025-08-03 01:10:50,486] Trial 16 pruned. 
2025-08-03 01:10:50 [INFO] 🔍 Trial 17: n_bootstrap=20, sample_frac=0.84
2025-08-03 01:10:50 [WARNING] y_test not found at /work/dlclarge2/alidemaa-dl_lab/automl/automl-exam-ss25-tabular-freiburg-template/data/exam_dataset/1/y_test.parquet, returning empty DataFrame
2025-08-03 01:11:54 [INFO] ⏸️ Pruned trial 17 at step 4 (R²=0.9230)
[I 2025-08-03 01:11:54,603] Trial 17 pruned. 
2025-08-03 01:11:54 [INFO] 🔍 Trial 18: n_bootstrap=16, sample_frac=0.78
2025-08-03 01:11:54 [WARNING] y_test not found at /work/dlclarge2/alidemaa-dl_lab/automl/automl-exam-ss25-tabular-freiburg-template/data/exam_dataset/1/y_test.parquet, returning empty DataFrame
2025-08-03 01:12:08 [INFO] ⏸️ Pruned trial 18 at step 1 (R²=0.9174)
[I 2025-08-03 01:12:08,642] Trial 18 pruned. 
2025-08-03 01:12:08 [INFO] 🔍 Trial 19: n_bootstrap=13, sample_frac=0.72
2025-08-03 01:12:08 [WARNING] y_test not found at /work/dlclarge2/alidemaa-dl_lab/automl/automl-exam-ss25-tabular-freiburg-template/data/exam_dataset/1/y_test.parquet, returning empty DataFrame
2025-08-03 01:14:53 [INFO] ⏸️ Pruned trial 19 at step 5 (R²=0.9251)
[I 2025-08-03 01:14:53,410] Trial 19 pruned. 
2025-08-03 01:14:53 [INFO] 🔍 Trial 20: n_bootstrap=18, sample_frac=0.86
2025-08-03 01:14:53 [WARNING] y_test not found at /work/dlclarge2/alidemaa-dl_lab/automl/automl-exam-ss25-tabular-freiburg-template/data/exam_dataset/1/y_test.parquet, returning empty DataFrame
2025-08-03 01:15:59 [INFO] ⏸️ Pruned trial 20 at step 4 (R²=0.9229)
[I 2025-08-03 01:15:59,294] Trial 20 pruned. 
2025-08-03 01:15:59 [INFO] 🔍 Trial 21: n_bootstrap=16, sample_frac=0.81
2025-08-03 01:15:59 [WARNING] y_test not found at /work/dlclarge2/alidemaa-dl_lab/automl/automl-exam-ss25-tabular-freiburg-template/data/exam_dataset/1/y_test.parquet, returning empty DataFrame
2025-08-03 01:16:14 [INFO] ⏸️ Pruned trial 21 at step 1 (R²=0.9167)
[I 2025-08-03 01:16:14,339] Trial 21 pruned. 
2025-08-03 01:16:14 [INFO] 🔍 Trial 22: n_bootstrap=15, sample_frac=0.83
2025-08-03 01:16:14 [WARNING] y_test not found at /work/dlclarge2/alidemaa-dl_lab/automl/automl-exam-ss25-tabular-freiburg-template/data/exam_dataset/1/y_test.parquet, returning empty DataFrame
2025-08-03 01:16:29 [INFO] ⏸️ Pruned trial 22 at step 1 (R²=0.9175)
[I 2025-08-03 01:16:29,518] Trial 22 pruned. 
2025-08-03 01:16:29 [INFO] 🔍 Trial 23: n_bootstrap=17, sample_frac=0.79
2025-08-03 01:16:29 [WARNING] y_test not found at /work/dlclarge2/alidemaa-dl_lab/automl/automl-exam-ss25-tabular-freiburg-template/data/exam_dataset/1/y_test.parquet, returning empty DataFrame
2025-08-03 01:16:44 [INFO] ⏸️ Pruned trial 23 at step 1 (R²=0.9168)
[I 2025-08-03 01:16:44,188] Trial 23 pruned. 
2025-08-03 01:16:44 [INFO] 🔍 Trial 24: n_bootstrap=17, sample_frac=0.90
2025-08-03 01:16:45 [WARNING] y_test not found at /work/dlclarge2/alidemaa-dl_lab/automl/automl-exam-ss25-tabular-freiburg-template/data/exam_dataset/1/y_test.parquet, returning empty DataFrame
2025-08-03 01:17:52 [INFO] ⏸️ Pruned trial 24 at step 4 (R²=0.9235)
[I 2025-08-03 01:17:52,208] Trial 24 pruned. 
2025-08-03 01:17:52 [INFO] 🔍 Trial 25: n_bootstrap=14, sample_frac=0.86
2025-08-03 01:17:52 [WARNING] y_test not found at /work/dlclarge2/alidemaa-dl_lab/automl/automl-exam-ss25-tabular-freiburg-template/data/exam_dataset/1/y_test.parquet, returning empty DataFrame
2025-08-03 01:18:08 [INFO] ⏸️ Pruned trial 25 at step 1 (R²=0.9170)
[I 2025-08-03 01:18:08,884] Trial 25 pruned. 
2025-08-03 01:18:08 [INFO] 🔍 Trial 26: n_bootstrap=15, sample_frac=0.81
2025-08-03 01:18:08 [WARNING] y_test not found at /work/dlclarge2/alidemaa-dl_lab/automl/automl-exam-ss25-tabular-freiburg-template/data/exam_dataset/1/y_test.parquet, returning empty DataFrame
2025-08-03 01:18:24 [INFO] ⏸️ Pruned trial 26 at step 1 (R²=0.9166)
[I 2025-08-03 01:18:24,400] Trial 26 pruned. 
2025-08-03 01:18:24 [INFO] 🔍 Trial 27: n_bootstrap=19, sample_frac=0.72
2025-08-03 01:18:24 [WARNING] y_test not found at /work/dlclarge2/alidemaa-dl_lab/automl/automl-exam-ss25-tabular-freiburg-template/data/exam_dataset/1/y_test.parquet, returning empty DataFrame
2025-08-03 01:21:08 [INFO] ⏸️ Pruned trial 27 at step 5 (R²=0.9250)
[I 2025-08-03 01:21:08,725] Trial 27 pruned. 
2025-08-03 01:21:08 [INFO] 🔍 Trial 28: n_bootstrap=13, sample_frac=0.76
2025-08-03 01:21:08 [WARNING] y_test not found at /work/dlclarge2/alidemaa-dl_lab/automl/automl-exam-ss25-tabular-freiburg-template/data/exam_dataset/1/y_test.parquet, returning empty DataFrame
2025-08-03 01:21:43 [INFO] ⏸️ Pruned trial 28 at step 1 (R²=0.9170)
[I 2025-08-03 01:21:43,128] Trial 28 pruned. 
2025-08-03 01:21:43 [INFO] 🔍 Trial 29: n_bootstrap=12, sample_frac=0.72
2025-08-03 01:21:43 [WARNING] y_test not found at /work/dlclarge2/alidemaa-dl_lab/automl/automl-exam-ss25-tabular-freiburg-template/data/exam_dataset/1/y_test.parquet, returning empty DataFrame
2025-08-03 01:22:15 [INFO] ⏸️ Pruned trial 29 at step 1 (R²=0.9175)
[I 2025-08-03 01:22:15,878] Trial 29 pruned. 
2025-08-03 01:22:15 [INFO] 🏆 Best Params: {'n_bootstrap': 18, 'sample_frac': 0.779597545259111}, R²=0.92629
2025-08-03 01:22:15 [INFO] Bootstrap training → dataset=exam_dataset, device=cuda
2025-08-03 01:22:15 [WARNING] y_test not found at /work/dlclarge2/alidemaa-dl_lab/automl/automl-exam-ss25-tabular-freiburg-template/data/exam_dataset/1/y_test.parquet, returning empty DataFrame
2025-08-03 01:22:15 [INFO] [1/18] bootstrap sample size=9665
2025-08-03 01:22:30 [INFO] Saved model → /work/dlclarge2/alidemaa-dl_lab/automl/automl-exam-ss25-tabular-freiburg-template/modelsFinal/exam_dataset/bootstrap_1.pkl
2025-08-03 01:22:30 [INFO] [2/18] bootstrap sample size=9665
2025-08-03 01:22:45 [INFO] Saved model → /work/dlclarge2/alidemaa-dl_lab/automl/automl-exam-ss25-tabular-freiburg-template/modelsFinal/exam_dataset/bootstrap_2.pkl
2025-08-03 01:22:45 [INFO] [3/18] bootstrap sample size=9665
2025-08-03 01:23:00 [INFO] Saved model → /work/dlclarge2/alidemaa-dl_lab/automl/automl-exam-ss25-tabular-freiburg-template/modelsFinal/exam_dataset/bootstrap_3.pkl
2025-08-03 01:23:00 [INFO] [4/18] bootstrap sample size=9665
2025-08-03 01:23:14 [INFO] Saved model → /work/dlclarge2/alidemaa-dl_lab/automl/automl-exam-ss25-tabular-freiburg-template/modelsFinal/exam_dataset/bootstrap_4.pkl
2025-08-03 01:23:15 [INFO] [5/18] bootstrap sample size=9665
2025-08-03 01:23:30 [INFO] Saved model → /work/dlclarge2/alidemaa-dl_lab/automl/automl-exam-ss25-tabular-freiburg-template/modelsFinal/exam_dataset/bootstrap_5.pkl
2025-08-03 01:23:30 [INFO] [6/18] bootstrap sample size=9665
2025-08-03 01:23:44 [INFO] Saved model → /work/dlclarge2/alidemaa-dl_lab/automl/automl-exam-ss25-tabular-freiburg-template/modelsFinal/exam_dataset/bootstrap_6.pkl
2025-08-03 01:23:44 [INFO] [7/18] bootstrap sample size=9665
2025-08-03 01:23:59 [INFO] Saved model → /work/dlclarge2/alidemaa-dl_lab/automl/automl-exam-ss25-tabular-freiburg-template/modelsFinal/exam_dataset/bootstrap_7.pkl
2025-08-03 01:23:59 [INFO] [8/18] bootstrap sample size=9665
2025-08-03 01:24:14 [INFO] Saved model → /work/dlclarge2/alidemaa-dl_lab/automl/automl-exam-ss25-tabular-freiburg-template/modelsFinal/exam_dataset/bootstrap_8.pkl
2025-08-03 01:24:14 [INFO] [9/18] bootstrap sample size=9665
2025-08-03 01:24:29 [INFO] Saved model → /work/dlclarge2/alidemaa-dl_lab/automl/automl-exam-ss25-tabular-freiburg-template/modelsFinal/exam_dataset/bootstrap_9.pkl
2025-08-03 01:24:29 [INFO] [10/18] bootstrap sample size=9665
2025-08-03 01:24:43 [INFO] Saved model → /work/dlclarge2/alidemaa-dl_lab/automl/automl-exam-ss25-tabular-freiburg-template/modelsFinal/exam_dataset/bootstrap_10.pkl
2025-08-03 01:24:44 [INFO] [11/18] bootstrap sample size=9665
2025-08-03 01:24:58 [INFO] Saved model → /work/dlclarge2/alidemaa-dl_lab/automl/automl-exam-ss25-tabular-freiburg-template/modelsFinal/exam_dataset/bootstrap_11.pkl
2025-08-03 01:24:58 [INFO] [12/18] bootstrap sample size=9665
2025-08-03 01:25:16 [INFO] Saved model → /work/dlclarge2/alidemaa-dl_lab/automl/automl-exam-ss25-tabular-freiburg-template/modelsFinal/exam_dataset/bootstrap_12.pkl
2025-08-03 01:25:16 [INFO] [13/18] bootstrap sample size=9665
2025-08-03 01:25:28 [INFO] Saved model → /work/dlclarge2/alidemaa-dl_lab/automl/automl-exam-ss25-tabular-freiburg-template/modelsFinal/exam_dataset/bootstrap_13.pkl
2025-08-03 01:25:28 [INFO] [14/18] bootstrap sample size=9665
2025-08-03 01:25:42 [INFO] Saved model → /work/dlclarge2/alidemaa-dl_lab/automl/automl-exam-ss25-tabular-freiburg-template/modelsFinal/exam_dataset/bootstrap_14.pkl
2025-08-03 01:25:42 [INFO] [15/18] bootstrap sample size=9665
2025-08-03 01:25:57 [INFO] Saved model → /work/dlclarge2/alidemaa-dl_lab/automl/automl-exam-ss25-tabular-freiburg-template/modelsFinal/exam_dataset/bootstrap_15.pkl
2025-08-03 01:25:57 [INFO] [16/18] bootstrap sample size=9665
2025-08-03 01:26:12 [INFO] Saved model → /work/dlclarge2/alidemaa-dl_lab/automl/automl-exam-ss25-tabular-freiburg-template/modelsFinal/exam_dataset/bootstrap_16.pkl
2025-08-03 01:26:12 [INFO] [17/18] bootstrap sample size=9665
2025-08-03 01:26:27 [INFO] Saved model → /work/dlclarge2/alidemaa-dl_lab/automl/automl-exam-ss25-tabular-freiburg-template/modelsFinal/exam_dataset/bootstrap_17.pkl
2025-08-03 01:26:27 [INFO] [18/18] bootstrap sample size=9665
2025-08-03 01:26:44 [INFO] Saved model → /work/dlclarge2/alidemaa-dl_lab/automl/automl-exam-ss25-tabular-freiburg-template/modelsFinal/exam_dataset/bootstrap_18.pkl
2025-08-03 01:26:44 [INFO] 📊 Final OOB R² = 0.92629
2025-08-03 01:26:50 [INFO] Saved ensemble → /work/dlclarge2/alidemaa-dl_lab/automl/automl-exam-ss25-tabular-freiburg-template/modelsFinal/exam_dataset/ensemble.pkl
2025-08-03 01:26:50 [WARNING] get_test_data failed or unavailable; skipping test R² logging
2025-08-03 01:26:50 [INFO] Total time: 275.1s
2025-08-03 01:26:50 [INFO] TabPFN →      /work/dlclarge2/alidemaa-dl_lab/automl/automl-exam-ss25-tabular-freiburg-template/modelsFinal/exam_dataset/ensemble.pkl (R²=0.9263)
2025-08-03 01:26:50 [INFO] Training tree-based model...
2025-08-03 01:26:50 [INFO] AutoML pipeline started
2025-08-03 01:26:50 [INFO] Output directory '/work/dlclarge2/alidemaa-dl_lab/automl/automl-exam-ss25-tabular-freiburg-template/modelsFinal' is ready and logging is configured.
2025-08-03 01:26:51 [INFO] Merged training data: 12398 rows
2025-08-03 01:26:51 [INFO] Split data into pool (11158 rows) and validation (1240 rows)
2025-08-03 01:26:51 [INFO] Feature engineering completed: 15 features
[I 2025-08-03 01:26:51,130] A new study created in memory with name: no-name-50c9748f-2f33-4136-bd5f-81de4014f859
TBB Warning: The number of workers is currently limited to 7. The request for 63 workers is ignored. Further requests for more workers will be silently ignored until the limit changes.

[I 2025-08-03 01:35:31,998] Trial 0 finished with value: -0.9192681976555727 and parameters: {'learning_rate': 0.03574712922600244, 'depth': 12, 'l2_leaf_reg': 7.587945476302646, 'border_count': 166}. Best is trial 0 with value: -0.9192681976555727.
[I 2025-08-03 01:35:59,440] Trial 1 finished with value: -0.9248285114768328 and parameters: {'learning_rate': 0.01700037298921102, 'depth': 5, 'l2_leaf_reg': 1.5227525095137953, 'border_count': 226}. Best is trial 1 with value: -0.9248285114768328.
[I 2025-08-03 01:38:22,116] Trial 2 finished with value: -0.9273848557532703 and parameters: {'learning_rate': 0.07725378389307355, 'depth': 10, 'l2_leaf_reg': 1.185260448662222, 'border_count': 249}. Best is trial 2 with value: -0.9273848557532703.
[I 2025-08-03 01:38:43,840] Trial 3 finished with value: -0.9375502497414795 and parameters: {'learning_rate': 0.16967533607196555, 'depth': 5, 'l2_leaf_reg': 2.636424704863906, 'border_count': 73}. Best is trial 3 with value: -0.9375502497414795.
[I 2025-08-03 01:39:31,773] Trial 4 finished with value: -0.9326797560095647 and parameters: {'learning_rate': 0.028145092716060652, 'depth': 8, 'l2_leaf_reg': 4.887505167779041, 'border_count': 97}. Best is trial 3 with value: -0.9375502497414795.
[I 2025-08-03 01:39:57,403] Trial 5 finished with value: -0.9369319804573402 and parameters: {'learning_rate': 0.08012737503998542, 'depth': 5, 'l2_leaf_reg': 3.629301836816963, 'border_count': 114}. Best is trial 3 with value: -0.9375502497414795.
[I 2025-08-03 01:44:30,044] Trial 6 finished with value: -0.921418961738998 and parameters: {'learning_rate': 0.04717052037625178, 'depth': 11, 'l2_leaf_reg': 2.7970640394252375, 'border_count': 147}. Best is trial 3 with value: -0.9375502497414795.
[I 2025-08-03 01:44:51,118] Trial 7 finished with value: -0.9343409890451928 and parameters: {'learning_rate': 0.07500118950416987, 'depth': 4, 'l2_leaf_reg': 6.467903667112945, 'border_count': 70}. Best is trial 3 with value: -0.9375502497414795.
[I 2025-08-03 01:54:51,235] Trial 8 finished with value: -0.907989861192331 and parameters: {'learning_rate': 0.012476394272569451, 'depth': 12, 'l2_leaf_reg': 9.690688297671034, 'border_count': 213}. Best is trial 3 with value: -0.9375502497414795.
[I 2025-08-03 01:55:13,318] Trial 9 finished with value: -0.9239047139689794 and parameters: {'learning_rate': 0.028180680291847244, 'depth': 4, 'l2_leaf_reg': 7.158097238609412, 'border_count': 130}. Best is trial 3 with value: -0.9375502497414795.
[I 2025-08-03 01:55:30,619] Trial 10 finished with value: -0.9246820908637526 and parameters: {'learning_rate': 0.24893231508461813, 'depth': 7, 'l2_leaf_reg': 4.318558954489875, 'border_count': 36}. Best is trial 3 with value: -0.9375502497414795.
[I 2025-08-03 01:55:56,394] Trial 11 finished with value: -0.9369454849160178 and parameters: {'learning_rate': 0.1634682281229447, 'depth': 6, 'l2_leaf_reg': 3.2989911288867892, 'border_count': 95}. Best is trial 3 with value: -0.9375502497414795.
[I 2025-08-03 01:56:19,729] Trial 12 finished with value: -0.9347376779487853 and parameters: {'learning_rate': 0.2131295144154623, 'depth': 6, 'l2_leaf_reg': 2.7598418378945464, 'border_count': 63}. Best is trial 3 with value: -0.9375502497414795.
[I 2025-08-03 01:56:51,189] Trial 13 finished with value: -0.9358140185351469 and parameters: {'learning_rate': 0.15105812997121756, 'depth': 7, 'l2_leaf_reg': 2.6405727171834563, 'border_count': 85}. Best is trial 3 with value: -0.9375502497414795.
[I 2025-08-03 01:57:27,706] Trial 14 finished with value: -0.9256764147854911 and parameters: {'learning_rate': 0.13601968314420324, 'depth': 9, 'l2_leaf_reg': 5.383456459024634, 'border_count': 34}. Best is trial 3 with value: -0.9375502497414795.
[I 2025-08-03 01:57:57,891] Trial 15 finished with value: -0.9373321061237677 and parameters: {'learning_rate': 0.1316823595028282, 'depth': 6, 'l2_leaf_reg': 4.022852934698015, 'border_count': 178}. Best is trial 3 with value: -0.9375502497414795.
