[I 2025-08-04 07:40:11,820] Trial 226 finished with value: -0.09402494340058952 and parameters: {'learning_rate': 0.018199716061270462, 'num_leaves': 191, 'max_depth': 15, 'min_child_samples': 17, 'feature_fraction': 0.5253416032198035, 'bagging_fraction': 0.5333655981079984, 'reg_alpha': 9.645346863513339e-08, 'reg_lambda': 0.00235908302820008}. Best is trial 223 with value: -0.09532691268294306.
[I 2025-08-04 07:40:25,121] Trial 227 finished with value: -0.09471786922624746 and parameters: {'learning_rate': 0.018237194663651264, 'num_leaves': 194, 'max_depth': 15, 'min_child_samples': 17, 'feature_fraction': 0.5305699977025795, 'bagging_fraction': 0.5338871135371924, 'reg_alpha': 2.786917226347714e-07, 'reg_lambda': 0.008167007324665425}. Best is trial 223 with value: -0.09532691268294306.
[I 2025-08-04 07:40:38,471] Trial 228 finished with value: -0.09343210611515644 and parameters: {'learning_rate': 0.018210238662358418, 'num_leaves': 197, 'max_depth': 15, 'min_child_samples': 17, 'feature_fraction': 0.5295422406111344, 'bagging_fraction': 0.5327035825267121, 'reg_alpha': 2.890074016165226e-07, 'reg_lambda': 0.0020615628885983484}. Best is trial 223 with value: -0.09532691268294306.
[I 2025-08-04 07:40:52,645] Trial 229 finished with value: -0.09486989319438453 and parameters: {'learning_rate': 0.01913557263355086, 'num_leaves': 204, 'max_depth': 15, 'min_child_samples': 16, 'feature_fraction': 0.5212951266675346, 'bagging_fraction': 0.5212685179617961, 'reg_alpha': 9.247023572349287e-08, 'reg_lambda': 0.018566867849344082}. Best is trial 223 with value: -0.09532691268294306.
[I 2025-08-04 07:41:07,151] Trial 230 finished with value: -0.09337913201244928 and parameters: {'learning_rate': 0.019800977838590063, 'num_leaves': 206, 'max_depth': 15, 'min_child_samples': 15, 'feature_fraction': 0.5137611933522704, 'bagging_fraction': 0.518794545674229, 'reg_alpha': 1.4851825726701841e-07, 'reg_lambda': 0.024936582219418753}. Best is trial 223 with value: -0.09532691268294306.
[I 2025-08-04 07:41:20,791] Trial 231 finished with value: -0.09285971897326613 and parameters: {'learning_rate': 0.01871056911899733, 'num_leaves': 198, 'max_depth': 15, 'min_child_samples': 16, 'feature_fraction': 0.5243815392908271, 'bagging_fraction': 0.528485539576093, 'reg_alpha': 1.1120932057106367e-07, 'reg_lambda': 0.007508270497617894}. Best is trial 223 with value: -0.09532691268294306.
[I 2025-08-04 07:41:34,094] Trial 232 finished with value: -0.09111850823655517 and parameters: {'learning_rate': 0.017622679937581785, 'num_leaves': 192, 'max_depth': 15, 'min_child_samples': 18, 'feature_fraction': 0.545304592477564, 'bagging_fraction': 0.5365015632739845, 'reg_alpha': 4.844192871541297e-08, 'reg_lambda': 0.0031256392058212393}. Best is trial 223 with value: -0.09532691268294306.
[I 2025-08-04 07:41:48,968] Trial 233 finished with value: -0.09226652771432961 and parameters: {'learning_rate': 0.016697501380749213, 'num_leaves': 187, 'max_depth': 15, 'min_child_samples': 15, 'feature_fraction': 0.5365792704902159, 'bagging_fraction': 0.5199697796589886, 'reg_alpha': 2.4762189112622026e-07, 'reg_lambda': 0.02263847829263199}. Best is trial 223 with value: -0.09532691268294306.
[I 2025-08-04 07:42:02,050] Trial 234 finished with value: -0.0948091812810047 and parameters: {'learning_rate': 0.018996741624040806, 'num_leaves': 196, 'max_depth': 15, 'min_child_samples': 17, 'feature_fraction': 0.5200017683195025, 'bagging_fraction': 0.5099287404503755, 'reg_alpha': 9.907829656314445e-08, 'reg_lambda': 0.0019339687682495956}. Best is trial 223 with value: -0.09532691268294306.
[I 2025-08-04 07:42:16,980] Trial 235 finished with value: -0.09396598553844607 and parameters: {'learning_rate': 0.019030042083336356, 'num_leaves': 195, 'max_depth': 15, 'min_child_samples': 12, 'feature_fraction': 0.5140133296485896, 'bagging_fraction': 0.5097805595562582, 'reg_alpha': 9.574149494718087e-08, 'reg_lambda': 0.0031388585004631622}. Best is trial 223 with value: -0.09532691268294306.
[I 2025-08-04 07:42:32,036] Trial 236 finished with value: -0.09261621840167061 and parameters: {'learning_rate': 0.019353288298506625, 'num_leaves': 201, 'max_depth': 15, 'min_child_samples': 11, 'feature_fraction': 0.5174515502339617, 'bagging_fraction': 0.5088244238206742, 'reg_alpha': 8.826971961885902e-08, 'reg_lambda': 0.0035565375280448516}. Best is trial 223 with value: -0.09532691268294306.
[I 2025-08-04 07:42:38,786] Trial 237 finished with value: -0.08604098490309318 and parameters: {'learning_rate': 0.01837377842150226, 'num_leaves': 194, 'max_depth': 6, 'min_child_samples': 12, 'feature_fraction': 0.5047832079545558, 'bagging_fraction': 0.5086215348642478, 'reg_alpha': 6.770136349692651e-08, 'reg_lambda': 0.001446769437853794}. Best is trial 223 with value: -0.09532691268294306.
[I 2025-08-04 07:42:47,486] Trial 238 finished with value: -0.0850015029388878 and parameters: {'learning_rate': 0.07307604835112212, 'num_leaves': 209, 'max_depth': 15, 'min_child_samples': 15, 'feature_fraction': 0.5220082925182543, 'bagging_fraction': 0.5148503507828575, 'reg_alpha': 3.0054242694863574e-08, 'reg_lambda': 0.006261527308521214}. Best is trial 223 with value: -0.09532691268294306.
[I 2025-08-04 07:42:56,107] Trial 239 finished with value: -0.08733834209562648 and parameters: {'learning_rate': 0.018934709404434417, 'num_leaves': 189, 'max_depth': 15, 'min_child_samples': 65, 'feature_fraction': 0.5117109418367608, 'bagging_fraction': 0.5024084109443089, 'reg_alpha': 1.1004209646813788e-07, 'reg_lambda': 0.009692103598048092}. Best is trial 223 with value: -0.09532691268294306.
[I 2025-08-04 07:43:12,137] Trial 240 finished with value: -0.0931779586091743 and parameters: {'learning_rate': 0.017173626551700065, 'num_leaves': 194, 'max_depth': 15, 'min_child_samples': 14, 'feature_fraction': 0.5303828890801878, 'bagging_fraction': 0.522014199962422, 'reg_alpha': 4.0168047065755845e-07, 'reg_lambda': 0.001744708551860487}. Best is trial 223 with value: -0.09532691268294306.
[I 2025-08-04 07:43:28,690] Trial 241 finished with value: -0.09221501319776897 and parameters: {'learning_rate': 0.01784230356695893, 'num_leaves': 216, 'max_depth': 14, 'min_child_samples': 12, 'feature_fraction': 0.5224373389117143, 'bagging_fraction': 0.5186971521677674, 'reg_alpha': 1.837538442707109e-07, 'reg_lambda': 0.01694638629801732}. Best is trial 223 with value: -0.09532691268294306.
[I 2025-08-04 07:43:41,429] Trial 242 finished with value: -0.09141123509485546 and parameters: {'learning_rate': 0.01959368186069562, 'num_leaves': 203, 'max_depth': 15, 'min_child_samples': 18, 'feature_fraction': 0.513262675398463, 'bagging_fraction': 0.5095892959462723, 'reg_alpha': 1.6894720285553227e-06, 'reg_lambda': 0.0044432777414488474}. Best is trial 223 with value: -0.09532691268294306.
[I 2025-08-04 07:43:56,689] Trial 243 finished with value: -0.09295316529172437 and parameters: {'learning_rate': 0.016835527852600868, 'num_leaves': 181, 'max_depth': 15, 'min_child_samples': 16, 'feature_fraction': 0.5001029817956318, 'bagging_fraction': 0.5007259646882722, 'reg_alpha': 1.3503212179243824e-07, 'reg_lambda': 0.002653926087580076}. Best is trial 223 with value: -0.09532691268294306.
[I 2025-08-04 07:44:12,022] Trial 244 finished with value: -0.0933914582208409 and parameters: {'learning_rate': 0.018159498406744988, 'num_leaves': 189, 'max_depth': 15, 'min_child_samples': 10, 'feature_fraction': 0.5330778345619723, 'bagging_fraction': 0.5244400433042526, 'reg_alpha': 3.774929722039312e-07, 'reg_lambda': 0.008621692707835705}. Best is trial 223 with value: -0.09532691268294306.
[I 2025-08-04 07:44:20,997] Trial 245 finished with value: -0.08441390623760524 and parameters: {'learning_rate': 0.016293495903810684, 'num_leaves': 198, 'max_depth': 14, 'min_child_samples': 80, 'feature_fraction': 0.5202051668225751, 'bagging_fraction': 0.510356642040442, 'reg_alpha': 5.068618673211278e-08, 'reg_lambda': 0.00457088283705738}. Best is trial 223 with value: -0.09532691268294306.
[I 2025-08-04 07:44:36,268] Trial 246 finished with value: -0.09223951244222765 and parameters: {'learning_rate': 0.01681539199253105, 'num_leaves': 184, 'max_depth': 15, 'min_child_samples': 14, 'feature_fraction': 0.5301839832641252, 'bagging_fraction': 0.5269562413138449, 'reg_alpha': 1.1063768321464096e-06, 'reg_lambda': 0.0009651580663126252}. Best is trial 223 with value: -0.09532691268294306.
[I 2025-08-04 07:44:53,977] Trial 247 finished with value: -0.09260285289589588 and parameters: {'learning_rate': 0.014179386550025918, 'num_leaves': 193, 'max_depth': 15, 'min_child_samples': 13, 'feature_fraction': 0.5132930782956288, 'bagging_fraction': 0.5409406838446451, 'reg_alpha': 7.586569425938641e-06, 'reg_lambda': 0.0006524174339386617}. Best is trial 223 with value: -0.09532691268294306.
[I 2025-08-04 07:45:04,052] Trial 248 finished with value: -0.08601440791078047 and parameters: {'learning_rate': 0.013073474176707504, 'num_leaves': 179, 'max_depth': 15, 'min_child_samples': 68, 'feature_fraction': 0.5492441773413744, 'bagging_fraction': 0.5102528428707177, 'reg_alpha': 2.302884970555501e-06, 'reg_lambda': 0.001313530821662759}. Best is trial 223 with value: -0.09532691268294306.
[I 2025-08-04 07:45:15,719] Trial 249 finished with value: -0.09145790904778768 and parameters: {'learning_rate': 0.0200424399308984, 'num_leaves': 188, 'max_depth': 15, 'min_child_samples': 19, 'feature_fraction': 0.5253407056261312, 'bagging_fraction': 0.5187253615520794, 'reg_alpha': 3.982675596796708e-06, 'reg_lambda': 0.015803574238192567}. Best is trial 223 with value: -0.09532691268294306.
[I 2025-08-04 07:45:30,162] Trial 250 finished with value: -0.08823771722283207 and parameters: {'learning_rate': 0.01586292818782067, 'num_leaves': 184, 'max_depth': 14, 'min_child_samples': 12, 'feature_fraction': 0.7200021422541706, 'bagging_fraction': 0.500049788811567, 'reg_alpha': 3.0967991538003887e-07, 'reg_lambda': 0.0002491001706092136}. Best is trial 223 with value: -0.09532691268294306.
[I 2025-08-04 07:45:43,941] Trial 251 finished with value: -0.09196451722547151 and parameters: {'learning_rate': 0.018617635117918255, 'num_leaves': 181, 'max_depth': 15, 'min_child_samples': 16, 'feature_fraction': 0.51064570413824, 'bagging_fraction': 0.5300524756525753, 'reg_alpha': 7.645589353026106e-07, 'reg_lambda': 0.02510119674020838}. Best is trial 223 with value: -0.09532691268294306.
[I 2025-08-04 07:45:59,858] Trial 252 finished with value: -0.09308753772578834 and parameters: {'learning_rate': 0.01764126843560017, 'num_leaves': 200, 'max_depth': 15, 'min_child_samples': 14, 'feature_fraction': 0.5372789812012986, 'bagging_fraction': 0.5182942635780464, 'reg_alpha': 8.519297348212492e-08, 'reg_lambda': 0.09284597191399539}. Best is trial 223 with value: -0.09532691268294306.
[I 2025-08-04 07:46:17,257] Trial 253 finished with value: -0.09254944686187103 and parameters: {'learning_rate': 0.014435067501491684, 'num_leaves': 177, 'max_depth': 15, 'min_child_samples': 10, 'feature_fraction': 0.521026383026064, 'bagging_fraction': 0.5364895164692981, 'reg_alpha': 1.3277246218931126e-07, 'reg_lambda': 0.01313575989983404}. Best is trial 223 with value: -0.09532691268294306.
[I 2025-08-04 07:46:31,443] Trial 254 finished with value: -0.09272527461049102 and parameters: {'learning_rate': 0.01620110458989782, 'num_leaves': 188, 'max_depth': 15, 'min_child_samples': 16, 'feature_fraction': 0.5290844400733508, 'bagging_fraction': 0.5161072471702772, 'reg_alpha': 4.445311112063958e-07, 'reg_lambda': 0.002297120865598239}. Best is trial 223 with value: -0.09532691268294306.
[I 2025-08-04 07:46:40,908] Trial 255 finished with value: -0.09103142656269236 and parameters: {'learning_rate': 0.05563622668246481, 'num_leaves': 195, 'max_depth': 14, 'min_child_samples': 12, 'feature_fraction': 0.5089652599236127, 'bagging_fraction': 0.5246538033311211, 'reg_alpha': 1.3448245960578544e-06, 'reg_lambda': 0.005551370109781204}. Best is trial 223 with value: -0.09532691268294306.
[I 2025-08-04 07:46:51,410] Trial 256 finished with value: -0.089525663131394 and parameters: {'learning_rate': 0.02191223874628909, 'num_leaves': 177, 'max_depth': 14, 'min_child_samples': 18, 'feature_fraction': 0.539428355424887, 'bagging_fraction': 0.5084647499494876, 'reg_alpha': 2.0748749371330926e-07, 'reg_lambda': 0.0085693582195774}. Best is trial 223 with value: -0.09532691268294306.
[I 2025-08-04 07:47:08,283] Trial 257 finished with value: -0.09109164963949043 and parameters: {'learning_rate': 0.01343006051678473, 'num_leaves': 184, 'max_depth': 15, 'min_child_samples': 15, 'feature_fraction': 0.5191355187147196, 'bagging_fraction': 0.5449759308004694, 'reg_alpha': 8.321614630146694e-07, 'reg_lambda': 0.003436107059971212}. Best is trial 223 with value: -0.09532691268294306.
[I 2025-08-04 07:47:24,264] Trial 258 finished with value: -0.09107698849877917 and parameters: {'learning_rate': 0.017235049653106613, 'num_leaves': 204, 'max_depth': 15, 'min_child_samples': 13, 'feature_fraction': 0.501932790267813, 'bagging_fraction': 0.5311175505387614, 'reg_alpha': 2.127646500662092e-06, 'reg_lambda': 0.002696369489843905}. Best is trial 223 with value: -0.09532691268294306.
[I 2025-08-04 07:47:42,926] Trial 259 finished with value: -0.09016553645365587 and parameters: {'learning_rate': 0.012136447951816495, 'num_leaves': 194, 'max_depth': 15, 'min_child_samples': 11, 'feature_fraction': 0.5503557027533205, 'bagging_fraction': 0.5148176589982817, 'reg_alpha': 5.480150754839288e-07, 'reg_lambda': 0.04724101723708686}. Best is trial 223 with value: -0.09532691268294306.
[I 2025-08-04 07:47:58,600] Trial 260 finished with value: -0.09392044980114787 and parameters: {'learning_rate': 0.014814583240787927, 'num_leaves': 190, 'max_depth': 15, 'min_child_samples': 17, 'feature_fraction': 0.5299653568757672, 'bagging_fraction': 0.7202330812495221, 'reg_alpha': 5.970362912524957e-06, 'reg_lambda': 0.3117198095943011}. Best is trial 223 with value: -0.09532691268294306.
[I 2025-08-04 07:48:13,910] Trial 261 finished with value: -0.09310557392554678 and parameters: {'learning_rate': 0.014832965206059543, 'num_leaves': 213, 'max_depth': 15, 'min_child_samples': 17, 'feature_fraction': 0.5307516166885635, 'bagging_fraction': 0.7308766666340588, 'reg_alpha': 5.734785518716732e-06, 'reg_lambda': 0.49557482941061676}. Best is trial 223 with value: -0.09532691268294306.
[I 2025-08-04 07:48:30,346] Trial 262 finished with value: -0.09133287370625594 and parameters: {'learning_rate': 0.015575393721018817, 'num_leaves': 190, 'max_depth': 15, 'min_child_samples': 14, 'feature_fraction': 0.5187020152297418, 'bagging_fraction': 0.5082191205192723, 'reg_alpha': 6.294661332064062e-08, 'reg_lambda': 0.36523056292188094}. Best is trial 223 with value: -0.09532691268294306.
[I 2025-08-04 07:48:47,744] Trial 263 finished with value: -0.09354336008658999 and parameters: {'learning_rate': 0.013900125564030974, 'num_leaves': 181, 'max_depth': 15, 'min_child_samples': 16, 'feature_fraction': 0.5431368419828799, 'bagging_fraction': 0.5014880793406303, 'reg_alpha': 3.5493498922061634e-06, 'reg_lambda': 1.6056178155933754}. Best is trial 223 with value: -0.09532691268294306.
[I 2025-08-04 07:49:07,100] Trial 264 finished with value: -0.09409359935814451 and parameters: {'learning_rate': 0.012808516619775204, 'num_leaves': 175, 'max_depth': 15, 'min_child_samples': 11, 'feature_fraction': 0.5289311016517839, 'bagging_fraction': 0.7833170304783253, 'reg_alpha': 2.47420849650779e-07, 'reg_lambda': 4.568917454954233}. Best is trial 223 with value: -0.09532691268294306.
[I 2025-08-04 07:49:25,389] Trial 265 finished with value: -0.09150103155904761 and parameters: {'learning_rate': 0.012301774133333023, 'num_leaves': 176, 'max_depth': 15, 'min_child_samples': 13, 'feature_fraction': 0.5343651030705027, 'bagging_fraction': 0.8164119351387886, 'reg_alpha': 2.6718039955784405e-07, 'reg_lambda': 0.19619007279664566}. Best is trial 223 with value: -0.09532691268294306.
[I 2025-08-04 07:49:48,583] Trial 266 finished with value: -0.09118772012632934 and parameters: {'learning_rate': 0.011167667171584763, 'num_leaves': 186, 'max_depth': 15, 'min_child_samples': 15, 'feature_fraction': 0.5091313627614356, 'bagging_fraction': 0.759531920349213, 'reg_alpha': 1.5729417503860253e-07, 'reg_lambda': 9.031169185827025}. Best is trial 223 with value: -0.09532691268294306.
[I 2025-08-04 07:50:04,704] Trial 267 finished with value: -0.09040389125282357 and parameters: {'learning_rate': 0.013116189793331848, 'num_leaves': 192, 'max_depth': 15, 'min_child_samples': 19, 'feature_fraction': 0.5276155168970134, 'bagging_fraction': 0.7849484504992746, 'reg_alpha': 1.064431435664795e-07, 'reg_lambda': 0.009249837342577567}. Best is trial 223 with value: -0.09532691268294306.
[I 2025-08-04 07:50:25,790] Trial 268 finished with value: -0.09328104399827178 and parameters: {'learning_rate': 0.010092198950925878, 'num_leaves': 174, 'max_depth': 14, 'min_child_samples': 10, 'feature_fraction': 0.5476837569867744, 'bagging_fraction': 0.8117958289313519, 'reg_alpha': 2.8443171974699318e-08, 'reg_lambda': 0.273130658764552}. Best is trial 223 with value: -0.09532691268294306.
[I 2025-08-04 07:50:43,883] Trial 269 finished with value: -0.09286629575649978 and parameters: {'learning_rate': 0.014543110529380437, 'num_leaves': 182, 'max_depth': 15, 'min_child_samples': 13, 'feature_fraction': 0.5360637958368949, 'bagging_fraction': 0.5379852316937155, 'reg_alpha': 3.9628698607428954e-07, 'reg_lambda': 3.5689607710101217}. Best is trial 223 with value: -0.09532691268294306.
[I 2025-08-04 07:50:58,956] Trial 270 finished with value: -0.09497047956775488 and parameters: {'learning_rate': 0.015983063494900238, 'num_leaves': 176, 'max_depth': 15, 'min_child_samples': 17, 'feature_fraction': 0.512485222863689, 'bagging_fraction': 0.8584140545396225, 'reg_alpha': 2.7759188940688663e-07, 'reg_lambda': 0.001374914985743943}. Best is trial 223 with value: -0.09532691268294306.
[I 2025-08-04 07:51:13,801] Trial 271 finished with value: -0.09428725065647513 and parameters: {'learning_rate': 0.01580988248334856, 'num_leaves': 172, 'max_depth': 15, 'min_child_samples': 15, 'feature_fraction': 0.5245983550029812, 'bagging_fraction': 0.8638666810090172, 'reg_alpha': 2.605298435080575e-07, 'reg_lambda': 0.0012225161188635}. Best is trial 223 with value: -0.09532691268294306.
[I 2025-08-04 07:51:29,211] Trial 272 finished with value: -0.09293346842760467 and parameters: {'learning_rate': 0.016148882689373128, 'num_leaves': 171, 'max_depth': 15, 'min_child_samples': 14, 'feature_fraction': 0.500372264583658, 'bagging_fraction': 0.8517359319452648, 'reg_alpha': 2.0559715072831773e-07, 'reg_lambda': 0.0013037476301157298}. Best is trial 223 with value: -0.09532691268294306.
[I 2025-08-04 07:51:42,442] Trial 273 finished with value: -0.09222954564206862 and parameters: {'learning_rate': 0.01886159914882029, 'num_leaves': 162, 'max_depth': 14, 'min_child_samples': 12, 'feature_fraction': 0.5209979620885022, 'bagging_fraction': 0.8665052236796659, 'reg_alpha': 3.4972681899200083e-07, 'reg_lambda': 0.0004945636307261592}. Best is trial 223 with value: -0.09532691268294306.
[I 2025-08-04 07:51:50,158] Trial 274 finished with value: -0.08385281139627362 and parameters: {'learning_rate': 0.09538858138564994, 'num_leaves': 177, 'max_depth': 15, 'min_child_samples': 15, 'feature_fraction': 0.5129512008914503, 'bagging_fraction': 0.9227538343120985, 'reg_alpha': 2.855694185767377e-07, 'reg_lambda': 0.0008299221478584236}. Best is trial 223 with value: -0.09532691268294306.
[I 2025-08-04 07:52:05,974] Trial 275 finished with value: -0.09297700873375968 and parameters: {'learning_rate': 0.015547757782913023, 'num_leaves': 170, 'max_depth': 15, 'min_child_samples': 11, 'feature_fraction': 0.5412187595511722, 'bagging_fraction': 0.8907049152118285, 'reg_alpha': 6.702661748634392e-07, 'reg_lambda': 0.0017500191717489506}. Best is trial 223 with value: -0.09532691268294306.
[I 2025-08-04 07:52:14,934] Trial 276 finished with value: -0.08376926089736661 and parameters: {'learning_rate': 0.017534862722000968, 'num_leaves': 174, 'max_depth': 14, 'min_child_samples': 48, 'feature_fraction': 0.5247561225548599, 'bagging_fraction': 0.7857557151284794, 'reg_alpha': 4.4394308854031853e-07, 'reg_lambda': 0.0011453942225562036}. Best is trial 223 with value: -0.09532691268294306.
[I 2025-08-04 07:52:33,055] Trial 277 finished with value: -0.0926084892450949 and parameters: {'learning_rate': 0.012715278273508664, 'num_leaves': 164, 'max_depth': 15, 'min_child_samples': 13, 'feature_fraction': 0.5536470806779431, 'bagging_fraction': 0.9822153859452438, 'reg_alpha': 2.2334235832251125e-07, 'reg_lambda': 0.002366355058511931}. Best is trial 223 with value: -0.09532691268294306.
[I 2025-08-04 07:52:40,767] Trial 278 finished with value: -0.08534587751293086 and parameters: {'learning_rate': 0.01581783876434871, 'num_leaves': 25, 'max_depth': 15, 'min_child_samples': 15, 'feature_fraction': 0.5118868185444996, 'bagging_fraction': 0.883397132125102, 'reg_alpha': 9.164530600989088e-07, 'reg_lambda': 0.0039004192972634773}. Best is trial 223 with value: -0.09532691268294306.
[I 2025-08-04 07:52:56,066] Trial 279 finished with value: -0.09240682394722505 and parameters: {'learning_rate': 0.016982685216036294, 'num_leaves': 179, 'max_depth': 15, 'min_child_samples': 10, 'feature_fraction': 0.5329781620032971, 'bagging_fraction': 0.8709936958998321, 'reg_alpha': 5.683593606611592e-07, 'reg_lambda': 0.02045139016119533}. Best is trial 223 with value: -0.09532691268294306.
