[I 2025-08-06 01:36:45,814] Trial 12 finished with value: 0.8804942773232148 and parameters: {'n_d': 63, 'n_a': 19, 'n_steps': 3, 'gamma': 1.035093272187265, 'lambda_sparse': 0.000681509665640995, 'lr': 0.01617342775956406, 'weight_decay': 5.613812555722615e-06}. Best is trial 12 with value: 0.8804942773232148.
/work/dlclarge2/alidemaa-dl_lab/automl/automl-exam-ss25-tabular-freiburg-template/automl-tabular-env/lib/python3.10/site-packages/pytorch_tabnet/callbacks.py:172: UserWarning: Best weights from best epoch are automatically used!
  warnings.warn(wrn_msg)
[I 2025-08-06 01:37:18,056] Trial 13 finished with value: 0.8716401663593302 and parameters: {'n_d': 63, 'n_a': 31, 'n_steps': 3, 'gamma': 1.0074042312155018, 'lambda_sparse': 0.0005137815562480532, 'lr': 0.025048229644422815, 'weight_decay': 6.670069316117009e-06}. Best is trial 12 with value: 0.8804942773232148.
/work/dlclarge2/alidemaa-dl_lab/automl/automl-exam-ss25-tabular-freiburg-template/automl-tabular-env/lib/python3.10/site-packages/pytorch_tabnet/callbacks.py:172: UserWarning: Best weights from best epoch are automatically used!
  warnings.warn(wrn_msg)
[I 2025-08-06 01:38:23,123] Trial 14 finished with value: 0.7948636506041293 and parameters: {'n_d': 56, 'n_a': 32, 'n_steps': 7, 'gamma': 1.379586011090682, 'lambda_sparse': 0.0003656496451195172, 'lr': 0.0028145711214058273, 'weight_decay': 7.458051521401253e-06}. Best is trial 12 with value: 0.8804942773232148.
/work/dlclarge2/alidemaa-dl_lab/automl/automl-exam-ss25-tabular-freiburg-template/automl-tabular-env/lib/python3.10/site-packages/pytorch_tabnet/callbacks.py:172: UserWarning: Best weights from best epoch are automatically used!
  warnings.warn(wrn_msg)
[I 2025-08-06 01:39:12,765] Trial 15 finished with value: 0.8735570956100681 and parameters: {'n_d': 40, 'n_a': 32, 'n_steps': 4, 'gamma': 1.3530781255702262, 'lambda_sparse': 9.666261829507019e-05, 'lr': 0.009466013953638027, 'weight_decay': 8.193366077070661e-06}. Best is trial 12 with value: 0.8804942773232148.
/work/dlclarge2/alidemaa-dl_lab/automl/automl-exam-ss25-tabular-freiburg-template/automl-tabular-env/lib/python3.10/site-packages/pytorch_tabnet/callbacks.py:172: UserWarning: Best weights from best epoch are automatically used!
  warnings.warn(wrn_msg)
[I 2025-08-06 01:40:02,705] Trial 16 finished with value: 0.8512745169965229 and parameters: {'n_d': 42, 'n_a': 38, 'n_steps': 4, 'gamma': 1.742408407043523, 'lambda_sparse': 9.717148748083068e-05, 'lr': 0.004037761145276748, 'weight_decay': 1.1068811285263537e-05}. Best is trial 12 with value: 0.8804942773232148.
/work/dlclarge2/alidemaa-dl_lab/automl/automl-exam-ss25-tabular-freiburg-template/automl-tabular-env/lib/python3.10/site-packages/pytorch_tabnet/callbacks.py:172: UserWarning: Best weights from best epoch are automatically used!
  warnings.warn(wrn_msg)
[I 2025-08-06 01:40:44,519] Trial 17 finished with value: 0.8444900452424958 and parameters: {'n_d': 39, 'n_a': 19, 'n_steps': 4, 'gamma': 1.369326880567304, 'lambda_sparse': 6.0748262385743465e-05, 'lr': 0.0017367137234122264, 'weight_decay': 3.61255804868934e-06}. Best is trial 12 with value: 0.8804942773232148.
/work/dlclarge2/alidemaa-dl_lab/automl/automl-exam-ss25-tabular-freiburg-template/automl-tabular-env/lib/python3.10/site-packages/pytorch_tabnet/callbacks.py:172: UserWarning: Best weights from best epoch are automatically used!
  warnings.warn(wrn_msg)
[I 2025-08-06 01:41:48,371] Trial 18 finished with value: 0.8497964350855274 and parameters: {'n_d': 27, 'n_a': 26, 'n_steps': 6, 'gamma': 1.291838004121659, 'lambda_sparse': 5.6608691628838474e-05, 'lr': 0.013114375657238686, 'weight_decay': 0.0008571279145531496}. Best is trial 12 with value: 0.8804942773232148.
/work/dlclarge2/alidemaa-dl_lab/automl/automl-exam-ss25-tabular-freiburg-template/automl-tabular-env/lib/python3.10/site-packages/pytorch_tabnet/callbacks.py:172: UserWarning: Best weights from best epoch are automatically used!
  warnings.warn(wrn_msg)
[I 2025-08-06 01:42:31,908] Trial 19 finished with value: 0.8402417527452093 and parameters: {'n_d': 34, 'n_a': 43, 'n_steps': 4, 'gamma': 1.4418318125926854, 'lambda_sparse': 0.00023548533664472115, 'lr': 0.08492221660591687, 'weight_decay': 1.425382514106293e-05}. Best is trial 12 with value: 0.8804942773232148.
/work/dlclarge2/alidemaa-dl_lab/automl/automl-exam-ss25-tabular-freiburg-template/automl-tabular-env/lib/python3.10/site-packages/pytorch_tabnet/callbacks.py:172: UserWarning: Best weights from best epoch are automatically used!
  warnings.warn(wrn_msg)
[I 2025-08-06 01:43:26,994] A new study created in memory with name: no-name-70262c27-308f-42f5-bd91-c02a6aa28f91
/work/dlclarge2/alidemaa-dl_lab/automl/automl-exam-ss25-tabular-freiburg-template/automl-tabular-env/lib/python3.10/site-packages/pytorch_tabnet/callbacks.py:172: UserWarning: Best weights from best epoch are automatically used!
  warnings.warn(wrn_msg)
[I 2025-08-06 01:44:02,945] Trial 0 finished with value: 0.5838059758317421 and parameters: {'n_d': 22, 'n_a': 10, 'n_steps': 3, 'gamma': 1.7266588413744428, 'lambda_sparse': 1.0041982809541484e-05, 'lr': 0.00022410436398405208, 'weight_decay': 9.691790304081337e-05}. Best is trial 0 with value: 0.5838059758317421.
/work/dlclarge2/alidemaa-dl_lab/automl/automl-exam-ss25-tabular-freiburg-template/automl-tabular-env/lib/python3.10/site-packages/pytorch_tabnet/callbacks.py:172: UserWarning: Best weights from best epoch are automatically used!
  warnings.warn(wrn_msg)
[I 2025-08-06 01:45:30,443] Trial 1 finished with value: 0.8096268377951986 and parameters: {'n_d': 31, 'n_a': 23, 'n_steps': 9, 'gamma': 1.7463965916050581, 'lambda_sparse': 6.731162884774785e-05, 'lr': 0.005379579520236609, 'weight_decay': 1.350743864146762e-05}. Best is trial 1 with value: 0.8096268377951986.
/work/dlclarge2/alidemaa-dl_lab/automl/automl-exam-ss25-tabular-freiburg-template/automl-tabular-env/lib/python3.10/site-packages/pytorch_tabnet/callbacks.py:172: UserWarning: Best weights from best epoch are automatically used!
  warnings.warn(wrn_msg)
[I 2025-08-06 01:46:20,000] Trial 2 finished with value: 0.8712169927211079 and parameters: {'n_d': 28, 'n_a': 40, 'n_steps': 4, 'gamma': 1.2594195457689765, 'lambda_sparse': 1.5250010481581123e-05, 'lr': 0.01046362235823655, 'weight_decay': 0.0004698838136813901}. Best is trial 2 with value: 0.8712169927211079.
/work/dlclarge2/alidemaa-dl_lab/automl/automl-exam-ss25-tabular-freiburg-template/automl-tabular-env/lib/python3.10/site-packages/pytorch_tabnet/callbacks.py:172: UserWarning: Best weights from best epoch are automatically used!
  warnings.warn(wrn_msg)
[I 2025-08-06 01:47:02,988] Trial 3 finished with value: 0.8263769760288856 and parameters: {'n_d': 57, 'n_a': 46, 'n_steps': 9, 'gamma': 1.2632800231594232, 'lambda_sparse': 0.0007675723002040899, 'lr': 0.088317438165029, 'weight_decay': 0.000495815186828303}. Best is trial 2 with value: 0.8712169927211079.
/work/dlclarge2/alidemaa-dl_lab/automl/automl-exam-ss25-tabular-freiburg-template/automl-tabular-env/lib/python3.10/site-packages/pytorch_tabnet/callbacks.py:172: UserWarning: Best weights from best epoch are automatically used!
  warnings.warn(wrn_msg)
[I 2025-08-06 01:48:31,107] Trial 4 finished with value: 0.7668287303298691 and parameters: {'n_d': 12, 'n_a': 54, 'n_steps': 9, 'gamma': 1.8599484977902907, 'lambda_sparse': 0.0050805940178134295, 'lr': 0.0027567533199365185, 'weight_decay': 0.00031212466473555755}. Best is trial 2 with value: 0.8712169927211079.
/work/dlclarge2/alidemaa-dl_lab/automl/automl-exam-ss25-tabular-freiburg-template/automl-tabular-env/lib/python3.10/site-packages/pytorch_tabnet/callbacks.py:172: UserWarning: Best weights from best epoch are automatically used!
  warnings.warn(wrn_msg)
[I 2025-08-06 01:49:56,694] Trial 5 finished with value: -3.222716980490233 and parameters: {'n_d': 53, 'n_a': 29, 'n_steps': 9, 'gamma': 1.2510435182187911, 'lambda_sparse': 0.00041616869782447227, 'lr': 0.00014354581818851848, 'weight_decay': 0.000826146598331359}. Best is trial 2 with value: 0.8712169927211079.
/work/dlclarge2/alidemaa-dl_lab/automl/automl-exam-ss25-tabular-freiburg-template/automl-tabular-env/lib/python3.10/site-packages/pytorch_tabnet/callbacks.py:172: UserWarning: Best weights from best epoch are automatically used!
  warnings.warn(wrn_msg)
[I 2025-08-06 01:51:00,907] Trial 6 finished with value: 0.8402881349657938 and parameters: {'n_d': 11, 'n_a': 54, 'n_steps': 6, 'gamma': 1.8135541566376605, 'lambda_sparse': 1.765665418188368e-05, 'lr': 0.015225973110892002, 'weight_decay': 2.6401256892350053e-06}. Best is trial 2 with value: 0.8712169927211079.
/work/dlclarge2/alidemaa-dl_lab/automl/automl-exam-ss25-tabular-freiburg-template/automl-tabular-env/lib/python3.10/site-packages/pytorch_tabnet/callbacks.py:172: UserWarning: Best weights from best epoch are automatically used!
  warnings.warn(wrn_msg)
[I 2025-08-06 01:51:21,342] Trial 7 finished with value: 0.8459992329147741 and parameters: {'n_d': 15, 'n_a': 19, 'n_steps': 3, 'gamma': 1.638083467287066, 'lambda_sparse': 0.00016157112126653403, 'lr': 0.036395252714830635, 'weight_decay': 0.00023903183833654665}. Best is trial 2 with value: 0.8712169927211079.
/work/dlclarge2/alidemaa-dl_lab/automl/automl-exam-ss25-tabular-freiburg-template/automl-tabular-env/lib/python3.10/site-packages/pytorch_tabnet/callbacks.py:172: UserWarning: Best weights from best epoch are automatically used!
  warnings.warn(wrn_msg)
[I 2025-08-06 01:52:32,960] Trial 8 finished with value: -0.545361509642051 and parameters: {'n_d': 40, 'n_a': 11, 'n_steps': 8, 'gamma': 1.8044317312446705, 'lambda_sparse': 0.0011044798352981302, 'lr': 0.0005412795393486817, 'weight_decay': 7.383607493435968e-06}. Best is trial 2 with value: 0.8712169927211079.
/work/dlclarge2/alidemaa-dl_lab/automl/automl-exam-ss25-tabular-freiburg-template/automl-tabular-env/lib/python3.10/site-packages/pytorch_tabnet/callbacks.py:172: UserWarning: Best weights from best epoch are automatically used!
  warnings.warn(wrn_msg)
[I 2025-08-06 01:53:08,616] Trial 9 finished with value: 0.8357578502944493 and parameters: {'n_d': 40, 'n_a': 49, 'n_steps': 3, 'gamma': 1.7281708255080979, 'lambda_sparse': 0.008146929835704855, 'lr': 0.037051057120102315, 'weight_decay': 0.0005487312421076221}. Best is trial 2 with value: 0.8712169927211079.
/work/dlclarge2/alidemaa-dl_lab/automl/automl-exam-ss25-tabular-freiburg-template/automl-tabular-env/lib/python3.10/site-packages/pytorch_tabnet/callbacks.py:172: UserWarning: Best weights from best epoch are automatically used!
  warnings.warn(wrn_msg)
[I 2025-08-06 01:54:05,519] Trial 10 finished with value: 0.8602932482278789 and parameters: {'n_d': 28, 'n_a': 64, 'n_steps': 5, 'gamma': 1.0625062530028886, 'lambda_sparse': 4.0452275868289555e-05, 'lr': 0.0017416327884340734, 'weight_decay': 5.486407912636314e-05}. Best is trial 2 with value: 0.8712169927211079.
/work/dlclarge2/alidemaa-dl_lab/automl/automl-exam-ss25-tabular-freiburg-template/automl-tabular-env/lib/python3.10/site-packages/pytorch_tabnet/callbacks.py:172: UserWarning: Best weights from best epoch are automatically used!
  warnings.warn(wrn_msg)
[I 2025-08-06 01:55:02,961] Trial 11 finished with value: 0.8666089358343194 and parameters: {'n_d': 28, 'n_a': 38, 'n_steps': 5, 'gamma': 1.000179572226752, 'lambda_sparse': 3.7242022943932954e-05, 'lr': 0.0019709883821437736, 'weight_decay': 5.461101625990401e-05}. Best is trial 2 with value: 0.8712169927211079.
/work/dlclarge2/alidemaa-dl_lab/automl/automl-exam-ss25-tabular-freiburg-template/automl-tabular-env/lib/python3.10/site-packages/pytorch_tabnet/callbacks.py:172: UserWarning: Best weights from best epoch are automatically used!
  warnings.warn(wrn_msg)
[I 2025-08-06 01:55:56,668] Trial 12 finished with value: 0.8838560293897985 and parameters: {'n_d': 46, 'n_a': 39, 'n_steps': 5, 'gamma': 1.07082635416498, 'lambda_sparse': 3.896661101279003e-05, 'lr': 0.00743313064700156, 'weight_decay': 2.3607884970136522e-05}. Best is trial 12 with value: 0.8838560293897985.
/work/dlclarge2/alidemaa-dl_lab/automl/automl-exam-ss25-tabular-freiburg-template/automl-tabular-env/lib/python3.10/site-packages/pytorch_tabnet/callbacks.py:172: UserWarning: Best weights from best epoch are automatically used!
  warnings.warn(wrn_msg)
[I 2025-08-06 01:56:32,387] Trial 13 finished with value: 0.852167437698779 and parameters: {'n_d': 48, 'n_a': 37, 'n_steps': 5, 'gamma': 1.326622799244667, 'lambda_sparse': 0.00013834401755593494, 'lr': 0.008687080257308206, 'weight_decay': 1.6937139017489002e-05}. Best is trial 12 with value: 0.8838560293897985.
/work/dlclarge2/alidemaa-dl_lab/automl/automl-exam-ss25-tabular-freiburg-template/automl-tabular-env/lib/python3.10/site-packages/pytorch_tabnet/callbacks.py:172: UserWarning: Best weights from best epoch are automatically used!
  warnings.warn(wrn_msg)
[I 2025-08-06 01:57:44,441] Trial 14 finished with value: 0.8653070537864338 and parameters: {'n_d': 62, 'n_a': 31, 'n_steps': 7, 'gamma': 1.4463100858202615, 'lambda_sparse': 2.076898436115146e-05, 'lr': 0.015599862846058642, 'weight_decay': 0.00015279753817056772}. Best is trial 12 with value: 0.8838560293897985.
/work/dlclarge2/alidemaa-dl_lab/automl/automl-exam-ss25-tabular-freiburg-template/automl-tabular-env/lib/python3.10/site-packages/pytorch_tabnet/callbacks.py:172: UserWarning: Best weights from best epoch are automatically used!
  warnings.warn(wrn_msg)
[I 2025-08-06 01:58:34,135] Trial 15 finished with value: 0.8381591661504755 and parameters: {'n_d': 44, 'n_a': 42, 'n_steps': 4, 'gamma': 1.129956137402229, 'lambda_sparse': 9.653254472793266e-05, 'lr': 0.0008218507151870748, 'weight_decay': 5.2254448372288114e-06}. Best is trial 12 with value: 0.8838560293897985.
/work/dlclarge2/alidemaa-dl_lab/automl/automl-exam-ss25-tabular-freiburg-template/automl-tabular-env/lib/python3.10/site-packages/pytorch_tabnet/callbacks.py:172: UserWarning: Best weights from best epoch are automatically used!
  warnings.warn(wrn_msg)
[I 2025-08-06 01:59:32,604] Trial 16 finished with value: 0.8391687170555349 and parameters: {'n_d': 34, 'n_a': 32, 'n_steps': 6, 'gamma': 1.987720992145098, 'lambda_sparse': 1.0799275178642257e-05, 'lr': 0.0055326465302706915, 'weight_decay': 3.2082501782033664e-05}. Best is trial 12 with value: 0.8838560293897985.
/work/dlclarge2/alidemaa-dl_lab/automl/automl-exam-ss25-tabular-freiburg-template/automl-tabular-env/lib/python3.10/site-packages/pytorch_tabnet/callbacks.py:172: UserWarning: Best weights from best epoch are automatically used!
  warnings.warn(wrn_msg)
[I 2025-08-06 02:00:22,224] Trial 17 finished with value: 0.8870801487392567 and parameters: {'n_d': 49, 'n_a': 24, 'n_steps': 4, 'gamma': 1.1567397903574868, 'lambda_sparse': 3.679678482191886e-05, 'lr': 0.018115278754978013, 'weight_decay': 1.165904080021873e-06}. Best is trial 17 with value: 0.8870801487392567.
/work/dlclarge2/alidemaa-dl_lab/automl/automl-exam-ss25-tabular-freiburg-template/automl-tabular-env/lib/python3.10/site-packages/pytorch_tabnet/callbacks.py:172: UserWarning: Best weights from best epoch are automatically used!
  warnings.warn(wrn_msg)
[I 2025-08-06 02:01:27,195] Trial 18 finished with value: 0.8499634564808497 and parameters: {'n_d': 49, 'n_a': 21, 'n_steps': 7, 'gamma': 1.1413564546605819, 'lambda_sparse': 0.0002679134516323401, 'lr': 0.033718993666769156, 'weight_decay': 1.3562882021698208e-06}. Best is trial 17 with value: 0.8870801487392567.
/work/dlclarge2/alidemaa-dl_lab/automl/automl-exam-ss25-tabular-freiburg-template/automl-tabular-env/lib/python3.10/site-packages/pytorch_tabnet/callbacks.py:172: UserWarning: Best weights from best epoch are automatically used!
  warnings.warn(wrn_msg)
[I 2025-08-06 02:02:09,215] Trial 19 finished with value: 0.8725150679500673 and parameters: {'n_d': 63, 'n_a': 26, 'n_steps': 4, 'gamma': 1.441161294988789, 'lambda_sparse': 5.492832225881139e-05, 'lr': 0.08561732862388101, 'weight_decay': 1.1131281836158802e-06}. Best is trial 17 with value: 0.8870801487392567.
/work/dlclarge2/alidemaa-dl_lab/automl/automl-exam-ss25-tabular-freiburg-template/automl-tabular-env/lib/python3.10/site-packages/pytorch_tabnet/callbacks.py:172: UserWarning: Best weights from best epoch are automatically used!
  warnings.warn(wrn_msg)
[I 2025-08-06 02:03:23,123] A new study created in memory with name: no-name-595ada90-e243-4ad9-aaf3-e7e03bc01717
/work/dlclarge2/alidemaa-dl_lab/automl/automl-exam-ss25-tabular-freiburg-template/automl-tabular-env/lib/python3.10/site-packages/pytorch_tabnet/callbacks.py:172: UserWarning: Best weights from best epoch are automatically used!
  warnings.warn(wrn_msg)
[I 2025-08-06 02:04:50,710] Trial 0 finished with value: 0.8405461342542117 and parameters: {'n_d': 57, 'n_a': 30, 'n_steps': 9, 'gamma': 1.9313068689748372, 'lambda_sparse': 2.294626906089746e-05, 'lr': 0.010252613194415049, 'weight_decay': 0.0004807448168719066}. Best is trial 0 with value: 0.8405461342542117.
/work/dlclarge2/alidemaa-dl_lab/automl/automl-exam-ss25-tabular-freiburg-template/automl-tabular-env/lib/python3.10/site-packages/pytorch_tabnet/callbacks.py:172: UserWarning: Best weights from best epoch are automatically used!
  warnings.warn(wrn_msg)
[I 2025-08-06 02:06:18,413] Trial 1 finished with value: -2.1441896624658683 and parameters: {'n_d': 45, 'n_a': 25, 'n_steps': 9, 'gamma': 1.042177455614845, 'lambda_sparse': 0.00010995000675000307, 'lr': 0.00024373747635159427, 'weight_decay': 1.4983958955024658e-05}. Best is trial 0 with value: 0.8405461342542117.
/work/dlclarge2/alidemaa-dl_lab/automl/automl-exam-ss25-tabular-freiburg-template/automl-tabular-env/lib/python3.10/site-packages/pytorch_tabnet/callbacks.py:172: UserWarning: Best weights from best epoch are automatically used!
  warnings.warn(wrn_msg)
[I 2025-08-06 02:06:54,034] Trial 2 finished with value: 0.8804674443445077 and parameters: {'n_d': 56, 'n_a': 43, 'n_steps': 3, 'gamma': 1.9643055581669269, 'lambda_sparse': 0.0011023479155064051, 'lr': 0.023679703627042907, 'weight_decay': 2.3631772207048636e-06}. Best is trial 2 with value: 0.8804674443445077.
/work/dlclarge2/alidemaa-dl_lab/automl/automl-exam-ss25-tabular-freiburg-template/automl-tabular-env/lib/python3.10/site-packages/pytorch_tabnet/callbacks.py:172: UserWarning: Best weights from best epoch are automatically used!
  warnings.warn(wrn_msg)
[I 2025-08-06 02:07:26,051] Trial 3 finished with value: 0.851342867828705 and parameters: {'n_d': 12, 'n_a': 29, 'n_steps': 3, 'gamma': 1.9505781097463213, 'lambda_sparse': 0.0005102897118777455, 'lr': 0.0021004995949223276, 'weight_decay': 0.00042514308274177004}. Best is trial 2 with value: 0.8804674443445077.
/work/dlclarge2/alidemaa-dl_lab/automl/automl-exam-ss25-tabular-freiburg-template/automl-tabular-env/lib/python3.10/site-packages/pytorch_tabnet/callbacks.py:172: UserWarning: Best weights from best epoch are automatically used!
  warnings.warn(wrn_msg)
[I 2025-08-06 02:08:31,382] Trial 4 finished with value: 0.8367869912162826 and parameters: {'n_d': 30, 'n_a': 64, 'n_steps': 10, 'gamma': 1.0562884386767921, 'lambda_sparse': 0.009621912645301767, 'lr': 0.012852915626961841, 'weight_decay': 4.322109553685992e-06}. Best is trial 2 with value: 0.8804674443445077.
/work/dlclarge2/alidemaa-dl_lab/automl/automl-exam-ss25-tabular-freiburg-template/automl-tabular-env/lib/python3.10/site-packages/pytorch_tabnet/callbacks.py:172: UserWarning: Best weights from best epoch are automatically used!
  warnings.warn(wrn_msg)
[I 2025-08-06 02:10:07,077] Trial 5 finished with value: 0.8401619131406731 and parameters: {'n_d': 63, 'n_a': 47, 'n_steps': 10, 'gamma': 1.8419582078715244, 'lambda_sparse': 0.0004699644842096775, 'lr': 0.014943285333322759, 'weight_decay': 0.0008649028226771788}. Best is trial 2 with value: 0.8804674443445077.
/work/dlclarge2/alidemaa-dl_lab/automl/automl-exam-ss25-tabular-freiburg-template/automl-tabular-env/lib/python3.10/site-packages/pytorch_tabnet/callbacks.py:172: UserWarning: Best weights from best epoch are automatically used!
  warnings.warn(wrn_msg)
[I 2025-08-06 02:11:29,746] Trial 6 finished with value: 0.14709605075752852 and parameters: {'n_d': 29, 'n_a': 8, 'n_steps': 9, 'gamma': 1.0037293525268092, 'lambda_sparse': 7.57073350245597e-05, 'lr': 0.0006086174548663209, 'weight_decay': 0.00024443474445138424}. Best is trial 2 with value: 0.8804674443445077.
/work/dlclarge2/alidemaa-dl_lab/automl/automl-exam-ss25-tabular-freiburg-template/automl-tabular-env/lib/python3.10/site-packages/pytorch_tabnet/callbacks.py:172: UserWarning: Best weights from best epoch are automatically used!
  warnings.warn(wrn_msg)
[I 2025-08-06 02:12:41,819] Trial 7 finished with value: 0.4118387563112984 and parameters: {'n_d': 26, 'n_a': 21, 'n_steps': 7, 'gamma': 1.9384466647698395, 'lambda_sparse': 0.00813061750317212, 'lr': 0.0008705630593916862, 'weight_decay': 0.0001407266873256298}. Best is trial 2 with value: 0.8804674443445077.
/work/dlclarge2/alidemaa-dl_lab/automl/automl-exam-ss25-tabular-freiburg-template/automl-tabular-env/lib/python3.10/site-packages/pytorch_tabnet/callbacks.py:172: UserWarning: Best weights from best epoch are automatically used!
  warnings.warn(wrn_msg)
[I 2025-08-06 02:14:06,888] Trial 8 finished with value: 0.82433527494099 and parameters: {'n_d': 9, 'n_a': 40, 'n_steps': 9, 'gamma': 1.2519663172780904, 'lambda_sparse': 0.00038478902948866603, 'lr': 0.0033761614550856353, 'weight_decay': 0.0004721643718633963}. Best is trial 2 with value: 0.8804674443445077.
/work/dlclarge2/alidemaa-dl_lab/automl/automl-exam-ss25-tabular-freiburg-template/automl-tabular-env/lib/python3.10/site-packages/pytorch_tabnet/callbacks.py:172: UserWarning: Best weights from best epoch are automatically used!
  warnings.warn(wrn_msg)
