[I 2025-08-02 06:46:19,766] Trial 361 finished with value: -0.9394593268584354 and parameters: {'learning_rate': 0.10751485011439371, 'depth': 6, 'l2_leaf_reg': 1.6481982129722201, 'border_count': 149}. Best is trial 236 with value: -0.9412786767017213.
[I 2025-08-02 06:46:38,224] Trial 362 finished with value: -0.9391729914378958 and parameters: {'learning_rate': 0.07734122816480037, 'depth': 6, 'l2_leaf_reg': 1.3705043851178649, 'border_count': 132}. Best is trial 236 with value: -0.9412786767017213.
[I 2025-08-02 06:46:57,369] Trial 363 finished with value: -0.9375634009059982 and parameters: {'learning_rate': 0.09710381439679323, 'depth': 6, 'l2_leaf_reg': 1.867415316593657, 'border_count': 160}. Best is trial 236 with value: -0.9412786767017213.
[I 2025-08-02 06:47:11,083] Trial 364 finished with value: -0.9329913989038242 and parameters: {'learning_rate': 0.05251492404250702, 'depth': 4, 'l2_leaf_reg': 6.6121538639008275, 'border_count': 154}. Best is trial 236 with value: -0.9412786767017213.
[I 2025-08-02 06:47:36,035] Trial 365 finished with value: -0.9355181805349648 and parameters: {'learning_rate': 0.06362700985458514, 'depth': 7, 'l2_leaf_reg': 8.336600276814812, 'border_count': 144}. Best is trial 236 with value: -0.9412786767017213.
[I 2025-08-02 06:47:55,158] Trial 366 finished with value: -0.9393872706119935 and parameters: {'learning_rate': 0.06689020144878664, 'depth': 6, 'l2_leaf_reg': 1.5790471586081707, 'border_count': 150}. Best is trial 236 with value: -0.9412786767017213.
[I 2025-08-02 06:48:16,121] Trial 367 finished with value: -0.9382895864091079 and parameters: {'learning_rate': 0.09134273088495144, 'depth': 6, 'l2_leaf_reg': 1.259558286171101, 'border_count': 233}. Best is trial 236 with value: -0.9412786767017213.
[I 2025-08-02 06:48:36,001] Trial 368 finished with value: -0.9369365859279875 and parameters: {'learning_rate': 0.10061481744709112, 'depth': 6, 'l2_leaf_reg': 9.937178010942414, 'border_count': 161}. Best is trial 236 with value: -0.9412786767017213.
[I 2025-08-02 06:48:55,809] Trial 369 finished with value: -0.9400491205041329 and parameters: {'learning_rate': 0.07217254645574953, 'depth': 6, 'l2_leaf_reg': 1.7197704315293567, 'border_count': 156}. Best is trial 236 with value: -0.9412786767017213.
[I 2025-08-02 06:49:15,740] Trial 370 finished with value: -0.9375306301674071 and parameters: {'learning_rate': 0.07317450388777572, 'depth': 6, 'l2_leaf_reg': 2.085348244141623, 'border_count': 166}. Best is trial 236 with value: -0.9412786767017213.
[I 2025-08-02 06:49:34,997] Trial 371 finished with value: -0.9386279241283854 and parameters: {'learning_rate': 0.06880450701197201, 'depth': 6, 'l2_leaf_reg': 1.8048705825896973, 'border_count': 157}. Best is trial 236 with value: -0.9412786767017213.
[I 2025-08-02 06:49:54,729] Trial 372 finished with value: -0.9395964246548361 and parameters: {'learning_rate': 0.06229442458326712, 'depth': 6, 'l2_leaf_reg': 1.6808821587141245, 'border_count': 155}. Best is trial 236 with value: -0.9412786767017213.
[I 2025-08-02 06:50:13,906] Trial 373 finished with value: -0.9380515174678267 and parameters: {'learning_rate': 0.11027704352030518, 'depth': 6, 'l2_leaf_reg': 1.9167988888610128, 'border_count': 163}. Best is trial 236 with value: -0.9412786767017213.
[I 2025-08-02 06:50:50,447] Trial 374 finished with value: -0.9363809907675669 and parameters: {'learning_rate': 0.05768318407666329, 'depth': 8, 'l2_leaf_reg': 2.18597789392371, 'border_count': 158}. Best is trial 236 with value: -0.9412786767017213.
[I 2025-08-02 06:51:10,055] Trial 375 finished with value: -0.9318362406570383 and parameters: {'learning_rate': 0.020313497379792437, 'depth': 6, 'l2_leaf_reg': 1.4866609509306798, 'border_count': 152}. Best is trial 236 with value: -0.9412786767017213.
[I 2025-08-02 06:51:26,064] Trial 376 finished with value: -0.9372285711385941 and parameters: {'learning_rate': 0.06959358624894395, 'depth': 5, 'l2_leaf_reg': 1.152982925489388, 'border_count': 159}. Best is trial 236 with value: -0.9412786767017213.
[I 2025-08-02 06:51:47,855] Trial 377 finished with value: -0.9385981653449054 and parameters: {'learning_rate': 0.07666593580096262, 'depth': 6, 'l2_leaf_reg': 1.6868817864143828, 'border_count': 216}. Best is trial 236 with value: -0.9412786767017213.
[I 2025-08-02 06:52:06,289] Trial 378 finished with value: -0.9396914854346367 and parameters: {'learning_rate': 0.11743117497680947, 'depth': 6, 'l2_leaf_reg': 1.314525415548768, 'border_count': 151}. Best is trial 236 with value: -0.9412786767017213.
[I 2025-08-02 06:52:23,101] Trial 379 finished with value: -0.9357911488466318 and parameters: {'learning_rate': 0.1295961640233708, 'depth': 6, 'l2_leaf_reg': 1.9203327316938095, 'border_count': 144}. Best is trial 236 with value: -0.9412786767017213.
[I 2025-08-02 06:52:40,792] Trial 380 finished with value: -0.9371766286475324 and parameters: {'learning_rate': 0.13902466789288315, 'depth': 6, 'l2_leaf_reg': 1.4925041748331926, 'border_count': 169}. Best is trial 236 with value: -0.9412786767017213.
[I 2025-08-02 06:52:57,903] Trial 381 finished with value: -0.93864777686686 and parameters: {'learning_rate': 0.12576068333467566, 'depth': 6, 'l2_leaf_reg': 1.705748036250294, 'border_count': 155}. Best is trial 236 with value: -0.9412786767017213.
[I 2025-08-02 06:53:12,047] Trial 382 finished with value: -0.9371120484312037 and parameters: {'learning_rate': 0.14915274156886907, 'depth': 5, 'l2_leaf_reg': 1.3812141771031385, 'border_count': 162}. Best is trial 236 with value: -0.9412786767017213.
[I 2025-08-02 06:53:31,312] Trial 383 finished with value: -0.9390013429993425 and parameters: {'learning_rate': 0.11467170818625268, 'depth': 6, 'l2_leaf_reg': 1.5826938905259051, 'border_count': 176}. Best is trial 236 with value: -0.9412786767017213.
[I 2025-08-02 06:53:53,202] Trial 384 finished with value: -0.9374153881930537 and parameters: {'learning_rate': 0.11844393659707471, 'depth': 7, 'l2_leaf_reg': 1.8580003424619116, 'border_count': 147}. Best is trial 236 with value: -0.9412786767017213.
[I 2025-08-02 06:54:06,061] Trial 385 finished with value: -0.9320632873532699 and parameters: {'learning_rate': 0.2847970047874826, 'depth': 6, 'l2_leaf_reg': 1.121340644148554, 'border_count': 140}. Best is trial 236 with value: -0.9412786767017213.
[I 2025-08-02 06:54:25,382] Trial 386 finished with value: -0.9385933177684657 and parameters: {'learning_rate': 0.060981673795961366, 'depth': 6, 'l2_leaf_reg': 4.115599527123337, 'border_count': 151}. Best is trial 236 with value: -0.9412786767017213.
[I 2025-08-02 06:54:44,118] Trial 387 finished with value: -0.9385027968705841 and parameters: {'learning_rate': 0.10732000285700577, 'depth': 6, 'l2_leaf_reg': 5.7175955118098605, 'border_count': 155}. Best is trial 236 with value: -0.9412786767017213.
[I 2025-08-02 06:55:03,731] Trial 388 finished with value: -0.9388117276116897 and parameters: {'learning_rate': 0.06555988488304584, 'depth': 6, 'l2_leaf_reg': 2.1342793400809286, 'border_count': 164}. Best is trial 236 with value: -0.9412786767017213.
[I 2025-08-02 06:55:22,912] Trial 389 finished with value: -0.9386753410891148 and parameters: {'learning_rate': 0.07157706477760581, 'depth': 6, 'l2_leaf_reg': 1.2950352766842133, 'border_count': 146}. Best is trial 236 with value: -0.9412786767017213.
[I 2025-08-02 06:59:40,047] Trial 390 finished with value: -0.9223522254184099 and parameters: {'learning_rate': 0.08611046659831885, 'depth': 11, 'l2_leaf_reg': 1.4644438880718975, 'border_count': 251}. Best is trial 236 with value: -0.9412786767017213.
[I 2025-08-02 06:59:59,954] Trial 391 finished with value: -0.9367613480047117 and parameters: {'learning_rate': 0.12085454318246638, 'depth': 6, 'l2_leaf_reg': 1.0004082547652382, 'border_count': 204}. Best is trial 236 with value: -0.9412786767017213.
[I 2025-08-02 07:00:24,604] Trial 392 finished with value: -0.938084268912493 and parameters: {'learning_rate': 0.0775369267916027, 'depth': 7, 'l2_leaf_reg': 1.6804208117323642, 'border_count': 159}. Best is trial 236 with value: -0.9412786767017213.
[I 2025-08-02 07:00:43,313] Trial 393 finished with value: -0.938965827846643 and parameters: {'learning_rate': 0.09521168680541538, 'depth': 6, 'l2_leaf_reg': 2.0116100216826815, 'border_count': 152}. Best is trial 236 with value: -0.9412786767017213.
[I 2025-08-02 07:01:01,527] Trial 394 finished with value: -0.9379608987296315 and parameters: {'learning_rate': 0.10929803391334436, 'depth': 6, 'l2_leaf_reg': 1.3062978155310276, 'border_count': 149}. Best is trial 236 with value: -0.9412786767017213.
[I 2025-08-02 07:01:19,764] Trial 395 finished with value: -0.938596880305942 and parameters: {'learning_rate': 0.0823585625167435, 'depth': 6, 'l2_leaf_reg': 1.802323497101214, 'border_count': 142}. Best is trial 236 with value: -0.9412786767017213.
[I 2025-08-02 07:01:35,582] Trial 396 finished with value: -0.9363184070568973 and parameters: {'learning_rate': 0.07321386542515887, 'depth': 5, 'l2_leaf_reg': 1.594534390506518, 'border_count': 136}. Best is trial 236 with value: -0.9412786767017213.
[I 2025-08-02 07:01:54,885] Trial 397 finished with value: -0.937098517699226 and parameters: {'learning_rate': 0.08925037449385866, 'depth': 6, 'l2_leaf_reg': 7.6104605815751025, 'border_count': 157}. Best is trial 236 with value: -0.9412786767017213.
[I 2025-08-02 07:02:15,157] Trial 398 finished with value: -0.9386886289652142 and parameters: {'learning_rate': 0.06781180541532808, 'depth': 6, 'l2_leaf_reg': 1.1846485430493352, 'border_count': 168}. Best is trial 236 with value: -0.9412786767017213.
[I 2025-08-02 07:02:34,625] Trial 399 finished with value: -0.939024645163759 and parameters: {'learning_rate': 0.10380200214351751, 'depth': 6, 'l2_leaf_reg': 1.3982447170787524, 'border_count': 155}. Best is trial 236 with value: -0.9412786767017213.
[I 2025-08-02 07:02:53,582] Trial 400 finished with value: -0.9387480264608735 and parameters: {'learning_rate': 0.09470891958439831, 'depth': 6, 'l2_leaf_reg': 1.8668918589654697, 'border_count': 147}. Best is trial 236 with value: -0.9412786767017213.
[I 2025-08-02 07:03:13,602] Trial 401 finished with value: -0.9380189044051003 and parameters: {'learning_rate': 0.05447579646121765, 'depth': 6, 'l2_leaf_reg': 2.240769848675021, 'border_count': 162}. Best is trial 236 with value: -0.9412786767017213.
[I 2025-08-02 07:03:33,297] Trial 402 finished with value: -0.9382080121898143 and parameters: {'learning_rate': 0.060964568373521044, 'depth': 6, 'l2_leaf_reg': 1.573649633071165, 'border_count': 152}. Best is trial 236 with value: -0.9412786767017213.
[I 2025-08-02 07:03:52,557] Trial 403 finished with value: -0.9396177444908802 and parameters: {'learning_rate': 0.08079188476585845, 'depth': 6, 'l2_leaf_reg': 1.1468361982754458, 'border_count': 143}. Best is trial 236 with value: -0.9412786767017213.
[I 2025-08-02 07:04:40,037] Trial 404 finished with value: -0.9298560391504903 and parameters: {'learning_rate': 0.11535384826566551, 'depth': 9, 'l2_leaf_reg': 1.337291142701267, 'border_count': 159}. Best is trial 236 with value: -0.9412786767017213.
[I 2025-08-02 07:04:58,991] Trial 405 finished with value: -0.9389834893906667 and parameters: {'learning_rate': 0.08618461820075957, 'depth': 6, 'l2_leaf_reg': 1.720928035203236, 'border_count': 149}. Best is trial 236 with value: -0.9412786767017213.
[I 2025-08-02 07:05:17,725] Trial 406 finished with value: -0.9389197380564727 and parameters: {'learning_rate': 0.09720045176159633, 'depth': 6, 'l2_leaf_reg': 2.020980789068189, 'border_count': 155}. Best is trial 236 with value: -0.9412786767017213.
[I 2025-08-02 07:12:44,300] Trial 407 finished with value: -0.9124718519381916 and parameters: {'learning_rate': 0.04531218630884642, 'depth': 12, 'l2_leaf_reg': 1.0063283551684656, 'border_count': 165}. Best is trial 236 with value: -0.9412786767017213.
[I 2025-08-02 07:13:09,163] Trial 408 finished with value: -0.9366958826868926 and parameters: {'learning_rate': 0.07659004220513968, 'depth': 7, 'l2_leaf_reg': 1.4416525345027558, 'border_count': 139}. Best is trial 236 with value: -0.9412786767017213.
[I 2025-08-02 07:13:30,341] Trial 409 finished with value: -0.9379276418407146 and parameters: {'learning_rate': 0.10511778929936821, 'depth': 6, 'l2_leaf_reg': 1.2727806077405095, 'border_count': 210}. Best is trial 236 with value: -0.9412786767017213.
[I 2025-08-02 07:13:49,602] Trial 410 finished with value: -0.9381273424583512 and parameters: {'learning_rate': 0.065492379003387, 'depth': 6, 'l2_leaf_reg': 1.5651316205520607, 'border_count': 146}. Best is trial 236 with value: -0.9412786767017213.
[I 2025-08-02 07:14:09,589] Trial 411 finished with value: -0.9386875957771575 and parameters: {'learning_rate': 0.05698497447080447, 'depth': 6, 'l2_leaf_reg': 1.7256404456312726, 'border_count': 160}. Best is trial 236 with value: -0.9412786767017213.
[I 2025-08-02 07:14:25,317] Trial 412 finished with value: -0.9379163216823613 and parameters: {'learning_rate': 0.09041652761246607, 'depth': 5, 'l2_leaf_reg': 1.9879050634472684, 'border_count': 152}. Best is trial 236 with value: -0.9412786767017213.
[I 2025-08-02 07:14:43,917] Trial 413 finished with value: -0.938500453067094 and parameters: {'learning_rate': 0.12370131321492368, 'depth': 6, 'l2_leaf_reg': 5.078769044472672, 'border_count': 156}. Best is trial 236 with value: -0.9412786767017213.
[I 2025-08-02 07:15:03,881] Trial 414 finished with value: -0.9378644759066899 and parameters: {'learning_rate': 0.07235870489074941, 'depth': 6, 'l2_leaf_reg': 1.4474176682238211, 'border_count': 172}. Best is trial 236 with value: -0.9412786767017213.
[I 2025-08-02 07:15:22,884] Trial 415 finished with value: -0.9392212622040357 and parameters: {'learning_rate': 0.10094397007465916, 'depth': 6, 'l2_leaf_reg': 1.1848560145250295, 'border_count': 150}. Best is trial 236 with value: -0.9412786767017213.
[I 2025-08-02 07:17:04,184] Trial 416 finished with value: -0.9275543870281394 and parameters: {'learning_rate': 0.08196035009928496, 'depth': 10, 'l2_leaf_reg': 1.8527032061958584, 'border_count': 143}. Best is trial 236 with value: -0.9412786767017213.
[I 2025-08-02 07:17:24,093] Trial 417 finished with value: -0.9380756177368816 and parameters: {'learning_rate': 0.050760879243172984, 'depth': 6, 'l2_leaf_reg': 1.3386767629151102, 'border_count': 162}. Best is trial 236 with value: -0.9412786767017213.
[I 2025-08-02 07:17:41,851] Trial 418 finished with value: -0.938456769514043 and parameters: {'learning_rate': 0.11168727003156115, 'depth': 6, 'l2_leaf_reg': 1.5651232603602119, 'border_count': 132}. Best is trial 236 with value: -0.9412786767017213.
[I 2025-08-02 07:18:01,452] Trial 419 finished with value: -0.939042824671125 and parameters: {'learning_rate': 0.069124961945407, 'depth': 6, 'l2_leaf_reg': 2.2793263529559296, 'border_count': 154}. Best is trial 236 with value: -0.9412786767017213.
[I 2025-08-02 07:18:24,262] Trial 420 finished with value: -0.9376131738912996 and parameters: {'learning_rate': 0.09015865694473632, 'depth': 7, 'l2_leaf_reg': 1.0052913683225242, 'border_count': 147}. Best is trial 236 with value: -0.9412786767017213.
[I 2025-08-02 07:18:43,812] Trial 421 finished with value: -0.9391826995817956 and parameters: {'learning_rate': 0.06293049969530222, 'depth': 6, 'l2_leaf_reg': 1.7161434762945378, 'border_count': 158}. Best is trial 236 with value: -0.9412786767017213.
[I 2025-08-02 07:19:02,940] Trial 422 finished with value: -0.9388120520845636 and parameters: {'learning_rate': 0.09471378504382542, 'depth': 6, 'l2_leaf_reg': 1.2084240061848504, 'border_count': 167}. Best is trial 236 with value: -0.9412786767017213.
[I 2025-08-02 07:19:22,213] Trial 423 finished with value: -0.9376622151496068 and parameters: {'learning_rate': 0.07478284543636785, 'depth': 6, 'l2_leaf_reg': 2.0962958688830824, 'border_count': 138}. Best is trial 236 with value: -0.9412786767017213.
[I 2025-08-02 07:19:40,189] Trial 424 finished with value: -0.9383559107556029 and parameters: {'learning_rate': 0.10496523404338466, 'depth': 6, 'l2_leaf_reg': 1.4784878864117832, 'border_count': 152}. Best is trial 236 with value: -0.9412786767017213.
[I 2025-08-02 07:19:59,313] Trial 425 finished with value: -0.9387089853411819 and parameters: {'learning_rate': 0.08591062010025775, 'depth': 6, 'l2_leaf_reg': 1.856414802627628, 'border_count': 147}. Best is trial 236 with value: -0.9412786767017213.
[I 2025-08-02 07:20:19,194] Trial 426 finished with value: -0.9395062220925678 and parameters: {'learning_rate': 0.07910998911011864, 'depth': 6, 'l2_leaf_reg': 1.3525357750059255, 'border_count': 157}. Best is trial 236 with value: -0.9412786767017213.
[I 2025-08-02 07:20:34,453] Trial 427 finished with value: -0.9380321490393485 and parameters: {'learning_rate': 0.11878037889776705, 'depth': 5, 'l2_leaf_reg': 6.192260396185834, 'border_count': 142}. Best is trial 236 with value: -0.9412786767017213.
[I 2025-08-02 07:20:53,715] Trial 428 finished with value: -0.9394913187685291 and parameters: {'learning_rate': 0.06707717659786784, 'depth': 6, 'l2_leaf_reg': 1.6302283711229915, 'border_count': 150}. Best is trial 236 with value: -0.9412786767017213.
[I 2025-08-02 07:21:13,223] Trial 429 finished with value: -0.9391650890889492 and parameters: {'learning_rate': 0.09854159081340293, 'depth': 6, 'l2_leaf_reg': 1.13187447798028, 'border_count': 162}. Best is trial 236 with value: -0.9412786767017213.
[I 2025-08-02 07:21:31,451] Trial 430 finished with value: -0.938988059189177 and parameters: {'learning_rate': 0.13186824608778505, 'depth': 6, 'l2_leaf_reg': 1.4972015684928217, 'border_count': 155}. Best is trial 236 with value: -0.9412786767017213.
[I 2025-08-02 07:21:48,837] Trial 431 finished with value: -0.9385242120535415 and parameters: {'learning_rate': 0.10943470627457104, 'depth': 6, 'l2_leaf_reg': 1.9024605281210396, 'border_count': 145}. Best is trial 236 with value: -0.9412786767017213.
[I 2025-08-02 07:22:07,212] Trial 432 finished with value: -0.9396043210569204 and parameters: {'learning_rate': 0.08706356594854837, 'depth': 6, 'l2_leaf_reg': 1.2876422050958496, 'border_count': 165}. Best is trial 236 with value: -0.9412786767017213.
[I 2025-08-02 07:22:26,459] Trial 433 finished with value: -0.9389671161231881 and parameters: {'learning_rate': 0.059287786448313305, 'depth': 6, 'l2_leaf_reg': 1.6837391647114495, 'border_count': 151}. Best is trial 236 with value: -0.9412786767017213.
[I 2025-08-02 07:22:50,924] Trial 434 finished with value: -0.9391861770540019 and parameters: {'learning_rate': 0.09629799286396942, 'depth': 7, 'l2_leaf_reg': 2.1849311421603863, 'border_count': 159}. Best is trial 236 with value: -0.9412786767017213.
[I 2025-08-02 07:23:09,686] Trial 435 finished with value: -0.9383079392084599 and parameters: {'learning_rate': 0.07061120412517095, 'depth': 6, 'l2_leaf_reg': 1.1534368067114533, 'border_count': 136}. Best is trial 236 with value: -0.9412786767017213.
[I 2025-08-02 07:23:29,180] Trial 436 finished with value: -0.9392744262527295 and parameters: {'learning_rate': 0.07795120309474132, 'depth': 6, 'l2_leaf_reg': 1.4320829163358058, 'border_count': 153}. Best is trial 236 with value: -0.9412786767017213.
[I 2025-08-02 07:23:48,371] Trial 437 finished with value: -0.9387696180429139 and parameters: {'learning_rate': 0.06318290600772242, 'depth': 6, 'l2_leaf_reg': 1.7911627239345562, 'border_count': 141}. Best is trial 236 with value: -0.9412786767017213.
[I 2025-08-02 07:24:05,673] Trial 438 finished with value: -0.9371339487480443 and parameters: {'learning_rate': 0.10244012173354607, 'depth': 6, 'l2_leaf_reg': 1.5881954938893739, 'border_count': 125}. Best is trial 236 with value: -0.9412786767017213.
[I 2025-08-02 07:24:20,979] Trial 439 finished with value: -0.9376196395791843 and parameters: {'learning_rate': 0.08374843655282227, 'depth': 5, 'l2_leaf_reg': 1.001478223419972, 'border_count': 146}. Best is trial 236 with value: -0.9412786767017213.
[I 2025-08-02 07:24:40,791] Trial 440 finished with value: -0.939460286094686 and parameters: {'learning_rate': 0.09364365046056318, 'depth': 6, 'l2_leaf_reg': 1.3287532314045294, 'border_count': 160}. Best is trial 236 with value: -0.9412786767017213.
[I 2025-08-02 07:25:00,191] Trial 441 finished with value: -0.9389906579786355 and parameters: {'learning_rate': 0.1078680196880366, 'depth': 6, 'l2_leaf_reg': 2.0139300785055867, 'border_count': 179}. Best is trial 236 with value: -0.9412786767017213.
[I 2025-08-02 07:25:19,815] Trial 442 finished with value: -0.9391518477835433 and parameters: {'learning_rate': 0.05404849773522731, 'depth': 6, 'l2_leaf_reg': 1.5473134552131749, 'border_count': 150}. Best is trial 236 with value: -0.9412786767017213.
[I 2025-08-02 07:25:39,646] Trial 443 finished with value: -0.9385636510453229 and parameters: {'learning_rate': 0.07383102308468359, 'depth': 6, 'l2_leaf_reg': 1.2337447424423815, 'border_count': 156}. Best is trial 236 with value: -0.9412786767017213.
[I 2025-08-02 07:26:01,506] Trial 444 finished with value: -0.9389002054611304 and parameters: {'learning_rate': 0.08965060791435453, 'depth': 6, 'l2_leaf_reg': 1.747669234829392, 'border_count': 223}. Best is trial 236 with value: -0.9412786767017213.
[I 2025-08-02 07:26:21,737] Trial 445 finished with value: -0.9384846851199504 and parameters: {'learning_rate': 0.06526016451754958, 'depth': 6, 'l2_leaf_reg': 1.9050000778461003, 'border_count': 169}. Best is trial 236 with value: -0.9412786767017213.
[I 2025-08-02 07:26:40,276] Trial 446 finished with value: -0.9379564808076654 and parameters: {'learning_rate': 0.11848288139017908, 'depth': 6, 'l2_leaf_reg': 1.4201529669652375, 'border_count': 164}. Best is trial 236 with value: -0.9412786767017213.
