[I 2025-08-03 10:15:53,235] Trial 4 finished with value: 0.7153231632043254 and parameters: {'n_d': 12, 'n_a': 45, 'n_steps': 8, 'gamma': 1.7719981230374233, 'lambda_sparse': 0.004419559999972847, 'lr': 0.0005626971864195263, 'weight_decay': 3.005530502805162e-06}. Best is trial 3 with value: 0.9184840455174313.
/work/dlclarge2/alidemaa-dl_lab/automl/automl-exam-ss25-tabular-freiburg-template/automl-tabular-env/lib/python3.10/site-packages/pytorch_tabnet/callbacks.py:172: UserWarning: Best weights from best epoch are automatically used!
  warnings.warn(wrn_msg)
[I 2025-08-03 10:17:45,043] Trial 5 finished with value: 0.6880941148062243 and parameters: {'n_d': 12, 'n_a': 45, 'n_steps': 10, 'gamma': 1.4923946117684381, 'lambda_sparse': 0.0014809510813484105, 'lr': 0.0005107310914230972, 'weight_decay': 2.766697799126785e-06}. Best is trial 3 with value: 0.9184840455174313.
/work/dlclarge2/alidemaa-dl_lab/automl/automl-exam-ss25-tabular-freiburg-template/automl-tabular-env/lib/python3.10/site-packages/pytorch_tabnet/callbacks.py:172: UserWarning: Best weights from best epoch are automatically used!
  warnings.warn(wrn_msg)
[I 2025-08-03 10:19:12,369] Trial 6 finished with value: 0.8695425224615537 and parameters: {'n_d': 59, 'n_a': 55, 'n_steps': 7, 'gamma': 1.0168588665076288, 'lambda_sparse': 0.00870988802170336, 'lr': 0.0006698695022267545, 'weight_decay': 0.0003021928067452762}. Best is trial 3 with value: 0.9184840455174313.
/work/dlclarge2/alidemaa-dl_lab/automl/automl-exam-ss25-tabular-freiburg-template/automl-tabular-env/lib/python3.10/site-packages/pytorch_tabnet/callbacks.py:172: UserWarning: Best weights from best epoch are automatically used!
  warnings.warn(wrn_msg)
[I 2025-08-03 10:20:52,673] Trial 7 finished with value: 0.8888789786466659 and parameters: {'n_d': 58, 'n_a': 21, 'n_steps': 7, 'gamma': 1.4193484260110494, 'lambda_sparse': 1.3865214732784478e-05, 'lr': 0.0038553944840993438, 'weight_decay': 8.410292350428287e-06}. Best is trial 3 with value: 0.9184840455174313.
/work/dlclarge2/alidemaa-dl_lab/automl/automl-exam-ss25-tabular-freiburg-template/automl-tabular-env/lib/python3.10/site-packages/pytorch_tabnet/callbacks.py:172: UserWarning: Best weights from best epoch are automatically used!
  warnings.warn(wrn_msg)
[I 2025-08-03 10:22:40,530] Trial 8 finished with value: 0.8847207237018284 and parameters: {'n_d': 36, 'n_a': 31, 'n_steps': 9, 'gamma': 1.8852067035163405, 'lambda_sparse': 1.201682687199853e-05, 'lr': 0.010093496045172018, 'weight_decay': 0.0001513306412607159}. Best is trial 3 with value: 0.9184840455174313.
/work/dlclarge2/alidemaa-dl_lab/automl/automl-exam-ss25-tabular-freiburg-template/automl-tabular-env/lib/python3.10/site-packages/pytorch_tabnet/callbacks.py:172: UserWarning: Best weights from best epoch are automatically used!
  warnings.warn(wrn_msg)
[I 2025-08-03 10:23:57,208] Trial 9 finished with value: 0.794806743885522 and parameters: {'n_d': 35, 'n_a': 30, 'n_steps': 6, 'gamma': 1.723456575273852, 'lambda_sparse': 0.0059495162347152205, 'lr': 0.0006900704761801716, 'weight_decay': 1.3426959946665118e-05}. Best is trial 3 with value: 0.9184840455174313.
/work/dlclarge2/alidemaa-dl_lab/automl/automl-exam-ss25-tabular-freiburg-template/automl-tabular-env/lib/python3.10/site-packages/pytorch_tabnet/callbacks.py:172: UserWarning: Best weights from best epoch are automatically used!
  warnings.warn(wrn_msg)
[I 2025-08-03 10:24:43,569] Trial 10 finished with value: 0.9143939983760312 and parameters: {'n_d': 64, 'n_a': 64, 'n_steps': 3, 'gamma': 1.1819423590246867, 'lambda_sparse': 8.541361619432606e-05, 'lr': 0.09609832272404924, 'weight_decay': 3.74552263066405e-05}. Best is trial 3 with value: 0.9184840455174313.
/work/dlclarge2/alidemaa-dl_lab/automl/automl-exam-ss25-tabular-freiburg-template/automl-tabular-env/lib/python3.10/site-packages/pytorch_tabnet/callbacks.py:172: UserWarning: Best weights from best epoch are automatically used!
  warnings.warn(wrn_msg)
[I 2025-08-03 10:25:03,004] Trial 11 finished with value: 0.632337571891782 and parameters: {'n_d': 64, 'n_a': 61, 'n_steps': 3, 'gamma': 1.171980892603878, 'lambda_sparse': 5.755612350376371e-05, 'lr': 0.07594317706501427, 'weight_decay': 3.541427929550203e-05}. Best is trial 3 with value: 0.9184840455174313.
/work/dlclarge2/alidemaa-dl_lab/automl/automl-exam-ss25-tabular-freiburg-template/automl-tabular-env/lib/python3.10/site-packages/pytorch_tabnet/callbacks.py:172: UserWarning: Best weights from best epoch are automatically used!
  warnings.warn(wrn_msg)
[I 2025-08-03 10:25:50,394] Trial 12 finished with value: 0.8594975407468216 and parameters: {'n_d': 49, 'n_a': 64, 'n_steps': 3, 'gamma': 1.2433980773547477, 'lambda_sparse': 0.0005842805886600959, 'lr': 0.0001345065918097594, 'weight_decay': 7.257352327266375e-05}. Best is trial 3 with value: 0.9184840455174313.
/work/dlclarge2/alidemaa-dl_lab/automl/automl-exam-ss25-tabular-freiburg-template/automl-tabular-env/lib/python3.10/site-packages/pytorch_tabnet/callbacks.py:172: UserWarning: Best weights from best epoch are automatically used!
  warnings.warn(wrn_msg)
[I 2025-08-03 10:26:56,058] Trial 13 finished with value: 0.9214578061565754 and parameters: {'n_d': 48, 'n_a': 53, 'n_steps': 5, 'gamma': 1.0761063735925187, 'lambda_sparse': 5.055191189393112e-05, 'lr': 0.09690782409490432, 'weight_decay': 1.0374828043427131e-05}. Best is trial 13 with value: 0.9214578061565754.
/work/dlclarge2/alidemaa-dl_lab/automl/automl-exam-ss25-tabular-freiburg-template/automl-tabular-env/lib/python3.10/site-packages/pytorch_tabnet/callbacks.py:172: UserWarning: Best weights from best epoch are automatically used!
  warnings.warn(wrn_msg)
[I 2025-08-03 10:28:05,038] Trial 14 finished with value: 0.9267969599272929 and parameters: {'n_d': 48, 'n_a': 52, 'n_steps': 5, 'gamma': 1.0737666838140623, 'lambda_sparse': 3.5191996188532384e-05, 'lr': 0.02066400580407733, 'weight_decay': 1.1277844669039008e-05}. Best is trial 14 with value: 0.9267969599272929.
/work/dlclarge2/alidemaa-dl_lab/automl/automl-exam-ss25-tabular-freiburg-template/automl-tabular-env/lib/python3.10/site-packages/pytorch_tabnet/callbacks.py:172: UserWarning: Best weights from best epoch are automatically used!
  warnings.warn(wrn_msg)
[I 2025-08-03 10:29:17,187] Trial 15 finished with value: 0.9244218535994291 and parameters: {'n_d': 46, 'n_a': 49, 'n_steps': 5, 'gamma': 1.041002612565161, 'lambda_sparse': 3.30225254741308e-05, 'lr': 0.030446939239146882, 'weight_decay': 9.915243143389663e-06}. Best is trial 14 with value: 0.9267969599272929.
/work/dlclarge2/alidemaa-dl_lab/automl/automl-exam-ss25-tabular-freiburg-template/automl-tabular-env/lib/python3.10/site-packages/pytorch_tabnet/callbacks.py:172: UserWarning: Best weights from best epoch are automatically used!
  warnings.warn(wrn_msg)
[I 2025-08-03 10:30:23,681] Trial 16 finished with value: 0.9351494442616466 and parameters: {'n_d': 43, 'n_a': 42, 'n_steps': 5, 'gamma': 1.0203419515745116, 'lambda_sparse': 3.262643651979119e-05, 'lr': 0.02636549810265604, 'weight_decay': 7.0321584353835605e-06}. Best is trial 16 with value: 0.9351494442616466.
/work/dlclarge2/alidemaa-dl_lab/automl/automl-exam-ss25-tabular-freiburg-template/automl-tabular-env/lib/python3.10/site-packages/pytorch_tabnet/callbacks.py:172: UserWarning: Best weights from best epoch are automatically used!
  warnings.warn(wrn_msg)
[I 2025-08-03 10:31:30,424] Trial 17 finished with value: 0.9259039803352599 and parameters: {'n_d': 26, 'n_a': 39, 'n_steps': 5, 'gamma': 1.1237560636972772, 'lambda_sparse': 2.4525512542002434e-05, 'lr': 0.0150403824425268, 'weight_decay': 1.0581458825349927e-06}. Best is trial 16 with value: 0.9351494442616466.
/work/dlclarge2/alidemaa-dl_lab/automl/automl-exam-ss25-tabular-freiburg-template/automl-tabular-env/lib/python3.10/site-packages/pytorch_tabnet/callbacks.py:172: UserWarning: Best weights from best epoch are automatically used!
  warnings.warn(wrn_msg)
[I 2025-08-03 10:32:02,033] Trial 18 finished with value: 0.3808668227534773 and parameters: {'n_d': 41, 'n_a': 43, 'n_steps': 6, 'gamma': 1.2875799061460191, 'lambda_sparse': 0.0004971562785122827, 'lr': 0.023171429727795664, 'weight_decay': 5.0654118184048954e-06}. Best is trial 16 with value: 0.9351494442616466.
/work/dlclarge2/alidemaa-dl_lab/automl/automl-exam-ss25-tabular-freiburg-template/automl-tabular-env/lib/python3.10/site-packages/pytorch_tabnet/callbacks.py:172: UserWarning: Best weights from best epoch are automatically used!
  warnings.warn(wrn_msg)
[I 2025-08-03 10:32:21,013] Trial 19 finished with value: -31.604132554395484 and parameters: {'n_d': 29, 'n_a': 53, 'n_steps': 4, 'gamma': 1.0144492612619933, 'lambda_sparse': 2.369214815447919e-05, 'lr': 0.001822870195470428, 'weight_decay': 1.8994184068106556e-05}. Best is trial 16 with value: 0.9351494442616466.
/work/dlclarge2/alidemaa-dl_lab/automl/automl-exam-ss25-tabular-freiburg-template/automl-tabular-env/lib/python3.10/site-packages/pytorch_tabnet/callbacks.py:172: UserWarning: Best weights from best epoch are automatically used!
  warnings.warn(wrn_msg)
[I 2025-08-03 10:33:48,102] A new study created in memory with name: no-name-44a9dea3-cbb3-456f-a30e-17c0f659fa5f
/work/dlclarge2/alidemaa-dl_lab/automl/automl-exam-ss25-tabular-freiburg-template/automl-tabular-env/lib/python3.10/site-packages/pytorch_tabnet/callbacks.py:172: UserWarning: Best weights from best epoch are automatically used!
  warnings.warn(wrn_msg)
[I 2025-08-03 10:35:05,103] Trial 0 finished with value: 0.7502980896202092 and parameters: {'n_d': 47, 'n_a': 43, 'n_steps': 6, 'gamma': 1.9890741470078508, 'lambda_sparse': 0.00010632703684270398, 'lr': 0.000525692080166442, 'weight_decay': 2.4333575896153754e-06}. Best is trial 0 with value: 0.7502980896202092.
/work/dlclarge2/alidemaa-dl_lab/automl/automl-exam-ss25-tabular-freiburg-template/automl-tabular-env/lib/python3.10/site-packages/pytorch_tabnet/callbacks.py:172: UserWarning: Best weights from best epoch are automatically used!
  warnings.warn(wrn_msg)
[I 2025-08-03 10:35:37,329] Trial 1 finished with value: 0.618297315036553 and parameters: {'n_d': 52, 'n_a': 28, 'n_steps': 7, 'gamma': 1.874774433235328, 'lambda_sparse': 0.00998530218716177, 'lr': 0.025770227757994927, 'weight_decay': 4.069009082488687e-05}. Best is trial 0 with value: 0.7502980896202092.
/work/dlclarge2/alidemaa-dl_lab/automl/automl-exam-ss25-tabular-freiburg-template/automl-tabular-env/lib/python3.10/site-packages/pytorch_tabnet/callbacks.py:172: UserWarning: Best weights from best epoch are automatically used!
  warnings.warn(wrn_msg)
[I 2025-08-03 10:36:34,335] Trial 2 finished with value: 0.835918292572312 and parameters: {'n_d': 63, 'n_a': 59, 'n_steps': 4, 'gamma': 1.7007932166414195, 'lambda_sparse': 0.00038316078562686934, 'lr': 0.0003714248606005363, 'weight_decay': 1.5045677018464064e-06}. Best is trial 2 with value: 0.835918292572312.
/work/dlclarge2/alidemaa-dl_lab/automl/automl-exam-ss25-tabular-freiburg-template/automl-tabular-env/lib/python3.10/site-packages/pytorch_tabnet/callbacks.py:172: UserWarning: Best weights from best epoch are automatically used!
  warnings.warn(wrn_msg)
[I 2025-08-03 10:38:00,569] Trial 3 finished with value: 0.21984282526887422 and parameters: {'n_d': 25, 'n_a': 24, 'n_steps': 7, 'gamma': 1.7484107803453615, 'lambda_sparse': 0.0005484847143157401, 'lr': 0.0001766329890879506, 'weight_decay': 0.0003019439445159734}. Best is trial 2 with value: 0.835918292572312.
/work/dlclarge2/alidemaa-dl_lab/automl/automl-exam-ss25-tabular-freiburg-template/automl-tabular-env/lib/python3.10/site-packages/pytorch_tabnet/callbacks.py:172: UserWarning: Best weights from best epoch are automatically used!
  warnings.warn(wrn_msg)
[I 2025-08-03 10:39:58,147] Trial 4 finished with value: -3.3385754682974627 and parameters: {'n_d': 21, 'n_a': 34, 'n_steps': 10, 'gamma': 1.6015490493632494, 'lambda_sparse': 0.005862754584408251, 'lr': 0.00013273355391757932, 'weight_decay': 7.982001949382682e-05}. Best is trial 2 with value: 0.835918292572312.
/work/dlclarge2/alidemaa-dl_lab/automl/automl-exam-ss25-tabular-freiburg-template/automl-tabular-env/lib/python3.10/site-packages/pytorch_tabnet/callbacks.py:172: UserWarning: Best weights from best epoch are automatically used!
  warnings.warn(wrn_msg)
[I 2025-08-03 10:40:54,747] Trial 5 finished with value: 0.9056169329715025 and parameters: {'n_d': 58, 'n_a': 15, 'n_steps': 4, 'gamma': 1.9110445144068668, 'lambda_sparse': 0.008212522449683242, 'lr': 0.004856683151432282, 'weight_decay': 7.419836513999231e-05}. Best is trial 5 with value: 0.9056169329715025.
/work/dlclarge2/alidemaa-dl_lab/automl/automl-exam-ss25-tabular-freiburg-template/automl-tabular-env/lib/python3.10/site-packages/pytorch_tabnet/callbacks.py:172: UserWarning: Best weights from best epoch are automatically used!
  warnings.warn(wrn_msg)
[I 2025-08-03 10:42:20,790] Trial 6 finished with value: 0.9143746828865883 and parameters: {'n_d': 47, 'n_a': 39, 'n_steps': 7, 'gamma': 1.1206958325654952, 'lambda_sparse': 0.00010598594369970666, 'lr': 0.031305830102581665, 'weight_decay': 2.2882689683425915e-05}. Best is trial 6 with value: 0.9143746828865883.
/work/dlclarge2/alidemaa-dl_lab/automl/automl-exam-ss25-tabular-freiburg-template/automl-tabular-env/lib/python3.10/site-packages/pytorch_tabnet/callbacks.py:172: UserWarning: Best weights from best epoch are automatically used!
  warnings.warn(wrn_msg)
[I 2025-08-03 10:43:07,585] Trial 7 finished with value: 0.9042131853010833 and parameters: {'n_d': 41, 'n_a': 16, 'n_steps': 3, 'gamma': 1.5062878465405876, 'lambda_sparse': 0.006109944240157821, 'lr': 0.0999153026373263, 'weight_decay': 7.329751381765704e-05}. Best is trial 6 with value: 0.9143746828865883.
/work/dlclarge2/alidemaa-dl_lab/automl/automl-exam-ss25-tabular-freiburg-template/automl-tabular-env/lib/python3.10/site-packages/pytorch_tabnet/callbacks.py:172: UserWarning: Best weights from best epoch are automatically used!
  warnings.warn(wrn_msg)
[I 2025-08-03 10:43:54,517] Trial 8 finished with value: 0.8994326086635867 and parameters: {'n_d': 32, 'n_a': 32, 'n_steps': 3, 'gamma': 1.5746130514835632, 'lambda_sparse': 0.0008087408814518791, 'lr': 0.005114087616472677, 'weight_decay': 0.0003618617982239828}. Best is trial 6 with value: 0.9143746828865883.
/work/dlclarge2/alidemaa-dl_lab/automl/automl-exam-ss25-tabular-freiburg-template/automl-tabular-env/lib/python3.10/site-packages/pytorch_tabnet/callbacks.py:172: UserWarning: Best weights from best epoch are automatically used!
  warnings.warn(wrn_msg)
[I 2025-08-03 10:45:51,825] Trial 9 finished with value: 0.40485069500914006 and parameters: {'n_d': 30, 'n_a': 12, 'n_steps': 10, 'gamma': 1.5701569880907993, 'lambda_sparse': 0.0008300037921328107, 'lr': 0.0002591186432488124, 'weight_decay': 6.797451174775647e-06}. Best is trial 6 with value: 0.9143746828865883.
/work/dlclarge2/alidemaa-dl_lab/automl/automl-exam-ss25-tabular-freiburg-template/automl-tabular-env/lib/python3.10/site-packages/pytorch_tabnet/callbacks.py:172: UserWarning: Best weights from best epoch are automatically used!
  warnings.warn(wrn_msg)
[I 2025-08-03 10:47:28,333] Trial 10 finished with value: 0.903780858339188 and parameters: {'n_d': 11, 'n_a': 47, 'n_steps': 8, 'gamma': 1.0504064419039447, 'lambda_sparse': 1.396542857581142e-05, 'lr': 0.03012795587735413, 'weight_decay': 1.0922604744429892e-05}. Best is trial 6 with value: 0.9143746828865883.
/work/dlclarge2/alidemaa-dl_lab/automl/automl-exam-ss25-tabular-freiburg-template/automl-tabular-env/lib/python3.10/site-packages/pytorch_tabnet/callbacks.py:172: UserWarning: Best weights from best epoch are automatically used!
  warnings.warn(wrn_msg)
[I 2025-08-03 10:48:35,012] Trial 11 finished with value: 0.907946761157711 and parameters: {'n_d': 62, 'n_a': 46, 'n_steps': 5, 'gamma': 1.234215290823853, 'lambda_sparse': 5.5998245236047345e-05, 'lr': 0.0031338452103872143, 'weight_decay': 1.5881024663238766e-05}. Best is trial 6 with value: 0.9143746828865883.
/work/dlclarge2/alidemaa-dl_lab/automl/automl-exam-ss25-tabular-freiburg-template/automl-tabular-env/lib/python3.10/site-packages/pytorch_tabnet/callbacks.py:172: UserWarning: Best weights from best epoch are automatically used!
  warnings.warn(wrn_msg)
[I 2025-08-03 10:49:43,582] Trial 12 finished with value: 0.8928517974201343 and parameters: {'n_d': 52, 'n_a': 52, 'n_steps': 5, 'gamma': 1.192412870232204, 'lambda_sparse': 5.717454599445274e-05, 'lr': 0.0016651613988116851, 'weight_decay': 1.062402468123871e-05}. Best is trial 6 with value: 0.9143746828865883.
/work/dlclarge2/alidemaa-dl_lab/automl/automl-exam-ss25-tabular-freiburg-template/automl-tabular-env/lib/python3.10/site-packages/pytorch_tabnet/callbacks.py:172: UserWarning: Best weights from best epoch are automatically used!
  warnings.warn(wrn_msg)
[I 2025-08-03 10:51:29,265] Trial 13 finished with value: 0.8608841100542535 and parameters: {'n_d': 64, 'n_a': 41, 'n_steps': 8, 'gamma': 1.2849230285122295, 'lambda_sparse': 7.59068109669587e-05, 'lr': 0.0020491768136884398, 'weight_decay': 2.07961046739698e-05}. Best is trial 6 with value: 0.9143746828865883.
/work/dlclarge2/alidemaa-dl_lab/automl/automl-exam-ss25-tabular-freiburg-template/automl-tabular-env/lib/python3.10/site-packages/pytorch_tabnet/callbacks.py:172: UserWarning: Best weights from best epoch are automatically used!
  warnings.warn(wrn_msg)
[I 2025-08-03 10:52:44,244] Trial 14 finished with value: 0.9086302995826607 and parameters: {'n_d': 41, 'n_a': 62, 'n_steps': 6, 'gamma': 1.3148113497401899, 'lambda_sparse': 1.9281436923067697e-05, 'lr': 0.014102092746437752, 'weight_decay': 4.486284599364431e-06}. Best is trial 6 with value: 0.9143746828865883.
/work/dlclarge2/alidemaa-dl_lab/automl/automl-exam-ss25-tabular-freiburg-template/automl-tabular-env/lib/python3.10/site-packages/pytorch_tabnet/callbacks.py:172: UserWarning: Best weights from best epoch are automatically used!
  warnings.warn(wrn_msg)
[I 2025-08-03 10:54:17,929] Trial 15 finished with value: 0.8976407997923885 and parameters: {'n_d': 40, 'n_a': 64, 'n_steps': 8, 'gamma': 1.3666863132568206, 'lambda_sparse': 1.0084231584191015e-05, 'lr': 0.018077086198186244, 'weight_decay': 4.009569956014576e-06}. Best is trial 6 with value: 0.9143746828865883.
/work/dlclarge2/alidemaa-dl_lab/automl/automl-exam-ss25-tabular-freiburg-template/automl-tabular-env/lib/python3.10/site-packages/pytorch_tabnet/callbacks.py:172: UserWarning: Best weights from best epoch are automatically used!
  warnings.warn(wrn_msg)
[I 2025-08-03 10:55:35,303] Trial 16 finished with value: 0.9299387215666834 and parameters: {'n_d': 44, 'n_a': 55, 'n_steps': 6, 'gamma': 1.0026442928018677, 'lambda_sparse': 2.9038965851372313e-05, 'lr': 0.011753163103500806, 'weight_decay': 1.0081608281121877e-06}. Best is trial 16 with value: 0.9299387215666834.
/work/dlclarge2/alidemaa-dl_lab/automl/automl-exam-ss25-tabular-freiburg-template/automl-tabular-env/lib/python3.10/site-packages/pytorch_tabnet/callbacks.py:172: UserWarning: Best weights from best epoch are automatically used!
  warnings.warn(wrn_msg)
[I 2025-08-03 10:56:27,988] Trial 17 finished with value: 0.4532465597582739 and parameters: {'n_d': 49, 'n_a': 54, 'n_steps': 9, 'gamma': 1.0094495374140007, 'lambda_sparse': 0.0001665113639795048, 'lr': 0.0410359120199514, 'weight_decay': 1.1178356251439821e-06}. Best is trial 16 with value: 0.9299387215666834.
/work/dlclarge2/alidemaa-dl_lab/automl/automl-exam-ss25-tabular-freiburg-template/automl-tabular-env/lib/python3.10/site-packages/pytorch_tabnet/callbacks.py:172: UserWarning: Best weights from best epoch are automatically used!
  warnings.warn(wrn_msg)
[I 2025-08-03 10:57:40,786] Trial 18 finished with value: 0.9074575284472666 and parameters: {'n_d': 46, 'n_a': 52, 'n_steps': 6, 'gamma': 1.1365769575971367, 'lambda_sparse': 2.509402933763172e-05, 'lr': 0.009636134681135599, 'weight_decay': 0.0008469171126312885}. Best is trial 16 with value: 0.9299387215666834.
/work/dlclarge2/alidemaa-dl_lab/automl/automl-exam-ss25-tabular-freiburg-template/automl-tabular-env/lib/python3.10/site-packages/pytorch_tabnet/callbacks.py:172: UserWarning: Best weights from best epoch are automatically used!
  warnings.warn(wrn_msg)
[I 2025-08-03 10:58:16,396] Trial 19 finished with value: 0.5617976138548285 and parameters: {'n_d': 35, 'n_a': 38, 'n_steps': 5, 'gamma': 1.4111253390374798, 'lambda_sparse': 3.292608665543655e-05, 'lr': 0.07535140594991002, 'weight_decay': 0.00020859011173879832}. Best is trial 16 with value: 0.9299387215666834.
/work/dlclarge2/alidemaa-dl_lab/automl/automl-exam-ss25-tabular-freiburg-template/automl-tabular-env/lib/python3.10/site-packages/pytorch_tabnet/callbacks.py:172: UserWarning: Best weights from best epoch are automatically used!
  warnings.warn(wrn_msg)
[I 2025-08-03 11:00:23,851] A new study created in memory with name: no-name-edadee33-1a18-4570-902f-23ae8318a25f
/work/dlclarge2/alidemaa-dl_lab/automl/automl-exam-ss25-tabular-freiburg-template/automl-tabular-env/lib/python3.10/site-packages/pytorch_tabnet/callbacks.py:172: UserWarning: Best weights from best epoch are automatically used!
  warnings.warn(wrn_msg)
[I 2025-08-03 11:01:25,840] Trial 0 finished with value: 0.9174798928593074 and parameters: {'n_d': 60, 'n_a': 31, 'n_steps': 4, 'gamma': 1.0802841113345378, 'lambda_sparse': 0.0008027803271334623, 'lr': 0.018341391521436826, 'weight_decay': 1.1239591246627975e-06}. Best is trial 0 with value: 0.9174798928593074.
/work/dlclarge2/alidemaa-dl_lab/automl/automl-exam-ss25-tabular-freiburg-template/automl-tabular-env/lib/python3.10/site-packages/pytorch_tabnet/callbacks.py:172: UserWarning: Best weights from best epoch are automatically used!
  warnings.warn(wrn_msg)
