[I 2025-08-02 06:17:16,465] Trial 275 finished with value: -0.9338835115278837 and parameters: {'learning_rate': 0.026044073740709682, 'depth': 6, 'l2_leaf_reg': 1.9190385939732528, 'border_count': 142}. Best is trial 236 with value: -0.9412786767017213.
[I 2025-08-02 06:17:34,579] Trial 276 finished with value: -0.9387510135200602 and parameters: {'learning_rate': 0.09496344829686192, 'depth': 6, 'l2_leaf_reg': 1.2724612517876406, 'border_count': 150}. Best is trial 236 with value: -0.9412786767017213.
[I 2025-08-02 06:17:53,452] Trial 277 finished with value: -0.9380256476377399 and parameters: {'learning_rate': 0.07439193791415581, 'depth': 6, 'l2_leaf_reg': 1.60461460809662, 'border_count': 131}. Best is trial 236 with value: -0.9412786767017213.
[I 2025-08-02 06:18:10,825] Trial 278 finished with value: -0.9390018980081969 and parameters: {'learning_rate': 0.13325108436194436, 'depth': 6, 'l2_leaf_reg': 1.1963106264570789, 'border_count': 156}. Best is trial 236 with value: -0.9412786767017213.
[I 2025-08-02 06:18:35,847] Trial 279 finished with value: -0.9373461253360484 and parameters: {'learning_rate': 0.12200654540363405, 'depth': 7, 'l2_leaf_reg': 1.4492214029585928, 'border_count': 163}. Best is trial 236 with value: -0.9412786767017213.
[I 2025-08-02 06:18:54,690] Trial 280 finished with value: -0.9396922378076444 and parameters: {'learning_rate': 0.08576637691309713, 'depth': 6, 'l2_leaf_reg': 1.8746697586681267, 'border_count': 146}. Best is trial 236 with value: -0.9412786767017213.
[I 2025-08-02 06:19:13,459] Trial 281 finished with value: -0.9385213507838882 and parameters: {'learning_rate': 0.08461416936230814, 'depth': 6, 'l2_leaf_reg': 1.9216759666498928, 'border_count': 146}. Best is trial 236 with value: -0.9412786767017213.
[I 2025-08-02 06:19:32,166] Trial 282 finished with value: -0.937955967604365 and parameters: {'learning_rate': 0.07922433532638562, 'depth': 6, 'l2_leaf_reg': 1.7292192013024812, 'border_count': 135}. Best is trial 236 with value: -0.9412786767017213.
[I 2025-08-02 06:19:51,233] Trial 283 finished with value: -0.9394624426885153 and parameters: {'learning_rate': 0.06992113109616649, 'depth': 6, 'l2_leaf_reg': 1.9847475022305654, 'border_count': 141}. Best is trial 236 with value: -0.9412786767017213.
[I 2025-08-02 06:20:10,459] Trial 284 finished with value: -0.9382634988128593 and parameters: {'learning_rate': 0.06993219361522882, 'depth': 6, 'l2_leaf_reg': 2.0002256044313906, 'border_count': 140}. Best is trial 236 with value: -0.9412786767017213.
[I 2025-08-02 06:20:29,279] Trial 285 finished with value: -0.9386474808396609 and parameters: {'learning_rate': 0.08921851859997824, 'depth': 6, 'l2_leaf_reg': 1.8467853514370152, 'border_count': 135}. Best is trial 236 with value: -0.9412786767017213.
[I 2025-08-02 06:20:48,759] Trial 286 finished with value: -0.9384641007772898 and parameters: {'learning_rate': 0.09378705547570457, 'depth': 6, 'l2_leaf_reg': 2.0648815460104863, 'border_count': 143}. Best is trial 236 with value: -0.9412786767017213.
[I 2025-08-02 06:21:07,779] Trial 287 finished with value: -0.9397559244511281 and parameters: {'learning_rate': 0.08359811197264919, 'depth': 6, 'l2_leaf_reg': 1.8118077505751917, 'border_count': 148}. Best is trial 236 with value: -0.9412786767017213.
[I 2025-08-02 06:21:27,188] Trial 288 finished with value: -0.938609420392791 and parameters: {'learning_rate': 0.06790911522306264, 'depth': 6, 'l2_leaf_reg': 1.9506943805498902, 'border_count': 147}. Best is trial 236 with value: -0.9412786767017213.
[I 2025-08-02 06:21:46,300] Trial 289 finished with value: -0.9386138321343164 and parameters: {'learning_rate': 0.07529754570113723, 'depth': 6, 'l2_leaf_reg': 1.7785669294844995, 'border_count': 151}. Best is trial 236 with value: -0.9412786767017213.
[I 2025-08-02 06:22:01,981] Trial 290 finished with value: -0.935907377391228 and parameters: {'learning_rate': 0.08227494647726821, 'depth': 5, 'l2_leaf_reg': 9.112339815365909, 'border_count': 147}. Best is trial 236 with value: -0.9412786767017213.
[I 2025-08-02 06:22:20,997] Trial 291 finished with value: -0.9392388548641653 and parameters: {'learning_rate': 0.10411409863934463, 'depth': 6, 'l2_leaf_reg': 1.7635372170559693, 'border_count': 152}. Best is trial 236 with value: -0.9412786767017213.
[I 2025-08-02 06:22:39,837] Trial 292 finished with value: -0.9378683584264141 and parameters: {'learning_rate': 0.07176686383116435, 'depth': 6, 'l2_leaf_reg': 5.993681454874119, 'border_count': 145}. Best is trial 236 with value: -0.9412786767017213.
[I 2025-08-02 06:22:58,294] Trial 293 finished with value: -0.9394456434926994 and parameters: {'learning_rate': 0.09320137519561952, 'depth': 6, 'l2_leaf_reg': 2.0164411616660263, 'border_count': 149}. Best is trial 236 with value: -0.9412786767017213.
[I 2025-08-02 06:23:17,021] Trial 294 finished with value: -0.9378666103995325 and parameters: {'learning_rate': 0.09077552088338857, 'depth': 6, 'l2_leaf_reg': 2.08372098086539, 'border_count': 139}. Best is trial 236 with value: -0.9412786767017213.
[I 2025-08-02 06:23:41,749] Trial 295 finished with value: -0.937092016457799 and parameters: {'learning_rate': 0.08342329809899447, 'depth': 7, 'l2_leaf_reg': 2.0075652381974596, 'border_count': 149}. Best is trial 236 with value: -0.9412786767017213.
[I 2025-08-02 06:24:00,941] Trial 296 finished with value: -0.9389536591643135 and parameters: {'learning_rate': 0.0756988820582827, 'depth': 6, 'l2_leaf_reg': 1.8492325403722818, 'border_count': 145}. Best is trial 236 with value: -0.9412786767017213.
[I 2025-08-02 06:24:19,876] Trial 297 finished with value: -0.9393383011419926 and parameters: {'learning_rate': 0.09746994246828372, 'depth': 6, 'l2_leaf_reg': 2.1423426691894307, 'border_count': 152}. Best is trial 236 with value: -0.9412786767017213.
[I 2025-08-02 06:24:39,095] Trial 298 finished with value: -0.9257841992151359 and parameters: {'learning_rate': 0.013558017143562104, 'depth': 6, 'l2_leaf_reg': 1.6868493791702182, 'border_count': 142}. Best is trial 236 with value: -0.9412786767017213.
[I 2025-08-02 06:24:57,286] Trial 299 finished with value: -0.9386810391039221 and parameters: {'learning_rate': 0.08664306599260402, 'depth': 6, 'l2_leaf_reg': 1.96455817395978, 'border_count': 128}. Best is trial 236 with value: -0.9412786767017213.
[I 2025-08-02 06:25:16,175] Trial 300 finished with value: -0.938691719427975 and parameters: {'learning_rate': 0.09305992256224672, 'depth': 6, 'l2_leaf_reg': 1.4204331615455712, 'border_count': 148}. Best is trial 236 with value: -0.9412786767017213.
[I 2025-08-02 06:25:35,605] Trial 301 finished with value: -0.9400531357408908 and parameters: {'learning_rate': 0.06556323432856252, 'depth': 6, 'l2_leaf_reg': 1.8349564967731384, 'border_count': 154}. Best is trial 236 with value: -0.9412786767017213.
[I 2025-08-02 06:25:53,295] Trial 302 finished with value: -0.939210382792442 and parameters: {'learning_rate': 0.061005458270866515, 'depth': 6, 'l2_leaf_reg': 1.7040053669634403, 'border_count': 90}. Best is trial 236 with value: -0.9412786767017213.
[I 2025-08-02 06:26:09,084] Trial 303 finished with value: -0.9371381846891983 and parameters: {'learning_rate': 0.06413761192435757, 'depth': 5, 'l2_leaf_reg': 1.8301922178157555, 'border_count': 136}. Best is trial 236 with value: -0.9412786767017213.
[I 2025-08-02 06:26:28,756] Trial 304 finished with value: -0.9400114638742818 and parameters: {'learning_rate': 0.054770268130909974, 'depth': 6, 'l2_leaf_reg': 1.1614826836258558, 'border_count': 152}. Best is trial 236 with value: -0.9412786767017213.
[I 2025-08-02 06:27:30,350] Trial 305 finished with value: -0.9331427841617673 and parameters: {'learning_rate': 0.04944465291244805, 'depth': 9, 'l2_leaf_reg': 1.124633572153275, 'border_count': 153}. Best is trial 236 with value: -0.9412786767017213.
[I 2025-08-02 06:28:07,302] Trial 306 finished with value: -0.9357487765733374 and parameters: {'learning_rate': 0.05752410662690241, 'depth': 8, 'l2_leaf_reg': 1.1842813368884144, 'border_count': 163}. Best is trial 236 with value: -0.9412786767017213.
[I 2025-08-02 06:28:26,746] Trial 307 finished with value: -0.9380867634426099 and parameters: {'learning_rate': 0.06900403507930461, 'depth': 6, 'l2_leaf_reg': 1.3892030058234868, 'border_count': 153}. Best is trial 236 with value: -0.9412786767017213.
[I 2025-08-02 06:28:46,647] Trial 308 finished with value: -0.9402296610084583 and parameters: {'learning_rate': 0.06473591988931529, 'depth': 6, 'l2_leaf_reg': 1.084866130135833, 'border_count': 159}. Best is trial 236 with value: -0.9412786767017213.
[I 2025-08-02 06:29:06,342] Trial 309 finished with value: -0.93855253492873 and parameters: {'learning_rate': 0.054903122368578305, 'depth': 6, 'l2_leaf_reg': 1.110174112756043, 'border_count': 158}. Best is trial 236 with value: -0.9412786767017213.
[I 2025-08-02 06:29:26,333] Trial 310 finished with value: -0.9384854916616198 and parameters: {'learning_rate': 0.05389174135480566, 'depth': 6, 'l2_leaf_reg': 1.0353395716234004, 'border_count': 160}. Best is trial 236 with value: -0.9412786767017213.
[I 2025-08-02 06:29:46,131] Trial 311 finished with value: -0.9391684302686603 and parameters: {'learning_rate': 0.06086334019525111, 'depth': 6, 'l2_leaf_reg': 1.2991601521986367, 'border_count': 172}. Best is trial 236 with value: -0.9412786767017213.
[I 2025-08-02 06:30:06,327] Trial 312 finished with value: -0.9366884652148252 and parameters: {'learning_rate': 0.04244391306871108, 'depth': 6, 'l2_leaf_reg': 1.1604186958487641, 'border_count': 169}. Best is trial 236 with value: -0.9412786767017213.
[I 2025-08-02 06:30:26,182] Trial 313 finished with value: -0.9390446444247333 and parameters: {'learning_rate': 0.06446711966975219, 'depth': 6, 'l2_leaf_reg': 1.4629677605942448, 'border_count': 163}. Best is trial 236 with value: -0.9412786767017213.
[I 2025-08-02 06:30:45,899] Trial 314 finished with value: -0.9394236885689324 and parameters: {'learning_rate': 0.05798529413922446, 'depth': 6, 'l2_leaf_reg': 1.0107291323263812, 'border_count': 155}. Best is trial 236 with value: -0.9412786767017213.
[I 2025-08-02 06:31:02,754] Trial 315 finished with value: -0.9384604869363736 and parameters: {'learning_rate': 0.06473868321834336, 'depth': 6, 'l2_leaf_reg': 1.33259727651205, 'border_count': 76}. Best is trial 236 with value: -0.9412786767017213.
[I 2025-08-02 06:31:28,522] Trial 316 finished with value: -0.9384578271499736 and parameters: {'learning_rate': 0.07009469678826538, 'depth': 7, 'l2_leaf_reg': 1.5666348247708106, 'border_count': 159}. Best is trial 236 with value: -0.9412786767017213.
[I 2025-08-02 06:31:48,044] Trial 317 finished with value: -0.9389775001963359 and parameters: {'learning_rate': 0.05732805573751512, 'depth': 6, 'l2_leaf_reg': 1.1708649984759507, 'border_count': 143}. Best is trial 236 with value: -0.9412786767017213.
[I 2025-08-02 06:32:04,093] Trial 318 finished with value: -0.9325296164613222 and parameters: {'learning_rate': 0.06426721458180722, 'depth': 6, 'l2_leaf_reg': 1.3860369532263874, 'border_count': 43}. Best is trial 236 with value: -0.9412786767017213.
[I 2025-08-02 06:32:23,002] Trial 319 finished with value: -0.9400286802761116 and parameters: {'learning_rate': 0.07103193507941115, 'depth': 6, 'l2_leaf_reg': 1.538916926281395, 'border_count': 151}. Best is trial 236 with value: -0.9412786767017213.
[I 2025-08-02 06:32:47,270] Trial 320 finished with value: -0.9373432051696445 and parameters: {'learning_rate': 0.07996773213408954, 'depth': 7, 'l2_leaf_reg': 1.4993245611351103, 'border_count': 153}. Best is trial 236 with value: -0.9412786767017213.
[I 2025-08-02 06:33:08,068] Trial 321 finished with value: -0.9398849907852475 and parameters: {'learning_rate': 0.1020985211085654, 'depth': 6, 'l2_leaf_reg': 1.3330487861718232, 'border_count': 207}. Best is trial 236 with value: -0.9412786767017213.
[I 2025-08-02 06:33:27,302] Trial 322 finished with value: -0.9394379129391403 and parameters: {'learning_rate': 0.07359911149737584, 'depth': 6, 'l2_leaf_reg': 1.578178154936456, 'border_count': 148}. Best is trial 236 with value: -0.9412786767017213.
[I 2025-08-02 06:33:43,052] Trial 323 finished with value: -0.9367020380835658 and parameters: {'learning_rate': 0.060596454292231566, 'depth': 5, 'l2_leaf_reg': 1.3049485429484817, 'border_count': 152}. Best is trial 236 with value: -0.9412786767017213.
[I 2025-08-02 06:34:04,100] Trial 324 finished with value: -0.9377624444741886 and parameters: {'learning_rate': 0.053641664125196685, 'depth': 6, 'l2_leaf_reg': 1.4936311585473203, 'border_count': 194}. Best is trial 236 with value: -0.9412786767017213.
[I 2025-08-02 06:34:26,448] Trial 325 finished with value: -0.9390738937025671 and parameters: {'learning_rate': 0.10358917169353293, 'depth': 6, 'l2_leaf_reg': 1.666633777494711, 'border_count': 247}. Best is trial 236 with value: -0.9412786767017213.
[I 2025-08-02 06:34:48,402] Trial 326 finished with value: -0.9383877692298473 and parameters: {'learning_rate': 0.08006567859604667, 'depth': 6, 'l2_leaf_reg': 1.326842979361246, 'border_count': 226}. Best is trial 236 with value: -0.9412786767017213.
[I 2025-08-02 06:35:10,267] Trial 327 finished with value: -0.9385269664239437 and parameters: {'learning_rate': 0.08607021675859343, 'depth': 6, 'l2_leaf_reg': 1.6134399588348716, 'border_count': 234}. Best is trial 236 with value: -0.9412786767017213.
[I 2025-08-02 06:35:29,513] Trial 328 finished with value: -0.9388974995181246 and parameters: {'learning_rate': 0.065924621415285, 'depth': 6, 'l2_leaf_reg': 1.2014077179190068, 'border_count': 157}. Best is trial 236 with value: -0.9412786767017213.
[I 2025-08-02 06:35:45,446] Trial 329 finished with value: -0.9347420988018489 and parameters: {'learning_rate': 0.033667908235053175, 'depth': 5, 'l2_leaf_reg': 1.4729620214153445, 'border_count': 147}. Best is trial 236 with value: -0.9412786767017213.
[I 2025-08-02 06:36:04,999] Trial 330 finished with value: -0.9385575717172834 and parameters: {'learning_rate': 0.07436919339059171, 'depth': 6, 'l2_leaf_reg': 1.765222283516163, 'border_count': 160}. Best is trial 236 with value: -0.9412786767017213.
[I 2025-08-02 06:36:23,431] Trial 331 finished with value: -0.9397089264989418 and parameters: {'learning_rate': 0.10194518832744097, 'depth': 6, 'l2_leaf_reg': 1.3397639144739562, 'border_count': 151}. Best is trial 236 with value: -0.9412786767017213.
[I 2025-08-02 06:36:42,398] Trial 332 finished with value: -0.9371748308673794 and parameters: {'learning_rate': 0.11229654318532643, 'depth': 6, 'l2_leaf_reg': 7.27204420850906, 'border_count': 144}. Best is trial 236 with value: -0.9412786767017213.
[I 2025-08-02 06:37:00,670] Trial 333 finished with value: -0.9396182594317785 and parameters: {'learning_rate': 0.10046936986038417, 'depth': 6, 'l2_leaf_reg': 1.2442082447627671, 'border_count': 151}. Best is trial 236 with value: -0.9412786767017213.
[I 2025-08-02 06:37:18,185] Trial 334 finished with value: -0.9390098977996847 and parameters: {'learning_rate': 0.10536225229523855, 'depth': 6, 'l2_leaf_reg': 1.1948580780831097, 'border_count': 137}. Best is trial 236 with value: -0.9412786767017213.
[I 2025-08-02 06:37:38,164] Trial 335 finished with value: -0.9400236843037398 and parameters: {'learning_rate': 0.11817207938996674, 'depth': 6, 'l2_leaf_reg': 1.322155833095084, 'border_count': 213}. Best is trial 236 with value: -0.9412786767017213.
[I 2025-08-02 06:37:58,465] Trial 336 finished with value: -0.9386353424057208 and parameters: {'learning_rate': 0.12608984433002873, 'depth': 6, 'l2_leaf_reg': 1.173361535545554, 'border_count': 214}. Best is trial 236 with value: -0.9412786767017213.
[I 2025-08-02 06:38:18,416] Trial 337 finished with value: -0.9370614724644494 and parameters: {'learning_rate': 0.12028373935653913, 'depth': 6, 'l2_leaf_reg': 1.3395478734934407, 'border_count': 201}. Best is trial 236 with value: -0.9412786767017213.
[I 2025-08-02 06:38:38,947] Trial 338 finished with value: -0.937050996531443 and parameters: {'learning_rate': 0.1139950771890361, 'depth': 6, 'l2_leaf_reg': 5.390043155764673, 'border_count': 206}. Best is trial 236 with value: -0.9412786767017213.
[I 2025-08-02 06:39:00,226] Trial 339 finished with value: -0.93929029381905 and parameters: {'learning_rate': 0.10610212813471274, 'depth': 6, 'l2_leaf_reg': 1.0346491863992373, 'border_count': 241}. Best is trial 236 with value: -0.9412786767017213.
[I 2025-08-02 06:39:16,632] Trial 340 finished with value: -0.9378044336800833 and parameters: {'learning_rate': 0.10043707742640778, 'depth': 5, 'l2_leaf_reg': 1.3767422083988148, 'border_count': 210}. Best is trial 236 with value: -0.9412786767017213.
[I 2025-08-02 06:39:35,587] Trial 341 finished with value: -0.93897984726198 and parameters: {'learning_rate': 0.1360805047174401, 'depth': 6, 'l2_leaf_reg': 1.275825455216241, 'border_count': 207}. Best is trial 236 with value: -0.9412786767017213.
[I 2025-08-02 06:40:03,241] Trial 342 finished with value: -0.9387489104077524 and parameters: {'learning_rate': 0.11309409643161014, 'depth': 7, 'l2_leaf_reg': 1.1670029370319832, 'border_count': 220}. Best is trial 236 with value: -0.9412786767017213.
[I 2025-08-02 06:40:20,841] Trial 343 finished with value: -0.9385818643867322 and parameters: {'learning_rate': 0.11844100493902546, 'depth': 6, 'l2_leaf_reg': 1.4214211966838088, 'border_count': 150}. Best is trial 236 with value: -0.9412786767017213.
[I 2025-08-02 06:40:39,953] Trial 344 finished with value: -0.9392246785362588 and parameters: {'learning_rate': 0.10096676696960541, 'depth': 6, 'l2_leaf_reg': 1.5735254216770573, 'border_count': 152}. Best is trial 236 with value: -0.9412786767017213.
[I 2025-08-02 06:41:00,341] Trial 345 finished with value: -0.9392148081224153 and parameters: {'learning_rate': 0.11005254107163044, 'depth': 6, 'l2_leaf_reg': 3.892272915746333, 'border_count': 214}. Best is trial 236 with value: -0.9412786767017213.
[I 2025-08-02 06:41:19,406] Trial 346 finished with value: -0.9391801931755293 and parameters: {'learning_rate': 0.09999653904541973, 'depth': 6, 'l2_leaf_reg': 1.0164287450820022, 'border_count': 149}. Best is trial 236 with value: -0.9412786767017213.
[I 2025-08-02 06:41:47,065] Trial 347 finished with value: -0.9371242291828766 and parameters: {'learning_rate': 0.049098045450435134, 'depth': 7, 'l2_leaf_reg': 1.2809659158341464, 'border_count': 192}. Best is trial 236 with value: -0.9412786767017213.
[I 2025-08-02 06:42:08,320] Trial 348 finished with value: -0.9372946647433157 and parameters: {'learning_rate': 0.10469830035383576, 'depth': 6, 'l2_leaf_reg': 1.466360026849626, 'border_count': 222}. Best is trial 236 with value: -0.9412786767017213.
[I 2025-08-02 06:42:25,346] Trial 349 finished with value: -0.9385283286532252 and parameters: {'learning_rate': 0.09585591973661717, 'depth': 6, 'l2_leaf_reg': 1.7247167642358758, 'border_count': 144}. Best is trial 236 with value: -0.9412786767017213.
[I 2025-08-02 06:42:45,103] Trial 350 finished with value: -0.9396289716420714 and parameters: {'learning_rate': 0.0673103767315803, 'depth': 6, 'l2_leaf_reg': 1.1991827319094248, 'border_count': 155}. Best is trial 236 with value: -0.9412786767017213.
[I 2025-08-02 06:43:06,627] Trial 351 finished with value: -0.9376821747560868 and parameters: {'learning_rate': 0.06772711082410406, 'depth': 6, 'l2_leaf_reg': 1.2089640360162737, 'border_count': 218}. Best is trial 236 with value: -0.9412786767017213.
[I 2025-08-02 06:43:27,883] Trial 352 finished with value: -0.9377477675839675 and parameters: {'learning_rate': 0.05957752040515933, 'depth': 6, 'l2_leaf_reg': 3.539310748545241, 'border_count': 199}. Best is trial 236 with value: -0.9412786767017213.
[I 2025-08-02 06:43:47,115] Trial 353 finished with value: -0.9380344162711258 and parameters: {'learning_rate': 0.06096167618201755, 'depth': 6, 'l2_leaf_reg': 1.0122902480567078, 'border_count': 153}. Best is trial 236 with value: -0.9412786767017213.
[I 2025-08-02 06:44:05,992] Trial 354 finished with value: -0.9382966937991045 and parameters: {'learning_rate': 0.06639938965631167, 'depth': 6, 'l2_leaf_reg': 1.257245747594134, 'border_count': 147}. Best is trial 236 with value: -0.9412786767017213.
[I 2025-08-02 06:44:25,588] Trial 355 finished with value: -0.9396029291056944 and parameters: {'learning_rate': 0.07069072088252161, 'depth': 6, 'l2_leaf_reg': 1.5736226430800455, 'border_count': 154}. Best is trial 236 with value: -0.9412786767017213.
[I 2025-08-02 06:44:46,133] Trial 356 finished with value: -0.9387401366948205 and parameters: {'learning_rate': 0.06405581042270382, 'depth': 6, 'l2_leaf_reg': 1.1555548885320253, 'border_count': 185}. Best is trial 236 with value: -0.9412786767017213.
[I 2025-08-02 06:45:02,523] Trial 357 finished with value: -0.9371463836643114 and parameters: {'learning_rate': 0.05667754779395124, 'depth': 5, 'l2_leaf_reg': 1.424806882039398, 'border_count': 165}. Best is trial 236 with value: -0.9412786767017213.
[I 2025-08-02 06:45:21,674] Trial 358 finished with value: -0.9383072122457429 and parameters: {'learning_rate': 0.11750731019975365, 'depth': 6, 'l2_leaf_reg': 1.821973110489357, 'border_count': 210}. Best is trial 236 with value: -0.9412786767017213.
[I 2025-08-02 06:45:42,276] Trial 359 finished with value: -0.9374062006439025 and parameters: {'learning_rate': 0.1280465936238816, 'depth': 6, 'l2_leaf_reg': 1.0017461310754194, 'border_count': 225}. Best is trial 236 with value: -0.9412786767017213.
[I 2025-08-02 06:46:01,582] Trial 360 finished with value: -0.9381875098768322 and parameters: {'learning_rate': 0.07268943591931848, 'depth': 6, 'l2_leaf_reg': 4.710781837170298, 'border_count': 139}. Best is trial 236 with value: -0.9412786767017213.
