[I 2025-08-05 18:42:48,112] Trial 38 finished with value: -0.3653383231773601 and parameters: {'learning_rate': 0.06883493673899634, 'num_leaves': 179, 'max_depth': 7, 'min_child_samples': 36, 'feature_fraction': 0.9713386595732587, 'bagging_fraction': 0.9368414355349002, 'reg_alpha': 0.0030382700106844143, 'reg_lambda': 0.00024251453231736875}. Best is trial 6 with value: -0.3771570854873271.
[I 2025-08-05 18:42:49,143] Trial 39 finished with value: -0.3749361200968873 and parameters: {'learning_rate': 0.027109125630732523, 'num_leaves': 242, 'max_depth': 6, 'min_child_samples': 57, 'feature_fraction': 0.8557172144383619, 'bagging_fraction': 0.8667527080639706, 'reg_alpha': 6.92183211482152e-05, 'reg_lambda': 6.110600850575013e-06}. Best is trial 6 with value: -0.3771570854873271.
[I 2025-08-05 18:42:50,313] Trial 40 finished with value: -0.3732992953477707 and parameters: {'learning_rate': 0.037474370708863704, 'num_leaves': 124, 'max_depth': 10, 'min_child_samples': 44, 'feature_fraction': 0.828028719605516, 'bagging_fraction': 0.9765733377095067, 'reg_alpha': 0.02516881779332699, 'reg_lambda': 5.531251073932811e-06}. Best is trial 6 with value: -0.3771570854873271.
[I 2025-08-05 18:42:51,633] Trial 41 finished with value: -0.3777336723790493 and parameters: {'learning_rate': 0.028493215067098704, 'num_leaves': 255, 'max_depth': 9, 'min_child_samples': 67, 'feature_fraction': 0.9173844795015199, 'bagging_fraction': 0.7951743940723177, 'reg_alpha': 1.0901931320931218e-07, 'reg_lambda': 0.0001789609201474592}. Best is trial 41 with value: -0.3777336723790493.
[I 2025-08-05 18:42:53,165] Trial 42 finished with value: -0.3765467510440287 and parameters: {'learning_rate': 0.022998683830472585, 'num_leaves': 206, 'max_depth': 9, 'min_child_samples': 71, 'feature_fraction': 0.9213407629243622, 'bagging_fraction': 0.7925799213694812, 'reg_alpha': 6.058527814388194e-07, 'reg_lambda': 0.00021958846216005914}. Best is trial 41 with value: -0.3777336723790493.
[I 2025-08-05 18:42:55,047] Trial 43 finished with value: -0.3757964158608355 and parameters: {'learning_rate': 0.01718296899429778, 'num_leaves': 199, 'max_depth': 11, 'min_child_samples': 73, 'feature_fraction': 0.9241170740732106, 'bagging_fraction': 0.7778735979733926, 'reg_alpha': 1.19954425965764e-07, 'reg_lambda': 0.0002900044892726593}. Best is trial 41 with value: -0.3777336723790493.
[I 2025-08-05 18:42:56,595] Trial 44 finished with value: -0.37622656198255683 and parameters: {'learning_rate': 0.02229501946168631, 'num_leaves': 256, 'max_depth': 10, 'min_child_samples': 70, 'feature_fraction': 0.8937687909796095, 'bagging_fraction': 0.7461203187832993, 'reg_alpha': 5.110554453873959e-07, 'reg_lambda': 0.0007214905348276379}. Best is trial 41 with value: -0.3777336723790493.
[I 2025-08-05 18:42:58,152] Trial 45 finished with value: -0.3766198980364738 and parameters: {'learning_rate': 0.02199512731072492, 'num_leaves': 252, 'max_depth': 10, 'min_child_samples': 70, 'feature_fraction': 0.8920288043110537, 'bagging_fraction': 0.7329778267476836, 'reg_alpha': 2.7617879120648952e-08, 'reg_lambda': 1.5783223736475922e-06}. Best is trial 41 with value: -0.3777336723790493.
[I 2025-08-05 18:42:59,732] Trial 46 finished with value: -0.37510417748226565 and parameters: {'learning_rate': 0.023411329264321025, 'num_leaves': 253, 'max_depth': 10, 'min_child_samples': 70, 'feature_fraction': 0.8900263671944967, 'bagging_fraction': 0.8036667312163099, 'reg_alpha': 7.613755545127672e-07, 'reg_lambda': 2.4119979709747943e-06}. Best is trial 41 with value: -0.3777336723790493.
[I 2025-08-05 18:43:00,741] Trial 47 finished with value: -0.3682851943923939 and parameters: {'learning_rate': 0.02096553971574516, 'num_leaves': 214, 'max_depth': 4, 'min_child_samples': 79, 'feature_fraction': 0.9994619932842773, 'bagging_fraction': 0.7355897213382884, 'reg_alpha': 2.076367837193366e-08, 'reg_lambda': 1.2726720884361468e-07}. Best is trial 41 with value: -0.3777336723790493.
[I 2025-08-05 18:43:02,606] Trial 48 finished with value: -0.3770403691908321 and parameters: {'learning_rate': 0.015914819103325664, 'num_leaves': 242, 'max_depth': 8, 'min_child_samples': 70, 'feature_fraction': 0.8767551553003046, 'bagging_fraction': 0.8264270183779749, 'reg_alpha': 2.315731541193215e-06, 'reg_lambda': 9.242421588033888e-05}. Best is trial 41 with value: -0.3777336723790493.
[I 2025-08-05 18:43:04,233] Trial 49 finished with value: -0.37549714819878194 and parameters: {'learning_rate': 0.01661559447916356, 'num_leaves': 239, 'max_depth': 6, 'min_child_samples': 79, 'feature_fraction': 0.7774546435714296, 'bagging_fraction': 0.8056831339262844, 'reg_alpha': 1.997461747056846e-06, 'reg_lambda': 0.0001430486203660916}. Best is trial 41 with value: -0.3777336723790493.
[I 2025-08-05 18:43:06,267] Trial 50 finished with value: -0.37570219906433333 and parameters: {'learning_rate': 0.01225073982287702, 'num_leaves': 215, 'max_depth': 7, 'min_child_samples': 59, 'feature_fraction': 0.869904767218684, 'bagging_fraction': 0.8798029392055705, 'reg_alpha': 1.3290548623814046e-07, 'reg_lambda': 8.786236718974961e-07}. Best is trial 41 with value: -0.3777336723790493.
[I 2025-08-05 18:43:08,164] Trial 51 finished with value: -0.3765851212745194 and parameters: {'learning_rate': 0.014027842526789017, 'num_leaves': 252, 'max_depth': 8, 'min_child_samples': 67, 'feature_fraction': 0.9158019503210743, 'bagging_fraction': 0.8169854642628556, 'reg_alpha': 7.964377944743309e-07, 'reg_lambda': 0.0007351595837186418}. Best is trial 41 with value: -0.3777336723790493.
[I 2025-08-05 18:43:10,555] Trial 52 finished with value: -0.3751001285881775 and parameters: {'learning_rate': 0.010560772327758145, 'num_leaves': 243, 'max_depth': 8, 'min_child_samples': 66, 'feature_fraction': 0.9725905949934507, 'bagging_fraction': 0.8267712926504927, 'reg_alpha': 7.5133479926921845e-06, 'reg_lambda': 1.083009805789173e-05}. Best is trial 41 with value: -0.3777336723790493.
[I 2025-08-05 18:43:12,501] Trial 53 finished with value: -0.3750809026432238 and parameters: {'learning_rate': 0.014577804342311106, 'num_leaves': 236, 'max_depth': 8, 'min_child_samples': 72, 'feature_fraction': 0.9166033475343753, 'bagging_fraction': 0.7748392163938631, 'reg_alpha': 0.0008552181206794726, 'reg_lambda': 0.00010146816050440096}. Best is trial 41 with value: -0.3777336723790493.
[I 2025-08-05 18:43:14,486] Trial 54 finished with value: -0.37645763388498804 and parameters: {'learning_rate': 0.015050130028727779, 'num_leaves': 222, 'max_depth': 9, 'min_child_samples': 66, 'feature_fraction': 0.8679184656078904, 'bagging_fraction': 0.830900225120447, 'reg_alpha': 3.933099155606777e-06, 'reg_lambda': 0.0007452512591408707}. Best is trial 41 with value: -0.3777336723790493.
[I 2025-08-05 18:43:15,630] Trial 55 finished with value: -0.37594341416869376 and parameters: {'learning_rate': 0.028612011544986733, 'num_leaves': 248, 'max_depth': 7, 'min_child_samples': 88, 'feature_fraction': 0.8376667760959206, 'bagging_fraction': 0.9255363912344365, 'reg_alpha': 1.0889002266739895e-08, 'reg_lambda': 2.353150129787752e-06}. Best is trial 41 with value: -0.3777336723790493.
[I 2025-08-05 18:43:16,698] Trial 56 finished with value: -0.37305320068663284 and parameters: {'learning_rate': 0.025338044144928865, 'num_leaves': 205, 'max_depth': 5, 'min_child_samples': 79, 'feature_fraction': 0.9148510136308786, 'bagging_fraction': 0.8138895469954998, 'reg_alpha': 5.649269694525324e-07, 'reg_lambda': 0.0033008401766500143}. Best is trial 41 with value: -0.3777336723790493.
[I 2025-08-05 18:43:18,239] Trial 57 finished with value: -0.3778131968971324 and parameters: {'learning_rate': 0.01962806146068038, 'num_leaves': 247, 'max_depth': 8, 'min_child_samples': 65, 'feature_fraction': 0.8057213289898568, 'bagging_fraction': 0.7848266989760512, 'reg_alpha': 3.97103540286994e-08, 'reg_lambda': 7.865190974204919e-05}. Best is trial 57 with value: -0.3778131968971324.
[I 2025-08-05 18:43:20,422] Trial 58 finished with value: -0.3764656220749182 and parameters: {'learning_rate': 0.013657294801998678, 'num_leaves': 243, 'max_depth': 8, 'min_child_samples': 64, 'feature_fraction': 0.8104887668962127, 'bagging_fraction': 0.7574629324017453, 'reg_alpha': 4.1948210413478836e-08, 'reg_lambda': 3.4799247778076824e-08}. Best is trial 57 with value: -0.3778131968971324.
[I 2025-08-05 18:43:21,648] Trial 59 finished with value: -0.3687536049549774 and parameters: {'learning_rate': 0.018502618745495303, 'num_leaves': 254, 'max_depth': 5, 'min_child_samples': 55, 'feature_fraction': 0.8810888449739429, 'bagging_fraction': 0.7095394137132284, 'reg_alpha': 2.4405867122396976e-08, 'reg_lambda': 1.6264419084539487e-05}. Best is trial 57 with value: -0.3778131968971324.
[I 2025-08-05 18:43:23,644] Trial 60 finished with value: -0.3754381272419047 and parameters: {'learning_rate': 0.011158091216585916, 'num_leaves': 219, 'max_depth': 6, 'min_child_samples': 59, 'feature_fraction': 0.7706031841810246, 'bagging_fraction': 0.6872915860152735, 'reg_alpha': 5.981891283111004e-08, 'reg_lambda': 5.319642239702903e-05}. Best is trial 57 with value: -0.3778131968971324.
[I 2025-08-05 18:43:25,540] Trial 61 finished with value: -0.37634877709574893 and parameters: {'learning_rate': 0.016097643690968774, 'num_leaves': 236, 'max_depth': 9, 'min_child_samples': 68, 'feature_fraction': 0.9708120691403693, 'bagging_fraction': 0.7887820566024125, 'reg_alpha': 1.3148178740586527e-07, 'reg_lambda': 0.0001811775792414723}. Best is trial 57 with value: -0.3778131968971324.
[I 2025-08-05 18:43:27,061] Trial 62 finished with value: -0.3735349415142607 and parameters: {'learning_rate': 0.02041360208063584, 'num_leaves': 245, 'max_depth': 8, 'min_child_samples': 76, 'feature_fraction': 0.930305570741614, 'bagging_fraction': 0.7293805415162744, 'reg_alpha': 2.6728861068431373e-07, 'reg_lambda': 0.0004895362200418961}. Best is trial 57 with value: -0.3778131968971324.
[I 2025-08-05 18:43:28,233] Trial 63 finished with value: -0.37521781178432223 and parameters: {'learning_rate': 0.030637828859577033, 'num_leaves': 207, 'max_depth': 7, 'min_child_samples': 71, 'feature_fraction': 0.9063387426121996, 'bagging_fraction': 0.843492450357676, 'reg_alpha': 0.004155950396875565, 'reg_lambda': 0.002209960785685746}. Best is trial 57 with value: -0.3778131968971324.
[I 2025-08-05 18:43:29,579] Trial 64 finished with value: -0.3768505109742716 and parameters: {'learning_rate': 0.024508477602994478, 'num_leaves': 256, 'max_depth': 9, 'min_child_samples': 65, 'feature_fraction': 0.8572643794417671, 'bagging_fraction': 0.7620675406982866, 'reg_alpha': 1.5153132115990061e-06, 'reg_lambda': 1.2428870187112276e-06}. Best is trial 57 with value: -0.3778131968971324.
[I 2025-08-05 18:43:31,128] Trial 65 finished with value: -0.3703920863504652 and parameters: {'learning_rate': 0.013166562515318213, 'num_leaves': 11, 'max_depth': 8, 'min_child_samples': 67, 'feature_fraction': 0.8026917740282575, 'bagging_fraction': 0.7637543910688834, 'reg_alpha': 0.00022707327314013323, 'reg_lambda': 4.771732358034602e-07}. Best is trial 57 with value: -0.3778131968971324.
[I 2025-08-05 18:43:33,285] Trial 66 finished with value: -0.37584008081947895 and parameters: {'learning_rate': 0.015452920677248542, 'num_leaves': 248, 'max_depth': 11, 'min_child_samples': 60, 'feature_fraction': 0.8457681595406766, 'bagging_fraction': 0.8198033715530975, 'reg_alpha': 8.559567997112998e-08, 'reg_lambda': 1.7479986786112797e-07}. Best is trial 57 with value: -0.3778131968971324.
[I 2025-08-05 18:43:35,357] Trial 67 finished with value: -0.37650541061553566 and parameters: {'learning_rate': 0.018630718605918358, 'num_leaves': 256, 'max_depth': 12, 'min_child_samples': 64, 'feature_fraction': 0.8606277079502495, 'bagging_fraction': 0.7200288303915008, 'reg_alpha': 1.3174589199071708e-06, 'reg_lambda': 1.2268059499863505e-06}. Best is trial 57 with value: -0.3778131968971324.
[I 2025-08-05 18:43:36,738] Trial 68 finished with value: -0.37427340386783403 and parameters: {'learning_rate': 0.026639079749516213, 'num_leaves': 232, 'max_depth': 10, 'min_child_samples': 84, 'feature_fraction': 0.7251951364720742, 'bagging_fraction': 0.6696054351064616, 'reg_alpha': 0.0014386035468992725, 'reg_lambda': 2.444484303591159e-07}. Best is trial 57 with value: -0.3778131968971324.
[I 2025-08-05 18:43:38,458] Trial 69 finished with value: -0.37535795759036417 and parameters: {'learning_rate': 0.024348757770516573, 'num_leaves': 95, 'max_depth': 14, 'min_child_samples': 74, 'feature_fraction': 0.8787312344851197, 'bagging_fraction': 0.7481791020792588, 'reg_alpha': 6.821970232611567e-05, 'reg_lambda': 5.272944194842171e-08}. Best is trial 57 with value: -0.3778131968971324.
[I 2025-08-05 18:43:39,967] Trial 70 finished with value: -0.373745021232131 and parameters: {'learning_rate': 0.02138472467870469, 'num_leaves': 222, 'max_depth': 9, 'min_child_samples': 53, 'feature_fraction': 0.9582901914387906, 'bagging_fraction': 0.7826821155253294, 'reg_alpha': 0.01792361157648005, 'reg_lambda': 8.545031261300645e-06}. Best is trial 57 with value: -0.3778131968971324.
[I 2025-08-05 18:43:41,235] Trial 71 finished with value: -0.3748469808090806 and parameters: {'learning_rate': 0.03064572770051988, 'num_leaves': 236, 'max_depth': 9, 'min_child_samples': 78, 'feature_fraction': 0.8302250901074655, 'bagging_fraction': 0.7909831827957821, 'reg_alpha': 3.5179514956559296e-07, 'reg_lambda': 2.737830510734695e-05}. Best is trial 57 with value: -0.3778131968971324.
[I 2025-08-05 18:43:42,805] Trial 72 finished with value: -0.3740167424310229 and parameters: {'learning_rate': 0.019266463090847518, 'num_leaves': 250, 'max_depth': 8, 'min_child_samples': 72, 'feature_fraction': 0.9846165271110247, 'bagging_fraction': 0.8017724397911334, 'reg_alpha': 1.0607783845618584e-06, 'reg_lambda': 9.840806290666634e-05}. Best is trial 57 with value: -0.3778131968971324.
[I 2025-08-05 18:43:44,575] Trial 73 finished with value: -0.3748270660746935 and parameters: {'learning_rate': 0.022732209962092898, 'num_leaves': 228, 'max_depth': 10, 'min_child_samples': 68, 'feature_fraction': 0.8991339986343122, 'bagging_fraction': 0.9666693189316442, 'reg_alpha': 2.4886255103795802e-08, 'reg_lambda': 0.0003897620584057379}. Best is trial 57 with value: -0.3778131968971324.
[I 2025-08-05 18:43:46,339] Trial 74 finished with value: -0.3768215585403413 and parameters: {'learning_rate': 0.01743539579867811, 'num_leaves': 246, 'max_depth': 9, 'min_child_samples': 63, 'feature_fraction': 0.9212282520180606, 'bagging_fraction': 0.7636239926572319, 'reg_alpha': 0.006492067438794321, 'reg_lambda': 2.7924935474199555e-06}. Best is trial 57 with value: -0.3778131968971324.
[I 2025-08-05 18:43:47,972] Trial 75 finished with value: -0.3758693795080109 and parameters: {'learning_rate': 0.017382393811482544, 'num_leaves': 240, 'max_depth': 7, 'min_child_samples': 57, 'feature_fraction': 0.9551911286942176, 'bagging_fraction': 0.7687266386062853, 'reg_alpha': 0.005555200792045826, 'reg_lambda': 3.03407167196525e-06}. Best is trial 57 with value: -0.3778131968971324.
[I 2025-08-05 18:43:50,209] Trial 76 finished with value: -0.3780862354908613 and parameters: {'learning_rate': 0.017437778062078142, 'num_leaves': 248, 'max_depth': 15, 'min_child_samples': 63, 'feature_fraction': 0.8156975925518468, 'bagging_fraction': 0.8436252040362158, 'reg_alpha': 0.04167174014483159, 'reg_lambda': 1.388392672995675e-06}. Best is trial 76 with value: -0.3780862354908613.
[I 2025-08-05 18:43:52,226] Trial 77 finished with value: -0.374423041480887 and parameters: {'learning_rate': 0.01996002268129371, 'num_leaves': 246, 'max_depth': 15, 'min_child_samples': 64, 'feature_fraction': 0.7536714265332719, 'bagging_fraction': 0.8791440976564314, 'reg_alpha': 0.008331173951214597, 'reg_lambda': 1.1571392820574228e-06}. Best is trial 76 with value: -0.3780862354908613.
[I 2025-08-05 18:43:53,333] Trial 78 finished with value: -0.3772648981549389 and parameters: {'learning_rate': 0.04765546958131243, 'num_leaves': 141, 'max_depth': 15, 'min_child_samples': 62, 'feature_fraction': 0.7952508303552426, 'bagging_fraction': 0.7557551776537793, 'reg_alpha': 0.03932568683696358, 'reg_lambda': 3.450549066290769e-06}. Best is trial 76 with value: -0.3780862354908613.
[I 2025-08-05 18:43:54,455] Trial 79 finished with value: -0.37601057680093797 and parameters: {'learning_rate': 0.051399210398095634, 'num_leaves': 56, 'max_depth': 15, 'min_child_samples': 62, 'feature_fraction': 0.7918090119688853, 'bagging_fraction': 0.841335253923172, 'reg_alpha': 0.23892473485560897, 'reg_lambda': 4.814743259116292e-06}. Best is trial 76 with value: -0.3780862354908613.
[I 2025-08-05 18:43:55,628] Trial 80 finished with value: -0.3766447864193276 and parameters: {'learning_rate': 0.04741826520248476, 'num_leaves': 138, 'max_depth': 14, 'min_child_samples': 46, 'feature_fraction': 0.8209971212259914, 'bagging_fraction': 0.7537356959786671, 'reg_alpha': 0.04413500604772666, 'reg_lambda': 1.7482096385641516e-05}. Best is trial 76 with value: -0.3780862354908613.
[I 2025-08-05 18:43:57,031] Trial 81 finished with value: -0.37452745133510523 and parameters: {'learning_rate': 0.0358226302704454, 'num_leaves': 140, 'max_depth': 14, 'min_child_samples': 44, 'feature_fraction': 0.8149847444339907, 'bagging_fraction': 0.7578277307390988, 'reg_alpha': 0.045662969947568244, 'reg_lambda': 3.7592999954936424e-07}. Best is trial 76 with value: -0.3780862354908613.
[I 2025-08-05 18:43:58,291] Trial 82 finished with value: -0.376094847721992 and parameters: {'learning_rate': 0.04707642777799605, 'num_leaves': 125, 'max_depth': 15, 'min_child_samples': 54, 'feature_fraction': 0.7610961386245539, 'bagging_fraction': 0.7466450506097854, 'reg_alpha': 0.0770875019809312, 'reg_lambda': 1.3437590366966546e-05}. Best is trial 76 with value: -0.3780862354908613.
[I 2025-08-05 18:43:59,446] Trial 83 finished with value: -0.3764518042019489 and parameters: {'learning_rate': 0.06078768346648244, 'num_leaves': 149, 'max_depth': 14, 'min_child_samples': 41, 'feature_fraction': 0.7901138927612977, 'bagging_fraction': 0.7766052707691653, 'reg_alpha': 0.15303284061166197, 'reg_lambda': 2.9566210074144435e-05}. Best is trial 76 with value: -0.3780862354908613.
[I 2025-08-05 18:44:00,548] Trial 84 finished with value: -0.3739564499767513 and parameters: {'learning_rate': 0.044863502990677824, 'num_leaves': 176, 'max_depth': 13, 'min_child_samples': 51, 'feature_fraction': 0.848912394272218, 'bagging_fraction': 0.9144270522801433, 'reg_alpha': 0.030114662618892625, 'reg_lambda': 3.8123093110857777e-06}. Best is trial 76 with value: -0.3780862354908613.
[I 2025-08-05 18:44:01,653] Trial 85 finished with value: -0.37586225552551367 and parameters: {'learning_rate': 0.05301166692646225, 'num_leaves': 72, 'max_depth': 15, 'min_child_samples': 60, 'feature_fraction': 0.8188559128765666, 'bagging_fraction': 0.7165497149485345, 'reg_alpha': 0.784859637346703, 'reg_lambda': 7.420914207462369e-07}. Best is trial 76 with value: -0.3780862354908613.
[I 2025-08-05 18:44:02,877] Trial 86 finished with value: -0.3737821530200594 and parameters: {'learning_rate': 0.04273293760208006, 'num_leaves': 156, 'max_depth': 14, 'min_child_samples': 58, 'feature_fraction': 0.8376841427074774, 'bagging_fraction': 0.8476772137279747, 'reg_alpha': 0.06272953154278918, 'reg_lambda': 8.276028601801168e-06}. Best is trial 76 with value: -0.3780862354908613.
[I 2025-08-05 18:44:03,949] Trial 87 finished with value: -0.3768422793699108 and parameters: {'learning_rate': 0.05694365186886158, 'num_leaves': 127, 'max_depth': 15, 'min_child_samples': 63, 'feature_fraction': 0.7957064488698573, 'bagging_fraction': 0.701863329482436, 'reg_alpha': 1.1563855660017732, 'reg_lambda': 6.009516058194111e-05}. Best is trial 76 with value: -0.3780862354908613.
[I 2025-08-05 18:44:05,000] Trial 88 finished with value: -0.37740301660482406 and parameters: {'learning_rate': 0.06468858005638405, 'num_leaves': 63, 'max_depth': 15, 'min_child_samples': 62, 'feature_fraction': 0.8025771972980891, 'bagging_fraction': 0.6403048389276249, 'reg_alpha': 1.493015202902736, 'reg_lambda': 7.070510620491549e-05}. Best is trial 76 with value: -0.3780862354908613.
[I 2025-08-05 18:44:05,942] Trial 89 finished with value: -0.37434063453405325 and parameters: {'learning_rate': 0.09041638653142933, 'num_leaves': 47, 'max_depth': 15, 'min_child_samples': 61, 'feature_fraction': 0.721345566807091, 'bagging_fraction': 0.6127374228438733, 'reg_alpha': 0.6708463007662826, 'reg_lambda': 4.925451661692585e-05}. Best is trial 76 with value: -0.3780862354908613.
[I 2025-08-05 18:44:06,881] Trial 90 finished with value: -0.37427997968915844 and parameters: {'learning_rate': 0.07451012769884705, 'num_leaves': 33, 'max_depth': 15, 'min_child_samples': 65, 'feature_fraction': 0.8022259097922089, 'bagging_fraction': 0.6305443862478749, 'reg_alpha': 1.9554446927072924, 'reg_lambda': 6.625094996066022e-05}. Best is trial 76 with value: -0.3780862354908613.
[I 2025-08-05 18:44:07,906] Trial 91 finished with value: -0.37435188008108866 and parameters: {'learning_rate': 0.06403795417299321, 'num_leaves': 59, 'max_depth': 15, 'min_child_samples': 64, 'feature_fraction': 0.7816597839020465, 'bagging_fraction': 0.6956204871399285, 'reg_alpha': 6.756693942420902, 'reg_lambda': 1.775610329516128e-06}. Best is trial 76 with value: -0.3780862354908613.
[I 2025-08-05 18:44:08,943] Trial 92 finished with value: -0.3756647669158604 and parameters: {'learning_rate': 0.054082326611344364, 'num_leaves': 79, 'max_depth': 13, 'min_child_samples': 62, 'feature_fraction': 0.797325009893214, 'bagging_fraction': 0.6611348805174772, 'reg_alpha': 2.594990000653372, 'reg_lambda': 0.00016551807910221447}. Best is trial 76 with value: -0.3780862354908613.
