cpu-bind=MASK - dlcgpu03, task  0  0 [976231]: mask 0xf0000000f0000 set
/var/spool/slurm/job20924773/slurm_script: line 11: module: command not found
/var/spool/slurm/job20924773/slurm_script: line 14: cd: /work/dlclarge2/latifajr-dl_lab_project/autoML/automl-exam-ss25-tabular-freiburg-template: Permission denied
2025-08-05 17:20:21 [INFO] Using device: cuda
2025-08-05 17:20:21 [INFO] Training TabPFN model...
[I 2025-08-05 17:20:21,738] A new study created in memory with name: no-name-6ac962bc-3025-4fc4-bfef-0a8aba0f898d
2025-08-05 17:20:21 [INFO] 🔍 Trial 0: n_bootstrap=14, sample_frac=0.89
/work/dlclarge2/alidemaa-dl_lab/automl/automl-exam-ss25-tabular-freiburg-template/automl-tabular-env/lib/python3.10/site-packages/sklearn/preprocessing/_data.py:3453: RuntimeWarning: overflow encountered in power
  x_inv[pos] = np.power(x[pos] * lmbda + 1, 1 / lmbda) - 1
/work/dlclarge2/alidemaa-dl_lab/automl/automl-exam-ss25-tabular-freiburg-template/automl-tabular-env/lib/python3.10/site-packages/sklearn/preprocessing/_data.py:3453: RuntimeWarning: overflow encountered in power
  x_inv[pos] = np.power(x[pos] * lmbda + 1, 1 / lmbda) - 1
/work/dlclarge2/alidemaa-dl_lab/automl/automl-exam-ss25-tabular-freiburg-template/automl-tabular-env/lib/python3.10/site-packages/sklearn/preprocessing/_data.py:3453: RuntimeWarning: overflow encountered in power
  x_inv[pos] = np.power(x[pos] * lmbda + 1, 1 / lmbda) - 1
/work/dlclarge2/alidemaa-dl_lab/automl/automl-exam-ss25-tabular-freiburg-template/automl-tabular-env/lib/python3.10/site-packages/sklearn/preprocessing/_data.py:3453: RuntimeWarning: overflow encountered in power
  x_inv[pos] = np.power(x[pos] * lmbda + 1, 1 / lmbda) - 1
/work/dlclarge2/alidemaa-dl_lab/automl/automl-exam-ss25-tabular-freiburg-template/automl-tabular-env/lib/python3.10/site-packages/sklearn/preprocessing/_data.py:3453: RuntimeWarning: overflow encountered in power
  x_inv[pos] = np.power(x[pos] * lmbda + 1, 1 / lmbda) - 1
/work/dlclarge2/alidemaa-dl_lab/automl/automl-exam-ss25-tabular-freiburg-template/automl-tabular-env/lib/python3.10/site-packages/sklearn/preprocessing/_data.py:3453: RuntimeWarning: overflow encountered in power
  x_inv[pos] = np.power(x[pos] * lmbda + 1, 1 / lmbda) - 1
/work/dlclarge2/alidemaa-dl_lab/automl/automl-exam-ss25-tabular-freiburg-template/automl-tabular-env/lib/python3.10/site-packages/sklearn/preprocessing/_data.py:3453: RuntimeWarning: overflow encountered in power
  x_inv[pos] = np.power(x[pos] * lmbda + 1, 1 / lmbda) - 1
/work/dlclarge2/alidemaa-dl_lab/automl/automl-exam-ss25-tabular-freiburg-template/automl-tabular-env/lib/python3.10/site-packages/sklearn/preprocessing/_data.py:3453: RuntimeWarning: overflow encountered in power
  x_inv[pos] = np.power(x[pos] * lmbda + 1, 1 / lmbda) - 1
[I 2025-08-05 17:28:49,628] Trial 0 finished with value: 0.9140322809394642 and parameters: {'n_bootstrap': 14, 'sample_frac': 0.8852142919229748}. Best is trial 0 with value: 0.9140322809394642.
2025-08-05 17:28:49 [INFO] 🔍 Trial 1: n_bootstrap=18, sample_frac=0.78
/work/dlclarge2/alidemaa-dl_lab/automl/automl-exam-ss25-tabular-freiburg-template/automl-tabular-env/lib/python3.10/site-packages/sklearn/preprocessing/_data.py:3453: RuntimeWarning: overflow encountered in power
  x_inv[pos] = np.power(x[pos] * lmbda + 1, 1 / lmbda) - 1
/work/dlclarge2/alidemaa-dl_lab/automl/automl-exam-ss25-tabular-freiburg-template/automl-tabular-env/lib/python3.10/site-packages/sklearn/preprocessing/_data.py:3453: RuntimeWarning: overflow encountered in power
  x_inv[pos] = np.power(x[pos] * lmbda + 1, 1 / lmbda) - 1
/work/dlclarge2/alidemaa-dl_lab/automl/automl-exam-ss25-tabular-freiburg-template/automl-tabular-env/lib/python3.10/site-packages/sklearn/preprocessing/_data.py:3453: RuntimeWarning: overflow encountered in power
  x_inv[pos] = np.power(x[pos] * lmbda + 1, 1 / lmbda) - 1
/work/dlclarge2/alidemaa-dl_lab/automl/automl-exam-ss25-tabular-freiburg-template/automl-tabular-env/lib/python3.10/site-packages/sklearn/preprocessing/_data.py:3453: RuntimeWarning: overflow encountered in power
  x_inv[pos] = np.power(x[pos] * lmbda + 1, 1 / lmbda) - 1
[I 2025-08-05 17:38:10,511] Trial 1 finished with value: 0.913498753745007 and parameters: {'n_bootstrap': 18, 'sample_frac': 0.779597545259111}. Best is trial 0 with value: 0.9140322809394642.
2025-08-05 17:38:10 [INFO] 🔍 Trial 2: n_bootstrap=11, sample_frac=0.65
/work/dlclarge2/alidemaa-dl_lab/automl/automl-exam-ss25-tabular-freiburg-template/automl-tabular-env/lib/python3.10/site-packages/sklearn/preprocessing/_data.py:3453: RuntimeWarning: overflow encountered in power
  x_inv[pos] = np.power(x[pos] * lmbda + 1, 1 / lmbda) - 1
/work/dlclarge2/alidemaa-dl_lab/automl/automl-exam-ss25-tabular-freiburg-template/automl-tabular-env/lib/python3.10/site-packages/sklearn/preprocessing/_data.py:3453: RuntimeWarning: overflow encountered in power
  x_inv[pos] = np.power(x[pos] * lmbda + 1, 1 / lmbda) - 1
/work/dlclarge2/alidemaa-dl_lab/automl/automl-exam-ss25-tabular-freiburg-template/automl-tabular-env/lib/python3.10/site-packages/sklearn/preprocessing/_data.py:3453: RuntimeWarning: overflow encountered in power
  x_inv[pos] = np.power(x[pos] * lmbda + 1, 1 / lmbda) - 1
/work/dlclarge2/alidemaa-dl_lab/automl/automl-exam-ss25-tabular-freiburg-template/automl-tabular-env/lib/python3.10/site-packages/sklearn/preprocessing/_data.py:3453: RuntimeWarning: overflow encountered in power
  x_inv[pos] = np.power(x[pos] * lmbda + 1, 1 / lmbda) - 1
[I 2025-08-05 17:42:52,466] Trial 2 finished with value: 0.9114342890963931 and parameters: {'n_bootstrap': 11, 'sample_frac': 0.6467983561008608}. Best is trial 0 with value: 0.9140322809394642.
2025-08-05 17:42:52 [INFO] 🔍 Trial 3: n_bootstrap=10, sample_frac=0.86
/work/dlclarge2/alidemaa-dl_lab/automl/automl-exam-ss25-tabular-freiburg-template/automl-tabular-env/lib/python3.10/site-packages/sklearn/preprocessing/_data.py:3453: RuntimeWarning: overflow encountered in power
  x_inv[pos] = np.power(x[pos] * lmbda + 1, 1 / lmbda) - 1
/work/dlclarge2/alidemaa-dl_lab/automl/automl-exam-ss25-tabular-freiburg-template/automl-tabular-env/lib/python3.10/site-packages/sklearn/preprocessing/_data.py:3453: RuntimeWarning: overflow encountered in power
  x_inv[pos] = np.power(x[pos] * lmbda + 1, 1 / lmbda) - 1
/work/dlclarge2/alidemaa-dl_lab/automl/automl-exam-ss25-tabular-freiburg-template/automl-tabular-env/lib/python3.10/site-packages/sklearn/preprocessing/_data.py:3453: RuntimeWarning: overflow encountered in power
  x_inv[pos] = np.power(x[pos] * lmbda + 1, 1 / lmbda) - 1
/work/dlclarge2/alidemaa-dl_lab/automl/automl-exam-ss25-tabular-freiburg-template/automl-tabular-env/lib/python3.10/site-packages/sklearn/preprocessing/_data.py:3453: RuntimeWarning: overflow encountered in power
  x_inv[pos] = np.power(x[pos] * lmbda + 1, 1 / lmbda) - 1
[I 2025-08-05 17:48:39,803] Trial 3 finished with value: 0.9125964902200712 and parameters: {'n_bootstrap': 10, 'sample_frac': 0.8598528437324806}. Best is trial 0 with value: 0.9140322809394642.
2025-08-05 17:48:39 [INFO] 🔍 Trial 4: n_bootstrap=16, sample_frac=0.81
[I 2025-08-05 17:57:22,137] Trial 4 finished with value: 0.9133333008354605 and parameters: {'n_bootstrap': 16, 'sample_frac': 0.8124217733388137}. Best is trial 0 with value: 0.9140322809394642.
2025-08-05 17:57:22 [INFO] 🔍 Trial 5: n_bootstrap=10, sample_frac=0.89
/work/dlclarge2/alidemaa-dl_lab/automl/automl-exam-ss25-tabular-freiburg-template/automl-tabular-env/lib/python3.10/site-packages/sklearn/preprocessing/_data.py:3453: RuntimeWarning: overflow encountered in power
  x_inv[pos] = np.power(x[pos] * lmbda + 1, 1 / lmbda) - 1
/work/dlclarge2/alidemaa-dl_lab/automl/automl-exam-ss25-tabular-freiburg-template/automl-tabular-env/lib/python3.10/site-packages/sklearn/preprocessing/_data.py:3453: RuntimeWarning: overflow encountered in power
  x_inv[pos] = np.power(x[pos] * lmbda + 1, 1 / lmbda) - 1
/work/dlclarge2/alidemaa-dl_lab/automl/automl-exam-ss25-tabular-freiburg-template/automl-tabular-env/lib/python3.10/site-packages/sklearn/preprocessing/_data.py:3453: RuntimeWarning: overflow encountered in power
  x_inv[pos] = np.power(x[pos] * lmbda + 1, 1 / lmbda) - 1
/work/dlclarge2/alidemaa-dl_lab/automl/automl-exam-ss25-tabular-freiburg-template/automl-tabular-env/lib/python3.10/site-packages/sklearn/preprocessing/_data.py:3453: RuntimeWarning: overflow encountered in power
  x_inv[pos] = np.power(x[pos] * lmbda + 1, 1 / lmbda) - 1
2025-08-05 17:59:46 [INFO] ⏸️ Pruned trial 5 at step 4 (R²=0.9074)
[I 2025-08-05 17:59:46,254] Trial 5 pruned. 
2025-08-05 17:59:46 [INFO] 🔍 Trial 6: n_bootstrap=19, sample_frac=0.66
2025-08-05 18:00:12 [INFO] ⏸️ Pruned trial 6 at step 1 (R²=0.8993)
[I 2025-08-05 18:00:12,804] Trial 6 pruned. 
2025-08-05 18:00:12 [INFO] 🔍 Trial 7: n_bootstrap=12, sample_frac=0.66
2025-08-05 18:00:39 [INFO] ⏸️ Pruned trial 7 at step 1 (R²=0.8994)
[I 2025-08-05 18:00:39,026] Trial 7 pruned. 
2025-08-05 18:00:39 [INFO] 🔍 Trial 8: n_bootstrap=13, sample_frac=0.76
2025-08-05 18:01:09 [INFO] ⏸️ Pruned trial 8 at step 1 (R²=0.9027)
[I 2025-08-05 18:01:09,244] Trial 8 pruned. 
2025-08-05 18:01:09 [INFO] 🔍 Trial 9: n_bootstrap=14, sample_frac=0.69
2025-08-05 18:01:36 [INFO] ⏸️ Pruned trial 9 at step 1 (R²=0.8998)
[I 2025-08-05 18:01:36,768] Trial 9 pruned. 
2025-08-05 18:01:36 [INFO] 🔍 Trial 10: n_bootstrap=16, sample_frac=0.83
2025-08-05 18:03:16 [INFO] ⏸️ Pruned trial 10 at step 3 (R²=0.9070)
[I 2025-08-05 18:03:16,871] Trial 10 pruned. 
2025-08-05 18:03:16 [INFO] 🔍 Trial 11: n_bootstrap=19, sample_frac=0.77
2025-08-05 18:03:47 [INFO] ⏸️ Pruned trial 11 at step 1 (R²=0.9024)
[I 2025-08-05 18:03:47,363] Trial 11 pruned. 
2025-08-05 18:03:47 [INFO] 🔍 Trial 12: n_bootstrap=17, sample_frac=0.72
2025-08-05 18:04:16 [INFO] ⏸️ Pruned trial 12 at step 1 (R²=0.8996)
[I 2025-08-05 18:04:16,090] Trial 12 pruned. 
2025-08-05 18:04:16 [INFO] 🔍 Trial 13: n_bootstrap=20, sample_frac=0.79
2025-08-05 18:04:47 [INFO] ⏸️ Pruned trial 13 at step 1 (R²=0.9027)
[I 2025-08-05 18:04:47,652] Trial 13 pruned. 
2025-08-05 18:04:47 [INFO] 🔍 Trial 14: n_bootstrap=17, sample_frac=0.60
2025-08-05 18:05:11 [INFO] ⏸️ Pruned trial 14 at step 1 (R²=0.9025)
[I 2025-08-05 18:05:11,892] Trial 14 pruned. 
2025-08-05 18:05:11 [INFO] 🔍 Trial 15: n_bootstrap=14, sample_frac=0.88
/work/dlclarge2/alidemaa-dl_lab/automl/automl-exam-ss25-tabular-freiburg-template/automl-tabular-env/lib/python3.10/site-packages/sklearn/preprocessing/_data.py:3453: RuntimeWarning: overflow encountered in power
  x_inv[pos] = np.power(x[pos] * lmbda + 1, 1 / lmbda) - 1
/work/dlclarge2/alidemaa-dl_lab/automl/automl-exam-ss25-tabular-freiburg-template/automl-tabular-env/lib/python3.10/site-packages/sklearn/preprocessing/_data.py:3453: RuntimeWarning: overflow encountered in power
  x_inv[pos] = np.power(x[pos] * lmbda + 1, 1 / lmbda) - 1
/work/dlclarge2/alidemaa-dl_lab/automl/automl-exam-ss25-tabular-freiburg-template/automl-tabular-env/lib/python3.10/site-packages/sklearn/preprocessing/_data.py:3453: RuntimeWarning: overflow encountered in power
  x_inv[pos] = np.power(x[pos] * lmbda + 1, 1 / lmbda) - 1
/work/dlclarge2/alidemaa-dl_lab/automl/automl-exam-ss25-tabular-freiburg-template/automl-tabular-env/lib/python3.10/site-packages/sklearn/preprocessing/_data.py:3453: RuntimeWarning: overflow encountered in power
  x_inv[pos] = np.power(x[pos] * lmbda + 1, 1 / lmbda) - 1
/work/dlclarge2/alidemaa-dl_lab/automl/automl-exam-ss25-tabular-freiburg-template/automl-tabular-env/lib/python3.10/site-packages/sklearn/preprocessing/_data.py:3453: RuntimeWarning: overflow encountered in power
  x_inv[pos] = np.power(x[pos] * lmbda + 1, 1 / lmbda) - 1
/work/dlclarge2/alidemaa-dl_lab/automl/automl-exam-ss25-tabular-freiburg-template/automl-tabular-env/lib/python3.10/site-packages/sklearn/preprocessing/_data.py:3453: RuntimeWarning: overflow encountered in power
  x_inv[pos] = np.power(x[pos] * lmbda + 1, 1 / lmbda) - 1
/work/dlclarge2/alidemaa-dl_lab/automl/automl-exam-ss25-tabular-freiburg-template/automl-tabular-env/lib/python3.10/site-packages/sklearn/preprocessing/_data.py:3453: RuntimeWarning: overflow encountered in power
  x_inv[pos] = np.power(x[pos] * lmbda + 1, 1 / lmbda) - 1
/work/dlclarge2/alidemaa-dl_lab/automl/automl-exam-ss25-tabular-freiburg-template/automl-tabular-env/lib/python3.10/site-packages/sklearn/preprocessing/_data.py:3453: RuntimeWarning: overflow encountered in power
  x_inv[pos] = np.power(x[pos] * lmbda + 1, 1 / lmbda) - 1
[I 2025-08-05 18:13:33,389] Trial 15 finished with value: 0.9140103724359592 and parameters: {'n_bootstrap': 14, 'sample_frac': 0.883742915992114}. Best is trial 0 with value: 0.9140322809394642.
2025-08-05 18:13:33 [INFO] 🔍 Trial 16: n_bootstrap=14, sample_frac=0.90
/work/dlclarge2/alidemaa-dl_lab/automl/automl-exam-ss25-tabular-freiburg-template/automl-tabular-env/lib/python3.10/site-packages/sklearn/preprocessing/_data.py:3453: RuntimeWarning: overflow encountered in power
  x_inv[pos] = np.power(x[pos] * lmbda + 1, 1 / lmbda) - 1
/work/dlclarge2/alidemaa-dl_lab/automl/automl-exam-ss25-tabular-freiburg-template/automl-tabular-env/lib/python3.10/site-packages/sklearn/preprocessing/_data.py:3453: RuntimeWarning: overflow encountered in power
  x_inv[pos] = np.power(x[pos] * lmbda + 1, 1 / lmbda) - 1
/work/dlclarge2/alidemaa-dl_lab/automl/automl-exam-ss25-tabular-freiburg-template/automl-tabular-env/lib/python3.10/site-packages/sklearn/preprocessing/_data.py:3453: RuntimeWarning: overflow encountered in power
  x_inv[pos] = np.power(x[pos] * lmbda + 1, 1 / lmbda) - 1
/work/dlclarge2/alidemaa-dl_lab/automl/automl-exam-ss25-tabular-freiburg-template/automl-tabular-env/lib/python3.10/site-packages/sklearn/preprocessing/_data.py:3453: RuntimeWarning: overflow encountered in power
  x_inv[pos] = np.power(x[pos] * lmbda + 1, 1 / lmbda) - 1
2025-08-05 18:15:59 [INFO] ⏸️ Pruned trial 16 at step 4 (R²=0.9071)
[I 2025-08-05 18:15:59,137] Trial 16 pruned. 
2025-08-05 18:15:59 [INFO] 🔍 Trial 17: n_bootstrap=14, sample_frac=0.85
/work/dlclarge2/alidemaa-dl_lab/automl/automl-exam-ss25-tabular-freiburg-template/automl-tabular-env/lib/python3.10/site-packages/sklearn/preprocessing/_data.py:3453: RuntimeWarning: overflow encountered in power
  x_inv[pos] = np.power(x[pos] * lmbda + 1, 1 / lmbda) - 1
/work/dlclarge2/alidemaa-dl_lab/automl/automl-exam-ss25-tabular-freiburg-template/automl-tabular-env/lib/python3.10/site-packages/sklearn/preprocessing/_data.py:3453: RuntimeWarning: overflow encountered in power
  x_inv[pos] = np.power(x[pos] * lmbda + 1, 1 / lmbda) - 1
/work/dlclarge2/alidemaa-dl_lab/automl/automl-exam-ss25-tabular-freiburg-template/automl-tabular-env/lib/python3.10/site-packages/sklearn/preprocessing/_data.py:3453: RuntimeWarning: overflow encountered in power
  x_inv[pos] = np.power(x[pos] * lmbda + 1, 1 / lmbda) - 1
/work/dlclarge2/alidemaa-dl_lab/automl/automl-exam-ss25-tabular-freiburg-template/automl-tabular-env/lib/python3.10/site-packages/sklearn/preprocessing/_data.py:3453: RuntimeWarning: overflow encountered in power
  x_inv[pos] = np.power(x[pos] * lmbda + 1, 1 / lmbda) - 1
[I 2025-08-05 18:23:59,319] Trial 17 finished with value: 0.9138299983981739 and parameters: {'n_bootstrap': 14, 'sample_frac': 0.8541004060157665}. Best is trial 0 with value: 0.9140322809394642.
2025-08-05 18:23:59 [INFO] 🔍 Trial 18: n_bootstrap=15, sample_frac=0.86
2025-08-05 18:25:07 [INFO] ⏸️ Pruned trial 18 at step 2 (R²=0.9051)
[I 2025-08-05 18:25:07,799] Trial 18 pruned. 
2025-08-05 18:25:07 [INFO] 🔍 Trial 19: n_bootstrap=12, sample_frac=0.72
2025-08-05 18:25:36 [INFO] ⏸️ Pruned trial 19 at step 1 (R²=0.8994)
[I 2025-08-05 18:25:36,270] Trial 19 pruned. 
2025-08-05 18:25:36 [INFO] 🔍 Trial 20: n_bootstrap=13, sample_frac=0.87
2025-08-05 18:26:15 [INFO] ⏸️ Pruned trial 20 at step 1 (R²=0.9041)
[I 2025-08-05 18:26:15,129] Trial 20 pruned. 
2025-08-05 18:26:15 [INFO] 🔍 Trial 21: n_bootstrap=14, sample_frac=0.83
2025-08-05 18:26:51 [INFO] ⏸️ Pruned trial 21 at step 1 (R²=0.9034)
[I 2025-08-05 18:26:51,298] Trial 21 pruned. 
2025-08-05 18:26:51 [INFO] 🔍 Trial 22: n_bootstrap=15, sample_frac=0.88
/work/dlclarge2/alidemaa-dl_lab/automl/automl-exam-ss25-tabular-freiburg-template/automl-tabular-env/lib/python3.10/site-packages/sklearn/preprocessing/_data.py:3453: RuntimeWarning: overflow encountered in power
  x_inv[pos] = np.power(x[pos] * lmbda + 1, 1 / lmbda) - 1
/work/dlclarge2/alidemaa-dl_lab/automl/automl-exam-ss25-tabular-freiburg-template/automl-tabular-env/lib/python3.10/site-packages/sklearn/preprocessing/_data.py:3453: RuntimeWarning: overflow encountered in power
  x_inv[pos] = np.power(x[pos] * lmbda + 1, 1 / lmbda) - 1
/work/dlclarge2/alidemaa-dl_lab/automl/automl-exam-ss25-tabular-freiburg-template/automl-tabular-env/lib/python3.10/site-packages/sklearn/preprocessing/_data.py:3453: RuntimeWarning: overflow encountered in power
  x_inv[pos] = np.power(x[pos] * lmbda + 1, 1 / lmbda) - 1
/work/dlclarge2/alidemaa-dl_lab/automl/automl-exam-ss25-tabular-freiburg-template/automl-tabular-env/lib/python3.10/site-packages/sklearn/preprocessing/_data.py:3453: RuntimeWarning: overflow encountered in power
  x_inv[pos] = np.power(x[pos] * lmbda + 1, 1 / lmbda) - 1
/work/dlclarge2/alidemaa-dl_lab/automl/automl-exam-ss25-tabular-freiburg-template/automl-tabular-env/lib/python3.10/site-packages/sklearn/preprocessing/_data.py:3453: RuntimeWarning: overflow encountered in power
  x_inv[pos] = np.power(x[pos] * lmbda + 1, 1 / lmbda) - 1
/work/dlclarge2/alidemaa-dl_lab/automl/automl-exam-ss25-tabular-freiburg-template/automl-tabular-env/lib/python3.10/site-packages/sklearn/preprocessing/_data.py:3453: RuntimeWarning: overflow encountered in power
  x_inv[pos] = np.power(x[pos] * lmbda + 1, 1 / lmbda) - 1
/work/dlclarge2/alidemaa-dl_lab/automl/automl-exam-ss25-tabular-freiburg-template/automl-tabular-env/lib/python3.10/site-packages/sklearn/preprocessing/_data.py:3453: RuntimeWarning: overflow encountered in power
  x_inv[pos] = np.power(x[pos] * lmbda + 1, 1 / lmbda) - 1
/work/dlclarge2/alidemaa-dl_lab/automl/automl-exam-ss25-tabular-freiburg-template/automl-tabular-env/lib/python3.10/site-packages/sklearn/preprocessing/_data.py:3453: RuntimeWarning: overflow encountered in power
  x_inv[pos] = np.power(x[pos] * lmbda + 1, 1 / lmbda) - 1
[I 2025-08-05 18:35:46,104] Trial 22 finished with value: 0.9138363814110603 and parameters: {'n_bootstrap': 15, 'sample_frac': 0.8805135587540488}. Best is trial 0 with value: 0.9140322809394642.
2025-08-05 18:35:46 [INFO] 🔍 Trial 23: n_bootstrap=15, sample_frac=0.88
/work/dlclarge2/alidemaa-dl_lab/automl/automl-exam-ss25-tabular-freiburg-template/automl-tabular-env/lib/python3.10/site-packages/sklearn/preprocessing/_data.py:3453: RuntimeWarning: overflow encountered in power
  x_inv[pos] = np.power(x[pos] * lmbda + 1, 1 / lmbda) - 1
/work/dlclarge2/alidemaa-dl_lab/automl/automl-exam-ss25-tabular-freiburg-template/automl-tabular-env/lib/python3.10/site-packages/sklearn/preprocessing/_data.py:3453: RuntimeWarning: overflow encountered in power
  x_inv[pos] = np.power(x[pos] * lmbda + 1, 1 / lmbda) - 1
/work/dlclarge2/alidemaa-dl_lab/automl/automl-exam-ss25-tabular-freiburg-template/automl-tabular-env/lib/python3.10/site-packages/sklearn/preprocessing/_data.py:3453: RuntimeWarning: overflow encountered in power
  x_inv[pos] = np.power(x[pos] * lmbda + 1, 1 / lmbda) - 1
/work/dlclarge2/alidemaa-dl_lab/automl/automl-exam-ss25-tabular-freiburg-template/automl-tabular-env/lib/python3.10/site-packages/sklearn/preprocessing/_data.py:3453: RuntimeWarning: overflow encountered in power
  x_inv[pos] = np.power(x[pos] * lmbda + 1, 1 / lmbda) - 1
/work/dlclarge2/alidemaa-dl_lab/automl/automl-exam-ss25-tabular-freiburg-template/automl-tabular-env/lib/python3.10/site-packages/sklearn/preprocessing/_data.py:3453: RuntimeWarning: overflow encountered in power
  x_inv[pos] = np.power(x[pos] * lmbda + 1, 1 / lmbda) - 1
/work/dlclarge2/alidemaa-dl_lab/automl/automl-exam-ss25-tabular-freiburg-template/automl-tabular-env/lib/python3.10/site-packages/sklearn/preprocessing/_data.py:3453: RuntimeWarning: overflow encountered in power
  x_inv[pos] = np.power(x[pos] * lmbda + 1, 1 / lmbda) - 1
/work/dlclarge2/alidemaa-dl_lab/automl/automl-exam-ss25-tabular-freiburg-template/automl-tabular-env/lib/python3.10/site-packages/sklearn/preprocessing/_data.py:3453: RuntimeWarning: overflow encountered in power
  x_inv[pos] = np.power(x[pos] * lmbda + 1, 1 / lmbda) - 1
/work/dlclarge2/alidemaa-dl_lab/automl/automl-exam-ss25-tabular-freiburg-template/automl-tabular-env/lib/python3.10/site-packages/sklearn/preprocessing/_data.py:3453: RuntimeWarning: overflow encountered in power
  x_inv[pos] = np.power(x[pos] * lmbda + 1, 1 / lmbda) - 1
[I 2025-08-05 18:44:35,772] Trial 23 finished with value: 0.9138480181315451 and parameters: {'n_bootstrap': 15, 'sample_frac': 0.8771282527511987}. Best is trial 0 with value: 0.9140322809394642.
2025-08-05 18:44:35 [INFO] 🔍 Trial 24: n_bootstrap=16, sample_frac=0.84
2025-08-05 18:45:09 [INFO] ⏸️ Pruned trial 24 at step 1 (R²=0.9040)
[I 2025-08-05 18:45:09,334] Trial 24 pruned. 
2025-08-05 18:45:09 [INFO] 🔍 Trial 25: n_bootstrap=13, sample_frac=0.80
2025-08-05 18:45:41 [INFO] ⏸️ Pruned trial 25 at step 1 (R²=0.9035)
