[I 2025-08-03 07:30:31,266] Trial 218 finished with value: -0.935098902392887 and parameters: {'learning_rate': 0.03181800026397823, 'num_leaves': 45, 'max_depth': 14, 'min_child_samples': 10, 'feature_fraction': 0.5550963985422456, 'bagging_fraction': 0.7046554470553575, 'reg_alpha': 6.258434076443374, 'reg_lambda': 1.9003640006254538e-08}. Best is trial 181 with value: -0.9360705907673996.
[I 2025-08-03 07:30:45,651] Trial 219 finished with value: -0.9340824409402523 and parameters: {'learning_rate': 0.038099961792970066, 'num_leaves': 23, 'max_depth': 15, 'min_child_samples': 12, 'feature_fraction': 0.532713640784208, 'bagging_fraction': 0.9330213833822951, 'reg_alpha': 3.477712847788355, 'reg_lambda': 1.005489018175896e-08}. Best is trial 181 with value: -0.9360705907673996.
[I 2025-08-03 07:31:04,868] Trial 220 finished with value: -0.9347520897640019 and parameters: {'learning_rate': 0.035705720047006104, 'num_leaves': 35, 'max_depth': 15, 'min_child_samples': 14, 'feature_fraction': 0.5438540429340132, 'bagging_fraction': 0.6879616830867522, 'reg_alpha': 0.6249570105695513, 'reg_lambda': 2.4771043070536296e-08}. Best is trial 181 with value: -0.9360705907673996.
[I 2025-08-03 07:31:20,910] Trial 221 finished with value: -0.9346531752084862 and parameters: {'learning_rate': 0.037073195840033955, 'num_leaves': 27, 'max_depth': 15, 'min_child_samples': 11, 'feature_fraction': 0.5518370957435996, 'bagging_fraction': 0.7157752001605746, 'reg_alpha': 9.581285912732486, 'reg_lambda': 1.570639259825133e-08}. Best is trial 181 with value: -0.9360705907673996.
[I 2025-08-03 07:31:38,846] Trial 222 finished with value: -0.9343698484984778 and parameters: {'learning_rate': 0.033204076395911206, 'num_leaves': 30, 'max_depth': 15, 'min_child_samples': 10, 'feature_fraction': 0.5684841292632886, 'bagging_fraction': 0.8806328863423806, 'reg_alpha': 7.196600459661852, 'reg_lambda': 1.4791754656231509e-08}. Best is trial 181 with value: -0.9360705907673996.
[I 2025-08-03 07:31:58,684] Trial 223 finished with value: -0.9346636189718907 and parameters: {'learning_rate': 0.03466876291040253, 'num_leaves': 36, 'max_depth': 15, 'min_child_samples': 12, 'feature_fraction': 0.5230090479728475, 'bagging_fraction': 0.707088106370053, 'reg_alpha': 4.809513574075728, 'reg_lambda': 1.4189003157645802e-08}. Best is trial 181 with value: -0.9360705907673996.
[I 2025-08-03 07:32:14,731] Trial 224 finished with value: -0.9335078535672936 and parameters: {'learning_rate': 0.04078536134128025, 'num_leaves': 27, 'max_depth': 15, 'min_child_samples': 16, 'feature_fraction': 0.5365026945499501, 'bagging_fraction': 0.7238500709739726, 'reg_alpha': 2.4567291523174033, 'reg_lambda': 2.4536829032846398e-08}. Best is trial 181 with value: -0.9360705907673996.
[I 2025-08-03 07:32:37,052] Trial 225 finished with value: -0.9356642265834965 and parameters: {'learning_rate': 0.03063757415704411, 'num_leaves': 41, 'max_depth': 15, 'min_child_samples': 10, 'feature_fraction': 0.5129155402103971, 'bagging_fraction': 0.7013763984209751, 'reg_alpha': 0.1882247301000811, 'reg_lambda': 1.0501976543102591e-08}. Best is trial 181 with value: -0.9360705907673996.
[I 2025-08-03 07:32:59,710] Trial 226 finished with value: -0.9348475882163128 and parameters: {'learning_rate': 0.02801398405547095, 'num_leaves': 41, 'max_depth': 15, 'min_child_samples': 10, 'feature_fraction': 0.515050228762792, 'bagging_fraction': 0.9864531008411054, 'reg_alpha': 0.22624931331179565, 'reg_lambda': 3.797606809070775e-08}. Best is trial 181 with value: -0.9360705907673996.
[I 2025-08-03 07:33:24,540] Trial 227 finished with value: -0.9344178868498368 and parameters: {'learning_rate': 0.03022073431979904, 'num_leaves': 47, 'max_depth': 15, 'min_child_samples': 12, 'feature_fraction': 0.5110147787645484, 'bagging_fraction': 0.6977741216815385, 'reg_alpha': 0.33409298658570924, 'reg_lambda': 2.1546697922685732e-08}. Best is trial 181 with value: -0.9360705907673996.
[I 2025-08-03 07:33:46,198] Trial 228 finished with value: -0.9355387651512918 and parameters: {'learning_rate': 0.03156377691662361, 'num_leaves': 41, 'max_depth': 14, 'min_child_samples': 10, 'feature_fraction': 0.5253010112763535, 'bagging_fraction': 0.9474036964956896, 'reg_alpha': 0.07722511523335554, 'reg_lambda': 1.0281259775424032e-08}. Best is trial 181 with value: -0.9360705907673996.
[I 2025-08-03 07:34:09,745] Trial 229 finished with value: -0.9342867445098383 and parameters: {'learning_rate': 0.02659683952976094, 'num_leaves': 43, 'max_depth': 14, 'min_child_samples': 10, 'feature_fraction': 0.5275440791831784, 'bagging_fraction': 0.9259736820848723, 'reg_alpha': 0.15757375572303353, 'reg_lambda': 3.5376170234601834e-05}. Best is trial 181 with value: -0.9360705907673996.
[I 2025-08-03 07:34:31,110] Trial 230 finished with value: -0.9345926586540273 and parameters: {'learning_rate': 0.02934225467873361, 'num_leaves': 38, 'max_depth': 14, 'min_child_samples': 10, 'feature_fraction': 0.5432956096693798, 'bagging_fraction': 0.9468921345192781, 'reg_alpha': 0.07194396678922754, 'reg_lambda': 1.0470062437456934e-08}. Best is trial 181 with value: -0.9360705907673996.
[I 2025-08-03 07:34:49,827] Trial 231 finished with value: -0.9342236077699487 and parameters: {'learning_rate': 0.04970857353094288, 'num_leaves': 35, 'max_depth': 15, 'min_child_samples': 12, 'feature_fraction': 0.5216612583162388, 'bagging_fraction': 0.6991204213720618, 'reg_alpha': 0.17236973328709979, 'reg_lambda': 1.0204206771305903e-08}. Best is trial 181 with value: -0.9360705907673996.
[I 2025-08-03 07:35:07,317] Trial 232 finished with value: -0.9342374831127841 and parameters: {'learning_rate': 0.03185903785123841, 'num_leaves': 31, 'max_depth': 15, 'min_child_samples': 13, 'feature_fraction': 0.5310021977075972, 'bagging_fraction': 0.9374899999385419, 'reg_alpha': 0.049295051801434904, 'reg_lambda': 1.5912125533806523e-08}. Best is trial 181 with value: -0.9360705907673996.
[I 2025-08-03 07:35:28,829] Trial 233 finished with value: -0.9345817033451974 and parameters: {'learning_rate': 0.03308222780492875, 'num_leaves': 41, 'max_depth': 14, 'min_child_samples': 11, 'feature_fraction': 0.5080849630108293, 'bagging_fraction': 0.6848822564254529, 'reg_alpha': 0.10418853277474129, 'reg_lambda': 1.004089748366275e-08}. Best is trial 181 with value: -0.9360705907673996.
[I 2025-08-03 07:35:47,681] Trial 234 finished with value: -0.9348024503671096 and parameters: {'learning_rate': 0.030501033079370733, 'num_leaves': 33, 'max_depth': 12, 'min_child_samples': 10, 'feature_fraction': 0.5193237962248048, 'bagging_fraction': 0.6308922360705478, 'reg_alpha': 0.026738835709926072, 'reg_lambda': 2.0152921932993173e-08}. Best is trial 181 with value: -0.9360705907673996.
[I 2025-08-03 07:36:11,798] Trial 235 finished with value: -0.9339094622334225 and parameters: {'learning_rate': 0.03412292182560381, 'num_leaves': 46, 'max_depth': 15, 'min_child_samples': 14, 'feature_fraction': 0.535953353323628, 'bagging_fraction': 0.9457765674103467, 'reg_alpha': 0.07918195986649491, 'reg_lambda': 1.4946696432437273e-08}. Best is trial 181 with value: -0.9360705907673996.
[I 2025-08-03 07:36:32,517] Trial 236 finished with value: -0.9345479147279891 and parameters: {'learning_rate': 0.031402112945969694, 'num_leaves': 37, 'max_depth': 15, 'min_child_samples': 12, 'feature_fraction': 0.5245937610556398, 'bagging_fraction': 0.7132473891008713, 'reg_alpha': 0.37560037777774596, 'reg_lambda': 3.304864612973939e-08}. Best is trial 181 with value: -0.9360705907673996.
[I 2025-08-03 07:36:46,603] Trial 237 finished with value: -0.9345011991992447 and parameters: {'learning_rate': 0.03590817974329428, 'num_leaves': 22, 'max_depth': 15, 'min_child_samples': 10, 'feature_fraction': 0.544378071690422, 'bagging_fraction': 0.7329717216207993, 'reg_alpha': 0.9782101732331077, 'reg_lambda': 2.0744802973347078e-08}. Best is trial 181 with value: -0.9360705907673996.
[I 2025-08-03 07:37:09,123] Trial 238 finished with value: -0.9338644203078478 and parameters: {'learning_rate': 0.028817997031133743, 'num_leaves': 41, 'max_depth': 14, 'min_child_samples': 13, 'feature_fraction': 0.5093073011589927, 'bagging_fraction': 0.6771770651111009, 'reg_alpha': 0.01657409081203601, 'reg_lambda': 1.5305656338450752e-08}. Best is trial 181 with value: -0.9360705907673996.
[I 2025-08-03 07:37:27,517] Trial 239 finished with value: -0.9349247509548545 and parameters: {'learning_rate': 0.03264440871036663, 'num_leaves': 31, 'max_depth': 15, 'min_child_samples': 11, 'feature_fraction': 0.5309613740163301, 'bagging_fraction': 0.6909641783034589, 'reg_alpha': 0.20161758216472986, 'reg_lambda': 2.9949770916213436e-08}. Best is trial 181 with value: -0.9360705907673996.
[I 2025-08-03 07:37:53,824] Trial 240 finished with value: -0.9346962166914317 and parameters: {'learning_rate': 0.03054573969498087, 'num_leaves': 50, 'max_depth': 15, 'min_child_samples': 14, 'feature_fraction': 0.5560831945033557, 'bagging_fraction': 0.7047093217339316, 'reg_alpha': 0.04084909539791284, 'reg_lambda': 5.818953721071943e-08}. Best is trial 181 with value: -0.9360705907673996.
[I 2025-08-03 07:38:09,916] Trial 241 finished with value: -0.935680745814532 and parameters: {'learning_rate': 0.03688966651507873, 'num_leaves': 28, 'max_depth': 15, 'min_child_samples': 10, 'feature_fraction': 0.5481436979598361, 'bagging_fraction': 0.7158329913177818, 'reg_alpha': 9.667181185584687, 'reg_lambda': 1.0459882121896e-08}. Best is trial 181 with value: -0.9360705907673996.
[I 2025-08-03 07:38:25,810] Trial 242 finished with value: -0.9349529302457037 and parameters: {'learning_rate': 0.0344475875903893, 'num_leaves': 27, 'max_depth': 15, 'min_child_samples': 10, 'feature_fraction': 0.5419572680261955, 'bagging_fraction': 0.7214017611378468, 'reg_alpha': 4.934180898630112, 'reg_lambda': 1.4192120692954273e-08}. Best is trial 181 with value: -0.9360705907673996.
[I 2025-08-03 07:38:44,266] Trial 243 finished with value: -0.9348017517029649 and parameters: {'learning_rate': 0.03599627162248749, 'num_leaves': 34, 'max_depth': 15, 'min_child_samples': 12, 'feature_fraction': 0.5345139844471254, 'bagging_fraction': 0.9157566961621266, 'reg_alpha': 3.142472159926702, 'reg_lambda': 1.3882188853961737e-08}. Best is trial 181 with value: -0.9360705907673996.
[I 2025-08-03 07:39:05,627] Trial 244 finished with value: -0.9354714950704177 and parameters: {'learning_rate': 0.03287014313440146, 'num_leaves': 39, 'max_depth': 15, 'min_child_samples': 10, 'feature_fraction': 0.552576753241244, 'bagging_fraction': 0.7095146092556087, 'reg_alpha': 5.658758763620974, 'reg_lambda': 1.0184344161461742e-08}. Best is trial 181 with value: -0.9360705907673996.
[I 2025-08-03 07:39:25,985] Trial 245 finished with value: -0.9343041943341339 and parameters: {'learning_rate': 0.032422413882180846, 'num_leaves': 38, 'max_depth': 15, 'min_child_samples': 10, 'feature_fraction': 0.5607336342137387, 'bagging_fraction': 0.700054756431259, 'reg_alpha': 1.4108043314336451, 'reg_lambda': 1.0658486010739092e-08}. Best is trial 181 with value: -0.9360705907673996.
[I 2025-08-03 07:39:48,740] Trial 246 finished with value: -0.9350228326540436 and parameters: {'learning_rate': 0.03340044194654466, 'num_leaves': 43, 'max_depth': 15, 'min_child_samples': 10, 'feature_fraction': 0.5494588172324048, 'bagging_fraction': 0.7308792899545319, 'reg_alpha': 1.8187955012049644, 'reg_lambda': 2.0982173017033265e-08}. Best is trial 181 with value: -0.9360705907673996.
[I 2025-08-03 07:40:09,387] Trial 247 finished with value: -0.9344327116985508 and parameters: {'learning_rate': 0.03101196218353476, 'num_leaves': 38, 'max_depth': 14, 'min_child_samples': 12, 'feature_fraction': 0.5493923614590595, 'bagging_fraction': 0.6109033058273321, 'reg_alpha': 4.3727129598854475, 'reg_lambda': 1.0036948672462768e-08}. Best is trial 181 with value: -0.9360705907673996.
[I 2025-08-03 07:40:28,639] Trial 248 finished with value: -0.9350561440241615 and parameters: {'learning_rate': 0.02830631701015889, 'num_leaves': 34, 'max_depth': 15, 'min_child_samples': 10, 'feature_fraction': 0.5409195474232934, 'bagging_fraction': 0.713323865521528, 'reg_alpha': 0.0076943440614775475, 'reg_lambda': 2.120823649737768e-08}. Best is trial 181 with value: -0.9360705907673996.
[I 2025-08-03 07:40:52,371] Trial 249 finished with value: -0.9345530010361593 and parameters: {'learning_rate': 0.0380620402877764, 'num_leaves': 47, 'max_depth': 15, 'min_child_samples': 12, 'feature_fraction': 0.5625957062521075, 'bagging_fraction': 0.6880658742169659, 'reg_alpha': 0.11505480452846856, 'reg_lambda': 1.4523827602227812e-08}. Best is trial 181 with value: -0.9360705907673996.
[I 2025-08-03 07:41:07,024] Trial 250 finished with value: -0.9353339546627859 and parameters: {'learning_rate': 0.034070004629815326, 'num_leaves': 24, 'max_depth': 15, 'min_child_samples': 10, 'feature_fraction': 0.553264141596064, 'bagging_fraction': 0.7012607532390284, 'reg_alpha': 3.1306996559237867, 'reg_lambda': 2.786276544576838e-08}. Best is trial 181 with value: -0.9360705907673996.
[I 2025-08-03 07:41:19,540] Trial 251 finished with value: -0.9314881176848504 and parameters: {'learning_rate': 0.031883675363357, 'num_leaves': 19, 'max_depth': 15, 'min_child_samples': 37, 'feature_fraction': 0.5556760703122867, 'bagging_fraction': 0.7033869718391925, 'reg_alpha': 2.310958889287485, 'reg_lambda': 2.861763786636455e-08}. Best is trial 181 with value: -0.9360705907673996.
[I 2025-08-03 07:41:35,690] Trial 252 finished with value: -0.9342738827477125 and parameters: {'learning_rate': 0.029599265555785036, 'num_leaves': 26, 'max_depth': 14, 'min_child_samples': 12, 'feature_fraction': 0.6741366439476525, 'bagging_fraction': 0.7199329912789285, 'reg_alpha': 2.8800247691129592, 'reg_lambda': 1.004328322456708e-08}. Best is trial 181 with value: -0.9360705907673996.
[I 2025-08-03 07:41:49,750] Trial 253 finished with value: -0.9333057127826143 and parameters: {'learning_rate': 0.03357062915973797, 'num_leaves': 22, 'max_depth': 15, 'min_child_samples': 14, 'feature_fraction': 0.5726427545029604, 'bagging_fraction': 0.6932990863148731, 'reg_alpha': 6.073369048591868, 'reg_lambda': 3.387768300714311e-08}. Best is trial 181 with value: -0.9360705907673996.
[I 2025-08-03 07:42:12,182] Trial 254 finished with value: -0.9352809862236715 and parameters: {'learning_rate': 0.0309402553851828, 'num_leaves': 42, 'max_depth': 15, 'min_child_samples': 10, 'feature_fraction': 0.5284304792420751, 'bagging_fraction': 0.9583502847973068, 'reg_alpha': 0.795498643925352, 'reg_lambda': 4.655677257121956e-08}. Best is trial 181 with value: -0.9360705907673996.
[I 2025-08-03 07:42:29,548] Trial 255 finished with value: -0.9338242847148613 and parameters: {'learning_rate': 0.027220621541841898, 'num_leaves': 30, 'max_depth': 14, 'min_child_samples': 12, 'feature_fraction': 0.5306454892091303, 'bagging_fraction': 0.941371761696768, 'reg_alpha': 0.7657300489894212, 'reg_lambda': 6.414025316764787e-08}. Best is trial 181 with value: -0.9360705907673996.
[I 2025-08-03 07:42:52,713] Trial 256 finished with value: -0.934976936605405 and parameters: {'learning_rate': 0.029710650389908097, 'num_leaves': 44, 'max_depth': 15, 'min_child_samples': 10, 'feature_fraction': 0.5519355989523708, 'bagging_fraction': 0.9600264888890532, 'reg_alpha': 0.46640543355367725, 'reg_lambda': 2.187453523741831e-08}. Best is trial 181 with value: -0.9360705907673996.
[I 2025-08-03 07:43:19,991] Trial 257 finished with value: -0.9344726157919874 and parameters: {'learning_rate': 0.031841891529299254, 'num_leaves': 55, 'max_depth': 13, 'min_child_samples': 14, 'feature_fraction': 0.5374627521288033, 'bagging_fraction': 0.9771947832951832, 'reg_alpha': 0.30160661738835753, 'reg_lambda': 1.0186472925254351e-08}. Best is trial 181 with value: -0.9360705907673996.
[I 2025-08-03 07:43:34,670] Trial 258 finished with value: -0.9338389808415749 and parameters: {'learning_rate': 0.030677046570462302, 'num_leaves': 24, 'max_depth': 15, 'min_child_samples': 12, 'feature_fraction': 0.5632457205458381, 'bagging_fraction': 0.955221911928692, 'reg_alpha': 1.0423906852428646, 'reg_lambda': 4.755382099603229e-08}. Best is trial 181 with value: -0.9360705907673996.
[I 2025-08-03 07:43:45,762] Trial 259 finished with value: -0.9342127132706189 and parameters: {'learning_rate': 0.03371417395653794, 'num_leaves': 16, 'max_depth': 15, 'min_child_samples': 10, 'feature_fraction': 0.524211155134917, 'bagging_fraction': 0.9715745681920921, 'reg_alpha': 0.019314443946592076, 'reg_lambda': 0.00019377321174529066}. Best is trial 181 with value: -0.9360705907673996.
[I 2025-08-03 07:44:08,600] Trial 260 finished with value: -0.9337469689114738 and parameters: {'learning_rate': 0.02741304820543073, 'num_leaves': 40, 'max_depth': 15, 'min_child_samples': 12, 'feature_fraction': 0.7515788028430298, 'bagging_fraction': 0.7439928151407351, 'reg_alpha': 0.14829028164834537, 'reg_lambda': 1.1608814113491618e-07}. Best is trial 181 with value: -0.9360705907673996.
[I 2025-08-03 07:44:27,026] Trial 261 finished with value: -0.9338448660235756 and parameters: {'learning_rate': 0.03161132403954165, 'num_leaves': 33, 'max_depth': 14, 'min_child_samples': 15, 'feature_fraction': 0.5457391672491072, 'bagging_fraction': 0.7268776191421427, 'reg_alpha': 0.6292924280007154, 'reg_lambda': 2.0197087586177696e-08}. Best is trial 181 with value: -0.9360705907673996.
[I 2025-08-03 07:44:53,151] Trial 262 finished with value: -0.935333188698227 and parameters: {'learning_rate': 0.028861659763022813, 'num_leaves': 50, 'max_depth': 15, 'min_child_samples': 10, 'feature_fraction': 0.5328601046779928, 'bagging_fraction': 0.7106750625838227, 'reg_alpha': 0.010359707253266091, 'reg_lambda': 1.566436782867583e-08}. Best is trial 181 with value: -0.9360705907673996.
[I 2025-08-03 07:45:19,116] Trial 263 finished with value: -0.934081014019203 and parameters: {'learning_rate': 0.02455718863415568, 'num_leaves': 49, 'max_depth': 15, 'min_child_samples': 12, 'feature_fraction': 0.5165053109110638, 'bagging_fraction': 0.7181367150393644, 'reg_alpha': 0.010898790874195022, 'reg_lambda': 1.0112747939008116e-06}. Best is trial 181 with value: -0.9360705907673996.
[I 2025-08-03 07:45:42,845] Trial 264 finished with value: -0.9353606537173975 and parameters: {'learning_rate': 0.026149088358904993, 'num_leaves': 44, 'max_depth': 15, 'min_child_samples': 10, 'feature_fraction': 0.5302938821994978, 'bagging_fraction': 0.7597624322191845, 'reg_alpha': 0.02462192257863383, 'reg_lambda': 4.35020859126135e-08}. Best is trial 181 with value: -0.9360705907673996.
[I 2025-08-03 07:46:00,361] Trial 265 finished with value: -0.9329559089946037 and parameters: {'learning_rate': 0.026617444632712796, 'num_leaves': 52, 'max_depth': 6, 'min_child_samples': 14, 'feature_fraction': 0.5355836753698162, 'bagging_fraction': 0.7781574871237763, 'reg_alpha': 0.031654430064272966, 'reg_lambda': 1.7285319573425405e-08}. Best is trial 181 with value: -0.9360705907673996.
[I 2025-08-03 07:46:24,215] Trial 266 finished with value: -0.9341357551613402 and parameters: {'learning_rate': 0.028386899674878712, 'num_leaves': 46, 'max_depth': 14, 'min_child_samples': 12, 'feature_fraction': 0.5082097917832862, 'bagging_fraction': 0.7630089417758505, 'reg_alpha': 0.012219171039938045, 'reg_lambda': 8.104054671460167e-08}. Best is trial 181 with value: -0.9360705907673996.
[I 2025-08-03 07:46:45,529] Trial 267 finished with value: -0.9349752616122449 and parameters: {'learning_rate': 0.02518972665504398, 'num_leaves': 38, 'max_depth': 15, 'min_child_samples': 10, 'feature_fraction': 0.5288146149460715, 'bagging_fraction': 0.7480515631039505, 'reg_alpha': 0.030856115399609547, 'reg_lambda': 2.8642004844845608e-08}. Best is trial 181 with value: -0.9360705907673996.
[I 2025-08-03 07:47:02,240] Trial 268 finished with value: -0.9329449499772042 and parameters: {'learning_rate': 0.023580115332956144, 'num_leaves': 28, 'max_depth': 15, 'min_child_samples': 13, 'feature_fraction': 0.5191162499062184, 'bagging_fraction': 0.7559904979106485, 'reg_alpha': 0.01937335816021572, 'reg_lambda': 1.8050588166095304e-08}. Best is trial 181 with value: -0.9360705907673996.
[I 2025-08-03 07:47:25,212] Trial 269 finished with value: -0.9347070624070359 and parameters: {'learning_rate': 0.02901444563197935, 'num_leaves': 43, 'max_depth': 15, 'min_child_samples': 11, 'feature_fraction': 0.5001747661530888, 'bagging_fraction': 0.5386828846772131, 'reg_alpha': 0.004808112293715585, 'reg_lambda': 1.4563535406669286e-08}. Best is trial 181 with value: -0.9360705907673996.
[I 2025-08-03 07:47:53,082] Trial 270 finished with value: -0.9339318058813556 and parameters: {'learning_rate': 0.025895193694001572, 'num_leaves': 56, 'max_depth': 13, 'min_child_samples': 15, 'feature_fraction': 0.5562404228717447, 'bagging_fraction': 0.9043104419472348, 'reg_alpha': 0.053044095399353, 'reg_lambda': 2.6266819168790437e-08}. Best is trial 181 with value: -0.9360705907673996.
[I 2025-08-03 07:48:12,507] Trial 271 finished with value: -0.93445123239759 and parameters: {'learning_rate': 0.043172422665619985, 'num_leaves': 36, 'max_depth': 14, 'min_child_samples': 10, 'feature_fraction': 0.5396516009174713, 'bagging_fraction': 0.7345646135236118, 'reg_alpha': 0.020309769466464112, 'reg_lambda': 4.1455205387328896e-08}. Best is trial 181 with value: -0.9360705907673996.
[I 2025-08-03 07:49:05,011] Trial 272 finished with value: -0.9314107717096529 and parameters: {'learning_rate': 0.03805868209611795, 'num_leaves': 206, 'max_depth': 15, 'min_child_samples': 12, 'feature_fraction': 0.5297958457918016, 'bagging_fraction': 0.7064376530539811, 'reg_alpha': 0.07629198001442931, 'reg_lambda': 1.0158671592279256e-08}. Best is trial 181 with value: -0.9360705907673996.
