[I 2025-08-02 12:10:00,171] Trial 19 finished with value: 0.9143421936689372 and parameters: {'n_d': 43, 'n_a': 40, 'n_steps': 4, 'gamma': 1.5568975659810325, 'lambda_sparse': 0.002454812422828497, 'lr': 0.00233764726277146, 'weight_decay': 4.746469764141165e-05}. Best is trial 10 with value: 0.9281318050788326.
/work/dlclarge2/alidemaa-dl_lab/automl/automl-exam-ss25-tabular-freiburg-template/automl-tabular-env/lib/python3.10/site-packages/pytorch_tabnet/callbacks.py:172: UserWarning: Best weights from best epoch are automatically used!
  warnings.warn(wrn_msg)
[I 2025-08-02 12:11:58,101] A new study created in memory with name: no-name-7b5ae6b8-f660-43dd-9ca4-5aa328aab81f
/work/dlclarge2/alidemaa-dl_lab/automl/automl-exam-ss25-tabular-freiburg-template/automl-tabular-env/lib/python3.10/site-packages/pytorch_tabnet/callbacks.py:172: UserWarning: Best weights from best epoch are automatically used!
  warnings.warn(wrn_msg)
[I 2025-08-02 12:13:41,113] Trial 0 finished with value: 0.9161314358507919 and parameters: {'n_d': 64, 'n_a': 27, 'n_steps': 7, 'gamma': 1.3868251072231224, 'lambda_sparse': 0.0015901010499982402, 'lr': 0.04231405663180669, 'weight_decay': 8.938318212155011e-05}. Best is trial 0 with value: 0.9161314358507919.
/work/dlclarge2/alidemaa-dl_lab/automl/automl-exam-ss25-tabular-freiburg-template/automl-tabular-env/lib/python3.10/site-packages/pytorch_tabnet/callbacks.py:172: UserWarning: Best weights from best epoch are automatically used!
  warnings.warn(wrn_msg)
[I 2025-08-02 12:14:56,219] Trial 1 finished with value: 0.9190015002389531 and parameters: {'n_d': 52, 'n_a': 63, 'n_steps': 4, 'gamma': 1.0069441700548034, 'lambda_sparse': 5.307719224578655e-05, 'lr': 0.004062478984849044, 'weight_decay': 3.902526396365931e-05}. Best is trial 1 with value: 0.9190015002389531.
/work/dlclarge2/alidemaa-dl_lab/automl/automl-exam-ss25-tabular-freiburg-template/automl-tabular-env/lib/python3.10/site-packages/pytorch_tabnet/callbacks.py:172: UserWarning: Best weights from best epoch are automatically used!
  warnings.warn(wrn_msg)
[I 2025-08-02 12:16:54,317] Trial 2 finished with value: 0.8802134766889259 and parameters: {'n_d': 60, 'n_a': 58, 'n_steps': 10, 'gamma': 1.0956650812685733, 'lambda_sparse': 0.006586925694973885, 'lr': 0.000797317707882286, 'weight_decay': 1.3777215904307506e-05}. Best is trial 1 with value: 0.9190015002389531.
/work/dlclarge2/alidemaa-dl_lab/automl/automl-exam-ss25-tabular-freiburg-template/automl-tabular-env/lib/python3.10/site-packages/pytorch_tabnet/callbacks.py:172: UserWarning: Best weights from best epoch are automatically used!
  warnings.warn(wrn_msg)
[I 2025-08-02 12:18:46,536] Trial 3 finished with value: 0.7621065771126427 and parameters: {'n_d': 44, 'n_a': 58, 'n_steps': 8, 'gamma': 1.626716204588194, 'lambda_sparse': 2.9425131550604615e-05, 'lr': 0.00045888826113169446, 'weight_decay': 7.619942899996892e-06}. Best is trial 1 with value: 0.9190015002389531.
/work/dlclarge2/alidemaa-dl_lab/automl/automl-exam-ss25-tabular-freiburg-template/automl-tabular-env/lib/python3.10/site-packages/pytorch_tabnet/callbacks.py:172: UserWarning: Best weights from best epoch are automatically used!
  warnings.warn(wrn_msg)
[I 2025-08-02 12:20:41,730] Trial 4 finished with value: 0.9212969806035667 and parameters: {'n_d': 11, 'n_a': 64, 'n_steps': 8, 'gamma': 1.0559203345014052, 'lambda_sparse': 2.3961103453618993e-05, 'lr': 0.04177882381017636, 'weight_decay': 5.3587735424100395e-05}. Best is trial 4 with value: 0.9212969806035667.
/work/dlclarge2/alidemaa-dl_lab/automl/automl-exam-ss25-tabular-freiburg-template/automl-tabular-env/lib/python3.10/site-packages/pytorch_tabnet/callbacks.py:172: UserWarning: Best weights from best epoch are automatically used!
  warnings.warn(wrn_msg)
[I 2025-08-02 12:22:01,903] Trial 5 finished with value: 0.888018103018976 and parameters: {'n_d': 11, 'n_a': 63, 'n_steps': 5, 'gamma': 1.2368014452065113, 'lambda_sparse': 1.3215603779055517e-05, 'lr': 0.0006482858055939065, 'weight_decay': 2.114378484914818e-05}. Best is trial 4 with value: 0.9212969806035667.
/work/dlclarge2/alidemaa-dl_lab/automl/automl-exam-ss25-tabular-freiburg-template/automl-tabular-env/lib/python3.10/site-packages/pytorch_tabnet/callbacks.py:172: UserWarning: Best weights from best epoch are automatically used!
  warnings.warn(wrn_msg)
[I 2025-08-02 12:22:48,917] Trial 6 finished with value: 0.5460725114368774 and parameters: {'n_d': 62, 'n_a': 56, 'n_steps': 8, 'gamma': 1.801146839011094, 'lambda_sparse': 3.768841610433343e-05, 'lr': 0.028956705996558568, 'weight_decay': 6.69661153430329e-05}. Best is trial 4 with value: 0.9212969806035667.
/work/dlclarge2/alidemaa-dl_lab/automl/automl-exam-ss25-tabular-freiburg-template/automl-tabular-env/lib/python3.10/site-packages/pytorch_tabnet/callbacks.py:172: UserWarning: Best weights from best epoch are automatically used!
  warnings.warn(wrn_msg)
[I 2025-08-02 12:23:30,128] Trial 7 finished with value: 0.6214862169649147 and parameters: {'n_d': 45, 'n_a': 9, 'n_steps': 8, 'gamma': 1.2860772635270625, 'lambda_sparse': 0.005375375807134938, 'lr': 0.07423829935860211, 'weight_decay': 0.0005604815843783275}. Best is trial 4 with value: 0.9212969806035667.
/work/dlclarge2/alidemaa-dl_lab/automl/automl-exam-ss25-tabular-freiburg-template/automl-tabular-env/lib/python3.10/site-packages/pytorch_tabnet/callbacks.py:172: UserWarning: Best weights from best epoch are automatically used!
  warnings.warn(wrn_msg)
[I 2025-08-02 12:25:03,441] Trial 8 finished with value: 0.5092729679917493 and parameters: {'n_d': 29, 'n_a': 21, 'n_steps': 7, 'gamma': 1.3451851090276352, 'lambda_sparse': 2.3050799660412494e-05, 'lr': 0.0001690103726494545, 'weight_decay': 1.5903665424458573e-05}. Best is trial 4 with value: 0.9212969806035667.
/work/dlclarge2/alidemaa-dl_lab/automl/automl-exam-ss25-tabular-freiburg-template/automl-tabular-env/lib/python3.10/site-packages/pytorch_tabnet/callbacks.py:172: UserWarning: Best weights from best epoch are automatically used!
  warnings.warn(wrn_msg)
[I 2025-08-02 12:26:33,570] Trial 9 finished with value: 0.9048955641342687 and parameters: {'n_d': 22, 'n_a': 54, 'n_steps': 6, 'gamma': 1.680417237345878, 'lambda_sparse': 0.0007021776275550834, 'lr': 0.003027490566611676, 'weight_decay': 0.00038108880611946347}. Best is trial 4 with value: 0.9212969806035667.
/work/dlclarge2/alidemaa-dl_lab/automl/automl-exam-ss25-tabular-freiburg-template/automl-tabular-env/lib/python3.10/site-packages/pytorch_tabnet/callbacks.py:172: UserWarning: Best weights from best epoch are automatically used!
  warnings.warn(wrn_msg)
[I 2025-08-02 12:28:49,235] Trial 10 finished with value: 0.8905388078900361 and parameters: {'n_d': 8, 'n_a': 44, 'n_steps': 10, 'gamma': 1.5227062744493474, 'lambda_sparse': 0.00015038973038954538, 'lr': 0.010327466970448614, 'weight_decay': 2.3050448804888e-06}. Best is trial 4 with value: 0.9212969806035667.
/work/dlclarge2/alidemaa-dl_lab/automl/automl-exam-ss25-tabular-freiburg-template/automl-tabular-env/lib/python3.10/site-packages/pytorch_tabnet/callbacks.py:172: UserWarning: Best weights from best epoch are automatically used!
  warnings.warn(wrn_msg)
[I 2025-08-02 12:29:58,872] Trial 11 finished with value: 0.9202804895404989 and parameters: {'n_d': 49, 'n_a': 42, 'n_steps': 3, 'gamma': 1.0060235273173241, 'lambda_sparse': 9.9826990429018e-05, 'lr': 0.00613986444865207, 'weight_decay': 0.00013559251049827164}. Best is trial 4 with value: 0.9212969806035667.
/work/dlclarge2/alidemaa-dl_lab/automl/automl-exam-ss25-tabular-freiburg-template/automl-tabular-env/lib/python3.10/site-packages/pytorch_tabnet/callbacks.py:172: UserWarning: Best weights from best epoch are automatically used!
  warnings.warn(wrn_msg)
[I 2025-08-02 12:31:08,513] Trial 12 finished with value: 0.9303368826611063 and parameters: {'n_d': 33, 'n_a': 44, 'n_steps': 3, 'gamma': 1.1334009664732887, 'lambda_sparse': 0.00015119918186529051, 'lr': 0.010862718477674768, 'weight_decay': 0.00016902276238760724}. Best is trial 12 with value: 0.9303368826611063.
/work/dlclarge2/alidemaa-dl_lab/automl/automl-exam-ss25-tabular-freiburg-template/automl-tabular-env/lib/python3.10/site-packages/pytorch_tabnet/callbacks.py:172: UserWarning: Best weights from best epoch are automatically used!
  warnings.warn(wrn_msg)
[I 2025-08-02 12:32:18,318] Trial 13 finished with value: 0.9297840006640544 and parameters: {'n_d': 19, 'n_a': 46, 'n_steps': 3, 'gamma': 1.1510477544525732, 'lambda_sparse': 0.00030227917935390496, 'lr': 0.016252755547353268, 'weight_decay': 0.00020345046531907774}. Best is trial 12 with value: 0.9303368826611063.
/work/dlclarge2/alidemaa-dl_lab/automl/automl-exam-ss25-tabular-freiburg-template/automl-tabular-env/lib/python3.10/site-packages/pytorch_tabnet/callbacks.py:172: UserWarning: Best weights from best epoch are automatically used!
  warnings.warn(wrn_msg)
[I 2025-08-02 12:32:46,971] Trial 14 finished with value: 0.048505534565858155 and parameters: {'n_d': 30, 'n_a': 45, 'n_steps': 3, 'gamma': 1.9641349182378867, 'lambda_sparse': 0.00035229132508845005, 'lr': 0.016510641805113524, 'weight_decay': 0.0002447045644245955}. Best is trial 12 with value: 0.9303368826611063.
/work/dlclarge2/alidemaa-dl_lab/automl/automl-exam-ss25-tabular-freiburg-template/automl-tabular-env/lib/python3.10/site-packages/pytorch_tabnet/callbacks.py:172: UserWarning: Best weights from best epoch are automatically used!
  warnings.warn(wrn_msg)
[I 2025-08-02 12:34:06,107] Trial 15 finished with value: 0.8951850259168832 and parameters: {'n_d': 21, 'n_a': 31, 'n_steps': 4, 'gamma': 1.1862606357682832, 'lambda_sparse': 0.00029884336154084996, 'lr': 0.0019473486026443947, 'weight_decay': 0.0009364437785963458}. Best is trial 12 with value: 0.9303368826611063.
/work/dlclarge2/alidemaa-dl_lab/automl/automl-exam-ss25-tabular-freiburg-template/automl-tabular-env/lib/python3.10/site-packages/pytorch_tabnet/callbacks.py:172: UserWarning: Best weights from best epoch are automatically used!
  warnings.warn(wrn_msg)
[I 2025-08-02 12:35:28,420] Trial 16 finished with value: 0.9283655926420132 and parameters: {'n_d': 35, 'n_a': 38, 'n_steps': 4, 'gamma': 1.4431223904741446, 'lambda_sparse': 0.0013662394647057702, 'lr': 0.010569611055733466, 'weight_decay': 0.0001858447362667135}. Best is trial 12 with value: 0.9303368826611063.
/work/dlclarge2/alidemaa-dl_lab/automl/automl-exam-ss25-tabular-freiburg-template/automl-tabular-env/lib/python3.10/site-packages/pytorch_tabnet/callbacks.py:172: UserWarning: Best weights from best epoch are automatically used!
  warnings.warn(wrn_msg)
[I 2025-08-02 12:36:49,903] Trial 17 finished with value: 0.9172746004784713 and parameters: {'n_d': 23, 'n_a': 50, 'n_steps': 5, 'gamma': 1.1674750369502112, 'lambda_sparse': 0.00010248846446188951, 'lr': 0.0020012530929495818, 'weight_decay': 0.0003892265893562014}. Best is trial 12 with value: 0.9303368826611063.
/work/dlclarge2/alidemaa-dl_lab/automl/automl-exam-ss25-tabular-freiburg-template/automl-tabular-env/lib/python3.10/site-packages/pytorch_tabnet/callbacks.py:172: UserWarning: Best weights from best epoch are automatically used!
  warnings.warn(wrn_msg)
[I 2025-08-02 12:37:39,684] Trial 18 finished with value: 0.9211036849366991 and parameters: {'n_d': 17, 'n_a': 35, 'n_steps': 3, 'gamma': 1.1452973987769275, 'lambda_sparse': 0.0002966690853925526, 'lr': 0.01995820736237855, 'weight_decay': 0.0001295584399377479}. Best is trial 12 with value: 0.9303368826611063.
/work/dlclarge2/alidemaa-dl_lab/automl/automl-exam-ss25-tabular-freiburg-template/automl-tabular-env/lib/python3.10/site-packages/pytorch_tabnet/callbacks.py:172: UserWarning: Best weights from best epoch are automatically used!
  warnings.warn(wrn_msg)
[I 2025-08-02 12:38:00,190] Trial 19 finished with value: 0.32270798029176717 and parameters: {'n_d': 37, 'n_a': 49, 'n_steps': 5, 'gamma': 1.5121319932689432, 'lambda_sparse': 0.0024659694032096954, 'lr': 0.08852067628665036, 'weight_decay': 1.0053867674691441e-06}. Best is trial 12 with value: 0.9303368826611063.
/work/dlclarge2/alidemaa-dl_lab/automl/automl-exam-ss25-tabular-freiburg-template/automl-tabular-env/lib/python3.10/site-packages/pytorch_tabnet/callbacks.py:172: UserWarning: Best weights from best epoch are automatically used!
  warnings.warn(wrn_msg)
[I 2025-08-02 12:38:58,077] A new study created in memory with name: no-name-a53f13c7-948b-47af-a556-8c17502e9cc9
/work/dlclarge2/alidemaa-dl_lab/automl/automl-exam-ss25-tabular-freiburg-template/automl-tabular-env/lib/python3.10/site-packages/pytorch_tabnet/callbacks.py:172: UserWarning: Best weights from best epoch are automatically used!
  warnings.warn(wrn_msg)
[I 2025-08-02 12:39:13,673] Trial 0 finished with value: 0.16522480074260315 and parameters: {'n_d': 55, 'n_a': 22, 'n_steps': 3, 'gamma': 1.7171809079437867, 'lambda_sparse': 0.0018937835168749795, 'lr': 0.00934223584716681, 'weight_decay': 4.7077520402343997e-05}. Best is trial 0 with value: 0.16522480074260315.
/work/dlclarge2/alidemaa-dl_lab/automl/automl-exam-ss25-tabular-freiburg-template/automl-tabular-env/lib/python3.10/site-packages/pytorch_tabnet/callbacks.py:172: UserWarning: Best weights from best epoch are automatically used!
  warnings.warn(wrn_msg)
[I 2025-08-02 12:40:55,582] Trial 1 finished with value: 0.8521474043087762 and parameters: {'n_d': 28, 'n_a': 21, 'n_steps': 9, 'gamma': 1.3181930792087877, 'lambda_sparse': 6.591216685816664e-05, 'lr': 0.004031379011404625, 'weight_decay': 0.00013260315822535005}. Best is trial 1 with value: 0.8521474043087762.
/work/dlclarge2/alidemaa-dl_lab/automl/automl-exam-ss25-tabular-freiburg-template/automl-tabular-env/lib/python3.10/site-packages/pytorch_tabnet/callbacks.py:172: UserWarning: Best weights from best epoch are automatically used!
  warnings.warn(wrn_msg)
[I 2025-08-02 12:42:31,482] Trial 2 finished with value: 0.8833846992804951 and parameters: {'n_d': 41, 'n_a': 18, 'n_steps': 8, 'gamma': 1.543777015677774, 'lambda_sparse': 0.004032933684950389, 'lr': 0.013236943155365133, 'weight_decay': 0.0001361078026536087}. Best is trial 2 with value: 0.8833846992804951.
/work/dlclarge2/alidemaa-dl_lab/automl/automl-exam-ss25-tabular-freiburg-template/automl-tabular-env/lib/python3.10/site-packages/pytorch_tabnet/callbacks.py:172: UserWarning: Best weights from best epoch are automatically used!
  warnings.warn(wrn_msg)
[I 2025-08-02 12:44:03,397] Trial 3 finished with value: 0.7976838903951343 and parameters: {'n_d': 36, 'n_a': 55, 'n_steps': 6, 'gamma': 1.1501158680817722, 'lambda_sparse': 1.8786363163143986e-05, 'lr': 0.00033502916248714736, 'weight_decay': 5.1559627142034526e-06}. Best is trial 2 with value: 0.8833846992804951.
/work/dlclarge2/alidemaa-dl_lab/automl/automl-exam-ss25-tabular-freiburg-template/automl-tabular-env/lib/python3.10/site-packages/pytorch_tabnet/callbacks.py:172: UserWarning: Best weights from best epoch are automatically used!
  warnings.warn(wrn_msg)
[I 2025-08-02 12:45:45,831] Trial 4 finished with value: 0.6647149275302903 and parameters: {'n_d': 13, 'n_a': 18, 'n_steps': 7, 'gamma': 1.3007000104497488, 'lambda_sparse': 1.2414550352697372e-05, 'lr': 0.00027202979540563157, 'weight_decay': 6.61339727608614e-06}. Best is trial 2 with value: 0.8833846992804951.
/work/dlclarge2/alidemaa-dl_lab/automl/automl-exam-ss25-tabular-freiburg-template/automl-tabular-env/lib/python3.10/site-packages/pytorch_tabnet/callbacks.py:172: UserWarning: Best weights from best epoch are automatically used!
  warnings.warn(wrn_msg)
[I 2025-08-02 12:46:18,014] Trial 5 finished with value: 0.2736310701173956 and parameters: {'n_d': 23, 'n_a': 47, 'n_steps': 4, 'gamma': 1.9470145134598478, 'lambda_sparse': 0.008533405388519304, 'lr': 0.012951562232423887, 'weight_decay': 2.981356267803465e-05}. Best is trial 2 with value: 0.8833846992804951.
/work/dlclarge2/alidemaa-dl_lab/automl/automl-exam-ss25-tabular-freiburg-template/automl-tabular-env/lib/python3.10/site-packages/pytorch_tabnet/callbacks.py:172: UserWarning: Best weights from best epoch are automatically used!
  warnings.warn(wrn_msg)
[I 2025-08-02 12:47:24,260] Trial 6 finished with value: 0.8525995938962859 and parameters: {'n_d': 34, 'n_a': 41, 'n_steps': 3, 'gamma': 1.498004534411121, 'lambda_sparse': 1.043656373003562e-05, 'lr': 0.00037079653260215027, 'weight_decay': 0.00029847144707367156}. Best is trial 2 with value: 0.8833846992804951.
/work/dlclarge2/alidemaa-dl_lab/automl/automl-exam-ss25-tabular-freiburg-template/automl-tabular-env/lib/python3.10/site-packages/pytorch_tabnet/callbacks.py:172: UserWarning: Best weights from best epoch are automatically used!
  warnings.warn(wrn_msg)
[I 2025-08-02 12:49:20,311] Trial 7 finished with value: 0.4250421371198656 and parameters: {'n_d': 49, 'n_a': 22, 'n_steps': 8, 'gamma': 1.9773592675680234, 'lambda_sparse': 0.002417430285643871, 'lr': 0.0001781203319401934, 'weight_decay': 1.319315445781072e-06}. Best is trial 2 with value: 0.8833846992804951.
/work/dlclarge2/alidemaa-dl_lab/automl/automl-exam-ss25-tabular-freiburg-template/automl-tabular-env/lib/python3.10/site-packages/pytorch_tabnet/callbacks.py:172: UserWarning: Best weights from best epoch are automatically used!
  warnings.warn(wrn_msg)
[I 2025-08-02 12:51:03,692] Trial 8 finished with value: 0.8057081289613566 and parameters: {'n_d': 8, 'n_a': 62, 'n_steps': 7, 'gamma': 1.8935489025527625, 'lambda_sparse': 0.000713668268341896, 'lr': 0.001913169222902624, 'weight_decay': 7.672912707175162e-06}. Best is trial 2 with value: 0.8833846992804951.
/work/dlclarge2/alidemaa-dl_lab/automl/automl-exam-ss25-tabular-freiburg-template/automl-tabular-env/lib/python3.10/site-packages/pytorch_tabnet/callbacks.py:172: UserWarning: Best weights from best epoch are automatically used!
  warnings.warn(wrn_msg)
[I 2025-08-02 12:52:36,124] Trial 9 finished with value: 0.778721226180304 and parameters: {'n_d': 32, 'n_a': 24, 'n_steps': 6, 'gamma': 1.1543172208556338, 'lambda_sparse': 0.0005435089560305311, 'lr': 0.0003496459952847438, 'weight_decay': 2.3064126197828653e-06}. Best is trial 2 with value: 0.8833846992804951.
/work/dlclarge2/alidemaa-dl_lab/automl/automl-exam-ss25-tabular-freiburg-template/automl-tabular-env/lib/python3.10/site-packages/pytorch_tabnet/callbacks.py:172: UserWarning: Best weights from best epoch are automatically used!
  warnings.warn(wrn_msg)
[I 2025-08-02 12:53:23,889] Trial 10 finished with value: 0.5103708197601925 and parameters: {'n_d': 46, 'n_a': 9, 'n_steps': 10, 'gamma': 1.6195901692818941, 'lambda_sparse': 0.00013872896986083158, 'lr': 0.09615829676218997, 'weight_decay': 0.0009718193803116077}. Best is trial 2 with value: 0.8833846992804951.
/work/dlclarge2/alidemaa-dl_lab/automl/automl-exam-ss25-tabular-freiburg-template/automl-tabular-env/lib/python3.10/site-packages/pytorch_tabnet/callbacks.py:172: UserWarning: Best weights from best epoch are automatically used!
  warnings.warn(wrn_msg)
[I 2025-08-02 12:54:46,043] Trial 11 finished with value: 0.8903289568676466 and parameters: {'n_d': 63, 'n_a': 37, 'n_steps': 5, 'gamma': 1.508813904532052, 'lambda_sparse': 0.007124084880101631, 'lr': 0.04941010441586865, 'weight_decay': 0.00045381516706972903}. Best is trial 11 with value: 0.8903289568676466.
/work/dlclarge2/alidemaa-dl_lab/automl/automl-exam-ss25-tabular-freiburg-template/automl-tabular-env/lib/python3.10/site-packages/pytorch_tabnet/callbacks.py:172: UserWarning: Best weights from best epoch are automatically used!
  warnings.warn(wrn_msg)
[I 2025-08-02 12:55:26,170] Trial 12 finished with value: 0.6399381625693559 and parameters: {'n_d': 64, 'n_a': 36, 'n_steps': 5, 'gamma': 1.4828638659369393, 'lambda_sparse': 0.00844097335201651, 'lr': 0.06166482019808524, 'weight_decay': 0.0005143051646331358}. Best is trial 11 with value: 0.8903289568676466.
/work/dlclarge2/alidemaa-dl_lab/automl/automl-exam-ss25-tabular-freiburg-template/automl-tabular-env/lib/python3.10/site-packages/pytorch_tabnet/callbacks.py:172: UserWarning: Best weights from best epoch are automatically used!
  warnings.warn(wrn_msg)
[I 2025-08-02 12:57:18,966] Trial 13 finished with value: 0.8798557669683443 and parameters: {'n_d': 64, 'n_a': 33, 'n_steps': 8, 'gamma': 1.6969026473453697, 'lambda_sparse': 0.00291270737464022, 'lr': 0.029460157622648676, 'weight_decay': 0.00012139012178863997}. Best is trial 11 with value: 0.8903289568676466.
/work/dlclarge2/alidemaa-dl_lab/automl/automl-exam-ss25-tabular-freiburg-template/automl-tabular-env/lib/python3.10/site-packages/pytorch_tabnet/callbacks.py:172: UserWarning: Best weights from best epoch are automatically used!
  warnings.warn(wrn_msg)
[I 2025-08-02 12:58:37,984] Trial 14 finished with value: 0.9048206117813853 and parameters: {'n_d': 44, 'n_a': 8, 'n_steps': 5, 'gamma': 1.3286444152164534, 'lambda_sparse': 0.0011501532670021315, 'lr': 0.027153275592138, 'weight_decay': 0.00019034469565003465}. Best is trial 14 with value: 0.9048206117813853.
/work/dlclarge2/alidemaa-dl_lab/automl/automl-exam-ss25-tabular-freiburg-template/automl-tabular-env/lib/python3.10/site-packages/pytorch_tabnet/callbacks.py:172: UserWarning: Best weights from best epoch are automatically used!
  warnings.warn(wrn_msg)
[I 2025-08-02 12:59:49,421] Trial 15 finished with value: 0.8861733830208963 and parameters: {'n_d': 53, 'n_a': 9, 'n_steps': 5, 'gamma': 1.344711321786165, 'lambda_sparse': 0.0009752862268334442, 'lr': 0.037165477369838704, 'weight_decay': 3.957842658704353e-05}. Best is trial 14 with value: 0.9048206117813853.
/work/dlclarge2/alidemaa-dl_lab/automl/automl-exam-ss25-tabular-freiburg-template/automl-tabular-env/lib/python3.10/site-packages/pytorch_tabnet/callbacks.py:172: UserWarning: Best weights from best epoch are automatically used!
  warnings.warn(wrn_msg)
