[I 2025-08-02 08:31:24,961] Trial 383 finished with value: -0.9335435930964145 and parameters: {'learning_rate': 0.053137441237707465, 'num_leaves': 37, 'max_depth': 15, 'min_child_samples': 15, 'feature_fraction': 0.5084731433238544, 'bagging_fraction': 0.6968428306130386, 'reg_alpha': 1.5009275613794564, 'reg_lambda': 1.9402502096011894e-08}. Best is trial 181 with value: -0.9360705907673996.
[I 2025-08-02 08:31:32,612] Trial 384 finished with value: -0.9352152097763147 and parameters: {'learning_rate': 0.033909493172438576, 'num_leaves': 24, 'max_depth': 10, 'min_child_samples': 10, 'feature_fraction': 0.5603803506788494, 'bagging_fraction': 0.9758251366204945, 'reg_alpha': 0.05602091009317069, 'reg_lambda': 0.08884137654398278}. Best is trial 181 with value: -0.9360705907673996.
[I 2025-08-02 08:31:46,142] Trial 385 finished with value: -0.9349643236325254 and parameters: {'learning_rate': 0.028098139440680556, 'num_leaves': 54, 'max_depth': 14, 'min_child_samples': 12, 'feature_fraction': 0.5356700747254081, 'bagging_fraction': 0.8090309950018484, 'reg_alpha': 3.9772618123921553, 'reg_lambda': 7.762774458256978e-06}. Best is trial 181 with value: -0.9360705907673996.
[I 2025-08-02 08:31:52,834] Trial 386 finished with value: -0.9320007473012772 and parameters: {'learning_rate': 0.03506457336910498, 'num_leaves': 18, 'max_depth': 15, 'min_child_samples': 13, 'feature_fraction': 0.5716785727189736, 'bagging_fraction': 0.760492186418765, 'reg_alpha': 0.17895823354863385, 'reg_lambda': 1.3847966337409197e-08}. Best is trial 181 with value: -0.9360705907673996.
[I 2025-08-02 08:31:56,766] Trial 387 finished with value: -0.9275723302517128 and parameters: {'learning_rate': 0.03201201387714779, 'num_leaves': 8, 'max_depth': 15, 'min_child_samples': 10, 'feature_fraction': 0.5236125542441061, 'bagging_fraction': 0.7165477267729521, 'reg_alpha': 9.449641151391292, 'reg_lambda': 7.620395218433616e-08}. Best is trial 181 with value: -0.9360705907673996.
[I 2025-08-02 08:32:21,353] Trial 388 finished with value: -0.932738336152896 and parameters: {'learning_rate': 0.030240298873487836, 'num_leaves': 142, 'max_depth': 14, 'min_child_samples': 12, 'feature_fraction': 0.5490409493718486, 'bagging_fraction': 0.7437401464757675, 'reg_alpha': 0.0845605240792392, 'reg_lambda': 2.7382568654543144e-08}. Best is trial 181 with value: -0.9360705907673996.
[I 2025-08-02 08:32:32,518] Trial 389 finished with value: -0.9336740299631824 and parameters: {'learning_rate': 0.0377595886121572, 'num_leaves': 43, 'max_depth': 15, 'min_child_samples': 15, 'feature_fraction': 0.5322442139960477, 'bagging_fraction': 0.7015850622101766, 'reg_alpha': 0.027086263732571086, 'reg_lambda': 1.4597678954976915e-08}. Best is trial 181 with value: -0.9360705907673996.
[I 2025-08-02 08:32:41,716] Trial 390 finished with value: -0.9354795420878248 and parameters: {'learning_rate': 0.040945664230660046, 'num_leaves': 33, 'max_depth': 15, 'min_child_samples': 10, 'feature_fraction': 0.5085674822527382, 'bagging_fraction': 0.7251385159085906, 'reg_alpha': 5.824979038332017e-07, 'reg_lambda': 5.05447973235246e-08}. Best is trial 181 with value: -0.9360705907673996.
[I 2025-08-02 08:32:50,913] Trial 391 finished with value: -0.9342303780611734 and parameters: {'learning_rate': 0.04228296284996741, 'num_leaves': 34, 'max_depth': 15, 'min_child_samples': 12, 'feature_fraction': 0.5004220234325342, 'bagging_fraction': 0.7334333581109943, 'reg_alpha': 4.0686113128199236e-07, 'reg_lambda': 5.483096247320008e-08}. Best is trial 181 with value: -0.9360705907673996.
[I 2025-08-02 08:33:01,020] Trial 392 finished with value: -0.9337326584783392 and parameters: {'learning_rate': 0.04434657621185627, 'num_leaves': 39, 'max_depth': 15, 'min_child_samples': 10, 'feature_fraction': 0.5108891136957157, 'bagging_fraction': 0.7258626968990544, 'reg_alpha': 0.3074372481706778, 'reg_lambda': 1.1625513617922322e-07}. Best is trial 181 with value: -0.9360705907673996.
[I 2025-08-02 08:33:12,152] Trial 393 finished with value: -0.9334541099977767 and parameters: {'learning_rate': 0.04084977604271473, 'num_leaves': 46, 'max_depth': 14, 'min_child_samples': 14, 'feature_fraction': 0.5086775731526946, 'bagging_fraction': 0.7166048879394165, 'reg_alpha': 3.7024684410386465e-08, 'reg_lambda': 1.0071211719367209e-08}. Best is trial 181 with value: -0.9360705907673996.
[I 2025-08-02 08:33:21,154] Trial 394 finished with value: -0.9332990876249335 and parameters: {'learning_rate': 0.039992457573702955, 'num_leaves': 32, 'max_depth': 11, 'min_child_samples': 35, 'feature_fraction': 0.5139639909489498, 'bagging_fraction': 0.7468416659756483, 'reg_alpha': 0.034915390148331685, 'reg_lambda': 4.0610592573456685e-08}. Best is trial 181 with value: -0.9360705907673996.
[I 2025-08-02 08:33:31,076] Trial 395 finished with value: -0.9342736152402991 and parameters: {'learning_rate': 0.03764478472912983, 'num_leaves': 37, 'max_depth': 15, 'min_child_samples': 12, 'feature_fraction': 0.5213305419775276, 'bagging_fraction': 0.7249504033950317, 'reg_alpha': 7.138900518566318e-07, 'reg_lambda': 1.898278335930951e-08}. Best is trial 181 with value: -0.9360705907673996.
[I 2025-08-02 08:33:39,596] Trial 396 finished with value: -0.9346974419239403 and parameters: {'learning_rate': 0.03587143101662313, 'num_leaves': 29, 'max_depth': 15, 'min_child_samples': 10, 'feature_fraction': 0.519159112675442, 'bagging_fraction': 0.8814199839239952, 'reg_alpha': 0.12285953105482425, 'reg_lambda': 7.82548059759266e-08}. Best is trial 181 with value: -0.9360705907673996.
[I 2025-08-02 08:33:49,902] Trial 397 finished with value: -0.933714853316669 and parameters: {'learning_rate': 0.03928804366736452, 'num_leaves': 41, 'max_depth': 14, 'min_child_samples': 14, 'feature_fraction': 0.5015865205954569, 'bagging_fraction': 0.7137709595934815, 'reg_alpha': 0.7963662454640967, 'reg_lambda': 1.4797008175405468e-08}. Best is trial 181 with value: -0.9360705907673996.
[I 2025-08-02 08:34:00,428] Trial 398 finished with value: -0.9341858349293195 and parameters: {'learning_rate': 0.03603183454712878, 'num_leaves': 49, 'max_depth': 7, 'min_child_samples': 12, 'feature_fraction': 0.5267356879253496, 'bagging_fraction': 0.7350588211954666, 'reg_alpha': 7.822720071716406e-05, 'reg_lambda': 3.5544702937978586e-08}. Best is trial 181 with value: -0.9360705907673996.
[I 2025-08-02 08:34:11,221] Trial 399 finished with value: -0.932432858060775 and parameters: {'learning_rate': 0.02577653882916634, 'num_leaves': 33, 'max_depth': 15, 'min_child_samples': 18, 'feature_fraction': 0.8019115263740495, 'bagging_fraction': 0.9557800331801241, 'reg_alpha': 9.234550387977957e-06, 'reg_lambda': 1.0193202608591858e-08}. Best is trial 181 with value: -0.9360705907673996.
[I 2025-08-02 08:34:21,344] Trial 400 finished with value: -0.9347921155151169 and parameters: {'learning_rate': 0.03289102269716738, 'num_leaves': 38, 'max_depth': 15, 'min_child_samples': 10, 'feature_fraction': 0.5358629404138064, 'bagging_fraction': 0.9144582436692772, 'reg_alpha': 2.3126452225371234e-05, 'reg_lambda': 2.2499197176876125e-08}. Best is trial 181 with value: -0.9360705907673996.
[I 2025-08-02 08:34:36,301] Trial 401 finished with value: -0.9344310605897604 and parameters: {'learning_rate': 0.0292439843953037, 'num_leaves': 62, 'max_depth': 15, 'min_child_samples': 13, 'feature_fraction': 0.512872665296452, 'bagging_fraction': 0.7568542110293548, 'reg_alpha': 1.532472198378147e-06, 'reg_lambda': 4.8726120873484834e-08}. Best is trial 181 with value: -0.9360705907673996.
[I 2025-08-02 08:34:44,755] Trial 402 finished with value: -0.9352767855719165 and parameters: {'learning_rate': 0.04127005744805488, 'num_leaves': 29, 'max_depth': 14, 'min_child_samples': 10, 'feature_fraction': 0.5419005803564547, 'bagging_fraction': 0.7249924212491513, 'reg_alpha': 2.418644772558974e-07, 'reg_lambda': 1.0991493757635753}. Best is trial 181 with value: -0.9360705907673996.
[I 2025-08-02 08:34:55,831] Trial 403 finished with value: -0.9337516969640326 and parameters: {'learning_rate': 0.031427855603742186, 'num_leaves': 43, 'max_depth': 15, 'min_child_samples': 16, 'feature_fraction': 0.5267577816410774, 'bagging_fraction': 0.6566938601732184, 'reg_alpha': 0.00027284529521490354, 'reg_lambda': 8.021855826302895e-05}. Best is trial 181 with value: -0.9360705907673996.
[I 2025-08-02 08:35:05,265] Trial 404 finished with value: -0.9349148604628527 and parameters: {'learning_rate': 0.03467225432012673, 'num_leaves': 35, 'max_depth': 15, 'min_child_samples': 12, 'feature_fraction': 0.5181940483807876, 'bagging_fraction': 0.7093772765145138, 'reg_alpha': 0.05962082918016947, 'reg_lambda': 1.886013010323613e-08}. Best is trial 181 with value: -0.9360705907673996.
[I 2025-08-02 08:35:13,199] Trial 405 finished with value: -0.9345165631372576 and parameters: {'learning_rate': 0.037324570900444824, 'num_leaves': 26, 'max_depth': 14, 'min_child_samples': 11, 'feature_fraction': 0.5331308533328746, 'bagging_fraction': 0.9690675481141908, 'reg_alpha': 6.685481596251013e-08, 'reg_lambda': 1.404376273877979e-08}. Best is trial 181 with value: -0.9360705907673996.
[I 2025-08-02 08:35:17,013] Trial 406 finished with value: -0.9178224527233182 and parameters: {'learning_rate': 0.02755485069096977, 'num_leaves': 46, 'max_depth': 3, 'min_child_samples': 14, 'feature_fraction': 0.7629056587931022, 'bagging_fraction': 0.8338456029775586, 'reg_alpha': 0.39172945190962627, 'reg_lambda': 2.577287725633135e-08}. Best is trial 181 with value: -0.9360705907673996.
[I 2025-08-02 08:35:26,080] Trial 407 finished with value: -0.9356151771857526 and parameters: {'learning_rate': 0.03324692329721099, 'num_leaves': 32, 'max_depth': 13, 'min_child_samples': 10, 'feature_fraction': 0.5440175694816254, 'bagging_fraction': 0.6877522469802343, 'reg_alpha': 0.1618494954933504, 'reg_lambda': 1.015243156284634e-08}. Best is trial 181 with value: -0.9360705907673996.
[I 2025-08-02 08:35:36,376] Trial 408 finished with value: -0.9309877672653648 and parameters: {'learning_rate': 0.0334892659878912, 'num_leaves': 39, 'max_depth': 13, 'min_child_samples': 60, 'feature_fraction': 0.5407897254629283, 'bagging_fraction': 0.6862528284640187, 'reg_alpha': 0.0391127816554276, 'reg_lambda': 1.4091417241870755e-08}. Best is trial 181 with value: -0.9360705907673996.
[I 2025-08-02 08:35:45,299] Trial 409 finished with value: -0.9357356189271216 and parameters: {'learning_rate': 0.031137725994128975, 'num_leaves': 31, 'max_depth': 13, 'min_child_samples': 10, 'feature_fraction': 0.5085887220556273, 'bagging_fraction': 0.6797495058478815, 'reg_alpha': 0.22552319534600102, 'reg_lambda': 1.0286597957303298e-08}. Best is trial 181 with value: -0.9360705907673996.
[I 2025-08-02 08:35:54,102] Trial 410 finished with value: -0.9343432586287482 and parameters: {'learning_rate': 0.032557904007602334, 'num_leaves': 31, 'max_depth': 13, 'min_child_samples': 12, 'feature_fraction': 0.5021527686452083, 'bagging_fraction': 0.6822187996854132, 'reg_alpha': 0.20570162110018655, 'reg_lambda': 1.0172379973016907e-08}. Best is trial 181 with value: -0.9360705907673996.
[I 2025-08-02 08:36:03,165] Trial 411 finished with value: -0.9359881568747102 and parameters: {'learning_rate': 0.034663980822129604, 'num_leaves': 32, 'max_depth': 12, 'min_child_samples': 10, 'feature_fraction': 0.5163573720597748, 'bagging_fraction': 0.6714471862630282, 'reg_alpha': 3.6114491302739364e-05, 'reg_lambda': 1.0424826604690184e-08}. Best is trial 181 with value: -0.9360705907673996.
[I 2025-08-02 08:36:10,932] Trial 412 finished with value: -0.9346673870807914 and parameters: {'learning_rate': 0.03617972321136133, 'num_leaves': 27, 'max_depth': 12, 'min_child_samples': 12, 'feature_fraction': 0.5074933378046588, 'bagging_fraction': 0.6678128838092862, 'reg_alpha': 0.28595929083166755, 'reg_lambda': 1.3897584069376691e-08}. Best is trial 181 with value: -0.9360705907673996.
[I 2025-08-02 08:36:19,892] Trial 413 finished with value: -0.9343267207117303 and parameters: {'learning_rate': 0.0344380115262465, 'num_leaves': 32, 'max_depth': 12, 'min_child_samples': 14, 'feature_fraction': 0.5004299251093093, 'bagging_fraction': 0.6766681985907873, 'reg_alpha': 0.11968522359733924, 'reg_lambda': 1.0236704132258108e-08}. Best is trial 181 with value: -0.9360705907673996.
[I 2025-08-02 08:36:27,453] Trial 414 finished with value: -0.9338921038902428 and parameters: {'learning_rate': 0.03157296054625528, 'num_leaves': 24, 'max_depth': 14, 'min_child_samples': 10, 'feature_fraction': 0.5119385119407711, 'bagging_fraction': 0.6656840636592387, 'reg_alpha': 0.17028652449075501, 'reg_lambda': 1.4007873861953689e-08}. Best is trial 181 with value: -0.9360705907673996.
[I 2025-08-02 08:36:36,616] Trial 415 finished with value: -0.9336949553615652 and parameters: {'learning_rate': 0.03804337157463374, 'num_leaves': 34, 'max_depth': 9, 'min_child_samples': 16, 'feature_fraction': 0.5180192175535603, 'bagging_fraction': 0.6511281761827876, 'reg_alpha': 0.25735065040291155, 'reg_lambda': 1.0300967021108043e-08}. Best is trial 181 with value: -0.9360705907673996.
[I 2025-08-02 08:36:44,832] Trial 416 finished with value: -0.9349393202051278 and parameters: {'learning_rate': 0.034475217549555764, 'num_leaves': 27, 'max_depth': 13, 'min_child_samples': 10, 'feature_fraction': 0.5094926091296559, 'bagging_fraction': 0.6744840796093642, 'reg_alpha': 1.0102837599145918e-07, 'reg_lambda': 1.8256590776025157e-08}. Best is trial 181 with value: -0.9360705907673996.
[I 2025-08-02 08:36:54,380] Trial 417 finished with value: -0.9340566281652862 and parameters: {'learning_rate': 0.031726730604797374, 'num_leaves': 34, 'max_depth': 12, 'min_child_samples': 13, 'feature_fraction': 0.5173621476784801, 'bagging_fraction': 0.6868290153995515, 'reg_alpha': 1.0617605941502673e-08, 'reg_lambda': 1.488531092025043e-08}. Best is trial 181 with value: -0.9360705907673996.
[I 2025-08-02 08:37:03,289] Trial 418 finished with value: -0.934650085971671 and parameters: {'learning_rate': 0.035542668596837634, 'num_leaves': 31, 'max_depth': 13, 'min_child_samples': 12, 'feature_fraction': 0.5226905124527708, 'bagging_fraction': 0.6929139236581044, 'reg_alpha': 4.193538148533371e-06, 'reg_lambda': 1.8437690923941444e-08}. Best is trial 181 with value: -0.9360705907673996.
[I 2025-08-02 08:37:26,421] Trial 419 finished with value: -0.9326523405941481 and parameters: {'learning_rate': 0.03357806156983707, 'num_leaves': 191, 'max_depth': 11, 'min_child_samples': 10, 'feature_fraction': 0.5243118447635041, 'bagging_fraction': 0.6714352840650153, 'reg_alpha': 1.305885403015484e-05, 'reg_lambda': 1.397504497578156e-08}. Best is trial 181 with value: -0.9360705907673996.
[I 2025-08-02 08:37:36,353] Trial 420 finished with value: -0.9343875125801806 and parameters: {'learning_rate': 0.03063601815710611, 'num_leaves': 36, 'max_depth': 13, 'min_child_samples': 12, 'feature_fraction': 0.5141628500779108, 'bagging_fraction': 0.6904260112689624, 'reg_alpha': 4.217163813517944e-05, 'reg_lambda': 1.068009717920522e-08}. Best is trial 181 with value: -0.9360705907673996.
[I 2025-08-02 08:37:43,393] Trial 421 finished with value: -0.9333400178149008 and parameters: {'learning_rate': 0.03886787516173366, 'num_leaves': 22, 'max_depth': 13, 'min_child_samples': 14, 'feature_fraction': 0.5087557478484109, 'bagging_fraction': 0.663094098964855, 'reg_alpha': 2.035378586929329e-08, 'reg_lambda': 1.9368241936575645e-08}. Best is trial 181 with value: -0.9360705907673996.
[I 2025-08-02 08:37:51,817] Trial 422 finished with value: -0.9353486238498383 and parameters: {'learning_rate': 0.0363366966460137, 'num_leaves': 28, 'max_depth': 11, 'min_child_samples': 10, 'feature_fraction': 0.527633150794136, 'bagging_fraction': 0.6818953334369428, 'reg_alpha': 0.0021328341884683014, 'reg_lambda': 1.0010637895057634e-08}. Best is trial 181 with value: -0.9360705907673996.
[I 2025-08-02 08:38:01,949] Trial 423 finished with value: -0.934061146260651 and parameters: {'learning_rate': 0.03302125838375444, 'num_leaves': 38, 'max_depth': 12, 'min_child_samples': 12, 'feature_fraction': 0.5324546645067196, 'bagging_fraction': 0.7018741416196154, 'reg_alpha': 0.000122184122824179, 'reg_lambda': 2.3424518994300486e-08}. Best is trial 181 with value: -0.9360705907673996.
[I 2025-08-02 08:38:10,793] Trial 424 finished with value: -0.9339155562391134 and parameters: {'learning_rate': 0.031391884801584946, 'num_leaves': 31, 'max_depth': 10, 'min_child_samples': 16, 'feature_fraction': 0.5207704218112665, 'bagging_fraction': 0.6973486980070248, 'reg_alpha': 0.09031714923495725, 'reg_lambda': 1.4292119208079609e-08}. Best is trial 181 with value: -0.9360705907673996.
[I 2025-08-02 08:38:18,156] Trial 425 finished with value: -0.9346846529263819 and parameters: {'learning_rate': 0.03511288816475047, 'num_leaves': 23, 'max_depth': 13, 'min_child_samples': 10, 'feature_fraction': 0.5001799374318863, 'bagging_fraction': 0.6766722853361149, 'reg_alpha': 5.9503357995878945, 'reg_lambda': 2.0328296133697987e-08}. Best is trial 181 with value: -0.9360705907673996.
[I 2025-08-02 08:38:28,505] Trial 426 finished with value: -0.9346081657203164 and parameters: {'learning_rate': 0.02977551567072845, 'num_leaves': 39, 'max_depth': 13, 'min_child_samples': 14, 'feature_fraction': 0.5376144771237926, 'bagging_fraction': 0.6892533743085663, 'reg_alpha': 0.48266932418973435, 'reg_lambda': 1.474559555722905e-08}. Best is trial 181 with value: -0.9360705907673996.
[I 2025-08-02 08:38:36,880] Trial 427 finished with value: -0.9346450245087742 and parameters: {'learning_rate': 0.03730447423743364, 'num_leaves': 29, 'max_depth': 12, 'min_child_samples': 12, 'feature_fraction': 0.51104922732864, 'bagging_fraction': 0.7087241031070486, 'reg_alpha': 6.433288522193741, 'reg_lambda': 1.0063266801143611e-08}. Best is trial 181 with value: -0.9360705907673996.
[I 2025-08-02 08:38:46,659] Trial 428 finished with value: -0.9354568465928025 and parameters: {'learning_rate': 0.032976601862896394, 'num_leaves': 35, 'max_depth': 13, 'min_child_samples': 10, 'feature_fraction': 0.5265718402744449, 'bagging_fraction': 0.696199554351255, 'reg_alpha': 9.51894806850716, 'reg_lambda': 1.0070508272679057e-08}. Best is trial 181 with value: -0.9360705907673996.
[I 2025-08-02 08:38:56,397] Trial 429 finished with value: -0.9343472633767665 and parameters: {'learning_rate': 0.032626726035369834, 'num_leaves': 36, 'max_depth': 13, 'min_child_samples': 12, 'feature_fraction': 0.5485056860759225, 'bagging_fraction': 0.6992590622758539, 'reg_alpha': 1.7191109861797525e-07, 'reg_lambda': 2.0219509583286876e-08}. Best is trial 181 with value: -0.9360705907673996.
[I 2025-08-02 08:39:07,081] Trial 430 finished with value: -0.9349319940584174 and parameters: {'learning_rate': 0.03029760990643282, 'num_leaves': 41, 'max_depth': 13, 'min_child_samples': 10, 'feature_fraction': 0.5313344295928575, 'bagging_fraction': 0.6868768638905021, 'reg_alpha': 7.5889545380888235, 'reg_lambda': 1.0171002866848366e-08}. Best is trial 181 with value: -0.9360705907673996.
[I 2025-08-02 08:39:16,623] Trial 431 finished with value: -0.9341790256262813 and parameters: {'learning_rate': 0.0328913495362416, 'num_leaves': 35, 'max_depth': 13, 'min_child_samples': 14, 'feature_fraction': 0.542242603966482, 'bagging_fraction': 0.6471504806364365, 'reg_alpha': 9.905146754485914, 'reg_lambda': 1.017159285195735e-08}. Best is trial 181 with value: -0.9360705907673996.
[I 2025-08-02 08:39:25,464] Trial 432 finished with value: -0.9334940508084515 and parameters: {'learning_rate': 0.03124634708502666, 'num_leaves': 26, 'max_depth': 13, 'min_child_samples': 12, 'feature_fraction': 0.7251465204611236, 'bagging_fraction': 0.7068633411297418, 'reg_alpha': 4.286476616089278, 'reg_lambda': 2.6624945229874615e-08}. Best is trial 181 with value: -0.9360705907673996.
[I 2025-08-02 08:39:36,900] Trial 433 finished with value: -0.9348373006339199 and parameters: {'learning_rate': 0.036212147872692904, 'num_leaves': 41, 'max_depth': 13, 'min_child_samples': 10, 'feature_fraction': 0.6607155089608678, 'bagging_fraction': 0.694773382901374, 'reg_alpha': 9.261869414783988, 'reg_lambda': 1.5941448562678217e-08}. Best is trial 181 with value: -0.9360705907673996.
[I 2025-08-02 08:39:47,559] Trial 434 finished with value: -0.9336274863225695 and parameters: {'learning_rate': 0.03375934392118497, 'num_leaves': 34, 'max_depth': 12, 'min_child_samples': 13, 'feature_fraction': 0.8301798733444219, 'bagging_fraction': 0.715827319666777, 'reg_alpha': 6.3077078189379225, 'reg_lambda': 1.770133594915857e-08}. Best is trial 181 with value: -0.9360705907673996.
[I 2025-08-02 08:39:54,130] Trial 435 finished with value: -0.9332469403550101 and parameters: {'learning_rate': 0.029552137216465924, 'num_leaves': 19, 'max_depth': 13, 'min_child_samples': 11, 'feature_fraction': 0.52829664939754, 'bagging_fraction': 0.6798641758332676, 'reg_alpha': 0.005572577354183976, 'reg_lambda': 2.7984800740537564e-08}. Best is trial 181 with value: -0.9360705907673996.
[I 2025-08-02 08:40:02,663] Trial 436 finished with value: -0.9335020380120672 and parameters: {'learning_rate': 0.03955880605210279, 'num_leaves': 31, 'max_depth': 11, 'min_child_samples': 15, 'feature_fraction': 0.556807598619474, 'bagging_fraction': 0.6602519298813373, 'reg_alpha': 5.250790100006003, 'reg_lambda': 1.0079892122143878e-08}. Best is trial 181 with value: -0.9360705907673996.
[I 2025-08-02 08:40:12,762] Trial 437 finished with value: -0.9350708523405423 and parameters: {'learning_rate': 0.03480674786914679, 'num_leaves': 39, 'max_depth': 14, 'min_child_samples': 10, 'feature_fraction': 0.5198579774766624, 'bagging_fraction': 0.6181998795427038, 'reg_alpha': 3.995453037763546, 'reg_lambda': 1.5323973005548278e-08}. Best is trial 181 with value: -0.9360705907673996.
