[I 2025-08-03 12:37:25,273] Trial 16 finished with value: 0.8960407392245371 and parameters: {'n_d': 17, 'n_a': 30, 'n_steps': 4, 'gamma': 1.7638814551039768, 'lambda_sparse': 9.752901925055216e-05, 'lr': 0.022289835016239642, 'weight_decay': 0.00026190824186341855}. Best is trial 13 with value: 0.9143641448090558.
/work/dlclarge2/alidemaa-dl_lab/automl/automl-exam-ss25-tabular-freiburg-template/automl-tabular-env/lib/python3.10/site-packages/pytorch_tabnet/callbacks.py:172: UserWarning: Best weights from best epoch are automatically used!
  warnings.warn(wrn_msg)
[I 2025-08-03 12:38:55,125] Trial 17 finished with value: 0.8616003127825768 and parameters: {'n_d': 40, 'n_a': 21, 'n_steps': 6, 'gamma': 1.5787340645187393, 'lambda_sparse': 2.0072563923010763e-05, 'lr': 0.0009681050105509559, 'weight_decay': 0.00039839046364824267}. Best is trial 13 with value: 0.9143641448090558.
/work/dlclarge2/alidemaa-dl_lab/automl/automl-exam-ss25-tabular-freiburg-template/automl-tabular-env/lib/python3.10/site-packages/pytorch_tabnet/callbacks.py:172: UserWarning: Best weights from best epoch are automatically used!
  warnings.warn(wrn_msg)
[I 2025-08-03 12:39:44,613] Trial 18 finished with value: 0.9129256989022496 and parameters: {'n_d': 33, 'n_a': 27, 'n_steps': 3, 'gamma': 1.3483900790554217, 'lambda_sparse': 1.0208762134488556e-05, 'lr': 0.0036426424825848516, 'weight_decay': 0.0001435244327249626}. Best is trial 13 with value: 0.9143641448090558.
/work/dlclarge2/alidemaa-dl_lab/automl/automl-exam-ss25-tabular-freiburg-template/automl-tabular-env/lib/python3.10/site-packages/pytorch_tabnet/callbacks.py:172: UserWarning: Best weights from best epoch are automatically used!
  warnings.warn(wrn_msg)
[I 2025-08-03 12:41:07,639] Trial 19 finished with value: 0.7312780978772968 and parameters: {'n_d': 49, 'n_a': 15, 'n_steps': 4, 'gamma': 1.313630132415744, 'lambda_sparse': 4.472946261038977e-05, 'lr': 0.00012784233767862462, 'weight_decay': 0.00014000527767001964}. Best is trial 13 with value: 0.9143641448090558.
/work/dlclarge2/alidemaa-dl_lab/automl/automl-exam-ss25-tabular-freiburg-template/automl-tabular-env/lib/python3.10/site-packages/pytorch_tabnet/callbacks.py:172: UserWarning: Best weights from best epoch are automatically used!
  warnings.warn(wrn_msg)
[I 2025-08-03 12:42:23,046] A new study created in memory with name: no-name-8daa2ac8-779a-464a-9a44-90c66f9eeb88
/work/dlclarge2/alidemaa-dl_lab/automl/automl-exam-ss25-tabular-freiburg-template/automl-tabular-env/lib/python3.10/site-packages/pytorch_tabnet/callbacks.py:172: UserWarning: Best weights from best epoch are automatically used!
  warnings.warn(wrn_msg)
[I 2025-08-03 12:44:13,237] Trial 0 finished with value: 0.8623013231880846 and parameters: {'n_d': 55, 'n_a': 61, 'n_steps': 8, 'gamma': 1.3363764586980929, 'lambda_sparse': 0.0018572192816141881, 'lr': 0.00537917661028103, 'weight_decay': 0.00015039012551075885}. Best is trial 0 with value: 0.8623013231880846.
/work/dlclarge2/alidemaa-dl_lab/automl/automl-exam-ss25-tabular-freiburg-template/automl-tabular-env/lib/python3.10/site-packages/pytorch_tabnet/callbacks.py:172: UserWarning: Best weights from best epoch are automatically used!
  warnings.warn(wrn_msg)
[I 2025-08-03 12:45:45,271] Trial 1 finished with value: 0.5040284974196017 and parameters: {'n_d': 39, 'n_a': 34, 'n_steps': 8, 'gamma': 1.7271504820748045, 'lambda_sparse': 0.00012569895353219972, 'lr': 0.00017804022640915143, 'weight_decay': 4.6735377266229225e-06}. Best is trial 0 with value: 0.8623013231880846.
/work/dlclarge2/alidemaa-dl_lab/automl/automl-exam-ss25-tabular-freiburg-template/automl-tabular-env/lib/python3.10/site-packages/pytorch_tabnet/callbacks.py:172: UserWarning: Best weights from best epoch are automatically used!
  warnings.warn(wrn_msg)
[I 2025-08-03 12:46:38,703] Trial 2 finished with value: 0.9005333680975132 and parameters: {'n_d': 13, 'n_a': 27, 'n_steps': 4, 'gamma': 1.9293948465317272, 'lambda_sparse': 1.6919189536279777e-05, 'lr': 0.00952758057645292, 'weight_decay': 1.840813043981572e-05}. Best is trial 2 with value: 0.9005333680975132.
/work/dlclarge2/alidemaa-dl_lab/automl/automl-exam-ss25-tabular-freiburg-template/automl-tabular-env/lib/python3.10/site-packages/pytorch_tabnet/callbacks.py:172: UserWarning: Best weights from best epoch are automatically used!
  warnings.warn(wrn_msg)
[I 2025-08-03 12:47:23,116] Trial 3 finished with value: 0.8557747937599012 and parameters: {'n_d': 53, 'n_a': 49, 'n_steps': 3, 'gamma': 1.3836016244458809, 'lambda_sparse': 0.008032045035245147, 'lr': 0.0002969803638591733, 'weight_decay': 2.356142990705969e-06}. Best is trial 2 with value: 0.9005333680975132.
/work/dlclarge2/alidemaa-dl_lab/automl/automl-exam-ss25-tabular-freiburg-template/automl-tabular-env/lib/python3.10/site-packages/pytorch_tabnet/callbacks.py:172: UserWarning: Best weights from best epoch are automatically used!
  warnings.warn(wrn_msg)
[I 2025-08-03 12:48:07,441] Trial 4 finished with value: 0.8934280733466289 and parameters: {'n_d': 55, 'n_a': 22, 'n_steps': 3, 'gamma': 1.6318924350616046, 'lambda_sparse': 0.007901689944597895, 'lr': 0.007983523991990043, 'weight_decay': 2.9438323562105147e-05}. Best is trial 2 with value: 0.9005333680975132.
/work/dlclarge2/alidemaa-dl_lab/automl/automl-exam-ss25-tabular-freiburg-template/automl-tabular-env/lib/python3.10/site-packages/pytorch_tabnet/callbacks.py:172: UserWarning: Best weights from best epoch are automatically used!
  warnings.warn(wrn_msg)
[I 2025-08-03 12:49:01,444] Trial 5 finished with value: 0.8885718898579571 and parameters: {'n_d': 43, 'n_a': 36, 'n_steps': 4, 'gamma': 1.0110365844531914, 'lambda_sparse': 2.2608721584480015e-05, 'lr': 0.0032292380002250875, 'weight_decay': 3.839672331442812e-06}. Best is trial 2 with value: 0.9005333680975132.
/work/dlclarge2/alidemaa-dl_lab/automl/automl-exam-ss25-tabular-freiburg-template/automl-tabular-env/lib/python3.10/site-packages/pytorch_tabnet/callbacks.py:172: UserWarning: Best weights from best epoch are automatically used!
  warnings.warn(wrn_msg)
[I 2025-08-03 12:49:45,882] Trial 6 finished with value: 0.8562672784226443 and parameters: {'n_d': 21, 'n_a': 59, 'n_steps': 3, 'gamma': 1.4999357338272885, 'lambda_sparse': 7.978957443825576e-05, 'lr': 0.0004665047543557559, 'weight_decay': 2.025515559250198e-05}. Best is trial 2 with value: 0.9005333680975132.
/work/dlclarge2/alidemaa-dl_lab/automl/automl-exam-ss25-tabular-freiburg-template/automl-tabular-env/lib/python3.10/site-packages/pytorch_tabnet/callbacks.py:172: UserWarning: Best weights from best epoch are automatically used!
  warnings.warn(wrn_msg)
[I 2025-08-03 12:51:17,443] Trial 7 finished with value: 0.8780123827059694 and parameters: {'n_d': 18, 'n_a': 47, 'n_steps': 8, 'gamma': 1.1311293644249778, 'lambda_sparse': 0.0006205297037706485, 'lr': 0.0011121379435711143, 'weight_decay': 0.00040834021261595976}. Best is trial 2 with value: 0.9005333680975132.
/work/dlclarge2/alidemaa-dl_lab/automl/automl-exam-ss25-tabular-freiburg-template/automl-tabular-env/lib/python3.10/site-packages/pytorch_tabnet/callbacks.py:172: UserWarning: Best weights from best epoch are automatically used!
  warnings.warn(wrn_msg)
[I 2025-08-03 12:52:29,879] Trial 8 finished with value: 0.7844734219849953 and parameters: {'n_d': 62, 'n_a': 33, 'n_steps': 6, 'gamma': 1.43701836027586, 'lambda_sparse': 0.0003601210164893252, 'lr': 0.00043623904155707304, 'weight_decay': 9.414938856440072e-06}. Best is trial 2 with value: 0.9005333680975132.
/work/dlclarge2/alidemaa-dl_lab/automl/automl-exam-ss25-tabular-freiburg-template/automl-tabular-env/lib/python3.10/site-packages/pytorch_tabnet/callbacks.py:172: UserWarning: Best weights from best epoch are automatically used!
  warnings.warn(wrn_msg)
[I 2025-08-03 12:52:42,921] Trial 9 finished with value: 0.4063814071835472 and parameters: {'n_d': 58, 'n_a': 21, 'n_steps': 3, 'gamma': 1.76538272160214, 'lambda_sparse': 0.0013593778624732837, 'lr': 0.061067435800587, 'weight_decay': 0.00014190479372090762}. Best is trial 2 with value: 0.9005333680975132.
/work/dlclarge2/alidemaa-dl_lab/automl/automl-exam-ss25-tabular-freiburg-template/automl-tabular-env/lib/python3.10/site-packages/pytorch_tabnet/callbacks.py:172: UserWarning: Best weights from best epoch are automatically used!
  warnings.warn(wrn_msg)
[I 2025-08-03 12:53:25,828] Trial 10 finished with value: 0.644570954482111 and parameters: {'n_d': 8, 'n_a': 9, 'n_steps': 10, 'gamma': 1.8908692660210509, 'lambda_sparse': 1.0287288337744992e-05, 'lr': 0.02860797907911626, 'weight_decay': 8.539267252610521e-05}. Best is trial 2 with value: 0.9005333680975132.
/work/dlclarge2/alidemaa-dl_lab/automl/automl-exam-ss25-tabular-freiburg-template/automl-tabular-env/lib/python3.10/site-packages/pytorch_tabnet/callbacks.py:172: UserWarning: Best weights from best epoch are automatically used!
  warnings.warn(wrn_msg)
[I 2025-08-03 12:54:28,966] Trial 11 finished with value: 0.8847427318581128 and parameters: {'n_d': 26, 'n_a': 20, 'n_steps': 5, 'gamma': 1.9526261650767458, 'lambda_sparse': 0.009659585466190264, 'lr': 0.011676262312255952, 'weight_decay': 3.275841538968545e-05}. Best is trial 2 with value: 0.9005333680975132.
/work/dlclarge2/alidemaa-dl_lab/automl/automl-exam-ss25-tabular-freiburg-template/automl-tabular-env/lib/python3.10/site-packages/pytorch_tabnet/callbacks.py:172: UserWarning: Best weights from best epoch are automatically used!
  warnings.warn(wrn_msg)
[I 2025-08-03 12:54:48,458] Trial 12 finished with value: -1.2911498501254606 and parameters: {'n_d': 31, 'n_a': 23, 'n_steps': 5, 'gamma': 1.6910772994653964, 'lambda_sparse': 6.443241695933308e-05, 'lr': 0.012455391817352043, 'weight_decay': 1.0146797464200248e-06}. Best is trial 2 with value: 0.9005333680975132.
/work/dlclarge2/alidemaa-dl_lab/automl/automl-exam-ss25-tabular-freiburg-template/automl-tabular-env/lib/python3.10/site-packages/pytorch_tabnet/callbacks.py:172: UserWarning: Best weights from best epoch are automatically used!
  warnings.warn(wrn_msg)
[I 2025-08-03 12:55:51,308] Trial 13 finished with value: 0.8564713433716432 and parameters: {'n_d': 46, 'n_a': 9, 'n_steps': 5, 'gamma': 1.6655519990077394, 'lambda_sparse': 0.0031466845537031613, 'lr': 0.00172164382152579, 'weight_decay': 3.44408642061298e-05}. Best is trial 2 with value: 0.9005333680975132.
/work/dlclarge2/alidemaa-dl_lab/automl/automl-exam-ss25-tabular-freiburg-template/automl-tabular-env/lib/python3.10/site-packages/pytorch_tabnet/callbacks.py:172: UserWarning: Best weights from best epoch are automatically used!
  warnings.warn(wrn_msg)
[I 2025-08-03 12:56:44,782] Trial 14 finished with value: 0.8827439634314207 and parameters: {'n_d': 8, 'n_a': 27, 'n_steps': 4, 'gamma': 1.8301467221574401, 'lambda_sparse': 0.00015094105455296482, 'lr': 0.009398493205051052, 'weight_decay': 1.3688796407557613e-05}. Best is trial 2 with value: 0.9005333680975132.
/work/dlclarge2/alidemaa-dl_lab/automl/automl-exam-ss25-tabular-freiburg-template/automl-tabular-env/lib/python3.10/site-packages/pytorch_tabnet/callbacks.py:172: UserWarning: Best weights from best epoch are automatically used!
  warnings.warn(wrn_msg)
[I 2025-08-03 12:57:04,669] Trial 15 finished with value: 0.3064403624845249 and parameters: {'n_d': 35, 'n_a': 15, 'n_steps': 4, 'gamma': 1.9914502138549721, 'lambda_sparse': 2.316367239336471e-05, 'lr': 0.03286225884783285, 'weight_decay': 0.0008443972739865199}. Best is trial 2 with value: 0.9005333680975132.
/work/dlclarge2/alidemaa-dl_lab/automl/automl-exam-ss25-tabular-freiburg-template/automl-tabular-env/lib/python3.10/site-packages/pytorch_tabnet/callbacks.py:172: UserWarning: Best weights from best epoch are automatically used!
  warnings.warn(wrn_msg)
[I 2025-08-03 12:57:32,054] Trial 16 finished with value: 0.6347337446580318 and parameters: {'n_d': 16, 'n_a': 44, 'n_steps': 6, 'gamma': 1.611792128411183, 'lambda_sparse': 0.0006351436331296423, 'lr': 0.08374696617174944, 'weight_decay': 5.865973106340033e-05}. Best is trial 2 with value: 0.9005333680975132.
/work/dlclarge2/alidemaa-dl_lab/automl/automl-exam-ss25-tabular-freiburg-template/automl-tabular-env/lib/python3.10/site-packages/pytorch_tabnet/callbacks.py:172: UserWarning: Best weights from best epoch are automatically used!
  warnings.warn(wrn_msg)
[I 2025-08-03 12:58:53,824] Trial 17 finished with value: 0.8697910241219338 and parameters: {'n_d': 49, 'n_a': 28, 'n_steps': 7, 'gamma': 1.574805511049756, 'lambda_sparse': 0.0037411338499826145, 'lr': 0.004858069162086386, 'weight_decay': 8.26099767118439e-06}. Best is trial 2 with value: 0.9005333680975132.
/work/dlclarge2/alidemaa-dl_lab/automl/automl-exam-ss25-tabular-freiburg-template/automl-tabular-env/lib/python3.10/site-packages/pytorch_tabnet/callbacks.py:172: UserWarning: Best weights from best epoch are automatically used!
  warnings.warn(wrn_msg)
[I 2025-08-03 12:59:47,593] Trial 18 finished with value: 0.8840199519663139 and parameters: {'n_d': 29, 'n_a': 39, 'n_steps': 4, 'gamma': 1.243628484277274, 'lambda_sparse': 3.614709311029826e-05, 'lr': 0.0014628925324785798, 'weight_decay': 2.0162243943617792e-05}. Best is trial 2 with value: 0.9005333680975132.
/work/dlclarge2/alidemaa-dl_lab/automl/automl-exam-ss25-tabular-freiburg-template/automl-tabular-env/lib/python3.10/site-packages/pytorch_tabnet/callbacks.py:172: UserWarning: Best weights from best epoch are automatically used!
  warnings.warn(wrn_msg)
[I 2025-08-03 13:01:30,875] Trial 19 finished with value: 0.8739915019187477 and parameters: {'n_d': 62, 'n_a': 15, 'n_steps': 10, 'gamma': 1.8503948748784953, 'lambda_sparse': 1.0323916419129576e-05, 'lr': 0.0321287555721434, 'weight_decay': 6.157143107347682e-05}. Best is trial 2 with value: 0.9005333680975132.
/work/dlclarge2/alidemaa-dl_lab/automl/automl-exam-ss25-tabular-freiburg-template/automl-tabular-env/lib/python3.10/site-packages/pytorch_tabnet/callbacks.py:172: UserWarning: Best weights from best epoch are automatically used!
  warnings.warn(wrn_msg)
2025-08-03 13:02:42 [INFO] TabNet →      /work/dlclarge2/alidemaa-dl_lab/automl/automl-exam-ss25-tabular-freiburg-template/modelsFinal/tabnet (mean R²=0.9233)
2025-08-03 13:02:42 [INFO] Ensemble weights: TabPFN=0.335, Tree=0.332, TabNet=0.334
2025-08-03 13:02:42 [INFO] Loading individual models into memory...
/work/dlclarge2/alidemaa-dl_lab/automl/automl-exam-ss25-tabular-freiburg-template/automl-tabular-env/lib/python3.10/site-packages/pytorch_tabnet/abstract_model.py:82: UserWarning: Device used : cuda
  warnings.warn(f"Device used : {self.device}")
2025-08-03 13:02:51 [INFO] Saved weighted ensemble to /work/dlclarge2/alidemaa-dl_lab/automl/automl-exam-ss25-tabular-freiburg-template/modelsFinal/final_model.pkl
