[I 2025-08-05 19:01:00,373] Trial 11 finished with value: 0.34922814629313526 and parameters: {'n_d': 55, 'n_a': 27, 'n_steps': 6, 'gamma': 1.5049974283617027, 'lambda_sparse': 1.5649646715941344e-05, 'lr': 0.048206783422460354, 'weight_decay': 0.0009886755009500025}. Best is trial 2 with value: 0.38461346578618294.
/work/dlclarge2/latifajr-dl_lab_project/autoML/automl-exam-ss25-tabular-freiburg-template/automl-tabular-env/lib/python3.10/site-packages/pytorch_tabnet/callbacks.py:172: UserWarning: Best weights from best epoch are automatically used!
  warnings.warn(wrn_msg)
[I 2025-08-05 19:01:30,559] Trial 12 finished with value: 0.34429828243989613 and parameters: {'n_d': 52, 'n_a': 27, 'n_steps': 6, 'gamma': 1.5232648121748775, 'lambda_sparse': 7.094168788385492e-05, 'lr': 0.02596251385793976, 'weight_decay': 8.227114498340951e-06}. Best is trial 2 with value: 0.38461346578618294.
/work/dlclarge2/latifajr-dl_lab_project/autoML/automl-exam-ss25-tabular-freiburg-template/automl-tabular-env/lib/python3.10/site-packages/pytorch_tabnet/callbacks.py:172: UserWarning: Best weights from best epoch are automatically used!
  warnings.warn(wrn_msg)
[I 2025-08-05 19:01:57,090] Trial 13 finished with value: 0.33429367114699904 and parameters: {'n_d': 63, 'n_a': 25, 'n_steps': 5, 'gamma': 1.3068200153396845, 'lambda_sparse': 0.0003152591666215292, 'lr': 0.0936882299932335, 'weight_decay': 1.0561178437389286e-06}. Best is trial 2 with value: 0.38461346578618294.
/work/dlclarge2/latifajr-dl_lab_project/autoML/automl-exam-ss25-tabular-freiburg-template/automl-tabular-env/lib/python3.10/site-packages/pytorch_tabnet/callbacks.py:172: UserWarning: Best weights from best epoch are automatically used!
  warnings.warn(wrn_msg)
[I 2025-08-05 19:02:30,751] Trial 14 finished with value: 0.3443136641825143 and parameters: {'n_d': 45, 'n_a': 33, 'n_steps': 7, 'gamma': 1.6416050908782012, 'lambda_sparse': 0.00037879655892965206, 'lr': 0.02693533475308478, 'weight_decay': 0.0002227551628066575}. Best is trial 2 with value: 0.38461346578618294.
/work/dlclarge2/latifajr-dl_lab_project/autoML/automl-exam-ss25-tabular-freiburg-template/automl-tabular-env/lib/python3.10/site-packages/pytorch_tabnet/callbacks.py:172: UserWarning: Best weights from best epoch are automatically used!
  warnings.warn(wrn_msg)
[I 2025-08-05 19:02:57,264] Trial 15 finished with value: 0.33890591394969416 and parameters: {'n_d': 44, 'n_a': 23, 'n_steps': 5, 'gamma': 1.2982703820247656, 'lambda_sparse': 1.2733914202428083e-05, 'lr': 0.015106591054053575, 'weight_decay': 0.0007626320567219374}. Best is trial 2 with value: 0.38461346578618294.
/work/dlclarge2/latifajr-dl_lab_project/autoML/automl-exam-ss25-tabular-freiburg-template/automl-tabular-env/lib/python3.10/site-packages/pytorch_tabnet/callbacks.py:172: UserWarning: Best weights from best epoch are automatically used!
  warnings.warn(wrn_msg)
[I 2025-08-05 19:03:31,118] Trial 16 finished with value: -0.08546505319899889 and parameters: {'n_d': 64, 'n_a': 42, 'n_steps': 7, 'gamma': 1.4107442822677807, 'lambda_sparse': 0.002861412615603403, 'lr': 0.00013011358040942902, 'weight_decay': 5.340122787663905e-06}. Best is trial 2 with value: 0.38461346578618294.
/work/dlclarge2/latifajr-dl_lab_project/autoML/automl-exam-ss25-tabular-freiburg-template/automl-tabular-env/lib/python3.10/site-packages/pytorch_tabnet/callbacks.py:172: UserWarning: Best weights from best epoch are automatically used!
  warnings.warn(wrn_msg)
[I 2025-08-05 19:03:57,620] Trial 17 finished with value: 0.33489240909455575 and parameters: {'n_d': 26, 'n_a': 21, 'n_steps': 5, 'gamma': 1.6411049060621774, 'lambda_sparse': 4.554322712361026e-05, 'lr': 0.0449218385887163, 'weight_decay': 2.2283775293322854e-05}. Best is trial 2 with value: 0.38461346578618294.
/work/dlclarge2/latifajr-dl_lab_project/autoML/automl-exam-ss25-tabular-freiburg-template/automl-tabular-env/lib/python3.10/site-packages/pytorch_tabnet/callbacks.py:172: UserWarning: Best weights from best epoch are automatically used!
  warnings.warn(wrn_msg)
[I 2025-08-05 19:04:34,303] Trial 18 finished with value: 0.30400347344955136 and parameters: {'n_d': 43, 'n_a': 9, 'n_steps': 8, 'gamma': 1.5970405062167194, 'lambda_sparse': 0.00019330246322657533, 'lr': 0.005848521819313905, 'weight_decay': 0.0002217038725034155}. Best is trial 2 with value: 0.38461346578618294.
/work/dlclarge2/latifajr-dl_lab_project/autoML/automl-exam-ss25-tabular-freiburg-template/automl-tabular-env/lib/python3.10/site-packages/pytorch_tabnet/callbacks.py:172: UserWarning: Best weights from best epoch are automatically used!
  warnings.warn(wrn_msg)
[I 2025-08-05 19:04:56,346] Trial 19 finished with value: 0.34579913263213635 and parameters: {'n_d': 57, 'n_a': 62, 'n_steps': 4, 'gamma': 1.1730904164919023, 'lambda_sparse': 0.0007531705107786588, 'lr': 0.02005285393406807, 'weight_decay': 0.00010097400395823694}. Best is trial 2 with value: 0.38461346578618294.
/work/dlclarge2/latifajr-dl_lab_project/autoML/automl-exam-ss25-tabular-freiburg-template/automl-tabular-env/lib/python3.10/site-packages/pytorch_tabnet/callbacks.py:172: UserWarning: Best weights from best epoch are automatically used!
  warnings.warn(wrn_msg)
/work/dlclarge2/latifajr-dl_lab_project/autoML/automl-exam-ss25-tabular-freiburg-template/src/models/tabnet/tabnet_train.py:37: FutureWarning: DataFrame.fillna with 'method' is deprecated and will raise in a future version. Use obj.ffill() or obj.bfill() instead.
  df = df.fillna(method="ffill").fillna(method="bfill").fillna(0)
/work/dlclarge2/latifajr-dl_lab_project/autoML/automl-exam-ss25-tabular-freiburg-template/src/models/tabnet/tabnet_train.py:37: FutureWarning: DataFrame.fillna with 'method' is deprecated and will raise in a future version. Use obj.ffill() or obj.bfill() instead.
  df = df.fillna(method="ffill").fillna(method="bfill").fillna(0)
[I 2025-08-05 19:05:30,903] A new study created in memory with name: no-name-548111be-df91-4b2f-94c8-6d75926c4a43
/work/dlclarge2/latifajr-dl_lab_project/autoML/automl-exam-ss25-tabular-freiburg-template/automl-tabular-env/lib/python3.10/site-packages/pytorch_tabnet/callbacks.py:172: UserWarning: Best weights from best epoch are automatically used!
  warnings.warn(wrn_msg)
[I 2025-08-05 19:05:52,213] Trial 0 finished with value: 0.33906429633587787 and parameters: {'n_d': 59, 'n_a': 57, 'n_steps': 3, 'gamma': 1.171116438699477, 'lambda_sparse': 1.5887677708614663e-05, 'lr': 0.03970658635652184, 'weight_decay': 3.1354735844583235e-05}. Best is trial 0 with value: 0.33906429633587787.
/work/dlclarge2/latifajr-dl_lab_project/autoML/automl-exam-ss25-tabular-freiburg-template/automl-tabular-env/lib/python3.10/site-packages/pytorch_tabnet/callbacks.py:172: UserWarning: Best weights from best epoch are automatically used!
  warnings.warn(wrn_msg)
[I 2025-08-05 19:06:25,505] Trial 1 finished with value: 0.32295777803933756 and parameters: {'n_d': 63, 'n_a': 63, 'n_steps': 7, 'gamma': 1.4321680770205398, 'lambda_sparse': 0.00030960700838894784, 'lr': 0.02414926574212067, 'weight_decay': 6.301993193388384e-05}. Best is trial 0 with value: 0.33906429633587787.
/work/dlclarge2/latifajr-dl_lab_project/autoML/automl-exam-ss25-tabular-freiburg-template/automl-tabular-env/lib/python3.10/site-packages/pytorch_tabnet/callbacks.py:172: UserWarning: Best weights from best epoch are automatically used!
  warnings.warn(wrn_msg)
[I 2025-08-05 19:07:02,266] Trial 2 finished with value: 0.2904131576342286 and parameters: {'n_d': 50, 'n_a': 57, 'n_steps': 8, 'gamma': 1.1105496634345375, 'lambda_sparse': 0.0074347020812365145, 'lr': 0.02208272565817303, 'weight_decay': 1.9241316235808117e-06}. Best is trial 0 with value: 0.33906429633587787.
/work/dlclarge2/latifajr-dl_lab_project/autoML/automl-exam-ss25-tabular-freiburg-template/automl-tabular-env/lib/python3.10/site-packages/pytorch_tabnet/callbacks.py:172: UserWarning: Best weights from best epoch are automatically used!
  warnings.warn(wrn_msg)
[I 2025-08-05 19:07:35,717] Trial 3 finished with value: 0.33162746557714184 and parameters: {'n_d': 49, 'n_a': 9, 'n_steps': 7, 'gamma': 1.2835259527690561, 'lambda_sparse': 0.000286891532464217, 'lr': 0.03624182069012715, 'weight_decay': 1.2458150743992274e-06}. Best is trial 0 with value: 0.33906429633587787.
/work/dlclarge2/latifajr-dl_lab_project/autoML/automl-exam-ss25-tabular-freiburg-template/automl-tabular-env/lib/python3.10/site-packages/pytorch_tabnet/callbacks.py:172: UserWarning: Best weights from best epoch are automatically used!
  warnings.warn(wrn_msg)
[I 2025-08-05 19:08:12,499] Trial 4 finished with value: 0.2868639409946592 and parameters: {'n_d': 10, 'n_a': 47, 'n_steps': 8, 'gamma': 1.7314213085996477, 'lambda_sparse': 3.440868003518413e-05, 'lr': 0.028769757099738176, 'weight_decay': 1.2197503281126742e-05}. Best is trial 0 with value: 0.33906429633587787.
/work/dlclarge2/latifajr-dl_lab_project/autoML/automl-exam-ss25-tabular-freiburg-template/automl-tabular-env/lib/python3.10/site-packages/pytorch_tabnet/callbacks.py:172: UserWarning: Best weights from best epoch are automatically used!
  warnings.warn(wrn_msg)
[I 2025-08-05 19:08:53,400] Trial 5 finished with value: 0.22479453111540526 and parameters: {'n_d': 52, 'n_a': 24, 'n_steps': 9, 'gamma': 1.7000793787468922, 'lambda_sparse': 5.806153288373391e-05, 'lr': 0.004994673672986455, 'weight_decay': 1.299346609038228e-05}. Best is trial 0 with value: 0.33906429633587787.
/work/dlclarge2/latifajr-dl_lab_project/autoML/automl-exam-ss25-tabular-freiburg-template/automl-tabular-env/lib/python3.10/site-packages/pytorch_tabnet/callbacks.py:172: UserWarning: Best weights from best epoch are automatically used!
  warnings.warn(wrn_msg)
[I 2025-08-05 19:09:30,141] Trial 6 finished with value: 0.3135511770765571 and parameters: {'n_d': 10, 'n_a': 50, 'n_steps': 8, 'gamma': 1.6163214421176177, 'lambda_sparse': 1.2098668416102127e-05, 'lr': 0.03534850489563793, 'weight_decay': 8.005653919998667e-05}. Best is trial 0 with value: 0.33906429633587787.
/work/dlclarge2/latifajr-dl_lab_project/autoML/automl-exam-ss25-tabular-freiburg-template/automl-tabular-env/lib/python3.10/site-packages/pytorch_tabnet/callbacks.py:172: UserWarning: Best weights from best epoch are automatically used!
  warnings.warn(wrn_msg)
[I 2025-08-05 19:09:53,925] Trial 7 finished with value: 0.053861745920016024 and parameters: {'n_d': 53, 'n_a': 12, 'n_steps': 4, 'gamma': 1.5530377784289138, 'lambda_sparse': 0.0006387586226719516, 'lr': 0.00016646632871060725, 'weight_decay': 0.0006859653589195177}. Best is trial 0 with value: 0.33906429633587787.
/work/dlclarge2/latifajr-dl_lab_project/autoML/automl-exam-ss25-tabular-freiburg-template/automl-tabular-env/lib/python3.10/site-packages/pytorch_tabnet/callbacks.py:172: UserWarning: Best weights from best epoch are automatically used!
  warnings.warn(wrn_msg)
[I 2025-08-05 19:10:26,824] Trial 8 finished with value: 0.2821275557637004 and parameters: {'n_d': 53, 'n_a': 36, 'n_steps': 8, 'gamma': 1.9302672421764646, 'lambda_sparse': 0.0011149707442566926, 'lr': 0.008995604826066289, 'weight_decay': 0.0002719080710053119}. Best is trial 0 with value: 0.33906429633587787.
/work/dlclarge2/latifajr-dl_lab_project/autoML/automl-exam-ss25-tabular-freiburg-template/automl-tabular-env/lib/python3.10/site-packages/pytorch_tabnet/callbacks.py:172: UserWarning: Best weights from best epoch are automatically used!
  warnings.warn(wrn_msg)
[I 2025-08-05 19:11:11,291] Trial 9 finished with value: 0.2721475683452417 and parameters: {'n_d': 23, 'n_a': 23, 'n_steps': 10, 'gamma': 1.6237575699970959, 'lambda_sparse': 2.2447150962443616e-05, 'lr': 0.025912410519739616, 'weight_decay': 1.1517051054213886e-06}. Best is trial 0 with value: 0.33906429633587787.
/work/dlclarge2/latifajr-dl_lab_project/autoML/automl-exam-ss25-tabular-freiburg-template/automl-tabular-env/lib/python3.10/site-packages/pytorch_tabnet/callbacks.py:172: UserWarning: Best weights from best epoch are automatically used!
  warnings.warn(wrn_msg)
[I 2025-08-05 19:11:32,990] Trial 10 finished with value: 0.295213795043061 and parameters: {'n_d': 34, 'n_a': 40, 'n_steps': 3, 'gamma': 1.0521058874004283, 'lambda_sparse': 0.00012301215354898202, 'lr': 0.0009250051453271624, 'weight_decay': 7.751567083699075e-06}. Best is trial 0 with value: 0.33906429633587787.
/work/dlclarge2/latifajr-dl_lab_project/autoML/automl-exam-ss25-tabular-freiburg-template/automl-tabular-env/lib/python3.10/site-packages/pytorch_tabnet/callbacks.py:172: UserWarning: Best weights from best epoch are automatically used!
  warnings.warn(wrn_msg)
[I 2025-08-05 19:11:59,441] Trial 11 finished with value: 0.3063708601993461 and parameters: {'n_d': 40, 'n_a': 9, 'n_steps': 5, 'gamma': 1.283269384932578, 'lambda_sparse': 0.002694874023567619, 'lr': 0.09075359982492073, 'weight_decay': 5.512790220672527e-06}. Best is trial 0 with value: 0.33906429633587787.
/work/dlclarge2/latifajr-dl_lab_project/autoML/automl-exam-ss25-tabular-freiburg-template/automl-tabular-env/lib/python3.10/site-packages/pytorch_tabnet/callbacks.py:172: UserWarning: Best weights from best epoch are automatically used!
  warnings.warn(wrn_msg)
[I 2025-08-05 19:12:29,531] Trial 12 finished with value: 0.2613910478420107 and parameters: {'n_d': 64, 'n_a': 27, 'n_steps': 6, 'gamma': 1.2725398771395842, 'lambda_sparse': 0.0001468960475761124, 'lr': 0.0017919416733067704, 'weight_decay': 3.9108735221853876e-05}. Best is trial 0 with value: 0.33906429633587787.
/work/dlclarge2/latifajr-dl_lab_project/autoML/automl-exam-ss25-tabular-freiburg-template/automl-tabular-env/lib/python3.10/site-packages/pytorch_tabnet/callbacks.py:172: UserWarning: Best weights from best epoch are automatically used!
  warnings.warn(wrn_msg)
[I 2025-08-05 19:12:41,558] Trial 13 finished with value: -0.05995609693891413 and parameters: {'n_d': 43, 'n_a': 34, 'n_steps': 6, 'gamma': 1.2497786198218765, 'lambda_sparse': 1.0216445658671459e-05, 'lr': 0.09464050139950429, 'weight_decay': 3.4558711010141187e-06}. Best is trial 0 with value: 0.33906429633587787.
/work/dlclarge2/latifajr-dl_lab_project/autoML/automl-exam-ss25-tabular-freiburg-template/automl-tabular-env/lib/python3.10/site-packages/pytorch_tabnet/callbacks.py:172: UserWarning: Best weights from best epoch are automatically used!
  warnings.warn(wrn_msg)
[I 2025-08-05 19:13:02,902] Trial 14 finished with value: 0.2863619319895957 and parameters: {'n_d': 31, 'n_a': 16, 'n_steps': 3, 'gamma': 1.4027398623733571, 'lambda_sparse': 7.351036168963212e-05, 'lr': 0.00713799513005462, 'weight_decay': 0.00015906231028773525}. Best is trial 0 with value: 0.33906429633587787.
/work/dlclarge2/latifajr-dl_lab_project/autoML/automl-exam-ss25-tabular-freiburg-template/automl-tabular-env/lib/python3.10/site-packages/pytorch_tabnet/callbacks.py:172: UserWarning: Best weights from best epoch are automatically used!
  warnings.warn(wrn_msg)
[I 2025-08-05 19:13:29,880] Trial 15 finished with value: 0.21062480020892793 and parameters: {'n_d': 59, 'n_a': 51, 'n_steps': 5, 'gamma': 1.1293940428228701, 'lambda_sparse': 0.0003128635015548979, 'lr': 0.0005536422310878212, 'weight_decay': 1.9869010755065467e-05}. Best is trial 0 with value: 0.33906429633587787.
/work/dlclarge2/latifajr-dl_lab_project/autoML/automl-exam-ss25-tabular-freiburg-template/automl-tabular-env/lib/python3.10/site-packages/pytorch_tabnet/callbacks.py:172: UserWarning: Best weights from best epoch are automatically used!
  warnings.warn(wrn_msg)
[I 2025-08-05 19:13:56,225] Trial 16 finished with value: 0.34964597511038287 and parameters: {'n_d': 46, 'n_a': 42, 'n_steps': 5, 'gamma': 1.0144367492086381, 'lambda_sparse': 0.0020803652519690483, 'lr': 0.011459030786356886, 'weight_decay': 2.7811579585587833e-06}. Best is trial 16 with value: 0.34964597511038287.
/work/dlclarge2/latifajr-dl_lab_project/autoML/automl-exam-ss25-tabular-freiburg-template/automl-tabular-env/lib/python3.10/site-packages/pytorch_tabnet/callbacks.py:172: UserWarning: Best weights from best epoch are automatically used!
  warnings.warn(wrn_msg)
[I 2025-08-05 19:14:21,046] Trial 17 finished with value: 0.3500189888184263 and parameters: {'n_d': 43, 'n_a': 62, 'n_steps': 4, 'gamma': 1.013197690215228, 'lambda_sparse': 0.002775085918079764, 'lr': 0.011946019413934002, 'weight_decay': 0.0009201512357359543}. Best is trial 17 with value: 0.3500189888184263.
/work/dlclarge2/latifajr-dl_lab_project/autoML/automl-exam-ss25-tabular-freiburg-template/automl-tabular-env/lib/python3.10/site-packages/pytorch_tabnet/callbacks.py:172: UserWarning: Best weights from best epoch are automatically used!
  warnings.warn(wrn_msg)
[I 2025-08-05 19:14:47,969] Trial 18 finished with value: 0.35314838037258356 and parameters: {'n_d': 25, 'n_a': 43, 'n_steps': 5, 'gamma': 1.0420864152023268, 'lambda_sparse': 0.008997740274602564, 'lr': 0.0032280762820640066, 'weight_decay': 0.0007252061623568631}. Best is trial 18 with value: 0.35314838037258356.
/work/dlclarge2/latifajr-dl_lab_project/autoML/automl-exam-ss25-tabular-freiburg-template/automl-tabular-env/lib/python3.10/site-packages/pytorch_tabnet/callbacks.py:172: UserWarning: Best weights from best epoch are automatically used!
  warnings.warn(wrn_msg)
[I 2025-08-05 19:15:10,565] Trial 19 finished with value: 0.31869357759831507 and parameters: {'n_d': 26, 'n_a': 63, 'n_steps': 4, 'gamma': 1.0219602694874719, 'lambda_sparse': 0.008135793756925839, 'lr': 0.002452007950939785, 'weight_decay': 0.0008832147036291078}. Best is trial 18 with value: 0.35314838037258356.
/work/dlclarge2/latifajr-dl_lab_project/autoML/automl-exam-ss25-tabular-freiburg-template/automl-tabular-env/lib/python3.10/site-packages/pytorch_tabnet/callbacks.py:172: UserWarning: Best weights from best epoch are automatically used!
  warnings.warn(wrn_msg)
/work/dlclarge2/latifajr-dl_lab_project/autoML/automl-exam-ss25-tabular-freiburg-template/src/models/tabnet/tabnet_train.py:37: FutureWarning: DataFrame.fillna with 'method' is deprecated and will raise in a future version. Use obj.ffill() or obj.bfill() instead.
  df = df.fillna(method="ffill").fillna(method="bfill").fillna(0)
/work/dlclarge2/latifajr-dl_lab_project/autoML/automl-exam-ss25-tabular-freiburg-template/src/models/tabnet/tabnet_train.py:37: FutureWarning: DataFrame.fillna with 'method' is deprecated and will raise in a future version. Use obj.ffill() or obj.bfill() instead.
  df = df.fillna(method="ffill").fillna(method="bfill").fillna(0)
[I 2025-08-05 19:15:45,721] A new study created in memory with name: no-name-c000f30c-1c43-46e1-ba86-495748ef67ce
/work/dlclarge2/latifajr-dl_lab_project/autoML/automl-exam-ss25-tabular-freiburg-template/automl-tabular-env/lib/python3.10/site-packages/pytorch_tabnet/callbacks.py:172: UserWarning: Best weights from best epoch are automatically used!
  warnings.warn(wrn_msg)
[I 2025-08-05 19:16:20,960] Trial 0 finished with value: -1.67645465030007 and parameters: {'n_d': 64, 'n_a': 47, 'n_steps': 8, 'gamma': 1.2685337188184282, 'lambda_sparse': 0.0034547223007272416, 'lr': 0.0001914071709716608, 'weight_decay': 0.00027046627441065015}. Best is trial 0 with value: -1.67645465030007.
/work/dlclarge2/latifajr-dl_lab_project/autoML/automl-exam-ss25-tabular-freiburg-template/automl-tabular-env/lib/python3.10/site-packages/pytorch_tabnet/callbacks.py:172: UserWarning: Best weights from best epoch are automatically used!
  warnings.warn(wrn_msg)
[I 2025-08-05 19:16:46,461] Trial 1 finished with value: 0.27073204286599606 and parameters: {'n_d': 33, 'n_a': 34, 'n_steps': 4, 'gamma': 1.1053762188338951, 'lambda_sparse': 0.0008336798787308414, 'lr': 0.000660425252564477, 'weight_decay': 6.611822285975065e-05}. Best is trial 1 with value: 0.27073204286599606.
/work/dlclarge2/latifajr-dl_lab_project/autoML/automl-exam-ss25-tabular-freiburg-template/automl-tabular-env/lib/python3.10/site-packages/pytorch_tabnet/callbacks.py:172: UserWarning: Best weights from best epoch are automatically used!
  warnings.warn(wrn_msg)
[I 2025-08-05 19:16:59,316] Trial 2 finished with value: -0.7277298456706025 and parameters: {'n_d': 10, 'n_a': 25, 'n_steps': 8, 'gamma': 1.9457868825643538, 'lambda_sparse': 0.00017961437478836945, 'lr': 0.030871569705536117, 'weight_decay': 0.00046755686764060356}. Best is trial 1 with value: 0.27073204286599606.
/work/dlclarge2/latifajr-dl_lab_project/autoML/automl-exam-ss25-tabular-freiburg-template/automl-tabular-env/lib/python3.10/site-packages/pytorch_tabnet/callbacks.py:172: UserWarning: Best weights from best epoch are automatically used!
  warnings.warn(wrn_msg)
[I 2025-08-05 19:17:33,108] Trial 3 finished with value: 0.3102205309692371 and parameters: {'n_d': 47, 'n_a': 42, 'n_steps': 7, 'gamma': 1.086360287877369, 'lambda_sparse': 0.0003759039999748078, 'lr': 0.0006417533956676641, 'weight_decay': 1.9310396895912284e-05}. Best is trial 3 with value: 0.3102205309692371.
/work/dlclarge2/latifajr-dl_lab_project/autoML/automl-exam-ss25-tabular-freiburg-template/automl-tabular-env/lib/python3.10/site-packages/pytorch_tabnet/callbacks.py:172: UserWarning: Best weights from best epoch are automatically used!
  warnings.warn(wrn_msg)
[I 2025-08-05 19:18:18,566] Trial 4 finished with value: -2.634448198757863 and parameters: {'n_d': 33, 'n_a': 57, 'n_steps': 10, 'gamma': 1.7612037619141194, 'lambda_sparse': 0.00046340298950193885, 'lr': 0.0001289068325766423, 'weight_decay': 0.0005448018605192191}. Best is trial 3 with value: 0.3102205309692371.
/work/dlclarge2/latifajr-dl_lab_project/autoML/automl-exam-ss25-tabular-freiburg-template/automl-tabular-env/lib/python3.10/site-packages/pytorch_tabnet/callbacks.py:172: UserWarning: Best weights from best epoch are automatically used!
  warnings.warn(wrn_msg)
