[I 2025-08-03 07:12:32,035] Trial 163 finished with value: -0.9346122861823608 and parameters: {'learning_rate': 0.03267059605844641, 'num_leaves': 38, 'max_depth': 15, 'min_child_samples': 10, 'feature_fraction': 0.5468460647806076, 'bagging_fraction': 0.6432409401840931, 'reg_alpha': 1.7058588180547603, 'reg_lambda': 1.5612051006789334e-08}. Best is trial 153 with value: -0.9358298611898934.
[I 2025-08-03 07:12:50,108] Trial 164 finished with value: -0.9275762660776465 and parameters: {'learning_rate': 0.03699621984310909, 'num_leaves': 30, 'max_depth': 15, 'min_child_samples': 100, 'feature_fraction': 0.537542046931521, 'bagging_fraction': 0.6973579385336856, 'reg_alpha': 2.9259632651219554, 'reg_lambda': 1.335104316862013e-07}. Best is trial 153 with value: -0.9358298611898934.
[I 2025-08-03 07:13:14,691] Trial 165 finished with value: -0.9347917635614131 and parameters: {'learning_rate': 0.028528398630516878, 'num_leaves': 47, 'max_depth': 14, 'min_child_samples': 12, 'feature_fraction': 0.501325452554933, 'bagging_fraction': 0.6719243269520888, 'reg_alpha': 1.8607311595594158, 'reg_lambda': 3.9218752200435076e-08}. Best is trial 153 with value: -0.9358298611898934.
[I 2025-08-03 07:13:26,832] Trial 166 finished with value: -0.9326613318740252 and parameters: {'learning_rate': 0.03136491857164602, 'num_leaves': 18, 'max_depth': 15, 'min_child_samples': 13, 'feature_fraction': 0.5227642695843381, 'bagging_fraction': 0.7134059223596517, 'reg_alpha': 6.982817477883682, 'reg_lambda': 2.483577230713411e-08}. Best is trial 153 with value: -0.9358298611898934.
[I 2025-08-03 07:13:46,066] Trial 167 finished with value: -0.9357277072398383 and parameters: {'learning_rate': 0.033925670795968615, 'num_leaves': 35, 'max_depth': 15, 'min_child_samples': 10, 'feature_fraction': 0.5470512390722901, 'bagging_fraction': 0.6286075233079996, 'reg_alpha': 1.2257032810017086, 'reg_lambda': 5.165815423788978e-07}. Best is trial 153 with value: -0.9358298611898934.
[I 2025-08-03 07:14:07,411] Trial 168 finished with value: -0.9340933428927178 and parameters: {'learning_rate': 0.03317355005539217, 'num_leaves': 40, 'max_depth': 14, 'min_child_samples': 15, 'feature_fraction': 0.5506628308874718, 'bagging_fraction': 0.6014048340395847, 'reg_alpha': 1.4060942124597267, 'reg_lambda': 9.225892895599193e-06}. Best is trial 153 with value: -0.9358298611898934.
[I 2025-08-03 07:14:22,656] Trial 169 finished with value: -0.933164215203228 and parameters: {'learning_rate': 0.029068550658471987, 'num_leaves': 25, 'max_depth': 15, 'min_child_samples': 12, 'feature_fraction': 0.5324560471526852, 'bagging_fraction': 0.6600420655156576, 'reg_alpha': 0.9295757029991557, 'reg_lambda': 8.757931884367016e-07}. Best is trial 153 with value: -0.9358298611898934.
[I 2025-08-03 07:14:51,862] Trial 170 finished with value: -0.9330001113930287 and parameters: {'learning_rate': 0.03185040245066909, 'num_leaves': 55, 'max_depth': 15, 'min_child_samples': 10, 'feature_fraction': 0.9373836115120877, 'bagging_fraction': 0.6822728735178764, 'reg_alpha': 2.5709825449471166, 'reg_lambda': 1.7854500641495497e-07}. Best is trial 153 with value: -0.9358298611898934.
[I 2025-08-03 07:15:10,348] Trial 171 finished with value: -0.9352370953101452 and parameters: {'learning_rate': 0.035135206240501336, 'num_leaves': 34, 'max_depth': 15, 'min_child_samples': 10, 'feature_fraction': 0.5432841287682667, 'bagging_fraction': 0.6228446194441297, 'reg_alpha': 3.767073919544106, 'reg_lambda': 1.5722270317286e-08}. Best is trial 153 with value: -0.9358298611898934.
[I 2025-08-03 07:15:29,612] Trial 172 finished with value: -0.9339313820531447 and parameters: {'learning_rate': 0.03705895663397553, 'num_leaves': 36, 'max_depth': 15, 'min_child_samples': 12, 'feature_fraction': 0.5474012389301592, 'bagging_fraction': 0.5758743484121026, 'reg_alpha': 4.726229408592821, 'reg_lambda': 1.7357214259446367e-08}. Best is trial 153 with value: -0.9358298611898934.
[I 2025-08-03 07:15:45,598] Trial 173 finished with value: -0.9342941012192884 and parameters: {'learning_rate': 0.03968112085145565, 'num_leaves': 28, 'max_depth': 15, 'min_child_samples': 14, 'feature_fraction': 0.5408826547504543, 'bagging_fraction': 0.6239337656508216, 'reg_alpha': 0.5905410347146438, 'reg_lambda': 5.645055720939328e-08}. Best is trial 153 with value: -0.9358298611898934.
[I 2025-08-03 07:16:50,153] Trial 174 finished with value: -0.9324794658615687 and parameters: {'learning_rate': 0.03454209499401368, 'num_leaves': 238, 'max_depth': 15, 'min_child_samples': 10, 'feature_fraction': 0.5322746353234962, 'bagging_fraction': 0.6244803716973832, 'reg_alpha': 1.170835174198781, 'reg_lambda': 3.037335377066019e-08}. Best is trial 153 with value: -0.9358298611898934.
[I 2025-08-03 07:17:13,748] Trial 175 finished with value: -0.9349523790468662 and parameters: {'learning_rate': 0.0298752377818464, 'num_leaves': 44, 'max_depth': 15, 'min_child_samples': 12, 'feature_fraction': 0.5534938518068931, 'bagging_fraction': 0.6040185496806969, 'reg_alpha': 3.9999686568424515, 'reg_lambda': 1.5170440686194815e-08}. Best is trial 153 with value: -0.9358298611898934.
[I 2025-08-03 07:17:33,109] Trial 176 finished with value: -0.9336498080949379 and parameters: {'learning_rate': 0.033347339844381534, 'num_leaves': 36, 'max_depth': 14, 'min_child_samples': 16, 'feature_fraction': 0.5261796564328022, 'bagging_fraction': 0.561576017416619, 'reg_alpha': 1.7883223857114745, 'reg_lambda': 2.3205561679846234e-08}. Best is trial 153 with value: -0.9358298611898934.
[I 2025-08-03 07:17:46,698] Trial 177 finished with value: -0.9347620486287076 and parameters: {'learning_rate': 0.031283780141962654, 'num_leaves': 21, 'max_depth': 15, 'min_child_samples': 10, 'feature_fraction': 0.542373873748493, 'bagging_fraction': 0.5884343119151151, 'reg_alpha': 2.6712196409142104, 'reg_lambda': 4.587194860669586e-07}. Best is trial 153 with value: -0.9358298611898934.
[I 2025-08-03 07:18:03,357] Trial 178 finished with value: -0.934136473898 and parameters: {'learning_rate': 0.03606915092412474, 'num_leaves': 29, 'max_depth': 15, 'min_child_samples': 14, 'feature_fraction': 0.5106988206794496, 'bagging_fraction': 0.6147373220063912, 'reg_alpha': 0.6959341285682731, 'reg_lambda': 3.5007290917103023e-08}. Best is trial 153 with value: -0.9358298611898934.
[I 2025-08-03 07:18:22,160] Trial 179 finished with value: -0.9336798580631015 and parameters: {'learning_rate': 0.028100782342010563, 'num_leaves': 32, 'max_depth': 15, 'min_child_samples': 12, 'feature_fraction': 0.5680126467586561, 'bagging_fraction': 0.7190113494058328, 'reg_alpha': 5.912800421862881, 'reg_lambda': 1.4579714936154255e-08}. Best is trial 153 with value: -0.9358298611898934.
[I 2025-08-03 07:18:44,073] Trial 180 finished with value: -0.9348445198657348 and parameters: {'learning_rate': 0.03881600315943087, 'num_leaves': 41, 'max_depth': 14, 'min_child_samples': 10, 'feature_fraction': 0.5502267715742355, 'bagging_fraction': 0.6343525681440836, 'reg_alpha': 1.1167109229459526, 'reg_lambda': 6.859301145517953e-08}. Best is trial 153 with value: -0.9358298611898934.
[I 2025-08-03 07:19:03,354] Trial 181 finished with value: -0.9360705907673996 and parameters: {'learning_rate': 0.03428390132778631, 'num_leaves': 33, 'max_depth': 15, 'min_child_samples': 10, 'feature_fraction': 0.5167317316643383, 'bagging_fraction': 0.7012104426133072, 'reg_alpha': 9.946848288734214, 'reg_lambda': 1.0149182725275904e-08}. Best is trial 181 with value: -0.9360705907673996.
[I 2025-08-03 07:19:21,906] Trial 182 finished with value: -0.9333529701922955 and parameters: {'learning_rate': 0.03182765966198504, 'num_leaves': 33, 'max_depth': 15, 'min_child_samples': 12, 'feature_fraction': 0.5266032723806706, 'bagging_fraction': 0.6952779269603142, 'reg_alpha': 9.118986608630715, 'reg_lambda': 2.0639245275396218e-08}. Best is trial 181 with value: -0.9360705907673996.
[I 2025-08-03 07:19:36,921] Trial 183 finished with value: -0.9353252148585439 and parameters: {'learning_rate': 0.03443048285788272, 'num_leaves': 25, 'max_depth': 15, 'min_child_samples': 10, 'feature_fraction': 0.5150765022408474, 'bagging_fraction': 0.7078339693905232, 'reg_alpha': 4.76690507052742, 'reg_lambda': 1.4366313392522739e-08}. Best is trial 181 with value: -0.9360705907673996.
[I 2025-08-03 07:19:51,891] Trial 184 finished with value: -0.9342725743404666 and parameters: {'learning_rate': 0.03476263335643082, 'num_leaves': 25, 'max_depth': 15, 'min_child_samples': 14, 'feature_fraction': 0.5144914875445119, 'bagging_fraction': 0.7041284455354292, 'reg_alpha': 3.3284350889641843, 'reg_lambda': 1.3864952826093588e-08}. Best is trial 181 with value: -0.9360705907673996.
[I 2025-08-03 07:20:04,235] Trial 185 finished with value: -0.9336844521803261 and parameters: {'learning_rate': 0.040904233582286585, 'num_leaves': 19, 'max_depth': 15, 'min_child_samples': 12, 'feature_fraction': 0.5366093900044184, 'bagging_fraction': 0.6499852324699446, 'reg_alpha': 5.852190740699685, 'reg_lambda': 2.268321971750365e-08}. Best is trial 181 with value: -0.9360705907673996.
[I 2025-08-03 07:20:13,515] Trial 186 finished with value: -0.9314757052856972 and parameters: {'learning_rate': 0.029872951061403395, 'num_leaves': 12, 'max_depth': 15, 'min_child_samples': 10, 'feature_fraction': 0.5008338105219996, 'bagging_fraction': 0.6893747732329316, 'reg_alpha': 3.901699789640517, 'reg_lambda': 4.0289185617735385e-08}. Best is trial 181 with value: -0.9360705907673996.
[I 2025-08-03 07:20:30,350] Trial 187 finished with value: -0.9352297564927224 and parameters: {'learning_rate': 0.036450395463377756, 'num_leaves': 29, 'max_depth': 15, 'min_child_samples': 13, 'feature_fraction': 0.5177512130595614, 'bagging_fraction': 0.7111358540760918, 'reg_alpha': 9.651151442140266, 'reg_lambda': 1.468794493278703e-08}. Best is trial 181 with value: -0.9360705907673996.
[I 2025-08-03 07:20:45,417] Trial 188 finished with value: -0.9333597385355255 and parameters: {'learning_rate': 0.03730120299212558, 'num_leaves': 25, 'max_depth': 14, 'min_child_samples': 17, 'feature_fraction': 0.5155473484540091, 'bagging_fraction': 0.7070185087471398, 'reg_alpha': 8.908258956749258, 'reg_lambda': 1.3884463457889045e-08}. Best is trial 181 with value: -0.9360705907673996.
[I 2025-08-03 07:21:09,400] Trial 189 finished with value: -0.9339766539807264 and parameters: {'learning_rate': 0.042090401986481916, 'num_leaves': 49, 'max_depth': 15, 'min_child_samples': 14, 'feature_fraction': 0.5217288737462803, 'bagging_fraction': 0.6759635520778967, 'reg_alpha': 6.217351987164664, 'reg_lambda': 1.0279560577056442e-08}. Best is trial 181 with value: -0.9360705907673996.
[I 2025-08-03 07:21:30,455] Trial 190 finished with value: -0.9331207512442241 and parameters: {'learning_rate': 0.036284287434254194, 'num_leaves': 39, 'max_depth': 15, 'min_child_samples': 32, 'feature_fraction': 0.5082923482883489, 'bagging_fraction': 0.7115518391379823, 'reg_alpha': 2.067215610924686, 'reg_lambda': 3.0634504192580306e-06}. Best is trial 181 with value: -0.9360705907673996.
[I 2025-08-03 07:21:47,455] Trial 191 finished with value: -0.9346326238685503 and parameters: {'learning_rate': 0.03276414770052275, 'num_leaves': 29, 'max_depth': 15, 'min_child_samples': 12, 'feature_fraction': 0.5377848438600612, 'bagging_fraction': 0.6963928779957994, 'reg_alpha': 9.777581771919424, 'reg_lambda': 2.0491726458039956e-08}. Best is trial 181 with value: -0.9360705907673996.
[I 2025-08-03 07:22:05,612] Trial 192 finished with value: -0.935760434675958 and parameters: {'learning_rate': 0.03443541045978789, 'num_leaves': 32, 'max_depth': 15, 'min_child_samples': 10, 'feature_fraction': 0.5292896439186329, 'bagging_fraction': 0.9238170881655938, 'reg_alpha': 4.232439799740176, 'reg_lambda': 1.5461796613316166e-08}. Best is trial 181 with value: -0.9360705907673996.
[I 2025-08-03 07:22:19,438] Trial 193 finished with value: -0.9346710553995218 and parameters: {'learning_rate': 0.03447606767304995, 'num_leaves': 22, 'max_depth': 15, 'min_child_samples': 12, 'feature_fraction': 0.5232512525373239, 'bagging_fraction': 0.8462145605736469, 'reg_alpha': 4.372691410616323, 'reg_lambda': 2.9100143439212333e-08}. Best is trial 181 with value: -0.9360705907673996.
[I 2025-08-03 07:22:39,845] Trial 194 finished with value: -0.9351615269345145 and parameters: {'learning_rate': 0.030123177520323237, 'num_leaves': 37, 'max_depth': 15, 'min_child_samples': 10, 'feature_fraction': 0.5459674826985637, 'bagging_fraction': 0.8605886207338499, 'reg_alpha': 5.431257420020553, 'reg_lambda': 1.0089660193364526e-08}. Best is trial 181 with value: -0.9360705907673996.
[I 2025-08-03 07:22:57,439] Trial 195 finished with value: -0.9341783317507405 and parameters: {'learning_rate': 0.03841762093653119, 'num_leaves': 31, 'max_depth': 15, 'min_child_samples': 13, 'feature_fraction': 0.5579004517086213, 'bagging_fraction': 0.8977954901187861, 'reg_alpha': 1.9678286334044224, 'reg_lambda': 1.615783569530868e-08}. Best is trial 181 with value: -0.9360705907673996.
[I 2025-08-03 07:23:19,243] Trial 196 finished with value: -0.9339678940262325 and parameters: {'learning_rate': 0.03543067692349756, 'num_leaves': 43, 'max_depth': 15, 'min_child_samples': 15, 'feature_fraction': 0.5145290072048797, 'bagging_fraction': 0.7194177767611972, 'reg_alpha': 4.0046408069576085, 'reg_lambda': 2.6014561101857903e-08}. Best is trial 181 with value: -0.9360705907673996.
[I 2025-08-03 07:23:35,324] Trial 197 finished with value: -0.9346030352917502 and parameters: {'learning_rate': 0.031112879426371712, 'num_leaves': 27, 'max_depth': 15, 'min_child_samples': 12, 'feature_fraction': 0.530188421815321, 'bagging_fraction': 0.9356052893587504, 'reg_alpha': 6.466565235559564, 'reg_lambda': 1.4313871961263417e-08}. Best is trial 181 with value: -0.9360705907673996.
[I 2025-08-03 07:23:55,016] Trial 198 finished with value: -0.9359858091389576 and parameters: {'learning_rate': 0.03390904294295416, 'num_leaves': 36, 'max_depth': 14, 'min_child_samples': 10, 'feature_fraction': 0.5432189004782323, 'bagging_fraction': 0.9596435529187335, 'reg_alpha': 1.4052755385889844, 'reg_lambda': 1.0002236851034973e-08}. Best is trial 181 with value: -0.9360705907673996.
[I 2025-08-03 07:24:15,036] Trial 199 finished with value: -0.9357230287678283 and parameters: {'learning_rate': 0.033914817435385006, 'num_leaves': 37, 'max_depth': 14, 'min_child_samples': 10, 'feature_fraction': 0.5423524525361852, 'bagging_fraction': 0.9229372443107665, 'reg_alpha': 2.290289122523194, 'reg_lambda': 4.4279852807196924e-08}. Best is trial 181 with value: -0.9360705907673996.
[I 2025-08-03 07:24:39,258] Trial 200 finished with value: -0.9353575669661566 and parameters: {'learning_rate': 0.02773734394298706, 'num_leaves': 46, 'max_depth': 14, 'min_child_samples': 10, 'feature_fraction': 0.5444007823656233, 'bagging_fraction': 0.9835920925279238, 'reg_alpha': 1.297532306488641, 'reg_lambda': 4.8073246443026483e-08}. Best is trial 181 with value: -0.9360705907673996.
[I 2025-08-03 07:25:00,503] Trial 201 finished with value: -0.9347559566208752 and parameters: {'learning_rate': 0.027957360598960205, 'num_leaves': 39, 'max_depth': 14, 'min_child_samples': 10, 'feature_fraction': 0.5446415771586711, 'bagging_fraction': 0.9719253753221275, 'reg_alpha': 1.2145965240647951, 'reg_lambda': 7.781962715034553e-08}. Best is trial 181 with value: -0.9360705907673996.
[I 2025-08-03 07:25:23,370] Trial 202 finished with value: -0.934850927805407 and parameters: {'learning_rate': 0.03317352742757713, 'num_leaves': 44, 'max_depth': 14, 'min_child_samples': 10, 'feature_fraction': 0.538861666857773, 'bagging_fraction': 0.992882698165787, 'reg_alpha': 1.6970808759014626, 'reg_lambda': 4.879447103940488e-08}. Best is trial 181 with value: -0.9360705907673996.
[I 2025-08-03 07:25:42,682] Trial 203 finished with value: -0.9345708844689377 and parameters: {'learning_rate': 0.030885981771989746, 'num_leaves': 35, 'max_depth': 14, 'min_child_samples': 11, 'feature_fraction': 0.5565179111244556, 'bagging_fraction': 0.9199918517982799, 'reg_alpha': 0.6766090615116547, 'reg_lambda': 3.403307225456969e-08}. Best is trial 181 with value: -0.9360705907673996.
[I 2025-08-03 07:26:08,231] Trial 204 finished with value: -0.9343547301187584 and parameters: {'learning_rate': 0.026432529462486188, 'num_leaves': 49, 'max_depth': 14, 'min_child_samples': 10, 'feature_fraction': 0.5296818807018012, 'bagging_fraction': 0.96629153786049, 'reg_alpha': 2.32794779947995, 'reg_lambda': 1.1336799140129926e-07}. Best is trial 181 with value: -0.9360705907673996.
[I 2025-08-03 07:26:27,964] Trial 205 finished with value: -0.9344656141696437 and parameters: {'learning_rate': 0.033798985830615025, 'num_leaves': 37, 'max_depth': 14, 'min_child_samples': 12, 'feature_fraction': 0.5494735850480678, 'bagging_fraction': 0.8965020962765471, 'reg_alpha': 1.2986193394877055, 'reg_lambda': 2.2406113635945516e-08}. Best is trial 181 with value: -0.9360705907673996.
[I 2025-08-03 07:26:51,692] Trial 206 finished with value: -0.9349093242819891 and parameters: {'learning_rate': 0.029803461482525148, 'num_leaves': 45, 'max_depth': 15, 'min_child_samples': 10, 'feature_fraction': 0.5403055881135679, 'bagging_fraction': 0.9293352146095755, 'reg_alpha': 0.9883249062535273, 'reg_lambda': 5.4224014866610215e-08}. Best is trial 181 with value: -0.9360705907673996.
[I 2025-08-03 07:27:10,369] Trial 207 finished with value: -0.934228752160303 and parameters: {'learning_rate': 0.03189327002420298, 'num_leaves': 33, 'max_depth': 15, 'min_child_samples': 14, 'feature_fraction': 0.5265272595676239, 'bagging_fraction': 0.9674619962381839, 'reg_alpha': 2.3442293938690972, 'reg_lambda': 3.413340062822703e-08}. Best is trial 181 with value: -0.9360705907673996.
[I 2025-08-03 07:27:32,916] Trial 208 finished with value: -0.9338896816206669 and parameters: {'learning_rate': 0.028515877167469592, 'num_leaves': 41, 'max_depth': 14, 'min_child_samples': 12, 'feature_fraction': 0.5643287595028774, 'bagging_fraction': 0.9950140634203832, 'reg_alpha': 3.5685688184344726, 'reg_lambda': 1.0213173250137646e-08}. Best is trial 181 with value: -0.9360705907673996.
[I 2025-08-03 07:28:00,680] Trial 209 finished with value: -0.9331878639461738 and parameters: {'learning_rate': 0.033994418582661154, 'num_leaves': 52, 'max_depth': 15, 'min_child_samples': 10, 'feature_fraction': 0.8160822949972002, 'bagging_fraction': 0.9548012584741101, 'reg_alpha': 0.5483014123297563, 'reg_lambda': 1.976614697479947e-08}. Best is trial 181 with value: -0.9360705907673996.
[I 2025-08-03 07:28:20,172] Trial 210 finished with value: -0.9340005916958141 and parameters: {'learning_rate': 0.031350109237123586, 'num_leaves': 35, 'max_depth': 15, 'min_child_samples': 13, 'feature_fraction': 0.5478572253677153, 'bagging_fraction': 0.9445568968273267, 'reg_alpha': 1.5994243317528378, 'reg_lambda': 2.4432604234839477e-07}. Best is trial 181 with value: -0.9360705907673996.
[I 2025-08-03 07:28:36,978] Trial 211 finished with value: -0.934798484615848 and parameters: {'learning_rate': 0.03602635768943169, 'num_leaves': 29, 'max_depth': 15, 'min_child_samples': 12, 'feature_fraction': 0.5191520502532805, 'bagging_fraction': 0.9767450169120715, 'reg_alpha': 2.8435598451347386, 'reg_lambda': 1.5367941278613614e-08}. Best is trial 181 with value: -0.9360705907673996.
[I 2025-08-03 07:28:54,338] Trial 212 finished with value: -0.9350536155065275 and parameters: {'learning_rate': 0.034383744550267846, 'num_leaves': 31, 'max_depth': 15, 'min_child_samples': 13, 'feature_fraction': 0.5334607761932573, 'bagging_fraction': 0.9837837627116363, 'reg_alpha': 4.153556106775343, 'reg_lambda': 1.5245321618283314e-08}. Best is trial 181 with value: -0.9360705907673996.
[I 2025-08-03 07:29:08,955] Trial 213 finished with value: -0.9347133466068798 and parameters: {'learning_rate': 0.0388828835537423, 'num_leaves': 24, 'max_depth': 15, 'min_child_samples': 10, 'feature_fraction': 0.5002057378083555, 'bagging_fraction': 0.5140025668360881, 'reg_alpha': 0.9897077659056205, 'reg_lambda': 2.2605586162146562e-08}. Best is trial 181 with value: -0.9360705907673996.
[I 2025-08-03 07:29:15,173] Trial 214 finished with value: -0.9233888922695933 and parameters: {'learning_rate': 0.03616725273436032, 'num_leaves': 40, 'max_depth': 3, 'min_child_samples': 12, 'feature_fraction': 0.5158679105630822, 'bagging_fraction': 0.9556959259000118, 'reg_alpha': 2.255425222581096, 'reg_lambda': 1.392856360066829e-08}. Best is trial 181 with value: -0.9360705907673996.
[I 2025-08-03 07:29:26,963] Trial 215 finished with value: -0.9323937165207301 and parameters: {'learning_rate': 0.03249066727832315, 'num_leaves': 17, 'max_depth': 15, 'min_child_samples': 14, 'feature_fraction': 0.5246517592752933, 'bagging_fraction': 0.9604015960642281, 'reg_alpha': 0.033554643233855444, 'reg_lambda': 2.914944962404831e-08}. Best is trial 181 with value: -0.9360705907673996.
[I 2025-08-03 07:29:48,215] Trial 216 finished with value: -0.9297725749413487 and parameters: {'learning_rate': 0.02954110669400786, 'num_leaves': 38, 'max_depth': 15, 'min_child_samples': 69, 'feature_fraction': 0.5382159249200698, 'bagging_fraction': 0.9126124169432548, 'reg_alpha': 1.4931707278074124, 'reg_lambda': 1.0016834524525725e-08}. Best is trial 181 with value: -0.9360705907673996.
[I 2025-08-03 07:30:07,342] Trial 217 finished with value: -0.9277441421590011 and parameters: {'learning_rate': 0.034168675123239414, 'num_leaves': 32, 'max_depth': 15, 'min_child_samples': 87, 'feature_fraction': 0.5080329147268341, 'bagging_fraction': 0.8939265198242937, 'reg_alpha': 0.013484372919673256, 'reg_lambda': 4.267730207189557e-08}. Best is trial 181 with value: -0.9360705907673996.
