[I 2025-08-02 13:01:02,108] Trial 16 finished with value: 0.9019298494854137 and parameters: {'n_d': 58, 'n_a': 31, 'n_steps': 5, 'gamma': 1.3707580072773973, 'lambda_sparse': 0.00023453913221580425, 'lr': 0.0018127545724824883, 'weight_decay': 0.0005073656660444741}. Best is trial 14 with value: 0.9048206117813853.
/work/dlclarge2/alidemaa-dl_lab/automl/automl-exam-ss25-tabular-freiburg-template/automl-tabular-env/lib/python3.10/site-packages/pytorch_tabnet/callbacks.py:172: UserWarning: Best weights from best epoch are automatically used!
  warnings.warn(wrn_msg)
[I 2025-08-02 13:02:26,248] Trial 17 finished with value: 0.8669487708359036 and parameters: {'n_d': 56, 'n_a': 31, 'n_steps': 4, 'gamma': 1.0882058799136927, 'lambda_sparse': 0.00022620896422432065, 'lr': 0.001307333780557599, 'weight_decay': 0.00028131401545570514}. Best is trial 14 with value: 0.9048206117813853.
/work/dlclarge2/alidemaa-dl_lab/automl/automl-exam-ss25-tabular-freiburg-template/automl-tabular-env/lib/python3.10/site-packages/pytorch_tabnet/callbacks.py:172: UserWarning: Best weights from best epoch are automatically used!
  warnings.warn(wrn_msg)
[I 2025-08-02 13:03:50,830] Trial 18 finished with value: 0.8859116181578569 and parameters: {'n_d': 45, 'n_a': 46, 'n_steps': 4, 'gamma': 1.0064792934763507, 'lambda_sparse': 7.02445700926634e-05, 'lr': 0.0009059598605713454, 'weight_decay': 0.0008427929389414153}. Best is trial 14 with value: 0.9048206117813853.
/work/dlclarge2/alidemaa-dl_lab/automl/automl-exam-ss25-tabular-freiburg-template/automl-tabular-env/lib/python3.10/site-packages/pytorch_tabnet/callbacks.py:172: UserWarning: Best weights from best epoch are automatically used!
  warnings.warn(wrn_msg)
[I 2025-08-02 13:05:23,693] Trial 19 finished with value: 0.9030684118326651 and parameters: {'n_d': 42, 'n_a': 13, 'n_steps': 6, 'gamma': 1.377684782642336, 'lambda_sparse': 0.0003832413956403683, 'lr': 0.006940564912188924, 'weight_decay': 7.220418253743489e-05}. Best is trial 14 with value: 0.9048206117813853.
/work/dlclarge2/alidemaa-dl_lab/automl/automl-exam-ss25-tabular-freiburg-template/automl-tabular-env/lib/python3.10/site-packages/pytorch_tabnet/callbacks.py:172: UserWarning: Best weights from best epoch are automatically used!
  warnings.warn(wrn_msg)
[I 2025-08-02 13:07:07,732] A new study created in memory with name: no-name-fac420f8-33e4-4383-9a58-a1c5d8ea018b
/work/dlclarge2/alidemaa-dl_lab/automl/automl-exam-ss25-tabular-freiburg-template/automl-tabular-env/lib/python3.10/site-packages/pytorch_tabnet/callbacks.py:172: UserWarning: Best weights from best epoch are automatically used!
  warnings.warn(wrn_msg)
[I 2025-08-02 13:08:23,503] Trial 0 finished with value: 0.7847028413922328 and parameters: {'n_d': 44, 'n_a': 53, 'n_steps': 5, 'gamma': 1.723147620795397, 'lambda_sparse': 8.731846454203402e-05, 'lr': 0.0002527674012587426, 'weight_decay': 0.0009435942680680407}. Best is trial 0 with value: 0.7847028413922328.
/work/dlclarge2/alidemaa-dl_lab/automl/automl-exam-ss25-tabular-freiburg-template/automl-tabular-env/lib/python3.10/site-packages/pytorch_tabnet/callbacks.py:172: UserWarning: Best weights from best epoch are automatically used!
  warnings.warn(wrn_msg)
[I 2025-08-02 13:10:17,654] Trial 1 finished with value: 0.8574163768135364 and parameters: {'n_d': 30, 'n_a': 34, 'n_steps': 8, 'gamma': 1.530630382559536, 'lambda_sparse': 0.007791147504446974, 'lr': 0.015952321073374538, 'weight_decay': 1.2191383567963962e-06}. Best is trial 1 with value: 0.8574163768135364.
/work/dlclarge2/alidemaa-dl_lab/automl/automl-exam-ss25-tabular-freiburg-template/automl-tabular-env/lib/python3.10/site-packages/pytorch_tabnet/callbacks.py:172: UserWarning: Best weights from best epoch are automatically used!
  warnings.warn(wrn_msg)
[I 2025-08-02 13:12:24,275] Trial 2 finished with value: 0.8815160506758836 and parameters: {'n_d': 31, 'n_a': 39, 'n_steps': 9, 'gamma': 1.1210547894092928, 'lambda_sparse': 3.7497831821287845e-05, 'lr': 0.061053514935359744, 'weight_decay': 0.00019240648985950845}. Best is trial 2 with value: 0.8815160506758836.
/work/dlclarge2/alidemaa-dl_lab/automl/automl-exam-ss25-tabular-freiburg-template/automl-tabular-env/lib/python3.10/site-packages/pytorch_tabnet/callbacks.py:172: UserWarning: Best weights from best epoch are automatically used!
  warnings.warn(wrn_msg)
[I 2025-08-02 13:13:50,470] Trial 3 finished with value: 0.871821905307381 and parameters: {'n_d': 9, 'n_a': 53, 'n_steps': 6, 'gamma': 1.605320674543824, 'lambda_sparse': 3.8038654415087635e-05, 'lr': 0.0027549194169828456, 'weight_decay': 6.40099665900774e-05}. Best is trial 2 with value: 0.8815160506758836.
/work/dlclarge2/alidemaa-dl_lab/automl/automl-exam-ss25-tabular-freiburg-template/automl-tabular-env/lib/python3.10/site-packages/pytorch_tabnet/callbacks.py:172: UserWarning: Best weights from best epoch are automatically used!
  warnings.warn(wrn_msg)
[I 2025-08-02 13:14:55,620] Trial 4 finished with value: 0.8863077439838414 and parameters: {'n_d': 40, 'n_a': 40, 'n_steps': 3, 'gamma': 1.5156983983055234, 'lambda_sparse': 0.00012048902817378407, 'lr': 0.007272344509194928, 'weight_decay': 4.640282045313482e-06}. Best is trial 4 with value: 0.8863077439838414.
/work/dlclarge2/alidemaa-dl_lab/automl/automl-exam-ss25-tabular-freiburg-template/automl-tabular-env/lib/python3.10/site-packages/pytorch_tabnet/callbacks.py:172: UserWarning: Best weights from best epoch are automatically used!
  warnings.warn(wrn_msg)
[I 2025-08-02 13:15:24,925] Trial 5 finished with value: 0.6258074552560571 and parameters: {'n_d': 11, 'n_a': 40, 'n_steps': 5, 'gamma': 1.2624022859889839, 'lambda_sparse': 0.00793002742022023, 'lr': 0.09460524805183605, 'weight_decay': 0.0001494475303934716}. Best is trial 4 with value: 0.8863077439838414.
/work/dlclarge2/alidemaa-dl_lab/automl/automl-exam-ss25-tabular-freiburg-template/automl-tabular-env/lib/python3.10/site-packages/pytorch_tabnet/callbacks.py:172: UserWarning: Best weights from best epoch are automatically used!
  warnings.warn(wrn_msg)
[I 2025-08-02 13:17:17,703] Trial 6 finished with value: 0.8075456189273664 and parameters: {'n_d': 8, 'n_a': 48, 'n_steps': 8, 'gamma': 1.025185883636283, 'lambda_sparse': 0.0031770436806456102, 'lr': 0.0003980798944486999, 'weight_decay': 0.0003939394997656405}. Best is trial 4 with value: 0.8863077439838414.
/work/dlclarge2/alidemaa-dl_lab/automl/automl-exam-ss25-tabular-freiburg-template/automl-tabular-env/lib/python3.10/site-packages/pytorch_tabnet/callbacks.py:172: UserWarning: Best weights from best epoch are automatically used!
  warnings.warn(wrn_msg)
[I 2025-08-02 13:18:49,841] Trial 7 finished with value: 0.7062881072306004 and parameters: {'n_d': 21, 'n_a': 51, 'n_steps': 6, 'gamma': 1.2253356656110954, 'lambda_sparse': 0.00412279826104725, 'lr': 0.00013452885311647161, 'weight_decay': 1.1892631793334924e-05}. Best is trial 4 with value: 0.8863077439838414.
/work/dlclarge2/alidemaa-dl_lab/automl/automl-exam-ss25-tabular-freiburg-template/automl-tabular-env/lib/python3.10/site-packages/pytorch_tabnet/callbacks.py:172: UserWarning: Best weights from best epoch are automatically used!
  warnings.warn(wrn_msg)
[I 2025-08-02 13:21:04,315] Trial 8 finished with value: 0.7444434482485089 and parameters: {'n_d': 35, 'n_a': 13, 'n_steps': 10, 'gamma': 1.833458222548717, 'lambda_sparse': 0.000576511484804243, 'lr': 0.002135653939564149, 'weight_decay': 1.4482557254242275e-06}. Best is trial 4 with value: 0.8863077439838414.
/work/dlclarge2/alidemaa-dl_lab/automl/automl-exam-ss25-tabular-freiburg-template/automl-tabular-env/lib/python3.10/site-packages/pytorch_tabnet/callbacks.py:172: UserWarning: Best weights from best epoch are automatically used!
  warnings.warn(wrn_msg)
[I 2025-08-02 13:23:08,477] Trial 9 finished with value: 0.7602915323262638 and parameters: {'n_d': 35, 'n_a': 11, 'n_steps': 9, 'gamma': 1.0569536167016165, 'lambda_sparse': 0.0007698127052339371, 'lr': 0.0003625374063284404, 'weight_decay': 7.981768750251902e-05}. Best is trial 4 with value: 0.8863077439838414.
/work/dlclarge2/alidemaa-dl_lab/automl/automl-exam-ss25-tabular-freiburg-template/automl-tabular-env/lib/python3.10/site-packages/pytorch_tabnet/callbacks.py:172: UserWarning: Best weights from best epoch are automatically used!
  warnings.warn(wrn_msg)
[I 2025-08-02 13:24:17,902] Trial 10 finished with value: 0.9023119586712344 and parameters: {'n_d': 59, 'n_a': 28, 'n_steps': 3, 'gamma': 1.3896861905003615, 'lambda_sparse': 1.2385250731720158e-05, 'lr': 0.012376475630312654, 'weight_decay': 8.740301969890314e-06}. Best is trial 10 with value: 0.9023119586712344.
/work/dlclarge2/alidemaa-dl_lab/automl/automl-exam-ss25-tabular-freiburg-template/automl-tabular-env/lib/python3.10/site-packages/pytorch_tabnet/callbacks.py:172: UserWarning: Best weights from best epoch are automatically used!
  warnings.warn(wrn_msg)
[I 2025-08-02 13:25:25,871] Trial 11 finished with value: 0.8877684258955543 and parameters: {'n_d': 61, 'n_a': 26, 'n_steps': 3, 'gamma': 1.4305145265677597, 'lambda_sparse': 1.587672670392579e-05, 'lr': 0.012561271376833688, 'weight_decay': 8.227056124811717e-06}. Best is trial 10 with value: 0.9023119586712344.
/work/dlclarge2/alidemaa-dl_lab/automl/automl-exam-ss25-tabular-freiburg-template/automl-tabular-env/lib/python3.10/site-packages/pytorch_tabnet/callbacks.py:172: UserWarning: Best weights from best epoch are automatically used!
  warnings.warn(wrn_msg)
[I 2025-08-02 13:26:10,320] Trial 12 finished with value: 0.8967623425586942 and parameters: {'n_d': 64, 'n_a': 25, 'n_steps': 3, 'gamma': 1.358240391215067, 'lambda_sparse': 1.257570181581113e-05, 'lr': 0.016860911691477517, 'weight_decay': 1.3397571886491699e-05}. Best is trial 10 with value: 0.9023119586712344.
/work/dlclarge2/alidemaa-dl_lab/automl/automl-exam-ss25-tabular-freiburg-template/automl-tabular-env/lib/python3.10/site-packages/pytorch_tabnet/callbacks.py:172: UserWarning: Best weights from best epoch are automatically used!
  warnings.warn(wrn_msg)
[I 2025-08-02 13:26:30,403] Trial 13 finished with value: 0.6404530963004941 and parameters: {'n_d': 62, 'n_a': 22, 'n_steps': 4, 'gamma': 1.3490320653893162, 'lambda_sparse': 1.2922629840006199e-05, 'lr': 0.03217264478166226, 'weight_decay': 2.7840546965406962e-05}. Best is trial 10 with value: 0.9023119586712344.
/work/dlclarge2/alidemaa-dl_lab/automl/automl-exam-ss25-tabular-freiburg-template/automl-tabular-env/lib/python3.10/site-packages/pytorch_tabnet/callbacks.py:172: UserWarning: Best weights from best epoch are automatically used!
  warnings.warn(wrn_msg)
[I 2025-08-02 13:27:48,897] Trial 14 finished with value: 0.8699684840254474 and parameters: {'n_d': 51, 'n_a': 24, 'n_steps': 4, 'gamma': 1.9537230998436945, 'lambda_sparse': 1.084402916795123e-05, 'lr': 0.005965574705215886, 'weight_decay': 2.5339768463224267e-05}. Best is trial 10 with value: 0.9023119586712344.
/work/dlclarge2/alidemaa-dl_lab/automl/automl-exam-ss25-tabular-freiburg-template/automl-tabular-env/lib/python3.10/site-packages/pytorch_tabnet/callbacks.py:172: UserWarning: Best weights from best epoch are automatically used!
  warnings.warn(wrn_msg)
[I 2025-08-02 13:28:48,890] Trial 15 finished with value: 0.8803239077230239 and parameters: {'n_d': 50, 'n_a': 30, 'n_steps': 3, 'gamma': 1.3361317640336166, 'lambda_sparse': 4.8406521543039106e-05, 'lr': 0.0015852316918525693, 'weight_decay': 3.4338210123664028e-06}. Best is trial 10 with value: 0.9023119586712344.
/work/dlclarge2/alidemaa-dl_lab/automl/automl-exam-ss25-tabular-freiburg-template/automl-tabular-env/lib/python3.10/site-packages/pytorch_tabnet/callbacks.py:172: UserWarning: Best weights from best epoch are automatically used!
  warnings.warn(wrn_msg)
[I 2025-08-02 13:29:44,725] Trial 16 finished with value: 0.8956025519237315 and parameters: {'n_d': 55, 'n_a': 16, 'n_steps': 4, 'gamma': 1.6908955537151147, 'lambda_sparse': 0.00015390497939983793, 'lr': 0.02902276283590663, 'weight_decay': 1.4443069188921816e-05}. Best is trial 10 with value: 0.9023119586712344.
/work/dlclarge2/alidemaa-dl_lab/automl/automl-exam-ss25-tabular-freiburg-template/automl-tabular-env/lib/python3.10/site-packages/pytorch_tabnet/callbacks.py:172: UserWarning: Best weights from best epoch are automatically used!
  warnings.warn(wrn_msg)
[I 2025-08-02 13:31:00,542] Trial 17 finished with value: 0.9065205873392087 and parameters: {'n_d': 57, 'n_a': 64, 'n_steps': 5, 'gamma': 1.190745021888818, 'lambda_sparse': 0.0003106811974529849, 'lr': 0.007068220768347114, 'weight_decay': 4.068791294812078e-06}. Best is trial 17 with value: 0.9065205873392087.
/work/dlclarge2/alidemaa-dl_lab/automl/automl-exam-ss25-tabular-freiburg-template/automl-tabular-env/lib/python3.10/site-packages/pytorch_tabnet/callbacks.py:172: UserWarning: Best weights from best epoch are automatically used!
  warnings.warn(wrn_msg)
[I 2025-08-02 13:32:22,391] Trial 18 finished with value: 0.8718774034141601 and parameters: {'n_d': 54, 'n_a': 59, 'n_steps': 5, 'gamma': 1.1779151033068342, 'lambda_sparse': 0.001148377510158428, 'lr': 0.0010365240560964697, 'weight_decay': 3.3183684334192585e-06}. Best is trial 17 with value: 0.9065205873392087.
/work/dlclarge2/alidemaa-dl_lab/automl/automl-exam-ss25-tabular-freiburg-template/automl-tabular-env/lib/python3.10/site-packages/pytorch_tabnet/callbacks.py:172: UserWarning: Best weights from best epoch are automatically used!
  warnings.warn(wrn_msg)
[I 2025-08-02 13:34:05,224] Trial 19 finished with value: 0.8772230825496978 and parameters: {'n_d': 46, 'n_a': 64, 'n_steps': 7, 'gamma': 1.4413257209557002, 'lambda_sparse': 0.000283146022170816, 'lr': 0.006195320400587989, 'weight_decay': 6.761203311662475e-06}. Best is trial 17 with value: 0.9065205873392087.
/work/dlclarge2/alidemaa-dl_lab/automl/automl-exam-ss25-tabular-freiburg-template/automl-tabular-env/lib/python3.10/site-packages/pytorch_tabnet/callbacks.py:172: UserWarning: Best weights from best epoch are automatically used!
  warnings.warn(wrn_msg)
2025-08-02 13:35:44 [INFO] TabNet →      /work/dlclarge2/alidemaa-dl_lab/automl/automl-exam-ss25-tabular-freiburg-template/modelsFinal/tabnet (mean R²=0.9212)
2025-08-02 13:35:44 [INFO] Ensemble weights: TabPFN=0.335, Tree=0.332, TabNet=0.333
2025-08-02 13:35:44 [INFO] Loading individual models into memory...
/work/dlclarge2/alidemaa-dl_lab/automl/automl-exam-ss25-tabular-freiburg-template/automl-tabular-env/lib/python3.10/site-packages/pytorch_tabnet/abstract_model.py:82: UserWarning: Device used : cuda
  warnings.warn(f"Device used : {self.device}")
2025-08-02 13:35:49 [INFO] Saved weighted ensemble to /work/dlclarge2/alidemaa-dl_lab/automl/automl-exam-ss25-tabular-freiburg-template/modelsFinal/final_model.pkl
