[I 2025-08-03 06:52:46,255] Trial 108 finished with value: -0.9330555186945895 and parameters: {'learning_rate': 0.020381109825519966, 'num_leaves': 42, 'max_depth': 14, 'min_child_samples': 16, 'feature_fraction': 0.5088159237522022, 'bagging_fraction': 0.7548753333578053, 'reg_alpha': 0.0061632943462790095, 'reg_lambda': 2.443905611391476e-08}. Best is trial 72 with value: -0.9357034107499388.
[I 2025-08-03 06:53:12,513] Trial 109 finished with value: -0.9336269445273759 and parameters: {'learning_rate': 0.046812506743719784, 'num_leaves': 53, 'max_depth': 15, 'min_child_samples': 10, 'feature_fraction': 0.7091301857472234, 'bagging_fraction': 0.7903896308280696, 'reg_alpha': 0.02125328526476022, 'reg_lambda': 4.985410700963701e-08}. Best is trial 72 with value: -0.9357034107499388.
[I 2025-08-03 06:53:58,318] Trial 110 finished with value: -0.9328168266876266 and parameters: {'learning_rate': 0.025565206756196127, 'num_leaves': 98, 'max_depth': 14, 'min_child_samples': 14, 'feature_fraction': 0.7443074468862783, 'bagging_fraction': 0.7409651455290587, 'reg_alpha': 0.003500658347574573, 'reg_lambda': 1.1284768317372792e-07}. Best is trial 72 with value: -0.9357034107499388.
[I 2025-08-03 06:54:18,514] Trial 111 finished with value: -0.9337428235303522 and parameters: {'learning_rate': 0.024062283386178305, 'num_leaves': 35, 'max_depth': 14, 'min_child_samples': 12, 'feature_fraction': 0.5503435850093316, 'bagging_fraction': 0.7275728591352147, 'reg_alpha': 0.034573739737922764, 'reg_lambda': 1.602981489998179e-08}. Best is trial 72 with value: -0.9357034107499388.
[I 2025-08-03 06:54:40,091] Trial 112 finished with value: -0.9323335614456479 and parameters: {'learning_rate': 0.017738487626326273, 'num_leaves': 37, 'max_depth': 15, 'min_child_samples': 12, 'feature_fraction': 0.5395291390216717, 'bagging_fraction': 0.7156512899046718, 'reg_alpha': 0.0015066333015749985, 'reg_lambda': 4.4408698845354446e-08}. Best is trial 72 with value: -0.9357034107499388.
[I 2025-08-03 06:54:54,644] Trial 113 finished with value: -0.9339138622979768 and parameters: {'learning_rate': 0.033065123815958414, 'num_leaves': 23, 'max_depth': 14, 'min_child_samples': 19, 'feature_fraction': 0.5491002749625724, 'bagging_fraction': 0.7349420805767847, 'reg_alpha': 0.013332021861472976, 'reg_lambda': 2.7597694743565634e-08}. Best is trial 72 with value: -0.9357034107499388.
[I 2025-08-03 06:55:19,097] Trial 114 finished with value: -0.9342239997731411 and parameters: {'learning_rate': 0.030806377102716172, 'num_leaves': 46, 'max_depth': 15, 'min_child_samples': 15, 'feature_fraction': 0.5652827824549443, 'bagging_fraction': 0.7489183258041344, 'reg_alpha': 0.12483806203047022, 'reg_lambda': 6.10667315843383e-08}. Best is trial 72 with value: -0.9357034107499388.
[I 2025-08-03 06:55:37,483] Trial 115 finished with value: -0.9343530500616186 and parameters: {'learning_rate': 0.025755893140536248, 'num_leaves': 31, 'max_depth': 13, 'min_child_samples': 10, 'feature_fraction': 0.5378756980797632, 'bagging_fraction': 0.7095742154964363, 'reg_alpha': 0.07655007123166933, 'reg_lambda': 1.6075025516340576e-08}. Best is trial 72 with value: -0.9357034107499388.
[I 2025-08-03 06:55:47,643] Trial 116 finished with value: -0.9295647015937074 and parameters: {'learning_rate': 0.02257659690412277, 'num_leaves': 13, 'max_depth': 13, 'min_child_samples': 10, 'feature_fraction': 0.5252651181095869, 'bagging_fraction': 0.6897952170752155, 'reg_alpha': 0.06076184215139147, 'reg_lambda': 1.671443543249083e-08}. Best is trial 72 with value: -0.9357034107499388.
[I 2025-08-03 06:56:04,541] Trial 117 finished with value: -0.9351789363553681 and parameters: {'learning_rate': 0.03695310128370291, 'num_leaves': 28, 'max_depth': 15, 'min_child_samples': 16, 'feature_fraction': 0.5773937306180306, 'bagging_fraction': 0.7106111987351897, 'reg_alpha': 9.345131152866932, 'reg_lambda': 1.1002024068184529e-08}. Best is trial 72 with value: -0.9357034107499388.
[I 2025-08-03 06:56:17,715] Trial 118 finished with value: -0.9329567425584755 and parameters: {'learning_rate': 0.036944248245698086, 'num_leaves': 20, 'max_depth': 15, 'min_child_samples': 16, 'feature_fraction': 0.5924031117718135, 'bagging_fraction': 0.6632448929818545, 'reg_alpha': 0.007619701747267994, 'reg_lambda': 1.1040015690661487e-08}. Best is trial 72 with value: -0.9357034107499388.
[I 2025-08-03 06:56:40,793] Trial 119 finished with value: -0.9334596155285129 and parameters: {'learning_rate': 0.042315116748377395, 'num_leaves': 46, 'max_depth': 15, 'min_child_samples': 14, 'feature_fraction': 0.5765676509108464, 'bagging_fraction': 0.7201513954540687, 'reg_alpha': 0.017842340396873484, 'reg_lambda': 2.6961346973826275e-08}. Best is trial 72 with value: -0.9357034107499388.
[I 2025-08-03 06:57:27,789] Trial 120 finished with value: -0.9299366005471548 and parameters: {'learning_rate': 0.013305097937893475, 'num_leaves': 114, 'max_depth': 15, 'min_child_samples': 21, 'feature_fraction': 0.6411272783649768, 'bagging_fraction': 0.7694379849766814, 'reg_alpha': 9.094429810340532, 'reg_lambda': 1.0150761882717353e-08}. Best is trial 72 with value: -0.9357034107499388.
[I 2025-08-03 06:57:46,140] Trial 121 finished with value: -0.9348149962988043 and parameters: {'learning_rate': 0.026469851653499514, 'num_leaves': 31, 'max_depth': 13, 'min_child_samples': 10, 'feature_fraction': 0.5408958351738514, 'bagging_fraction': 0.7098562342862357, 'reg_alpha': 0.34149286556918246, 'reg_lambda': 1.6189243873218238e-08}. Best is trial 72 with value: -0.9357034107499388.
[I 2025-08-03 06:58:03,007] Trial 122 finished with value: -0.9345677938497414 and parameters: {'learning_rate': 0.030291336801964164, 'num_leaves': 28, 'max_depth': 14, 'min_child_samples': 11, 'feature_fraction': 0.5594510876681894, 'bagging_fraction': 0.7440505020007707, 'reg_alpha': 0.26099341843868445, 'reg_lambda': 2.358809056728857e-08}. Best is trial 72 with value: -0.9357034107499388.
[I 2025-08-03 06:58:19,289] Trial 123 finished with value: -0.9341986309935593 and parameters: {'learning_rate': 0.03431655429129841, 'num_leaves': 27, 'max_depth': 15, 'min_child_samples': 13, 'feature_fraction': 0.5000703164400692, 'bagging_fraction': 0.7427466927818144, 'reg_alpha': 0.2566979736804918, 'reg_lambda': 3.2805675891866145e-08}. Best is trial 72 with value: -0.9357034107499388.
[I 2025-08-03 06:58:37,047] Trial 124 finished with value: -0.9333696784572453 and parameters: {'learning_rate': 0.03007135954666778, 'num_leaves': 30, 'max_depth': 15, 'min_child_samples': 17, 'feature_fraction': 0.5150189161105465, 'bagging_fraction': 0.695959989717138, 'reg_alpha': 0.327836818021014, 'reg_lambda': 2.4215286055221576e-08}. Best is trial 72 with value: -0.9357034107499388.
[I 2025-08-03 06:58:46,096] Trial 125 finished with value: -0.9297351013054288 and parameters: {'learning_rate': 0.03235478847341779, 'num_leaves': 21, 'max_depth': 4, 'min_child_samples': 12, 'feature_fraction': 0.5401542591541535, 'bagging_fraction': 0.7077723348459289, 'reg_alpha': 6.8637905126857035, 'reg_lambda': 4.001461697850847e-08}. Best is trial 72 with value: -0.9357034107499388.
[I 2025-08-03 06:58:56,376] Trial 126 finished with value: -0.932304682482209 and parameters: {'learning_rate': 0.03916903321172181, 'num_leaves': 14, 'max_depth': 14, 'min_child_samples': 15, 'feature_fraction': 0.5602143758741258, 'bagging_fraction': 0.7781977195377148, 'reg_alpha': 0.8143167999300236, 'reg_lambda': 2.042869707198053e-08}. Best is trial 72 with value: -0.9357034107499388.
[I 2025-08-03 06:59:48,036] Trial 127 finished with value: -0.9320209360222627 and parameters: {'learning_rate': 0.03606094872455797, 'num_leaves': 198, 'max_depth': 15, 'min_child_samples': 13, 'feature_fraction': 0.5253379498590213, 'bagging_fraction': 0.7559503084013192, 'reg_alpha': 1.9670564563589534, 'reg_lambda': 9.624622513785347e-08}. Best is trial 72 with value: -0.9357034107499388.
[I 2025-08-03 07:00:31,081] Trial 128 finished with value: -0.931923684527549 and parameters: {'learning_rate': 0.02670428055675507, 'num_leaves': 126, 'max_depth': 14, 'min_child_samples': 18, 'feature_fraction': 0.5465288166258012, 'bagging_fraction': 0.6760105809581495, 'reg_alpha': 0.16618106667795418, 'reg_lambda': 1.5644523150223572e-08}. Best is trial 72 with value: -0.9357034107499388.
[I 2025-08-03 07:00:47,286] Trial 129 finished with value: -0.9346786338779209 and parameters: {'learning_rate': 0.04509604114515249, 'num_leaves': 27, 'max_depth': 15, 'min_child_samples': 11, 'feature_fraction': 0.5847968064091077, 'bagging_fraction': 0.732255443615054, 'reg_alpha': 0.0004416579435412258, 'reg_lambda': 1.0064445265405698e-08}. Best is trial 72 with value: -0.9357034107499388.
[I 2025-08-03 07:01:11,463] Trial 130 finished with value: -0.929926754079347 and parameters: {'learning_rate': 0.0102934672512002, 'num_leaves': 41, 'max_depth': 15, 'min_child_samples': 14, 'feature_fraction': 0.534406127781492, 'bagging_fraction': 0.727184843334288, 'reg_alpha': 0.00045952851954413006, 'reg_lambda': 7.11872853809785e-08}. Best is trial 72 with value: -0.9357034107499388.
[I 2025-08-03 07:01:27,077] Trial 131 finished with value: -0.9338710148405706 and parameters: {'learning_rate': 0.04456846260464244, 'num_leaves': 26, 'max_depth': 15, 'min_child_samples': 11, 'feature_fraction': 0.6028719085156975, 'bagging_fraction': 0.7521346750944649, 'reg_alpha': 0.10791063202670605, 'reg_lambda': 1.1470838937188471e-08}. Best is trial 72 with value: -0.9357034107499388.
[I 2025-08-03 07:01:45,770] Trial 132 finished with value: -0.9345305202974747 and parameters: {'learning_rate': 0.03099707723713746, 'num_leaves': 31, 'max_depth': 15, 'min_child_samples': 10, 'feature_fraction': 0.5851111577075048, 'bagging_fraction': 0.7387447848554485, 'reg_alpha': 0.41431835385932464, 'reg_lambda': 1.000860617523253e-08}. Best is trial 72 with value: -0.9357034107499388.
[I 2025-08-03 07:02:05,710] Trial 133 finished with value: -0.9339982399021776 and parameters: {'learning_rate': 0.030816156745445616, 'num_leaves': 34, 'max_depth': 15, 'min_child_samples': 12, 'feature_fraction': 0.584004512406183, 'bagging_fraction': 0.7408861989911151, 'reg_alpha': 0.04665150609750545, 'reg_lambda': 2.9120455412820844e-08}. Best is trial 72 with value: -0.9357034107499388.
[I 2025-08-03 07:02:19,684] Trial 134 finished with value: -0.9318571081036989 and parameters: {'learning_rate': 0.037832300525555446, 'num_leaves': 20, 'max_depth': 15, 'min_child_samples': 16, 'feature_fraction': 0.8745847317337323, 'bagging_fraction': 0.7066416459125685, 'reg_alpha': 0.8883992927520135, 'reg_lambda': 1.9761538636246267e-08}. Best is trial 72 with value: -0.9357034107499388.
[I 2025-08-03 07:02:38,281] Trial 135 finished with value: -0.935509608136489 and parameters: {'learning_rate': 0.03418433012317206, 'num_leaves': 32, 'max_depth': 15, 'min_child_samples': 10, 'feature_fraction': 0.5580519080360942, 'bagging_fraction': 0.692032146771822, 'reg_alpha': 0.19538746922549236, 'reg_lambda': 1.007825791216275e-08}. Best is trial 72 with value: -0.9357034107499388.
[I 2025-08-03 07:03:02,247] Trial 136 finished with value: -0.9288140774294543 and parameters: {'learning_rate': 0.03397778192660832, 'num_leaves': 53, 'max_depth': 15, 'min_child_samples': 78, 'feature_fraction': 0.5550766545511682, 'bagging_fraction': 0.6951717087786, 'reg_alpha': 0.017345593965277996, 'reg_lambda': 3.818894172468236e-08}. Best is trial 72 with value: -0.9357034107499388.
[I 2025-08-03 07:03:24,426] Trial 137 finished with value: -0.9339980348578136 and parameters: {'learning_rate': 0.03990820359500861, 'num_leaves': 40, 'max_depth': 14, 'min_child_samples': 13, 'feature_fraction': 0.7873922111393914, 'bagging_fraction': 0.7150958393208733, 'reg_alpha': 0.2155670618148775, 'reg_lambda': 1.5816566793995436e-08}. Best is trial 72 with value: -0.9357034107499388.
[I 2025-08-03 07:03:40,001] Trial 138 finished with value: -0.9330144434744346 and parameters: {'learning_rate': 0.029039145965788177, 'num_leaves': 25, 'max_depth': 15, 'min_child_samples': 14, 'feature_fraction': 0.5126336790016361, 'bagging_fraction': 0.6848977556325097, 'reg_alpha': 0.00011059502349678478, 'reg_lambda': 5.8349529272664685e-08}. Best is trial 72 with value: -0.9357034107499388.
[I 2025-08-03 07:04:07,006] Trial 139 finished with value: -0.9336599597825723 and parameters: {'learning_rate': 0.04694599527945201, 'num_leaves': 59, 'max_depth': 15, 'min_child_samples': 11, 'feature_fraction': 0.5652779783735998, 'bagging_fraction': 0.7286601403706181, 'reg_alpha': 0.010480577448083103, 'reg_lambda': 2.536936308791857e-08}. Best is trial 72 with value: -0.9357034107499388.
[I 2025-08-03 07:04:17,372] Trial 140 finished with value: -0.9312978258625846 and parameters: {'learning_rate': 0.032936258743317036, 'num_leaves': 14, 'max_depth': 14, 'min_child_samples': 17, 'feature_fraction': 0.546015366653692, 'bagging_fraction': 0.663866445625776, 'reg_alpha': 0.09056394594335439, 'reg_lambda': 1.541369064496106e-08}. Best is trial 72 with value: -0.9357034107499388.
[I 2025-08-03 07:04:37,037] Trial 141 finished with value: -0.934590208073501 and parameters: {'learning_rate': 0.030775167520558023, 'num_leaves': 34, 'max_depth': 15, 'min_child_samples': 10, 'feature_fraction': 0.5883238121259782, 'bagging_fraction': 0.7022419475970418, 'reg_alpha': 0.4770860457069242, 'reg_lambda': 1.13370234550429e-08}. Best is trial 72 with value: -0.9357034107499388.
[I 2025-08-03 07:05:29,764] Trial 142 finished with value: -0.9324373230564731 and parameters: {'learning_rate': 0.03593033697715388, 'num_leaves': 152, 'max_depth': 15, 'min_child_samples': 10, 'feature_fraction': 0.5255153439266944, 'bagging_fraction': 0.7045365651978044, 'reg_alpha': 0.047888941951699265, 'reg_lambda': 2.128079748961677e-08}. Best is trial 72 with value: -0.9357034107499388.
[I 2025-08-03 07:05:50,473] Trial 143 finished with value: -0.9340337477956331 and parameters: {'learning_rate': 0.027364255893806425, 'num_leaves': 35, 'max_depth': 15, 'min_child_samples': 12, 'feature_fraction': 0.6137881204802126, 'bagging_fraction': 0.7192225804277668, 'reg_alpha': 0.25609034353088067, 'reg_lambda': 1.0177737814210315e-08}. Best is trial 72 with value: -0.9357034107499388.
[I 2025-08-03 07:06:12,064] Trial 144 finished with value: -0.9339088454767975 and parameters: {'learning_rate': 0.05425500710261129, 'num_leaves': 47, 'max_depth': 15, 'min_child_samples': 15, 'feature_fraction': 0.5584043870866875, 'bagging_fraction': 0.692737615981848, 'reg_alpha': 0.7450996060434839, 'reg_lambda': 3.8079233765154294e-08}. Best is trial 72 with value: -0.9357034107499388.
[I 2025-08-03 07:06:30,814] Trial 145 finished with value: -0.935441368674661 and parameters: {'learning_rate': 0.03485171430470013, 'num_leaves': 33, 'max_depth': 15, 'min_child_samples': 12, 'feature_fraction': 0.5415280831953062, 'bagging_fraction': 0.7025659325828006, 'reg_alpha': 0.13703843481875505, 'reg_lambda': 1.5167313233987766e-08}. Best is trial 72 with value: -0.9357034107499388.
[I 2025-08-03 07:06:51,439] Trial 146 finished with value: -0.9332595837643013 and parameters: {'learning_rate': 0.041660357184796125, 'num_leaves': 41, 'max_depth': 15, 'min_child_samples': 13, 'feature_fraction': 0.5390026938228182, 'bagging_fraction': 0.680399457024062, 'reg_alpha': 5.137431306373857, 'reg_lambda': 1.3490944545788016e-08}. Best is trial 72 with value: -0.9357034107499388.
[I 2025-08-03 07:07:09,647] Trial 147 finished with value: -0.9350682463655519 and parameters: {'learning_rate': 0.035101738681317815, 'num_leaves': 33, 'max_depth': 15, 'min_child_samples': 10, 'feature_fraction': 0.5197226938346206, 'bagging_fraction': 0.7018636769525273, 'reg_alpha': 0.1328604333794691, 'reg_lambda': 1.0139700039119765e-08}. Best is trial 72 with value: -0.9357034107499388.
[I 2025-08-03 07:07:22,740] Trial 148 finished with value: -0.9326315553943954 and parameters: {'learning_rate': 0.037736809746336676, 'num_leaves': 21, 'max_depth': 15, 'min_child_samples': 19, 'feature_fraction': 0.519733826740964, 'bagging_fraction': 0.710416420519546, 'reg_alpha': 0.12949711876913478, 'reg_lambda': 1.8976738527399368e-08}. Best is trial 72 with value: -0.9357034107499388.
[I 2025-08-03 07:07:51,343] Trial 149 finished with value: -0.9337987606248637 and parameters: {'learning_rate': 0.03522890063183127, 'num_leaves': 63, 'max_depth': 15, 'min_child_samples': 14, 'feature_fraction': 0.5096373181161137, 'bagging_fraction': 0.690188485419328, 'reg_alpha': 0.026301717097714315, 'reg_lambda': 3.534470450537588e-08}. Best is trial 72 with value: -0.9357034107499388.
[I 2025-08-03 07:08:13,677] Trial 150 finished with value: -0.9338432455041087 and parameters: {'learning_rate': 0.04486624681851092, 'num_leaves': 44, 'max_depth': 15, 'min_child_samples': 12, 'feature_fraction': 0.5305321773348466, 'bagging_fraction': 0.7272538556774151, 'reg_alpha': 0.05999743992826266, 'reg_lambda': 5.5221217728447476e-08}. Best is trial 72 with value: -0.9357034107499388.
[I 2025-08-03 07:08:32,207] Trial 151 finished with value: -0.9352713862382843 and parameters: {'learning_rate': 0.032365884613366425, 'num_leaves': 33, 'max_depth': 15, 'min_child_samples': 10, 'feature_fraction': 0.5478110344183514, 'bagging_fraction': 0.7007131426859439, 'reg_alpha': 0.5368983328387323, 'reg_lambda': 1.009567928452642e-08}. Best is trial 72 with value: -0.9357034107499388.
[I 2025-08-03 07:08:50,082] Trial 152 finished with value: -0.9356345680753154 and parameters: {'learning_rate': 0.0329796512547903, 'num_leaves': 31, 'max_depth': 15, 'min_child_samples': 10, 'feature_fraction': 0.5451680589227571, 'bagging_fraction': 0.7144698319060061, 'reg_alpha': 1.2981584553664098, 'reg_lambda': 1.5711323391672797e-08}. Best is trial 72 with value: -0.9357034107499388.
[I 2025-08-03 07:09:08,141] Trial 153 finished with value: -0.9358298611898934 and parameters: {'learning_rate': 0.03304259918932675, 'num_leaves': 32, 'max_depth': 15, 'min_child_samples': 10, 'feature_fraction': 0.5346045937636675, 'bagging_fraction': 0.7016665668282873, 'reg_alpha': 3.1808172799406558, 'reg_lambda': 1.5218930136157965e-08}. Best is trial 153 with value: -0.9358298611898934.
[I 2025-08-03 07:09:26,721] Trial 154 finished with value: -0.9351541238678656 and parameters: {'learning_rate': 0.03256937247823459, 'num_leaves': 33, 'max_depth': 15, 'min_child_samples': 10, 'feature_fraction': 0.5336409127423329, 'bagging_fraction': 0.6938846560958506, 'reg_alpha': 2.7809352469198947, 'reg_lambda': 1.755118647992016e-08}. Best is trial 153 with value: -0.9358298611898934.
[I 2025-08-03 07:09:45,454] Trial 155 finished with value: -0.9337059957052797 and parameters: {'learning_rate': 0.033052747605995206, 'num_leaves': 33, 'max_depth': 15, 'min_child_samples': 15, 'feature_fraction': 0.5307203080230822, 'bagging_fraction': 0.6673835615624892, 'reg_alpha': 2.6093331201514967, 'reg_lambda': 2.1374404825599973e-08}. Best is trial 153 with value: -0.9358298611898934.
[I 2025-08-03 07:10:06,521] Trial 156 finished with value: -0.9352712980739227 and parameters: {'learning_rate': 0.034852031922646375, 'num_leaves': 39, 'max_depth': 15, 'min_child_samples': 10, 'feature_fraction': 0.5221341738742702, 'bagging_fraction': 0.6753723299146261, 'reg_alpha': 1.853161455691551, 'reg_lambda': 3.0625064250566704e-08}. Best is trial 153 with value: -0.9358298611898934.
[I 2025-08-03 07:10:26,319] Trial 157 finished with value: -0.9344134929926357 and parameters: {'learning_rate': 0.034889955062619125, 'num_leaves': 37, 'max_depth': 15, 'min_child_samples': 13, 'feature_fraction': 0.5201731671217991, 'bagging_fraction': 0.6748754346201451, 'reg_alpha': 1.3619017987929347, 'reg_lambda': 3.018198460825512e-08}. Best is trial 153 with value: -0.9358298611898934.
[I 2025-08-03 07:10:51,300] Trial 158 finished with value: -0.93331565261091 and parameters: {'learning_rate': 0.03763998326381661, 'num_leaves': 50, 'max_depth': 15, 'min_child_samples': 16, 'feature_fraction': 0.5061929540222416, 'bagging_fraction': 0.656859240889936, 'reg_alpha': 5.810049073963327, 'reg_lambda': 4.826084997315247e-08}. Best is trial 153 with value: -0.9358298611898934.
[I 2025-08-03 07:11:13,016] Trial 159 finished with value: -0.9352932742893098 and parameters: {'learning_rate': 0.03259329037949777, 'num_leaves': 41, 'max_depth': 15, 'min_child_samples': 10, 'feature_fraction': 0.5191235919278656, 'bagging_fraction': 0.6850837536081872, 'reg_alpha': 3.557839930825824, 'reg_lambda': 9.274172556942301e-08}. Best is trial 153 with value: -0.9358298611898934.
[I 2025-08-03 07:11:33,633] Trial 160 finished with value: -0.9340209139450157 and parameters: {'learning_rate': 0.032632797416076186, 'num_leaves': 40, 'max_depth': 15, 'min_child_samples': 12, 'feature_fraction': 0.5322539565805693, 'bagging_fraction': 0.6836542393490207, 'reg_alpha': 3.3603564910271944, 'reg_lambda': 8.6758309643072e-08}. Best is trial 153 with value: -0.9358298611898934.
[I 2025-08-03 07:11:56,637] Trial 161 finished with value: -0.9349253786208964 and parameters: {'learning_rate': 0.035073526743121086, 'num_leaves': 44, 'max_depth': 15, 'min_child_samples': 10, 'feature_fraction': 0.5195472429270224, 'bagging_fraction': 0.6980238124085532, 'reg_alpha': 4.329877688980668, 'reg_lambda': 1.6494284740355735e-08}. Best is trial 153 with value: -0.9358298611898934.
[I 2025-08-03 07:12:11,161] Trial 162 finished with value: -0.933182774831084 and parameters: {'learning_rate': 0.039775703942336864, 'num_leaves': 24, 'max_depth': 15, 'min_child_samples': 14, 'feature_fraction': 0.5114336534277384, 'bagging_fraction': 0.6878081098802477, 'reg_alpha': 9.659879915634708, 'reg_lambda': 2.6668268732747974e-08}. Best is trial 153 with value: -0.9358298611898934.
