[I 2025-08-05 02:19:16,021] Trial 15 finished with value: 0.9216011454698375 and parameters: {'n_d': 64, 'n_a': 53, 'n_steps': 4, 'gamma': 1.1768676362517745, 'lambda_sparse': 0.0014956610400808752, 'lr': 0.008143430803596762, 'weight_decay': 0.0003624451876599859}. Best is trial 15 with value: 0.9216011454698375.
/work/dlclarge2/alidemaa-dl_lab/automl/automl-exam-ss25-tabular-freiburg-template/automl-tabular-env/lib/python3.10/site-packages/pytorch_tabnet/callbacks.py:172: UserWarning: Best weights from best epoch are automatically used!
  warnings.warn(wrn_msg)
[I 2025-08-05 02:20:46,877] Trial 16 finished with value: 0.9145421711089435 and parameters: {'n_d': 64, 'n_a': 52, 'n_steps': 6, 'gamma': 1.1446535900286101, 'lambda_sparse': 0.00019102460741352953, 'lr': 0.016243948420488385, 'weight_decay': 9.514654297530601e-05}. Best is trial 15 with value: 0.9216011454698375.
/work/dlclarge2/alidemaa-dl_lab/automl/automl-exam-ss25-tabular-freiburg-template/automl-tabular-env/lib/python3.10/site-packages/pytorch_tabnet/callbacks.py:172: UserWarning: Best weights from best epoch are automatically used!
  warnings.warn(wrn_msg)
[I 2025-08-05 02:22:19,520] Trial 17 finished with value: 0.8990874012284304 and parameters: {'n_d': 64, 'n_a': 52, 'n_steps': 6, 'gamma': 1.4139194585183348, 'lambda_sparse': 0.00013673084605378535, 'lr': 0.011337125880256978, 'weight_decay': 9.945855273758995e-05}. Best is trial 15 with value: 0.9216011454698375.
/work/dlclarge2/alidemaa-dl_lab/automl/automl-exam-ss25-tabular-freiburg-template/automl-tabular-env/lib/python3.10/site-packages/pytorch_tabnet/callbacks.py:172: UserWarning: Best weights from best epoch are automatically used!
  warnings.warn(wrn_msg)
[I 2025-08-05 02:23:51,620] Trial 18 finished with value: 0.8936199016552689 and parameters: {'n_d': 64, 'n_a': 40, 'n_steps': 6, 'gamma': 1.5709247130239397, 'lambda_sparse': 7.57181169785045e-05, 'lr': 0.011161130313073626, 'weight_decay': 0.00033922609293012804}. Best is trial 15 with value: 0.9216011454698375.
/work/dlclarge2/alidemaa-dl_lab/automl/automl-exam-ss25-tabular-freiburg-template/automl-tabular-env/lib/python3.10/site-packages/pytorch_tabnet/callbacks.py:172: UserWarning: Best weights from best epoch are automatically used!
  warnings.warn(wrn_msg)
[I 2025-08-05 02:25:10,519] Trial 19 finished with value: 0.8971864230477717 and parameters: {'n_d': 24, 'n_a': 54, 'n_steps': 4, 'gamma': 1.1353898986000384, 'lambda_sparse': 0.00036786974946868763, 'lr': 0.005243974897150587, 'weight_decay': 0.000309923747380651}. Best is trial 15 with value: 0.9216011454698375.
/work/dlclarge2/alidemaa-dl_lab/automl/automl-exam-ss25-tabular-freiburg-template/automl-tabular-env/lib/python3.10/site-packages/pytorch_tabnet/callbacks.py:172: UserWarning: Best weights from best epoch are automatically used!
  warnings.warn(wrn_msg)
[I 2025-08-05 02:27:10,132] A new study created in memory with name: no-name-b3d2ab42-a577-4c69-ac9f-e5b37484e962
/work/dlclarge2/alidemaa-dl_lab/automl/automl-exam-ss25-tabular-freiburg-template/automl-tabular-env/lib/python3.10/site-packages/pytorch_tabnet/callbacks.py:172: UserWarning: Best weights from best epoch are automatically used!
  warnings.warn(wrn_msg)
[I 2025-08-05 02:29:24,922] Trial 0 finished with value: 0.8818674962544792 and parameters: {'n_d': 13, 'n_a': 18, 'n_steps': 10, 'gamma': 1.1534492364142697, 'lambda_sparse': 0.008888006830670021, 'lr': 0.010217185580323869, 'weight_decay': 4.2207503563315786e-05}. Best is trial 0 with value: 0.8818674962544792.
/work/dlclarge2/alidemaa-dl_lab/automl/automl-exam-ss25-tabular-freiburg-template/automl-tabular-env/lib/python3.10/site-packages/pytorch_tabnet/callbacks.py:172: UserWarning: Best weights from best epoch are automatically used!
  warnings.warn(wrn_msg)
[I 2025-08-05 02:31:38,081] Trial 1 finished with value: 0.8991949493285349 and parameters: {'n_d': 43, 'n_a': 8, 'n_steps': 10, 'gamma': 1.098489148847102, 'lambda_sparse': 0.0003670232093137692, 'lr': 0.032425316013632556, 'weight_decay': 3.988802233413503e-06}. Best is trial 1 with value: 0.8991949493285349.
/work/dlclarge2/alidemaa-dl_lab/automl/automl-exam-ss25-tabular-freiburg-template/automl-tabular-env/lib/python3.10/site-packages/pytorch_tabnet/callbacks.py:172: UserWarning: Best weights from best epoch are automatically used!
  warnings.warn(wrn_msg)
[I 2025-08-05 02:33:40,714] Trial 2 finished with value: 0.8734629066705426 and parameters: {'n_d': 16, 'n_a': 56, 'n_steps': 9, 'gamma': 1.5245528719862826, 'lambda_sparse': 0.00018042673478623711, 'lr': 0.0576475123138658, 'weight_decay': 0.00013409452503952628}. Best is trial 1 with value: 0.8991949493285349.
/work/dlclarge2/alidemaa-dl_lab/automl/automl-exam-ss25-tabular-freiburg-template/automl-tabular-env/lib/python3.10/site-packages/pytorch_tabnet/callbacks.py:172: UserWarning: Best weights from best epoch are automatically used!
  warnings.warn(wrn_msg)
[I 2025-08-05 02:35:57,633] Trial 3 finished with value: 0.5625103754745282 and parameters: {'n_d': 60, 'n_a': 41, 'n_steps': 10, 'gamma': 1.865235002960574, 'lambda_sparse': 0.000401488885882412, 'lr': 0.0004296551706028169, 'weight_decay': 0.00014188582335374037}. Best is trial 1 with value: 0.8991949493285349.
/work/dlclarge2/alidemaa-dl_lab/automl/automl-exam-ss25-tabular-freiburg-template/automl-tabular-env/lib/python3.10/site-packages/pytorch_tabnet/callbacks.py:172: UserWarning: Best weights from best epoch are automatically used!
  warnings.warn(wrn_msg)
[I 2025-08-05 02:37:07,122] Trial 4 finished with value: 0.8159765621155635 and parameters: {'n_d': 37, 'n_a': 43, 'n_steps': 3, 'gamma': 1.2089511930562098, 'lambda_sparse': 1.917311925301849e-05, 'lr': 0.00010276475477364813, 'weight_decay': 6.392994413941096e-05}. Best is trial 1 with value: 0.8991949493285349.
/work/dlclarge2/alidemaa-dl_lab/automl/automl-exam-ss25-tabular-freiburg-template/automl-tabular-env/lib/python3.10/site-packages/pytorch_tabnet/callbacks.py:172: UserWarning: Best weights from best epoch are automatically used!
  warnings.warn(wrn_msg)
[I 2025-08-05 02:38:15,429] Trial 5 finished with value: 0.8952884769919616 and parameters: {'n_d': 36, 'n_a': 60, 'n_steps': 3, 'gamma': 1.8114520371326979, 'lambda_sparse': 0.0010383322257208909, 'lr': 0.021326357116330377, 'weight_decay': 4.097220804255724e-05}. Best is trial 1 with value: 0.8991949493285349.
/work/dlclarge2/alidemaa-dl_lab/automl/automl-exam-ss25-tabular-freiburg-template/automl-tabular-env/lib/python3.10/site-packages/pytorch_tabnet/callbacks.py:172: UserWarning: Best weights from best epoch are automatically used!
  warnings.warn(wrn_msg)
[I 2025-08-05 02:38:47,019] Trial 6 finished with value: 0.6972855746278843 and parameters: {'n_d': 57, 'n_a': 54, 'n_steps': 6, 'gamma': 1.2570511004346585, 'lambda_sparse': 4.246421555141815e-05, 'lr': 0.07352464099153581, 'weight_decay': 0.0005941126283006975}. Best is trial 1 with value: 0.8991949493285349.
/work/dlclarge2/alidemaa-dl_lab/automl/automl-exam-ss25-tabular-freiburg-template/automl-tabular-env/lib/python3.10/site-packages/pytorch_tabnet/callbacks.py:172: UserWarning: Best weights from best epoch are automatically used!
  warnings.warn(wrn_msg)
[I 2025-08-05 02:40:56,627] Trial 7 finished with value: 0.8723845087612628 and parameters: {'n_d': 23, 'n_a': 48, 'n_steps': 10, 'gamma': 1.0636261601625998, 'lambda_sparse': 0.0005549723990900398, 'lr': 0.001627938453013895, 'weight_decay': 0.0001476559348939222}. Best is trial 1 with value: 0.8991949493285349.
/work/dlclarge2/alidemaa-dl_lab/automl/automl-exam-ss25-tabular-freiburg-template/automl-tabular-env/lib/python3.10/site-packages/pytorch_tabnet/callbacks.py:172: UserWarning: Best weights from best epoch are automatically used!
  warnings.warn(wrn_msg)
[I 2025-08-05 02:43:12,018] Trial 8 finished with value: 0.8878501522199806 and parameters: {'n_d': 58, 'n_a': 11, 'n_steps': 10, 'gamma': 1.1533919941305257, 'lambda_sparse': 0.0014899100523398077, 'lr': 0.006170431420429672, 'weight_decay': 0.0002503850869898364}. Best is trial 1 with value: 0.8991949493285349.
/work/dlclarge2/alidemaa-dl_lab/automl/automl-exam-ss25-tabular-freiburg-template/automl-tabular-env/lib/python3.10/site-packages/pytorch_tabnet/callbacks.py:172: UserWarning: Best weights from best epoch are automatically used!
  warnings.warn(wrn_msg)
[I 2025-08-05 02:45:26,863] Trial 9 finished with value: 0.8620235048521042 and parameters: {'n_d': 38, 'n_a': 31, 'n_steps': 10, 'gamma': 1.169496874629246, 'lambda_sparse': 1.0887333958096705e-05, 'lr': 0.0009709709362373079, 'weight_decay': 0.00018695347968540523}. Best is trial 1 with value: 0.8991949493285349.
/work/dlclarge2/alidemaa-dl_lab/automl/automl-exam-ss25-tabular-freiburg-template/automl-tabular-env/lib/python3.10/site-packages/pytorch_tabnet/callbacks.py:172: UserWarning: Best weights from best epoch are automatically used!
  warnings.warn(wrn_msg)
[I 2025-08-05 02:47:06,566] Trial 10 finished with value: 0.8910755189952542 and parameters: {'n_d': 46, 'n_a': 27, 'n_steps': 7, 'gamma': 1.4520966396372175, 'lambda_sparse': 7.961204537532925e-05, 'lr': 0.02400981006563444, 'weight_decay': 2.815055790341115e-06}. Best is trial 1 with value: 0.8991949493285349.
/work/dlclarge2/alidemaa-dl_lab/automl/automl-exam-ss25-tabular-freiburg-template/automl-tabular-env/lib/python3.10/site-packages/pytorch_tabnet/callbacks.py:172: UserWarning: Best weights from best epoch are automatically used!
  warnings.warn(wrn_msg)
[I 2025-08-05 02:47:31,330] Trial 11 finished with value: 0.2113756291979797 and parameters: {'n_d': 25, 'n_a': 61, 'n_steps': 3, 'gamma': 1.973617240799256, 'lambda_sparse': 0.0018247101042939212, 'lr': 0.017847346894069804, 'weight_decay': 6.671104629751861e-06}. Best is trial 1 with value: 0.8991949493285349.
/work/dlclarge2/alidemaa-dl_lab/automl/automl-exam-ss25-tabular-freiburg-template/automl-tabular-env/lib/python3.10/site-packages/pytorch_tabnet/callbacks.py:172: UserWarning: Best weights from best epoch are automatically used!
  warnings.warn(wrn_msg)
[I 2025-08-05 02:48:07,972] Trial 12 finished with value: 0.43548087855151074 and parameters: {'n_d': 46, 'n_a': 9, 'n_steps': 6, 'gamma': 1.7057621295932908, 'lambda_sparse': 0.001352508642370709, 'lr': 0.036833843819816484, 'weight_decay': 1.2064623649428322e-05}. Best is trial 1 with value: 0.8991949493285349.
/work/dlclarge2/alidemaa-dl_lab/automl/automl-exam-ss25-tabular-freiburg-template/automl-tabular-env/lib/python3.10/site-packages/pytorch_tabnet/callbacks.py:172: UserWarning: Best weights from best epoch are automatically used!
  warnings.warn(wrn_msg)
[I 2025-08-05 02:49:23,468] Trial 13 finished with value: 0.877277750282724 and parameters: {'n_d': 47, 'n_a': 22, 'n_steps': 4, 'gamma': 1.4204202020455856, 'lambda_sparse': 0.0073503822951736155, 'lr': 0.004092155454420122, 'weight_decay': 1.303369750117752e-06}. Best is trial 1 with value: 0.8991949493285349.
/work/dlclarge2/alidemaa-dl_lab/automl/automl-exam-ss25-tabular-freiburg-template/automl-tabular-env/lib/python3.10/site-packages/pytorch_tabnet/callbacks.py:172: UserWarning: Best weights from best epoch are automatically used!
  warnings.warn(wrn_msg)
[I 2025-08-05 02:51:15,885] Trial 14 finished with value: 0.8801709366455641 and parameters: {'n_d': 31, 'n_a': 34, 'n_steps': 8, 'gamma': 1.6803437969658164, 'lambda_sparse': 0.00017153157750773718, 'lr': 0.012089827759449208, 'weight_decay': 1.5239844134859898e-05}. Best is trial 1 with value: 0.8991949493285349.
/work/dlclarge2/alidemaa-dl_lab/automl/automl-exam-ss25-tabular-freiburg-template/automl-tabular-env/lib/python3.10/site-packages/pytorch_tabnet/callbacks.py:172: UserWarning: Best weights from best epoch are automatically used!
  warnings.warn(wrn_msg)
[I 2025-08-05 02:51:48,632] Trial 15 finished with value: 0.312805703394606 and parameters: {'n_d': 41, 'n_a': 49, 'n_steps': 5, 'gamma': 1.7023085605145163, 'lambda_sparse': 0.0007844673100548965, 'lr': 0.07413701586369978, 'weight_decay': 5.344599921443481e-06}. Best is trial 1 with value: 0.8991949493285349.
/work/dlclarge2/alidemaa-dl_lab/automl/automl-exam-ss25-tabular-freiburg-template/automl-tabular-env/lib/python3.10/site-packages/pytorch_tabnet/callbacks.py:172: UserWarning: Best weights from best epoch are automatically used!
  warnings.warn(wrn_msg)
[I 2025-08-05 02:53:39,343] Trial 16 finished with value: 0.8366361641456969 and parameters: {'n_d': 30, 'n_a': 17, 'n_steps': 8, 'gamma': 1.3403551655402466, 'lambda_sparse': 0.003297099739605483, 'lr': 0.002237410891510904, 'weight_decay': 2.235559208952414e-05}. Best is trial 1 with value: 0.8991949493285349.
/work/dlclarge2/alidemaa-dl_lab/automl/automl-exam-ss25-tabular-freiburg-template/automl-tabular-env/lib/python3.10/site-packages/pytorch_tabnet/callbacks.py:172: UserWarning: Best weights from best epoch are automatically used!
  warnings.warn(wrn_msg)
[I 2025-08-05 02:54:58,715] Trial 17 finished with value: 0.8966497035329679 and parameters: {'n_d': 51, 'n_a': 64, 'n_steps': 5, 'gamma': 1.5760100831921529, 'lambda_sparse': 0.000198607743265604, 'lr': 0.029129072598891106, 'weight_decay': 1.1384401486111043e-06}. Best is trial 1 with value: 0.8991949493285349.
/work/dlclarge2/alidemaa-dl_lab/automl/automl-exam-ss25-tabular-freiburg-template/automl-tabular-env/lib/python3.10/site-packages/pytorch_tabnet/callbacks.py:172: UserWarning: Best weights from best epoch are automatically used!
  warnings.warn(wrn_msg)
[I 2025-08-05 02:56:18,340] Trial 18 finished with value: 0.8825241671169651 and parameters: {'n_d': 53, 'n_a': 40, 'n_steps': 5, 'gamma': 1.594387819314965, 'lambda_sparse': 0.00021034186451309884, 'lr': 0.007834205760356925, 'weight_decay': 1.013137106585908e-06}. Best is trial 1 with value: 0.8991949493285349.
/work/dlclarge2/alidemaa-dl_lab/automl/automl-exam-ss25-tabular-freiburg-template/automl-tabular-env/lib/python3.10/site-packages/pytorch_tabnet/callbacks.py:172: UserWarning: Best weights from best epoch are automatically used!
  warnings.warn(wrn_msg)
[I 2025-08-05 02:58:02,006] Trial 19 finished with value: 0.8951619872568524 and parameters: {'n_d': 64, 'n_a': 26, 'n_steps': 7, 'gamma': 1.0167357517945068, 'lambda_sparse': 8.221719866124758e-05, 'lr': 0.038943065219292486, 'weight_decay': 2.141838289140395e-06}. Best is trial 1 with value: 0.8991949493285349.
/work/dlclarge2/alidemaa-dl_lab/automl/automl-exam-ss25-tabular-freiburg-template/automl-tabular-env/lib/python3.10/site-packages/pytorch_tabnet/callbacks.py:172: UserWarning: Best weights from best epoch are automatically used!
  warnings.warn(wrn_msg)
2025-08-05 03:00:47 [INFO] TabNet →      /work/dlclarge2/alidemaa-dl_lab/automl/automl-exam-ss25-tabular-freiburg-template/modelsFinal-exam/tabnet (mean R²=0.9239)
2025-08-05 03:00:47 [INFO] Ensemble weights: TabPFN=0.335, Tree=0.331, TabNet=0.334
2025-08-05 03:00:47 [INFO] Loading individual models into memory...
/work/dlclarge2/alidemaa-dl_lab/automl/automl-exam-ss25-tabular-freiburg-template/automl-tabular-env/lib/python3.10/site-packages/pytorch_tabnet/abstract_model.py:82: UserWarning: Device used : cuda
  warnings.warn(f"Device used : {self.device}")
2025-08-05 03:01:09 [INFO] Saved weighted ensemble to /work/dlclarge2/alidemaa-dl_lab/automl/automl-exam-ss25-tabular-freiburg-template/modelsFinal-exam/final_model.pkl
