[I 2025-08-04 07:25:44,471] Trial 172 finished with value: -0.09147557613380448 and parameters: {'learning_rate': 0.015302413688395067, 'num_leaves': 163, 'max_depth': 15, 'min_child_samples': 15, 'feature_fraction': 0.5922594810636054, 'bagging_fraction': 0.5254982153352947, 'reg_alpha': 0.0001822247492045109, 'reg_lambda': 1.6768877664049922e-08}. Best is trial 102 with value: -0.0949217032687709.
[I 2025-08-04 07:26:01,224] Trial 173 finished with value: -0.09066607617591803 and parameters: {'learning_rate': 0.013805424970102086, 'num_leaves': 172, 'max_depth': 15, 'min_child_samples': 11, 'feature_fraction': 0.5632455299854796, 'bagging_fraction': 0.5132532042354312, 'reg_alpha': 0.0002343387130387523, 'reg_lambda': 3.483519265455672e-08}. Best is trial 102 with value: -0.0949217032687709.
[I 2025-08-04 07:26:15,966] Trial 174 finished with value: -0.09420695259717808 and parameters: {'learning_rate': 0.01662976981002314, 'num_leaves': 146, 'max_depth': 15, 'min_child_samples': 13, 'feature_fraction': 0.5788199323514865, 'bagging_fraction': 0.5002738317791293, 'reg_alpha': 9.224595172379378e-07, 'reg_lambda': 1.665232137808838e-08}. Best is trial 102 with value: -0.0949217032687709.
[I 2025-08-04 07:26:29,767] Trial 175 finished with value: -0.09415997909649872 and parameters: {'learning_rate': 0.016790330039265552, 'num_leaves': 146, 'max_depth': 15, 'min_child_samples': 13, 'feature_fraction': 0.5758215650667226, 'bagging_fraction': 0.5014706328175212, 'reg_alpha': 4.342682366437113e-06, 'reg_lambda': 1.755332977364369e-08}. Best is trial 102 with value: -0.0949217032687709.
[I 2025-08-04 07:26:45,496] Trial 176 finished with value: -0.09328216951946594 and parameters: {'learning_rate': 0.015588114296082046, 'num_leaves': 176, 'max_depth': 15, 'min_child_samples': 10, 'feature_fraction': 0.5334578252202353, 'bagging_fraction': 0.5002341485367952, 'reg_alpha': 6.238501716459716e-07, 'reg_lambda': 2.0848084219268907e-08}. Best is trial 102 with value: -0.0949217032687709.
[I 2025-08-04 07:26:59,480] Trial 177 finished with value: -0.08929828238025347 and parameters: {'learning_rate': 0.016739478141037566, 'num_leaves': 190, 'max_depth': 15, 'min_child_samples': 16, 'feature_fraction': 0.5588565018883311, 'bagging_fraction': 0.5025386009819346, 'reg_alpha': 1.3014855244347496e-06, 'reg_lambda': 2.5699150257631297e-08}. Best is trial 102 with value: -0.0949217032687709.
[I 2025-08-04 07:27:15,383] Trial 178 finished with value: -0.09418443111517336 and parameters: {'learning_rate': 0.01580503948377071, 'num_leaves': 179, 'max_depth': 15, 'min_child_samples': 14, 'feature_fraction': 0.5351596215486976, 'bagging_fraction': 0.501380006972312, 'reg_alpha': 2.957286050581688e-06, 'reg_lambda': 1.9442168721922307e-08}. Best is trial 102 with value: -0.0949217032687709.
[I 2025-08-04 07:27:31,403] Trial 179 finished with value: -0.09353542195359381 and parameters: {'learning_rate': 0.015124657575501318, 'num_leaves': 172, 'max_depth': 15, 'min_child_samples': 13, 'feature_fraction': 0.5260497075044505, 'bagging_fraction': 0.512900964475347, 'reg_alpha': 5.99515925817303e-07, 'reg_lambda': 4.465563388412065e-08}. Best is trial 102 with value: -0.0949217032687709.
[I 2025-08-04 07:27:46,260] Trial 180 finished with value: -0.09264816521363355 and parameters: {'learning_rate': 0.015309795556196153, 'num_leaves': 173, 'max_depth': 15, 'min_child_samples': 13, 'feature_fraction': 0.5280696561039355, 'bagging_fraction': 0.5104681752010607, 'reg_alpha': 7.551011698260728e-07, 'reg_lambda': 3.890871298178845e-08}. Best is trial 102 with value: -0.0949217032687709.
[I 2025-08-04 07:28:03,006] Trial 181 finished with value: -0.09399250449617962 and parameters: {'learning_rate': 0.015155631538749353, 'num_leaves': 179, 'max_depth': 15, 'min_child_samples': 13, 'feature_fraction': 0.5271888989790109, 'bagging_fraction': 0.5105153240918342, 'reg_alpha': 5.984309147671155e-07, 'reg_lambda': 4.072929814767074e-08}. Best is trial 102 with value: -0.0949217032687709.
[I 2025-08-04 07:28:18,477] Trial 182 finished with value: -0.092040971719177 and parameters: {'learning_rate': 0.015544684999921206, 'num_leaves': 171, 'max_depth': 15, 'min_child_samples': 13, 'feature_fraction': 0.5248586042878242, 'bagging_fraction': 0.5103836218860753, 'reg_alpha': 8.59275809048993e-07, 'reg_lambda': 4.1201889295789604e-08}. Best is trial 102 with value: -0.0949217032687709.
[I 2025-08-04 07:28:35,134] Trial 183 finished with value: -0.09167298231038473 and parameters: {'learning_rate': 0.014004205999863524, 'num_leaves': 180, 'max_depth': 15, 'min_child_samples': 12, 'feature_fraction': 0.5330460974195976, 'bagging_fraction': 0.5007852797608097, 'reg_alpha': 4.057559049507182e-07, 'reg_lambda': 3.2281301751862625e-08}. Best is trial 102 with value: -0.0949217032687709.
[I 2025-08-04 07:28:51,086] Trial 184 finished with value: -0.09437264870898145 and parameters: {'learning_rate': 0.015105820009560986, 'num_leaves': 175, 'max_depth': 15, 'min_child_samples': 14, 'feature_fraction': 0.5229328515567846, 'bagging_fraction': 0.515303088374846, 'reg_alpha': 3.804238636499912e-06, 'reg_lambda': 4.193587280497479e-08}. Best is trial 102 with value: -0.0949217032687709.
[I 2025-08-04 07:29:07,901] Trial 185 finished with value: -0.09405095795472188 and parameters: {'learning_rate': 0.013359867251458797, 'num_leaves': 175, 'max_depth': 15, 'min_child_samples': 14, 'feature_fraction': 0.5106629847721533, 'bagging_fraction': 0.5186856576666936, 'reg_alpha': 3.2152685615825513e-06, 'reg_lambda': 2.2884039600376722e-08}. Best is trial 102 with value: -0.0949217032687709.
[I 2025-08-04 07:29:23,330] Trial 186 finished with value: -0.09274644484378285 and parameters: {'learning_rate': 0.013133239215314856, 'num_leaves': 177, 'max_depth': 15, 'min_child_samples': 16, 'feature_fraction': 0.5168253039071308, 'bagging_fraction': 0.5202127374190644, 'reg_alpha': 3.2987414820791296e-06, 'reg_lambda': 2.0838073812457378e-08}. Best is trial 102 with value: -0.0949217032687709.
[I 2025-08-04 07:29:35,538] Trial 187 finished with value: -0.08660625274076615 and parameters: {'learning_rate': 0.012456340122978374, 'num_leaves': 183, 'max_depth': 15, 'min_child_samples': 53, 'feature_fraction': 0.5067000740495954, 'bagging_fraction': 0.5265939393247984, 'reg_alpha': 1.7353040755806703e-06, 'reg_lambda': 5.212455830441199e-08}. Best is trial 102 with value: -0.0949217032687709.
[I 2025-08-04 07:29:52,702] Trial 188 finished with value: -0.09329961954488614 and parameters: {'learning_rate': 0.014415884363541676, 'num_leaves': 168, 'max_depth': 15, 'min_child_samples': 12, 'feature_fraction': 0.5219958744522354, 'bagging_fraction': 0.5006026652572088, 'reg_alpha': 4.5964284099341035e-06, 'reg_lambda': 2.2255356128299324e-08}. Best is trial 102 with value: -0.0949217032687709.
[I 2025-08-04 07:30:09,464] Trial 189 finished with value: -0.0944081897386468 and parameters: {'learning_rate': 0.01353117110171101, 'num_leaves': 166, 'max_depth': 15, 'min_child_samples': 11, 'feature_fraction': 0.5247260809137617, 'bagging_fraction': 0.5168181906564439, 'reg_alpha': 9.708396414301822e-07, 'reg_lambda': 0.4272795101031161}. Best is trial 102 with value: -0.0949217032687709.
[I 2025-08-04 07:30:27,133] Trial 190 finished with value: -0.09460221352505119 and parameters: {'learning_rate': 0.013502067592216279, 'num_leaves': 179, 'max_depth': 15, 'min_child_samples': 11, 'feature_fraction': 0.5224452568164563, 'bagging_fraction': 0.5175579668929615, 'reg_alpha': 1.0891309276784987e-06, 'reg_lambda': 0.00020641501557639417}. Best is trial 102 with value: -0.0949217032687709.
[I 2025-08-04 07:30:44,225] Trial 191 finished with value: -0.09432252546274761 and parameters: {'learning_rate': 0.013424795936918251, 'num_leaves': 175, 'max_depth': 15, 'min_child_samples': 11, 'feature_fraction': 0.5203478931288456, 'bagging_fraction': 0.5168630296561929, 'reg_alpha': 8.747056479415772e-07, 'reg_lambda': 0.01541107967895995}. Best is trial 102 with value: -0.0949217032687709.
[I 2025-08-04 07:31:01,411] Trial 192 finished with value: -0.09269174399867554 and parameters: {'learning_rate': 0.01359089630505374, 'num_leaves': 176, 'max_depth': 15, 'min_child_samples': 11, 'feature_fraction': 0.519770022750677, 'bagging_fraction': 0.5175975702185363, 'reg_alpha': 2.0896156833501483e-07, 'reg_lambda': 0.4754256499063362}. Best is trial 102 with value: -0.0949217032687709.
[I 2025-08-04 07:31:21,161] Trial 193 finished with value: -0.09439660152271474 and parameters: {'learning_rate': 0.011685260348623426, 'num_leaves': 167, 'max_depth': 15, 'min_child_samples': 11, 'feature_fraction': 0.5227129617907228, 'bagging_fraction': 0.5307740605372896, 'reg_alpha': 5.95660410638669e-07, 'reg_lambda': 0.014339818679170873}. Best is trial 102 with value: -0.0949217032687709.
[I 2025-08-04 07:31:39,241] Trial 194 finished with value: -0.09104440377682176 and parameters: {'learning_rate': 0.011909012039625038, 'num_leaves': 167, 'max_depth': 15, 'min_child_samples': 12, 'feature_fraction': 0.5099642473273426, 'bagging_fraction': 0.5311199176262223, 'reg_alpha': 1.1872843444033624e-06, 'reg_lambda': 0.004595150097919793}. Best is trial 102 with value: -0.0949217032687709.
[I 2025-08-04 07:31:56,690] Trial 195 finished with value: -0.09207524187402542 and parameters: {'learning_rate': 0.013366314437036342, 'num_leaves': 184, 'max_depth': 14, 'min_child_samples': 12, 'feature_fraction': 0.5005498102004506, 'bagging_fraction': 0.5291096790477338, 'reg_alpha': 2.36272152497324e-06, 'reg_lambda': 0.01462392024501931}. Best is trial 102 with value: -0.0949217032687709.
[I 2025-08-04 07:32:17,819] Trial 196 finished with value: -0.0912812144037448 and parameters: {'learning_rate': 0.010786928542356524, 'num_leaves': 168, 'max_depth': 15, 'min_child_samples': 15, 'feature_fraction': 0.5230923950225298, 'bagging_fraction': 0.5150860417981318, 'reg_alpha': 5.289001094388118e-06, 'reg_lambda': 5.8814090721743275}. Best is trial 102 with value: -0.0949217032687709.
[I 2025-08-04 07:32:34,455] Trial 197 finished with value: -0.0913588488181951 and parameters: {'learning_rate': 0.014116047677790818, 'num_leaves': 173, 'max_depth': 15, 'min_child_samples': 10, 'feature_fraction': 0.5113040897795238, 'bagging_fraction': 0.5200149544440394, 'reg_alpha': 9.002959587723446e-07, 'reg_lambda': 0.039255674730883226}. Best is trial 102 with value: -0.0949217032687709.
[I 2025-08-04 07:32:54,020] Trial 198 finished with value: -0.09134233876568862 and parameters: {'learning_rate': 0.012475301168597238, 'num_leaves': 198, 'max_depth': 15, 'min_child_samples': 12, 'feature_fraction': 0.5360211564668325, 'bagging_fraction': 0.5343929566965177, 'reg_alpha': 5.150849164558573e-07, 'reg_lambda': 0.0003895483612238074}. Best is trial 102 with value: -0.0949217032687709.
[I 2025-08-04 07:33:09,167] Trial 199 finished with value: -0.09428497659110914 and parameters: {'learning_rate': 0.014611604821784403, 'num_leaves': 180, 'max_depth': 14, 'min_child_samples': 15, 'feature_fraction': 0.5132752480105726, 'bagging_fraction': 0.5107969516317641, 'reg_alpha': 1.1975583709946864e-07, 'reg_lambda': 0.26226594705672046}. Best is trial 102 with value: -0.0949217032687709.
[I 2025-08-04 07:33:26,547] Trial 200 finished with value: -0.09035615237158923 and parameters: {'learning_rate': 0.011529265531319506, 'num_leaves': 186, 'max_depth': 14, 'min_child_samples': 15, 'feature_fraction': 0.5068369828276849, 'bagging_fraction': 0.511545882810062, 'reg_alpha': 8.332106887307155e-08, 'reg_lambda': 0.1393601967789617}. Best is trial 102 with value: -0.0949217032687709.
[I 2025-08-04 07:33:42,657] Trial 201 finished with value: -0.09325134550841487 and parameters: {'learning_rate': 0.014680495222879083, 'num_leaves': 165, 'max_depth': 15, 'min_child_samples': 14, 'feature_fraction': 0.5271398532366768, 'bagging_fraction': 0.522632755163897, 'reg_alpha': 1.325858138049543e-07, 'reg_lambda': 0.5719558111107559}. Best is trial 102 with value: -0.0949217032687709.
[I 2025-08-04 07:33:59,860] Trial 202 finished with value: -0.0932513752901318 and parameters: {'learning_rate': 0.014453541354119918, 'num_leaves': 181, 'max_depth': 15, 'min_child_samples': 13, 'feature_fraction': 0.5148500791736943, 'bagging_fraction': 0.5089810068998686, 'reg_alpha': 3.066230352925385e-07, 'reg_lambda': 0.3572180286127723}. Best is trial 102 with value: -0.0949217032687709.
[I 2025-08-04 07:34:15,947] Trial 203 finished with value: -0.09191360533063822 and parameters: {'learning_rate': 0.013036727188377962, 'num_leaves': 175, 'max_depth': 14, 'min_child_samples': 16, 'feature_fraction': 0.5406396771784996, 'bagging_fraction': 0.5399662175819967, 'reg_alpha': 1.5381379945441025e-06, 'reg_lambda': 0.41023867799122815}. Best is trial 102 with value: -0.0949217032687709.
[I 2025-08-04 07:34:32,949] Trial 204 finished with value: -0.09386886723870344 and parameters: {'learning_rate': 0.013873686960709015, 'num_leaves': 168, 'max_depth': 15, 'min_child_samples': 11, 'feature_fraction': 0.5216482129822084, 'bagging_fraction': 0.5196248137662064, 'reg_alpha': 2.125166012471702e-06, 'reg_lambda': 1.713154522013146}. Best is trial 102 with value: -0.0949217032687709.
[I 2025-08-04 07:34:51,817] Trial 205 finished with value: -0.0924484516349378 and parameters: {'learning_rate': 0.013297844656541574, 'num_leaves': 182, 'max_depth': 14, 'min_child_samples': 10, 'feature_fraction': 0.5291156453484422, 'bagging_fraction': 0.5301329696911814, 'reg_alpha': 1.0938607589540236e-06, 'reg_lambda': 1.3176717058511838}. Best is trial 102 with value: -0.0949217032687709.
[I 2025-08-04 07:35:09,448] Trial 206 finished with value: -0.09261019566893065 and parameters: {'learning_rate': 0.011912413318354994, 'num_leaves': 164, 'max_depth': 15, 'min_child_samples': 14, 'feature_fraction': 0.5020967996873364, 'bagging_fraction': 0.5194717657785214, 'reg_alpha': 3.096527099452779e-06, 'reg_lambda': 2.736369507685955}. Best is trial 102 with value: -0.0949217032687709.
[I 2025-08-04 07:35:24,387] Trial 207 finished with value: -0.09302942517457609 and parameters: {'learning_rate': 0.013932044525942327, 'num_leaves': 178, 'max_depth': 15, 'min_child_samples': 16, 'feature_fraction': 0.5442160420955451, 'bagging_fraction': 0.5117454322513348, 'reg_alpha': 2.0255203094697483e-08, 'reg_lambda': 0.00013369050756420595}. Best is trial 102 with value: -0.0949217032687709.
[I 2025-08-04 07:35:39,890] Trial 208 finished with value: -0.0910334133160102 and parameters: {'learning_rate': 0.01518816434345517, 'num_leaves': 171, 'max_depth': 14, 'min_child_samples': 12, 'feature_fraction': 0.5181557127933907, 'bagging_fraction': 0.5438201502788451, 'reg_alpha': 1.861387151356451e-06, 'reg_lambda': 0.192756048473563}. Best is trial 102 with value: -0.0949217032687709.
[I 2025-08-04 07:35:55,028] Trial 209 finished with value: -0.08944567667484565 and parameters: {'learning_rate': 0.017746677192802398, 'num_leaves': 192, 'max_depth': 15, 'min_child_samples': 11, 'feature_fraction': 0.5349384692998282, 'bagging_fraction': 0.5273593688068434, 'reg_alpha': 4.814815089628533e-07, 'reg_lambda': 0.047968867978935674}. Best is trial 102 with value: -0.0949217032687709.
[I 2025-08-04 07:36:10,251] Trial 210 finished with value: -0.09450503530687633 and parameters: {'learning_rate': 0.016204973167060138, 'num_leaves': 159, 'max_depth': 15, 'min_child_samples': 14, 'feature_fraction': 0.5207144758962542, 'bagging_fraction': 0.5343806240925615, 'reg_alpha': 6.671524961113899e-07, 'reg_lambda': 0.8727828787391719}. Best is trial 102 with value: -0.0949217032687709.
[I 2025-08-04 07:36:25,486] Trial 211 finished with value: -0.09238314707220946 and parameters: {'learning_rate': 0.016336098135381595, 'num_leaves': 160, 'max_depth': 15, 'min_child_samples': 15, 'feature_fraction': 0.5146366480265366, 'bagging_fraction': 0.5336409020706134, 'reg_alpha': 5.97794195418683e-07, 'reg_lambda': 1.3750362500967046}. Best is trial 102 with value: -0.0949217032687709.
[I 2025-08-04 07:36:42,430] Trial 212 finished with value: -0.09449187566232516 and parameters: {'learning_rate': 0.015040577143643064, 'num_leaves': 176, 'max_depth': 15, 'min_child_samples': 14, 'feature_fraction': 0.5253692414295515, 'bagging_fraction': 0.5200138573408424, 'reg_alpha': 2.5950749858358977e-07, 'reg_lambda': 1.1580401965472082}. Best is trial 102 with value: -0.0949217032687709.
[I 2025-08-04 07:36:57,148] Trial 213 finished with value: -0.09232539239488384 and parameters: {'learning_rate': 0.014864998882004599, 'num_leaves': 178, 'max_depth': 15, 'min_child_samples': 17, 'feature_fraction': 0.5201072742877821, 'bagging_fraction': 0.5206134332758777, 'reg_alpha': 3.9783255938039374e-07, 'reg_lambda': 0.9472677338614643}. Best is trial 102 with value: -0.0949217032687709.
[I 2025-08-04 07:37:06,765] Trial 214 finished with value: -0.08888872240193342 and parameters: {'learning_rate': 0.013942728886505188, 'num_leaves': 173, 'max_depth': 7, 'min_child_samples': 14, 'feature_fraction': 0.5270192443219052, 'bagging_fraction': 0.5412483235093319, 'reg_alpha': 8.815995898208886e-07, 'reg_lambda': 2.7142983197019874}. Best is trial 102 with value: -0.0949217032687709.
[I 2025-08-04 07:37:25,286] Trial 215 finished with value: -0.09172436790324132 and parameters: {'learning_rate': 0.012510171118158804, 'num_leaves': 184, 'max_depth': 15, 'min_child_samples': 10, 'feature_fraction': 0.5105263305442891, 'bagging_fraction': 0.5166032748263295, 'reg_alpha': 2.714480550405317e-07, 'reg_lambda': 0.000899591604984244}. Best is trial 102 with value: -0.0949217032687709.
[I 2025-08-04 07:37:39,682] Trial 216 finished with value: -0.09381890670787957 and parameters: {'learning_rate': 0.01546608058279133, 'num_leaves': 167, 'max_depth': 15, 'min_child_samples': 17, 'feature_fraction': 0.5412561582798404, 'bagging_fraction': 0.5319605684255596, 'reg_alpha': 2.031799317413055e-07, 'reg_lambda': 0.8873624691362558}. Best is trial 102 with value: -0.0949217032687709.
[I 2025-08-04 07:37:51,881] Trial 217 finished with value: -0.09095442234016211 and parameters: {'learning_rate': 0.017242214847546206, 'num_leaves': 167, 'max_depth': 14, 'min_child_samples': 18, 'feature_fraction': 0.534207363613191, 'bagging_fraction': 0.7712475212575121, 'reg_alpha': 1.5460908282054851e-07, 'reg_lambda': 0.2579409765630686}. Best is trial 102 with value: -0.0949217032687709.
[I 2025-08-04 07:38:06,766] Trial 218 finished with value: -0.09138630147847122 and parameters: {'learning_rate': 0.013503940313102801, 'num_leaves': 162, 'max_depth': 15, 'min_child_samples': 16, 'feature_fraction': 0.5004613365640683, 'bagging_fraction': 0.5458022544824445, 'reg_alpha': 1.9539774803884954e-07, 'reg_lambda': 0.8045841590894611}. Best is trial 102 with value: -0.0949217032687709.
[I 2025-08-04 07:38:25,256] Trial 219 finished with value: -0.09309483263479298 and parameters: {'learning_rate': 0.014522451444157437, 'num_leaves': 179, 'max_depth': 15, 'min_child_samples': 12, 'feature_fraction': 0.5447696567452318, 'bagging_fraction': 0.5098685664078985, 'reg_alpha': 1.2419016733039463e-06, 'reg_lambda': 1.5087501620491657}. Best is trial 102 with value: -0.0949217032687709.
[I 2025-08-04 07:38:43,064] Trial 220 finished with value: -0.09275604198894258 and parameters: {'learning_rate': 0.010842267567988215, 'num_leaves': 168, 'max_depth': 14, 'min_child_samples': 19, 'feature_fraction': 0.5216304966294676, 'bagging_fraction': 0.5352880623600995, 'reg_alpha': 2.7771733580072087e-06, 'reg_lambda': 0.7576406202157623}. Best is trial 102 with value: -0.0949217032687709.
[I 2025-08-04 07:38:59,586] Trial 221 finished with value: -0.09333462512055017 and parameters: {'learning_rate': 0.015478925614477957, 'num_leaves': 173, 'max_depth': 15, 'min_child_samples': 14, 'feature_fraction': 0.5376045659306632, 'bagging_fraction': 0.5255256407589589, 'reg_alpha': 6.713961123159177e-07, 'reg_lambda': 2.400454769271032}. Best is trial 102 with value: -0.0949217032687709.
[I 2025-08-04 07:39:15,229] Trial 222 finished with value: -0.09470727132214422 and parameters: {'learning_rate': 0.015547205627359423, 'num_leaves': 186, 'max_depth': 15, 'min_child_samples': 15, 'feature_fraction': 0.5292575400740145, 'bagging_fraction': 0.5227885906330553, 'reg_alpha': 2.8653539755578734e-07, 'reg_lambda': 0.005880295812462106}. Best is trial 102 with value: -0.0949217032687709.
[I 2025-08-04 07:39:29,258] Trial 223 finished with value: -0.09532691268294306 and parameters: {'learning_rate': 0.0165608221045234, 'num_leaves': 187, 'max_depth': 15, 'min_child_samples': 17, 'feature_fraction': 0.5283659406354437, 'bagging_fraction': 0.5175805606134556, 'reg_alpha': 2.8536889305097945e-07, 'reg_lambda': 0.001648242102284381}. Best is trial 223 with value: -0.09532691268294306.
[I 2025-08-04 07:39:43,721] Trial 224 finished with value: -0.09388559389845667 and parameters: {'learning_rate': 0.016782658777957413, 'num_leaves': 188, 'max_depth': 15, 'min_child_samples': 17, 'feature_fraction': 0.5135745969815679, 'bagging_fraction': 0.521800707594284, 'reg_alpha': 1.0680756677185365e-07, 'reg_lambda': 0.006197883652718036}. Best is trial 223 with value: -0.09532691268294306.
[I 2025-08-04 07:39:58,008] Trial 225 finished with value: -0.09359175931943214 and parameters: {'learning_rate': 0.0163325067735991, 'num_leaves': 186, 'max_depth': 15, 'min_child_samples': 17, 'feature_fraction': 0.5103792407029316, 'bagging_fraction': 0.5206878910632563, 'reg_alpha': 7.99997172532051e-08, 'reg_lambda': 0.006402493970845075}. Best is trial 223 with value: -0.09532691268294306.
