[I 2025-08-04 21:28:58,943] Trial 102 finished with value: -0.9370139319923568 and parameters: {'learning_rate': 0.11737177935493202, 'depth': 7, 'l2_leaf_reg': 3.9246213702603194, 'border_count': 176}. Best is trial 75 with value: -0.9383275872858118.
[I 2025-08-04 21:29:10,180] Trial 103 finished with value: -0.9363690925796238 and parameters: {'learning_rate': 0.08301163839957308, 'depth': 5, 'l2_leaf_reg': 2.7519923083260434, 'border_count': 205}. Best is trial 75 with value: -0.9383275872858118.
[I 2025-08-04 21:29:23,050] Trial 104 finished with value: -0.9347764478579036 and parameters: {'learning_rate': 0.1297370489451993, 'depth': 7, 'l2_leaf_reg': 3.440119213242295, 'border_count': 164}. Best is trial 75 with value: -0.9383275872858118.
[I 2025-08-04 21:29:36,798] Trial 105 finished with value: -0.9368555187790836 and parameters: {'learning_rate': 0.06681877025486102, 'depth': 6, 'l2_leaf_reg': 4.21441552528716, 'border_count': 194}. Best is trial 75 with value: -0.9383275872858118.
[I 2025-08-04 21:29:54,471] Trial 106 finished with value: -0.9360819097054633 and parameters: {'learning_rate': 0.07748129221100516, 'depth': 7, 'l2_leaf_reg': 8.870307244503364, 'border_count': 179}. Best is trial 75 with value: -0.9383275872858118.
[I 2025-08-04 21:30:14,682] Trial 107 finished with value: -0.9340352161926472 and parameters: {'learning_rate': 0.1403719393396903, 'depth': 8, 'l2_leaf_reg': 2.994209864383732, 'border_count': 170}. Best is trial 75 with value: -0.9383275872858118.
[I 2025-08-04 21:30:25,578] Trial 108 finished with value: -0.9334786301511706 and parameters: {'learning_rate': 0.0976851031822602, 'depth': 7, 'l2_leaf_reg': 1.2729334215384438, 'border_count': 75}. Best is trial 75 with value: -0.9383275872858118.
[I 2025-08-04 21:30:37,054] Trial 109 finished with value: -0.9365883820275108 and parameters: {'learning_rate': 0.10750072785516634, 'depth': 6, 'l2_leaf_reg': 2.1383636108590256, 'border_count': 210}. Best is trial 75 with value: -0.9383275872858118.
[I 2025-08-04 21:30:46,568] Trial 110 finished with value: -0.9311776296260437 and parameters: {'learning_rate': 0.09122424541732199, 'depth': 6, 'l2_leaf_reg': 5.364026124128767, 'border_count': 46}. Best is trial 75 with value: -0.9383275872858118.
[I 2025-08-04 21:31:02,676] Trial 111 finished with value: -0.9374213030961231 and parameters: {'learning_rate': 0.09575438161689416, 'depth': 7, 'l2_leaf_reg': 1.4346442732684226, 'border_count': 197}. Best is trial 75 with value: -0.9383275872858118.
[I 2025-08-04 21:31:18,181] Trial 112 finished with value: -0.9343836780717952 and parameters: {'learning_rate': 0.11151374155540773, 'depth': 7, 'l2_leaf_reg': 1.865498004788924, 'border_count': 216}. Best is trial 75 with value: -0.9383275872858118.
[I 2025-08-04 21:31:32,002] Trial 113 finished with value: -0.9348404699202089 and parameters: {'learning_rate': 0.09648049773536826, 'depth': 7, 'l2_leaf_reg': 3.23301458423151, 'border_count': 133}. Best is trial 75 with value: -0.9383275872858118.
[I 2025-08-04 21:31:55,538] Trial 114 finished with value: -0.9346901318768841 and parameters: {'learning_rate': 0.08743327917580895, 'depth': 8, 'l2_leaf_reg': 1.642782515714472, 'border_count': 186}. Best is trial 75 with value: -0.9383275872858118.
[I 2025-08-04 21:32:09,352] Trial 115 finished with value: -0.9379246229776127 and parameters: {'learning_rate': 0.07590397517761129, 'depth': 6, 'l2_leaf_reg': 2.5582844167722945, 'border_count': 200}. Best is trial 75 with value: -0.9383275872858118.
[I 2025-08-04 21:32:22,793] Trial 116 finished with value: -0.9382320621131657 and parameters: {'learning_rate': 0.07577012675359944, 'depth': 6, 'l2_leaf_reg': 2.6309502212297122, 'border_count': 191}. Best is trial 75 with value: -0.9383275872858118.
[I 2025-08-04 21:32:35,286] Trial 117 finished with value: -0.9365235743255045 and parameters: {'learning_rate': 0.06748717834599374, 'depth': 6, 'l2_leaf_reg': 2.601918832581602, 'border_count': 193}. Best is trial 75 with value: -0.9383275872858118.
[I 2025-08-04 21:32:49,160] Trial 118 finished with value: -0.9389520305606593 and parameters: {'learning_rate': 0.07471778566689616, 'depth': 6, 'l2_leaf_reg': 1.0323598914456964, 'border_count': 199}. Best is trial 118 with value: -0.9389520305606593.
[I 2025-08-04 21:33:01,618] Trial 119 finished with value: -0.9369758691522962 and parameters: {'learning_rate': 0.07451937480928078, 'depth': 6, 'l2_leaf_reg': 1.2699986903470744, 'border_count': 197}. Best is trial 118 with value: -0.9389520305606593.
[I 2025-08-04 21:33:15,327] Trial 120 finished with value: -0.9368370695472968 and parameters: {'learning_rate': 0.06183348209131044, 'depth': 6, 'l2_leaf_reg': 1.009453153132857, 'border_count': 208}. Best is trial 118 with value: -0.9389520305606593.
[I 2025-08-04 21:33:28,540] Trial 121 finished with value: -0.937525181066335 and parameters: {'learning_rate': 0.07917656328250365, 'depth': 6, 'l2_leaf_reg': 2.374420363074213, 'border_count': 214}. Best is trial 118 with value: -0.9389520305606593.
[I 2025-08-04 21:33:41,963] Trial 122 finished with value: -0.9372689238701442 and parameters: {'learning_rate': 0.07451403939354209, 'depth': 6, 'l2_leaf_reg': 1.953678971376421, 'border_count': 225}. Best is trial 118 with value: -0.9389520305606593.
[I 2025-08-04 21:33:56,561] Trial 123 finished with value: -0.9363271662031035 and parameters: {'learning_rate': 0.05092666921257513, 'depth': 6, 'l2_leaf_reg': 2.0471742902854793, 'border_count': 226}. Best is trial 118 with value: -0.9389520305606593.
[I 2025-08-04 21:34:11,369] Trial 124 finished with value: -0.9354803562504423 and parameters: {'learning_rate': 0.04476144166341401, 'depth': 6, 'l2_leaf_reg': 2.2653414173885666, 'border_count': 237}. Best is trial 118 with value: -0.9389520305606593.
[I 2025-08-04 21:34:25,571] Trial 125 finished with value: -0.9370216224129033 and parameters: {'learning_rate': 0.05770791040927377, 'depth': 6, 'l2_leaf_reg': 1.418181855103893, 'border_count': 216}. Best is trial 118 with value: -0.9389520305606593.
[I 2025-08-04 21:34:39,192] Trial 126 finished with value: -0.9366027416035326 and parameters: {'learning_rate': 0.08046299546385632, 'depth': 6, 'l2_leaf_reg': 1.8700814101069607, 'border_count': 198}. Best is trial 118 with value: -0.9389520305606593.
[I 2025-08-04 21:34:53,068] Trial 127 finished with value: -0.9367293240112684 and parameters: {'learning_rate': 0.07006001407866544, 'depth': 6, 'l2_leaf_reg': 2.30732859547739, 'border_count': 223}. Best is trial 118 with value: -0.9389520305606593.
[I 2025-08-04 21:35:07,646] Trial 128 finished with value: -0.9382910760152369 and parameters: {'learning_rate': 0.07280634437004838, 'depth': 6, 'l2_leaf_reg': 2.8683579932719816, 'border_count': 238}. Best is trial 118 with value: -0.9389520305606593.
[I 2025-08-04 21:35:19,203] Trial 129 finished with value: -0.9361135661912042 and parameters: {'learning_rate': 0.07675666189340062, 'depth': 5, 'l2_leaf_reg': 1.221709672262423, 'border_count': 234}. Best is trial 118 with value: -0.9389520305606593.
[I 2025-08-04 21:35:33,250] Trial 130 finished with value: -0.9374212892443087 and parameters: {'learning_rate': 0.07204591584114797, 'depth': 6, 'l2_leaf_reg': 2.8441207286733503, 'border_count': 214}. Best is trial 118 with value: -0.9389520305606593.
[I 2025-08-04 21:35:48,039] Trial 131 finished with value: -0.9366519875536852 and parameters: {'learning_rate': 0.06531480108542544, 'depth': 6, 'l2_leaf_reg': 3.0722641227584377, 'border_count': 253}. Best is trial 118 with value: -0.9389520305606593.
[I 2025-08-04 21:36:02,609] Trial 132 finished with value: -0.9380487217507962 and parameters: {'learning_rate': 0.07403157149539247, 'depth': 6, 'l2_leaf_reg': 2.7751685800962904, 'border_count': 247}. Best is trial 118 with value: -0.9389520305606593.
[I 2025-08-04 21:36:17,334] Trial 133 finished with value: -0.9376322723098584 and parameters: {'learning_rate': 0.08191987738094077, 'depth': 6, 'l2_leaf_reg': 2.880900178674254, 'border_count': 240}. Best is trial 118 with value: -0.9389520305606593.
[I 2025-08-04 21:36:32,114] Trial 134 finished with value: -0.9384120090015153 and parameters: {'learning_rate': 0.08353188754412064, 'depth': 6, 'l2_leaf_reg': 3.3222878098155646, 'border_count': 246}. Best is trial 118 with value: -0.9389520305606593.
[I 2025-08-04 21:36:46,124] Trial 135 finished with value: -0.9376119116840013 and parameters: {'learning_rate': 0.08287500822110554, 'depth': 6, 'l2_leaf_reg': 3.6466491369484473, 'border_count': 243}. Best is trial 118 with value: -0.9389520305606593.
[I 2025-08-04 21:37:01,030] Trial 136 finished with value: -0.9372794680173179 and parameters: {'learning_rate': 0.08143642497081158, 'depth': 6, 'l2_leaf_reg': 3.557295866655739, 'border_count': 246}. Best is trial 118 with value: -0.9389520305606593.
[I 2025-08-04 21:37:12,627] Trial 137 finished with value: -0.9355204730660882 and parameters: {'learning_rate': 0.06119426117156498, 'depth': 5, 'l2_leaf_reg': 3.308611226911633, 'border_count': 244}. Best is trial 118 with value: -0.9389520305606593.
[I 2025-08-04 21:37:27,371] Trial 138 finished with value: -0.9369562442468645 and parameters: {'learning_rate': 0.053860365512279414, 'depth': 6, 'l2_leaf_reg': 2.8360406903842543, 'border_count': 243}. Best is trial 118 with value: -0.9389520305606593.
[I 2025-08-04 21:37:42,017] Trial 139 finished with value: -0.9373143864011914 and parameters: {'learning_rate': 0.08604940305896239, 'depth': 6, 'l2_leaf_reg': 3.6772203559730667, 'border_count': 239}. Best is trial 118 with value: -0.9389520305606593.
[I 2025-08-04 21:37:56,937] Trial 140 finished with value: -0.936540764332818 and parameters: {'learning_rate': 0.06951070564999894, 'depth': 6, 'l2_leaf_reg': 3.1140682116720155, 'border_count': 250}. Best is trial 118 with value: -0.9389520305606593.
[I 2025-08-04 21:38:11,304] Trial 141 finished with value: -0.9371720520831985 and parameters: {'learning_rate': 0.07695763877239999, 'depth': 6, 'l2_leaf_reg': 3.813170838247813, 'border_count': 230}. Best is trial 118 with value: -0.9389520305606593.
[I 2025-08-04 21:38:26,133] Trial 142 finished with value: -0.936521490629031 and parameters: {'learning_rate': 0.08443377651623618, 'depth': 6, 'l2_leaf_reg': 3.3222971569561337, 'border_count': 254}. Best is trial 118 with value: -0.9389520305606593.
[I 2025-08-04 21:38:40,815] Trial 143 finished with value: -0.937586671857906 and parameters: {'learning_rate': 0.06422555293174272, 'depth': 6, 'l2_leaf_reg': 2.97876331810118, 'border_count': 244}. Best is trial 118 with value: -0.9389520305606593.
[I 2025-08-04 21:38:55,658] Trial 144 finished with value: -0.9365321167496351 and parameters: {'learning_rate': 0.06451894741991905, 'depth': 6, 'l2_leaf_reg': 3.015736430170588, 'border_count': 242}. Best is trial 118 with value: -0.9389520305606593.
[I 2025-08-04 21:40:33,102] Trial 145 finished with value: -0.9277724908097105 and parameters: {'learning_rate': 0.07335082691555045, 'depth': 10, 'l2_leaf_reg': 2.7609464850045544, 'border_count': 249}. Best is trial 118 with value: -0.9389520305606593.
[I 2025-08-04 21:40:47,872] Trial 146 finished with value: -0.936605627722732 and parameters: {'learning_rate': 0.05841185415560823, 'depth': 6, 'l2_leaf_reg': 2.512250484303494, 'border_count': 236}. Best is trial 118 with value: -0.9389520305606593.
[I 2025-08-04 21:40:59,509] Trial 147 finished with value: -0.936877969346925 and parameters: {'learning_rate': 0.07958698293835531, 'depth': 5, 'l2_leaf_reg': 3.4824869364123705, 'border_count': 247}. Best is trial 118 with value: -0.9389520305606593.
[I 2025-08-04 21:41:13,929] Trial 148 finished with value: -0.9359593253259074 and parameters: {'learning_rate': 0.06744038320565815, 'depth': 6, 'l2_leaf_reg': 2.878368730029561, 'border_count': 230}. Best is trial 118 with value: -0.9389520305606593.
[I 2025-08-04 21:41:27,325] Trial 149 finished with value: -0.9371328507240773 and parameters: {'learning_rate': 0.08815165752334868, 'depth': 6, 'l2_leaf_reg': 2.337953303596827, 'border_count': 234}. Best is trial 118 with value: -0.9389520305606593.
[I 2025-08-04 21:41:28,720] A new study created in memory with name: no-name-98dc4695-e6bb-4a09-a899-a0c854f49c91
[I 2025-08-04 21:41:36,861] Trial 0 finished with value: -0.9277739549794971 and parameters: {'learning_rate': 0.030710573677773714, 'num_leaves': 244, 'max_depth': 12, 'min_child_samples': 64, 'feature_fraction': 0.5780093202212182, 'bagging_fraction': 0.5779972601681014, 'reg_alpha': 3.3323645788192616e-08, 'reg_lambda': 0.6245760287469893}. Best is trial 0 with value: -0.9277739549794971.
[I 2025-08-04 21:41:39,299] Trial 1 finished with value: -0.9175795815320305 and parameters: {'learning_rate': 0.06054365855469246, 'num_leaves': 184, 'max_depth': 3, 'min_child_samples': 98, 'feature_fraction': 0.9162213204002109, 'bagging_fraction': 0.6061695553391381, 'reg_alpha': 4.329370014459266e-07, 'reg_lambda': 4.4734294104626844e-07}. Best is trial 0 with value: -0.9277739549794971.
[I 2025-08-04 21:41:46,691] Trial 2 finished with value: -0.9285494192225825 and parameters: {'learning_rate': 0.024878734419814436, 'num_leaves': 138, 'max_depth': 8, 'min_child_samples': 36, 'feature_fraction': 0.8059264473611898, 'bagging_fraction': 0.569746930326021, 'reg_alpha': 4.258943089524393e-06, 'reg_lambda': 1.9826980964985924e-05}. Best is trial 2 with value: -0.9285494192225825.
[I 2025-08-04 21:41:50,630] Trial 3 finished with value: -0.9265832791162982 and parameters: {'learning_rate': 0.03920673972242137, 'num_leaves': 203, 'max_depth': 5, 'min_child_samples': 56, 'feature_fraction': 0.7962072844310213, 'bagging_fraction': 0.5232252063599989, 'reg_alpha': 0.0029369981104377003, 'reg_lambda': 3.425445902633376e-07}. Best is trial 2 with value: -0.9285494192225825.
[I 2025-08-04 21:42:01,595] Trial 4 finished with value: -0.9166947187441241 and parameters: {'learning_rate': 0.012151617026673379, 'num_leaves': 244, 'max_depth': 15, 'min_child_samples': 83, 'feature_fraction': 0.6523068845866853, 'bagging_fraction': 0.5488360570031919, 'reg_alpha': 0.014391207615728067, 'reg_lambda': 9.148975058772307e-05}. Best is trial 2 with value: -0.9285494192225825.
[I 2025-08-04 21:42:03,878] Trial 5 finished with value: -0.8965007616771669 and parameters: {'learning_rate': 0.014413697528610409, 'num_leaves': 131, 'max_depth': 3, 'min_child_samples': 92, 'feature_fraction': 0.6293899908000085, 'bagging_fraction': 0.831261142176991, 'reg_alpha': 6.388511557344611e-06, 'reg_lambda': 0.0004793052550782129}. Best is trial 2 with value: -0.9285494192225825.
[I 2025-08-04 21:42:11,786] Trial 6 finished with value: -0.9256627116179155 and parameters: {'learning_rate': 0.05143828405076928, 'num_leaves': 54, 'max_depth': 15, 'min_child_samples': 80, 'feature_fraction': 0.9697494707820946, 'bagging_fraction': 0.9474136752138245, 'reg_alpha': 0.002404915432737351, 'reg_lambda': 1.9809253750493907}. Best is trial 2 with value: -0.9285494192225825.
[I 2025-08-04 21:42:14,175] Trial 7 finished with value: -0.9013750280532744 and parameters: {'learning_rate': 0.01303561122512888, 'num_leaves': 56, 'max_depth': 3, 'min_child_samples': 39, 'feature_fraction': 0.6943386448447411, 'bagging_fraction': 0.6356745158869479, 'reg_alpha': 0.28749982347407854, 'reg_lambda': 1.6247252885719427e-05}. Best is trial 2 with value: -0.9285494192225825.
[I 2025-08-04 21:42:17,006] Trial 8 finished with value: -0.9162777317234351 and parameters: {'learning_rate': 0.023200867504756827, 'num_leaves': 143, 'max_depth': 4, 'min_child_samples': 82, 'feature_fraction': 0.5372753218398854, 'bagging_fraction': 0.9934434683002586, 'reg_alpha': 0.08916674715636537, 'reg_lambda': 6.143857495033091e-07}. Best is trial 2 with value: -0.9285494192225825.
[I 2025-08-04 21:42:27,295] Trial 9 finished with value: -0.9145025923059924 and parameters: {'learning_rate': 0.010166803740022877, 'num_leaves': 211, 'max_depth': 12, 'min_child_samples': 76, 'feature_fraction': 0.8856351733429728, 'bagging_fraction': 0.5370223258670452, 'reg_alpha': 1.683416412018213e-05, 'reg_lambda': 1.1036250149900698e-07}. Best is trial 2 with value: -0.9285494192225825.
[I 2025-08-04 21:42:29,877] Trial 10 finished with value: -0.9322341394414309 and parameters: {'learning_rate': 0.13388899274129873, 'num_leaves': 9, 'max_depth': 7, 'min_child_samples': 11, 'feature_fraction': 0.7846562513261506, 'bagging_fraction': 0.721539898400351, 'reg_alpha': 4.344469108550396, 'reg_lambda': 0.010039786460205695}. Best is trial 10 with value: -0.9322341394414309.
[I 2025-08-04 21:42:32,296] Trial 11 finished with value: -0.9326232293316193 and parameters: {'learning_rate': 0.17061837680423544, 'num_leaves': 9, 'max_depth': 7, 'min_child_samples': 10, 'feature_fraction': 0.7930679183446125, 'bagging_fraction': 0.7171781358782056, 'reg_alpha': 4.188416507348498, 'reg_lambda': 0.008427137829973095}. Best is trial 11 with value: -0.9326232293316193.
[I 2025-08-04 21:42:34,093] Trial 12 finished with value: -0.9286742451411243 and parameters: {'learning_rate': 0.18413559883361694, 'num_leaves': 9, 'max_depth': 7, 'min_child_samples': 10, 'feature_fraction': 0.7447014489005493, 'bagging_fraction': 0.7372735823178598, 'reg_alpha': 8.964592852736423, 'reg_lambda': 0.014790975660203105}. Best is trial 11 with value: -0.9326232293316193.
[I 2025-08-04 21:42:36,178] Trial 13 finished with value: -0.9302958854268804 and parameters: {'learning_rate': 0.19416552625841807, 'num_leaves': 16, 'max_depth': 6, 'min_child_samples': 10, 'feature_fraction': 0.8255079015857972, 'bagging_fraction': 0.7184628468385728, 'reg_alpha': 9.86874546485378, 'reg_lambda': 0.018313125916897974}. Best is trial 11 with value: -0.9326232293316193.
[I 2025-08-04 21:42:41,015] Trial 14 finished with value: -0.9277523244858455 and parameters: {'learning_rate': 0.10632746242224578, 'num_leaves': 68, 'max_depth': 10, 'min_child_samples': 24, 'feature_fraction': 0.7226065972922637, 'bagging_fraction': 0.8152199006501988, 'reg_alpha': 0.48655210851246783, 'reg_lambda': 0.009410050130685054}. Best is trial 11 with value: -0.9326232293316193.
[I 2025-08-04 21:42:45,572] Trial 15 finished with value: -0.9275163933749921 and parameters: {'learning_rate': 0.10468345169209065, 'num_leaves': 80, 'max_depth': 9, 'min_child_samples': 25, 'feature_fraction': 0.8705765955899738, 'bagging_fraction': 0.6924745509172271, 'reg_alpha': 0.8613950980416505, 'reg_lambda': 0.14184312049385903}. Best is trial 11 with value: -0.9326232293316193.
[I 2025-08-04 21:42:48,999] Trial 16 finished with value: -0.9291017588821108 and parameters: {'learning_rate': 0.10696355595474458, 'num_leaves': 100, 'max_depth': 6, 'min_child_samples': 24, 'feature_fraction': 0.9972051753265123, 'bagging_fraction': 0.8100308334813918, 'reg_alpha': 0.0003127872267463454, 'reg_lambda': 0.0011311754430479313}. Best is trial 11 with value: -0.9326232293316193.
[I 2025-08-04 21:42:53,699] Trial 17 finished with value: -0.9310291439731555 and parameters: {'learning_rate': 0.0775638293899637, 'num_leaves': 32, 'max_depth': 10, 'min_child_samples': 38, 'feature_fraction': 0.7864602527183489, 'bagging_fraction': 0.6707750474677461, 'reg_alpha': 0.04278686026057723, 'reg_lambda': 0.059625168763162296}. Best is trial 11 with value: -0.9326232293316193.
[I 2025-08-04 21:42:57,710] Trial 18 finished with value: -0.9266226465991885 and parameters: {'learning_rate': 0.14584365323126963, 'num_leaves': 38, 'max_depth': 8, 'min_child_samples': 19, 'feature_fraction': 0.6811852168264261, 'bagging_fraction': 0.8814486898577985, 'reg_alpha': 1.471635936015753, 'reg_lambda': 8.844421481756813}. Best is trial 11 with value: -0.9326232293316193.
[I 2025-08-04 21:43:01,060] Trial 19 finished with value: -0.9288331817767126 and parameters: {'learning_rate': 0.13940127601485913, 'num_leaves': 101, 'max_depth': 6, 'min_child_samples': 47, 'feature_fraction': 0.8556796651546272, 'bagging_fraction': 0.7507285077111834, 'reg_alpha': 9.320234976399455e-05, 'reg_lambda': 0.001399205508112251}. Best is trial 11 with value: -0.9326232293316193.
[I 2025-08-04 21:43:03,904] Trial 20 finished with value: -0.9300538069367257 and parameters: {'learning_rate': 0.06944011694508737, 'num_leaves': 8, 'max_depth': 10, 'min_child_samples': 17, 'feature_fraction': 0.9292066062055611, 'bagging_fraction': 0.7758600196137365, 'reg_alpha': 0.005648917487926644, 'reg_lambda': 0.0049393924646631455}. Best is trial 11 with value: -0.9326232293316193.
[I 2025-08-04 21:43:08,678] Trial 21 finished with value: -0.9290929846912788 and parameters: {'learning_rate': 0.08380477803932176, 'num_leaves': 34, 'max_depth': 11, 'min_child_samples': 34, 'feature_fraction': 0.7666948077315919, 'bagging_fraction': 0.663476297802019, 'reg_alpha': 0.06488076794060954, 'reg_lambda': 0.0990642034530435}. Best is trial 11 with value: -0.9326232293316193.
[I 2025-08-04 21:43:11,865] Trial 22 finished with value: -0.9285683693062236 and parameters: {'learning_rate': 0.1353614774481775, 'num_leaves': 32, 'max_depth': 8, 'min_child_samples': 31, 'feature_fraction': 0.7640114903106479, 'bagging_fraction': 0.6719619733911685, 'reg_alpha': 2.369086467322926, 'reg_lambda': 0.08608658423775213}. Best is trial 11 with value: -0.9326232293316193.
[I 2025-08-04 21:43:16,738] Trial 23 finished with value: -0.9291725881030442 and parameters: {'learning_rate': 0.08611953811044991, 'num_leaves': 40, 'max_depth': 9, 'min_child_samples': 45, 'feature_fraction': 0.8293948872008855, 'bagging_fraction': 0.6282221555974891, 'reg_alpha': 0.046038928759881435, 'reg_lambda': 0.5066647232247354}. Best is trial 11 with value: -0.9326232293316193.
