[I 2025-08-04 09:19:23,472] Trial 7 finished with value: 0.04489959769942797 and parameters: {'n_d': 28, 'n_a': 25, 'n_steps': 8, 'gamma': 1.5263006064882976, 'lambda_sparse': 0.00018055460053538106, 'lr': 0.06576086948972244, 'weight_decay': 3.1553997195637324e-06}. Best is trial 4 with value: 0.10758599541166614.
/work/dlclarge2/alidemaa-dl_lab/automl/automl-exam-ss25-tabular-freiburg-template/automl-tabular-env/lib/python3.10/site-packages/pytorch_tabnet/callbacks.py:172: UserWarning: Best weights from best epoch are automatically used!
  warnings.warn(wrn_msg)
[I 2025-08-04 09:20:24,689] Trial 8 finished with value: 0.08819004922162976 and parameters: {'n_d': 32, 'n_a': 20, 'n_steps': 7, 'gamma': 1.4358293101405328, 'lambda_sparse': 0.00020282943979661156, 'lr': 0.024506952942091553, 'weight_decay': 7.1350353950136e-06}. Best is trial 4 with value: 0.10758599541166614.
/work/dlclarge2/alidemaa-dl_lab/automl/automl-exam-ss25-tabular-freiburg-template/automl-tabular-env/lib/python3.10/site-packages/pytorch_tabnet/callbacks.py:172: UserWarning: Best weights from best epoch are automatically used!
  warnings.warn(wrn_msg)
[I 2025-08-04 09:20:44,302] Trial 9 finished with value: 0.007618415230240316 and parameters: {'n_d': 54, 'n_a': 12, 'n_steps': 3, 'gamma': 1.6853927966622815, 'lambda_sparse': 0.0002674343000749746, 'lr': 0.00020840161416335885, 'weight_decay': 0.0005210112102174425}. Best is trial 4 with value: 0.10758599541166614.
/work/dlclarge2/alidemaa-dl_lab/automl/automl-exam-ss25-tabular-freiburg-template/automl-tabular-env/lib/python3.10/site-packages/pytorch_tabnet/callbacks.py:172: UserWarning: Best weights from best epoch are automatically used!
  warnings.warn(wrn_msg)
[I 2025-08-04 09:21:52,502] Trial 10 finished with value: 0.11463770035135235 and parameters: {'n_d': 63, 'n_a': 64, 'n_steps': 10, 'gamma': 1.0682971830769195, 'lambda_sparse': 0.0017606957331270296, 'lr': 0.0032668764630653813, 'weight_decay': 0.00010106437263709704}. Best is trial 10 with value: 0.11463770035135235.
/work/dlclarge2/alidemaa-dl_lab/automl/automl-exam-ss25-tabular-freiburg-template/automl-tabular-env/lib/python3.10/site-packages/pytorch_tabnet/callbacks.py:172: UserWarning: Best weights from best epoch are automatically used!
  warnings.warn(wrn_msg)
[I 2025-08-04 09:23:10,036] Trial 11 finished with value: 0.09801398916041004 and parameters: {'n_d': 64, 'n_a': 62, 'n_steps': 10, 'gamma': 1.0076727720240173, 'lambda_sparse': 0.0015812303370857169, 'lr': 0.0033377057290771193, 'weight_decay': 0.00010251604347063938}. Best is trial 10 with value: 0.11463770035135235.
/work/dlclarge2/alidemaa-dl_lab/automl/automl-exam-ss25-tabular-freiburg-template/automl-tabular-env/lib/python3.10/site-packages/pytorch_tabnet/callbacks.py:172: UserWarning: Best weights from best epoch are automatically used!
  warnings.warn(wrn_msg)
[I 2025-08-04 09:24:31,471] Trial 12 finished with value: 0.11327468950648578 and parameters: {'n_d': 51, 'n_a': 64, 'n_steps': 10, 'gamma': 1.0166170168229982, 'lambda_sparse': 0.0014293017482799237, 'lr': 0.002833678070751303, 'weight_decay': 0.00014820833818043622}. Best is trial 10 with value: 0.11463770035135235.
/work/dlclarge2/alidemaa-dl_lab/automl/automl-exam-ss25-tabular-freiburg-template/automl-tabular-env/lib/python3.10/site-packages/pytorch_tabnet/callbacks.py:172: UserWarning: Best weights from best epoch are automatically used!
  warnings.warn(wrn_msg)
[I 2025-08-04 09:25:52,238] Trial 13 finished with value: 0.008025080664257778 and parameters: {'n_d': 50, 'n_a': 63, 'n_steps': 10, 'gamma': 1.244524441322746, 'lambda_sparse': 0.0035522718039421443, 'lr': 0.0009500787474307995, 'weight_decay': 0.00014509804456614114}. Best is trial 10 with value: 0.11463770035135235.
/work/dlclarge2/alidemaa-dl_lab/automl/automl-exam-ss25-tabular-freiburg-template/automl-tabular-env/lib/python3.10/site-packages/pytorch_tabnet/callbacks.py:172: UserWarning: Best weights from best epoch are automatically used!
  warnings.warn(wrn_msg)
[I 2025-08-04 09:27:06,859] Trial 14 finished with value: 0.056708384760543185 and parameters: {'n_d': 44, 'n_a': 54, 'n_steps': 9, 'gamma': 1.1569160329015538, 'lambda_sparse': 0.0010072415702710353, 'lr': 0.0022315066618819536, 'weight_decay': 1.691728783501846e-05}. Best is trial 10 with value: 0.11463770035135235.
/work/dlclarge2/alidemaa-dl_lab/automl/automl-exam-ss25-tabular-freiburg-template/automl-tabular-env/lib/python3.10/site-packages/pytorch_tabnet/callbacks.py:172: UserWarning: Best weights from best epoch are automatically used!
  warnings.warn(wrn_msg)
[I 2025-08-04 09:28:27,956] Trial 15 finished with value: 0.062107914895662586 and parameters: {'n_d': 53, 'n_a': 57, 'n_steps': 10, 'gamma': 1.3494723317321662, 'lambda_sparse': 0.0025465740924445804, 'lr': 0.007150157728398448, 'weight_decay': 1.2501211847036388e-06}. Best is trial 10 with value: 0.11463770035135235.
/work/dlclarge2/alidemaa-dl_lab/automl/automl-exam-ss25-tabular-freiburg-template/automl-tabular-env/lib/python3.10/site-packages/pytorch_tabnet/callbacks.py:172: UserWarning: Best weights from best epoch are automatically used!
  warnings.warn(wrn_msg)
[I 2025-08-04 09:29:42,374] Trial 16 finished with value: 0.06395574056685338 and parameters: {'n_d': 57, 'n_a': 46, 'n_steps': 9, 'gamma': 1.09667824975394, 'lambda_sparse': 0.0056208122580088515, 'lr': 0.0014797180995120434, 'weight_decay': 5.3507867464434805e-05}. Best is trial 10 with value: 0.11463770035135235.
/work/dlclarge2/alidemaa-dl_lab/automl/automl-exam-ss25-tabular-freiburg-template/automl-tabular-env/lib/python3.10/site-packages/pytorch_tabnet/callbacks.py:172: UserWarning: Best weights from best epoch are automatically used!
  warnings.warn(wrn_msg)
[I 2025-08-04 09:30:32,695] Trial 17 finished with value: 0.10015986628773077 and parameters: {'n_d': 46, 'n_a': 64, 'n_steps': 8, 'gamma': 1.0037751492898936, 'lambda_sparse': 0.0007185112564500529, 'lr': 0.013422910242097488, 'weight_decay': 0.00026392512823671593}. Best is trial 10 with value: 0.11463770035135235.
/work/dlclarge2/alidemaa-dl_lab/automl/automl-exam-ss25-tabular-freiburg-template/automl-tabular-env/lib/python3.10/site-packages/pytorch_tabnet/callbacks.py:172: UserWarning: Best weights from best epoch are automatically used!
  warnings.warn(wrn_msg)
[I 2025-08-04 09:31:19,418] Trial 18 finished with value: 0.05972018590323602 and parameters: {'n_d': 23, 'n_a': 45, 'n_steps': 6, 'gamma': 1.3738029114347663, 'lambda_sparse': 0.0004974707130214446, 'lr': 0.0019641614025983347, 'weight_decay': 0.0002394931315174044}. Best is trial 10 with value: 0.11463770035135235.
/work/dlclarge2/alidemaa-dl_lab/automl/automl-exam-ss25-tabular-freiburg-template/automl-tabular-env/lib/python3.10/site-packages/pytorch_tabnet/callbacks.py:172: UserWarning: Best weights from best epoch are automatically used!
  warnings.warn(wrn_msg)
[I 2025-08-04 09:32:26,602] Trial 19 finished with value: 0.10198204337140282 and parameters: {'n_d': 40, 'n_a': 57, 'n_steps': 10, 'gamma': 1.2058117672674071, 'lambda_sparse': 0.001910487926066497, 'lr': 0.022923594706056694, 'weight_decay': 0.000978398474096093}. Best is trial 10 with value: 0.11463770035135235.
/work/dlclarge2/alidemaa-dl_lab/automl/automl-exam-ss25-tabular-freiburg-template/automl-tabular-env/lib/python3.10/site-packages/pytorch_tabnet/callbacks.py:172: UserWarning: Best weights from best epoch are automatically used!
  warnings.warn(wrn_msg)
[I 2025-08-04 09:33:55,191] A new study created in memory with name: no-name-85199e08-89ff-4d4a-8958-2d1f1e54ee63
/work/dlclarge2/alidemaa-dl_lab/automl/automl-exam-ss25-tabular-freiburg-template/automl-tabular-env/lib/python3.10/site-packages/pytorch_tabnet/callbacks.py:172: UserWarning: Best weights from best epoch are automatically used!
  warnings.warn(wrn_msg)
[I 2025-08-04 09:34:16,104] Trial 0 finished with value: 0.02860753537699534 and parameters: {'n_d': 60, 'n_a': 54, 'n_steps': 4, 'gamma': 1.6574947078369853, 'lambda_sparse': 0.00022645550128605303, 'lr': 0.06988593509610073, 'weight_decay': 1.0050269187624264e-05}. Best is trial 0 with value: 0.02860753537699534.
/work/dlclarge2/alidemaa-dl_lab/automl/automl-exam-ss25-tabular-freiburg-template/automl-tabular-env/lib/python3.10/site-packages/pytorch_tabnet/callbacks.py:172: UserWarning: Best weights from best epoch are automatically used!
  warnings.warn(wrn_msg)
[I 2025-08-04 09:34:31,851] Trial 1 finished with value: 0.0053065966184215885 and parameters: {'n_d': 8, 'n_a': 45, 'n_steps': 9, 'gamma': 1.6577233689875719, 'lambda_sparse': 4.636537330239158e-05, 'lr': 0.0015655443134867549, 'weight_decay': 3.786221319566079e-05}. Best is trial 0 with value: 0.02860753537699534.
/work/dlclarge2/alidemaa-dl_lab/automl/automl-exam-ss25-tabular-freiburg-template/automl-tabular-env/lib/python3.10/site-packages/pytorch_tabnet/callbacks.py:172: UserWarning: Best weights from best epoch are automatically used!
  warnings.warn(wrn_msg)
[I 2025-08-04 09:34:44,283] Trial 2 finished with value: 0.0034620229407147374 and parameters: {'n_d': 14, 'n_a': 16, 'n_steps': 6, 'gamma': 1.4575978912135792, 'lambda_sparse': 0.0019395553211922565, 'lr': 0.0008700599242857968, 'weight_decay': 0.00013190843209202982}. Best is trial 0 with value: 0.02860753537699534.
/work/dlclarge2/alidemaa-dl_lab/automl/automl-exam-ss25-tabular-freiburg-template/automl-tabular-env/lib/python3.10/site-packages/pytorch_tabnet/callbacks.py:172: UserWarning: Best weights from best epoch are automatically used!
  warnings.warn(wrn_msg)
[I 2025-08-04 09:35:48,406] Trial 3 finished with value: 0.06644563216932686 and parameters: {'n_d': 37, 'n_a': 20, 'n_steps': 9, 'gamma': 1.894012302441035, 'lambda_sparse': 0.00014503693834456774, 'lr': 0.013185244226976311, 'weight_decay': 0.0006895118151336059}. Best is trial 3 with value: 0.06644563216932686.
/work/dlclarge2/alidemaa-dl_lab/automl/automl-exam-ss25-tabular-freiburg-template/automl-tabular-env/lib/python3.10/site-packages/pytorch_tabnet/callbacks.py:172: UserWarning: Best weights from best epoch are automatically used!
  warnings.warn(wrn_msg)
[I 2025-08-04 09:36:22,462] Trial 4 finished with value: 0.031117284438462733 and parameters: {'n_d': 14, 'n_a': 49, 'n_steps': 6, 'gamma': 1.9987731782838838, 'lambda_sparse': 0.00013629026239727707, 'lr': 0.03795204517566793, 'weight_decay': 1.5562561340475155e-05}. Best is trial 3 with value: 0.06644563216932686.
/work/dlclarge2/alidemaa-dl_lab/automl/automl-exam-ss25-tabular-freiburg-template/automl-tabular-env/lib/python3.10/site-packages/pytorch_tabnet/callbacks.py:172: UserWarning: Best weights from best epoch are automatically used!
  warnings.warn(wrn_msg)
[I 2025-08-04 09:36:56,612] Trial 5 finished with value: 0.08395094249088242 and parameters: {'n_d': 54, 'n_a': 53, 'n_steps': 3, 'gamma': 1.5703252603496765, 'lambda_sparse': 0.001915860342383409, 'lr': 0.004741415663510558, 'weight_decay': 0.0006541346314312084}. Best is trial 5 with value: 0.08395094249088242.
/work/dlclarge2/alidemaa-dl_lab/automl/automl-exam-ss25-tabular-freiburg-template/automl-tabular-env/lib/python3.10/site-packages/pytorch_tabnet/callbacks.py:172: UserWarning: Best weights from best epoch are automatically used!
  warnings.warn(wrn_msg)
[I 2025-08-04 09:38:02,092] Trial 6 finished with value: 0.05704273261641757 and parameters: {'n_d': 39, 'n_a': 64, 'n_steps': 8, 'gamma': 1.5544741815673917, 'lambda_sparse': 0.0009093280477605989, 'lr': 0.010622451286048072, 'weight_decay': 0.00013292963692003082}. Best is trial 5 with value: 0.08395094249088242.
/work/dlclarge2/alidemaa-dl_lab/automl/automl-exam-ss25-tabular-freiburg-template/automl-tabular-env/lib/python3.10/site-packages/pytorch_tabnet/callbacks.py:172: UserWarning: Best weights from best epoch are automatically used!
  warnings.warn(wrn_msg)
[I 2025-08-04 09:38:54,918] Trial 7 finished with value: 0.018991584619043933 and parameters: {'n_d': 52, 'n_a': 43, 'n_steps': 10, 'gamma': 1.5862807920309507, 'lambda_sparse': 0.007642441107068665, 'lr': 0.0053923305383973795, 'weight_decay': 8.034272789274596e-06}. Best is trial 5 with value: 0.08395094249088242.
/work/dlclarge2/alidemaa-dl_lab/automl/automl-exam-ss25-tabular-freiburg-template/automl-tabular-env/lib/python3.10/site-packages/pytorch_tabnet/callbacks.py:172: UserWarning: Best weights from best epoch are automatically used!
  warnings.warn(wrn_msg)
[I 2025-08-04 09:39:03,138] Trial 8 finished with value: -0.004529065161894996 and parameters: {'n_d': 35, 'n_a': 18, 'n_steps': 3, 'gamma': 1.1535666214552815, 'lambda_sparse': 0.002694845238271911, 'lr': 0.00021474742061644998, 'weight_decay': 6.418302083304803e-06}. Best is trial 5 with value: 0.08395094249088242.
/work/dlclarge2/alidemaa-dl_lab/automl/automl-exam-ss25-tabular-freiburg-template/automl-tabular-env/lib/python3.10/site-packages/pytorch_tabnet/callbacks.py:172: UserWarning: Best weights from best epoch are automatically used!
  warnings.warn(wrn_msg)
[I 2025-08-04 09:40:10,259] Trial 9 finished with value: 0.07181135910834457 and parameters: {'n_d': 26, 'n_a': 29, 'n_steps': 8, 'gamma': 1.9503071126668803, 'lambda_sparse': 0.00028208458448159327, 'lr': 0.008830838600561155, 'weight_decay': 0.00044160147116011257}. Best is trial 5 with value: 0.08395094249088242.
/work/dlclarge2/alidemaa-dl_lab/automl/automl-exam-ss25-tabular-freiburg-template/automl-tabular-env/lib/python3.10/site-packages/pytorch_tabnet/callbacks.py:172: UserWarning: Best weights from best epoch are automatically used!
  warnings.warn(wrn_msg)
[I 2025-08-04 09:40:25,518] Trial 10 finished with value: -0.0014537907172855746 and parameters: {'n_d': 64, 'n_a': 64, 'n_steps': 4, 'gamma': 1.2264988238466397, 'lambda_sparse': 1.0250299808817792e-05, 'lr': 0.00010747296322441283, 'weight_decay': 1.6185518294256871e-06}. Best is trial 5 with value: 0.08395094249088242.
/work/dlclarge2/alidemaa-dl_lab/automl/automl-exam-ss25-tabular-freiburg-template/automl-tabular-env/lib/python3.10/site-packages/pytorch_tabnet/callbacks.py:172: UserWarning: Best weights from best epoch are automatically used!
  warnings.warn(wrn_msg)
[I 2025-08-04 09:40:45,318] Trial 11 finished with value: 0.014264298203113812 and parameters: {'n_d': 26, 'n_a': 30, 'n_steps': 7, 'gamma': 1.817673759221067, 'lambda_sparse': 0.0008802332243148426, 'lr': 0.0028891033908377286, 'weight_decay': 0.0008838682160895246}. Best is trial 5 with value: 0.08395094249088242.
/work/dlclarge2/alidemaa-dl_lab/automl/automl-exam-ss25-tabular-freiburg-template/automl-tabular-env/lib/python3.10/site-packages/pytorch_tabnet/callbacks.py:172: UserWarning: Best weights from best epoch are automatically used!
  warnings.warn(wrn_msg)
[I 2025-08-04 09:41:28,661] Trial 12 finished with value: 0.06661451948614083 and parameters: {'n_d': 50, 'n_a': 32, 'n_steps': 5, 'gamma': 1.3643619929961521, 'lambda_sparse': 0.0005529393209711826, 'lr': 0.019384343524719128, 'weight_decay': 0.0002526128265350819}. Best is trial 5 with value: 0.08395094249088242.
/work/dlclarge2/alidemaa-dl_lab/automl/automl-exam-ss25-tabular-freiburg-template/automl-tabular-env/lib/python3.10/site-packages/pytorch_tabnet/callbacks.py:172: UserWarning: Best weights from best epoch are automatically used!
  warnings.warn(wrn_msg)
[I 2025-08-04 09:42:09,142] Trial 13 finished with value: 0.01219338693558103 and parameters: {'n_d': 27, 'n_a': 8, 'n_steps': 7, 'gamma': 1.7571814401536132, 'lambda_sparse': 0.008008895336882187, 'lr': 0.0006653562197249708, 'weight_decay': 0.0003284156068690286}. Best is trial 5 with value: 0.08395094249088242.
/work/dlclarge2/alidemaa-dl_lab/automl/automl-exam-ss25-tabular-freiburg-template/automl-tabular-env/lib/python3.10/site-packages/pytorch_tabnet/callbacks.py:172: UserWarning: Best weights from best epoch are automatically used!
  warnings.warn(wrn_msg)
[I 2025-08-04 09:43:16,653] Trial 14 finished with value: 0.08967293349637717 and parameters: {'n_d': 49, 'n_a': 37, 'n_steps': 8, 'gamma': 1.0321042836437688, 'lambda_sparse': 5.66159364885388e-05, 'lr': 0.004937216625840678, 'weight_decay': 8.839005978704996e-05}. Best is trial 14 with value: 0.08967293349637717.
/work/dlclarge2/alidemaa-dl_lab/automl/automl-exam-ss25-tabular-freiburg-template/automl-tabular-env/lib/python3.10/site-packages/pytorch_tabnet/callbacks.py:172: UserWarning: Best weights from best epoch are automatically used!
  warnings.warn(wrn_msg)
[I 2025-08-04 09:43:51,838] Trial 15 finished with value: 0.06438564928246227 and parameters: {'n_d': 49, 'n_a': 54, 'n_steps': 3, 'gamma': 1.0367959969596288, 'lambda_sparse': 3.487111563050877e-05, 'lr': 0.002864649981027639, 'weight_decay': 4.9903321811064375e-05}. Best is trial 14 with value: 0.08967293349637717.
/work/dlclarge2/alidemaa-dl_lab/automl/automl-exam-ss25-tabular-freiburg-template/automl-tabular-env/lib/python3.10/site-packages/pytorch_tabnet/callbacks.py:172: UserWarning: Best weights from best epoch are automatically used!
  warnings.warn(wrn_msg)
[I 2025-08-04 09:44:38,517] Trial 16 finished with value: 0.05122100188120815 and parameters: {'n_d': 57, 'n_a': 43, 'n_steps': 5, 'gamma': 1.3510737717065955, 'lambda_sparse': 4.373041957275264e-05, 'lr': 0.004808278513182151, 'weight_decay': 0.00014375495536831935}. Best is trial 14 with value: 0.08967293349637717.
/work/dlclarge2/alidemaa-dl_lab/automl/automl-exam-ss25-tabular-freiburg-template/automl-tabular-env/lib/python3.10/site-packages/pytorch_tabnet/callbacks.py:172: UserWarning: Best weights from best epoch are automatically used!
  warnings.warn(wrn_msg)
[I 2025-08-04 09:45:45,724] Trial 17 finished with value: 0.07969879301805938 and parameters: {'n_d': 43, 'n_a': 38, 'n_steps': 8, 'gamma': 1.0157616658419657, 'lambda_sparse': 1.4817493151222584e-05, 'lr': 0.027629113641113142, 'weight_decay': 5.5998806181533424e-05}. Best is trial 14 with value: 0.08967293349637717.
/work/dlclarge2/alidemaa-dl_lab/automl/automl-exam-ss25-tabular-freiburg-template/automl-tabular-env/lib/python3.10/site-packages/pytorch_tabnet/callbacks.py:172: UserWarning: Best weights from best epoch are automatically used!
  warnings.warn(wrn_msg)
[I 2025-08-04 09:46:02,933] Trial 18 finished with value: -0.012032319848146233 and parameters: {'n_d': 45, 'n_a': 57, 'n_steps': 10, 'gamma': 1.4096577828737245, 'lambda_sparse': 0.003503061707536629, 'lr': 0.0005476742522622196, 'weight_decay': 1.6667044476955602e-06}. Best is trial 14 with value: 0.08967293349637717.
/work/dlclarge2/alidemaa-dl_lab/automl/automl-exam-ss25-tabular-freiburg-template/automl-tabular-env/lib/python3.10/site-packages/pytorch_tabnet/callbacks.py:172: UserWarning: Best weights from best epoch are automatically used!
  warnings.warn(wrn_msg)
[I 2025-08-04 09:46:13,064] Trial 19 finished with value: 0.012122995011095483 and parameters: {'n_d': 55, 'n_a': 37, 'n_steps': 5, 'gamma': 1.2453078720811273, 'lambda_sparse': 8.509114668303478e-05, 'lr': 0.0015961585297148103, 'weight_decay': 2.186048421041426e-05}. Best is trial 14 with value: 0.08967293349637717.
/work/dlclarge2/alidemaa-dl_lab/automl/automl-exam-ss25-tabular-freiburg-template/automl-tabular-env/lib/python3.10/site-packages/pytorch_tabnet/callbacks.py:172: UserWarning: Best weights from best epoch are automatically used!
  warnings.warn(wrn_msg)
[I 2025-08-04 09:47:48,183] A new study created in memory with name: no-name-01e09403-0adb-453d-b476-3ec59e7d80b0
/work/dlclarge2/alidemaa-dl_lab/automl/automl-exam-ss25-tabular-freiburg-template/automl-tabular-env/lib/python3.10/site-packages/pytorch_tabnet/callbacks.py:172: UserWarning: Best weights from best epoch are automatically used!
  warnings.warn(wrn_msg)
[I 2025-08-04 09:48:13,589] Trial 0 finished with value: 0.06032357130651056 and parameters: {'n_d': 16, 'n_a': 41, 'n_steps': 5, 'gamma': 1.3163069271827454, 'lambda_sparse': 2.4777919976626566e-05, 'lr': 0.05756360332810862, 'weight_decay': 0.00026559440688676513}. Best is trial 0 with value: 0.06032357130651056.
/work/dlclarge2/alidemaa-dl_lab/automl/automl-exam-ss25-tabular-freiburg-template/automl-tabular-env/lib/python3.10/site-packages/pytorch_tabnet/callbacks.py:172: UserWarning: Best weights from best epoch are automatically used!
  warnings.warn(wrn_msg)
[I 2025-08-04 09:48:31,065] Trial 1 finished with value: 0.010577339795009522 and parameters: {'n_d': 21, 'n_a': 27, 'n_steps': 10, 'gamma': 1.077330008249866, 'lambda_sparse': 3.61604294866965e-05, 'lr': 0.00032437206517173657, 'weight_decay': 1.4041676231647913e-06}. Best is trial 0 with value: 0.06032357130651056.
/work/dlclarge2/alidemaa-dl_lab/automl/automl-exam-ss25-tabular-freiburg-template/automl-tabular-env/lib/python3.10/site-packages/pytorch_tabnet/callbacks.py:172: UserWarning: Best weights from best epoch are automatically used!
  warnings.warn(wrn_msg)
[I 2025-08-04 09:48:55,280] Trial 2 finished with value: 0.09879641110752746 and parameters: {'n_d': 34, 'n_a': 28, 'n_steps': 3, 'gamma': 1.5372457335358338, 'lambda_sparse': 0.0015700010052061722, 'lr': 0.005332381508831207, 'weight_decay': 5.613236856760331e-05}. Best is trial 2 with value: 0.09879641110752746.
/work/dlclarge2/alidemaa-dl_lab/automl/automl-exam-ss25-tabular-freiburg-template/automl-tabular-env/lib/python3.10/site-packages/pytorch_tabnet/callbacks.py:172: UserWarning: Best weights from best epoch are automatically used!
  warnings.warn(wrn_msg)
[I 2025-08-04 09:49:42,975] Trial 3 finished with value: 0.05429107496616259 and parameters: {'n_d': 33, 'n_a': 12, 'n_steps': 5, 'gamma': 1.6059630054284797, 'lambda_sparse': 0.004847905804944398, 'lr': 0.002663739899343922, 'weight_decay': 2.4990745343554162e-05}. Best is trial 2 with value: 0.09879641110752746.
/work/dlclarge2/alidemaa-dl_lab/automl/automl-exam-ss25-tabular-freiburg-template/automl-tabular-env/lib/python3.10/site-packages/pytorch_tabnet/callbacks.py:172: UserWarning: Best weights from best epoch are automatically used!
  warnings.warn(wrn_msg)
