[I 2025-08-05 14:24:08,848] Trial 2 finished with value: 0.9108851937997715 and parameters: {'n_d': 53, 'n_a': 14, 'n_steps': 4, 'gamma': 1.8245369207993107, 'lambda_sparse': 1.33948480255563e-05, 'lr': 0.01563869185186086, 'weight_decay': 0.0001353177841771865}. Best is trial 0 with value: 0.9190434395845128.
/work/dlclarge2/latifajr-dl_lab_project/autoML/automl-exam-ss25-tabular-freiburg-template/automl-tabular-env/lib/python3.10/site-packages/pytorch_tabnet/callbacks.py:172: UserWarning: Best weights from best epoch are automatically used!
  warnings.warn(wrn_msg)
[I 2025-08-05 14:24:18,641] Trial 3 finished with value: 0.13770606414217368 and parameters: {'n_d': 22, 'n_a': 14, 'n_steps': 3, 'gamma': 1.2346864884526165, 'lambda_sparse': 0.0033253345312167547, 'lr': 0.0022297878983929425, 'weight_decay': 3.33987173886929e-06}. Best is trial 0 with value: 0.9190434395845128.
/work/dlclarge2/latifajr-dl_lab_project/autoML/automl-exam-ss25-tabular-freiburg-template/automl-tabular-env/lib/python3.10/site-packages/pytorch_tabnet/callbacks.py:172: UserWarning: Best weights from best epoch are automatically used!
  warnings.warn(wrn_msg)
[I 2025-08-05 14:24:45,835] Trial 4 finished with value: 0.9469759237903461 and parameters: {'n_d': 18, 'n_a': 46, 'n_steps': 5, 'gamma': 1.6638282254935883, 'lambda_sparse': 3.040154238803206e-05, 'lr': 0.07741316524293139, 'weight_decay': 0.000990091958292702}. Best is trial 4 with value: 0.9469759237903461.
/work/dlclarge2/latifajr-dl_lab_project/autoML/automl-exam-ss25-tabular-freiburg-template/automl-tabular-env/lib/python3.10/site-packages/pytorch_tabnet/callbacks.py:172: UserWarning: Best weights from best epoch are automatically used!
  warnings.warn(wrn_msg)
[I 2025-08-05 14:25:13,671] Trial 5 finished with value: -5.615089076176478 and parameters: {'n_d': 31, 'n_a': 31, 'n_steps': 10, 'gamma': 1.0253455108926222, 'lambda_sparse': 0.0018152441078062157, 'lr': 0.00017520324491147527, 'weight_decay': 2.4122197200174336e-06}. Best is trial 4 with value: 0.9469759237903461.
/work/dlclarge2/latifajr-dl_lab_project/autoML/automl-exam-ss25-tabular-freiburg-template/automl-tabular-env/lib/python3.10/site-packages/pytorch_tabnet/callbacks.py:172: UserWarning: Best weights from best epoch are automatically used!
  warnings.warn(wrn_msg)
[I 2025-08-05 14:25:42,153] Trial 6 finished with value: 0.8663164390830426 and parameters: {'n_d': 41, 'n_a': 56, 'n_steps': 5, 'gamma': 1.5717782791913502, 'lambda_sparse': 0.0011622354398564928, 'lr': 0.009245864576786753, 'weight_decay': 0.00037731255676604585}. Best is trial 4 with value: 0.9469759237903461.
/work/dlclarge2/latifajr-dl_lab_project/autoML/automl-exam-ss25-tabular-freiburg-template/automl-tabular-env/lib/python3.10/site-packages/pytorch_tabnet/callbacks.py:172: UserWarning: Best weights from best epoch are automatically used!
  warnings.warn(wrn_msg)
[I 2025-08-05 14:26:21,504] Trial 7 finished with value: 0.08224971881721788 and parameters: {'n_d': 59, 'n_a': 61, 'n_steps': 8, 'gamma': 1.3474221325798696, 'lambda_sparse': 0.0003182716128427214, 'lr': 0.0001510740804794198, 'weight_decay': 3.8801871338069815e-05}. Best is trial 4 with value: 0.9469759237903461.
/work/dlclarge2/latifajr-dl_lab_project/autoML/automl-exam-ss25-tabular-freiburg-template/automl-tabular-env/lib/python3.10/site-packages/pytorch_tabnet/callbacks.py:172: UserWarning: Best weights from best epoch are automatically used!
  warnings.warn(wrn_msg)
[I 2025-08-05 14:26:54,106] Trial 8 finished with value: 0.9563485690016634 and parameters: {'n_d': 8, 'n_a': 12, 'n_steps': 8, 'gamma': 1.3632698061571915, 'lambda_sparse': 0.0035847895033271552, 'lr': 0.018765233355504903, 'weight_decay': 0.0009161158546060824}. Best is trial 8 with value: 0.9563485690016634.
/work/dlclarge2/latifajr-dl_lab_project/autoML/automl-exam-ss25-tabular-freiburg-template/automl-tabular-env/lib/python3.10/site-packages/pytorch_tabnet/callbacks.py:172: UserWarning: Best weights from best epoch are automatically used!
  warnings.warn(wrn_msg)
[I 2025-08-05 14:27:17,640] Trial 9 finished with value: 0.909382891186381 and parameters: {'n_d': 63, 'n_a': 8, 'n_steps': 3, 'gamma': 1.9130395530043982, 'lambda_sparse': 0.000872813898483556, 'lr': 0.003819608742018391, 'weight_decay': 0.0003768475656465577}. Best is trial 8 with value: 0.9563485690016634.
/work/dlclarge2/latifajr-dl_lab_project/autoML/automl-exam-ss25-tabular-freiburg-template/automl-tabular-env/lib/python3.10/site-packages/pytorch_tabnet/callbacks.py:172: UserWarning: Best weights from best epoch are automatically used!
  warnings.warn(wrn_msg)
[I 2025-08-05 14:27:47,431] Trial 10 finished with value: 0.8833259553349823 and parameters: {'n_d': 8, 'n_a': 29, 'n_steps': 8, 'gamma': 1.351483420222558, 'lambda_sparse': 0.009920455596237027, 'lr': 0.024485986296065236, 'weight_decay': 1.1523315870023537e-05}. Best is trial 8 with value: 0.9563485690016634.
/work/dlclarge2/latifajr-dl_lab_project/autoML/automl-exam-ss25-tabular-freiburg-template/automl-tabular-env/lib/python3.10/site-packages/pytorch_tabnet/callbacks.py:172: UserWarning: Best weights from best epoch are automatically used!
  warnings.warn(wrn_msg)
[I 2025-08-05 14:28:04,186] Trial 11 finished with value: 0.8976531278539194 and parameters: {'n_d': 10, 'n_a': 43, 'n_steps': 7, 'gamma': 1.7141372446401058, 'lambda_sparse': 9.544330483849094e-05, 'lr': 0.07827659252187215, 'weight_decay': 0.0008583995124695465}. Best is trial 8 with value: 0.9563485690016634.
/work/dlclarge2/latifajr-dl_lab_project/autoML/automl-exam-ss25-tabular-freiburg-template/automl-tabular-env/lib/python3.10/site-packages/pytorch_tabnet/callbacks.py:172: UserWarning: Best weights from best epoch are automatically used!
  warnings.warn(wrn_msg)
[I 2025-08-05 14:28:37,294] Trial 12 finished with value: 0.937136084636043 and parameters: {'n_d': 19, 'n_a': 42, 'n_steps': 9, 'gamma': 1.4256136430666553, 'lambda_sparse': 0.00011994542317525487, 'lr': 0.03381715622952899, 'weight_decay': 0.0008225063369607721}. Best is trial 8 with value: 0.9563485690016634.
/work/dlclarge2/latifajr-dl_lab_project/autoML/automl-exam-ss25-tabular-freiburg-template/automl-tabular-env/lib/python3.10/site-packages/pytorch_tabnet/callbacks.py:172: UserWarning: Best weights from best epoch are automatically used!
  warnings.warn(wrn_msg)
[I 2025-08-05 14:29:09,220] Trial 13 finished with value: 0.9150203612520736 and parameters: {'n_d': 18, 'n_a': 24, 'n_steps': 6, 'gamma': 1.1517928409521265, 'lambda_sparse': 1.2482615527830027e-05, 'lr': 0.006738472750105397, 'weight_decay': 0.00015958331972537476}. Best is trial 8 with value: 0.9563485690016634.
/work/dlclarge2/latifajr-dl_lab_project/autoML/automl-exam-ss25-tabular-freiburg-template/automl-tabular-env/lib/python3.10/site-packages/pytorch_tabnet/callbacks.py:172: UserWarning: Best weights from best epoch are automatically used!
  warnings.warn(wrn_msg)
[I 2025-08-05 14:29:40,371] Trial 14 finished with value: 0.9447893141246296 and parameters: {'n_d': 14, 'n_a': 40, 'n_steps': 7, 'gamma': 1.6972335274044301, 'lambda_sparse': 0.009764550577114024, 'lr': 0.045543703611491806, 'weight_decay': 0.00012002238721955037}. Best is trial 8 with value: 0.9563485690016634.
/work/dlclarge2/latifajr-dl_lab_project/autoML/automl-exam-ss25-tabular-freiburg-template/automl-tabular-env/lib/python3.10/site-packages/pytorch_tabnet/callbacks.py:172: UserWarning: Best weights from best epoch are automatically used!
  warnings.warn(wrn_msg)
[I 2025-08-05 14:30:12,510] Trial 15 finished with value: 0.9185517444282904 and parameters: {'n_d': 26, 'n_a': 49, 'n_steps': 6, 'gamma': 1.5663030942249563, 'lambda_sparse': 0.0002551175762749366, 'lr': 0.0164932832274464, 'weight_decay': 0.00040452809387020564}. Best is trial 8 with value: 0.9563485690016634.
/work/dlclarge2/latifajr-dl_lab_project/autoML/automl-exam-ss25-tabular-freiburg-template/automl-tabular-env/lib/python3.10/site-packages/pytorch_tabnet/callbacks.py:172: UserWarning: Best weights from best epoch are automatically used!
  warnings.warn(wrn_msg)
[I 2025-08-05 14:30:55,495] Trial 16 finished with value: 0.9359237287018696 and parameters: {'n_d': 43, 'n_a': 24, 'n_steps': 10, 'gamma': 1.7328455937565521, 'lambda_sparse': 3.609388587184014e-05, 'lr': 0.048381684169421596, 'weight_decay': 1.2463906479244844e-05}. Best is trial 8 with value: 0.9563485690016634.
/work/dlclarge2/latifajr-dl_lab_project/autoML/automl-exam-ss25-tabular-freiburg-template/automl-tabular-env/lib/python3.10/site-packages/pytorch_tabnet/callbacks.py:172: UserWarning: Best weights from best epoch are automatically used!
  warnings.warn(wrn_msg)
[I 2025-08-05 14:31:23,033] Trial 17 finished with value: -6.549045511885069 and parameters: {'n_d': 15, 'n_a': 36, 'n_steps': 8, 'gamma': 1.4674477562368096, 'lambda_sparse': 0.00041647458199289914, 'lr': 0.0006515738842141665, 'weight_decay': 0.0008873662294779042}. Best is trial 8 with value: 0.9563485690016634.
/work/dlclarge2/latifajr-dl_lab_project/autoML/automl-exam-ss25-tabular-freiburg-template/automl-tabular-env/lib/python3.10/site-packages/pytorch_tabnet/callbacks.py:172: UserWarning: Best weights from best epoch are automatically used!
  warnings.warn(wrn_msg)
[I 2025-08-05 14:31:50,937] Trial 18 finished with value: 0.8984369691125347 and parameters: {'n_d': 27, 'n_a': 48, 'n_steps': 5, 'gamma': 1.222537879044676, 'lambda_sparse': 0.003950843992252881, 'lr': 0.00891813636668867, 'weight_decay': 7.895992623395507e-05}. Best is trial 8 with value: 0.9563485690016634.
/work/dlclarge2/latifajr-dl_lab_project/autoML/automl-exam-ss25-tabular-freiburg-template/automl-tabular-env/lib/python3.10/site-packages/pytorch_tabnet/callbacks.py:172: UserWarning: Best weights from best epoch are automatically used!
  warnings.warn(wrn_msg)
[I 2025-08-05 14:32:21,966] Trial 19 finished with value: 0.9009416214235568 and parameters: {'n_d': 12, 'n_a': 18, 'n_steps': 9, 'gamma': 1.6545995559669728, 'lambda_sparse': 3.8265756930102426e-05, 'lr': 0.0856328958885346, 'weight_decay': 1.1017659092376727e-06}. Best is trial 8 with value: 0.9563485690016634.
/work/dlclarge2/latifajr-dl_lab_project/autoML/automl-exam-ss25-tabular-freiburg-template/automl-tabular-env/lib/python3.10/site-packages/pytorch_tabnet/callbacks.py:172: UserWarning: Best weights from best epoch are automatically used!
  warnings.warn(wrn_msg)
[I 2025-08-05 14:32:58,990] A new study created in memory with name: no-name-1db763ce-7136-47cb-92b4-043cc29b5521
/work/dlclarge2/latifajr-dl_lab_project/autoML/automl-exam-ss25-tabular-freiburg-template/automl-tabular-env/lib/python3.10/site-packages/pytorch_tabnet/callbacks.py:172: UserWarning: Best weights from best epoch are automatically used!
  warnings.warn(wrn_msg)
[I 2025-08-05 14:33:35,538] Trial 0 finished with value: 0.9077091000620218 and parameters: {'n_d': 55, 'n_a': 22, 'n_steps': 7, 'gamma': 1.3267444515635773, 'lambda_sparse': 0.007110726601414527, 'lr': 0.019729578654067513, 'weight_decay': 1.700274002635541e-05}. Best is trial 0 with value: 0.9077091000620218.
/work/dlclarge2/latifajr-dl_lab_project/autoML/automl-exam-ss25-tabular-freiburg-template/automl-tabular-env/lib/python3.10/site-packages/pytorch_tabnet/callbacks.py:172: UserWarning: Best weights from best epoch are automatically used!
  warnings.warn(wrn_msg)
[I 2025-08-05 14:34:16,488] Trial 1 finished with value: 0.24622101108909733 and parameters: {'n_d': 28, 'n_a': 45, 'n_steps': 8, 'gamma': 1.017381807090094, 'lambda_sparse': 0.002310028044272628, 'lr': 0.00010511550693003328, 'weight_decay': 2.549243726952494e-06}. Best is trial 0 with value: 0.9077091000620218.
/work/dlclarge2/latifajr-dl_lab_project/autoML/automl-exam-ss25-tabular-freiburg-template/automl-tabular-env/lib/python3.10/site-packages/pytorch_tabnet/callbacks.py:172: UserWarning: Best weights from best epoch are automatically used!
  warnings.warn(wrn_msg)
[I 2025-08-05 14:34:40,989] Trial 2 finished with value: 0.9409156985807885 and parameters: {'n_d': 38, 'n_a': 33, 'n_steps': 4, 'gamma': 1.7717061891788353, 'lambda_sparse': 0.001059290007379507, 'lr': 0.054030597871908156, 'weight_decay': 0.00017891727434591828}. Best is trial 2 with value: 0.9409156985807885.
/work/dlclarge2/latifajr-dl_lab_project/autoML/automl-exam-ss25-tabular-freiburg-template/automl-tabular-env/lib/python3.10/site-packages/pytorch_tabnet/callbacks.py:172: UserWarning: Best weights from best epoch are automatically used!
  warnings.warn(wrn_msg)
[I 2025-08-05 14:35:06,462] Trial 3 finished with value: 0.9358493240152792 and parameters: {'n_d': 61, 'n_a': 12, 'n_steps': 4, 'gamma': 1.0013331331498017, 'lambda_sparse': 8.840762835492382e-05, 'lr': 0.013528492825135996, 'weight_decay': 8.496752052993617e-05}. Best is trial 2 with value: 0.9409156985807885.
/work/dlclarge2/latifajr-dl_lab_project/autoML/automl-exam-ss25-tabular-freiburg-template/automl-tabular-env/lib/python3.10/site-packages/pytorch_tabnet/callbacks.py:172: UserWarning: Best weights from best epoch are automatically used!
  warnings.warn(wrn_msg)
[I 2025-08-05 14:35:40,276] Trial 4 finished with value: 0.8856567825294707 and parameters: {'n_d': 28, 'n_a': 20, 'n_steps': 8, 'gamma': 1.235729129831692, 'lambda_sparse': 2.490975984089172e-05, 'lr': 0.009614847733355358, 'weight_decay': 0.00021126612636359436}. Best is trial 2 with value: 0.9409156985807885.
/work/dlclarge2/latifajr-dl_lab_project/autoML/automl-exam-ss25-tabular-freiburg-template/automl-tabular-env/lib/python3.10/site-packages/pytorch_tabnet/callbacks.py:172: UserWarning: Best weights from best epoch are automatically used!
  warnings.warn(wrn_msg)
[I 2025-08-05 14:36:08,696] Trial 5 finished with value: 0.8802161361578106 and parameters: {'n_d': 50, 'n_a': 17, 'n_steps': 5, 'gamma': 1.362612387268363, 'lambda_sparse': 0.00022613274820433688, 'lr': 0.0005334153771238814, 'weight_decay': 4.5056238404501236e-05}. Best is trial 2 with value: 0.9409156985807885.
/work/dlclarge2/latifajr-dl_lab_project/autoML/automl-exam-ss25-tabular-freiburg-template/automl-tabular-env/lib/python3.10/site-packages/pytorch_tabnet/callbacks.py:172: UserWarning: Best weights from best epoch are automatically used!
  warnings.warn(wrn_msg)
[I 2025-08-05 14:36:49,028] Trial 6 finished with value: 0.9055305358057164 and parameters: {'n_d': 50, 'n_a': 38, 'n_steps': 8, 'gamma': 1.3765318964431346, 'lambda_sparse': 0.00017224398767310632, 'lr': 0.0015684230662111583, 'weight_decay': 0.0002211283553303886}. Best is trial 2 with value: 0.9409156985807885.
/work/dlclarge2/latifajr-dl_lab_project/autoML/automl-exam-ss25-tabular-freiburg-template/automl-tabular-env/lib/python3.10/site-packages/pytorch_tabnet/callbacks.py:172: UserWarning: Best weights from best epoch are automatically used!
  warnings.warn(wrn_msg)
[I 2025-08-05 14:37:37,262] Trial 7 finished with value: 0.866700982410163 and parameters: {'n_d': 34, 'n_a': 56, 'n_steps': 10, 'gamma': 1.023071656320111, 'lambda_sparse': 0.001442785297451486, 'lr': 0.0013646733791940005, 'weight_decay': 0.0003207621264344836}. Best is trial 2 with value: 0.9409156985807885.
/work/dlclarge2/latifajr-dl_lab_project/autoML/automl-exam-ss25-tabular-freiburg-template/automl-tabular-env/lib/python3.10/site-packages/pytorch_tabnet/callbacks.py:172: UserWarning: Best weights from best epoch are automatically used!
  warnings.warn(wrn_msg)
[I 2025-08-05 14:38:18,294] Trial 8 finished with value: 0.9300350477069614 and parameters: {'n_d': 64, 'n_a': 56, 'n_steps': 8, 'gamma': 1.6201727388902585, 'lambda_sparse': 2.405490012555852e-05, 'lr': 0.003358168581832813, 'weight_decay': 1.555370841148446e-06}. Best is trial 2 with value: 0.9409156985807885.
/work/dlclarge2/latifajr-dl_lab_project/autoML/automl-exam-ss25-tabular-freiburg-template/automl-tabular-env/lib/python3.10/site-packages/pytorch_tabnet/callbacks.py:172: UserWarning: Best weights from best epoch are automatically used!
  warnings.warn(wrn_msg)
[I 2025-08-05 14:38:53,601] Trial 9 finished with value: 0.88501083896942 and parameters: {'n_d': 59, 'n_a': 43, 'n_steps': 10, 'gamma': 1.1598194281776506, 'lambda_sparse': 0.00017829712121364142, 'lr': 0.0376324410029829, 'weight_decay': 1.1044181922736596e-05}. Best is trial 2 with value: 0.9409156985807885.
/work/dlclarge2/latifajr-dl_lab_project/autoML/automl-exam-ss25-tabular-freiburg-template/automl-tabular-env/lib/python3.10/site-packages/pytorch_tabnet/callbacks.py:172: UserWarning: Best weights from best epoch are automatically used!
  warnings.warn(wrn_msg)
[I 2025-08-05 14:39:11,964] Trial 10 finished with value: 0.9586110332735119 and parameters: {'n_d': 9, 'n_a': 31, 'n_steps': 3, 'gamma': 1.9172570512048974, 'lambda_sparse': 0.0008986214436216658, 'lr': 0.09963175887388223, 'weight_decay': 0.0005896301716181567}. Best is trial 10 with value: 0.9586110332735119.
/work/dlclarge2/latifajr-dl_lab_project/autoML/automl-exam-ss25-tabular-freiburg-template/automl-tabular-env/lib/python3.10/site-packages/pytorch_tabnet/callbacks.py:172: UserWarning: Best weights from best epoch are automatically used!
  warnings.warn(wrn_msg)
[I 2025-08-05 14:39:32,250] Trial 11 finished with value: 0.9623548549119486 and parameters: {'n_d': 9, 'n_a': 29, 'n_steps': 3, 'gamma': 1.9582992826808392, 'lambda_sparse': 0.0009983782471282704, 'lr': 0.07432683243957092, 'weight_decay': 0.0009152380101632095}. Best is trial 11 with value: 0.9623548549119486.
/work/dlclarge2/latifajr-dl_lab_project/autoML/automl-exam-ss25-tabular-freiburg-template/automl-tabular-env/lib/python3.10/site-packages/pytorch_tabnet/callbacks.py:172: UserWarning: Best weights from best epoch are automatically used!
  warnings.warn(wrn_msg)
[I 2025-08-05 14:39:51,355] Trial 12 finished with value: 0.9342126809960812 and parameters: {'n_d': 12, 'n_a': 30, 'n_steps': 3, 'gamma': 1.9995624061722577, 'lambda_sparse': 0.0006944957796688047, 'lr': 0.07634548903385015, 'weight_decay': 0.0009888989589908854}. Best is trial 11 with value: 0.9623548549119486.
/work/dlclarge2/latifajr-dl_lab_project/autoML/automl-exam-ss25-tabular-freiburg-template/automl-tabular-env/lib/python3.10/site-packages/pytorch_tabnet/callbacks.py:172: UserWarning: Best weights from best epoch are automatically used!
  warnings.warn(wrn_msg)
[I 2025-08-05 14:40:09,865] Trial 13 finished with value: 0.9321437576973899 and parameters: {'n_d': 11, 'n_a': 27, 'n_steps': 3, 'gamma': 1.9963704229253731, 'lambda_sparse': 0.00448480197777187, 'lr': 0.08875202711204949, 'weight_decay': 0.000771475164857201}. Best is trial 11 with value: 0.9623548549119486.
/work/dlclarge2/latifajr-dl_lab_project/autoML/automl-exam-ss25-tabular-freiburg-template/automl-tabular-env/lib/python3.10/site-packages/pytorch_tabnet/callbacks.py:172: UserWarning: Best weights from best epoch are automatically used!
  warnings.warn(wrn_msg)
[I 2025-08-05 14:40:38,098] Trial 14 finished with value: 0.9209044754225894 and parameters: {'n_d': 18, 'n_a': 46, 'n_steps': 5, 'gamma': 1.817465581684336, 'lambda_sparse': 0.000503122738671112, 'lr': 0.006017623265234505, 'weight_decay': 0.0004670905281556378}. Best is trial 11 with value: 0.9623548549119486.
/work/dlclarge2/latifajr-dl_lab_project/autoML/automl-exam-ss25-tabular-freiburg-template/automl-tabular-env/lib/python3.10/site-packages/pytorch_tabnet/callbacks.py:172: UserWarning: Best weights from best epoch are automatically used!
  warnings.warn(wrn_msg)
[I 2025-08-05 14:41:05,670] Trial 15 finished with value: 0.9183383461061742 and parameters: {'n_d': 8, 'n_a': 38, 'n_steps': 5, 'gamma': 1.7935648990468176, 'lambda_sparse': 0.002518485550151193, 'lr': 0.02526559024423104, 'weight_decay': 8.15304913349885e-05}. Best is trial 11 with value: 0.9623548549119486.
/work/dlclarge2/latifajr-dl_lab_project/autoML/automl-exam-ss25-tabular-freiburg-template/automl-tabular-env/lib/python3.10/site-packages/pytorch_tabnet/callbacks.py:172: UserWarning: Best weights from best epoch are automatically used!
  warnings.warn(wrn_msg)
[I 2025-08-05 14:41:29,785] Trial 16 finished with value: 0.9216011836755976 and parameters: {'n_d': 19, 'n_a': 9, 'n_steps': 3, 'gamma': 1.634793660384431, 'lambda_sparse': 6.0508034255858686e-05, 'lr': 0.09601503789332368, 'weight_decay': 6.484944844271936e-06}. Best is trial 11 with value: 0.9623548549119486.
/work/dlclarge2/latifajr-dl_lab_project/autoML/automl-exam-ss25-tabular-freiburg-template/automl-tabular-env/lib/python3.10/site-packages/pytorch_tabnet/callbacks.py:172: UserWarning: Best weights from best epoch are automatically used!
  warnings.warn(wrn_msg)
[I 2025-08-05 14:42:00,927] Trial 17 finished with value: 0.9154941174184069 and parameters: {'n_d': 18, 'n_a': 25, 'n_steps': 6, 'gamma': 1.9005896934122835, 'lambda_sparse': 0.0005394055077568685, 'lr': 0.03382343034648728, 'weight_decay': 0.0005548699234989125}. Best is trial 11 with value: 0.9623548549119486.
/work/dlclarge2/latifajr-dl_lab_project/autoML/automl-exam-ss25-tabular-freiburg-template/automl-tabular-env/lib/python3.10/site-packages/pytorch_tabnet/callbacks.py:172: UserWarning: Best weights from best epoch are automatically used!
  warnings.warn(wrn_msg)
[I 2025-08-05 14:42:25,001] Trial 18 finished with value: 0.8526677422688811 and parameters: {'n_d': 24, 'n_a': 50, 'n_steps': 4, 'gamma': 1.579874941918772, 'lambda_sparse': 0.002641849423113947, 'lr': 0.0002219299032063385, 'weight_decay': 0.00011211502817909113}. Best is trial 11 with value: 0.9623548549119486.
/work/dlclarge2/latifajr-dl_lab_project/autoML/automl-exam-ss25-tabular-freiburg-template/automl-tabular-env/lib/python3.10/site-packages/pytorch_tabnet/callbacks.py:172: UserWarning: Best weights from best epoch are automatically used!
  warnings.warn(wrn_msg)
