[I 2025-08-05 19:37:26,151] Trial 19 finished with value: 0.23613718246713267 and parameters: {'n_d': 37, 'n_a': 52, 'n_steps': 5, 'gamma': 1.5910946253541618, 'lambda_sparse': 0.0005316480305525502, 'lr': 0.0020230484271768316, 'weight_decay': 0.00011512894759404273}. Best is trial 16 with value: 0.3138749388420744.
/work/dlclarge2/latifajr-dl_lab_project/autoML/automl-exam-ss25-tabular-freiburg-template/automl-tabular-env/lib/python3.10/site-packages/pytorch_tabnet/callbacks.py:172: UserWarning: Best weights from best epoch are automatically used!
  warnings.warn(wrn_msg)
/work/dlclarge2/latifajr-dl_lab_project/autoML/automl-exam-ss25-tabular-freiburg-template/src/models/tabnet/tabnet_train.py:37: FutureWarning: DataFrame.fillna with 'method' is deprecated and will raise in a future version. Use obj.ffill() or obj.bfill() instead.
  df = df.fillna(method="ffill").fillna(method="bfill").fillna(0)
/work/dlclarge2/latifajr-dl_lab_project/autoML/automl-exam-ss25-tabular-freiburg-template/src/models/tabnet/tabnet_train.py:37: FutureWarning: DataFrame.fillna with 'method' is deprecated and will raise in a future version. Use obj.ffill() or obj.bfill() instead.
  df = df.fillna(method="ffill").fillna(method="bfill").fillna(0)
[I 2025-08-05 19:38:19,804] A new study created in memory with name: no-name-cc27a27b-fd39-4577-a5d8-c81174fbe0a6
/work/dlclarge2/latifajr-dl_lab_project/autoML/automl-exam-ss25-tabular-freiburg-template/automl-tabular-env/lib/python3.10/site-packages/pytorch_tabnet/callbacks.py:172: UserWarning: Best weights from best epoch are automatically used!
  warnings.warn(wrn_msg)
[I 2025-08-05 19:38:53,650] Trial 0 finished with value: -0.7361850535938315 and parameters: {'n_d': 57, 'n_a': 32, 'n_steps': 7, 'gamma': 1.861253699282848, 'lambda_sparse': 0.0018401683927371263, 'lr': 0.0001810212318986929, 'weight_decay': 0.0005112015617019861}. Best is trial 0 with value: -0.7361850535938315.
/work/dlclarge2/latifajr-dl_lab_project/autoML/automl-exam-ss25-tabular-freiburg-template/automl-tabular-env/lib/python3.10/site-packages/pytorch_tabnet/callbacks.py:172: UserWarning: Best weights from best epoch are automatically used!
  warnings.warn(wrn_msg)
[I 2025-08-05 19:39:30,571] Trial 1 finished with value: 0.29479792533296223 and parameters: {'n_d': 59, 'n_a': 18, 'n_steps': 8, 'gamma': 1.7433239610525377, 'lambda_sparse': 0.0007899058304588124, 'lr': 0.009007021182676581, 'weight_decay': 0.00022299398061784934}. Best is trial 1 with value: 0.29479792533296223.
/work/dlclarge2/latifajr-dl_lab_project/autoML/automl-exam-ss25-tabular-freiburg-template/automl-tabular-env/lib/python3.10/site-packages/pytorch_tabnet/callbacks.py:172: UserWarning: Best weights from best epoch are automatically used!
  warnings.warn(wrn_msg)
[I 2025-08-05 19:40:04,428] Trial 2 finished with value: 0.07345253464144108 and parameters: {'n_d': 51, 'n_a': 28, 'n_steps': 7, 'gamma': 1.6432488669017213, 'lambda_sparse': 0.005089069875541009, 'lr': 0.0004566906160410662, 'weight_decay': 0.0006560956418611393}. Best is trial 1 with value: 0.29479792533296223.
/work/dlclarge2/latifajr-dl_lab_project/autoML/automl-exam-ss25-tabular-freiburg-template/automl-tabular-env/lib/python3.10/site-packages/pytorch_tabnet/callbacks.py:172: UserWarning: Best weights from best epoch are automatically used!
  warnings.warn(wrn_msg)
[I 2025-08-05 19:40:22,663] Trial 3 finished with value: 0.06380588766647377 and parameters: {'n_d': 23, 'n_a': 35, 'n_steps': 4, 'gamma': 1.7611644623434488, 'lambda_sparse': 0.0020588117590415603, 'lr': 0.00031054215345003303, 'weight_decay': 7.715166790673646e-05}. Best is trial 1 with value: 0.29479792533296223.
/work/dlclarge2/latifajr-dl_lab_project/autoML/automl-exam-ss25-tabular-freiburg-template/automl-tabular-env/lib/python3.10/site-packages/pytorch_tabnet/callbacks.py:172: UserWarning: Best weights from best epoch are automatically used!
  warnings.warn(wrn_msg)
[I 2025-08-05 19:40:53,016] Trial 4 finished with value: 0.1650842221383968 and parameters: {'n_d': 18, 'n_a': 36, 'n_steps': 6, 'gamma': 1.2990573602790438, 'lambda_sparse': 1.3473050395777237e-05, 'lr': 0.0003343905394698445, 'weight_decay': 0.00010540545790450824}. Best is trial 1 with value: 0.29479792533296223.
/work/dlclarge2/latifajr-dl_lab_project/autoML/automl-exam-ss25-tabular-freiburg-template/automl-tabular-env/lib/python3.10/site-packages/pytorch_tabnet/callbacks.py:172: UserWarning: Best weights from best epoch are automatically used!
  warnings.warn(wrn_msg)
[I 2025-08-05 19:41:38,035] Trial 5 finished with value: 0.29325461674098385 and parameters: {'n_d': 42, 'n_a': 41, 'n_steps': 10, 'gamma': 1.5959207855023496, 'lambda_sparse': 0.005573546058511251, 'lr': 0.004499383946999176, 'weight_decay': 1.8772678150576776e-05}. Best is trial 1 with value: 0.29479792533296223.
/work/dlclarge2/latifajr-dl_lab_project/autoML/automl-exam-ss25-tabular-freiburg-template/automl-tabular-env/lib/python3.10/site-packages/pytorch_tabnet/callbacks.py:172: UserWarning: Best weights from best epoch are automatically used!
  warnings.warn(wrn_msg)
[I 2025-08-05 19:41:59,327] Trial 6 finished with value: 0.32389442315466466 and parameters: {'n_d': 58, 'n_a': 50, 'n_steps': 3, 'gamma': 1.9900305357251038, 'lambda_sparse': 8.571216711584606e-05, 'lr': 0.01000302007998334, 'weight_decay': 3.5537290194451856e-06}. Best is trial 6 with value: 0.32389442315466466.
/work/dlclarge2/latifajr-dl_lab_project/autoML/automl-exam-ss25-tabular-freiburg-template/automl-tabular-env/lib/python3.10/site-packages/pytorch_tabnet/callbacks.py:172: UserWarning: Best weights from best epoch are automatically used!
  warnings.warn(wrn_msg)
[I 2025-08-05 19:42:39,603] Trial 7 finished with value: 0.3048901511303189 and parameters: {'n_d': 25, 'n_a': 19, 'n_steps': 9, 'gamma': 1.5654853759062166, 'lambda_sparse': 0.000720276591841433, 'lr': 0.00820131966010386, 'weight_decay': 7.025234190339189e-05}. Best is trial 6 with value: 0.32389442315466466.
/work/dlclarge2/latifajr-dl_lab_project/autoML/automl-exam-ss25-tabular-freiburg-template/automl-tabular-env/lib/python3.10/site-packages/pytorch_tabnet/callbacks.py:172: UserWarning: Best weights from best epoch are automatically used!
  warnings.warn(wrn_msg)
[I 2025-08-05 19:42:46,587] Trial 8 finished with value: -0.36660237549210284 and parameters: {'n_d': 19, 'n_a': 53, 'n_steps': 4, 'gamma': 1.4998851906226545, 'lambda_sparse': 0.00022698175594874397, 'lr': 0.03540110626659285, 'weight_decay': 0.0007589067666375572}. Best is trial 6 with value: 0.32389442315466466.
/work/dlclarge2/latifajr-dl_lab_project/autoML/automl-exam-ss25-tabular-freiburg-template/automl-tabular-env/lib/python3.10/site-packages/pytorch_tabnet/callbacks.py:172: UserWarning: Best weights from best epoch are automatically used!
  warnings.warn(wrn_msg)
[I 2025-08-05 19:43:27,484] Trial 9 finished with value: 0.34752069872484737 and parameters: {'n_d': 28, 'n_a': 51, 'n_steps': 9, 'gamma': 1.5397663729345756, 'lambda_sparse': 0.001288345808215582, 'lr': 0.00899198446750457, 'weight_decay': 3.0231962103549274e-05}. Best is trial 9 with value: 0.34752069872484737.
/work/dlclarge2/latifajr-dl_lab_project/autoML/automl-exam-ss25-tabular-freiburg-template/automl-tabular-env/lib/python3.10/site-packages/pytorch_tabnet/callbacks.py:172: UserWarning: Best weights from best epoch are automatically used!
  warnings.warn(wrn_msg)
[I 2025-08-05 19:43:42,337] Trial 10 finished with value: -0.20959042521758908 and parameters: {'n_d': 31, 'n_a': 64, 'n_steps': 10, 'gamma': 1.0477133555874367, 'lambda_sparse': 6.912685418265583e-05, 'lr': 0.09687898843096575, 'weight_decay': 7.1475413195081565e-06}. Best is trial 9 with value: 0.34752069872484737.
/work/dlclarge2/latifajr-dl_lab_project/autoML/automl-exam-ss25-tabular-freiburg-template/automl-tabular-env/lib/python3.10/site-packages/pytorch_tabnet/callbacks.py:172: UserWarning: Best weights from best epoch are automatically used!
  warnings.warn(wrn_msg)
[I 2025-08-05 19:44:04,001] Trial 11 finished with value: 0.3116020967048664 and parameters: {'n_d': 8, 'n_a': 52, 'n_steps': 3, 'gamma': 1.9025464360984903, 'lambda_sparse': 9.556084273380428e-05, 'lr': 0.001142941118452417, 'weight_decay': 1.1137289475923377e-06}. Best is trial 9 with value: 0.34752069872484737.
/work/dlclarge2/latifajr-dl_lab_project/autoML/automl-exam-ss25-tabular-freiburg-template/automl-tabular-env/lib/python3.10/site-packages/pytorch_tabnet/callbacks.py:172: UserWarning: Best weights from best epoch are automatically used!
  warnings.warn(wrn_msg)
[I 2025-08-05 19:44:30,677] Trial 12 finished with value: 0.3782240757247295 and parameters: {'n_d': 41, 'n_a': 49, 'n_steps': 5, 'gamma': 1.3724804976549994, 'lambda_sparse': 3.646096758732593e-05, 'lr': 0.01612260943981935, 'weight_decay': 4.30046938325885e-06}. Best is trial 12 with value: 0.3782240757247295.
/work/dlclarge2/latifajr-dl_lab_project/autoML/automl-exam-ss25-tabular-freiburg-template/automl-tabular-env/lib/python3.10/site-packages/pytorch_tabnet/callbacks.py:172: UserWarning: Best weights from best epoch are automatically used!
  warnings.warn(wrn_msg)
[I 2025-08-05 19:44:40,531] Trial 13 finished with value: -0.27503726310353027 and parameters: {'n_d': 41, 'n_a': 64, 'n_steps': 5, 'gamma': 1.323400184435129, 'lambda_sparse': 1.5463972394159108e-05, 'lr': 0.030804330419739987, 'weight_decay': 1.6921296734090203e-05}. Best is trial 12 with value: 0.3782240757247295.
/work/dlclarge2/latifajr-dl_lab_project/autoML/automl-exam-ss25-tabular-freiburg-template/automl-tabular-env/lib/python3.10/site-packages/pytorch_tabnet/callbacks.py:172: UserWarning: Best weights from best epoch are automatically used!
  warnings.warn(wrn_msg)
[I 2025-08-05 19:45:10,970] Trial 14 finished with value: 0.32627303096173277 and parameters: {'n_d': 36, 'n_a': 45, 'n_steps': 6, 'gamma': 1.3626992079581852, 'lambda_sparse': 2.6465315788321407e-05, 'lr': 0.001591769285061874, 'weight_decay': 3.7940998037297414e-06}. Best is trial 12 with value: 0.3782240757247295.
/work/dlclarge2/latifajr-dl_lab_project/autoML/automl-exam-ss25-tabular-freiburg-template/automl-tabular-env/lib/python3.10/site-packages/pytorch_tabnet/callbacks.py:172: UserWarning: Best weights from best epoch are automatically used!
  warnings.warn(wrn_msg)
[I 2025-08-05 19:45:47,661] Trial 15 finished with value: 0.3361675290876278 and parameters: {'n_d': 46, 'n_a': 8, 'n_steps': 8, 'gamma': 1.1671032019126275, 'lambda_sparse': 0.0003269592093292338, 'lr': 0.025384297442843245, 'weight_decay': 1.3655139020191395e-06}. Best is trial 12 with value: 0.3782240757247295.
/work/dlclarge2/latifajr-dl_lab_project/autoML/automl-exam-ss25-tabular-freiburg-template/automl-tabular-env/lib/python3.10/site-packages/pytorch_tabnet/callbacks.py:172: UserWarning: Best weights from best epoch are automatically used!
  warnings.warn(wrn_msg)
[I 2025-08-05 19:46:14,233] Trial 16 finished with value: 0.32849080676104647 and parameters: {'n_d': 32, 'n_a': 56, 'n_steps': 5, 'gamma': 1.4416910356827854, 'lambda_sparse': 3.741966948056696e-05, 'lr': 0.002348802924407978, 'weight_decay': 9.146295844501309e-06}. Best is trial 12 with value: 0.3782240757247295.
/work/dlclarge2/latifajr-dl_lab_project/autoML/automl-exam-ss25-tabular-freiburg-template/automl-tabular-env/lib/python3.10/site-packages/pytorch_tabnet/callbacks.py:172: UserWarning: Best weights from best epoch are automatically used!
  warnings.warn(wrn_msg)
[I 2025-08-05 19:46:51,252] Trial 17 finished with value: 0.3557085432490483 and parameters: {'n_d': 50, 'n_a': 45, 'n_steps': 8, 'gamma': 1.2038536669479296, 'lambda_sparse': 0.0002296275353381377, 'lr': 0.015311957309207414, 'weight_decay': 2.975269931676953e-05}. Best is trial 12 with value: 0.3782240757247295.
/work/dlclarge2/latifajr-dl_lab_project/autoML/automl-exam-ss25-tabular-freiburg-template/automl-tabular-env/lib/python3.10/site-packages/pytorch_tabnet/callbacks.py:172: UserWarning: Best weights from best epoch are automatically used!
  warnings.warn(wrn_msg)
[I 2025-08-05 19:47:17,881] Trial 18 finished with value: 0.3629650448334283 and parameters: {'n_d': 49, 'n_a': 43, 'n_steps': 5, 'gamma': 1.1786233916488862, 'lambda_sparse': 0.0002707800556494888, 'lr': 0.06178164452240478, 'weight_decay': 3.907646350634333e-06}. Best is trial 12 with value: 0.3782240757247295.
/work/dlclarge2/latifajr-dl_lab_project/autoML/automl-exam-ss25-tabular-freiburg-template/automl-tabular-env/lib/python3.10/site-packages/pytorch_tabnet/callbacks.py:172: UserWarning: Best weights from best epoch are automatically used!
  warnings.warn(wrn_msg)
[I 2025-08-05 19:47:44,261] Trial 19 finished with value: 0.3715922920745579 and parameters: {'n_d': 51, 'n_a': 58, 'n_steps': 5, 'gamma': 1.0158967397122447, 'lambda_sparse': 4.66155407611719e-05, 'lr': 0.08856968406465333, 'weight_decay': 2.5760735448356475e-06}. Best is trial 12 with value: 0.3782240757247295.
/work/dlclarge2/latifajr-dl_lab_project/autoML/automl-exam-ss25-tabular-freiburg-template/automl-tabular-env/lib/python3.10/site-packages/pytorch_tabnet/callbacks.py:172: UserWarning: Best weights from best epoch are automatically used!
  warnings.warn(wrn_msg)
/work/dlclarge2/latifajr-dl_lab_project/autoML/automl-exam-ss25-tabular-freiburg-template/src/models/tabnet/tabnet_train.py:37: FutureWarning: DataFrame.fillna with 'method' is deprecated and will raise in a future version. Use obj.ffill() or obj.bfill() instead.
  df = df.fillna(method="ffill").fillna(method="bfill").fillna(0)
/work/dlclarge2/latifajr-dl_lab_project/autoML/automl-exam-ss25-tabular-freiburg-template/src/models/tabnet/tabnet_train.py:37: FutureWarning: DataFrame.fillna with 'method' is deprecated and will raise in a future version. Use obj.ffill() or obj.bfill() instead.
  df = df.fillna(method="ffill").fillna(method="bfill").fillna(0)
[I 2025-08-05 19:48:14,471] A new study created in memory with name: no-name-c2402d15-eded-4d88-af32-a02c116b96e4
/work/dlclarge2/latifajr-dl_lab_project/autoML/automl-exam-ss25-tabular-freiburg-template/automl-tabular-env/lib/python3.10/site-packages/pytorch_tabnet/callbacks.py:172: UserWarning: Best weights from best epoch are automatically used!
  warnings.warn(wrn_msg)
[I 2025-08-05 19:48:51,129] Trial 0 finished with value: 0.4031662593182672 and parameters: {'n_d': 12, 'n_a': 39, 'n_steps': 8, 'gamma': 1.0871980538204948, 'lambda_sparse': 0.00040679096800989807, 'lr': 0.07882384726524762, 'weight_decay': 3.4940674870618754e-05}. Best is trial 0 with value: 0.4031662593182672.
/work/dlclarge2/latifajr-dl_lab_project/autoML/automl-exam-ss25-tabular-freiburg-template/automl-tabular-env/lib/python3.10/site-packages/pytorch_tabnet/callbacks.py:172: UserWarning: Best weights from best epoch are automatically used!
  warnings.warn(wrn_msg)
[I 2025-08-05 19:49:24,516] Trial 1 finished with value: 0.37102440992992614 and parameters: {'n_d': 27, 'n_a': 18, 'n_steps': 7, 'gamma': 1.5613504571560926, 'lambda_sparse': 0.0077222272268469205, 'lr': 0.04133029315068338, 'weight_decay': 5.65669542102975e-05}. Best is trial 0 with value: 0.4031662593182672.
/work/dlclarge2/latifajr-dl_lab_project/autoML/automl-exam-ss25-tabular-freiburg-template/automl-tabular-env/lib/python3.10/site-packages/pytorch_tabnet/callbacks.py:172: UserWarning: Best weights from best epoch are automatically used!
  warnings.warn(wrn_msg)
[I 2025-08-05 19:50:05,714] Trial 2 finished with value: -0.5746056409882361 and parameters: {'n_d': 27, 'n_a': 26, 'n_steps': 9, 'gamma': 1.305204658968261, 'lambda_sparse': 1.1139180209870875e-05, 'lr': 0.00015339100558337448, 'weight_decay': 3.683420369150862e-06}. Best is trial 0 with value: 0.4031662593182672.
/work/dlclarge2/latifajr-dl_lab_project/autoML/automl-exam-ss25-tabular-freiburg-template/automl-tabular-env/lib/python3.10/site-packages/pytorch_tabnet/callbacks.py:172: UserWarning: Best weights from best epoch are automatically used!
  warnings.warn(wrn_msg)
[I 2025-08-05 19:50:42,648] Trial 3 finished with value: 0.2900782301306226 and parameters: {'n_d': 12, 'n_a': 32, 'n_steps': 8, 'gamma': 1.9694809559632713, 'lambda_sparse': 0.0015897137852650802, 'lr': 0.0029482963873094193, 'weight_decay': 7.7300349045462e-06}. Best is trial 0 with value: 0.4031662593182672.
/work/dlclarge2/latifajr-dl_lab_project/autoML/automl-exam-ss25-tabular-freiburg-template/automl-tabular-env/lib/python3.10/site-packages/pytorch_tabnet/callbacks.py:172: UserWarning: Best weights from best epoch are automatically used!
  warnings.warn(wrn_msg)
[I 2025-08-05 19:51:05,708] Trial 4 finished with value: 0.3213854244360931 and parameters: {'n_d': 44, 'n_a': 22, 'n_steps': 4, 'gamma': 1.3398550176909225, 'lambda_sparse': 0.00010632843684722266, 'lr': 0.000731191375499345, 'weight_decay': 5.8177435831207425e-06}. Best is trial 0 with value: 0.4031662593182672.
/work/dlclarge2/latifajr-dl_lab_project/autoML/automl-exam-ss25-tabular-freiburg-template/automl-tabular-env/lib/python3.10/site-packages/pytorch_tabnet/callbacks.py:172: UserWarning: Best weights from best epoch are automatically used!
  warnings.warn(wrn_msg)
[I 2025-08-05 19:51:42,494] Trial 5 finished with value: 0.3851076506366534 and parameters: {'n_d': 10, 'n_a': 24, 'n_steps': 8, 'gamma': 1.4402798102247347, 'lambda_sparse': 9.313162429154832e-05, 'lr': 0.010232434488295587, 'weight_decay': 0.0008808113306885355}. Best is trial 0 with value: 0.4031662593182672.
/work/dlclarge2/latifajr-dl_lab_project/autoML/automl-exam-ss25-tabular-freiburg-template/automl-tabular-env/lib/python3.10/site-packages/pytorch_tabnet/callbacks.py:172: UserWarning: Best weights from best epoch are automatically used!
  warnings.warn(wrn_msg)
[I 2025-08-05 19:52:19,768] Trial 6 finished with value: -0.02389791661021201 and parameters: {'n_d': 46, 'n_a': 12, 'n_steps': 8, 'gamma': 1.9344683537884597, 'lambda_sparse': 0.0037916407977557423, 'lr': 0.0009334903589719867, 'weight_decay': 0.0008568779886958968}. Best is trial 0 with value: 0.4031662593182672.
/work/dlclarge2/latifajr-dl_lab_project/autoML/automl-exam-ss25-tabular-freiburg-template/automl-tabular-env/lib/python3.10/site-packages/pytorch_tabnet/callbacks.py:172: UserWarning: Best weights from best epoch are automatically used!
  warnings.warn(wrn_msg)
[I 2025-08-05 19:52:29,298] Trial 7 finished with value: -0.41427958923345964 and parameters: {'n_d': 52, 'n_a': 38, 'n_steps': 4, 'gamma': 1.9425292618210697, 'lambda_sparse': 0.002223374763065589, 'lr': 0.005609250819199986, 'weight_decay': 0.00010063505437382906}. Best is trial 0 with value: 0.4031662593182672.
/work/dlclarge2/latifajr-dl_lab_project/autoML/automl-exam-ss25-tabular-freiburg-template/automl-tabular-env/lib/python3.10/site-packages/pytorch_tabnet/callbacks.py:172: UserWarning: Best weights from best epoch are automatically used!
  warnings.warn(wrn_msg)
[I 2025-08-05 19:52:50,855] Trial 8 finished with value: 0.22154007752798444 and parameters: {'n_d': 47, 'n_a': 17, 'n_steps': 3, 'gamma': 1.3467413875266505, 'lambda_sparse': 5.1958558935606145e-05, 'lr': 0.00021533354916013957, 'weight_decay': 0.0005979247510375056}. Best is trial 0 with value: 0.4031662593182672.
/work/dlclarge2/latifajr-dl_lab_project/autoML/automl-exam-ss25-tabular-freiburg-template/automl-tabular-env/lib/python3.10/site-packages/pytorch_tabnet/callbacks.py:172: UserWarning: Best weights from best epoch are automatically used!
  warnings.warn(wrn_msg)
[I 2025-08-05 19:53:35,694] Trial 9 finished with value: 0.3832992066027928 and parameters: {'n_d': 26, 'n_a': 31, 'n_steps': 10, 'gamma': 1.0528053316177424, 'lambda_sparse': 0.00020242225446501257, 'lr': 0.00877916166343588, 'weight_decay': 0.00014511607789150706}. Best is trial 0 with value: 0.4031662593182672.
/work/dlclarge2/latifajr-dl_lab_project/autoML/automl-exam-ss25-tabular-freiburg-template/automl-tabular-env/lib/python3.10/site-packages/pytorch_tabnet/callbacks.py:172: UserWarning: Best weights from best epoch are automatically used!
  warnings.warn(wrn_msg)
[I 2025-08-05 19:54:05,530] Trial 10 finished with value: 0.3802300689812367 and parameters: {'n_d': 19, 'n_a': 53, 'n_steps': 6, 'gamma': 1.0313420138734062, 'lambda_sparse': 0.0005532535326894569, 'lr': 0.09002500811786036, 'weight_decay': 1.005241070642067e-06}. Best is trial 0 with value: 0.4031662593182672.
/work/dlclarge2/latifajr-dl_lab_project/autoML/automl-exam-ss25-tabular-freiburg-template/automl-tabular-env/lib/python3.10/site-packages/pytorch_tabnet/callbacks.py:172: UserWarning: Best weights from best epoch are automatically used!
  warnings.warn(wrn_msg)
[I 2025-08-05 19:54:35,754] Trial 11 finished with value: 0.40575128671682426 and parameters: {'n_d': 9, 'n_a': 45, 'n_steps': 6, 'gamma': 1.6513130257064934, 'lambda_sparse': 0.0005488460372931461, 'lr': 0.022569580303004606, 'weight_decay': 1.8396053802910533e-05}. Best is trial 11 with value: 0.40575128671682426.
/work/dlclarge2/latifajr-dl_lab_project/autoML/automl-exam-ss25-tabular-freiburg-template/automl-tabular-env/lib/python3.10/site-packages/pytorch_tabnet/callbacks.py:172: UserWarning: Best weights from best epoch are automatically used!
  warnings.warn(wrn_msg)
[I 2025-08-05 19:55:01,937] Trial 12 finished with value: 0.32761705332184776 and parameters: {'n_d': 8, 'n_a': 48, 'n_steps': 6, 'gamma': 1.6902071167169408, 'lambda_sparse': 0.0006890778295280542, 'lr': 0.025298364315621363, 'weight_decay': 1.4585307722125525e-05}. Best is trial 11 with value: 0.40575128671682426.
/work/dlclarge2/latifajr-dl_lab_project/autoML/automl-exam-ss25-tabular-freiburg-template/automl-tabular-env/lib/python3.10/site-packages/pytorch_tabnet/callbacks.py:172: UserWarning: Best weights from best epoch are automatically used!
  warnings.warn(wrn_msg)
