[I 2025-08-05 13:02:10,884] Trial 93 finished with value: -0.9858674332111063 and parameters: {'learning_rate': 0.16373168802738516, 'num_leaves': 220, 'max_depth': 7, 'min_child_samples': 15, 'feature_fraction': 0.9371913824555923, 'bagging_fraction': 0.8863823648627102, 'reg_alpha': 7.10109171697503e-05, 'reg_lambda': 0.0003475488697519553}. Best is trial 72 with value: -0.9883720183415127.
[I 2025-08-05 13:02:11,911] Trial 94 finished with value: -0.9870543495820682 and parameters: {'learning_rate': 0.17933530232950273, 'num_leaves': 198, 'max_depth': 6, 'min_child_samples': 12, 'feature_fraction': 0.852877911236438, 'bagging_fraction': 0.8257967098944745, 'reg_alpha': 0.00024602664289478905, 'reg_lambda': 2.518124379799025e-05}. Best is trial 72 with value: -0.9883720183415127.
[I 2025-08-05 13:02:13,044] Trial 95 finished with value: -0.9858931859971379 and parameters: {'learning_rate': 0.14795587895837034, 'num_leaves': 232, 'max_depth': 7, 'min_child_samples': 16, 'feature_fraction': 0.9836207789487175, 'bagging_fraction': 0.8671174387976363, 'reg_alpha': 0.0001507341628641645, 'reg_lambda': 5.8928167970700434e-05}. Best is trial 72 with value: -0.9883720183415127.
[I 2025-08-05 13:02:14,722] Trial 96 finished with value: -0.9838578548169528 and parameters: {'learning_rate': 0.13674233157982535, 'num_leaves': 204, 'max_depth': 5, 'min_child_samples': 100, 'feature_fraction': 0.9590336391267404, 'bagging_fraction': 0.9058119674998661, 'reg_alpha': 2.8991502167587784e-06, 'reg_lambda': 6.434805708119112}. Best is trial 72 with value: -0.9883720183415127.
[I 2025-08-05 13:02:15,792] Trial 97 finished with value: -0.9871678764261981 and parameters: {'learning_rate': 0.17404231927055225, 'num_leaves': 189, 'max_depth': 6, 'min_child_samples': 12, 'feature_fraction': 0.9114909129225703, 'bagging_fraction': 0.8362971887180022, 'reg_alpha': 3.685966776566466e-05, 'reg_lambda': 9.219678855776368e-06}. Best is trial 72 with value: -0.9883720183415127.
[I 2025-08-05 13:02:17,057] Trial 98 finished with value: -0.9857896750399465 and parameters: {'learning_rate': 0.15849338055121334, 'num_leaves': 184, 'max_depth': 7, 'min_child_samples': 20, 'feature_fraction': 0.8911840817576969, 'bagging_fraction': 0.851414672767248, 'reg_alpha': 6.246031222380552e-06, 'reg_lambda': 0.0002413093394746176}. Best is trial 72 with value: -0.9883720183415127.
[I 2025-08-05 13:02:18,887] Trial 99 finished with value: -0.9860214125257825 and parameters: {'learning_rate': 0.010911699880692119, 'num_leaves': 210, 'max_depth': 4, 'min_child_samples': 10, 'feature_fraction': 0.8750267111639118, 'bagging_fraction': 0.7431710301685029, 'reg_alpha': 1.7311544376987395e-08, 'reg_lambda': 3.3215173227581625}. Best is trial 72 with value: -0.9883720183415127.
[I 2025-08-05 13:02:19,749] Trial 100 finished with value: -0.9858194883588756 and parameters: {'learning_rate': 0.19117358198975445, 'num_leaves': 217, 'max_depth': 6, 'min_child_samples': 14, 'feature_fraction': 0.8360354839324343, 'bagging_fraction': 0.8111350291850622, 'reg_alpha': 0.07217022334431497, 'reg_lambda': 1.3731838290708787}. Best is trial 72 with value: -0.9883720183415127.
[I 2025-08-05 13:02:21,697] Trial 101 finished with value: -0.9840555756134324 and parameters: {'learning_rate': 0.14401524892916054, 'num_leaves': 181, 'max_depth': 8, 'min_child_samples': 87, 'feature_fraction': 0.9186098260965798, 'bagging_fraction': 0.8735342950848686, 'reg_alpha': 2.3807084394942185e-06, 'reg_lambda': 0.0009790719992020256}. Best is trial 72 with value: -0.9883720183415127.
[I 2025-08-05 13:02:25,199] Trial 102 finished with value: -0.9872734725699008 and parameters: {'learning_rate': 0.042351464472852686, 'num_leaves': 196, 'max_depth': 8, 'min_child_samples': 10, 'feature_fraction': 0.7807899444601023, 'bagging_fraction': 0.8686441322488634, 'reg_alpha': 1.3546628212702861e-06, 'reg_lambda': 0.0004602459630211886}. Best is trial 72 with value: -0.9883720183415127.
[I 2025-08-05 13:02:26,938] Trial 103 finished with value: -0.9866327709361149 and parameters: {'learning_rate': 0.11414596323375277, 'num_leaves': 190, 'max_depth': 8, 'min_child_samples': 12, 'feature_fraction': 0.8192837895549286, 'bagging_fraction': 0.888237946956316, 'reg_alpha': 1.9221342519544934e-05, 'reg_lambda': 0.00013082089737038994}. Best is trial 72 with value: -0.9883720183415127.
[I 2025-08-05 13:02:28,473] Trial 104 finished with value: -0.9862678414420014 and parameters: {'learning_rate': 0.058209145808434136, 'num_leaves': 224, 'max_depth': 7, 'min_child_samples': 17, 'feature_fraction': 0.8887734856175724, 'bagging_fraction': 0.9353855123489151, 'reg_alpha': 5.032325134147054e-07, 'reg_lambda': 4.818744413020787}. Best is trial 72 with value: -0.9883720183415127.
[I 2025-08-05 13:02:31,878] Trial 105 finished with value: -0.987405196727356 and parameters: {'learning_rate': 0.03533844536780055, 'num_leaves': 175, 'max_depth': 7, 'min_child_samples': 10, 'feature_fraction': 0.8530793392469461, 'bagging_fraction': 0.8801863388263699, 'reg_alpha': 1.154414337534388e-05, 'reg_lambda': 0.002714382979894179}. Best is trial 72 with value: -0.9883720183415127.
[I 2025-08-05 13:02:32,997] Trial 106 finished with value: -0.9861536872877016 and parameters: {'learning_rate': 0.1302858019198548, 'num_leaves': 210, 'max_depth': 6, 'min_child_samples': 19, 'feature_fraction': 0.9431093057488996, 'bagging_fraction': 0.8430804352587453, 'reg_alpha': 5.31519080046963e-06, 'reg_lambda': 0.00020124844504448207}. Best is trial 72 with value: -0.9883720183415127.
[I 2025-08-05 13:02:34,073] Trial 107 finished with value: -0.9857740251647188 and parameters: {'learning_rate': 0.16013321254442803, 'num_leaves': 232, 'max_depth': 8, 'min_child_samples': 14, 'feature_fraction': 0.905919648958518, 'bagging_fraction': 0.568330849459986, 'reg_alpha': 2.783778474475233e-07, 'reg_lambda': 0.0003054625797331225}. Best is trial 72 with value: -0.9883720183415127.
[I 2025-08-05 13:02:35,719] Trial 108 finished with value: -0.9862417043981877 and parameters: {'learning_rate': 0.19863944369846537, 'num_leaves': 175, 'max_depth': 9, 'min_child_samples': 12, 'feature_fraction': 0.6871359479674568, 'bagging_fraction': 0.7010548938708235, 'reg_alpha': 4.6760035486985113e-08, 'reg_lambda': 0.0005825727705708118}. Best is trial 72 with value: -0.9883720183415127.
[I 2025-08-05 13:02:36,977] Trial 109 finished with value: -0.9866691356024407 and parameters: {'learning_rate': 0.10811765760906121, 'num_leaves': 207, 'max_depth': 7, 'min_child_samples': 16, 'feature_fraction': 0.793123636899939, 'bagging_fraction': 0.901234460339287, 'reg_alpha': 1.260677076913496e-06, 'reg_lambda': 6.67029054262157}. Best is trial 72 with value: -0.9883720183415127.
[I 2025-08-05 13:02:37,646] Trial 110 finished with value: -0.9858402577827278 and parameters: {'learning_rate': 0.1736985038846044, 'num_leaves': 197, 'max_depth': 6, 'min_child_samples': 14, 'feature_fraction': 0.9592583730020339, 'bagging_fraction': 0.8591137908386869, 'reg_alpha': 1.0611283860000166e-07, 'reg_lambda': 1.9059643143644949}. Best is trial 72 with value: -0.9883720183415127.
[I 2025-08-05 13:02:40,611] Trial 111 finished with value: -0.9873408039557189 and parameters: {'learning_rate': 0.034350007754329594, 'num_leaves': 178, 'max_depth': 7, 'min_child_samples': 10, 'feature_fraction': 0.8559188363635856, 'bagging_fraction': 0.8760964433983144, 'reg_alpha': 1.1528185237877021e-05, 'reg_lambda': 0.002215497996025671}. Best is trial 72 with value: -0.9883720183415127.
[I 2025-08-05 13:02:44,742] Trial 112 finished with value: -0.9871901701997062 and parameters: {'learning_rate': 0.02924132953701179, 'num_leaves': 184, 'max_depth': 8, 'min_child_samples': 10, 'feature_fraction': 0.8433598915415192, 'bagging_fraction': 0.8798717087445956, 'reg_alpha': 2.701196684221842e-05, 'reg_lambda': 0.0003212895424181401}. Best is trial 72 with value: -0.9883720183415127.
[I 2025-08-05 13:02:48,018] Trial 113 finished with value: -0.9864071917475288 and parameters: {'learning_rate': 0.02052812207917615, 'num_leaves': 167, 'max_depth': 7, 'min_child_samples': 12, 'feature_fraction': 0.892557715928591, 'bagging_fraction': 0.7962272925776894, 'reg_alpha': 8.605354804120228e-06, 'reg_lambda': 0.001269904668857182}. Best is trial 72 with value: -0.9883720183415127.
[I 2025-08-05 13:02:49,914] Trial 114 finished with value: -0.983612605034548 and parameters: {'learning_rate': 0.03616590180532698, 'num_leaves': 154, 'max_depth': 5, 'min_child_samples': 77, 'feature_fraction': 0.8738043551547168, 'bagging_fraction': 0.8225342691653069, 'reg_alpha': 2.9675549055990344e-06, 'reg_lambda': 0.0024983913243621504}. Best is trial 72 with value: -0.9883720183415127.
[I 2025-08-05 13:02:54,088] Trial 115 finished with value: -0.9865773509950427 and parameters: {'learning_rate': 0.025295239230530772, 'num_leaves': 164, 'max_depth': 8, 'min_child_samples': 12, 'feature_fraction': 0.7688440974584132, 'bagging_fraction': 0.8532740128702133, 'reg_alpha': 1.974657541397223e-06, 'reg_lambda': 0.0006480603312875129}. Best is trial 72 with value: -0.9883720183415127.
[I 2025-08-05 13:02:55,402] Trial 116 finished with value: -0.985544268339704 and parameters: {'learning_rate': 0.0446141689262171, 'num_leaves': 148, 'max_depth': 6, 'min_child_samples': 18, 'feature_fraction': 0.9251893845060142, 'bagging_fraction': 0.8344827278361224, 'reg_alpha': 1.5895076116055237e-05, 'reg_lambda': 0.008183840802134721}. Best is trial 72 with value: -0.9883720183415127.
[I 2025-08-05 13:02:57,458] Trial 117 finished with value: -0.9855375077388429 and parameters: {'learning_rate': 0.03361111988499305, 'num_leaves': 172, 'max_depth': 7, 'min_child_samples': 15, 'feature_fraction': 0.979468897543487, 'bagging_fraction': 0.6557598047692232, 'reg_alpha': 8.41812100355881e-05, 'reg_lambda': 0.005485440734960973}. Best is trial 72 with value: -0.9883720183415127.
[I 2025-08-05 13:03:00,081] Trial 118 finished with value: -0.9851708445210358 and parameters: {'learning_rate': 0.15082447844100622, 'num_leaves': 201, 'max_depth': 9, 'min_child_samples': 60, 'feature_fraction': 0.9360682394647946, 'bagging_fraction': 0.8639907193209992, 'reg_alpha': 4.729374453027869e-05, 'reg_lambda': 0.0032522465842771946}. Best is trial 72 with value: -0.9883720183415127.
[I 2025-08-05 13:03:01,430] Trial 119 finished with value: -0.9872563379965241 and parameters: {'learning_rate': 0.1798900908655116, 'num_leaves': 192, 'max_depth': 7, 'min_child_samples': 10, 'feature_fraction': 0.8319081896834432, 'bagging_fraction': 0.9104880017097084, 'reg_alpha': 4.7872513467296835e-06, 'reg_lambda': 0.0746977388840696}. Best is trial 72 with value: -0.9883720183415127.
[I 2025-08-05 13:03:02,145] Trial 120 finished with value: -0.9858503757620749 and parameters: {'learning_rate': 0.16474246563687905, 'num_leaves': 161, 'max_depth': 6, 'min_child_samples': 14, 'feature_fraction': 0.953900530089215, 'bagging_fraction': 0.9237073755497494, 'reg_alpha': 2.832952298578779e-08, 'reg_lambda': 0.8684143603881638}. Best is trial 72 with value: -0.9883720183415127.
[I 2025-08-05 13:03:05,571] Trial 121 finished with value: -0.985543242520982 and parameters: {'learning_rate': 0.051891276873630786, 'num_leaves': 175, 'max_depth': 8, 'min_child_samples': 46, 'feature_fraction': 0.7378478436075724, 'bagging_fraction': 0.8860323875025592, 'reg_alpha': 1.9655993740899745e-07, 'reg_lambda': 8.718082799769919}. Best is trial 72 with value: -0.9883720183415127.
[I 2025-08-05 13:03:07,140] Trial 122 finished with value: -0.9873540787494728 and parameters: {'learning_rate': 0.13560220776174295, 'num_leaves': 185, 'max_depth': 8, 'min_child_samples': 11, 'feature_fraction': 0.8827419100919413, 'bagging_fraction': 0.8954039443627659, 'reg_alpha': 6.37930007059764e-07, 'reg_lambda': 2.6365591724411908}. Best is trial 72 with value: -0.9883720183415127.
[I 2025-08-05 13:03:08,671] Trial 123 finished with value: -0.9874662900718963 and parameters: {'learning_rate': 0.14424388392969326, 'num_leaves': 170, 'max_depth': 9, 'min_child_samples': 13, 'feature_fraction': 0.908998170061243, 'bagging_fraction': 0.8494905389164883, 'reg_alpha': 1.1312128585505417e-06, 'reg_lambda': 5.4027683848136885}. Best is trial 72 with value: -0.9883720183415127.
[I 2025-08-05 13:03:10,313] Trial 124 finished with value: -0.9874810669730489 and parameters: {'learning_rate': 0.12215469465346798, 'num_leaves': 179, 'max_depth': 9, 'min_child_samples': 13, 'feature_fraction': 0.8608679356498566, 'bagging_fraction': 0.8425021702704366, 'reg_alpha': 8.977608448472212e-07, 'reg_lambda': 4.227194631965389}. Best is trial 72 with value: -0.9883720183415127.
[I 2025-08-05 13:03:11,665] Trial 125 finished with value: -0.986738917353982 and parameters: {'learning_rate': 0.12146986881304495, 'num_leaves': 216, 'max_depth': 9, 'min_child_samples': 16, 'feature_fraction': 0.9106233993717794, 'bagging_fraction': 0.8469297393515793, 'reg_alpha': 9.450014494559664e-07, 'reg_lambda': 4.114599250296689}. Best is trial 72 with value: -0.9883720183415127.
[I 2025-08-05 13:03:12,884] Trial 126 finished with value: -0.9873156924791846 and parameters: {'learning_rate': 0.14364839926900574, 'num_leaves': 180, 'max_depth': 9, 'min_child_samples': 12, 'feature_fraction': 0.8953670763922372, 'bagging_fraction': 0.8186163981416041, 'reg_alpha': 2.0460705828202426e-06, 'reg_lambda': 5.530006663664815}. Best is trial 72 with value: -0.9883720183415127.
[I 2025-08-05 13:03:14,464] Trial 127 finished with value: -0.9871360762238179 and parameters: {'learning_rate': 0.12614385604460113, 'num_leaves': 225, 'max_depth': 10, 'min_child_samples': 13, 'feature_fraction': 0.9258085462596127, 'bagging_fraction': 0.8380783870203995, 'reg_alpha': 3.6217031856721414e-07, 'reg_lambda': 1.9859966559378204}. Best is trial 72 with value: -0.9883720183415127.
[I 2025-08-05 13:03:15,726] Trial 128 finished with value: -0.9858051078194501 and parameters: {'learning_rate': 0.1507810365244716, 'num_leaves': 137, 'max_depth': 9, 'min_child_samples': 17, 'feature_fraction': 0.9412485484973263, 'bagging_fraction': 0.8034167968716979, 'reg_alpha': 3.936585252578998e-06, 'reg_lambda': 1.2149909906017755}. Best is trial 72 with value: -0.9883720183415127.
[I 2025-08-05 13:03:17,361] Trial 129 finished with value: -0.9866947507361719 and parameters: {'learning_rate': 0.09951726387766904, 'num_leaves': 170, 'max_depth': 10, 'min_child_samples': 14, 'feature_fraction': 0.8672638067099725, 'bagging_fraction': 0.830182777745884, 'reg_alpha': 6.279058462730546e-07, 'reg_lambda': 9.563277133413873}. Best is trial 72 with value: -0.9883720183415127.
[I 2025-08-05 13:03:19,832] Trial 130 finished with value: -0.9862641191819964 and parameters: {'learning_rate': 0.1865019170214644, 'num_leaves': 157, 'max_depth': 15, 'min_child_samples': 19, 'feature_fraction': 0.966865538096542, 'bagging_fraction': 0.8668870902961702, 'reg_alpha': 1.085518457383021e-06, 'reg_lambda': 4.112549061968329}. Best is trial 72 with value: -0.9883720183415127.
[I 2025-08-05 13:03:21,738] Trial 131 finished with value: -0.9887257100865543 and parameters: {'learning_rate': 0.15996571729914286, 'num_leaves': 187, 'max_depth': 7, 'min_child_samples': 10, 'feature_fraction': 0.8451145350830436, 'bagging_fraction': 0.8534027490356716, 'reg_alpha': 1.1152289964280488e-05, 'reg_lambda': 2.933063018415669}. Best is trial 131 with value: -0.9887257100865543.
[I 2025-08-05 13:03:23,226] Trial 132 finished with value: -0.9884637300745709 and parameters: {'learning_rate': 0.15727092408443485, 'num_leaves': 193, 'max_depth': 6, 'min_child_samples': 10, 'feature_fraction': 0.845715281773433, 'bagging_fraction': 0.8573666901472738, 'reg_alpha': 6.899864936389022e-06, 'reg_lambda': 3.005388714025817}. Best is trial 131 with value: -0.9887257100865543.
[I 2025-08-05 13:03:24,250] Trial 133 finished with value: -0.9875617234541313 and parameters: {'learning_rate': 0.15783984133163872, 'num_leaves': 193, 'max_depth': 6, 'min_child_samples': 12, 'feature_fraction': 0.8124982071179696, 'bagging_fraction': 0.8527539600503208, 'reg_alpha': 8.889312622017128e-06, 'reg_lambda': 3.091638148501508}. Best is trial 131 with value: -0.9887257100865543.
[I 2025-08-05 13:03:25,492] Trial 134 finished with value: -0.987878891281041 and parameters: {'learning_rate': 0.16863234852745335, 'num_leaves': 205, 'max_depth': 6, 'min_child_samples': 11, 'feature_fraction': 0.8094303249405582, 'bagging_fraction': 0.8570487874786616, 'reg_alpha': 6.018838081225705e-06, 'reg_lambda': 2.915180506646019}. Best is trial 131 with value: -0.9887257100865543.
[I 2025-08-05 13:03:26,512] Trial 135 finished with value: -0.9879082754256796 and parameters: {'learning_rate': 0.1696842962136095, 'num_leaves': 204, 'max_depth': 6, 'min_child_samples': 10, 'feature_fraction': 0.8168904734017227, 'bagging_fraction': 0.85868582001333, 'reg_alpha': 8.632831419918828e-06, 'reg_lambda': 0.4179247241394508}. Best is trial 131 with value: -0.9887257100865543.
[I 2025-08-05 13:03:27,659] Trial 136 finished with value: -0.9873501975223217 and parameters: {'learning_rate': 0.16254690536317845, 'num_leaves': 204, 'max_depth': 5, 'min_child_samples': 11, 'feature_fraction': 0.8071800384166216, 'bagging_fraction': 0.8573718600108947, 'reg_alpha': 7.706910091538227e-06, 'reg_lambda': 0.4571994983076578}. Best is trial 131 with value: -0.9887257100865543.
[I 2025-08-05 13:03:28,630] Trial 137 finished with value: -0.9867183011297239 and parameters: {'learning_rate': 0.1764699671157065, 'num_leaves': 211, 'max_depth': 6, 'min_child_samples': 15, 'feature_fraction': 0.7972683565590029, 'bagging_fraction': 0.8276142394408348, 'reg_alpha': 2.489330528808308e-05, 'reg_lambda': 0.15765135066692273}. Best is trial 131 with value: -0.9887257100865543.
[I 2025-08-05 13:03:30,043] Trial 138 finished with value: -0.9886559012004108 and parameters: {'learning_rate': 0.16672146290288006, 'num_leaves': 199, 'max_depth': 6, 'min_child_samples': 10, 'feature_fraction': 0.8083809319192852, 'bagging_fraction': 0.8617619101070222, 'reg_alpha': 1.5764809593565324e-05, 'reg_lambda': 2.6170230584599885}. Best is trial 131 with value: -0.9887257100865543.
[I 2025-08-05 13:03:31,916] Trial 139 finished with value: -0.9856183170300996 and parameters: {'learning_rate': 0.16986582529295227, 'num_leaves': 196, 'max_depth': 6, 'min_child_samples': 55, 'feature_fraction': 0.8099369970729468, 'bagging_fraction': 0.8612799371439551, 'reg_alpha': 5.947500264087335e-06, 'reg_lambda': 0.8436378092701915}. Best is trial 131 with value: -0.9887257100865543.
[I 2025-08-05 13:03:33,251] Trial 140 finished with value: -0.9881307682876264 and parameters: {'learning_rate': 0.18985603741680018, 'num_leaves': 219, 'max_depth': 5, 'min_child_samples': 10, 'feature_fraction': 0.8205162078599963, 'bagging_fraction': 0.8462471181325845, 'reg_alpha': 1.5081835763504502e-05, 'reg_lambda': 2.859603639863942}. Best is trial 131 with value: -0.9887257100865543.
[I 2025-08-05 13:03:34,208] Trial 141 finished with value: -0.9880867157962079 and parameters: {'learning_rate': 0.18731746597956328, 'num_leaves': 201, 'max_depth': 5, 'min_child_samples': 10, 'feature_fraction': 0.8279990300264535, 'bagging_fraction': 0.8491059128018922, 'reg_alpha': 1.248641241170372e-05, 'reg_lambda': 2.7624102274008715}. Best is trial 131 with value: -0.9887257100865543.
[I 2025-08-05 13:03:35,174] Trial 142 finished with value: -0.9882186834991152 and parameters: {'learning_rate': 0.19941737850776578, 'num_leaves': 219, 'max_depth': 4, 'min_child_samples': 10, 'feature_fraction': 0.8253427050740976, 'bagging_fraction': 0.8391409191339402, 'reg_alpha': 1.4153344279228911e-05, 'reg_lambda': 1.718107125138791}. Best is trial 131 with value: -0.9887257100865543.
[I 2025-08-05 13:03:36,167] Trial 143 finished with value: -0.988338173416281 and parameters: {'learning_rate': 0.1871087329303521, 'num_leaves': 219, 'max_depth': 4, 'min_child_samples': 10, 'feature_fraction': 0.8243212311130194, 'bagging_fraction': 0.8359829144511499, 'reg_alpha': 1.5838707933746045e-05, 'reg_lambda': 1.4963524984869228}. Best is trial 131 with value: -0.9887257100865543.
[I 2025-08-05 13:03:37,054] Trial 144 finished with value: -0.9871553604133135 and parameters: {'learning_rate': 0.1994687894843345, 'num_leaves': 219, 'max_depth': 4, 'min_child_samples': 12, 'feature_fraction': 0.8208404128021505, 'bagging_fraction': 0.8151595385108533, 'reg_alpha': 1.342402305199359e-05, 'reg_lambda': 1.6345646111897778}. Best is trial 131 with value: -0.9887257100865543.
[I 2025-08-05 13:03:37,896] Trial 145 finished with value: -0.986896794486156 and parameters: {'learning_rate': 0.18709322269597117, 'num_leaves': 228, 'max_depth': 3, 'min_child_samples': 15, 'feature_fraction': 0.8390463102886908, 'bagging_fraction': 0.839147584650339, 'reg_alpha': 2.0149050776934845e-05, 'reg_lambda': 1.0833385051814302}. Best is trial 131 with value: -0.9887257100865543.
[I 2025-08-05 13:03:38,932] Trial 146 finished with value: -0.988036451266959 and parameters: {'learning_rate': 0.18855922798017352, 'num_leaves': 213, 'max_depth': 4, 'min_child_samples': 10, 'feature_fraction': 0.8289022409345873, 'bagging_fraction': 0.8304083959327659, 'reg_alpha': 3.227456270659735e-05, 'reg_lambda': 0.6358750048846704}. Best is trial 131 with value: -0.9887257100865543.
[I 2025-08-05 13:03:39,883] Trial 147 finished with value: -0.9874339244374071 and parameters: {'learning_rate': 0.1889579909844495, 'num_leaves': 241, 'max_depth': 4, 'min_child_samples': 12, 'feature_fraction': 0.8288290630002791, 'bagging_fraction': 0.8308119256193388, 'reg_alpha': 1.617099529548929e-05, 'reg_lambda': 0.7837856372061922}. Best is trial 131 with value: -0.9887257100865543.
