[I 2025-08-05 19:18:46,843] Trial 5 finished with value: 0.027689981057665403 and parameters: {'n_d': 34, 'n_a': 30, 'n_steps': 10, 'gamma': 1.591017466437505, 'lambda_sparse': 0.0006237581010698326, 'lr': 0.002542280248378992, 'weight_decay': 6.493448656913058e-05}. Best is trial 3 with value: 0.3102205309692371.
/work/dlclarge2/latifajr-dl_lab_project/autoML/automl-exam-ss25-tabular-freiburg-template/automl-tabular-env/lib/python3.10/site-packages/pytorch_tabnet/callbacks.py:172: UserWarning: Best weights from best epoch are automatically used!
  warnings.warn(wrn_msg)
[I 2025-08-05 19:19:23,869] Trial 6 finished with value: 0.33767966268493677 and parameters: {'n_d': 46, 'n_a': 12, 'n_steps': 8, 'gamma': 1.3687304473966468, 'lambda_sparse': 1.9322283712821796e-05, 'lr': 0.0026547729130519063, 'weight_decay': 0.0002132518837317196}. Best is trial 6 with value: 0.33767966268493677.
/work/dlclarge2/latifajr-dl_lab_project/autoML/automl-exam-ss25-tabular-freiburg-template/automl-tabular-env/lib/python3.10/site-packages/pytorch_tabnet/callbacks.py:172: UserWarning: Best weights from best epoch are automatically used!
  warnings.warn(wrn_msg)
[I 2025-08-05 19:20:08,619] Trial 7 finished with value: 0.19851525126256042 and parameters: {'n_d': 48, 'n_a': 37, 'n_steps': 10, 'gamma': 1.300057945972788, 'lambda_sparse': 1.0348575526590015e-05, 'lr': 0.0007524317144840115, 'weight_decay': 8.934777678234483e-06}. Best is trial 6 with value: 0.33767966268493677.
/work/dlclarge2/latifajr-dl_lab_project/autoML/automl-exam-ss25-tabular-freiburg-template/automl-tabular-env/lib/python3.10/site-packages/pytorch_tabnet/callbacks.py:172: UserWarning: Best weights from best epoch are automatically used!
  warnings.warn(wrn_msg)
[I 2025-08-05 19:20:22,200] Trial 8 finished with value: -0.47766479316428034 and parameters: {'n_d': 26, 'n_a': 23, 'n_steps': 7, 'gamma': 1.4245125964094336, 'lambda_sparse': 0.0031886136737726235, 'lr': 0.009748244857474466, 'weight_decay': 0.0006712565691601431}. Best is trial 6 with value: 0.33767966268493677.
/work/dlclarge2/latifajr-dl_lab_project/autoML/automl-exam-ss25-tabular-freiburg-template/automl-tabular-env/lib/python3.10/site-packages/pytorch_tabnet/callbacks.py:172: UserWarning: Best weights from best epoch are automatically used!
  warnings.warn(wrn_msg)
[I 2025-08-05 19:20:47,824] Trial 9 finished with value: 0.16540948762390317 and parameters: {'n_d': 37, 'n_a': 22, 'n_steps': 4, 'gamma': 1.8875628441777481, 'lambda_sparse': 0.0008426482729986385, 'lr': 0.00023512772624868067, 'weight_decay': 0.00010949318010483011}. Best is trial 6 with value: 0.33767966268493677.
/work/dlclarge2/latifajr-dl_lab_project/autoML/automl-exam-ss25-tabular-freiburg-template/automl-tabular-env/lib/python3.10/site-packages/pytorch_tabnet/callbacks.py:172: UserWarning: Best weights from best epoch are automatically used!
  warnings.warn(wrn_msg)
[I 2025-08-05 19:20:57,573] Trial 10 finished with value: -0.5462971299736612 and parameters: {'n_d': 64, 'n_a': 9, 'n_steps': 5, 'gamma': 1.558962818415069, 'lambda_sparse': 1.0814987301494395e-05, 'lr': 0.07992275124558923, 'weight_decay': 3.826486754626176e-06}. Best is trial 6 with value: 0.33767966268493677.
/work/dlclarge2/latifajr-dl_lab_project/autoML/automl-exam-ss25-tabular-freiburg-template/automl-tabular-env/lib/python3.10/site-packages/pytorch_tabnet/callbacks.py:172: UserWarning: Best weights from best epoch are automatically used!
  warnings.warn(wrn_msg)
[I 2025-08-05 19:21:27,768] Trial 11 finished with value: 0.30860865951743854 and parameters: {'n_d': 50, 'n_a': 48, 'n_steps': 6, 'gamma': 1.000408374916894, 'lambda_sparse': 5.338956614499203e-05, 'lr': 0.0029708862375164556, 'weight_decay': 1.5810133840931105e-05}. Best is trial 6 with value: 0.33767966268493677.
/work/dlclarge2/latifajr-dl_lab_project/autoML/automl-exam-ss25-tabular-freiburg-template/automl-tabular-env/lib/python3.10/site-packages/pytorch_tabnet/callbacks.py:172: UserWarning: Best weights from best epoch are automatically used!
  warnings.warn(wrn_msg)
[I 2025-08-05 19:22:01,519] Trial 12 finished with value: 0.22719435982657643 and parameters: {'n_d': 47, 'n_a': 8, 'n_steps': 7, 'gamma': 1.1923769983165784, 'lambda_sparse': 0.0001084234322994257, 'lr': 0.0009608574935481858, 'weight_decay': 1.557223287166979e-05}. Best is trial 6 with value: 0.33767966268493677.
/work/dlclarge2/latifajr-dl_lab_project/autoML/automl-exam-ss25-tabular-freiburg-template/automl-tabular-env/lib/python3.10/site-packages/pytorch_tabnet/callbacks.py:172: UserWarning: Best weights from best epoch are automatically used!
  warnings.warn(wrn_msg)
[I 2025-08-05 19:22:39,953] Trial 13 finished with value: 0.33521841761873106 and parameters: {'n_d': 57, 'n_a': 42, 'n_steps': 8, 'gamma': 1.3923338244612284, 'lambda_sparse': 3.9473913953729483e-05, 'lr': 0.010882195218212586, 'weight_decay': 1.1335208631944578e-06}. Best is trial 6 with value: 0.33767966268493677.
/work/dlclarge2/latifajr-dl_lab_project/autoML/automl-exam-ss25-tabular-freiburg-template/automl-tabular-env/lib/python3.10/site-packages/pytorch_tabnet/callbacks.py:172: UserWarning: Best weights from best epoch are automatically used!
  warnings.warn(wrn_msg)
[I 2025-08-05 19:23:20,819] Trial 14 finished with value: 0.3108466244521908 and parameters: {'n_d': 57, 'n_a': 15, 'n_steps': 9, 'gamma': 1.436468872234238, 'lambda_sparse': 3.710334276204172e-05, 'lr': 0.009486731707259671, 'weight_decay': 1.1273468270842081e-06}. Best is trial 6 with value: 0.33767966268493677.
/work/dlclarge2/latifajr-dl_lab_project/autoML/automl-exam-ss25-tabular-freiburg-template/automl-tabular-env/lib/python3.10/site-packages/pytorch_tabnet/callbacks.py:172: UserWarning: Best weights from best epoch are automatically used!
  warnings.warn(wrn_msg)
[I 2025-08-05 19:23:57,706] Trial 15 finished with value: 0.2946794247544682 and parameters: {'n_d': 56, 'n_a': 59, 'n_steps': 8, 'gamma': 1.666415704499565, 'lambda_sparse': 2.8240222798393965e-05, 'lr': 0.008974598685090825, 'weight_decay': 1.956497878666445e-06}. Best is trial 6 with value: 0.33767966268493677.
/work/dlclarge2/latifajr-dl_lab_project/autoML/automl-exam-ss25-tabular-freiburg-template/automl-tabular-env/lib/python3.10/site-packages/pytorch_tabnet/callbacks.py:172: UserWarning: Best weights from best epoch are automatically used!
  warnings.warn(wrn_msg)
[I 2025-08-05 19:24:37,979] Trial 16 finished with value: 0.31391568955421045 and parameters: {'n_d': 42, 'n_a': 51, 'n_steps': 9, 'gamma': 1.3642911199231755, 'lambda_sparse': 7.255693295253527e-05, 'lr': 0.020547682944011214, 'weight_decay': 0.00018948831875950946}. Best is trial 6 with value: 0.33767966268493677.
/work/dlclarge2/latifajr-dl_lab_project/autoML/automl-exam-ss25-tabular-freiburg-template/automl-tabular-env/lib/python3.10/site-packages/pytorch_tabnet/callbacks.py:172: UserWarning: Best weights from best epoch are automatically used!
  warnings.warn(wrn_msg)
[I 2025-08-05 19:25:07,139] Trial 17 finished with value: 0.3347467995563239 and parameters: {'n_d': 21, 'n_a': 40, 'n_steps': 6, 'gamma': 1.5010213385472668, 'lambda_sparse': 2.1872743911680476e-05, 'lr': 0.004515067460154993, 'weight_decay': 4.0903274169548865e-06}. Best is trial 6 with value: 0.33767966268493677.
/work/dlclarge2/latifajr-dl_lab_project/autoML/automl-exam-ss25-tabular-freiburg-template/automl-tabular-env/lib/python3.10/site-packages/pytorch_tabnet/callbacks.py:172: UserWarning: Best weights from best epoch are automatically used!
  warnings.warn(wrn_msg)
[I 2025-08-05 19:25:45,178] Trial 18 finished with value: 0.23220289969563201 and parameters: {'n_d': 55, 'n_a': 17, 'n_steps': 9, 'gamma': 1.2639112099188474, 'lambda_sparse': 0.0001582388750268973, 'lr': 0.0018551520084162016, 'weight_decay': 3.8450598341723e-05}. Best is trial 6 with value: 0.33767966268493677.
/work/dlclarge2/latifajr-dl_lab_project/autoML/automl-exam-ss25-tabular-freiburg-template/automl-tabular-env/lib/python3.10/site-packages/pytorch_tabnet/callbacks.py:172: UserWarning: Best weights from best epoch are automatically used!
  warnings.warn(wrn_msg)
[I 2025-08-05 19:26:04,986] Trial 19 finished with value: 0.35110508763397674 and parameters: {'n_d': 40, 'n_a': 30, 'n_steps': 3, 'gamma': 1.7000419007671843, 'lambda_sparse': 1.6448214803739543e-05, 'lr': 0.09684665331621832, 'weight_decay': 6.693138707615825e-06}. Best is trial 19 with value: 0.35110508763397674.
/work/dlclarge2/latifajr-dl_lab_project/autoML/automl-exam-ss25-tabular-freiburg-template/automl-tabular-env/lib/python3.10/site-packages/pytorch_tabnet/callbacks.py:172: UserWarning: Best weights from best epoch are automatically used!
  warnings.warn(wrn_msg)
/work/dlclarge2/latifajr-dl_lab_project/autoML/automl-exam-ss25-tabular-freiburg-template/src/models/tabnet/tabnet_train.py:37: FutureWarning: DataFrame.fillna with 'method' is deprecated and will raise in a future version. Use obj.ffill() or obj.bfill() instead.
  df = df.fillna(method="ffill").fillna(method="bfill").fillna(0)
/work/dlclarge2/latifajr-dl_lab_project/autoML/automl-exam-ss25-tabular-freiburg-template/src/models/tabnet/tabnet_train.py:37: FutureWarning: DataFrame.fillna with 'method' is deprecated and will raise in a future version. Use obj.ffill() or obj.bfill() instead.
  df = df.fillna(method="ffill").fillna(method="bfill").fillna(0)
[I 2025-08-05 19:26:37,532] A new study created in memory with name: no-name-af25bbd2-22fb-4438-b253-16d58006915a
/work/dlclarge2/latifajr-dl_lab_project/autoML/automl-exam-ss25-tabular-freiburg-template/automl-tabular-env/lib/python3.10/site-packages/pytorch_tabnet/callbacks.py:172: UserWarning: Best weights from best epoch are automatically used!
  warnings.warn(wrn_msg)
[I 2025-08-05 19:27:11,366] Trial 0 finished with value: -8.94598058766246 and parameters: {'n_d': 24, 'n_a': 38, 'n_steps': 7, 'gamma': 1.9622784970585556, 'lambda_sparse': 2.3887720428187684e-05, 'lr': 0.00010155574568385945, 'weight_decay': 3.437164351466261e-05}. Best is trial 0 with value: -8.94598058766246.
/work/dlclarge2/latifajr-dl_lab_project/autoML/automl-exam-ss25-tabular-freiburg-template/automl-tabular-env/lib/python3.10/site-packages/pytorch_tabnet/callbacks.py:172: UserWarning: Best weights from best epoch are automatically used!
  warnings.warn(wrn_msg)
[I 2025-08-05 19:27:44,837] Trial 1 finished with value: 0.28664130528485376 and parameters: {'n_d': 11, 'n_a': 39, 'n_steps': 7, 'gamma': 1.0881673540060999, 'lambda_sparse': 0.00877353119398665, 'lr': 0.007414668252650017, 'weight_decay': 1.208740670541074e-05}. Best is trial 1 with value: 0.28664130528485376.
/work/dlclarge2/latifajr-dl_lab_project/autoML/automl-exam-ss25-tabular-freiburg-template/automl-tabular-env/lib/python3.10/site-packages/pytorch_tabnet/callbacks.py:172: UserWarning: Best weights from best epoch are automatically used!
  warnings.warn(wrn_msg)
[I 2025-08-05 19:28:05,643] Trial 2 finished with value: 0.2798341667442601 and parameters: {'n_d': 18, 'n_a': 16, 'n_steps': 3, 'gamma': 1.0604548071854292, 'lambda_sparse': 0.0003347701206464764, 'lr': 0.01070903307762446, 'weight_decay': 0.00014471970057377168}. Best is trial 1 with value: 0.28664130528485376.
/work/dlclarge2/latifajr-dl_lab_project/autoML/automl-exam-ss25-tabular-freiburg-template/automl-tabular-env/lib/python3.10/site-packages/pytorch_tabnet/callbacks.py:172: UserWarning: Best weights from best epoch are automatically used!
  warnings.warn(wrn_msg)
[I 2025-08-05 19:28:32,500] Trial 3 finished with value: 0.20215198260496903 and parameters: {'n_d': 35, 'n_a': 37, 'n_steps': 5, 'gamma': 1.4445033203728648, 'lambda_sparse': 0.007794981670313799, 'lr': 0.00238668049220743, 'weight_decay': 1.5754308929093098e-06}. Best is trial 1 with value: 0.28664130528485376.
/work/dlclarge2/latifajr-dl_lab_project/autoML/automl-exam-ss25-tabular-freiburg-template/automl-tabular-env/lib/python3.10/site-packages/pytorch_tabnet/callbacks.py:172: UserWarning: Best weights from best epoch are automatically used!
  warnings.warn(wrn_msg)
[I 2025-08-05 19:29:13,180] Trial 4 finished with value: 0.28207004971058347 and parameters: {'n_d': 13, 'n_a': 39, 'n_steps': 9, 'gamma': 1.1006912047262705, 'lambda_sparse': 0.0008793946408934503, 'lr': 0.018735434543370993, 'weight_decay': 0.0008137901608168169}. Best is trial 1 with value: 0.28664130528485376.
/work/dlclarge2/latifajr-dl_lab_project/autoML/automl-exam-ss25-tabular-freiburg-template/automl-tabular-env/lib/python3.10/site-packages/pytorch_tabnet/callbacks.py:172: UserWarning: Best weights from best epoch are automatically used!
  warnings.warn(wrn_msg)
[I 2025-08-05 19:29:46,979] Trial 5 finished with value: 0.23036797461338832 and parameters: {'n_d': 18, 'n_a': 12, 'n_steps': 7, 'gamma': 1.359314974708756, 'lambda_sparse': 3.264312821141976e-05, 'lr': 0.0010441758190539651, 'weight_decay': 0.0002942050981875707}. Best is trial 1 with value: 0.28664130528485376.
/work/dlclarge2/latifajr-dl_lab_project/autoML/automl-exam-ss25-tabular-freiburg-template/automl-tabular-env/lib/python3.10/site-packages/pytorch_tabnet/callbacks.py:172: UserWarning: Best weights from best epoch are automatically used!
  warnings.warn(wrn_msg)
[I 2025-08-05 19:30:12,424] Trial 6 finished with value: 0.25463996163985436 and parameters: {'n_d': 31, 'n_a': 18, 'n_steps': 4, 'gamma': 1.8993390765708047, 'lambda_sparse': 0.00020619852141021068, 'lr': 0.01182880454283825, 'weight_decay': 0.000925354149575578}. Best is trial 1 with value: 0.28664130528485376.
/work/dlclarge2/latifajr-dl_lab_project/autoML/automl-exam-ss25-tabular-freiburg-template/automl-tabular-env/lib/python3.10/site-packages/pytorch_tabnet/callbacks.py:172: UserWarning: Best weights from best epoch are automatically used!
  warnings.warn(wrn_msg)
[I 2025-08-05 19:30:53,546] Trial 7 finished with value: 0.18429131964429724 and parameters: {'n_d': 55, 'n_a': 63, 'n_steps': 9, 'gamma': 1.5150290345558557, 'lambda_sparse': 0.003019259696656491, 'lr': 0.0013480042709037537, 'weight_decay': 0.0006505456433484948}. Best is trial 1 with value: 0.28664130528485376.
/work/dlclarge2/latifajr-dl_lab_project/autoML/automl-exam-ss25-tabular-freiburg-template/automl-tabular-env/lib/python3.10/site-packages/pytorch_tabnet/callbacks.py:172: UserWarning: Best weights from best epoch are automatically used!
  warnings.warn(wrn_msg)
[I 2025-08-05 19:31:00,819] Trial 8 finished with value: -1.5342697603690123 and parameters: {'n_d': 13, 'n_a': 25, 'n_steps': 3, 'gamma': 1.9346278508864183, 'lambda_sparse': 0.007989584247174426, 'lr': 0.003473910999966358, 'weight_decay': 6.36011216963648e-06}. Best is trial 1 with value: 0.28664130528485376.
/work/dlclarge2/latifajr-dl_lab_project/autoML/automl-exam-ss25-tabular-freiburg-template/automl-tabular-env/lib/python3.10/site-packages/pytorch_tabnet/callbacks.py:172: UserWarning: Best weights from best epoch are automatically used!
  warnings.warn(wrn_msg)
[I 2025-08-05 19:31:31,334] Trial 9 finished with value: 0.24164960619416254 and parameters: {'n_d': 27, 'n_a': 51, 'n_steps': 6, 'gamma': 1.7628900519678339, 'lambda_sparse': 0.0006225000119295235, 'lr': 0.015987632672879736, 'weight_decay': 1.7552413691368235e-06}. Best is trial 1 with value: 0.28664130528485376.
/work/dlclarge2/latifajr-dl_lab_project/autoML/automl-exam-ss25-tabular-freiburg-template/automl-tabular-env/lib/python3.10/site-packages/pytorch_tabnet/callbacks.py:172: UserWarning: Best weights from best epoch are automatically used!
  warnings.warn(wrn_msg)
[I 2025-08-05 19:32:15,972] Trial 10 finished with value: 0.21779456628452887 and parameters: {'n_d': 48, 'n_a': 49, 'n_steps': 10, 'gamma': 1.2713786540344272, 'lambda_sparse': 7.871661120150718e-05, 'lr': 0.08168789378964732, 'weight_decay': 1.4859102599407543e-05}. Best is trial 1 with value: 0.28664130528485376.
/work/dlclarge2/latifajr-dl_lab_project/autoML/automl-exam-ss25-tabular-freiburg-template/automl-tabular-env/lib/python3.10/site-packages/pytorch_tabnet/callbacks.py:172: UserWarning: Best weights from best epoch are automatically used!
  warnings.warn(wrn_msg)
[I 2025-08-05 19:32:52,786] Trial 11 finished with value: 0.2815642244894965 and parameters: {'n_d': 8, 'n_a': 31, 'n_steps': 8, 'gamma': 1.0068716987523778, 'lambda_sparse': 0.0014359098637544325, 'lr': 0.05207811286551823, 'weight_decay': 5.700283489812323e-05}. Best is trial 1 with value: 0.28664130528485376.
/work/dlclarge2/latifajr-dl_lab_project/autoML/automl-exam-ss25-tabular-freiburg-template/automl-tabular-env/lib/python3.10/site-packages/pytorch_tabnet/callbacks.py:172: UserWarning: Best weights from best epoch are automatically used!
  warnings.warn(wrn_msg)
[I 2025-08-05 19:33:33,618] Trial 12 finished with value: 0.2717358517540114 and parameters: {'n_d': 46, 'n_a': 46, 'n_steps': 9, 'gamma': 1.2097480393419016, 'lambda_sparse': 0.0015095036165296803, 'lr': 0.027169586881533987, 'weight_decay': 7.5552367217720136e-06}. Best is trial 1 with value: 0.28664130528485376.
/work/dlclarge2/latifajr-dl_lab_project/autoML/automl-exam-ss25-tabular-freiburg-template/automl-tabular-env/lib/python3.10/site-packages/pytorch_tabnet/callbacks.py:172: UserWarning: Best weights from best epoch are automatically used!
  warnings.warn(wrn_msg)
[I 2025-08-05 19:34:10,804] Trial 13 finished with value: 0.29377390891802213 and parameters: {'n_d': 8, 'n_a': 42, 'n_steps': 8, 'gamma': 1.170579698463126, 'lambda_sparse': 0.002506931116916893, 'lr': 0.005443269550996875, 'weight_decay': 0.00012780786285204209}. Best is trial 13 with value: 0.29377390891802213.
/work/dlclarge2/latifajr-dl_lab_project/autoML/automl-exam-ss25-tabular-freiburg-template/automl-tabular-env/lib/python3.10/site-packages/pytorch_tabnet/callbacks.py:172: UserWarning: Best weights from best epoch are automatically used!
  warnings.warn(wrn_msg)
[I 2025-08-05 19:34:41,165] Trial 14 finished with value: 0.26224766005273414 and parameters: {'n_d': 21, 'n_a': 60, 'n_steps': 6, 'gamma': 1.6251422901807295, 'lambda_sparse': 0.003415146812390948, 'lr': 0.00495549604825483, 'weight_decay': 6.495514418312924e-05}. Best is trial 13 with value: 0.29377390891802213.
/work/dlclarge2/latifajr-dl_lab_project/autoML/automl-exam-ss25-tabular-freiburg-template/automl-tabular-env/lib/python3.10/site-packages/pytorch_tabnet/callbacks.py:172: UserWarning: Best weights from best epoch are automatically used!
  warnings.warn(wrn_msg)
[I 2025-08-05 19:35:18,737] Trial 15 finished with value: 0.004405196271506595 and parameters: {'n_d': 8, 'n_a': 29, 'n_steps': 8, 'gamma': 1.2048346982569944, 'lambda_sparse': 0.00401845781642447, 'lr': 0.00048310640761324727, 'weight_decay': 0.0001483541876014201}. Best is trial 13 with value: 0.29377390891802213.
/work/dlclarge2/latifajr-dl_lab_project/autoML/automl-exam-ss25-tabular-freiburg-template/automl-tabular-env/lib/python3.10/site-packages/pytorch_tabnet/callbacks.py:172: UserWarning: Best weights from best epoch are automatically used!
  warnings.warn(wrn_msg)
[I 2025-08-05 19:35:55,709] Trial 16 finished with value: 0.3138749388420744 and parameters: {'n_d': 41, 'n_a': 43, 'n_steps': 8, 'gamma': 1.1369156751142453, 'lambda_sparse': 0.007345815199750351, 'lr': 0.00737891328987999, 'weight_decay': 1.450979138292739e-05}. Best is trial 16 with value: 0.3138749388420744.
/work/dlclarge2/latifajr-dl_lab_project/autoML/automl-exam-ss25-tabular-freiburg-template/automl-tabular-env/lib/python3.10/site-packages/pytorch_tabnet/callbacks.py:172: UserWarning: Best weights from best epoch are automatically used!
  warnings.warn(wrn_msg)
[I 2025-08-05 19:36:41,331] Trial 17 finished with value: 0.021494142445391717 and parameters: {'n_d': 42, 'n_a': 57, 'n_steps': 10, 'gamma': 1.3587917834209664, 'lambda_sparse': 0.0023020622155540365, 'lr': 0.0004133731932498755, 'weight_decay': 3.7294023429161445e-06}. Best is trial 16 with value: 0.3138749388420744.
/work/dlclarge2/latifajr-dl_lab_project/autoML/automl-exam-ss25-tabular-freiburg-template/automl-tabular-env/lib/python3.10/site-packages/pytorch_tabnet/callbacks.py:172: UserWarning: Best weights from best epoch are automatically used!
  warnings.warn(wrn_msg)
[I 2025-08-05 19:36:59,386] Trial 18 finished with value: -0.1511223257793186 and parameters: {'n_d': 63, 'n_a': 45, 'n_steps': 8, 'gamma': 1.185251912012923, 'lambda_sparse': 0.00021608961638427967, 'lr': 0.03541968493782578, 'weight_decay': 2.5157692807372476e-05}. Best is trial 16 with value: 0.3138749388420744.
/work/dlclarge2/latifajr-dl_lab_project/autoML/automl-exam-ss25-tabular-freiburg-template/automl-tabular-env/lib/python3.10/site-packages/pytorch_tabnet/callbacks.py:172: UserWarning: Best weights from best epoch are automatically used!
  warnings.warn(wrn_msg)
