[I 2025-08-03 11:02:33,765] Trial 1 finished with value: 0.8527002170959304 and parameters: {'n_d': 8, 'n_a': 59, 'n_steps': 3, 'gamma': 1.3798078212978788, 'lambda_sparse': 4.962395720516117e-05, 'lr': 0.00019088482611312119, 'weight_decay': 0.00042007967477661443}. Best is trial 0 with value: 0.9174798928593074.
/work/dlclarge2/alidemaa-dl_lab/automl/automl-exam-ss25-tabular-freiburg-template/automl-tabular-env/lib/python3.10/site-packages/pytorch_tabnet/callbacks.py:172: UserWarning: Best weights from best epoch are automatically used!
  warnings.warn(wrn_msg)
[I 2025-08-03 11:04:55,271] Trial 2 finished with value: 0.31213050197666536 and parameters: {'n_d': 57, 'n_a': 33, 'n_steps': 10, 'gamma': 1.5406162138451658, 'lambda_sparse': 0.0015549962267522764, 'lr': 0.0002313512905582203, 'weight_decay': 2.0865614194373053e-06}. Best is trial 0 with value: 0.9174798928593074.
/work/dlclarge2/alidemaa-dl_lab/automl/automl-exam-ss25-tabular-freiburg-template/automl-tabular-env/lib/python3.10/site-packages/pytorch_tabnet/callbacks.py:172: UserWarning: Best weights from best epoch are automatically used!
  warnings.warn(wrn_msg)
[I 2025-08-03 11:06:19,397] Trial 3 finished with value: 0.9120460223012942 and parameters: {'n_d': 37, 'n_a': 53, 'n_steps': 4, 'gamma': 1.8946656914919255, 'lambda_sparse': 0.0024862749961748684, 'lr': 0.002975074905930598, 'weight_decay': 0.0009048370941973057}. Best is trial 0 with value: 0.9174798928593074.
/work/dlclarge2/alidemaa-dl_lab/automl/automl-exam-ss25-tabular-freiburg-template/automl-tabular-env/lib/python3.10/site-packages/pytorch_tabnet/callbacks.py:172: UserWarning: Best weights from best epoch are automatically used!
  warnings.warn(wrn_msg)
[I 2025-08-03 11:08:05,131] Trial 4 finished with value: 0.7733188346100647 and parameters: {'n_d': 58, 'n_a': 10, 'n_steps': 7, 'gamma': 1.79351900618781, 'lambda_sparse': 0.0011397836377293846, 'lr': 0.0007236466373200514, 'weight_decay': 0.00034618746630717936}. Best is trial 0 with value: 0.9174798928593074.
/work/dlclarge2/alidemaa-dl_lab/automl/automl-exam-ss25-tabular-freiburg-template/automl-tabular-env/lib/python3.10/site-packages/pytorch_tabnet/callbacks.py:172: UserWarning: Best weights from best epoch are automatically used!
  warnings.warn(wrn_msg)
[I 2025-08-03 11:08:41,308] Trial 5 finished with value: 0.6548271623146714 and parameters: {'n_d': 52, 'n_a': 50, 'n_steps': 3, 'gamma': 1.5854611884783294, 'lambda_sparse': 0.0005322835955380991, 'lr': 0.0711077816383155, 'weight_decay': 7.57137453502562e-06}. Best is trial 0 with value: 0.9174798928593074.
/work/dlclarge2/alidemaa-dl_lab/automl/automl-exam-ss25-tabular-freiburg-template/automl-tabular-env/lib/python3.10/site-packages/pytorch_tabnet/callbacks.py:172: UserWarning: Best weights from best epoch are automatically used!
  warnings.warn(wrn_msg)
[I 2025-08-03 11:09:55,106] Trial 6 finished with value: 0.912276920735624 and parameters: {'n_d': 52, 'n_a': 51, 'n_steps': 3, 'gamma': 1.8750814619528344, 'lambda_sparse': 0.0005521835931492545, 'lr': 0.09996913747065476, 'weight_decay': 4.987055944439354e-06}. Best is trial 0 with value: 0.9174798928593074.
/work/dlclarge2/alidemaa-dl_lab/automl/automl-exam-ss25-tabular-freiburg-template/automl-tabular-env/lib/python3.10/site-packages/pytorch_tabnet/callbacks.py:172: UserWarning: Best weights from best epoch are automatically used!
  warnings.warn(wrn_msg)
[I 2025-08-03 11:11:20,807] Trial 7 finished with value: 0.9220203056695573 and parameters: {'n_d': 34, 'n_a': 42, 'n_steps': 7, 'gamma': 1.0310291348455463, 'lambda_sparse': 0.0012031871698392896, 'lr': 0.07201824387611758, 'weight_decay': 9.062039335378561e-06}. Best is trial 7 with value: 0.9220203056695573.
/work/dlclarge2/alidemaa-dl_lab/automl/automl-exam-ss25-tabular-freiburg-template/automl-tabular-env/lib/python3.10/site-packages/pytorch_tabnet/callbacks.py:172: UserWarning: Best weights from best epoch are automatically used!
  warnings.warn(wrn_msg)
[I 2025-08-03 11:12:04,803] Trial 8 finished with value: 0.9076605513786319 and parameters: {'n_d': 22, 'n_a': 29, 'n_steps': 3, 'gamma': 1.0815396225625593, 'lambda_sparse': 4.787980138007964e-05, 'lr': 0.0025305544183796646, 'weight_decay': 4.856259396314758e-06}. Best is trial 7 with value: 0.9220203056695573.
/work/dlclarge2/alidemaa-dl_lab/automl/automl-exam-ss25-tabular-freiburg-template/automl-tabular-env/lib/python3.10/site-packages/pytorch_tabnet/callbacks.py:172: UserWarning: Best weights from best epoch are automatically used!
  warnings.warn(wrn_msg)
[I 2025-08-03 11:13:24,957] Trial 9 finished with value: 0.8941383742452867 and parameters: {'n_d': 48, 'n_a': 52, 'n_steps': 4, 'gamma': 1.5223436431601358, 'lambda_sparse': 0.00019400485105991607, 'lr': 0.0004998385105467776, 'weight_decay': 3.7549074312112722e-06}. Best is trial 7 with value: 0.9220203056695573.
/work/dlclarge2/alidemaa-dl_lab/automl/automl-exam-ss25-tabular-freiburg-template/automl-tabular-env/lib/python3.10/site-packages/pytorch_tabnet/callbacks.py:172: UserWarning: Best weights from best epoch are automatically used!
  warnings.warn(wrn_msg)
[I 2025-08-03 11:14:54,494] Trial 10 finished with value: 0.9016238757153893 and parameters: {'n_d': 30, 'n_a': 19, 'n_steps': 7, 'gamma': 1.2734429463078905, 'lambda_sparse': 0.008993534578628401, 'lr': 0.009795686177287157, 'weight_decay': 4.0400576422489424e-05}. Best is trial 7 with value: 0.9220203056695573.
/work/dlclarge2/alidemaa-dl_lab/automl/automl-exam-ss25-tabular-freiburg-template/automl-tabular-env/lib/python3.10/site-packages/pytorch_tabnet/callbacks.py:172: UserWarning: Best weights from best epoch are automatically used!
  warnings.warn(wrn_msg)
[I 2025-08-03 11:16:24,482] Trial 11 finished with value: 0.9173900464479509 and parameters: {'n_d': 40, 'n_a': 40, 'n_steps': 6, 'gamma': 1.0099062500039608, 'lambda_sparse': 0.004922057173301393, 'lr': 0.02246851296770045, 'weight_decay': 1.0235016093262509e-06}. Best is trial 7 with value: 0.9220203056695573.
/work/dlclarge2/alidemaa-dl_lab/automl/automl-exam-ss25-tabular-freiburg-template/automl-tabular-env/lib/python3.10/site-packages/pytorch_tabnet/callbacks.py:172: UserWarning: Best weights from best epoch are automatically used!
  warnings.warn(wrn_msg)
[I 2025-08-03 11:18:15,071] Trial 12 finished with value: 0.9062591248356094 and parameters: {'n_d': 26, 'n_a': 40, 'n_steps': 9, 'gamma': 1.1818953474131595, 'lambda_sparse': 0.00017117548541520082, 'lr': 0.020728270415136547, 'weight_decay': 3.156801689567163e-05}. Best is trial 7 with value: 0.9220203056695573.
/work/dlclarge2/alidemaa-dl_lab/automl/automl-exam-ss25-tabular-freiburg-template/automl-tabular-env/lib/python3.10/site-packages/pytorch_tabnet/callbacks.py:172: UserWarning: Best weights from best epoch are automatically used!
  warnings.warn(wrn_msg)
[I 2025-08-03 11:19:30,728] Trial 13 finished with value: 0.9074188526928992 and parameters: {'n_d': 44, 'n_a': 26, 'n_steps': 6, 'gamma': 1.1567827014434333, 'lambda_sparse': 1.0107162472005764e-05, 'lr': 0.031181311104976146, 'weight_decay': 1.657007481011289e-05}. Best is trial 7 with value: 0.9220203056695573.
/work/dlclarge2/alidemaa-dl_lab/automl/automl-exam-ss25-tabular-freiburg-template/automl-tabular-env/lib/python3.10/site-packages/pytorch_tabnet/callbacks.py:172: UserWarning: Best weights from best epoch are automatically used!
  warnings.warn(wrn_msg)
[I 2025-08-03 11:21:05,240] Trial 14 finished with value: 0.9063924779236051 and parameters: {'n_d': 18, 'n_a': 41, 'n_steps': 8, 'gamma': 1.3400234085209126, 'lambda_sparse': 0.0009094034166651476, 'lr': 0.009054637430346452, 'weight_decay': 7.812214929870069e-05}. Best is trial 7 with value: 0.9220203056695573.
/work/dlclarge2/alidemaa-dl_lab/automl/automl-exam-ss25-tabular-freiburg-template/automl-tabular-env/lib/python3.10/site-packages/pytorch_tabnet/callbacks.py:172: UserWarning: Best weights from best epoch are automatically used!
  warnings.warn(wrn_msg)
[I 2025-08-03 11:22:10,853] Trial 15 finished with value: 0.9167376662026587 and parameters: {'n_d': 64, 'n_a': 23, 'n_steps': 5, 'gamma': 1.0156930790790852, 'lambda_sparse': 0.003160511727707701, 'lr': 0.051674217357205676, 'weight_decay': 1.811223934832228e-06}. Best is trial 7 with value: 0.9220203056695573.
/work/dlclarge2/alidemaa-dl_lab/automl/automl-exam-ss25-tabular-freiburg-template/automl-tabular-env/lib/python3.10/site-packages/pytorch_tabnet/callbacks.py:172: UserWarning: Best weights from best epoch are automatically used!
  warnings.warn(wrn_msg)
[I 2025-08-03 11:23:16,360] Trial 16 finished with value: 0.9121802786224753 and parameters: {'n_d': 32, 'n_a': 14, 'n_steps': 5, 'gamma': 1.6993242534486837, 'lambda_sparse': 0.00035673480724842093, 'lr': 0.00865230437503102, 'weight_decay': 1.2460340048219942e-05}. Best is trial 7 with value: 0.9220203056695573.
/work/dlclarge2/alidemaa-dl_lab/automl/automl-exam-ss25-tabular-freiburg-template/automl-tabular-env/lib/python3.10/site-packages/pytorch_tabnet/callbacks.py:172: UserWarning: Best weights from best epoch are automatically used!
  warnings.warn(wrn_msg)
[I 2025-08-03 11:24:50,593] Trial 17 finished with value: 0.9072711509557754 and parameters: {'n_d': 12, 'n_a': 34, 'n_steps': 8, 'gamma': 1.2208053128938523, 'lambda_sparse': 0.00012981245542721337, 'lr': 0.03377494387915606, 'weight_decay': 9.663720797460439e-05}. Best is trial 7 with value: 0.9220203056695573.
/work/dlclarge2/alidemaa-dl_lab/automl/automl-exam-ss25-tabular-freiburg-template/automl-tabular-env/lib/python3.10/site-packages/pytorch_tabnet/callbacks.py:172: UserWarning: Best weights from best epoch are automatically used!
  warnings.warn(wrn_msg)
[I 2025-08-03 11:26:04,687] Trial 18 finished with value: 0.9176503549656918 and parameters: {'n_d': 42, 'n_a': 45, 'n_steps': 5, 'gamma': 1.4024866771647533, 'lambda_sparse': 0.0017916139327399775, 'lr': 0.013162786544080509, 'weight_decay': 1.2987920211136141e-06}. Best is trial 7 with value: 0.9220203056695573.
/work/dlclarge2/alidemaa-dl_lab/automl/automl-exam-ss25-tabular-freiburg-template/automl-tabular-env/lib/python3.10/site-packages/pytorch_tabnet/callbacks.py:172: UserWarning: Best weights from best epoch are automatically used!
  warnings.warn(wrn_msg)
[I 2025-08-03 11:27:15,725] Trial 19 finished with value: 0.889845367913697 and parameters: {'n_d': 40, 'n_a': 64, 'n_steps': 5, 'gamma': 1.9961230612794456, 'lambda_sparse': 0.009365058946224346, 'lr': 0.0015551167146654798, 'weight_decay': 1.2552465405664871e-05}. Best is trial 7 with value: 0.9220203056695573.
/work/dlclarge2/alidemaa-dl_lab/automl/automl-exam-ss25-tabular-freiburg-template/automl-tabular-env/lib/python3.10/site-packages/pytorch_tabnet/callbacks.py:172: UserWarning: Best weights from best epoch are automatically used!
  warnings.warn(wrn_msg)
[I 2025-08-03 11:28:47,236] A new study created in memory with name: no-name-1065341b-bc90-43e7-9fa3-03d0943f1c49
/work/dlclarge2/alidemaa-dl_lab/automl/automl-exam-ss25-tabular-freiburg-template/automl-tabular-env/lib/python3.10/site-packages/pytorch_tabnet/callbacks.py:172: UserWarning: Best weights from best epoch are automatically used!
  warnings.warn(wrn_msg)
[I 2025-08-03 11:29:21,596] Trial 0 finished with value: 0.48636948770175714 and parameters: {'n_d': 50, 'n_a': 55, 'n_steps': 9, 'gamma': 1.8062066679190694, 'lambda_sparse': 0.00044121572076475345, 'lr': 0.06432279753470017, 'weight_decay': 0.00039076526309838667}. Best is trial 0 with value: 0.48636948770175714.
/work/dlclarge2/alidemaa-dl_lab/automl/automl-exam-ss25-tabular-freiburg-template/automl-tabular-env/lib/python3.10/site-packages/pytorch_tabnet/callbacks.py:172: UserWarning: Best weights from best epoch are automatically used!
  warnings.warn(wrn_msg)
[I 2025-08-03 11:31:20,773] Trial 1 finished with value: 0.7125426620744559 and parameters: {'n_d': 23, 'n_a': 11, 'n_steps': 10, 'gamma': 1.9540534810803436, 'lambda_sparse': 1.451981445583988e-05, 'lr': 0.0013713920550867864, 'weight_decay': 0.0005672009274421103}. Best is trial 1 with value: 0.7125426620744559.
/work/dlclarge2/alidemaa-dl_lab/automl/automl-exam-ss25-tabular-freiburg-template/automl-tabular-env/lib/python3.10/site-packages/pytorch_tabnet/callbacks.py:172: UserWarning: Best weights from best epoch are automatically used!
  warnings.warn(wrn_msg)
[I 2025-08-03 11:32:38,730] Trial 2 finished with value: 0.7040306045186837 and parameters: {'n_d': 63, 'n_a': 13, 'n_steps': 5, 'gamma': 1.5980291414265642, 'lambda_sparse': 0.008347074019418727, 'lr': 0.0001967985222502314, 'weight_decay': 0.0008455150612142481}. Best is trial 1 with value: 0.7125426620744559.
/work/dlclarge2/alidemaa-dl_lab/automl/automl-exam-ss25-tabular-freiburg-template/automl-tabular-env/lib/python3.10/site-packages/pytorch_tabnet/callbacks.py:172: UserWarning: Best weights from best epoch are automatically used!
  warnings.warn(wrn_msg)
[I 2025-08-03 11:34:18,136] Trial 3 finished with value: 0.8260515914594988 and parameters: {'n_d': 40, 'n_a': 23, 'n_steps': 8, 'gamma': 1.3695471753731008, 'lambda_sparse': 0.00021617696193947195, 'lr': 0.0007411249688242816, 'weight_decay': 1.8597127576577066e-06}. Best is trial 3 with value: 0.8260515914594988.
/work/dlclarge2/alidemaa-dl_lab/automl/automl-exam-ss25-tabular-freiburg-template/automl-tabular-env/lib/python3.10/site-packages/pytorch_tabnet/callbacks.py:172: UserWarning: Best weights from best epoch are automatically used!
  warnings.warn(wrn_msg)
[I 2025-08-03 11:36:13,543] Trial 4 finished with value: 0.8778846102146454 and parameters: {'n_d': 47, 'n_a': 29, 'n_steps': 8, 'gamma': 1.4056582212599624, 'lambda_sparse': 8.971828732231207e-05, 'lr': 0.007724038497360632, 'weight_decay': 9.061057514100066e-05}. Best is trial 4 with value: 0.8778846102146454.
/work/dlclarge2/alidemaa-dl_lab/automl/automl-exam-ss25-tabular-freiburg-template/automl-tabular-env/lib/python3.10/site-packages/pytorch_tabnet/callbacks.py:172: UserWarning: Best weights from best epoch are automatically used!
  warnings.warn(wrn_msg)
[I 2025-08-03 11:36:44,857] Trial 5 finished with value: 0.21200667510527094 and parameters: {'n_d': 54, 'n_a': 19, 'n_steps': 3, 'gamma': 1.8200658473199551, 'lambda_sparse': 1.3706858805549084e-05, 'lr': 0.09968028983642098, 'weight_decay': 3.8809115466164415e-05}. Best is trial 4 with value: 0.8778846102146454.
/work/dlclarge2/alidemaa-dl_lab/automl/automl-exam-ss25-tabular-freiburg-template/automl-tabular-env/lib/python3.10/site-packages/pytorch_tabnet/callbacks.py:172: UserWarning: Best weights from best epoch are automatically used!
  warnings.warn(wrn_msg)
[I 2025-08-03 11:38:15,687] Trial 6 finished with value: 0.913821260571723 and parameters: {'n_d': 55, 'n_a': 17, 'n_steps': 6, 'gamma': 1.4571314282820143, 'lambda_sparse': 2.699092597631428e-05, 'lr': 0.005917353860345276, 'weight_decay': 2.0259925050566085e-06}. Best is trial 6 with value: 0.913821260571723.
/work/dlclarge2/alidemaa-dl_lab/automl/automl-exam-ss25-tabular-freiburg-template/automl-tabular-env/lib/python3.10/site-packages/pytorch_tabnet/callbacks.py:172: UserWarning: Best weights from best epoch are automatically used!
  warnings.warn(wrn_msg)
[I 2025-08-03 11:39:30,364] Trial 7 finished with value: 0.894924999812093 and parameters: {'n_d': 34, 'n_a': 38, 'n_steps': 3, 'gamma': 1.6152046278738352, 'lambda_sparse': 0.0010615715546718387, 'lr': 0.001140850660842757, 'weight_decay': 5.2201284026747865e-05}. Best is trial 6 with value: 0.913821260571723.
/work/dlclarge2/alidemaa-dl_lab/automl/automl-exam-ss25-tabular-freiburg-template/automl-tabular-env/lib/python3.10/site-packages/pytorch_tabnet/callbacks.py:172: UserWarning: Best weights from best epoch are automatically used!
  warnings.warn(wrn_msg)
[I 2025-08-03 11:40:02,547] Trial 8 finished with value: 0.038946128272009495 and parameters: {'n_d': 20, 'n_a': 49, 'n_steps': 6, 'gamma': 1.5071609779923862, 'lambda_sparse': 0.00014216791475096368, 'lr': 0.027818661634744966, 'weight_decay': 3.5080198845254834e-06}. Best is trial 6 with value: 0.913821260571723.
/work/dlclarge2/alidemaa-dl_lab/automl/automl-exam-ss25-tabular-freiburg-template/automl-tabular-env/lib/python3.10/site-packages/pytorch_tabnet/callbacks.py:172: UserWarning: Best weights from best epoch are automatically used!
  warnings.warn(wrn_msg)
[I 2025-08-03 11:41:41,000] Trial 9 finished with value: 0.8317962328894274 and parameters: {'n_d': 47, 'n_a': 33, 'n_steps': 7, 'gamma': 1.7248625396535275, 'lambda_sparse': 0.0016976532060372887, 'lr': 0.0018852309367576186, 'weight_decay': 5.3254559456961066e-05}. Best is trial 6 with value: 0.913821260571723.
/work/dlclarge2/alidemaa-dl_lab/automl/automl-exam-ss25-tabular-freiburg-template/automl-tabular-env/lib/python3.10/site-packages/pytorch_tabnet/callbacks.py:172: UserWarning: Best weights from best epoch are automatically used!
  warnings.warn(wrn_msg)
[I 2025-08-03 11:43:00,798] Trial 10 finished with value: 0.9193339950792876 and parameters: {'n_d': 61, 'n_a': 44, 'n_steps': 5, 'gamma': 1.029665037780293, 'lambda_sparse': 4.394606065659415e-05, 'lr': 0.007411987299673224, 'weight_decay': 7.5326022198934285e-06}. Best is trial 10 with value: 0.9193339950792876.
/work/dlclarge2/alidemaa-dl_lab/automl/automl-exam-ss25-tabular-freiburg-template/automl-tabular-env/lib/python3.10/site-packages/pytorch_tabnet/callbacks.py:172: UserWarning: Best weights from best epoch are automatically used!
  warnings.warn(wrn_msg)
[I 2025-08-03 11:44:19,041] Trial 11 finished with value: 0.9235006852176834 and parameters: {'n_d': 62, 'n_a': 46, 'n_steps': 5, 'gamma': 1.1173775673851412, 'lambda_sparse': 4.309248069550836e-05, 'lr': 0.0075301403391579294, 'weight_decay': 7.308952545089108e-06}. Best is trial 11 with value: 0.9235006852176834.
/work/dlclarge2/alidemaa-dl_lab/automl/automl-exam-ss25-tabular-freiburg-template/automl-tabular-env/lib/python3.10/site-packages/pytorch_tabnet/callbacks.py:172: UserWarning: Best weights from best epoch are automatically used!
  warnings.warn(wrn_msg)
[I 2025-08-03 11:45:14,922] Trial 12 finished with value: 0.9267403698328888 and parameters: {'n_d': 64, 'n_a': 44, 'n_steps': 4, 'gamma': 1.0084587838434027, 'lambda_sparse': 4.914340915636328e-05, 'lr': 0.01642668022789453, 'weight_decay': 9.221068491537229e-06}. Best is trial 12 with value: 0.9267403698328888.
/work/dlclarge2/alidemaa-dl_lab/automl/automl-exam-ss25-tabular-freiburg-template/automl-tabular-env/lib/python3.10/site-packages/pytorch_tabnet/callbacks.py:172: UserWarning: Best weights from best epoch are automatically used!
  warnings.warn(wrn_msg)
[I 2025-08-03 11:46:11,729] Trial 13 finished with value: 0.9298408491234655 and parameters: {'n_d': 11, 'n_a': 61, 'n_steps': 4, 'gamma': 1.0087275878506026, 'lambda_sparse': 5.259259028900975e-05, 'lr': 0.017937881074797477, 'weight_decay': 1.0202312111539355e-05}. Best is trial 13 with value: 0.9298408491234655.
/work/dlclarge2/alidemaa-dl_lab/automl/automl-exam-ss25-tabular-freiburg-template/automl-tabular-env/lib/python3.10/site-packages/pytorch_tabnet/callbacks.py:172: UserWarning: Best weights from best epoch are automatically used!
  warnings.warn(wrn_msg)
[I 2025-08-03 11:46:43,516] Trial 14 finished with value: 0.8218189733812942 and parameters: {'n_d': 9, 'n_a': 64, 'n_steps': 4, 'gamma': 1.2079766249362502, 'lambda_sparse': 7.791909564743483e-05, 'lr': 0.025393740174145123, 'weight_decay': 1.2937095276171823e-05}. Best is trial 13 with value: 0.9298408491234655.
/work/dlclarge2/alidemaa-dl_lab/automl/automl-exam-ss25-tabular-freiburg-template/automl-tabular-env/lib/python3.10/site-packages/pytorch_tabnet/callbacks.py:172: UserWarning: Best weights from best epoch are automatically used!
  warnings.warn(wrn_msg)
[I 2025-08-03 11:46:57,984] Trial 15 finished with value: -0.5005701733102517 and parameters: {'n_d': 9, 'n_a': 64, 'n_steps': 4, 'gamma': 1.224493204512374, 'lambda_sparse': 0.000306075130822937, 'lr': 0.032642915822976924, 'weight_decay': 1.8284995497635145e-05}. Best is trial 13 with value: 0.9298408491234655.
/work/dlclarge2/alidemaa-dl_lab/automl/automl-exam-ss25-tabular-freiburg-template/automl-tabular-env/lib/python3.10/site-packages/pytorch_tabnet/callbacks.py:172: UserWarning: Best weights from best epoch are automatically used!
  warnings.warn(wrn_msg)
[I 2025-08-03 11:47:51,702] Trial 16 finished with value: 0.9279122055133376 and parameters: {'n_d': 28, 'n_a': 57, 'n_steps': 4, 'gamma': 1.0002561789592752, 'lambda_sparse': 4.022235818308071e-05, 'lr': 0.01405693551273333, 'weight_decay': 0.00011896668435663808}. Best is trial 13 with value: 0.9298408491234655.
/work/dlclarge2/alidemaa-dl_lab/automl/automl-exam-ss25-tabular-freiburg-template/automl-tabular-env/lib/python3.10/site-packages/pytorch_tabnet/callbacks.py:172: UserWarning: Best weights from best epoch are automatically used!
  warnings.warn(wrn_msg)
[I 2025-08-03 11:48:39,344] Trial 17 finished with value: 0.9196824969608557 and parameters: {'n_d': 23, 'n_a': 57, 'n_steps': 3, 'gamma': 1.2494899314271284, 'lambda_sparse': 1.0415794667849566e-05, 'lr': 0.003485230142662672, 'weight_decay': 0.0001495963615108577}. Best is trial 13 with value: 0.9298408491234655.
/work/dlclarge2/alidemaa-dl_lab/automl/automl-exam-ss25-tabular-freiburg-template/automl-tabular-env/lib/python3.10/site-packages/pytorch_tabnet/callbacks.py:172: UserWarning: Best weights from best epoch are automatically used!
  warnings.warn(wrn_msg)
[I 2025-08-03 11:50:17,964] Trial 18 finished with value: 0.9311710099189204 and parameters: {'n_d': 31, 'n_a': 54, 'n_steps': 7, 'gamma': 1.105694963087292, 'lambda_sparse': 2.5848476063052356e-05, 'lr': 0.013289732501290443, 'weight_decay': 0.00019894146005291892}. Best is trial 18 with value: 0.9311710099189204.
/work/dlclarge2/alidemaa-dl_lab/automl/automl-exam-ss25-tabular-freiburg-template/automl-tabular-env/lib/python3.10/site-packages/pytorch_tabnet/callbacks.py:172: UserWarning: Best weights from best epoch are automatically used!
  warnings.warn(wrn_msg)
